#
# There is insufficient memory for the Java Runtime Environment to continue.
# Native memory allocation (mmap) failed to map 32768 bytes for committing reserved memory.
# Possible reasons:
#   The system is out of physical RAM or swap space
#   In 32 bit mode, the process size limit was hit
# Possible solutions:
#   Reduce memory load on the system
#   Increase physical memory or swap space
#   Check if swap backing store is full
#   Use 64 bit Java on a 64 bit OS
#   Decrease Java heap size (-Xmx/-Xms)
#   Decrease number of Java threads
#   Decrease Java thread stack sizes (-Xss)
#   Set larger code cache with -XX:ReservedCodeCacheSize=
# This output file may be truncated or incomplete.
#
#  Out of Memory Error (os_linux.cpp:2643), pid=20919, tid=0x632aeb40
#
# JRE version: OpenJDK Runtime Environment (8.0_151-b12) (build 1.8.0_151-8u151-b12-0ubuntu0.16.04.2-b12)
# Java VM: OpenJDK Server VM (25.151-b12 mixed mode linux-x86 )
# Failed to write core dump. Core dumps have been disabled. To enable core dumping, try "ulimit -c unlimited" before starting Java again
#

---------------  T H R E A D  ---------------

Current thread (0x637a3c00):  JavaThread "C2 CompilerThread0" daemon [_thread_in_vm, id=21017, stack(0x6322e000,0x632af000)]

Stack: [0x6322e000,0x632af000],  sp=0x632ac8a0,  free space=506k
Native frames: (J=compiled Java code, j=interpreted, Vv=VM code, C=native code)
V  [libjvm.so+0x8d6834]
V  [libjvm.so+0x3a7c76]
V  [libjvm.so+0x7420c0]
V  [libjvm.so+0x73c013]
V  [libjvm.so+0x8d3264]
V  [libjvm.so+0x4ba943]
V  [libjvm.so+0x335e73]
V  [libjvm.so+0x3303aa]
V  [libjvm.so+0x334a2a]
V  [libjvm.so+0x753dbd]
V  [libjvm.so+0x75abbf]
V  [libjvm.so+0x352a09]
V  [libjvm.so+0x355bdb]
V  [libjvm.so+0x2ad730]
V  [libjvm.so+0x360d41]
V  [libjvm.so+0x3624fa]
V  [libjvm.so+0x878977]
V  [libjvm.so+0x88198b]
V  [libjvm.so+0x881e5e]
V  [libjvm.so+0x73f2b5]
C  [libpthread.so.0+0x6295]  start_thread+0xe5
C  [libc.so.6+0xe70ae]  clone+0x6e


Current CompileTask:
C2:   9642 2910   !   4       sun.nio.cs.StreamDecoder::read (196 bytes)


---------------  P R O C E S S  ---------------

Java Threads: ( => current thread )
  0x637aa400 JavaThread "Service Thread" daemon [_thread_blocked, id=21024, stack(0x630db000,0x6312c000)]
  0x637a7000 JavaThread "C1 CompilerThread2" daemon [_thread_in_vm, id=21021, stack(0x6312c000,0x631ad000)]
  0x637a5c00 JavaThread "C2 CompilerThread1" daemon [_thread_in_native, id=21019, stack(0x631ad000,0x6322e000)]
=>0x637a3c00 JavaThread "C2 CompilerThread0" daemon [_thread_in_vm, id=21017, stack(0x6322e000,0x632af000)]
  0x637a2400 JavaThread "Signal Dispatcher" daemon [_thread_blocked, id=21015, stack(0x632af000,0x63300000)]
  0x63788400 JavaThread "Finalizer" daemon [_thread_blocked, id=21013, stack(0x63813000,0x63864000)]
  0x63785800 JavaThread "Reference Handler" daemon [_thread_blocked, id=21009, stack(0x6642e000,0x6647f000)]
  0xb6207800 JavaThread "main" [_thread_blocked, id=20991, stack(0xb633e000,0xb638f000)]

Other Threads:
  0x63781000 VMThread [stack: 0x63864000,0x638e5000] [id=21006]
  0x637ac000 WatcherThread [stack: 0x6305a000,0x630db000] [id=21027]

VM state:not at safepoint (normal execution)

VM Mutex/Monitor currently owned by a thread:  ([mutex/lock_event])
[0xb62044a8] CodeCache_lock - owner thread: 0x637a3c00
[0xb62056f0] Compile_lock - owner thread: 0x637a7000
[0xb62057c0] MethodCompileQueue_lock - owner thread: 0x637a7000

Heap:
 PSYoungGen      total 71680K, used 67760K [0x916c0000, 0x963c0000, 0xa6c00000)
  eden space 66048K, 94% used [0x916c0000,0x953d44b8,0x95740000)
  from space 5632K, 92% used [0x95d40000,0x96257cf0,0x962c0000)
  to   space 6144K, 0% used [0x95740000,0x95740000,0x95d40000)
 ParOldGen       total 43776K, used 6446K [0x66c00000, 0x696c0000, 0x916c0000)
  object space 43776K, 14% used [0x66c00000,0x6724b940,0x696c0000)
 Metaspace       used 11045K, capacity 11165K, committed 11288K, reserved 11568K

Card table byte_map: [0x669ff000,0x66c00000] byte_map_base: 0x666c9000

Marking Bits: (ParMarkBitMap*) 0xb70b4880
 Begin Bits: [0x64300000, 0x65300000)
 End Bits:   [0x65300000, 0x66300000)

Polling page: 0xb76c1000

CodeCache: size=245760Kb used=8265Kb max_used=8265Kb free=237494Kb
 bounds [0xa71ad000, 0xa79c5000, 0xb61ad000]
 total_blobs=3121 nmethods=2938 adapters=95
 compilation: enabled

Compilation events (10 events):
Event: 9.585 Thread 0x637a7000 nmethod 2955 0xa79bc008 code [0xa79bc2e0, 0xa79bce6c]
Event: 9.586 Thread 0x637a7000 2956       2       java.io.BufferedReader::<init> (9 bytes)
Event: 9.587 Thread 0x637a7000 nmethod 2956 0xa79bdb08 code [0xa79bdc20, 0xa79bdd0c]
Event: 9.587 Thread 0x637a7000 2957       2       org.apache.maven.model.io.xpp3.MavenXpp3Reader::parseContributor (482 bytes)
Event: 9.601 Thread 0x637a7000 nmethod 2957 0xa79bdd88 code [0xa79be200, 0xa79bf32c]
Event: 9.605 Thread 0x637a7000 2958       2       org.eclipse.aether.internal.impl.DefaultDependencyCollector::doRecurse (233 bytes)
Event: 9.610 Thread 0x637a7000 nmethod 2958 0xa79c0c88 code [0xa79c0e80, 0xa79c14e4]
Event: 9.612 Thread 0x637a7000 2959       2       java.io.StringReader::<init> (28 bytes)
Event: 9.613 Thread 0x637a7000 nmethod 2959 0xa79c1fc8 code [0xa79c20e0, 0xa79c2200]
Event: 9.630 Thread 0x637a7000 2961       2       java.util.regex.Pattern$BnM::match (161 bytes)

GC Heap History (10 events):
Event: 4.310 GC heap before
{Heap before GC invocations=2 (full 0):
 PSYoungGen      total 19200K, used 19198K [0x916c0000, 0x92c00000, 0xa6c00000)
  eden space 16640K, 100% used [0x916c0000,0x92700000,0x92700000)
  from space 2560K, 99% used [0x92700000,0x9297f8e0,0x92980000)
  to   space 2560K, 0% used [0x92980000,0x92980000,0x92c00000)
 ParOldGen       total 43776K, used 809K [0x66c00000, 0x696c0000, 0x916c0000)
  object space 43776K, 1% used [0x66c00000,0x66cca580,0x696c0000)
 Metaspace       used 5308K, capacity 5354K, committed 5400K, reserved 5424K
Event: 4.315 GC heap after
Heap after GC invocations=2 (full 0):
 PSYoungGen      total 19200K, used 2557K [0x916c0000, 0x92c00000, 0xa6c00000)
  eden space 16640K, 0% used [0x916c0000,0x916c0000,0x92700000)
  from space 2560K, 99% used [0x92980000,0x92bff4c8,0x92c00000)
  to   space 2560K, 0% used [0x92700000,0x92700000,0x92980000)
 ParOldGen       total 43776K, used 871K [0x66c00000, 0x696c0000, 0x916c0000)
  object space 43776K, 1% used [0x66c00000,0x66cd9ea8,0x696c0000)
 Metaspace       used 5308K, capacity 5354K, committed 5400K, reserved 5424K
}
Event: 4.743 GC heap before
{Heap before GC invocations=3 (full 0):
 PSYoungGen      total 19200K, used 19197K [0x916c0000, 0x92c00000, 0xa6c00000)
  eden space 16640K, 100% used [0x916c0000,0x92700000,0x92700000)
  from space 2560K, 99% used [0x92980000,0x92bff4c8,0x92c00000)
  to   space 2560K, 0% used [0x92700000,0x92700000,0x92980000)
 ParOldGen       total 43776K, used 871K [0x66c00000, 0x696c0000, 0x916c0000)
  object space 43776K, 1% used [0x66c00000,0x66cd9ea8,0x696c0000)
 Metaspace       used 6662K, capacity 6743K, committed 6808K, reserved 7472K
Event: 4.755 GC heap after
Heap after GC invocations=3 (full 0):
 PSYoungGen      total 19200K, used 2551K [0x916c0000, 0x93c40000, 0xa6c00000)
  eden space 16640K, 0% used [0x916c0000,0x916c0000,0x92700000)
  from space 2560K, 99% used [0x92700000,0x9297dc08,0x92980000)
  to   space 2560K, 0% used [0x939c0000,0x939c0000,0x93c40000)
 ParOldGen       total 43776K, used 2260K [0x66c00000, 0x696c0000, 0x916c0000)
  object space 43776K, 5% used [0x66c00000,0x66e351b0,0x696c0000)
 Metaspace       used 6662K, capacity 6743K, committed 6808K, reserved 7472K
}
Event: 5.281 GC heap before
{Heap before GC invocations=4 (full 0):
 PSYoungGen      total 19200K, used 19191K [0x916c0000, 0x93c40000, 0xa6c00000)
  eden space 16640K, 100% used [0x916c0000,0x92700000,0x92700000)
  from space 2560K, 99% used [0x92700000,0x9297dc08,0x92980000)
  to   space 2560K, 0% used [0x939c0000,0x939c0000,0x93c40000)
 ParOldGen       total 43776K, used 2260K [0x66c00000, 0x696c0000, 0x916c0000)
  object space 43776K, 5% used [0x66c00000,0x66e351b0,0x696c0000)
 Metaspace       used 8094K, capacity 8190K, committed 8344K, reserved 8496K
Event: 5.305 GC heap after
Heap after GC invocations=4 (full 0):
 PSYoungGen      total 35840K, used 2544K [0x916c0000, 0x93c40000, 0xa6c00000)
  eden space 33280K, 0% used [0x916c0000,0x916c0000,0x93740000)
  from space 2560K, 99% used [0x939c0000,0x93c3c060,0x93c40000)
  to   space 2560K, 0% used [0x93740000,0x93740000,0x939c0000)
 ParOldGen       total 43776K, used 4370K [0x66c00000, 0x696c0000, 0x916c0000)
  object space 43776K, 9% used [0x66c00000,0x67044b68,0x696c0000)
 Metaspace       used 8094K, capacity 8190K, committed 8344K, reserved 8496K
}
Event: 6.587 GC heap before
{Heap before GC invocations=5 (full 0):
 PSYoungGen      total 35840K, used 35824K [0x916c0000, 0x93c40000, 0xa6c00000)
  eden space 33280K, 100% used [0x916c0000,0x93740000,0x93740000)
  from space 2560K, 99% used [0x939c0000,0x93c3c060,0x93c40000)
  to   space 2560K, 0% used [0x93740000,0x93740000,0x939c0000)
 ParOldGen       total 43776K, used 4370K [0x66c00000, 0x696c0000, 0x916c0000)
  object space 43776K, 9% used [0x66c00000,0x67044b68,0x696c0000)
 Metaspace       used 9995K, capacity 10075K, committed 10136K, reserved 10544K
Event: 6.605 GC heap after
Heap after GC invocations=5 (full 0):
 PSYoungGen      total 35840K, used 2544K [0x916c0000, 0x962c0000, 0xa6c00000)
  eden space 33280K, 0% used [0x916c0000,0x916c0000,0x93740000)
  from space 2560K, 99% used [0x93740000,0x939bc060,0x939c0000)
  to   space 5632K, 0% used [0x95d40000,0x95d40000,0x962c0000)
 ParOldGen       total 43776K, used 6442K [0x66c00000, 0x696c0000, 0x916c0000)
  object space 43776K, 14% used [0x66c00000,0x6724a940,0x696c0000)
 Metaspace       used 9995K, capacity 10075K, committed 10136K, reserved 10544K
}
Event: 7.654 GC heap before
{Heap before GC invocations=6 (full 0):
 PSYoungGen      total 35840K, used 35824K [0x916c0000, 0x962c0000, 0xa6c00000)
  eden space 33280K, 100% used [0x916c0000,0x93740000,0x93740000)
  from space 2560K, 99% used [0x93740000,0x939bc060,0x939c0000)
  to   space 5632K, 0% used [0x95d40000,0x95d40000,0x962c0000)
 ParOldGen       total 43776K, used 6442K [0x66c00000, 0x696c0000, 0x916c0000)
  object space 43776K, 14% used [0x66c00000,0x6724a940,0x696c0000)
 Metaspace       used 10774K, capacity 10892K, committed 11032K, reserved 11568K
Event: 7.671 GC heap after
Heap after GC invocations=6 (full 0):
 PSYoungGen      total 71680K, used 5215K [0x916c0000, 0x963c0000, 0xa6c00000)
  eden space 66048K, 0% used [0x916c0000,0x916c0000,0x95740000)
  from space 5632K, 92% used [0x95d40000,0x96257cf0,0x962c0000)
  to   space 6144K, 0% used [0x95740000,0x95740000,0x95d40000)
 ParOldGen       total 43776K, used 6446K [0x66c00000, 0x696c0000, 0x916c0000)
  object space 43776K, 14% used [0x66c00000,0x6724b940,0x696c0000)
 Metaspace       used 10774K, capacity 10892K, committed 11032K, reserved 11568K
}

Deoptimization events (10 events):
Event: 7.208 Thread 0xb6207800 Uncommon trap: reason=class_check action=maybe_recompile pc=0xa768b92c method=java.util.regex.Pattern$CharProperty$1.isSatisfiedBy(I)Z @ 5
Event: 7.208 Thread 0xb6207800 Uncommon trap: reason=class_check action=maybe_recompile pc=0xa768b92c method=java.util.regex.Pattern$CharProperty$1.isSatisfiedBy(I)Z @ 5
Event: 7.375 Thread 0xb6207800 Uncommon trap: reason=unstable_if action=reinterpret pc=0xa77322dc method=org.codehaus.plexus.util.xml.pull.MXParser.nextImpl()I @ 280
Event: 7.941 Thread 0xb6207800 Uncommon trap: reason=unstable_if action=reinterpret pc=0xa7879c8c method=java.lang.String.regionMatches(ZILjava/lang/String;II)Z @ 25
Event: 8.064 Thread 0xb6207800 Uncommon trap: reason=unstable_if action=reinterpret pc=0xa775f068 method=java.util.LinkedHashMap.afterNodeInsertion(Z)V @ 18
Event: 8.558 Thread 0xb6207800 Uncommon trap: reason=speculate_class_check action=maybe_recompile pc=0xa7885fc4 method=java.nio.charset.CharsetDecoder.decode(Ljava/nio/ByteBuffer;Ljava/nio/CharBuffer;Z)Ljava/nio/charset/CoderResult; @ 57
Event: 8.563 Thread 0xb6207800 Uncommon trap: reason=speculate_class_check action=maybe_recompile pc=0xa7885fc4 method=java.nio.charset.CharsetDecoder.decode(Ljava/nio/ByteBuffer;Ljava/nio/CharBuffer;Z)Ljava/nio/charset/CoderResult; @ 57
Event: 8.565 Thread 0xb6207800 Uncommon trap: reason=speculate_class_check action=maybe_recompile pc=0xa7885fc4 method=java.nio.charset.CharsetDecoder.decode(Ljava/nio/ByteBuffer;Ljava/nio/CharBuffer;Z)Ljava/nio/charset/CoderResult; @ 57
Event: 8.570 Thread 0xb6207800 Uncommon trap: reason=speculate_class_check action=maybe_recompile pc=0xa7885fc4 method=java.nio.charset.CharsetDecoder.decode(Ljava/nio/ByteBuffer;Ljava/nio/CharBuffer;Z)Ljava/nio/charset/CoderResult; @ 57
Event: 8.960 Thread 0xb6207800 Uncommon trap: reason=unstable_if action=reinterpret pc=0xa794a73c method=org.codehaus.plexus.util.xml.pull.MXParser.parseAttribute()C @ 995

Internal exceptions (10 events):
Event: 6.431 Thread 0xb6207800 Exception <a 'java/lang/NullPointerException'> (0x933a1dc0) thrown at [/build/openjdk-8-Y4imzb/openjdk-8-8u151-b12/src/hotspot/src/share/vm/interpreter/linkResolver.cpp, line 1183]
Event: 6.431 Thread 0xb6207800 Exception <a 'java/lang/NullPointerException'> (0x933a1fd0) thrown at [/build/openjdk-8-Y4imzb/openjdk-8-8u151-b12/src/hotspot/src/share/vm/interpreter/linkResolver.cpp, line 1183]
Event: 6.431 Thread 0xb6207800 Exception <a 'java/lang/NullPointerException'> (0x933a21e0) thrown at [/build/openjdk-8-Y4imzb/openjdk-8-8u151-b12/src/hotspot/src/share/vm/interpreter/linkResolver.cpp, line 1183]
Event: 6.432 Thread 0xb6207800 Exception <a 'java/lang/NullPointerException'> (0x933aa9b8) thrown at [/build/openjdk-8-Y4imzb/openjdk-8-8u151-b12/src/hotspot/src/share/vm/interpreter/linkResolver.cpp, line 1183]
Event: 6.432 Thread 0xb6207800 Exception <a 'java/lang/NullPointerException'> (0x933aabc8) thrown at [/build/openjdk-8-Y4imzb/openjdk-8-8u151-b12/src/hotspot/src/share/vm/interpreter/linkResolver.cpp, line 1183]
Event: 6.432 Thread 0xb6207800 Exception <a 'java/lang/NullPointerException'> (0x933aadd8) thrown at [/build/openjdk-8-Y4imzb/openjdk-8-8u151-b12/src/hotspot/src/share/vm/interpreter/linkResolver.cpp, line 1183]
Event: 6.990 Thread 0xb6207800 Implicit null exception at 0xa73d3e7e to 0xa73d4015
Event: 7.058 Thread 0xb6207800 Implicit null exception at 0xa772dc8b to 0xa772e391
Event: 7.172 Thread 0xb6207800 Implicit null exception at 0xa7655e83 to 0xa765621d
Event: 7.173 Thread 0xb6207800 Implicit null exception at 0xa7408aff to 0xa7408e45

Events (10 events):
Event: 8.983 Thread 0xb6207800 DEOPT PACKING pc=0xa77ab38d sp=0xb638c820
Event: 8.983 Thread 0xb6207800 DEOPT UNPACKING pc=0xa71e95d0 sp=0xb638c73c mode 0
Event: 8.985 Thread 0xb6207800 DEOPT PACKING pc=0xa77ab38d sp=0xb638c860
Event: 8.985 Thread 0xb6207800 DEOPT UNPACKING pc=0xa71e95d0 sp=0xb638c77c mode 0
Event: 8.986 Thread 0xb6207800 DEOPT PACKING pc=0xa77ab38d sp=0xb638c860
Event: 8.986 Thread 0xb6207800 DEOPT UNPACKING pc=0xa71e95d0 sp=0xb638c77c mode 0
Event: 8.987 Thread 0xb6207800 DEOPT PACKING pc=0xa77ab38d sp=0xb638c940
Event: 8.987 Thread 0xb6207800 DEOPT UNPACKING pc=0xa71e95d0 sp=0xb638c85c mode 0
Event: 8.987 Thread 0xb6207800 DEOPT PACKING pc=0xa77ab38d sp=0xb638c900
Event: 8.988 Thread 0xb6207800 DEOPT UNPACKING pc=0xa71e95d0 sp=0xb638c81c mode 0


Dynamic libraries:
08048000-08049000 r-xp 00000000 08:01 1693306    /usr/lib/jvm/java-8-openjdk-i386/jre/bin/java
08049000-0804a000 r--p 00000000 08:01 1693306    /usr/lib/jvm/java-8-openjdk-i386/jre/bin/java
0804a000-0804b000 rw-p 00001000 08:01 1693306    /usr/lib/jvm/java-8-openjdk-i386/jre/bin/java
09497000-09536000 rw-p 00000000 00:00 0          [heap]
5f500000-5f5f9000 rw-p 00000000 00:00 0 
5f5f9000-5f600000 ---p 00000000 00:00 0 
5f700000-5f729000 rw-p 00000000 00:00 0 
5f729000-5f800000 ---p 00000000 00:00 0 
5f900000-5f9a8000 rw-p 00000000 00:00 0 
5f9a8000-5fa00000 ---p 00000000 00:00 0 
5fa00000-5fafd000 rw-p 00000000 00:00 0 
5fafd000-5fb00000 ---p 00000000 00:00 0 
5fb00000-5fbf2000 rw-p 00000000 00:00 0 
5fbf2000-5fc00000 ---p 00000000 00:00 0 
5fc00000-5fce2000 rw-p 00000000 00:00 0 
5fce2000-5fd00000 ---p 00000000 00:00 0 
5fd00000-5fdfe000 rw-p 00000000 00:00 0 
5fdfe000-5fe00000 ---p 00000000 00:00 0 
5fe00000-5fefd000 rw-p 00000000 00:00 0 
5fefd000-5ff00000 ---p 00000000 00:00 0 
5ffff000-61cc0000 rw-p 00000000 00:00 0 
61cc0000-61d00000 ---p 00000000 00:00 0 
61d00000-61e00000 rw-p 00000000 00:00 0 
61e00000-61efb000 rw-p 00000000 00:00 0 
61efb000-61f00000 ---p 00000000 00:00 0 
61f00000-62000000 rw-p 00000000 00:00 0 
62000000-62100000 rw-p 00000000 00:00 0 
62100000-621ce000 rw-p 00000000 00:00 0 
621ce000-62200000 ---p 00000000 00:00 0 
62200000-62300000 rw-p 00000000 00:00 0 
62300000-62400000 rw-p 00000000 00:00 0 
62400000-62500000 rw-p 00000000 00:00 0 
62500000-62600000 rw-p 00000000 00:00 0 
62600000-626fd000 rw-p 00000000 00:00 0 
626fd000-62700000 ---p 00000000 00:00 0 
62700000-627ff000 rw-p 00000000 00:00 0 
627ff000-62800000 ---p 00000000 00:00 0 
62800000-62900000 rw-p 00000000 00:00 0 
62900000-62a00000 rw-p 00000000 00:00 0 
62a00000-62b00000 rw-p 00000000 00:00 0 
62b00000-62c00000 rw-p 00000000 00:00 0 
62c00000-62cfa000 rw-p 00000000 00:00 0 
62cfa000-62d00000 ---p 00000000 00:00 0 
62d00000-62dfe000 rw-p 00000000 00:00 0 
62dfe000-62e00000 ---p 00000000 00:00 0 
62e8a000-62e9b000 r-xp 00000000 08:01 1693283    /usr/lib/jvm/java-8-openjdk-i386/jre/lib/i386/libnio.so
62e9b000-62e9c000 r--p 00010000 08:01 1693283    /usr/lib/jvm/java-8-openjdk-i386/jre/lib/i386/libnio.so
62e9c000-62e9d000 rw-p 00011000 08:01 1693283    /usr/lib/jvm/java-8-openjdk-i386/jre/lib/i386/libnio.so
62e9d000-62eb3000 r-xp 00000000 08:01 1693270    /usr/lib/jvm/java-8-openjdk-i386/jre/lib/i386/libnet.so
62eb3000-62eb4000 r--p 00015000 08:01 1693270    /usr/lib/jvm/java-8-openjdk-i386/jre/lib/i386/libnet.so
62eb4000-62eb5000 rw-p 00016000 08:01 1693270    /usr/lib/jvm/java-8-openjdk-i386/jre/lib/i386/libnet.so
62eb5000-62eba000 r--s 0009a000 08:01 1693288    /usr/lib/jvm/java-8-openjdk-i386/jre/lib/jsse.jar
62eba000-62ec7000 r--s 0008d000 08:01 1149531    /usr/share/java/maven3-core-3.3.9.jar
62ec7000-62ec8000 r--s 00001000 08:01 1149511    /usr/share/java/wagon-file-2.x.jar
62ec8000-62ecb000 r--s 00007000 08:01 1149537    /usr/share/java/maven3-settings-builder-3.3.9.jar
62ecb000-62ecd000 r--s 0000d000 08:01 1149536    /usr/share/java/maven3-aether-provider-3.3.9.jar
62ecd000-62ed4000 r--s 0002c000 08:01 1149509    /usr/share/java/sisu-plexus.jar
62ed4000-62f00000 r--s 00208000 08:01 1148516    /usr/share/java/guava.jar
62f00000-62ffd000 rw-p 00000000 00:00 0 
62ffd000-63000000 ---p 00000000 00:00 0 
63000000-63004000 r--s 00027000 08:01 1145546    /usr/share/java/commons-io-2.4.jar
63004000-6300c000 r--s 00054000 08:01 1149507    /usr/share/java/sisu-inject.jar
6300c000-63013000 r--s 0005d000 08:01 1149254    /usr/share/java/commons-lang3.jar
63013000-63014000 r--s 00004000 08:01 1145398    /usr/share/java/atinject-jsr330-tck-1.0.jar
63014000-63016000 r--s 0000e000 08:01 1149271    /usr/share/java/plexus-interpolation.jar
63016000-63018000 r--s 00006000 08:01 1149372    /usr/share/java/eclipse-aether-spi.jar
63018000-6301c000 r--s 00027000 08:01 1149367    /usr/share/java/eclipse-aether-impl.jar
6301c000-6301e000 r--s 00005000 08:01 1149373    /usr/share/java/eclipse-aether-transport-wagon.jar
6301e000-63020000 r--s 00001000 08:01 1149403    /usr/share/java/aopalliance-1.0.jar
63020000-63022000 r--s 00001000 08:01 1149538    /usr/share/java/maven3-builder-support-3.3.9.jar
63022000-63027000 r--s 0001d000 08:01 1149374    /usr/share/java/eclipse-aether-api.jar
63027000-63029000 r--s 00002000 08:01 1149449    /usr/share/java/plexus-cipher.jar
63029000-6305a000 r--s 00207000 08:01 1149515    /usr/share/java/wagon-http-shaded-2.x.jar
6305a000-6305b000 ---p 00000000 00:00 0 
6305b000-630db000 rw-p 00000000 00:00 0 
630db000-630de000 ---p 00000000 00:00 0 
630de000-6312c000 rw-p 00000000 00:00 0 
6312c000-6312f000 ---p 00000000 00:00 0 
6312f000-631ad000 rw-p 00000000 00:00 0 
631ad000-631b0000 ---p 00000000 00:00 0 
631b0000-6322e000 rw-p 00000000 00:00 0 
6322e000-63231000 ---p 00000000 00:00 0 
63231000-632af000 rw-p 00000000 00:00 0 
632af000-632b2000 ---p 00000000 00:00 0 
632b2000-63300000 rw-p 00000000 00:00 0 
63300000-63500000 r--p 00000000 08:01 1110568    /usr/lib/locale/locale-archive
63500000-635fc000 rw-p 00000000 00:00 0 
635fc000-63600000 ---p 00000000 00:00 0 
63600000-63621000 rw-p 00000000 00:00 0 
63621000-63700000 ---p 00000000 00:00 0 
63700000-637fc000 rw-p 00000000 00:00 0 
637fc000-63800000 ---p 00000000 00:00 0 
63800000-63801000 r--s 00008000 08:01 1149370    /usr/share/java/eclipse-aether-connector-basic.jar
63801000-63802000 r--s 00002000 08:01 1149066    /usr/share/java/slf4j-simple.jar
63802000-63804000 r--s 00013000 08:01 1149534    /usr/share/java/maven3-embedder-3.3.9.jar
63804000-63806000 r--s 00027000 08:01 1149535    /usr/share/java/maven3-model-3.3.9.jar
63806000-63808000 r--s 0000a000 08:01 1147016    /usr/share/java/commons-cli-1.3.1.jar
63808000-6380a000 r--s 0000a000 08:01 1149512    /usr/share/java/wagon-provider-api-2.x.jar
6380a000-6380d000 r--s 0000a000 08:01 1149539    /usr/share/java/maven3-artifact-3.3.9.jar
6380d000-63811000 r--s 00020000 08:01 1149392    /usr/share/java/eclipse-aether-util.jar
63811000-63813000 r--s 00007000 08:01 1149069    /usr/share/java/slf4j-api.jar
63813000-63816000 ---p 00000000 00:00 0 
63816000-63864000 rw-p 00000000 00:00 0 
63864000-63865000 ---p 00000000 00:00 0 
63865000-638e5000 rw-p 00000000 00:00 0 
638e5000-63ab4000 r--s 03c21000 08:01 1693223    /usr/lib/jvm/java-8-openjdk-i386/jre/lib/rt.jar
63ab4000-63efa000 rw-p 00000000 00:00 0 
63efa000-63f00000 ---p 00000000 00:00 0 
63f00000-66300000 rw-p 00000000 00:00 0 
66300000-663fe000 rw-p 00000000 00:00 0 
663fe000-66400000 ---p 00000000 00:00 0 
66400000-66401000 r--s 00006000 08:01 1149532    /usr/share/java/maven3-repository-metadata-3.3.9.jar
66401000-66402000 r--s 0000a000 08:01 1149528    /usr/share/java/maven3-settings-3.3.9.jar
66402000-66406000 r--s 00038000 08:01 1149495    /usr/share/java/plexus-utils2.jar
66406000-6640c000 r--s 00048000 08:01 1149288    /usr/share/java/jsoup.jar
6640c000-6640e000 r--s 0000a000 08:01 1149529    /usr/share/java/maven3-plugin-api-3.3.9.jar
6640e000-66413000 r--s 00025000 08:01 1149533    /usr/share/java/maven3-model-builder-3.3.9.jar
66413000-6642e000 r--s 00394000 08:01 1693228    /usr/lib/jvm/java-8-openjdk-i386/jre/lib/ext/cldrdata.jar
6642e000-66431000 ---p 00000000 00:00 0 
66431000-6647f000 rw-p 00000000 00:00 0 
6647f000-66480000 ---p 00000000 00:00 0 
66480000-66500000 rw-p 00000000 00:00 0 
66500000-665fc000 rw-p 00000000 00:00 0 
665fc000-66600000 ---p 00000000 00:00 0 
66600000-66621000 rw-p 00000000 00:00 0 
66621000-66700000 ---p 00000000 00:00 0 
66700000-66701000 r--s 00001000 08:01 1149518    /usr/share/java/wagon-http-shared-2.x.jar
66701000-66706000 r--s 00040000 08:01 1145678    /usr/share/java/commons-lang-2.6.jar
66706000-66708000 r--s 00000000 08:01 1149499    /usr/share/java/plexus-component-annotations-1.5.jar
66708000-66716000 r--s 00095000 08:01 1149408    /usr/share/java/guice.jar
66716000-66731000 r--s 001d6000 08:01 1693230    /usr/lib/jvm/java-8-openjdk-i386/jre/lib/ext/nashorn.jar
66731000-6677f000 rw-p 00000000 00:00 0 
6677f000-66780000 ---p 00000000 00:00 0 
66780000-66800000 rw-p 00000000 00:00 0 
66800000-66821000 rw-p 00000000 00:00 0 
66821000-66900000 ---p 00000000 00:00 0 
66900000-66901000 r--s 00006000 08:01 1149451    /usr/share/java/plexus-sec-dispatcher.jar
66901000-66902000 r--s 00000000 08:01 1149240    /usr/share/java/geronimo-interceptor-3.0-spec-1.0.1.jar
66902000-66904000 r--s 00012000 08:01 1144777    /usr/share/java/el-api-3.0.jar
66904000-6690b000 r--s 00041000 08:01 1149530    /usr/share/java/maven3-compat-3.3.9.jar
6690b000-6697e000 rw-p 00000000 00:00 0 
6697e000-6697f000 ---p 00000000 00:00 0 
6697f000-66a15000 rw-p 00000000 00:00 0 
66a15000-66b54000 ---p 00000000 00:00 0 
66b54000-66b7b000 rw-p 00000000 00:00 0 
66b7b000-66bff000 ---p 00000000 00:00 0 
66bff000-696c0000 rw-p 00000000 00:00 0 
696c0000-916c0000 ---p 00000000 00:00 0 
916c0000-963c0000 rw-p 00000000 00:00 0 
963c0000-a6c00000 ---p 00000000 00:00 0 
a6c00000-a6c01000 r--s 00000000 08:01 1145399    /usr/share/java/atinject-jsr330-api-1.0.jar
a6c01000-a6c04000 r--s 00008000 08:01 1149246    /usr/share/java/cdi-api-1.0.jar
a6c04000-a6c06000 r--s 0000a000 08:01 1149493    /usr/share/java/plexus-classworlds2-2.5.2.jar
a6c06000-a6c0c000 r--s 0003a000 08:01 1693231    /usr/lib/jvm/java-8-openjdk-i386/jre/lib/ext/sunjce_provider.jar
a6c0c000-a6c16000 r--s 00116000 08:01 1693233    /usr/lib/jvm/java-8-openjdk-i386/jre/lib/ext/localedata.jar
a6c16000-a6c17000 ---p 00000000 00:00 0 
a6c17000-a6cad000 rw-p 00000000 00:00 0 
a6cad000-a6ded000 ---p 00000000 00:00 0 
a6ded000-a6e0e000 rw-p 00000000 00:00 0 
a6e0e000-a71ad000 ---p 00000000 00:00 0 
a71ad000-a79c5000 rwxp 00000000 00:00 0 
a79cd000-b61ad000 ---p 00000000 00:00 0 
b61ad000-b61b8000 r-xp 00000000 08:01 3402889    /lib/i386-linux-gnu/libnss_files-2.23.so
b61b8000-b61b9000 r--p 0000a000 08:01 3402889    /lib/i386-linux-gnu/libnss_files-2.23.so
b61b9000-b61ba000 rw-p 0000b000 08:01 3402889    /lib/i386-linux-gnu/libnss_files-2.23.so
b61ba000-b61c0000 rw-p 00000000 00:00 0 
b61c0000-b61cb000 r-xp 00000000 08:01 3402895    /lib/i386-linux-gnu/libnss_nis-2.23.so
b61cb000-b61cc000 r--p 0000a000 08:01 3402895    /lib/i386-linux-gnu/libnss_nis-2.23.so
b61cc000-b61cd000 rw-p 0000b000 08:01 3402895    /lib/i386-linux-gnu/libnss_nis-2.23.so
b61cd000-b61e4000 r-xp 00000000 08:01 3402652    /lib/i386-linux-gnu/libnsl-2.23.so
b61e4000-b61e5000 r--p 00016000 08:01 3402652    /lib/i386-linux-gnu/libnsl-2.23.so
b61e5000-b61e6000 rw-p 00017000 08:01 3402652    /lib/i386-linux-gnu/libnsl-2.23.so
b61e6000-b61e8000 rw-p 00000000 00:00 0 
b61e8000-b61ea000 r--s 00008000 08:01 1693232    /usr/lib/jvm/java-8-openjdk-i386/jre/lib/ext/sunec.jar
b61ea000-b61eb000 r--s 00010000 08:01 1693229    /usr/lib/jvm/java-8-openjdk-i386/jre/lib/ext/zipfs.jar
b61eb000-b61ee000 r--s 0000f000 08:01 1693227    /usr/lib/jvm/java-8-openjdk-i386/jre/lib/ext/icedtea-sound.jar
b61ee000-b61f6000 r-xp 00000000 08:01 1693277    /usr/lib/jvm/java-8-openjdk-i386/jre/lib/i386/libzip.so
b61f6000-b61f7000 r--p 00007000 08:01 1693277    /usr/lib/jvm/java-8-openjdk-i386/jre/lib/i386/libzip.so
b61f7000-b61f8000 rw-p 00008000 08:01 1693277    /usr/lib/jvm/java-8-openjdk-i386/jre/lib/i386/libzip.so
b61f8000-b6200000 rw-s 00000000 08:01 2577444    /tmp/hsperfdata_sarnobat/20919
b6200000-b62fb000 rw-p 00000000 00:00 0 
b62fb000-b6300000 ---p 00000000 00:00 0 
b6300000-b6302000 r--s 00001000 08:01 1693236    /usr/lib/jvm/java-8-openjdk-i386/jre/lib/ext/dnsns.jar
b6302000-b630a000 r-xp 00000000 08:01 3402720    /lib/i386-linux-gnu/libnss_compat-2.23.so
b630a000-b630b000 r--p 00007000 08:01 3402720    /lib/i386-linux-gnu/libnss_compat-2.23.so
b630b000-b630c000 rw-p 00008000 08:01 3402720    /lib/i386-linux-gnu/libnss_compat-2.23.so
b630c000-b6333000 r-xp 00000000 08:01 1693258    /usr/lib/jvm/java-8-openjdk-i386/jre/lib/i386/libjava.so
b6333000-b6334000 r--p 00026000 08:01 1693258    /usr/lib/jvm/java-8-openjdk-i386/jre/lib/i386/libjava.so
b6334000-b6335000 rw-p 00027000 08:01 1693258    /usr/lib/jvm/java-8-openjdk-i386/jre/lib/i386/libjava.so
b6335000-b633c000 r-xp 00000000 08:01 3402905    /lib/i386-linux-gnu/librt-2.23.so
b633c000-b633d000 r--p 00006000 08:01 3402905    /lib/i386-linux-gnu/librt-2.23.so
b633d000-b633e000 rw-p 00007000 08:01 3402905    /lib/i386-linux-gnu/librt-2.23.so
b633e000-b6341000 ---p 00000000 00:00 0 
b6341000-b638f000 rw-p 00000000 00:00 0 
b638f000-b63ab000 r-xp 00000000 08:01 3402590    /lib/i386-linux-gnu/libgcc_s.so.1
b63ab000-b63ac000 rw-p 0001b000 08:01 3402590    /lib/i386-linux-gnu/libgcc_s.so.1
b63ac000-b63ff000 r-xp 00000000 08:01 3402651    /lib/i386-linux-gnu/libm-2.23.so
b63ff000-b6400000 r--p 00052000 08:01 3402651    /lib/i386-linux-gnu/libm-2.23.so
b6400000-b6401000 rw-p 00053000 08:01 3402651    /lib/i386-linux-gnu/libm-2.23.so
b6401000-b656e000 r-xp 00000000 08:01 1104849    /usr/lib/i386-linux-gnu/libstdc++.so.6.0.21
b656e000-b656f000 ---p 0016d000 08:01 1104849    /usr/lib/i386-linux-gnu/libstdc++.so.6.0.21
b656f000-b6574000 r--p 0016d000 08:01 1104849    /usr/lib/i386-linux-gnu/libstdc++.so.6.0.21
b6574000-b6575000 rw-p 00172000 08:01 1104849    /usr/lib/i386-linux-gnu/libstdc++.so.6.0.21
b6575000-b6578000 rw-p 00000000 00:00 0 
b6578000-b7049000 r-xp 00000000 08:01 1693269    /usr/lib/jvm/java-8-openjdk-i386/jre/lib/i386/server/libjvm.so
b7049000-b708f000 r--p 00ad0000 08:01 1693269    /usr/lib/jvm/java-8-openjdk-i386/jre/lib/i386/server/libjvm.so
b708f000-b70a6000 rw-p 00b16000 08:01 1693269    /usr/lib/jvm/java-8-openjdk-i386/jre/lib/i386/server/libjvm.so
b70a6000-b74c6000 rw-p 00000000 00:00 0 
b74c6000-b74df000 r-xp 00000000 08:01 3402662    /lib/i386-linux-gnu/libpthread-2.23.so
b74df000-b74e0000 r--p 00018000 08:01 3402662    /lib/i386-linux-gnu/libpthread-2.23.so
b74e0000-b74e1000 rw-p 00019000 08:01 3402662    /lib/i386-linux-gnu/libpthread-2.23.so
b74e1000-b74e3000 rw-p 00000000 00:00 0 
b74e3000-b74e6000 r-xp 00000000 08:01 3402697    /lib/i386-linux-gnu/libdl-2.23.so
b74e6000-b74e7000 r--p 00002000 08:01 3402697    /lib/i386-linux-gnu/libdl-2.23.so
b74e7000-b74e8000 rw-p 00003000 08:01 3402697    /lib/i386-linux-gnu/libdl-2.23.so
b74e8000-b74e9000 rw-p 00000000 00:00 0 
b74e9000-b7502000 r-xp 00000000 08:01 3402741    /lib/i386-linux-gnu/libz.so.1.2.8
b7502000-b7503000 r--p 00018000 08:01 3402741    /lib/i386-linux-gnu/libz.so.1.2.8
b7503000-b7504000 rw-p 00019000 08:01 3402741    /lib/i386-linux-gnu/libz.so.1.2.8
b7504000-b76b4000 r-xp 00000000 08:01 3402663    /lib/i386-linux-gnu/libc-2.23.so
b76b4000-b76b6000 r--p 001af000 08:01 3402663    /lib/i386-linux-gnu/libc-2.23.so
b76b6000-b76b7000 rw-p 001b1000 08:01 3402663    /lib/i386-linux-gnu/libc-2.23.so
b76b7000-b76ba000 rw-p 00000000 00:00 0 
b76ba000-b76bb000 r--s 0000a000 08:01 1693235    /usr/lib/jvm/java-8-openjdk-i386/jre/lib/ext/jaccess.jar
b76bb000-b76bf000 r--s 00037000 08:01 1693234    /usr/lib/jvm/java-8-openjdk-i386/jre/lib/ext/sunpkcs11.jar
b76bf000-b76c0000 r--p 002d4000 08:01 1110568    /usr/lib/locale/locale-archive
b76c0000-b76c1000 rw-p 00000000 00:00 0 
b76c1000-b76c2000 r--p 00000000 00:00 0 
b76c2000-b76d0000 r-xp 00000000 08:01 1693275    /usr/lib/jvm/java-8-openjdk-i386/jre/lib/i386/libverify.so
b76d0000-b76d1000 r--p 0000d000 08:01 1693275    /usr/lib/jvm/java-8-openjdk-i386/jre/lib/i386/libverify.so
b76d1000-b76d2000 rw-p 0000e000 08:01 1693275    /usr/lib/jvm/java-8-openjdk-i386/jre/lib/i386/libverify.so
b76d2000-b76df000 r-xp 00000000 08:01 1693273    /usr/lib/jvm/java-8-openjdk-i386/jre/lib/i386/jli/libjli.so
b76df000-b76e0000 r--p 0000c000 08:01 1693273    /usr/lib/jvm/java-8-openjdk-i386/jre/lib/i386/jli/libjli.so
b76e0000-b76e1000 rw-p 0000d000 08:01 1693273    /usr/lib/jvm/java-8-openjdk-i386/jre/lib/i386/jli/libjli.so
b76e1000-b76e2000 rw-p 00000000 00:00 0 
b76e2000-b76e4000 r--p 00000000 00:00 0          [vvar]
b76e4000-b76e5000 r-xp 00000000 00:00 0          [vdso]
b76e5000-b7708000 r-xp 00000000 08:01 3402661    /lib/i386-linux-gnu/ld-2.23.so
b7708000-b7709000 r--p 00022000 08:01 3402661    /lib/i386-linux-gnu/ld-2.23.so
b7709000-b770a000 rw-p 00023000 08:01 3402661    /lib/i386-linux-gnu/ld-2.23.so
bfae0000-bfb01000 rw-p 00000000 00:00 0          [stack]

VM Arguments:
jvm_args: -Dclassworlds.conf=/usr/share/maven/bin/m2.conf -Dmaven.home=/usr/share/maven -Dmaven.multiModuleProjectDirectory=/home/sarnobat/github/maven_project 
java_command: org.codehaus.plexus.classworlds.launcher.Launcher --quiet --settings /home/sarnobat/sarnobat.git/mac/.m2/settings.xml install exec:java -Dexec.mainClass=Md5RoList -Dexec.args=4485
java_class_path (initial): /usr/share/maven/boot/plexus-classworlds-2.x.jar
Launcher Type: SUN_STANDARD

Environment Variables:
JAVA_HOME=/usr/lib/jvm/java-8-openjdk-i386
PATH=/usr/bin:/bin
SHELL=/bin/sh

Signal Handlers:
SIGSEGV: [libjvm.so+0x8d7370], sa_mask[0]=11111111011111111101111111111110, sa_flags=SA_RESTART|SA_SIGINFO
SIGBUS: [libjvm.so+0x8d7370], sa_mask[0]=11111111011111111101111111111110, sa_flags=SA_RESTART|SA_SIGINFO
SIGFPE: [libjvm.so+0x73d1c0], sa_mask[0]=11111111011111111101111111111110, sa_flags=SA_RESTART|SA_SIGINFO
SIGPIPE: [libjvm.so+0x73d1c0], sa_mask[0]=11111111011111111101111111111110, sa_flags=SA_RESTART|SA_SIGINFO
SIGXFSZ: [libjvm.so+0x73d1c0], sa_mask[0]=11111111011111111101111111111110, sa_flags=SA_RESTART|SA_SIGINFO
SIGILL: [libjvm.so+0x73d1c0], sa_mask[0]=11111111011111111101111111111110, sa_flags=SA_RESTART|SA_SIGINFO
SIGUSR1: SIG_DFL, sa_mask[0]=00000000000000000000000000000000, sa_flags=none
SIGUSR2: [libjvm.so+0x73d000], sa_mask[0]=00000000000000000000000000000000, sa_flags=SA_RESTART|SA_SIGINFO
SIGHUP: [libjvm.so+0x73d790], sa_mask[0]=11111111011111111101111111111110, sa_flags=SA_RESTART|SA_SIGINFO
SIGINT: [libjvm.so+0x73d790], sa_mask[0]=11111111011111111101111111111110, sa_flags=SA_RESTART|SA_SIGINFO
SIGTERM: [libjvm.so+0x73d790], sa_mask[0]=11111111011111111101111111111110, sa_flags=SA_RESTART|SA_SIGINFO
SIGQUIT: [libjvm.so+0x73d790], sa_mask[0]=11111111011111111101111111111110, sa_flags=SA_RESTART|SA_SIGINFO


---------------  S Y S T E M  ---------------

OS:DISTRIB_ID=Ubuntu
DISTRIB_RELEASE=16.04
DISTRIB_CODENAME=xenial
DISTRIB_DESCRIPTION="Ubuntu 16.04.1 LTS"

uname:Linux 4.4.0-104-generic #127-Ubuntu SMP Mon Dec 11 12:16:50 UTC 2017 i686
libc:glibc 2.23 NPTL 2.23 
rlimit: STACK 8192k, CORE 0k, NPROC 63057, NOFILE 1048576, AS infinity
load average:2.55 2.43 2.43

/proc/meminfo:
MemTotal:        8107456 kB
MemFree:          373336 kB
MemAvailable:          0 kB
Buffers:           11168 kB
Cached:           207216 kB
SwapCached:        20008 kB
Active:          6155232 kB
Inactive:        1370928 kB
Active(anon):    6129936 kB
Inactive(anon):  1351488 kB
Active(file):      25296 kB
Inactive(file):    19440 kB
Unevictable:           0 kB
Mlocked:               0 kB
HighTotal:       7292552 kB
HighFree:          83332 kB
LowTotal:         814904 kB
LowFree:          290004 kB
SwapTotal:       4007932 kB
SwapFree:              0 kB
Dirty:               856 kB
Writeback:             0 kB
AnonPages:       7288024 kB
Mapped:            31928 kB
Shmem:            173456 kB
Slab:              98520 kB
SReclaimable:      51372 kB
SUnreclaim:        47148 kB
KernelStack:       16464 kB
PageTables:        45988 kB
NFS_Unstable:          0 kB
Bounce:                0 kB
WritebackTmp:          0 kB
CommitLimit:     8061660 kB
Committed_AS:   25863780 kB
VmallocTotal:     122880 kB
VmallocUsed:           0 kB
VmallocChunk:          0 kB
AnonHugePages:   4343808 kB
CmaTotal:              0 kB
CmaFree:               0 kB
HugePages_Total:       0
HugePages_Free:        0
HugePages_Rsvd:        0
HugePages_Surp:        0
Hugepagesize:       2048 kB
DirectMap4k:       34808 kB
DirectMap2M:      876544 kB


CPU:total 4 (initial active 4) (2 cores per cpu, 2 threads per core) family 6 model 58 stepping 9, cmov, cx8, fxsr, mmx, sse, sse2, sse3, ssse3, sse4.1, sse4.2, popcnt, avx, aes, clmul, erms, ht, tsc, tscinvbit, tscinv

/proc/cpuinfo:
processor	: 0
vendor_id	: GenuineIntel
cpu family	: 6
model		: 58
model name	: Intel(R) Core(TM) i5-3427U CPU @ 1.80GHz
stepping	: 9
microcode	: 0x17
cpu MHz		: 1099.957
cache size	: 3072 KB
physical id	: 0
siblings	: 4
core id		: 0
cpu cores	: 2
apicid		: 0
initial apicid	: 0
fdiv_bug	: no
f00f_bug	: no
coma_bug	: no
fpu		: yes
fpu_exception	: yes
cpuid level	: 13
wp		: yes
flags		: fpu vme de pse tsc msr pae mce cx8 apic sep mtrr pge mca cmov pat pse36 clflush dts acpi mmx fxsr sse sse2 ss ht tm pbe nx rdtscp lm constant_tsc arch_perfmon pebs bts xtopology nonstop_tsc aperfmperf eagerfpu pni pclmulqdq dtes64 monitor ds_cpl vmx smx est tm2 ssse3 cx16 xtpr pdcm pcid sse4_1 sse4_2 x2apic popcnt tsc_deadline_timer aes xsave avx f16c rdrand lahf_lm epb tpr_shadow vnmi flexpriority ept vpid fsgsbase smep erms xsaveopt dtherm ida arat pln pts
bugs		:
bogomips	: 4589.86
clflush size	: 64
cache_alignment	: 64
address sizes	: 36 bits physical, 48 bits virtual
power management:

processor	: 1
vendor_id	: GenuineIntel
cpu family	: 6
model		: 58
model name	: Intel(R) Core(TM) i5-3427U CPU @ 1.80GHz
stepping	: 9
microcode	: 0x17
cpu MHz		: 1099.957
cache size	: 3072 KB
physical id	: 0
siblings	: 4
core id		: 1
cpu cores	: 2
apicid		: 2
initial apicid	: 2
fdiv_bug	: no
f00f_bug	: no
coma_bug	: no
fpu		: yes
fpu_exception	: yes
cpuid level	: 13
wp		: yes
flags		: fpu vme de pse tsc msr pae mce cx8 apic sep mtrr pge mca cmov pat pse36 clflush dts acpi mmx fxsr sse sse2 ss ht tm pbe nx rdtscp lm constant_tsc arch_perfmon pebs bts xtopology nonstop_tsc aperfmperf eagerfpu pni pclmulqdq dtes64 monitor ds_cpl vmx smx est tm2 ssse3 cx16 xtpr pdcm pcid sse4_1 sse4_2 x2apic popcnt tsc_deadline_timer aes xsave avx f16c rdrand lahf_lm epb tpr_shadow vnmi flexpriority ept vpid fsgsbase smep erms xsaveopt dtherm ida arat pln pts
bugs		:
bogomips	: 4589.86
clflush size	: 64
cache_alignment	: 64
address sizes	: 36 bits physical, 48 bits virtual
power management:

processor	: 2
vendor_id	: GenuineIntel
cpu family	: 6
model		: 58
model name	: Intel(R) Core(TM) i5-3427U CPU @ 1.80GHz
stepping	: 9
microcode	: 0x17
cpu MHz		: 1099.957
cache size	: 3072 KB
physical id	: 0
siblings	: 4
core id		: 0
cpu cores	: 2
apicid		: 1
initial apicid	: 1
fdiv_bug	: no
f00f_bug	: no
coma_bug	: no
fpu		: yes
fpu_exception	: yes
cpuid level	: 13
wp		: yes
flags		: fpu vme de pse tsc msr pae mce cx8 apic sep mtrr pge mca cmov pat pse36 clflush dts acpi mmx fxsr sse sse2 ss ht tm pbe nx rdtscp lm constant_tsc arch_perfmon pebs bts xtopology nonstop_tsc aperfmperf eagerfpu pni pclmulqdq dtes64 monitor ds_cpl vmx smx est tm2 ssse3 cx16 xtpr pdcm pcid sse4_1 sse4_2 x2apic popcnt tsc_deadline_timer aes xsave avx f16c rdrand lahf_lm epb tpr_shadow vnmi flexpriority ept vpid fsgsbase smep erms xsaveopt dtherm ida arat pln pts
bugs		:
bogomips	: 4589.86
clflush size	: 64
cache_alignment	: 64
address sizes	: 36 bits physical, 48 bits virtual
power management:

processor	: 3
vendor_id	: GenuineIntel
cpu family	: 6
model		: 58
model name	: Intel(R) Core(TM) i5-3427U CPU @ 1.80GHz
stepping	: 9
microcode	: 0x17
cpu MHz		: 1099.957
cache size	: 3072 KB
physical id	: 0
siblings	: 4
core id		: 1
cpu cores	: 2
apicid		: 3
initial apicid	: 3
fdiv_bug	: no
f00f_bug	: no
coma_bug	: no
fpu		: yes
fpu_exception	: yes
cpuid level	: 13
wp		: yes
flags		: fpu vme de pse tsc msr pae mce cx8 apic sep mtrr pge mca cmov pat pse36 clflush dts acpi mmx fxsr sse sse2 ss ht tm pbe nx rdtscp lm constant_tsc arch_perfmon pebs bts xtopology nonstop_tsc aperfmperf eagerfpu pni pclmulqdq dtes64 monitor ds_cpl vmx smx est tm2 ssse3 cx16 xtpr pdcm pcid sse4_1 sse4_2 x2apic popcnt tsc_deadline_timer aes xsave avx f16c rdrand lahf_lm epb tpr_shadow vnmi flexpriority ept vpid fsgsbase smep erms xsaveopt dtherm ida arat pln pts
bugs		:
bogomips	: 4589.86
clflush size	: 64
cache_alignment	: 64
address sizes	: 36 bits physical, 48 bits virtual
power management:



Memory: 4k page, physical 8107456k(373336k free), swap 4007932k(0k free)

vm_info: OpenJDK Server VM (25.151-b12) for linux-x86 JRE (1.8.0_151-8u151-b12-0ubuntu0.16.04.2-b12), built on Oct 27 2017 22:05:04 by "buildd" with gcc 5.4.0 20160609

time: Sat Mar 24 03:50:11 2018
elapsed time: 9 seconds (0d 0h 0m 9s)

