#
# There is insufficient memory for the Java Runtime Environment to continue.
# Native memory allocation (mmap) failed to map 131072 bytes for committing reserved memory.
# Possible reasons:
#   The system is out of physical RAM or swap space
#   In 32 bit mode, the process size limit was hit
# Possible solutions:
#   Reduce memory load on the system
#   Increase physical memory or swap space
#   Check if swap backing store is full
#   Use 64 bit Java on a 64 bit OS
#   Decrease Java heap size (-Xmx/-Xms)
#   Decrease number of Java threads
#   Decrease Java thread stack sizes (-Xss)
#   Set larger code cache with -XX:ReservedCodeCacheSize=
# This output file may be truncated or incomplete.
#
#  Out of Memory Error (os_linux.cpp:2643), pid=10058, tid=0xb6403b40
#
# JRE version: OpenJDK Runtime Environment (8.0_151-b12) (build 1.8.0_151-8u151-b12-0ubuntu0.16.04.2-b12)
# Java VM: OpenJDK Server VM (25.151-b12 mixed mode linux-x86 )
# Failed to write core dump. Core dumps have been disabled. To enable core dumping, try "ulimit -c unlimited" before starting Java again
#

---------------  T H R E A D  ---------------

Current thread (0xb6207800):  JavaThread "main" [_thread_in_vm, id=10119, stack(0xb63b3000,0xb6404000)]

Stack: [0xb63b3000,0xb6404000],  sp=0xb64016cc,  free space=313k
Native frames: (J=compiled Java code, j=interpreted, Vv=VM code, C=native code)
V  [libjvm.so+0x8d6834]
V  [libjvm.so+0x3a7c76]
V  [libjvm.so+0x7420c0]
V  [libjvm.so+0x73c013]
V  [libjvm.so+0x8d3264]
V  [libjvm.so+0x6cdd63]
V  [libjvm.so+0x6cdf7a]
V  [libjvm.so+0x6ceb05]
V  [libjvm.so+0x6cec5a]
V  [libjvm.so+0x6cfc9a]
V  [libjvm.so+0x6cfe8d]
V  [libjvm.so+0x6e43ea]
V  [libjvm.so+0x6d6b47]
V  [libjvm.so+0x516e2a]
j  sun.reflect.generics.tree.Wildcard.<clinit>()V+0
v  ~StubRoutines::call_stub
V  [libjvm.so+0x51faad]
V  [libjvm.so+0x746985]
V  [libjvm.so+0x51ebea]
V  [libjvm.so+0x4ebfb8]
V  [libjvm.so+0x4ec367]
V  [libjvm.so+0x4ec7aa]
V  [libjvm.so+0x62d508]
V  [libjvm.so+0x63147a]
V  [libjvm.so+0x633a38]
V  [libjvm.so+0x513af7]
j  sun.reflect.generics.parser.SignatureParser.parseTypeArgument()Lsun/reflect/generics/tree/TypeArgument;+71
j  sun.reflect.generics.parser.SignatureParser.parseTypeArguments()[Lsun/reflect/generics/tree/TypeArgument;+54
j  sun.reflect.generics.parser.SignatureParser.parsePackageNameAndSimpleClassTypeSignature()Lsun/reflect/generics/tree/SimpleClassTypeSignature;+105
j  sun.reflect.generics.parser.SignatureParser.parseClassTypeSignature()Lsun/reflect/generics/tree/ClassTypeSignature;+54
j  sun.reflect.generics.parser.SignatureParser.parseFieldTypeSignature(Z)Lsun/reflect/generics/tree/FieldTypeSignature;+41
j  sun.reflect.generics.parser.SignatureParser.parseFieldTypeSignature()Lsun/reflect/generics/tree/FieldTypeSignature;+2
j  sun.reflect.generics.parser.SignatureParser.parseTypeSignature()Lsun/reflect/generics/tree/TypeSignature;+126
j  sun.reflect.generics.parser.SignatureParser.parseZeroOrMoreTypeSignatures()[Lsun/reflect/generics/tree/TypeSignature;+138
j  sun.reflect.generics.parser.SignatureParser.parseFormalParameters()[Lsun/reflect/generics/tree/TypeSignature;+21
j  sun.reflect.generics.parser.SignatureParser.parseMethodTypeSignature()Lsun/reflect/generics/tree/MethodTypeSignature;+26
j  sun.reflect.generics.parser.SignatureParser.parseMethodSig(Ljava/lang/String;)Lsun/reflect/generics/tree/MethodTypeSignature;+9
j  sun.reflect.generics.repository.ConstructorRepository.parse(Ljava/lang/String;)Lsun/reflect/generics/tree/MethodTypeSignature;+4
j  sun.reflect.generics.repository.ConstructorRepository.parse(Ljava/lang/String;)Lsun/reflect/generics/tree/Tree;+2
j  sun.reflect.generics.repository.AbstractRepository.<init>(Ljava/lang/String;Lsun/reflect/generics/factory/GenericsFactory;)V+7
j  sun.reflect.generics.repository.GenericDeclRepository.<init>(Ljava/lang/String;Lsun/reflect/generics/factory/GenericsFactory;)V+3
j  sun.reflect.generics.repository.ConstructorRepository.<init>(Ljava/lang/String;Lsun/reflect/generics/factory/GenericsFactory;)V+3
j  sun.reflect.generics.repository.MethodRepository.<init>(Ljava/lang/String;Lsun/reflect/generics/factory/GenericsFactory;)V+3
j  sun.reflect.generics.repository.MethodRepository.make(Ljava/lang/String;Lsun/reflect/generics/factory/GenericsFactory;)Lsun/reflect/generics/repository/MethodRepository;+6
j  java.lang.reflect.Method.getGenericInfo()Lsun/reflect/generics/repository/MethodRepository;+16
j  java.lang.reflect.Method.getGenericInfo()Lsun/reflect/generics/repository/ConstructorRepository;+1
j  java.lang.reflect.Executable.getGenericParameterTypes()[Ljava/lang/reflect/Type;+8
j  java.lang.reflect.Method.getGenericParameterTypes()[Ljava/lang/reflect/Type;+1
j  com.google.inject.TypeLiteral.getParameterTypes(Ljava/lang/reflect/Member;)Ljava/util/List;+44
j  com.google.inject.internal.ProviderMethodsModule$Signature.<init>(Lcom/google/inject/internal/ProviderMethodsModule;Ljava/lang/reflect/Method;)V+22
j  com.google.inject.internal.ProviderMethodsModule.getProviderMethods(Lcom/google/inject/Binder;)Ljava/util/List;+88
j  com.google.inject.internal.ProviderMethodsModule.configure(Lcom/google/inject/Binder;)V+2
j  com.google.inject.spi.Elements$RecordingBinder.install(Lcom/google/inject/Module;)V+161
j  com.google.inject.spi.Elements$RecordingBinder.install(Lcom/google/inject/Module;)V+214
j  org.codehaus.plexus.DefaultPlexusContainer$BootModule.configure(Lcom/google/inject/Binder;)V+36
j  com.google.inject.spi.Elements$RecordingBinder.install(Lcom/google/inject/Module;)V+161
j  com.google.inject.spi.Elements.getElements(Lcom/google/inject/Stage;Ljava/lang/Iterable;)Ljava/util/List;+40
j  com.google.inject.spi.Elements.getElements(Ljava/lang/Iterable;)Ljava/util/List;+4
j  org.eclipse.sisu.wire.WireModule.configure(Lcom/google/inject/Binder;)V+13
j  com.google.inject.spi.Elements$RecordingBinder.install(Lcom/google/inject/Module;)V+161
j  com.google.inject.spi.Elements.getElements(Lcom/google/inject/Stage;Ljava/lang/Iterable;)Ljava/util/List;+40
j  com.google.inject.internal.InjectorShell$Builder.build(Lcom/google/inject/internal/Initializer;Lcom/google/inject/internal/ProcessedBindingData;Lcom/google/inject/internal/util/Stopwatch;Lcom/google/inject/internal/Errors;)Ljava/util/List;+122
j  com.google.inject.internal.InternalInjectorCreator.build()Lcom/google/inject/Injector;+48
j  com.google.inject.Guice.createInjector(Lcom/google/inject/Stage;Ljava/lang/Iterable;)Lcom/google/inject/Injector;+15
j  com.google.inject.Guice.createInjector(Ljava/lang/Iterable;)Lcom/google/inject/Injector;+4
j  com.google.inject.Guice.createInjector([Lcom/google/inject/Module;)Lcom/google/inject/Injector;+4
j  org.codehaus.plexus.DefaultPlexusContainer.addPlexusInjector(Ljava/util/List;[Lcom/google/inject/Module;)Lcom/google/inject/Injector;+88
j  org.codehaus.plexus.DefaultPlexusContainer.<init>(Lorg/codehaus/plexus/ContainerConfiguration;[Lcom/google/inject/Module;)V+397
j  org.apache.maven.cli.MavenCli.container(Lorg/apache/maven/cli/CliRequest;)Lorg/codehaus/plexus/PlexusContainer;+269
j  org.apache.maven.cli.MavenCli.doMain(Lorg/apache/maven/cli/CliRequest;)I+29
j  org.apache.maven.cli.MavenCli.main([Ljava/lang/String;Lorg/codehaus/plexus/classworlds/ClassWorld;)I+18
v  ~StubRoutines::call_stub
V  [libjvm.so+0x51faad]
V  [libjvm.so+0x746985]
V  [libjvm.so+0x51ebea]
V  [libjvm.so+0x7b8d25]
V  [libjvm.so+0x7baa5e]
V  [libjvm.so+0x565ade]  JVM_InvokeMethod+0x10e
C  [libjava.so+0xcf53]  Java_sun_reflect_NativeMethodAccessorImpl_invoke0+0x23
j  sun.reflect.NativeMethodAccessorImpl.invoke0(Ljava/lang/reflect/Method;Ljava/lang/Object;[Ljava/lang/Object;)Ljava/lang/Object;+0
j  sun.reflect.NativeMethodAccessorImpl.invoke(Ljava/lang/Object;[Ljava/lang/Object;)Ljava/lang/Object;+100
j  sun.reflect.DelegatingMethodAccessorImpl.invoke(Ljava/lang/Object;[Ljava/lang/Object;)Ljava/lang/Object;+6
j  java.lang.reflect.Method.invoke(Ljava/lang/Object;[Ljava/lang/Object;)Ljava/lang/Object;+56
j  org.codehaus.plexus.classworlds.launcher.Launcher.launchEnhanced([Ljava/lang/String;)V+45
j  org.codehaus.plexus.classworlds.launcher.Launcher.launch([Ljava/lang/String;)V+2
j  org.codehaus.plexus.classworlds.launcher.Launcher.mainWithExitCode([Ljava/lang/String;)I+101
j  org.codehaus.plexus.classworlds.launcher.Launcher.main([Ljava/lang/String;)V+1
v  ~StubRoutines::call_stub
V  [libjvm.so+0x51faad]
V  [libjvm.so+0x746985]
V  [libjvm.so+0x51ebea]
V  [libjvm.so+0x53eaf4]
V  [libjvm.so+0x540abb]
C  [libjli.so+0x2c30]
C  [libjli.so+0x69fe]
C  [libpthread.so.0+0x6295]  start_thread+0xe5
C  [libc.so.6+0xe70ae]  clone+0x6e

Java frames: (J=compiled Java code, j=interpreted, Vv=VM code)
j  sun.reflect.generics.tree.Wildcard.<clinit>()V+0
v  ~StubRoutines::call_stub
j  sun.reflect.generics.parser.SignatureParser.parseTypeArgument()Lsun/reflect/generics/tree/TypeArgument;+71
j  sun.reflect.generics.parser.SignatureParser.parseTypeArguments()[Lsun/reflect/generics/tree/TypeArgument;+54
j  sun.reflect.generics.parser.SignatureParser.parsePackageNameAndSimpleClassTypeSignature()Lsun/reflect/generics/tree/SimpleClassTypeSignature;+105
j  sun.reflect.generics.parser.SignatureParser.parseClassTypeSignature()Lsun/reflect/generics/tree/ClassTypeSignature;+54
j  sun.reflect.generics.parser.SignatureParser.parseFieldTypeSignature(Z)Lsun/reflect/generics/tree/FieldTypeSignature;+41
j  sun.reflect.generics.parser.SignatureParser.parseFieldTypeSignature()Lsun/reflect/generics/tree/FieldTypeSignature;+2
j  sun.reflect.generics.parser.SignatureParser.parseTypeSignature()Lsun/reflect/generics/tree/TypeSignature;+126
j  sun.reflect.generics.parser.SignatureParser.parseZeroOrMoreTypeSignatures()[Lsun/reflect/generics/tree/TypeSignature;+138
j  sun.reflect.generics.parser.SignatureParser.parseFormalParameters()[Lsun/reflect/generics/tree/TypeSignature;+21
j  sun.reflect.generics.parser.SignatureParser.parseMethodTypeSignature()Lsun/reflect/generics/tree/MethodTypeSignature;+26
j  sun.reflect.generics.parser.SignatureParser.parseMethodSig(Ljava/lang/String;)Lsun/reflect/generics/tree/MethodTypeSignature;+9
j  sun.reflect.generics.repository.ConstructorRepository.parse(Ljava/lang/String;)Lsun/reflect/generics/tree/MethodTypeSignature;+4
j  sun.reflect.generics.repository.ConstructorRepository.parse(Ljava/lang/String;)Lsun/reflect/generics/tree/Tree;+2
j  sun.reflect.generics.repository.AbstractRepository.<init>(Ljava/lang/String;Lsun/reflect/generics/factory/GenericsFactory;)V+7
j  sun.reflect.generics.repository.GenericDeclRepository.<init>(Ljava/lang/String;Lsun/reflect/generics/factory/GenericsFactory;)V+3
j  sun.reflect.generics.repository.ConstructorRepository.<init>(Ljava/lang/String;Lsun/reflect/generics/factory/GenericsFactory;)V+3
j  sun.reflect.generics.repository.MethodRepository.<init>(Ljava/lang/String;Lsun/reflect/generics/factory/GenericsFactory;)V+3
j  sun.reflect.generics.repository.MethodRepository.make(Ljava/lang/String;Lsun/reflect/generics/factory/GenericsFactory;)Lsun/reflect/generics/repository/MethodRepository;+6
j  java.lang.reflect.Method.getGenericInfo()Lsun/reflect/generics/repository/MethodRepository;+16
j  java.lang.reflect.Method.getGenericInfo()Lsun/reflect/generics/repository/ConstructorRepository;+1
j  java.lang.reflect.Executable.getGenericParameterTypes()[Ljava/lang/reflect/Type;+8
j  java.lang.reflect.Method.getGenericParameterTypes()[Ljava/lang/reflect/Type;+1
j  com.google.inject.TypeLiteral.getParameterTypes(Ljava/lang/reflect/Member;)Ljava/util/List;+44
j  com.google.inject.internal.ProviderMethodsModule$Signature.<init>(Lcom/google/inject/internal/ProviderMethodsModule;Ljava/lang/reflect/Method;)V+22
j  com.google.inject.internal.ProviderMethodsModule.getProviderMethods(Lcom/google/inject/Binder;)Ljava/util/List;+88
j  com.google.inject.internal.ProviderMethodsModule.configure(Lcom/google/inject/Binder;)V+2
j  com.google.inject.spi.Elements$RecordingBinder.install(Lcom/google/inject/Module;)V+161
j  com.google.inject.spi.Elements$RecordingBinder.install(Lcom/google/inject/Module;)V+214
j  org.codehaus.plexus.DefaultPlexusContainer$BootModule.configure(Lcom/google/inject/Binder;)V+36
j  com.google.inject.spi.Elements$RecordingBinder.install(Lcom/google/inject/Module;)V+161
j  com.google.inject.spi.Elements.getElements(Lcom/google/inject/Stage;Ljava/lang/Iterable;)Ljava/util/List;+40
j  com.google.inject.spi.Elements.getElements(Ljava/lang/Iterable;)Ljava/util/List;+4
j  org.eclipse.sisu.wire.WireModule.configure(Lcom/google/inject/Binder;)V+13
j  com.google.inject.spi.Elements$RecordingBinder.install(Lcom/google/inject/Module;)V+161
j  com.google.inject.spi.Elements.getElements(Lcom/google/inject/Stage;Ljava/lang/Iterable;)Ljava/util/List;+40
j  com.google.inject.internal.InjectorShell$Builder.build(Lcom/google/inject/internal/Initializer;Lcom/google/inject/internal/ProcessedBindingData;Lcom/google/inject/internal/util/Stopwatch;Lcom/google/inject/internal/Errors;)Ljava/util/List;+122
j  com.google.inject.internal.InternalInjectorCreator.build()Lcom/google/inject/Injector;+48
j  com.google.inject.Guice.createInjector(Lcom/google/inject/Stage;Ljava/lang/Iterable;)Lcom/google/inject/Injector;+15
j  com.google.inject.Guice.createInjector(Ljava/lang/Iterable;)Lcom/google/inject/Injector;+4
j  com.google.inject.Guice.createInjector([Lcom/google/inject/Module;)Lcom/google/inject/Injector;+4
j  org.codehaus.plexus.DefaultPlexusContainer.addPlexusInjector(Ljava/util/List;[Lcom/google/inject/Module;)Lcom/google/inject/Injector;+88
j  org.codehaus.plexus.DefaultPlexusContainer.<init>(Lorg/codehaus/plexus/ContainerConfiguration;[Lcom/google/inject/Module;)V+397
j  org.apache.maven.cli.MavenCli.container(Lorg/apache/maven/cli/CliRequest;)Lorg/codehaus/plexus/PlexusContainer;+269
j  org.apache.maven.cli.MavenCli.doMain(Lorg/apache/maven/cli/CliRequest;)I+29
j  org.apache.maven.cli.MavenCli.main([Ljava/lang/String;Lorg/codehaus/plexus/classworlds/ClassWorld;)I+18
v  ~StubRoutines::call_stub
j  sun.reflect.NativeMethodAccessorImpl.invoke0(Ljava/lang/reflect/Method;Ljava/lang/Object;[Ljava/lang/Object;)Ljava/lang/Object;+0
j  sun.reflect.NativeMethodAccessorImpl.invoke(Ljava/lang/Object;[Ljava/lang/Object;)Ljava/lang/Object;+100
j  sun.reflect.DelegatingMethodAccessorImpl.invoke(Ljava/lang/Object;[Ljava/lang/Object;)Ljava/lang/Object;+6
j  java.lang.reflect.Method.invoke(Ljava/lang/Object;[Ljava/lang/Object;)Ljava/lang/Object;+56
j  org.codehaus.plexus.classworlds.launcher.Launcher.launchEnhanced([Ljava/lang/String;)V+45
j  org.codehaus.plexus.classworlds.launcher.Launcher.launch([Ljava/lang/String;)V+2
j  org.codehaus.plexus.classworlds.launcher.Launcher.mainWithExitCode([Ljava/lang/String;)I+101
j  org.codehaus.plexus.classworlds.launcher.Launcher.main([Ljava/lang/String;)V+1
v  ~StubRoutines::call_stub

---------------  P R O C E S S  ---------------

Java Threads: ( => current thread )
  0x637aa400 JavaThread "Service Thread" daemon [_thread_blocked, id=10147, stack(0x630db000,0x6312c000)]
  0x637a7000 JavaThread "C1 CompilerThread2" daemon [_thread_blocked, id=10143, stack(0x6312c000,0x631ad000)]
  0x637a5c00 JavaThread "C2 CompilerThread1" daemon [_thread_blocked, id=10142, stack(0x631ad000,0x6322e000)]
  0x637a3c00 JavaThread "C2 CompilerThread0" daemon [_thread_blocked, id=10141, stack(0x6322e000,0x632af000)]
  0x637a2400 JavaThread "Signal Dispatcher" daemon [_thread_blocked, id=10139, stack(0x632af000,0x63300000)]
  0x63788800 JavaThread "Finalizer" daemon [_thread_blocked, id=10138, stack(0x63813000,0x63864000)]
  0x63785800 JavaThread "Reference Handler" daemon [_thread_blocked, id=10133, stack(0x6642e000,0x6647f000)]
=>0xb6207800 JavaThread "main" [_thread_in_vm, id=10119, stack(0xb63b3000,0xb6404000)]

Other Threads:
  0x63781000 VMThread [stack: 0x63864000,0x638e5000] [id=10132]
  0x637ac000 WatcherThread [stack: 0x6305a000,0x630db000] [id=10149]

VM state:not at safepoint (normal execution)

VM Mutex/Monitor currently owned by a thread: None

Heap:
 PSYoungGen      total 19200K, used 4045K [0x918c0000, 0x92e00000, 0xa6e00000)
  eden space 16640K, 8% used [0x918c0000,0x91a34900,0x92900000)
  from space 2560K, 99% used [0x92900000,0x92b7ecc0,0x92b80000)
  to   space 2560K, 0% used [0x92b80000,0x92b80000,0x92e00000)
 ParOldGen       total 43776K, used 818K [0x66e00000, 0x698c0000, 0x918c0000)
  object space 43776K, 1% used [0x66e00000,0x66eccaf8,0x698c0000)
 Metaspace       used 4836K, capacity 4874K, committed 4888K, reserved 5424K

Card table byte_map: [0x66bff000,0x66e00000] byte_map_base: 0x668c8000

Marking Bits: (ParMarkBitMap*) 0xb7129880
 Begin Bits: [0x64300000, 0x65300000)
 End Bits:   [0x65300000, 0x66300000)

Polling page: 0xb7736000

CodeCache: size=245760Kb used=1607Kb max_used=1607Kb free=244152Kb
 bounds [0xa7200000, 0xa7440000, 0xb6200000]
 total_blobs=629 nmethods=463 adapters=81
 compilation: enabled

Compilation events (10 events):
Event: 1.662 Thread 0x637a7000  459       1       java.lang.reflect.Method::getRoot (5 bytes)
Event: 1.662 Thread 0x637a7000 nmethod 459 0xa738e848 code [0xa738e940, 0xa738e9e0]
Event: 1.663 Thread 0x637a7000  460       3       java.util.Objects::requireNonNull (14 bytes)
Event: 1.664 Thread 0x637a7000 nmethod 460 0xa738e508 code [0xa738e620, 0xa738e78c]
Event: 1.666 Thread 0x637a7000  461       3       java.util.Arrays::copyOf (13 bytes)
Event: 1.666 Thread 0x637a7000 nmethod 461 0xa738e1c8 code [0xa738e2e0, 0xa738e44c]
Event: 1.668 Thread 0x637a7000  462       3       sun.reflect.ReflectionFactory::langReflectAccess (15 bytes)
Event: 1.668 Thread 0x637a7000 nmethod 462 0xa738dec8 code [0xa738dfe0, 0xa738e120]
Event: 1.669 Thread 0x637a7000  463       3       java.lang.reflect.AccessibleObject::<init> (5 bytes)
Event: 1.669 Thread 0x637a7000 nmethod 463 0xa738dc08 code [0xa738dd20, 0xa738de40]

GC Heap History (2 events):
Event: 1.538 GC heap before
{Heap before GC invocations=1 (full 0):
 PSYoungGen      total 19200K, used 16640K [0x918c0000, 0x92e00000, 0xa6e00000)
  eden space 16640K, 100% used [0x918c0000,0x92900000,0x92900000)
  from space 2560K, 0% used [0x92b80000,0x92b80000,0x92e00000)
  to   space 2560K, 0% used [0x92900000,0x92900000,0x92b80000)
 ParOldGen       total 43776K, used 0K [0x66e00000, 0x698c0000, 0x918c0000)
  object space 43776K, 0% used [0x66e00000,0x66e00000,0x698c0000)
 Metaspace       used 4678K, capacity 4714K, committed 4760K, reserved 5424K
Event: 1.548 GC heap after
Heap after GC invocations=1 (full 0):
 PSYoungGen      total 19200K, used 2555K [0x918c0000, 0x92e00000, 0xa6e00000)
  eden space 16640K, 0% used [0x918c0000,0x918c0000,0x92900000)
  from space 2560K, 99% used [0x92900000,0x92b7ecc0,0x92b80000)
  to   space 2560K, 0% used [0x92b80000,0x92b80000,0x92e00000)
 ParOldGen       total 43776K, used 818K [0x66e00000, 0x698c0000, 0x918c0000)
  object space 43776K, 1% used [0x66e00000,0x66eccaf8,0x698c0000)
 Metaspace       used 4678K, capacity 4714K, committed 4760K, reserved 5424K
}

Deoptimization events (2 events):
Event: 0.426 Thread 0xb6207800 Uncommon trap: reason=unstable_if action=reinterpret pc=0xa73050c4 method=org.codehaus.plexus.util.xml.pull.MXParser.more()C @ 8
Event: 1.667 Thread 0xb6207800 Uncommon trap: reason=unstable_if action=reinterpret pc=0xa738fc88 method=java.util.HashMap.getNode(ILjava/lang/Object;)Ljava/util/HashMap$Node; @ 129

Internal exceptions (10 events):
Event: 0.321 Thread 0xb6207800 Exception <a 'java/security/PrivilegedActionException'> (0x91bd4270) thrown at [/build/openjdk-8-Y4imzb/openjdk-8-8u151-b12/src/hotspot/src/share/vm/prims/jvm.cpp, line 1390]
Event: 1.614 Thread 0xb6207800 Exception <a 'java/lang/ArrayIndexOutOfBoundsException'> (0x91974d00) thrown at [/build/openjdk-8-Y4imzb/openjdk-8-8u151-b12/src/hotspot/src/share/vm/runtime/sharedRuntime.cpp, line 605]
Event: 1.628 Thread 0xb6207800 Exception <a 'java/lang/ArrayIndexOutOfBoundsException'> (0x9197ce60) thrown at [/build/openjdk-8-Y4imzb/openjdk-8-8u151-b12/src/hotspot/src/share/vm/runtime/sharedRuntime.cpp, line 605]
Event: 1.662 Thread 0xb6207800 Exception <a 'java/lang/ArrayIndexOutOfBoundsException'> (0x919d42b8) thrown at [/build/openjdk-8-Y4imzb/openjdk-8-8u151-b12/src/hotspot/src/share/vm/runtime/sharedRuntime.cpp, line 605]
Event: 1.670 Thread 0xb6207800 Exception <a 'java/lang/ArrayIndexOutOfBoundsException'> (0x919df270) thrown at [/build/openjdk-8-Y4imzb/openjdk-8-8u151-b12/src/hotspot/src/share/vm/runtime/sharedRuntime.cpp, line 605]
Event: 1.672 Thread 0xb6207800 Exception <a 'java/lang/ArrayIndexOutOfBoundsException'> (0x919e0ea0) thrown at [/build/openjdk-8-Y4imzb/openjdk-8-8u151-b12/src/hotspot/src/share/vm/runtime/sharedRuntime.cpp, line 605]
Event: 1.675 Thread 0xb6207800 Exception <a 'java/lang/ArrayIndexOutOfBoundsException'> (0x919e8d50) thrown at [/build/openjdk-8-Y4imzb/openjdk-8-8u151-b12/src/hotspot/src/share/vm/runtime/sharedRuntime.cpp, line 605]
Event: 1.675 Thread 0xb6207800 Exception <a 'java/lang/ArrayIndexOutOfBoundsException'> (0x919e99a0) thrown at [/build/openjdk-8-Y4imzb/openjdk-8-8u151-b12/src/hotspot/src/share/vm/runtime/sharedRuntime.cpp, line 605]
Event: 1.676 Thread 0xb6207800 Exception <a 'java/lang/ArrayIndexOutOfBoundsException'> (0x919eae48) thrown at [/build/openjdk-8-Y4imzb/openjdk-8-8u151-b12/src/hotspot/src/share/vm/runtime/sharedRuntime.cpp, line 605]
Event: 1.676 Thread 0xb6207800 Exception <a 'java/lang/ArrayIndexOutOfBoundsException'> (0x919eba78) thrown at [/build/openjdk-8-Y4imzb/openjdk-8-8u151-b12/src/hotspot/src/share/vm/runtime/sharedRuntime.cpp, line 605]

Events (10 events):
Event: 1.671 loading class sun/reflect/generics/reflectiveObjects/LazyReflectiveObjectGenerator done
Event: 1.671 loading class sun/reflect/generics/reflectiveObjects/TypeVariableImpl done
Event: 1.672 loading class sun/reflect/generics/reflectiveObjects/ParameterizedTypeImpl
Event: 1.672 loading class sun/reflect/generics/reflectiveObjects/ParameterizedTypeImpl done
Event: 1.673 loading class com/google/inject/internal/MoreTypes$ParameterizedTypeImpl
Event: 1.673 loading class com/google/inject/internal/MoreTypes$ParameterizedTypeImpl done
Event: 1.676 loading class sun/reflect/generics/tree/BottomSignature
Event: 1.676 loading class sun/reflect/generics/tree/BottomSignature done
Event: 1.676 loading class sun/reflect/generics/tree/Wildcard
Event: 1.676 loading class sun/reflect/generics/tree/Wildcard done


Dynamic libraries:
08048000-08049000 r-xp 00000000 08:01 1693306    /usr/lib/jvm/java-8-openjdk-i386/jre/bin/java
08049000-0804a000 r--p 00000000 08:01 1693306    /usr/lib/jvm/java-8-openjdk-i386/jre/bin/java
0804a000-0804b000 rw-p 00001000 08:01 1693306    /usr/lib/jvm/java-8-openjdk-i386/jre/bin/java
08f7a000-08f9b000 rw-p 00000000 00:00 0          [heap]
62a00000-62a24000 rw-p 00000000 00:00 0 
62a24000-62b00000 ---p 00000000 00:00 0 
62b00000-62b5a000 rw-p 00000000 00:00 0 
62b5a000-62c00000 ---p 00000000 00:00 0 
62c00000-62c80000 rw-p 00000000 00:00 0 
62ca0000-62d00000 ---p 00000000 00:00 0 
62d00000-62f00000 rw-p 00000000 00:00 0 
62f00000-62ffc000 rw-p 00000000 00:00 0 
62ffc000-63000000 ---p 00000000 00:00 0 
6302f000-6303c000 r--s 0008d000 08:01 1149531    /usr/share/java/maven3-core-3.3.9.jar
6303c000-6303d000 r--s 00001000 08:01 1149511    /usr/share/java/wagon-file-2.x.jar
6303d000-63040000 r--s 00007000 08:01 1149537    /usr/share/java/maven3-settings-builder-3.3.9.jar
63040000-63047000 r--s 0002c000 08:01 1149509    /usr/share/java/sisu-plexus.jar
63047000-6304b000 r--s 00027000 08:01 1145546    /usr/share/java/commons-io-2.4.jar
6304b000-63053000 r--s 00054000 08:01 1149507    /usr/share/java/sisu-inject.jar
63053000-6305a000 r--s 0005d000 08:01 1149254    /usr/share/java/commons-lang3.jar
6305a000-6305b000 ---p 00000000 00:00 0 
6305b000-630db000 rw-p 00000000 00:00 0 
630db000-630de000 ---p 00000000 00:00 0 
630de000-6312c000 rw-p 00000000 00:00 0 
6312c000-6312f000 ---p 00000000 00:00 0 
6312f000-631ad000 rw-p 00000000 00:00 0 
631ad000-631b0000 ---p 00000000 00:00 0 
631b0000-6322e000 rw-p 00000000 00:00 0 
6322e000-63231000 ---p 00000000 00:00 0 
63231000-632af000 rw-p 00000000 00:00 0 
632af000-632b2000 ---p 00000000 00:00 0 
632b2000-63300000 rw-p 00000000 00:00 0 
63300000-63500000 r--p 00000000 08:01 1110568    /usr/lib/locale/locale-archive
63500000-635e9000 rw-p 00000000 00:00 0 
635e9000-63600000 ---p 00000000 00:00 0 
63600000-63621000 rw-p 00000000 00:00 0 
63621000-63700000 ---p 00000000 00:00 0 
63700000-637fb000 rw-p 00000000 00:00 0 
637fb000-63800000 ---p 00000000 00:00 0 
63800000-63802000 r--s 0000d000 08:01 1149536    /usr/share/java/maven3-aether-provider-3.3.9.jar
63802000-63803000 r--s 00004000 08:01 1145398    /usr/share/java/atinject-jsr330-tck-1.0.jar
63803000-63805000 r--s 0000e000 08:01 1149271    /usr/share/java/plexus-interpolation.jar
63805000-63807000 r--s 00006000 08:01 1149372    /usr/share/java/eclipse-aether-spi.jar
63807000-63808000 r--s 00008000 08:01 1149370    /usr/share/java/eclipse-aether-connector-basic.jar
63808000-6380c000 r--s 00027000 08:01 1149367    /usr/share/java/eclipse-aether-impl.jar
6380c000-6380e000 r--s 00005000 08:01 1149373    /usr/share/java/eclipse-aether-transport-wagon.jar
6380e000-63813000 r--s 0001d000 08:01 1149374    /usr/share/java/eclipse-aether-api.jar
63813000-63816000 ---p 00000000 00:00 0 
63816000-63864000 rw-p 00000000 00:00 0 
63864000-63865000 ---p 00000000 00:00 0 
63865000-638e5000 rw-p 00000000 00:00 0 
638e5000-63ab4000 r--s 03c21000 08:01 1693223    /usr/lib/jvm/java-8-openjdk-i386/jre/lib/rt.jar
63ab4000-63efa000 rw-p 00000000 00:00 0 
63efa000-63f00000 ---p 00000000 00:00 0 
63f00000-66300000 rw-p 00000000 00:00 0 
66300000-663c9000 rw-p 00000000 00:00 0 
663c9000-66400000 ---p 00000000 00:00 0 
66400000-66402000 r--s 00001000 08:01 1149403    /usr/share/java/aopalliance-1.0.jar
66402000-6642e000 r--s 00208000 08:01 1148516    /usr/share/java/guava.jar
6642e000-66431000 ---p 00000000 00:00 0 
66431000-6647f000 rw-p 00000000 00:00 0 
6647f000-66480000 ---p 00000000 00:00 0 
66480000-66500000 rw-p 00000000 00:00 0 
66500000-665fc000 rw-p 00000000 00:00 0 
665fc000-66600000 ---p 00000000 00:00 0 
66600000-66631000 r--s 00207000 08:01 1149515    /usr/share/java/wagon-http-shaded-2.x.jar
66631000-6667f000 rw-p 00000000 00:00 0 
6667f000-66680000 ---p 00000000 00:00 0 
66680000-66700000 rw-p 00000000 00:00 0 
66700000-66721000 rw-p 00000000 00:00 0 
66721000-66800000 ---p 00000000 00:00 0 
66800000-66802000 r--s 00001000 08:01 1149538    /usr/share/java/maven3-builder-support-3.3.9.jar
66802000-66804000 r--s 00002000 08:01 1149449    /usr/share/java/plexus-cipher.jar
66804000-66805000 r--s 00002000 08:01 1149066    /usr/share/java/slf4j-simple.jar
66805000-66807000 r--s 00013000 08:01 1149534    /usr/share/java/maven3-embedder-3.3.9.jar
66807000-66809000 r--s 00027000 08:01 1149535    /usr/share/java/maven3-model-3.3.9.jar
66809000-6680b000 r--s 0000a000 08:01 1147016    /usr/share/java/commons-cli-1.3.1.jar
6680b000-6680d000 r--s 0000a000 08:01 1149512    /usr/share/java/wagon-provider-api-2.x.jar
6680d000-66810000 r--s 0000a000 08:01 1149539    /usr/share/java/maven3-artifact-3.3.9.jar
66810000-66814000 r--s 00020000 08:01 1149392    /usr/share/java/eclipse-aether-util.jar
66814000-66815000 r--s 00006000 08:01 1149532    /usr/share/java/maven3-repository-metadata-3.3.9.jar
66815000-66817000 r--s 00007000 08:01 1149069    /usr/share/java/slf4j-api.jar
66817000-66818000 r--s 0000a000 08:01 1149528    /usr/share/java/maven3-settings-3.3.9.jar
66818000-66819000 r--s 00001000 08:01 1149518    /usr/share/java/wagon-http-shared-2.x.jar
66819000-6681a000 r--s 00006000 08:01 1149451    /usr/share/java/plexus-sec-dispatcher.jar
6681a000-6681e000 r--s 00038000 08:01 1149495    /usr/share/java/plexus-utils2.jar
6681e000-66824000 r--s 00048000 08:01 1149288    /usr/share/java/jsoup.jar
66824000-6687f000 rw-p 00000000 00:00 0 
6687f000-66880000 ---p 00000000 00:00 0 
66880000-66900000 rw-p 00000000 00:00 0 
66900000-66921000 rw-p 00000000 00:00 0 
66921000-66a00000 ---p 00000000 00:00 0 
66a00000-66a02000 r--s 0000a000 08:01 1149529    /usr/share/java/maven3-plugin-api-3.3.9.jar
66a02000-66a07000 r--s 00025000 08:01 1149533    /usr/share/java/maven3-model-builder-3.3.9.jar
66a07000-66a0c000 r--s 00040000 08:01 1145678    /usr/share/java/commons-lang-2.6.jar
66a0c000-66a0e000 r--s 00000000 08:01 1149499    /usr/share/java/plexus-component-annotations-1.5.jar
66a0e000-66a10000 r--s 00012000 08:01 1144777    /usr/share/java/el-api-3.0.jar
66a10000-66a13000 r--s 00008000 08:01 1149246    /usr/share/java/cdi-api-1.0.jar
66a13000-66a1a000 r--s 00041000 08:01 1149530    /usr/share/java/maven3-compat-3.3.9.jar
66a1a000-66a28000 r--s 00095000 08:01 1149408    /usr/share/java/guice.jar
66a28000-66a29000 ---p 00000000 00:00 0 
66a29000-66abf000 rw-p 00000000 00:00 0 
66abf000-66bff000 ---p 00000000 00:00 0 
66bff000-66c15000 rw-p 00000000 00:00 0 
66c15000-66d54000 ---p 00000000 00:00 0 
66d54000-66d5f000 rw-p 00000000 00:00 0 
66d5f000-66dff000 ---p 00000000 00:00 0 
66dff000-698c0000 rw-p 00000000 00:00 0 
698c0000-918c0000 ---p 00000000 00:00 0 
918c0000-92e00000 rw-p 00000000 00:00 0 
92e00000-a6e00000 ---p 00000000 00:00 0 
a6e00000-a6e01000 r--s 00000000 08:01 1149240    /usr/share/java/geronimo-interceptor-3.0-spec-1.0.1.jar
a6e01000-a6e02000 r--s 00000000 08:01 1145399    /usr/share/java/atinject-jsr330-api-1.0.jar
a6e02000-a6e04000 r--s 0000a000 08:01 1149493    /usr/share/java/plexus-classworlds2-2.5.2.jar
a6e04000-a6e1f000 r--s 00394000 08:01 1693228    /usr/lib/jvm/java-8-openjdk-i386/jre/lib/ext/cldrdata.jar
a6e1f000-a6e3a000 r--s 001d6000 08:01 1693230    /usr/lib/jvm/java-8-openjdk-i386/jre/lib/ext/nashorn.jar
a6e3a000-a6e40000 r--s 0003a000 08:01 1693231    /usr/lib/jvm/java-8-openjdk-i386/jre/lib/ext/sunjce_provider.jar
a6e40000-a6e49000 rw-p 00000000 00:00 0 
a6e49000-a7200000 ---p 00000000 00:00 0 
a7200000-a7440000 rwxp 00000000 00:00 0 
a7440000-b6200000 ---p 00000000 00:00 0 
b6200000-b62fb000 rw-p 00000000 00:00 0 
b62fb000-b6300000 ---p 00000000 00:00 0 
b6300000-b6302000 r--s 00008000 08:01 1693232    /usr/lib/jvm/java-8-openjdk-i386/jre/lib/ext/sunec.jar
b6302000-b630c000 r--s 00116000 08:01 1693233    /usr/lib/jvm/java-8-openjdk-i386/jre/lib/ext/localedata.jar
b630c000-b6324000 rw-p 00000000 00:00 0 
b6324000-b632f000 r-xp 00000000 08:01 3402889    /lib/i386-linux-gnu/libnss_files-2.23.so
b632f000-b6330000 r--p 0000a000 08:01 3402889    /lib/i386-linux-gnu/libnss_files-2.23.so
b6330000-b6331000 rw-p 0000b000 08:01 3402889    /lib/i386-linux-gnu/libnss_files-2.23.so
b6331000-b6337000 rw-p 00000000 00:00 0 
b6337000-b6342000 r-xp 00000000 08:01 3402895    /lib/i386-linux-gnu/libnss_nis-2.23.so
b6342000-b6343000 r--p 0000a000 08:01 3402895    /lib/i386-linux-gnu/libnss_nis-2.23.so
b6343000-b6344000 rw-p 0000b000 08:01 3402895    /lib/i386-linux-gnu/libnss_nis-2.23.so
b6344000-b635b000 r-xp 00000000 08:01 3402652    /lib/i386-linux-gnu/libnsl-2.23.so
b635b000-b635c000 r--p 00016000 08:01 3402652    /lib/i386-linux-gnu/libnsl-2.23.so
b635c000-b635d000 rw-p 00017000 08:01 3402652    /lib/i386-linux-gnu/libnsl-2.23.so
b635d000-b635f000 rw-p 00000000 00:00 0 
b635f000-b6367000 r-xp 00000000 08:01 3402720    /lib/i386-linux-gnu/libnss_compat-2.23.so
b6367000-b6368000 r--p 00007000 08:01 3402720    /lib/i386-linux-gnu/libnss_compat-2.23.so
b6368000-b6369000 rw-p 00008000 08:01 3402720    /lib/i386-linux-gnu/libnss_compat-2.23.so
b6369000-b636a000 r--s 00010000 08:01 1693229    /usr/lib/jvm/java-8-openjdk-i386/jre/lib/ext/zipfs.jar
b636a000-b636c000 r--s 00001000 08:01 1693236    /usr/lib/jvm/java-8-openjdk-i386/jre/lib/ext/dnsns.jar
b636c000-b636f000 r--s 0000f000 08:01 1693227    /usr/lib/jvm/java-8-openjdk-i386/jre/lib/ext/icedtea-sound.jar
b636f000-b6377000 r-xp 00000000 08:01 1693277    /usr/lib/jvm/java-8-openjdk-i386/jre/lib/i386/libzip.so
b6377000-b6378000 r--p 00007000 08:01 1693277    /usr/lib/jvm/java-8-openjdk-i386/jre/lib/i386/libzip.so
b6378000-b6379000 rw-p 00008000 08:01 1693277    /usr/lib/jvm/java-8-openjdk-i386/jre/lib/i386/libzip.so
b6379000-b6381000 rw-s 00000000 08:01 2577576    /tmp/hsperfdata_sarnobat/10058
b6381000-b63a8000 r-xp 00000000 08:01 1693258    /usr/lib/jvm/java-8-openjdk-i386/jre/lib/i386/libjava.so
b63a8000-b63a9000 r--p 00026000 08:01 1693258    /usr/lib/jvm/java-8-openjdk-i386/jre/lib/i386/libjava.so
b63a9000-b63aa000 rw-p 00027000 08:01 1693258    /usr/lib/jvm/java-8-openjdk-i386/jre/lib/i386/libjava.so
b63aa000-b63b1000 r-xp 00000000 08:01 3402905    /lib/i386-linux-gnu/librt-2.23.so
b63b1000-b63b2000 r--p 00006000 08:01 3402905    /lib/i386-linux-gnu/librt-2.23.so
b63b2000-b63b3000 rw-p 00007000 08:01 3402905    /lib/i386-linux-gnu/librt-2.23.so
b63b3000-b63b6000 ---p 00000000 00:00 0 
b63b6000-b6404000 rw-p 00000000 00:00 0 
b6404000-b6420000 r-xp 00000000 08:01 3402590    /lib/i386-linux-gnu/libgcc_s.so.1
b6420000-b6421000 rw-p 0001b000 08:01 3402590    /lib/i386-linux-gnu/libgcc_s.so.1
b6421000-b6474000 r-xp 00000000 08:01 3402651    /lib/i386-linux-gnu/libm-2.23.so
b6474000-b6475000 r--p 00052000 08:01 3402651    /lib/i386-linux-gnu/libm-2.23.so
b6475000-b6476000 rw-p 00053000 08:01 3402651    /lib/i386-linux-gnu/libm-2.23.so
b6476000-b65e3000 r-xp 00000000 08:01 1104849    /usr/lib/i386-linux-gnu/libstdc++.so.6.0.21
b65e3000-b65e4000 ---p 0016d000 08:01 1104849    /usr/lib/i386-linux-gnu/libstdc++.so.6.0.21
b65e4000-b65e9000 r--p 0016d000 08:01 1104849    /usr/lib/i386-linux-gnu/libstdc++.so.6.0.21
b65e9000-b65ea000 rw-p 00172000 08:01 1104849    /usr/lib/i386-linux-gnu/libstdc++.so.6.0.21
b65ea000-b65ed000 rw-p 00000000 00:00 0 
b65ed000-b70be000 r-xp 00000000 08:01 1693269    /usr/lib/jvm/java-8-openjdk-i386/jre/lib/i386/server/libjvm.so
b70be000-b7104000 r--p 00ad0000 08:01 1693269    /usr/lib/jvm/java-8-openjdk-i386/jre/lib/i386/server/libjvm.so
b7104000-b711b000 rw-p 00b16000 08:01 1693269    /usr/lib/jvm/java-8-openjdk-i386/jre/lib/i386/server/libjvm.so
b711b000-b753b000 rw-p 00000000 00:00 0 
b753b000-b7554000 r-xp 00000000 08:01 3402662    /lib/i386-linux-gnu/libpthread-2.23.so
b7554000-b7555000 r--p 00018000 08:01 3402662    /lib/i386-linux-gnu/libpthread-2.23.so
b7555000-b7556000 rw-p 00019000 08:01 3402662    /lib/i386-linux-gnu/libpthread-2.23.so
b7556000-b7558000 rw-p 00000000 00:00 0 
b7558000-b755b000 r-xp 00000000 08:01 3402697    /lib/i386-linux-gnu/libdl-2.23.so
b755b000-b755c000 r--p 00002000 08:01 3402697    /lib/i386-linux-gnu/libdl-2.23.so
b755c000-b755d000 rw-p 00003000 08:01 3402697    /lib/i386-linux-gnu/libdl-2.23.so
b755d000-b755e000 rw-p 00000000 00:00 0 
b755e000-b7577000 r-xp 00000000 08:01 3402741    /lib/i386-linux-gnu/libz.so.1.2.8
b7577000-b7578000 r--p 00018000 08:01 3402741    /lib/i386-linux-gnu/libz.so.1.2.8
b7578000-b7579000 rw-p 00019000 08:01 3402741    /lib/i386-linux-gnu/libz.so.1.2.8
b7579000-b7729000 r-xp 00000000 08:01 3402663    /lib/i386-linux-gnu/libc-2.23.so
b7729000-b772b000 r--p 001af000 08:01 3402663    /lib/i386-linux-gnu/libc-2.23.so
b772b000-b772c000 rw-p 001b1000 08:01 3402663    /lib/i386-linux-gnu/libc-2.23.so
b772c000-b772f000 rw-p 00000000 00:00 0 
b772f000-b7730000 r--s 0000a000 08:01 1693235    /usr/lib/jvm/java-8-openjdk-i386/jre/lib/ext/jaccess.jar
b7730000-b7734000 r--s 00037000 08:01 1693234    /usr/lib/jvm/java-8-openjdk-i386/jre/lib/ext/sunpkcs11.jar
b7734000-b7735000 r--p 002d4000 08:01 1110568    /usr/lib/locale/locale-archive
b7735000-b7736000 rw-p 00000000 00:00 0 
b7736000-b7737000 r--p 00000000 00:00 0 
b7737000-b7745000 r-xp 00000000 08:01 1693275    /usr/lib/jvm/java-8-openjdk-i386/jre/lib/i386/libverify.so
b7745000-b7746000 r--p 0000d000 08:01 1693275    /usr/lib/jvm/java-8-openjdk-i386/jre/lib/i386/libverify.so
b7746000-b7747000 rw-p 0000e000 08:01 1693275    /usr/lib/jvm/java-8-openjdk-i386/jre/lib/i386/libverify.so
b7747000-b7754000 r-xp 00000000 08:01 1693273    /usr/lib/jvm/java-8-openjdk-i386/jre/lib/i386/jli/libjli.so
b7754000-b7755000 r--p 0000c000 08:01 1693273    /usr/lib/jvm/java-8-openjdk-i386/jre/lib/i386/jli/libjli.so
b7755000-b7756000 rw-p 0000d000 08:01 1693273    /usr/lib/jvm/java-8-openjdk-i386/jre/lib/i386/jli/libjli.so
b7756000-b7757000 rw-p 00000000 00:00 0 
b7757000-b7759000 r--p 00000000 00:00 0          [vvar]
b7759000-b775a000 r-xp 00000000 00:00 0          [vdso]
b775a000-b777d000 r-xp 00000000 08:01 3402661    /lib/i386-linux-gnu/ld-2.23.so
b777d000-b777e000 r--p 00022000 08:01 3402661    /lib/i386-linux-gnu/ld-2.23.so
b777e000-b777f000 rw-p 00023000 08:01 3402661    /lib/i386-linux-gnu/ld-2.23.so
bfb03000-bfb24000 rw-p 00000000 00:00 0          [stack]

VM Arguments:
jvm_args: -Dclassworlds.conf=/usr/share/maven/bin/m2.conf -Dmaven.home=/usr/share/maven -Dmaven.multiModuleProjectDirectory=/home/sarnobat/github/maven_project 
java_command: org.codehaus.plexus.classworlds.launcher.Launcher --quiet --settings /home/sarnobat/sarnobat.git/mac/.m2/settings.xml install exec:java -Dexec.mainClass=Md5RoCopyFile -Dexec.args=4486 ~/sarnobat.git/db/md5ro/md5_files.txt
java_class_path (initial): /usr/share/maven/boot/plexus-classworlds-2.x.jar
Launcher Type: SUN_STANDARD

Environment Variables:
JAVA_HOME=/usr/lib/jvm/java-8-openjdk-i386
PATH=/usr/bin:/bin
SHELL=/bin/sh

Signal Handlers:
SIGSEGV: [libjvm.so+0x8d7370], sa_mask[0]=11111111011111111101111111111110, sa_flags=SA_RESTART|SA_SIGINFO
SIGBUS: [libjvm.so+0x8d7370], sa_mask[0]=11111111011111111101111111111110, sa_flags=SA_RESTART|SA_SIGINFO
SIGFPE: [libjvm.so+0x73d1c0], sa_mask[0]=11111111011111111101111111111110, sa_flags=SA_RESTART|SA_SIGINFO
SIGPIPE: [libjvm.so+0x73d1c0], sa_mask[0]=11111111011111111101111111111110, sa_flags=SA_RESTART|SA_SIGINFO
SIGXFSZ: [libjvm.so+0x73d1c0], sa_mask[0]=11111111011111111101111111111110, sa_flags=SA_RESTART|SA_SIGINFO
SIGILL: [libjvm.so+0x73d1c0], sa_mask[0]=11111111011111111101111111111110, sa_flags=SA_RESTART|SA_SIGINFO
SIGUSR1: SIG_DFL, sa_mask[0]=00000000000000000000000000000000, sa_flags=none
SIGUSR2: [libjvm.so+0x73d000], sa_mask[0]=00000000000000000000000000000000, sa_flags=SA_RESTART|SA_SIGINFO
SIGHUP: [libjvm.so+0x73d790], sa_mask[0]=11111111011111111101111111111110, sa_flags=SA_RESTART|SA_SIGINFO
SIGINT: [libjvm.so+0x73d790], sa_mask[0]=11111111011111111101111111111110, sa_flags=SA_RESTART|SA_SIGINFO
SIGTERM: [libjvm.so+0x73d790], sa_mask[0]=11111111011111111101111111111110, sa_flags=SA_RESTART|SA_SIGINFO
SIGQUIT: [libjvm.so+0x73d790], sa_mask[0]=11111111011111111101111111111110, sa_flags=SA_RESTART|SA_SIGINFO


---------------  S Y S T E M  ---------------

OS:DISTRIB_ID=Ubuntu
DISTRIB_RELEASE=16.04
DISTRIB_CODENAME=xenial
DISTRIB_DESCRIPTION="Ubuntu 16.04.1 LTS"

uname:Linux 4.4.0-104-generic #127-Ubuntu SMP Mon Dec 11 12:16:50 UTC 2017 i686
libc:glibc 2.23 NPTL 2.23 
rlimit: STACK 8192k, CORE 0k, NPROC 63057, NOFILE 1048576, AS infinity
load average:2.52 2.18 2.16

/proc/meminfo:
MemTotal:        8107456 kB
MemFree:          345052 kB
MemAvailable:          0 kB
Buffers:            7912 kB
Cached:           249240 kB
SwapCached:         6672 kB
Active:          6160156 kB
Inactive:        1390660 kB
Active(anon):    6123160 kB
Inactive(anon):  1341088 kB
Active(file):      36996 kB
Inactive(file):    49572 kB
Unevictable:           0 kB
Mlocked:               0 kB
HighTotal:       7292552 kB
HighFree:          54652 kB
LowTotal:         814904 kB
LowFree:          290400 kB
SwapTotal:       4007932 kB
SwapFree:              0 kB
Dirty:               836 kB
Writeback:             0 kB
AnonPages:       7287564 kB
Mapped:            56656 kB
Shmem:            170308 kB
Slab:              98496 kB
SReclaimable:      51428 kB
SUnreclaim:        47068 kB
KernelStack:       16576 kB
PageTables:        46112 kB
NFS_Unstable:          0 kB
Bounce:                0 kB
WritebackTmp:          0 kB
CommitLimit:     8061660 kB
Committed_AS:   25982568 kB
VmallocTotal:     122880 kB
VmallocUsed:           0 kB
VmallocChunk:          0 kB
AnonHugePages:   4374528 kB
CmaTotal:              0 kB
CmaFree:               0 kB
HugePages_Total:       0
HugePages_Free:        0
HugePages_Rsvd:        0
HugePages_Surp:        0
Hugepagesize:       2048 kB
DirectMap4k:       34808 kB
DirectMap2M:      876544 kB


CPU:total 4 (initial active 4) (2 cores per cpu, 2 threads per core) family 6 model 58 stepping 9, cmov, cx8, fxsr, mmx, sse, sse2, sse3, ssse3, sse4.1, sse4.2, popcnt, avx, aes, clmul, erms, ht, tsc, tscinvbit, tscinv

/proc/cpuinfo:
processor	: 0
vendor_id	: GenuineIntel
cpu family	: 6
model		: 58
model name	: Intel(R) Core(TM) i5-3427U CPU @ 1.80GHz
stepping	: 9
microcode	: 0x17
cpu MHz		: 1099.957
cache size	: 3072 KB
physical id	: 0
siblings	: 4
core id		: 0
cpu cores	: 2
apicid		: 0
initial apicid	: 0
fdiv_bug	: no
f00f_bug	: no
coma_bug	: no
fpu		: yes
fpu_exception	: yes
cpuid level	: 13
wp		: yes
flags		: fpu vme de pse tsc msr pae mce cx8 apic sep mtrr pge mca cmov pat pse36 clflush dts acpi mmx fxsr sse sse2 ss ht tm pbe nx rdtscp lm constant_tsc arch_perfmon pebs bts xtopology nonstop_tsc aperfmperf eagerfpu pni pclmulqdq dtes64 monitor ds_cpl vmx smx est tm2 ssse3 cx16 xtpr pdcm pcid sse4_1 sse4_2 x2apic popcnt tsc_deadline_timer aes xsave avx f16c rdrand lahf_lm epb tpr_shadow vnmi flexpriority ept vpid fsgsbase smep erms xsaveopt dtherm ida arat pln pts
bugs		:
bogomips	: 4589.86
clflush size	: 64
cache_alignment	: 64
address sizes	: 36 bits physical, 48 bits virtual
power management:

processor	: 1
vendor_id	: GenuineIntel
cpu family	: 6
model		: 58
model name	: Intel(R) Core(TM) i5-3427U CPU @ 1.80GHz
stepping	: 9
microcode	: 0x17
cpu MHz		: 1099.957
cache size	: 3072 KB
physical id	: 0
siblings	: 4
core id		: 1
cpu cores	: 2
apicid		: 2
initial apicid	: 2
fdiv_bug	: no
f00f_bug	: no
coma_bug	: no
fpu		: yes
fpu_exception	: yes
cpuid level	: 13
wp		: yes
flags		: fpu vme de pse tsc msr pae mce cx8 apic sep mtrr pge mca cmov pat pse36 clflush dts acpi mmx fxsr sse sse2 ss ht tm pbe nx rdtscp lm constant_tsc arch_perfmon pebs bts xtopology nonstop_tsc aperfmperf eagerfpu pni pclmulqdq dtes64 monitor ds_cpl vmx smx est tm2 ssse3 cx16 xtpr pdcm pcid sse4_1 sse4_2 x2apic popcnt tsc_deadline_timer aes xsave avx f16c rdrand lahf_lm epb tpr_shadow vnmi flexpriority ept vpid fsgsbase smep erms xsaveopt dtherm ida arat pln pts
bugs		:
bogomips	: 4589.86
clflush size	: 64
cache_alignment	: 64
address sizes	: 36 bits physical, 48 bits virtual
power management:

processor	: 2
vendor_id	: GenuineIntel
cpu family	: 6
model		: 58
model name	: Intel(R) Core(TM) i5-3427U CPU @ 1.80GHz
stepping	: 9
microcode	: 0x17
cpu MHz		: 1099.957
cache size	: 3072 KB
physical id	: 0
siblings	: 4
core id		: 0
cpu cores	: 2
apicid		: 1
initial apicid	: 1
fdiv_bug	: no
f00f_bug	: no
coma_bug	: no
fpu		: yes
fpu_exception	: yes
cpuid level	: 13
wp		: yes
flags		: fpu vme de pse tsc msr pae mce cx8 apic sep mtrr pge mca cmov pat pse36 clflush dts acpi mmx fxsr sse sse2 ss ht tm pbe nx rdtscp lm constant_tsc arch_perfmon pebs bts xtopology nonstop_tsc aperfmperf eagerfpu pni pclmulqdq dtes64 monitor ds_cpl vmx smx est tm2 ssse3 cx16 xtpr pdcm pcid sse4_1 sse4_2 x2apic popcnt tsc_deadline_timer aes xsave avx f16c rdrand lahf_lm epb tpr_shadow vnmi flexpriority ept vpid fsgsbase smep erms xsaveopt dtherm ida arat pln pts
bugs		:
bogomips	: 4589.86
clflush size	: 64
cache_alignment	: 64
address sizes	: 36 bits physical, 48 bits virtual
power management:

processor	: 3
vendor_id	: GenuineIntel
cpu family	: 6
model		: 58
model name	: Intel(R) Core(TM) i5-3427U CPU @ 1.80GHz
stepping	: 9
microcode	: 0x17
cpu MHz		: 1099.957
cache size	: 3072 KB
physical id	: 0
siblings	: 4
core id		: 1
cpu cores	: 2
apicid		: 3
initial apicid	: 3
fdiv_bug	: no
f00f_bug	: no
coma_bug	: no
fpu		: yes
fpu_exception	: yes
cpuid level	: 13
wp		: yes
flags		: fpu vme de pse tsc msr pae mce cx8 apic sep mtrr pge mca cmov pat pse36 clflush dts acpi mmx fxsr sse sse2 ss ht tm pbe nx rdtscp lm constant_tsc arch_perfmon pebs bts xtopology nonstop_tsc aperfmperf eagerfpu pni pclmulqdq dtes64 monitor ds_cpl vmx smx est tm2 ssse3 cx16 xtpr pdcm pcid sse4_1 sse4_2 x2apic popcnt tsc_deadline_timer aes xsave avx f16c rdrand lahf_lm epb tpr_shadow vnmi flexpriority ept vpid fsgsbase smep erms xsaveopt dtherm ida arat pln pts
bugs		:
bogomips	: 4589.86
clflush size	: 64
cache_alignment	: 64
address sizes	: 36 bits physical, 48 bits virtual
power management:



Memory: 4k page, physical 8107456k(345052k free), swap 4007932k(0k free)

vm_info: OpenJDK Server VM (25.151-b12) for linux-x86 JRE (1.8.0_151-8u151-b12-0ubuntu0.16.04.2-b12), built on Oct 27 2017 22:05:04 by "buildd" with gcc 5.4.0 20160609

time: Sat Mar 24 15:44:03 2018
elapsed time: 1 seconds (0d 0h 0m 1s)

