#
# There is insufficient memory for the Java Runtime Environment to continue.
# Native memory allocation (mmap) failed to map 70254592 bytes for committing reserved memory.
# Possible reasons:
#   The system is out of physical RAM or swap space
#   In 32 bit mode, the process size limit was hit
# Possible solutions:
#   Reduce memory load on the system
#   Increase physical memory or swap space
#   Check if swap backing store is full
#   Use 64 bit Java on a 64 bit OS
#   Decrease Java heap size (-Xmx/-Xms)
#   Decrease number of Java threads
#   Decrease Java thread stack sizes (-Xss)
#   Set larger code cache with -XX:ReservedCodeCacheSize=
# This output file may be truncated or incomplete.
#
#  Out of Memory Error (os_linux.cpp:2643), pid=29074, tid=0x638e4b40
#
# JRE version: OpenJDK Runtime Environment (8.0_151-b12) (build 1.8.0_151-8u151-b12-0ubuntu0.16.04.2-b12)
# Java VM: OpenJDK Server VM (25.151-b12 mixed mode linux-x86 )
# Failed to write core dump. Core dumps have been disabled. To enable core dumping, try "ulimit -c unlimited" before starting Java again
#

---------------  T H R E A D  ---------------

Current thread (0x63781000):  VMThread [stack: 0x63864000,0x638e5000] [id=29138]

Stack: [0x63864000,0x638e5000],  sp=0x638e3b40,  free space=510k
Native frames: (J=compiled Java code, j=interpreted, Vv=VM code, C=native code)
V  [libjvm.so+0x8d6834]
V  [libjvm.so+0x3a7c76]
V  [libjvm.so+0x7420c0]
V  [libjvm.so+0x73c013]
V  [libjvm.so+0x7ad98c]
V  [libjvm.so+0x7ae9cb]
V  [libjvm.so+0x7ab487]
V  [libjvm.so+0x7abcd3]
V  [libjvm.so+0x764c75]
V  [libjvm.so+0x8d83f9]
V  [libjvm.so+0x8dd466]
V  [libjvm.so+0x8db620]
V  [libjvm.so+0x8dbd75]
V  [libjvm.so+0x8dc37b]
V  [libjvm.so+0x73f2b5]
C  [libpthread.so.0+0x6295]  start_thread+0xe5

VM_Operation (0xb63f5a44): ParallelGCFailedAllocation, mode: safepoint, requested by thread 0xb6207800


---------------  P R O C E S S  ---------------

Java Threads: ( => current thread )
  0x637aa400 JavaThread "Service Thread" daemon [_thread_blocked, id=29152, stack(0x630db000,0x6312c000)]
  0x637a7000 JavaThread "C1 CompilerThread2" daemon [_thread_blocked, id=29151, stack(0x6312c000,0x631ad000)]
  0x637a5c00 JavaThread "C2 CompilerThread1" daemon [_thread_blocked, id=29150, stack(0x631ad000,0x6322e000)]
  0x637a3c00 JavaThread "C2 CompilerThread0" daemon [_thread_blocked, id=29149, stack(0x6322e000,0x632af000)]
  0x637a2400 JavaThread "Signal Dispatcher" daemon [_thread_blocked, id=29144, stack(0x632af000,0x63300000)]
  0x63788800 JavaThread "Finalizer" daemon [_thread_blocked, id=29143, stack(0x63813000,0x63864000)]
  0x63785800 JavaThread "Reference Handler" daemon [_thread_blocked, id=29140, stack(0x6642e000,0x6647f000)]
  0xb6207800 JavaThread "main" [_thread_blocked, id=29129, stack(0xb63a7000,0xb63f8000)]

Other Threads:
=>0x63781000 VMThread [stack: 0x63864000,0x638e5000] [id=29138]
  0x637ac000 WatcherThread [stack: 0x6305a000,0x630db000] [id=29154]

VM state:at safepoint (normal execution)

VM Mutex/Monitor currently owned by a thread:  ([mutex/lock_event])
[0xb6204f20] Threads_lock - owner thread: 0x63781000
[0xb6205330] Heap_lock - owner thread: 0xb6207800

Heap:
 PSYoungGen      total 72192K, used 6138K [0x918c0000, 0x965c0000, 0xa6e00000)
  eden space 66048K, 0% used [0x918c0000,0x918c0000,0x95940000)
  from space 6144K, 99% used [0x95940000,0x95f3e850,0x95f40000)
  to   space 5632K, 0% used [0x95f40000,0x95f40000,0x964c0000)
 ParOldGen       total 43776K, used 7729K [0x66e00000, 0x698c0000, 0x918c0000)
  object space 43776K, 17% used [0x66e00000,0x6758c530,0x698c0000)
 Metaspace       used 11060K, capacity 11165K, committed 11288K, reserved 11568K

Card table byte_map: [0x66bff000,0x66e00000] byte_map_base: 0x668c8000

Marking Bits: (ParMarkBitMap*) 0xb711d880
 Begin Bits: [0x64300000, 0x65300000)
 End Bits:   [0x65300000, 0x66300000)

Polling page: 0xb772a000

CodeCache: size=245760Kb used=7543Kb max_used=7543Kb free=238217Kb
 bounds [0xa7200000, 0xa7968000, 0xb6200000]
 total_blobs=3152 nmethods=2971 adapters=95
 compilation: enabled

Compilation events (10 events):
Event: 5.733 Thread 0x637a5c00 nmethod 2836 0xa7960508 code [0xa7960600, 0xa7960670]
Event: 5.733 Thread 0x637a5c00 2518       4       java.util.ArrayList::iterator (10 bytes)
Event: 5.734 Thread 0x637a5c00 nmethod 2518 0xa795eb48 code [0xa795ec40, 0xa795ecf0]
Event: 5.734 Thread 0x637a5c00 2980       4       org.codehaus.plexus.util.xml.pull.MXParser::newString (11 bytes)
Event: 5.745 Thread 0x637a7000 2984       3       org.apache.maven.model.building.DefaultModelBuilder::getCache (50 bytes)
Event: 5.745 Thread 0x637a7000 nmethod 2984 0xa794a8c8 code [0xa794aa60, 0xa794b088]
Event: 5.749 Thread 0x637a7000 2985       3       java.io.File::getAbsoluteFile (21 bytes)
Event: 5.750 Thread 0x637a7000 nmethod 2985 0xa7960cc8 code [0xa7960ec0, 0xa79617fc]
Event: 5.768 Thread 0x637a7000 2989       3       java.util.EnumSet::noneOf (63 bytes)
Event: 5.770 Thread 0x637a7000 nmethod 2989 0xa795ed88 code [0xa795efe0, 0xa795fc94]

GC Heap History (10 events):
Event: 1.131 GC heap after
Heap after GC invocations=2 (full 0):
 PSYoungGen      total 19200K, used 2551K [0x918c0000, 0x93e40000, 0xa6e00000)
  eden space 16640K, 0% used [0x918c0000,0x918c0000,0x92900000)
  from space 2560K, 99% used [0x92b80000,0x92dfdd80,0x92e00000)
  to   space 2560K, 0% used [0x92900000,0x92900000,0x92b80000)
 ParOldGen       total 43776K, used 862K [0x66e00000, 0x698c0000, 0x918c0000)
  object space 43776K, 1% used [0x66e00000,0x66ed7a70,0x698c0000)
 Metaspace       used 5283K, capacity 5322K, committed 5400K, reserved 5424K
}
Event: 1.395 GC heap before
{Heap before GC invocations=3 (full 0):
 PSYoungGen      total 19200K, used 19191K [0x918c0000, 0x93e40000, 0xa6e00000)
  eden space 16640K, 100% used [0x918c0000,0x92900000,0x92900000)
  from space 2560K, 99% used [0x92b80000,0x92dfdd80,0x92e00000)
  to   space 2560K, 0% used [0x92900000,0x92900000,0x92b80000)
 ParOldGen       total 43776K, used 862K [0x66e00000, 0x698c0000, 0x918c0000)
  object space 43776K, 1% used [0x66e00000,0x66ed7a70,0x698c0000)
 Metaspace       used 6632K, capacity 6679K, committed 6808K, reserved 7472K
Event: 1.402 GC heap after
Heap after GC invocations=3 (full 0):
 PSYoungGen      total 19200K, used 2551K [0x918c0000, 0x93e40000, 0xa6e00000)
  eden space 16640K, 0% used [0x918c0000,0x918c0000,0x92900000)
  from space 2560K, 99% used [0x92900000,0x92b7dc80,0x92b80000)
  to   space 2560K, 0% used [0x93bc0000,0x93bc0000,0x93e40000)
 ParOldGen       total 43776K, used 2297K [0x66e00000, 0x698c0000, 0x918c0000)
  object space 43776K, 5% used [0x66e00000,0x6703e538,0x698c0000)
 Metaspace       used 6632K, capacity 6679K, committed 6808K, reserved 7472K
}
Event: 1.753 GC heap before
{Heap before GC invocations=4 (full 0):
 PSYoungGen      total 19200K, used 19191K [0x918c0000, 0x93e40000, 0xa6e00000)
  eden space 16640K, 100% used [0x918c0000,0x92900000,0x92900000)
  from space 2560K, 99% used [0x92900000,0x92b7dc80,0x92b80000)
  to   space 2560K, 0% used [0x93bc0000,0x93bc0000,0x93e40000)
 ParOldGen       total 43776K, used 2297K [0x66e00000, 0x698c0000, 0x918c0000)
  object space 43776K, 5% used [0x66e00000,0x6703e538,0x698c0000)
 Metaspace       used 8072K, capacity 8158K, committed 8216K, reserved 8496K
Event: 1.764 GC heap after
Heap after GC invocations=4 (full 0):
 PSYoungGen      total 35840K, used 2546K [0x918c0000, 0x93e40000, 0xa6e00000)
  eden space 33280K, 0% used [0x918c0000,0x918c0000,0x93940000)
  from space 2560K, 99% used [0x93bc0000,0x93e3c890,0x93e40000)
  to   space 2560K, 0% used [0x93940000,0x93940000,0x93bc0000)
 ParOldGen       total 43776K, used 4345K [0x66e00000, 0x698c0000, 0x918c0000)
  object space 43776K, 9% used [0x66e00000,0x6723e5f0,0x698c0000)
 Metaspace       used 8072K, capacity 8158K, committed 8216K, reserved 8496K
}
Event: 3.008 GC heap before
{Heap before GC invocations=5 (full 0):
 PSYoungGen      total 35840K, used 35826K [0x918c0000, 0x93e40000, 0xa6e00000)
  eden space 33280K, 100% used [0x918c0000,0x93940000,0x93940000)
  from space 2560K, 99% used [0x93bc0000,0x93e3c890,0x93e40000)
  to   space 2560K, 0% used [0x93940000,0x93940000,0x93bc0000)
 ParOldGen       total 43776K, used 4345K [0x66e00000, 0x698c0000, 0x918c0000)
  object space 43776K, 9% used [0x66e00000,0x6723e5f0,0x698c0000)
 Metaspace       used 9971K, capacity 10075K, committed 10136K, reserved 10544K
Event: 3.032 GC heap after
Heap after GC invocations=5 (full 0):
 PSYoungGen      total 35840K, used 2554K [0x918c0000, 0x964c0000, 0xa6e00000)
  eden space 33280K, 0% used [0x918c0000,0x918c0000,0x93940000)
  from space 2560K, 99% used [0x93940000,0x93bbe850,0x93bc0000)
  to   space 5632K, 0% used [0x95f40000,0x95f40000,0x964c0000)
 ParOldGen       total 43776K, used 6453K [0x66e00000, 0x698c0000, 0x918c0000)
  object space 43776K, 14% used [0x66e00000,0x6744d4e0,0x698c0000)
 Metaspace       used 9971K, capacity 10075K, committed 10136K, reserved 10544K
}
Event: 4.284 GC heap before
{Heap before GC invocations=6 (full 0):
 PSYoungGen      total 35840K, used 35834K [0x918c0000, 0x964c0000, 0xa6e00000)
  eden space 33280K, 100% used [0x918c0000,0x93940000,0x93940000)
  from space 2560K, 99% used [0x93940000,0x93bbe850,0x93bc0000)
  to   space 5632K, 0% used [0x95f40000,0x95f40000,0x964c0000)
 ParOldGen       total 43776K, used 6453K [0x66e00000, 0x698c0000, 0x918c0000)
  object space 43776K, 14% used [0x66e00000,0x6744d4e0,0x698c0000)
 Metaspace       used 10764K, capacity 10860K, committed 11032K, reserved 11568K
Event: 4.320 GC heap after
Heap after GC invocations=6 (full 0):
 PSYoungGen      total 71680K, used 5207K [0x918c0000, 0x965c0000, 0xa6e00000)
  eden space 66048K, 0% used [0x918c0000,0x918c0000,0x95940000)
  from space 5632K, 92% used [0x95f40000,0x96455cc0,0x964c0000)
  to   space 6144K, 0% used [0x95940000,0x95940000,0x95f40000)
 ParOldGen       total 43776K, used 6453K [0x66e00000, 0x698c0000, 0x918c0000)
  object space 43776K, 14% used [0x66e00000,0x6744d4e0,0x698c0000)
 Metaspace       used 10764K, capacity 10860K, committed 11032K, reserved 11568K
}
Event: 5.771 GC heap before
{Heap before GC invocations=7 (full 0):
 PSYoungGen      total 71680K, used 71255K [0x918c0000, 0x965c0000, 0xa6e00000)
  eden space 66048K, 100% used [0x918c0000,0x95940000,0x95940000)
  from space 5632K, 92% used [0x95f40000,0x96455cc0,0x964c0000)
  to   space 6144K, 0% used [0x95940000,0x95940000,0x95f40000)
 ParOldGen       total 43776K, used 6453K [0x66e00000, 0x698c0000, 0x918c0000)
  object space 43776K, 14% used [0x66e00000,0x6744d4e0,0x698c0000)
 Metaspace       used 11060K, capacity 11165K, committed 11288K, reserved 11568K

Deoptimization events (10 events):
Event: 3.648 Thread 0xb6207800 Uncommon trap: reason=unstable_if action=reinterpret pc=0xa751f194 method=java.util.HashMap.hash(Ljava/lang/Object;)I @ 1
Event: 5.178 Thread 0xb6207800 Uncommon trap: reason=speculate_class_check action=maybe_recompile pc=0xa787d344 method=java.nio.charset.CharsetDecoder.decode(Ljava/nio/ByteBuffer;Ljava/nio/CharBuffer;Z)Ljava/nio/charset/CoderResult; @ 57
Event: 5.183 Thread 0xb6207800 Uncommon trap: reason=speculate_class_check action=maybe_recompile pc=0xa787d344 method=java.nio.charset.CharsetDecoder.decode(Ljava/nio/ByteBuffer;Ljava/nio/CharBuffer;Z)Ljava/nio/charset/CoderResult; @ 57
Event: 5.185 Thread 0xb6207800 Uncommon trap: reason=speculate_class_check action=maybe_recompile pc=0xa787d344 method=java.nio.charset.CharsetDecoder.decode(Ljava/nio/ByteBuffer;Ljava/nio/CharBuffer;Z)Ljava/nio/charset/CoderResult; @ 57
Event: 5.194 Thread 0xb6207800 Uncommon trap: reason=speculate_class_check action=maybe_recompile pc=0xa787d344 method=java.nio.charset.CharsetDecoder.decode(Ljava/nio/ByteBuffer;Ljava/nio/CharBuffer;Z)Ljava/nio/charset/CoderResult; @ 57
Event: 5.441 Thread 0xb6207800 Uncommon trap: reason=bimorphic action=maybe_recompile pc=0xa78bcfb0 method=java.util.concurrent.ConcurrentHashMap.get(Ljava/lang/Object;)Ljava/lang/Object; @ 149
Event: 5.445 Thread 0xb6207800 Uncommon trap: reason=bimorphic action=maybe_recompile pc=0xa78bcfb0 method=java.util.concurrent.ConcurrentHashMap.get(Ljava/lang/Object;)Ljava/lang/Object; @ 149
Event: 5.448 Thread 0xb6207800 Uncommon trap: reason=bimorphic action=maybe_recompile pc=0xa78bcfb0 method=java.util.concurrent.ConcurrentHashMap.get(Ljava/lang/Object;)Ljava/lang/Object; @ 149
Event: 5.458 Thread 0xb6207800 Uncommon trap: reason=bimorphic action=maybe_recompile pc=0xa78bcfb0 method=java.util.concurrent.ConcurrentHashMap.get(Ljava/lang/Object;)Ljava/lang/Object; @ 149
Event: 5.739 Thread 0xb6207800 Uncommon trap: reason=null_check action=make_not_entrant pc=0xa7957200 method=org.apache.maven.model.io.xpp3.MavenXpp3Reader.checkFieldWithDuplicate(Lorg/codehaus/plexus/util/xml/pull/XmlPullParser;Ljava/lang/String;Ljava/lang/String;Ljava/util/Set;)Z @ 2

Internal exceptions (10 events):
Event: 2.889 Thread 0xb6207800 Exception <a 'java/lang/NullPointerException'> (0x935ee5e8) thrown at [/build/openjdk-8-Y4imzb/openjdk-8-8u151-b12/src/hotspot/src/share/vm/interpreter/linkResolver.cpp, line 1183]
Event: 2.889 Thread 0xb6207800 Exception <a 'java/lang/NullPointerException'> (0x935ee7f8) thrown at [/build/openjdk-8-Y4imzb/openjdk-8-8u151-b12/src/hotspot/src/share/vm/interpreter/linkResolver.cpp, line 1183]
Event: 2.890 Thread 0xb6207800 Exception <a 'java/lang/NullPointerException'> (0x935f6fd0) thrown at [/build/openjdk-8-Y4imzb/openjdk-8-8u151-b12/src/hotspot/src/share/vm/interpreter/linkResolver.cpp, line 1183]
Event: 2.890 Thread 0xb6207800 Exception <a 'java/lang/NullPointerException'> (0x935f71e0) thrown at [/build/openjdk-8-Y4imzb/openjdk-8-8u151-b12/src/hotspot/src/share/vm/interpreter/linkResolver.cpp, line 1183]
Event: 2.890 Thread 0xb6207800 Exception <a 'java/lang/NullPointerException'> (0x935f73f0) thrown at [/build/openjdk-8-Y4imzb/openjdk-8-8u151-b12/src/hotspot/src/share/vm/interpreter/linkResolver.cpp, line 1183]
Event: 3.429 Thread 0xb6207800 Implicit null exception at 0xa73a057e to 0xa73a0715
Event: 3.429 Thread 0xb6207800 Implicit null exception at 0xa74055cb to 0xa7405610
Event: 3.647 Thread 0xb6207800 Implicit null exception at 0xa7696943 to 0xa7696cdd
Event: 3.648 Thread 0xb6207800 Implicit null exception at 0xa751ee3f to 0xa751f185
Event: 5.739 Thread 0xb6207800 Implicit null exception at 0xa7956a0b to 0xa79571f5

Events (10 events):
Event: 5.449 Thread 0xb6207800 DEOPT UNPACKING pc=0xa723abd5 sp=0xb63f5ccc mode 2
Event: 5.458 Thread 0xb6207800 Uncommon trap: trap_request=0xffffffc6 fr.pc=0xa78bcfb0
Event: 5.458 Thread 0xb6207800 DEOPT PACKING pc=0xa78bcfb0 sp=0xb63f5d10
Event: 5.458 Thread 0xb6207800 DEOPT UNPACKING pc=0xa723abd5 sp=0xb63f5ccc mode 2
Event: 5.739 Thread 0xb6207800 Uncommon trap: trap_request=0xfffffff4 fr.pc=0xa7957200
Event: 5.739 Thread 0xb6207800 DEOPT PACKING pc=0xa7957200 sp=0xb63f5ad0
Event: 5.739 Thread 0xb6207800 DEOPT UNPACKING pc=0xa723abd5 sp=0xb63f5aac mode 2
Event: 5.759 Executing VM operation: ForceSafepoint
Event: 5.759 Executing VM operation: ForceSafepoint done
Event: 5.771 Executing VM operation: ParallelGCFailedAllocation


Dynamic libraries:
08048000-08049000 r-xp 00000000 08:01 1693306    /usr/lib/jvm/java-8-openjdk-i386/jre/bin/java
08049000-0804a000 r--p 00000000 08:01 1693306    /usr/lib/jvm/java-8-openjdk-i386/jre/bin/java
0804a000-0804b000 rw-p 00001000 08:01 1693306    /usr/lib/jvm/java-8-openjdk-i386/jre/bin/java
099a2000-09a2d000 rw-p 00000000 00:00 0          [heap]
5f100000-5f1f0000 rw-p 00000000 00:00 0 
5f1f0000-5f200000 ---p 00000000 00:00 0 
5f200000-5f25a000 rw-p 00000000 00:00 0 
5f25a000-5f300000 ---p 00000000 00:00 0 
5f300000-5f3f9000 rw-p 00000000 00:00 0 
5f3f9000-5f400000 ---p 00000000 00:00 0 
5f400000-5f4ca000 rw-p 00000000 00:00 0 
5f4ca000-5f500000 ---p 00000000 00:00 0 
5f500000-5f5fa000 rw-p 00000000 00:00 0 
5f5fa000-5f600000 ---p 00000000 00:00 0 
5fc00000-5fcf7000 rw-p 00000000 00:00 0 
5fcf7000-5fd00000 ---p 00000000 00:00 0 
5fd00000-5fe00000 rw-p 00000000 00:00 0 
5fe00000-5fefd000 rw-p 00000000 00:00 0 
5fefd000-5ff00000 ---p 00000000 00:00 0 
5ff00000-5fffa000 rw-p 00000000 00:00 0 
5fffa000-60000000 ---p 00000000 00:00 0 
60000000-601f7000 rw-p 00000000 00:00 0 
601f7000-60200000 ---p 00000000 00:00 0 
60200000-60400000 rw-p 00000000 00:00 0 
60400000-604f8000 rw-p 00000000 00:00 0 
604f8000-60500000 ---p 00000000 00:00 0 
60500000-60600000 rw-p 00000000 00:00 0 
60600000-606f9000 rw-p 00000000 00:00 0 
606f9000-60700000 ---p 00000000 00:00 0 
60800000-608fb000 rw-p 00000000 00:00 0 
608fb000-60900000 ---p 00000000 00:00 0 
60900000-609e0000 rw-p 00000000 00:00 0 
609e0000-60a00000 ---p 00000000 00:00 0 
60b00000-60be3000 rw-p 00000000 00:00 0 
60be3000-60c00000 ---p 00000000 00:00 0 
60c00000-60cff000 rw-p 00000000 00:00 0 
60cff000-60d00000 ---p 00000000 00:00 0 
60d00000-60dfd000 rw-p 00000000 00:00 0 
60dfd000-60e00000 ---p 00000000 00:00 0 
60e2c000-60e3d000 r-xp 00000000 08:01 1693283    /usr/lib/jvm/java-8-openjdk-i386/jre/lib/i386/libnio.so
60e3d000-60e3e000 r--p 00010000 08:01 1693283    /usr/lib/jvm/java-8-openjdk-i386/jre/lib/i386/libnio.so
60e3e000-60e3f000 rw-p 00011000 08:01 1693283    /usr/lib/jvm/java-8-openjdk-i386/jre/lib/i386/libnio.so
60e3f000-61000000 rw-p 00000000 00:00 0 
61000000-610d9000 rw-p 00000000 00:00 0 
610d9000-61100000 ---p 00000000 00:00 0 
61100000-61134000 rw-p 00000000 00:00 0 
61134000-61200000 ---p 00000000 00:00 0 
61200000-612f1000 rw-p 00000000 00:00 0 
612f1000-61300000 ---p 00000000 00:00 0 
61300000-613fc000 rw-p 00000000 00:00 0 
613fc000-61400000 ---p 00000000 00:00 0 
61400000-614fe000 rw-p 00000000 00:00 0 
614fe000-61500000 ---p 00000000 00:00 0 
61500000-615fb000 rw-p 00000000 00:00 0 
615fb000-61600000 ---p 00000000 00:00 0 
61600000-616fc000 rw-p 00000000 00:00 0 
616fc000-61700000 ---p 00000000 00:00 0 
61700000-617fc000 rw-p 00000000 00:00 0 
617fc000-61800000 ---p 00000000 00:00 0 
61800000-618fb000 rw-p 00000000 00:00 0 
618fb000-61900000 ---p 00000000 00:00 0 
61900000-619fd000 rw-p 00000000 00:00 0 
619fd000-61a00000 ---p 00000000 00:00 0 
61a00000-61ac0000 rw-p 00000000 00:00 0 
61ac0000-61b00000 ---p 00000000 00:00 0 
61b00000-61bfa000 rw-p 00000000 00:00 0 
61bfa000-61c00000 ---p 00000000 00:00 0 
61c00000-61cfe000 rw-p 00000000 00:00 0 
61cfe000-61d00000 ---p 00000000 00:00 0 
61d00000-61dec000 rw-p 00000000 00:00 0 
61dec000-61e00000 ---p 00000000 00:00 0 
61e00000-61efe000 rw-p 00000000 00:00 0 
61efe000-61f00000 ---p 00000000 00:00 0 
61f00000-61ffb000 rw-p 00000000 00:00 0 
61ffb000-62000000 ---p 00000000 00:00 0 
62000000-62100000 rw-p 00000000 00:00 0 
62100000-62200000 rw-p 00000000 00:00 0 
62200000-622fa000 rw-p 00000000 00:00 0 
622fa000-62300000 ---p 00000000 00:00 0 
62300000-62400000 rw-p 00000000 00:00 0 
62400000-62500000 rw-p 00000000 00:00 0 
62500000-62600000 rw-p 00000000 00:00 0 
62600000-62700000 rw-p 00000000 00:00 0 
62700000-627ff000 rw-p 00000000 00:00 0 
627ff000-62800000 ---p 00000000 00:00 0 
62800000-628f9000 rw-p 00000000 00:00 0 
628f9000-62900000 ---p 00000000 00:00 0 
62900000-629fd000 rw-p 00000000 00:00 0 
629fd000-62a00000 ---p 00000000 00:00 0 
62a00000-62b00000 rw-p 00000000 00:00 0 
62b00000-62bfc000 rw-p 00000000 00:00 0 
62bfc000-62c00000 ---p 00000000 00:00 0 
62c00000-62d00000 rw-p 00000000 00:00 0 
62d00000-62dfe000 rw-p 00000000 00:00 0 
62dfe000-62e00000 ---p 00000000 00:00 0 
62e00000-62f00000 rw-p 00000000 00:00 0 
62f00000-62ffe000 rw-p 00000000 00:00 0 
62ffe000-63000000 ---p 00000000 00:00 0 
63006000-6301c000 r-xp 00000000 08:01 1693270    /usr/lib/jvm/java-8-openjdk-i386/jre/lib/i386/libnet.so
6301c000-6301d000 r--p 00015000 08:01 1693270    /usr/lib/jvm/java-8-openjdk-i386/jre/lib/i386/libnet.so
6301d000-6301e000 rw-p 00016000 08:01 1693270    /usr/lib/jvm/java-8-openjdk-i386/jre/lib/i386/libnet.so
6301e000-63023000 r--s 0009a000 08:01 1693288    /usr/lib/jvm/java-8-openjdk-i386/jre/lib/jsse.jar
63023000-63030000 r--s 0008d000 08:01 1149531    /usr/share/java/maven3-core-3.3.9.jar
63030000-63031000 r--s 00001000 08:01 1149511    /usr/share/java/wagon-file-2.x.jar
63031000-63034000 r--s 00007000 08:01 1149537    /usr/share/java/maven3-settings-builder-3.3.9.jar
63034000-63036000 r--s 0000d000 08:01 1149536    /usr/share/java/maven3-aether-provider-3.3.9.jar
63036000-6303d000 r--s 0002c000 08:01 1149509    /usr/share/java/sisu-plexus.jar
6303d000-63041000 r--s 00027000 08:01 1145546    /usr/share/java/commons-io-2.4.jar
63041000-63049000 r--s 00054000 08:01 1149507    /usr/share/java/sisu-inject.jar
63049000-63050000 r--s 0005d000 08:01 1149254    /usr/share/java/commons-lang3.jar
63050000-63051000 r--s 00004000 08:01 1145398    /usr/share/java/atinject-jsr330-tck-1.0.jar
63051000-63053000 r--s 0000e000 08:01 1149271    /usr/share/java/plexus-interpolation.jar
63053000-63055000 r--s 00006000 08:01 1149372    /usr/share/java/eclipse-aether-spi.jar
63055000-63056000 r--s 00008000 08:01 1149370    /usr/share/java/eclipse-aether-connector-basic.jar
63056000-6305a000 r--s 00027000 08:01 1149367    /usr/share/java/eclipse-aether-impl.jar
6305a000-6305b000 ---p 00000000 00:00 0 
6305b000-630db000 rw-p 00000000 00:00 0 
630db000-630de000 ---p 00000000 00:00 0 
630de000-6312c000 rw-p 00000000 00:00 0 
6312c000-6312f000 ---p 00000000 00:00 0 
6312f000-631ad000 rw-p 00000000 00:00 0 
631ad000-631b0000 ---p 00000000 00:00 0 
631b0000-6322e000 rw-p 00000000 00:00 0 
6322e000-63231000 ---p 00000000 00:00 0 
63231000-632af000 rw-p 00000000 00:00 0 
632af000-632b2000 ---p 00000000 00:00 0 
632b2000-63300000 rw-p 00000000 00:00 0 
63300000-63500000 r--p 00000000 08:01 1105218    /usr/lib/locale/locale-archive
63500000-635fb000 rw-p 00000000 00:00 0 
635fb000-63600000 ---p 00000000 00:00 0 
63600000-63621000 rw-p 00000000 00:00 0 
63621000-63700000 ---p 00000000 00:00 0 
63700000-637fe000 rw-p 00000000 00:00 0 
637fe000-63800000 ---p 00000000 00:00 0 
63800000-63802000 r--s 00005000 08:01 1149373    /usr/share/java/eclipse-aether-transport-wagon.jar
63802000-63804000 r--s 00001000 08:01 1149403    /usr/share/java/aopalliance-1.0.jar
63804000-63806000 r--s 00001000 08:01 1149538    /usr/share/java/maven3-builder-support-3.3.9.jar
63806000-6380b000 r--s 0001d000 08:01 1149374    /usr/share/java/eclipse-aether-api.jar
6380b000-6380d000 r--s 00002000 08:01 1149449    /usr/share/java/plexus-cipher.jar
6380d000-6380f000 r--s 00013000 08:01 1149534    /usr/share/java/maven3-embedder-3.3.9.jar
6380f000-63811000 r--s 00027000 08:01 1149535    /usr/share/java/maven3-model-3.3.9.jar
63811000-63813000 r--s 0000a000 08:01 1147016    /usr/share/java/commons-cli-1.3.1.jar
63813000-63816000 ---p 00000000 00:00 0 
63816000-63864000 rw-p 00000000 00:00 0 
63864000-63865000 ---p 00000000 00:00 0 
63865000-638e5000 rw-p 00000000 00:00 0 
638e5000-63ab4000 r--s 03c21000 08:01 1693223    /usr/lib/jvm/java-8-openjdk-i386/jre/lib/rt.jar
63ab4000-63efa000 rw-p 00000000 00:00 0 
63efa000-63f00000 ---p 00000000 00:00 0 
63f00000-66300000 rw-p 00000000 00:00 0 
66300000-663f5000 rw-p 00000000 00:00 0 
663f5000-66400000 ---p 00000000 00:00 0 
66400000-66402000 r--s 0000a000 08:01 1149512    /usr/share/java/wagon-provider-api-2.x.jar
66402000-6642e000 r--s 00208000 08:01 1148516    /usr/share/java/guava.jar
6642e000-66431000 ---p 00000000 00:00 0 
66431000-6647f000 rw-p 00000000 00:00 0 
6647f000-66480000 ---p 00000000 00:00 0 
66480000-66500000 rw-p 00000000 00:00 0 
66500000-66600000 rw-p 00000000 00:00 0 
66600000-66631000 r--s 00207000 08:01 1149515    /usr/share/java/wagon-http-shaded-2.x.jar
66631000-6667f000 rw-p 00000000 00:00 0 
6667f000-66680000 ---p 00000000 00:00 0 
66680000-66700000 rw-p 00000000 00:00 0 
66700000-66721000 rw-p 00000000 00:00 0 
66721000-66800000 ---p 00000000 00:00 0 
66800000-66801000 r--s 00002000 08:01 1149066    /usr/share/java/slf4j-simple.jar
66801000-66804000 r--s 0000a000 08:01 1149539    /usr/share/java/maven3-artifact-3.3.9.jar
66804000-66808000 r--s 00020000 08:01 1149392    /usr/share/java/eclipse-aether-util.jar
66808000-66809000 r--s 00006000 08:01 1149532    /usr/share/java/maven3-repository-metadata-3.3.9.jar
66809000-6680b000 r--s 00007000 08:01 1149069    /usr/share/java/slf4j-api.jar
6680b000-6680c000 r--s 0000a000 08:01 1149528    /usr/share/java/maven3-settings-3.3.9.jar
6680c000-6680d000 r--s 00001000 08:01 1149518    /usr/share/java/wagon-http-shared-2.x.jar
6680d000-6680e000 r--s 00006000 08:01 1149451    /usr/share/java/plexus-sec-dispatcher.jar
6680e000-66812000 r--s 00038000 08:01 1149495    /usr/share/java/plexus-utils2.jar
66812000-66818000 r--s 00048000 08:01 1149288    /usr/share/java/jsoup.jar
66818000-6681a000 r--s 0000a000 08:01 1149529    /usr/share/java/maven3-plugin-api-3.3.9.jar
6681a000-6681f000 r--s 00025000 08:01 1149533    /usr/share/java/maven3-model-builder-3.3.9.jar
6681f000-66824000 r--s 00040000 08:01 1145678    /usr/share/java/commons-lang-2.6.jar
66824000-6687f000 rw-p 00000000 00:00 0 
6687f000-66880000 ---p 00000000 00:00 0 
66880000-66900000 rw-p 00000000 00:00 0 
66900000-66921000 rw-p 00000000 00:00 0 
66921000-66a00000 ---p 00000000 00:00 0 
66a00000-66a02000 r--s 00000000 08:01 1149499    /usr/share/java/plexus-component-annotations-1.5.jar
66a02000-66a03000 r--s 00000000 08:01 1149240    /usr/share/java/geronimo-interceptor-3.0-spec-1.0.1.jar
66a03000-66a05000 r--s 00012000 08:01 1149243    /usr/share/java/el-api-3.0.jar
66a05000-66a06000 r--s 00000000 08:01 1145399    /usr/share/java/atinject-jsr330-api-1.0.jar
66a06000-66a0d000 r--s 00041000 08:01 1149530    /usr/share/java/maven3-compat-3.3.9.jar
66a0d000-66a28000 r--s 00394000 08:01 1693228    /usr/lib/jvm/java-8-openjdk-i386/jre/lib/ext/cldrdata.jar
66a28000-66a29000 ---p 00000000 00:00 0 
66a29000-66abf000 rw-p 00000000 00:00 0 
66abf000-66bff000 ---p 00000000 00:00 0 
66bff000-66c15000 rw-p 00000000 00:00 0 
66c15000-66d54000 ---p 00000000 00:00 0 
66d54000-66d7b000 rw-p 00000000 00:00 0 
66d7b000-66dff000 ---p 00000000 00:00 0 
66dff000-698c0000 rw-p 00000000 00:00 0 
698c0000-918c0000 ---p 00000000 00:00 0 
918c0000-965c0000 rw-p 00000000 00:00 0 
9a8c0000-a6e00000 ---p 00000000 00:00 0 
a6e00000-a6e03000 r--s 00008000 08:01 1149246    /usr/share/java/cdi-api-1.0.jar
a6e03000-a6e11000 r--s 00095000 08:01 1149408    /usr/share/java/guice.jar
a6e11000-a6e13000 r--s 0000a000 08:01 1149493    /usr/share/java/plexus-classworlds2-2.5.2.jar
a6e13000-a6e15000 r--s 00008000 08:01 1693232    /usr/lib/jvm/java-8-openjdk-i386/jre/lib/ext/sunec.jar
a6e15000-a6e30000 r--s 001d6000 08:01 1693230    /usr/lib/jvm/java-8-openjdk-i386/jre/lib/ext/nashorn.jar
a6e30000-a6e36000 r--s 0003a000 08:01 1693231    /usr/lib/jvm/java-8-openjdk-i386/jre/lib/ext/sunjce_provider.jar
a6e36000-a6e40000 r--s 00116000 08:01 1693233    /usr/lib/jvm/java-8-openjdk-i386/jre/lib/ext/localedata.jar
a6e40000-a6e5e000 rw-p 00000000 00:00 0 
a6e5e000-a7200000 ---p 00000000 00:00 0 
a7200000-a7968000 rwxp 00000000 00:00 0 
a7968000-b6200000 ---p 00000000 00:00 0 
b6200000-b62fb000 rw-p 00000000 00:00 0 
b62fb000-b6300000 ---p 00000000 00:00 0 
b6300000-b6318000 rw-p 00000000 00:00 0 
b6318000-b6323000 r-xp 00000000 08:01 3401300    /lib/i386-linux-gnu/libnss_files-2.23.so
b6323000-b6324000 r--p 0000a000 08:01 3401300    /lib/i386-linux-gnu/libnss_files-2.23.so
b6324000-b6325000 rw-p 0000b000 08:01 3401300    /lib/i386-linux-gnu/libnss_files-2.23.so
b6325000-b632b000 rw-p 00000000 00:00 0 
b632b000-b6336000 r-xp 00000000 08:01 3401303    /lib/i386-linux-gnu/libnss_nis-2.23.so
b6336000-b6337000 r--p 0000a000 08:01 3401303    /lib/i386-linux-gnu/libnss_nis-2.23.so
b6337000-b6338000 rw-p 0000b000 08:01 3401303    /lib/i386-linux-gnu/libnss_nis-2.23.so
b6338000-b634f000 r-xp 00000000 08:01 3401221    /lib/i386-linux-gnu/libnsl-2.23.so
b634f000-b6350000 r--p 00016000 08:01 3401221    /lib/i386-linux-gnu/libnsl-2.23.so
b6350000-b6351000 rw-p 00017000 08:01 3401221    /lib/i386-linux-gnu/libnsl-2.23.so
b6351000-b6353000 rw-p 00000000 00:00 0 
b6353000-b635b000 r-xp 00000000 08:01 3401309    /lib/i386-linux-gnu/libnss_compat-2.23.so
b635b000-b635c000 r--p 00007000 08:01 3401309    /lib/i386-linux-gnu/libnss_compat-2.23.so
b635c000-b635d000 rw-p 00008000 08:01 3401309    /lib/i386-linux-gnu/libnss_compat-2.23.so
b635d000-b635e000 r--s 00010000 08:01 1693229    /usr/lib/jvm/java-8-openjdk-i386/jre/lib/ext/zipfs.jar
b635e000-b6360000 r--s 00001000 08:01 1693236    /usr/lib/jvm/java-8-openjdk-i386/jre/lib/ext/dnsns.jar
b6360000-b6363000 r--s 0000f000 08:01 1693227    /usr/lib/jvm/java-8-openjdk-i386/jre/lib/ext/icedtea-sound.jar
b6363000-b636b000 r-xp 00000000 08:01 1693277    /usr/lib/jvm/java-8-openjdk-i386/jre/lib/i386/libzip.so
b636b000-b636c000 r--p 00007000 08:01 1693277    /usr/lib/jvm/java-8-openjdk-i386/jre/lib/i386/libzip.so
b636c000-b636d000 rw-p 00008000 08:01 1693277    /usr/lib/jvm/java-8-openjdk-i386/jre/lib/i386/libzip.so
b636d000-b6375000 rw-s 00000000 08:01 2575864    /tmp/hsperfdata_sarnobat/29074
b6375000-b639c000 r-xp 00000000 08:01 1693258    /usr/lib/jvm/java-8-openjdk-i386/jre/lib/i386/libjava.so
b639c000-b639d000 r--p 00026000 08:01 1693258    /usr/lib/jvm/java-8-openjdk-i386/jre/lib/i386/libjava.so
b639d000-b639e000 rw-p 00027000 08:01 1693258    /usr/lib/jvm/java-8-openjdk-i386/jre/lib/i386/libjava.so
b639e000-b63a5000 r-xp 00000000 08:01 3401305    /lib/i386-linux-gnu/librt-2.23.so
b63a5000-b63a6000 r--p 00006000 08:01 3401305    /lib/i386-linux-gnu/librt-2.23.so
b63a6000-b63a7000 rw-p 00007000 08:01 3401305    /lib/i386-linux-gnu/librt-2.23.so
b63a7000-b63aa000 ---p 00000000 00:00 0 
b63aa000-b63f8000 rw-p 00000000 00:00 0 
b63f8000-b6414000 r-xp 00000000 08:01 3402590    /lib/i386-linux-gnu/libgcc_s.so.1
b6414000-b6415000 rw-p 0001b000 08:01 3402590    /lib/i386-linux-gnu/libgcc_s.so.1
b6415000-b6468000 r-xp 00000000 08:01 3401314    /lib/i386-linux-gnu/libm-2.23.so
b6468000-b6469000 r--p 00052000 08:01 3401314    /lib/i386-linux-gnu/libm-2.23.so
b6469000-b646a000 rw-p 00053000 08:01 3401314    /lib/i386-linux-gnu/libm-2.23.so
b646a000-b65d7000 r-xp 00000000 08:01 1110301    /usr/lib/i386-linux-gnu/libstdc++.so.6.0.21
b65d7000-b65d8000 ---p 0016d000 08:01 1110301    /usr/lib/i386-linux-gnu/libstdc++.so.6.0.21
b65d8000-b65dd000 r--p 0016d000 08:01 1110301    /usr/lib/i386-linux-gnu/libstdc++.so.6.0.21
b65dd000-b65de000 rw-p 00172000 08:01 1110301    /usr/lib/i386-linux-gnu/libstdc++.so.6.0.21
b65de000-b65e1000 rw-p 00000000 00:00 0 
b65e1000-b70b2000 r-xp 00000000 08:01 1693269    /usr/lib/jvm/java-8-openjdk-i386/jre/lib/i386/server/libjvm.so
b70b2000-b70f8000 r--p 00ad0000 08:01 1693269    /usr/lib/jvm/java-8-openjdk-i386/jre/lib/i386/server/libjvm.so
b70f8000-b710f000 rw-p 00b16000 08:01 1693269    /usr/lib/jvm/java-8-openjdk-i386/jre/lib/i386/server/libjvm.so
b710f000-b7530000 rw-p 00000000 00:00 0 
b7530000-b7549000 r-xp 00000000 08:01 3401302    /lib/i386-linux-gnu/libpthread-2.23.so
b7549000-b754a000 r--p 00018000 08:01 3401302    /lib/i386-linux-gnu/libpthread-2.23.so
b754a000-b754b000 rw-p 00019000 08:01 3401302    /lib/i386-linux-gnu/libpthread-2.23.so
b754b000-b754d000 rw-p 00000000 00:00 0 
b754d000-b7550000 r-xp 00000000 08:01 3401308    /lib/i386-linux-gnu/libdl-2.23.so
b7550000-b7551000 r--p 00002000 08:01 3401308    /lib/i386-linux-gnu/libdl-2.23.so
b7551000-b7552000 rw-p 00003000 08:01 3401308    /lib/i386-linux-gnu/libdl-2.23.so
b7552000-b756b000 r-xp 00000000 08:01 3402741    /lib/i386-linux-gnu/libz.so.1.2.8
b756b000-b756c000 r--p 00018000 08:01 3402741    /lib/i386-linux-gnu/libz.so.1.2.8
b756c000-b756d000 rw-p 00019000 08:01 3402741    /lib/i386-linux-gnu/libz.so.1.2.8
b756d000-b771d000 r-xp 00000000 08:01 3402570    /lib/i386-linux-gnu/libc-2.23.so
b771d000-b771f000 r--p 001af000 08:01 3402570    /lib/i386-linux-gnu/libc-2.23.so
b771f000-b7720000 rw-p 001b1000 08:01 3402570    /lib/i386-linux-gnu/libc-2.23.so
b7720000-b7723000 rw-p 00000000 00:00 0 
b7723000-b7724000 r--s 0000a000 08:01 1693235    /usr/lib/jvm/java-8-openjdk-i386/jre/lib/ext/jaccess.jar
b7724000-b7728000 r--s 00037000 08:01 1693234    /usr/lib/jvm/java-8-openjdk-i386/jre/lib/ext/sunpkcs11.jar
b7728000-b7729000 r--p 002d4000 08:01 1105218    /usr/lib/locale/locale-archive
b7729000-b772a000 rw-p 00000000 00:00 0 
b772a000-b772b000 ---p 00000000 00:00 0 
b772b000-b7739000 r-xp 00000000 08:01 1693275    /usr/lib/jvm/java-8-openjdk-i386/jre/lib/i386/libverify.so
b7739000-b773a000 r--p 0000d000 08:01 1693275    /usr/lib/jvm/java-8-openjdk-i386/jre/lib/i386/libverify.so
b773a000-b773b000 rw-p 0000e000 08:01 1693275    /usr/lib/jvm/java-8-openjdk-i386/jre/lib/i386/libverify.so
b773b000-b7748000 r-xp 00000000 08:01 1693273    /usr/lib/jvm/java-8-openjdk-i386/jre/lib/i386/jli/libjli.so
b7748000-b7749000 r--p 0000c000 08:01 1693273    /usr/lib/jvm/java-8-openjdk-i386/jre/lib/i386/jli/libjli.so
b7749000-b774a000 rw-p 0000d000 08:01 1693273    /usr/lib/jvm/java-8-openjdk-i386/jre/lib/i386/jli/libjli.so
b774a000-b774c000 rw-p 00000000 00:00 0 
b774c000-b774e000 r--p 00000000 00:00 0          [vvar]
b774e000-b774f000 r-xp 00000000 00:00 0          [vdso]
b774f000-b7771000 r-xp 00000000 08:01 3401231    /lib/i386-linux-gnu/ld-2.23.so
b7771000-b7772000 rw-p 00000000 00:00 0 
b7772000-b7773000 r--p 00022000 08:01 3401231    /lib/i386-linux-gnu/ld-2.23.so
b7773000-b7774000 rw-p 00023000 08:01 3401231    /lib/i386-linux-gnu/ld-2.23.so
bfa8b000-bfaac000 rw-p 00000000 00:00 0          [stack]

VM Arguments:
jvm_args: -Dclassworlds.conf=/usr/share/maven/bin/m2.conf -Dmaven.home=/usr/share/maven -Dmaven.multiModuleProjectDirectory=/home/sarnobat/github/maven_project 
java_command: org.codehaus.plexus.classworlds.launcher.Launcher --quiet --settings /home/sarnobat/sarnobat.git/mac/.m2/settings.xml install exec:java -Dexec.mainClass=Md5RoCopyFile -Dexec.args=4486 ~/sarnobat.git/db/md5ro/md5_files.txt
java_class_path (initial): /usr/share/maven/boot/plexus-classworlds-2.x.jar
Launcher Type: SUN_STANDARD

Environment Variables:
JAVA_HOME=/usr/lib/jvm/java-8-openjdk-i386
PATH=/usr/bin:/bin
SHELL=/bin/sh

Signal Handlers:
SIGSEGV: [libjvm.so+0x8d7370], sa_mask[0]=11111111011111111101111111111110, sa_flags=SA_RESTART|SA_SIGINFO
SIGBUS: [libjvm.so+0x8d7370], sa_mask[0]=11111111011111111101111111111110, sa_flags=SA_RESTART|SA_SIGINFO
SIGFPE: [libjvm.so+0x73d1c0], sa_mask[0]=11111111011111111101111111111110, sa_flags=SA_RESTART|SA_SIGINFO
SIGPIPE: [libjvm.so+0x73d1c0], sa_mask[0]=11111111011111111101111111111110, sa_flags=SA_RESTART|SA_SIGINFO
SIGXFSZ: [libjvm.so+0x73d1c0], sa_mask[0]=11111111011111111101111111111110, sa_flags=SA_RESTART|SA_SIGINFO
SIGILL: [libjvm.so+0x73d1c0], sa_mask[0]=11111111011111111101111111111110, sa_flags=SA_RESTART|SA_SIGINFO
SIGUSR1: SIG_DFL, sa_mask[0]=00000000000000000000000000000000, sa_flags=none
SIGUSR2: [libjvm.so+0x73d000], sa_mask[0]=00000000000000000000000000000000, sa_flags=SA_RESTART|SA_SIGINFO
SIGHUP: [libjvm.so+0x73d790], sa_mask[0]=11111111011111111101111111111110, sa_flags=SA_RESTART|SA_SIGINFO
SIGINT: [libjvm.so+0x73d790], sa_mask[0]=11111111011111111101111111111110, sa_flags=SA_RESTART|SA_SIGINFO
SIGTERM: [libjvm.so+0x73d790], sa_mask[0]=11111111011111111101111111111110, sa_flags=SA_RESTART|SA_SIGINFO
SIGQUIT: [libjvm.so+0x73d790], sa_mask[0]=11111111011111111101111111111110, sa_flags=SA_RESTART|SA_SIGINFO


---------------  S Y S T E M  ---------------

OS:DISTRIB_ID=Ubuntu
DISTRIB_RELEASE=16.04
DISTRIB_CODENAME=xenial
DISTRIB_DESCRIPTION="Ubuntu 16.04.1 LTS"

uname:Linux 4.4.0-104-generic #127-Ubuntu SMP Mon Dec 11 12:16:50 UTC 2017 i686
libc:glibc 2.23 NPTL 2.23 
rlimit: STACK 8192k, CORE 0k, NPROC 63057, NOFILE 65536, AS infinity
load average:48.68 46.80 41.72

/proc/meminfo:
MemTotal:        8107456 kB
MemFree:          501320 kB
MemAvailable:      64276 kB
Buffers:           10428 kB
Cached:           183096 kB
SwapCached:        61112 kB
Active:          6280832 kB
Inactive:        1165504 kB
Active(anon):    6242428 kB
Inactive(anon):  1137924 kB
Active(file):      38404 kB
Inactive(file):    27580 kB
Unevictable:           0 kB
Mlocked:               0 kB
HighTotal:       7292552 kB
HighFree:         197148 kB
LowTotal:         814904 kB
LowFree:          304172 kB
SwapTotal:       4007932 kB
SwapFree:              0 kB
Dirty:               640 kB
Writeback:           156 kB
AnonPages:       7192060 kB
Mapped:            35988 kB
Shmem:            127452 kB
Slab:              61128 kB
SReclaimable:      24308 kB
SUnreclaim:        36820 kB
KernelStack:       13176 kB
PageTables:        41600 kB
NFS_Unstable:          0 kB
Bounce:                0 kB
WritebackTmp:          0 kB
CommitLimit:     8061660 kB
Committed_AS:   20457856 kB
VmallocTotal:     122880 kB
VmallocUsed:           0 kB
VmallocChunk:          0 kB
AnonHugePages:   4194304 kB
CmaTotal:              0 kB
CmaFree:               0 kB
HugePages_Total:       0
HugePages_Free:        0
HugePages_Rsvd:        0
HugePages_Surp:        0
Hugepagesize:       2048 kB
DirectMap4k:       24568 kB
DirectMap2M:      886784 kB


CPU:total 4 (initial active 4) (2 cores per cpu, 2 threads per core) family 6 model 58 stepping 9, cmov, cx8, fxsr, mmx, sse, sse2, sse3, ssse3, sse4.1, sse4.2, popcnt, avx, aes, clmul, erms, ht, tsc, tscinvbit, tscinv

/proc/cpuinfo:
processor	: 0
vendor_id	: GenuineIntel
cpu family	: 6
model		: 58
model name	: Intel(R) Core(TM) i5-3427U CPU @ 1.80GHz
stepping	: 9
microcode	: 0x17
cpu MHz		: 2599.988
cache size	: 3072 KB
physical id	: 0
siblings	: 4
core id		: 0
cpu cores	: 2
apicid		: 0
initial apicid	: 0
fdiv_bug	: no
f00f_bug	: no
coma_bug	: no
fpu		: yes
fpu_exception	: yes
cpuid level	: 13
wp		: yes
flags		: fpu vme de pse tsc msr pae mce cx8 apic sep mtrr pge mca cmov pat pse36 clflush dts acpi mmx fxsr sse sse2 ss ht tm pbe nx rdtscp lm constant_tsc arch_perfmon pebs bts xtopology nonstop_tsc aperfmperf eagerfpu pni pclmulqdq dtes64 monitor ds_cpl vmx smx est tm2 ssse3 cx16 xtpr pdcm pcid sse4_1 sse4_2 x2apic popcnt tsc_deadline_timer aes xsave avx f16c rdrand lahf_lm epb tpr_shadow vnmi flexpriority ept vpid fsgsbase smep erms xsaveopt dtherm ida arat pln pts
bugs		:
bogomips	: 4589.45
clflush size	: 64
cache_alignment	: 64
address sizes	: 36 bits physical, 48 bits virtual
power management:

processor	: 1
vendor_id	: GenuineIntel
cpu family	: 6
model		: 58
model name	: Intel(R) Core(TM) i5-3427U CPU @ 1.80GHz
stepping	: 9
microcode	: 0x17
cpu MHz		: 2599.988
cache size	: 3072 KB
physical id	: 0
siblings	: 4
core id		: 1
cpu cores	: 2
apicid		: 2
initial apicid	: 2
fdiv_bug	: no
f00f_bug	: no
coma_bug	: no
fpu		: yes
fpu_exception	: yes
cpuid level	: 13
wp		: yes
flags		: fpu vme de pse tsc msr pae mce cx8 apic sep mtrr pge mca cmov pat pse36 clflush dts acpi mmx fxsr sse sse2 ss ht tm pbe nx rdtscp lm constant_tsc arch_perfmon pebs bts xtopology nonstop_tsc aperfmperf eagerfpu pni pclmulqdq dtes64 monitor ds_cpl vmx smx est tm2 ssse3 cx16 xtpr pdcm pcid sse4_1 sse4_2 x2apic popcnt tsc_deadline_timer aes xsave avx f16c rdrand lahf_lm epb tpr_shadow vnmi flexpriority ept vpid fsgsbase smep erms xsaveopt dtherm ida arat pln pts
bugs		:
bogomips	: 4589.45
clflush size	: 64
cache_alignment	: 64
address sizes	: 36 bits physical, 48 bits virtual
power management:

processor	: 2
vendor_id	: GenuineIntel
cpu family	: 6
model		: 58
model name	: Intel(R) Core(TM) i5-3427U CPU @ 1.80GHz
stepping	: 9
microcode	: 0x17
cpu MHz		: 2599.988
cache size	: 3072 KB
physical id	: 0
siblings	: 4
core id		: 0
cpu cores	: 2
apicid		: 1
initial apicid	: 1
fdiv_bug	: no
f00f_bug	: no
coma_bug	: no
fpu		: yes
fpu_exception	: yes
cpuid level	: 13
wp		: yes
flags		: fpu vme de pse tsc msr pae mce cx8 apic sep mtrr pge mca cmov pat pse36 clflush dts acpi mmx fxsr sse sse2 ss ht tm pbe nx rdtscp lm constant_tsc arch_perfmon pebs bts xtopology nonstop_tsc aperfmperf eagerfpu pni pclmulqdq dtes64 monitor ds_cpl vmx smx est tm2 ssse3 cx16 xtpr pdcm pcid sse4_1 sse4_2 x2apic popcnt tsc_deadline_timer aes xsave avx f16c rdrand lahf_lm epb tpr_shadow vnmi flexpriority ept vpid fsgsbase smep erms xsaveopt dtherm ida arat pln pts
bugs		:
bogomips	: 4589.45
clflush size	: 64
cache_alignment	: 64
address sizes	: 36 bits physical, 48 bits virtual
power management:

processor	: 3
vendor_id	: GenuineIntel
cpu family	: 6
model		: 58
model name	: Intel(R) Core(TM) i5-3427U CPU @ 1.80GHz
stepping	: 9
microcode	: 0x17
cpu MHz		: 2599.988
cache size	: 3072 KB
physical id	: 0
siblings	: 4
core id		: 1
cpu cores	: 2
apicid		: 3
initial apicid	: 3
fdiv_bug	: no
f00f_bug	: no
coma_bug	: no
fpu		: yes
fpu_exception	: yes
cpuid level	: 13
wp		: yes
flags		: fpu vme de pse tsc msr pae mce cx8 apic sep mtrr pge mca cmov pat pse36 clflush dts acpi mmx fxsr sse sse2 ss ht tm pbe nx rdtscp lm constant_tsc arch_perfmon pebs bts xtopology nonstop_tsc aperfmperf eagerfpu pni pclmulqdq dtes64 monitor ds_cpl vmx smx est tm2 ssse3 cx16 xtpr pdcm pcid sse4_1 sse4_2 x2apic popcnt tsc_deadline_timer aes xsave avx f16c rdrand lahf_lm epb tpr_shadow vnmi flexpriority ept vpid fsgsbase smep erms xsaveopt dtherm ida arat pln pts
bugs		:
bogomips	: 4589.45
clflush size	: 64
cache_alignment	: 64
address sizes	: 36 bits physical, 48 bits virtual
power management:



Memory: 4k page, physical 8107456k(501320k free), swap 4007932k(4k free)

vm_info: OpenJDK Server VM (25.151-b12) for linux-x86 JRE (1.8.0_151-8u151-b12-0ubuntu0.16.04.2-b12), built on Oct 27 2017 22:05:04 by "buildd" with gcc 5.4.0 20160609

time: Sun Jan  7 01:38:07 2018
elapsed time: 5 seconds (0d 0h 0m 5s)

