#
# There is insufficient memory for the Java Runtime Environment to continue.
# Native memory allocation (mmap) failed to map 32768 bytes for committing reserved memory.
# Possible reasons:
#   The system is out of physical RAM or swap space
#   In 32 bit mode, the process size limit was hit
# Possible solutions:
#   Reduce memory load on the system
#   Increase physical memory or swap space
#   Check if swap backing store is full
#   Use 64 bit Java on a 64 bit OS
#   Decrease Java heap size (-Xmx/-Xms)
#   Decrease number of Java threads
#   Decrease Java thread stack sizes (-Xss)
#   Set larger code cache with -XX:ReservedCodeCacheSize=
# This output file may be truncated or incomplete.
#
#  Out of Memory Error (os_linux.cpp:2643), pid=29183, tid=0x631acb40
#
# JRE version: OpenJDK Runtime Environment (8.0_151-b12) (build 1.8.0_151-8u151-b12-0ubuntu0.16.04.2-b12)
# Java VM: OpenJDK Server VM (25.151-b12 mixed mode linux-x86 )
# Failed to write core dump. Core dumps have been disabled. To enable core dumping, try "ulimit -c unlimited" before starting Java again
#

---------------  T H R E A D  ---------------

Current thread (0x637a7000):  JavaThread "C1 CompilerThread2" daemon [_thread_in_vm, id=29381, stack(0x6312c000,0x631ad000)]

Stack: [0x6312c000,0x631ad000],  sp=0x631ab810,  free space=510k
Native frames: (J=compiled Java code, j=interpreted, Vv=VM code, C=native code)
V  [libjvm.so+0x8d6834]
V  [libjvm.so+0x3a7c76]
V  [libjvm.so+0x7420c0]
V  [libjvm.so+0x73c013]
V  [libjvm.so+0x8d3264]
V  [libjvm.so+0x4ba943]
V  [libjvm.so+0x335e73]
V  [libjvm.so+0x716ae0]
V  [libjvm.so+0x2d0cdb]
V  [libjvm.so+0x21eed8]
V  [libjvm.so+0x21f1c8]
V  [libjvm.so+0x21feb0]
V  [libjvm.so+0x360d41]
V  [libjvm.so+0x3624fa]
V  [libjvm.so+0x878977]
V  [libjvm.so+0x88198b]
V  [libjvm.so+0x881e5e]
V  [libjvm.so+0x73f2b5]
C  [libpthread.so.0+0x6295]  start_thread+0xe5
C  [libc.so.6+0xe70ae]  clone+0x6e


Current CompileTask:
C1:   9442 2964       3       org.eclipse.aether.internal.impl.EnhancedLocalRepositoryManager::find (198 bytes)


---------------  P R O C E S S  ---------------

Java Threads: ( => current thread )
  0x637aa000 JavaThread "Service Thread" daemon [_thread_blocked, id=29382, stack(0x630db000,0x6312c000)]
=>0x637a7000 JavaThread "C1 CompilerThread2" daemon [_thread_in_vm, id=29381, stack(0x6312c000,0x631ad000)]
  0x637a5c00 JavaThread "C2 CompilerThread1" daemon [_thread_in_vm, id=29376, stack(0x631ad000,0x6322e000)]
  0x637a3c00 JavaThread "C2 CompilerThread0" daemon [_thread_in_native, id=29375, stack(0x6322e000,0x632af000)]
  0x637a2400 JavaThread "Signal Dispatcher" daemon [_thread_blocked, id=29373, stack(0x632af000,0x63300000)]
  0x63788800 JavaThread "Finalizer" daemon [_thread_blocked, id=29349, stack(0x63813000,0x63864000)]
  0x63785800 JavaThread "Reference Handler" daemon [_thread_blocked, id=29344, stack(0x6642e000,0x6647f000)]
  0xb6207800 JavaThread "main" [_thread_blocked, id=29303, stack(0xb63c0000,0xb6411000)]

Other Threads:
  0x63781000 VMThread [stack: 0x63864000,0x638e5000] [id=29339]
  0x637abc00 WatcherThread [stack: 0x6305a000,0x630db000] [id=29385]

VM state:not at safepoint (normal execution)

VM Mutex/Monitor currently owned by a thread:  ([mutex/lock_event])
[0xb62044f8] CodeCache_lock - owner thread: 0x637a7000
[0xb6205740] Compile_lock - owner thread: 0x637a7000
[0xb6205810] MethodCompileQueue_lock - owner thread: 0x637a7000

Heap:
 PSYoungGen      total 71680K, used 59252K [0x918c0000, 0x965c0000, 0xa6e00000)
  eden space 66048K, 81% used [0x918c0000,0x94d8fa08,0x95940000)
  from space 5632K, 91% used [0x95f40000,0x9644d910,0x964c0000)
  to   space 6144K, 0% used [0x95940000,0x95940000,0x95f40000)
 ParOldGen       total 43776K, used 6522K [0x66e00000, 0x698c0000, 0x918c0000)
  object space 43776K, 14% used [0x66e00000,0x6745e850,0x698c0000)
 Metaspace       used 10999K, capacity 11131K, committed 11288K, reserved 11568K

Card table byte_map: [0x66bff000,0x66e00000] byte_map_base: 0x668c8000

Marking Bits: (ParMarkBitMap*) 0xb7136880
 Begin Bits: [0x64300000, 0x65300000)
 End Bits:   [0x65300000, 0x66300000)

Polling page: 0xb7743000

CodeCache: size=245760Kb used=7524Kb max_used=7524Kb free=238235Kb
 bounds [0xa7200000, 0xa7960000, 0xb6200000]
 total_blobs=3120 nmethods=2938 adapters=95
 compilation: enabled

Compilation events (10 events):
Event: 9.405 Thread 0x637a7000 nmethod 2957 0xa795c848 code [0xa795c9a0, 0xa795cccc]
Event: 9.408 Thread 0x637a7000 2962       3       sun.reflect.ClassFileAssembler::incStack (11 bytes)
Event: 9.408 Thread 0x637a7000 nmethod 2962 0xa7950288 code [0xa79503a0, 0xa7950500]
Event: 9.408 Thread 0x637a7000 2963       3       org.apache.maven.model.Model::setPomFile (17 bytes)
Event: 9.409 Thread 0x637a7000 nmethod 2963 0xa795a988 code [0xa795ab40, 0xa795b204]
Event: 9.409 Thread 0x637a7000 2958       3       org.codehaus.plexus.util.xml.pull.MXParser::<init> (95 bytes)
Event: 9.410 Thread 0x637a7000 nmethod 2958 0xa795a148 code [0xa795a2c0, 0xa795a798]
Event: 9.410 Thread 0x637a7000 2959       3       org.codehaus.plexus.util.xml.pull.MXParser::setInput (10 bytes)
Event: 9.410 Thread 0x637a7000 nmethod 2959 0xa795c588 code [0xa795c6a0, 0xa795c7cc]
Event: 9.411 Thread 0x637a7000 2964       3       org.eclipse.aether.internal.impl.EnhancedLocalRepositoryManager::find (198 bytes)

GC Heap History (10 events):
Event: 3.215 GC heap before
{Heap before GC invocations=2 (full 0):
 PSYoungGen      total 19200K, used 19195K [0x918c0000, 0x92e00000, 0xa6e00000)
  eden space 16640K, 100% used [0x918c0000,0x92900000,0x92900000)
  from space 2560K, 99% used [0x92900000,0x92b7ecd8,0x92b80000)
  to   space 2560K, 0% used [0x92b80000,0x92b80000,0x92e00000)
 ParOldGen       total 43776K, used 814K [0x66e00000, 0x698c0000, 0x918c0000)
  object space 43776K, 1% used [0x66e00000,0x66ecb9d0,0x698c0000)
 Metaspace       used 5301K, capacity 5386K, committed 5400K, reserved 5424K
Event: 3.227 GC heap after
Heap after GC invocations=2 (full 0):
 PSYoungGen      total 19200K, used 2558K [0x918c0000, 0x93e40000, 0xa6e00000)
  eden space 16640K, 0% used [0x918c0000,0x918c0000,0x92900000)
  from space 2560K, 99% used [0x92b80000,0x92dff980,0x92e00000)
  to   space 2560K, 0% used [0x92900000,0x92900000,0x92b80000)
 ParOldGen       total 43776K, used 884K [0x66e00000, 0x698c0000, 0x918c0000)
  object space 43776K, 2% used [0x66e00000,0x66edd308,0x698c0000)
 Metaspace       used 5301K, capacity 5386K, committed 5400K, reserved 5424K
}
Event: 3.547 GC heap before
{Heap before GC invocations=3 (full 0):
 PSYoungGen      total 19200K, used 19198K [0x918c0000, 0x93e40000, 0xa6e00000)
  eden space 16640K, 100% used [0x918c0000,0x92900000,0x92900000)
  from space 2560K, 99% used [0x92b80000,0x92dff980,0x92e00000)
  to   space 2560K, 0% used [0x92900000,0x92900000,0x92b80000)
 ParOldGen       total 43776K, used 884K [0x66e00000, 0x698c0000, 0x918c0000)
  object space 43776K, 2% used [0x66e00000,0x66edd308,0x698c0000)
 Metaspace       used 6649K, capacity 6711K, committed 6808K, reserved 7472K
Event: 3.558 GC heap after
Heap after GC invocations=3 (full 0):
 PSYoungGen      total 19200K, used 2546K [0x918c0000, 0x93e40000, 0xa6e00000)
  eden space 16640K, 0% used [0x918c0000,0x918c0000,0x92900000)
  from space 2560K, 99% used [0x92900000,0x92b7ca88,0x92b80000)
  to   space 2560K, 0% used [0x93bc0000,0x93bc0000,0x93e40000)
 ParOldGen       total 43776K, used 2340K [0x66e00000, 0x698c0000, 0x918c0000)
  object space 43776K, 5% used [0x66e00000,0x670492f8,0x698c0000)
 Metaspace       used 6649K, capacity 6711K, committed 6808K, reserved 7472K
}
Event: 3.887 GC heap before
{Heap before GC invocations=4 (full 0):
 PSYoungGen      total 19200K, used 19186K [0x918c0000, 0x93e40000, 0xa6e00000)
  eden space 16640K, 100% used [0x918c0000,0x92900000,0x92900000)
  from space 2560K, 99% used [0x92900000,0x92b7ca88,0x92b80000)
  to   space 2560K, 0% used [0x93bc0000,0x93bc0000,0x93e40000)
 ParOldGen       total 43776K, used 2340K [0x66e00000, 0x698c0000, 0x918c0000)
  object space 43776K, 5% used [0x66e00000,0x670492f8,0x698c0000)
 Metaspace       used 8071K, capacity 8156K, committed 8216K, reserved 8496K
Event: 3.896 GC heap after
Heap after GC invocations=4 (full 0):
 PSYoungGen      total 35840K, used 2552K [0x918c0000, 0x93e40000, 0xa6e00000)
  eden space 33280K, 0% used [0x918c0000,0x918c0000,0x93940000)
  from space 2560K, 99% used [0x93bc0000,0x93e3e080,0x93e40000)
  to   space 2560K, 0% used [0x93940000,0x93940000,0x93bc0000)
 ParOldGen       total 43776K, used 4382K [0x66e00000, 0x698c0000, 0x918c0000)
  object space 43776K, 10% used [0x66e00000,0x67247a28,0x698c0000)
 Metaspace       used 8071K, capacity 8156K, committed 8216K, reserved 8496K
}
Event: 6.081 GC heap before
{Heap before GC invocations=5 (full 0):
 PSYoungGen      total 35840K, used 35832K [0x918c0000, 0x93e40000, 0xa6e00000)
  eden space 33280K, 100% used [0x918c0000,0x93940000,0x93940000)
  from space 2560K, 99% used [0x93bc0000,0x93e3e080,0x93e40000)
  to   space 2560K, 0% used [0x93940000,0x93940000,0x93bc0000)
 ParOldGen       total 43776K, used 4382K [0x66e00000, 0x698c0000, 0x918c0000)
  object space 43776K, 10% used [0x66e00000,0x67247a28,0x698c0000)
 Metaspace       used 9977K, capacity 10075K, committed 10136K, reserved 10544K
Event: 6.114 GC heap after
Heap after GC invocations=5 (full 0):
 PSYoungGen      total 35840K, used 2552K [0x918c0000, 0x964c0000, 0xa6e00000)
  eden space 33280K, 0% used [0x918c0000,0x918c0000,0x93940000)
  from space 2560K, 99% used [0x93940000,0x93bbe080,0x93bc0000)
  to   space 5632K, 0% used [0x95f40000,0x95f40000,0x964c0000)
 ParOldGen       total 43776K, used 6522K [0x66e00000, 0x698c0000, 0x918c0000)
  object space 43776K, 14% used [0x66e00000,0x6745e850,0x698c0000)
 Metaspace       used 9977K, capacity 10075K, committed 10136K, reserved 10544K
}
Event: 8.416 GC heap before
{Heap before GC invocations=6 (full 0):
 PSYoungGen      total 35840K, used 35832K [0x918c0000, 0x964c0000, 0xa6e00000)
  eden space 33280K, 100% used [0x918c0000,0x93940000,0x93940000)
  from space 2560K, 99% used [0x93940000,0x93bbe080,0x93bc0000)
  to   space 5632K, 0% used [0x95f40000,0x95f40000,0x964c0000)
 ParOldGen       total 43776K, used 6522K [0x66e00000, 0x698c0000, 0x918c0000)
  object space 43776K, 14% used [0x66e00000,0x6745e850,0x698c0000)
 Metaspace       used 10769K, capacity 10860K, committed 11032K, reserved 11568K
Event: 8.440 GC heap after
Heap after GC invocations=6 (full 0):
 PSYoungGen      total 71680K, used 5174K [0x918c0000, 0x965c0000, 0xa6e00000)
  eden space 66048K, 0% used [0x918c0000,0x918c0000,0x95940000)
  from space 5632K, 91% used [0x95f40000,0x9644d910,0x964c0000)
  to   space 6144K, 0% used [0x95940000,0x95940000,0x95f40000)
 ParOldGen       total 43776K, used 6522K [0x66e00000, 0x698c0000, 0x918c0000)
  object space 43776K, 14% used [0x66e00000,0x6745e850,0x698c0000)
 Metaspace       used 10769K, capacity 10860K, committed 11032K, reserved 11568K
}

Deoptimization events (10 events):
Event: 7.385 Thread 0xb6207800 Uncommon trap: reason=class_check action=maybe_recompile pc=0xa76dd1d4 method=java.util.regex.Pattern$7.isSatisfiedBy(I)Z @ 16
Event: 7.385 Thread 0xb6207800 Uncommon trap: reason=class_check action=maybe_recompile pc=0xa76e2d2c method=java.util.regex.Pattern$CharProperty$1.isSatisfiedBy(I)Z @ 5
Event: 7.385 Thread 0xb6207800 Uncommon trap: reason=class_check action=maybe_recompile pc=0xa76e2d2c method=java.util.regex.Pattern$CharProperty$1.isSatisfiedBy(I)Z @ 5
Event: 7.385 Thread 0xb6207800 Uncommon trap: reason=class_check action=maybe_recompile pc=0xa76e2d2c method=java.util.regex.Pattern$CharProperty$1.isSatisfiedBy(I)Z @ 5
Event: 7.470 Thread 0xb6207800 Uncommon trap: reason=null_check action=make_not_entrant pc=0xa77a1300 method=org.apache.maven.model.io.xpp3.MavenXpp3Reader.checkFieldWithDuplicate(Lorg/codehaus/plexus/util/xml/pull/XmlPullParser;Ljava/lang/String;Ljava/lang/String;Ljava/util/Set;)Z @ 2
Event: 7.796 Thread 0xb6207800 Uncommon trap: reason=unstable_if action=reinterpret pc=0xa7774324 method=org.codehaus.plexus.util.xml.pull.MXParser.nextImpl()I @ 280
Event: 9.097 Thread 0xb6207800 Uncommon trap: reason=speculate_class_check action=maybe_recompile pc=0xa789fdb8 method=java.nio.charset.CharsetDecoder.decode(Ljava/nio/ByteBuffer;Ljava/nio/CharBuffer;Z)Ljava/nio/charset/CoderResult; @ 57
Event: 9.099 Thread 0xb6207800 Uncommon trap: reason=speculate_class_check action=maybe_recompile pc=0xa789fdb8 method=java.nio.charset.CharsetDecoder.decode(Ljava/nio/ByteBuffer;Ljava/nio/CharBuffer;Z)Ljava/nio/charset/CoderResult; @ 57
Event: 9.100 Thread 0xb6207800 Uncommon trap: reason=speculate_class_check action=maybe_recompile pc=0xa789fdb8 method=java.nio.charset.CharsetDecoder.decode(Ljava/nio/ByteBuffer;Ljava/nio/CharBuffer;Z)Ljava/nio/charset/CoderResult; @ 57
Event: 9.102 Thread 0xb6207800 Uncommon trap: reason=speculate_class_check action=maybe_recompile pc=0xa789fdb8 method=java.nio.charset.CharsetDecoder.decode(Ljava/nio/ByteBuffer;Ljava/nio/CharBuffer;Z)Ljava/nio/charset/CoderResult; @ 57

Internal exceptions (10 events):
Event: 5.851 Thread 0xb6207800 Exception <a 'java/lang/NullPointerException'> (0x935e71a0) thrown at [/build/openjdk-8-Y4imzb/openjdk-8-8u151-b12/src/hotspot/src/share/vm/interpreter/linkResolver.cpp, line 1183]
Event: 5.851 Thread 0xb6207800 Exception <a 'java/lang/NullPointerException'> (0x935e73b0) thrown at [/build/openjdk-8-Y4imzb/openjdk-8-8u151-b12/src/hotspot/src/share/vm/interpreter/linkResolver.cpp, line 1183]
Event: 5.852 Thread 0xb6207800 Exception <a 'java/lang/NullPointerException'> (0x935efb88) thrown at [/build/openjdk-8-Y4imzb/openjdk-8-8u151-b12/src/hotspot/src/share/vm/interpreter/linkResolver.cpp, line 1183]
Event: 5.852 Thread 0xb6207800 Exception <a 'java/lang/NullPointerException'> (0x935efd98) thrown at [/build/openjdk-8-Y4imzb/openjdk-8-8u151-b12/src/hotspot/src/share/vm/interpreter/linkResolver.cpp, line 1183]
Event: 5.853 Thread 0xb6207800 Exception <a 'java/lang/NullPointerException'> (0x935effa8) thrown at [/build/openjdk-8-Y4imzb/openjdk-8-8u151-b12/src/hotspot/src/share/vm/interpreter/linkResolver.cpp, line 1183]
Event: 6.945 Thread 0xb6207800 Implicit null exception at 0xa73a87be to 0xa73a8955
Event: 6.945 Thread 0xb6207800 Implicit null exception at 0xa739494b to 0xa7394990
Event: 7.267 Thread 0xb6207800 Implicit null exception at 0xa76b27c3 to 0xa76b2b5d
Event: 7.283 Thread 0xb6207800 Implicit null exception at 0xa745737f to 0xa74576c5
Event: 7.470 Thread 0xb6207800 Implicit null exception at 0xa77a0b0b to 0xa77a12f5

Events (10 events):
Event: 9.329 Thread 0xb6207800 DEOPT PACKING pc=0xa77ced0d sp=0xb640e800
Event: 9.329 Thread 0xb6207800 DEOPT UNPACKING pc=0xa723c5d0 sp=0xb640e71c mode 0
Event: 9.329 Thread 0xb6207800 DEOPT PACKING pc=0xa77ced0d sp=0xb640e8d0
Event: 9.329 Thread 0xb6207800 DEOPT UNPACKING pc=0xa723c5d0 sp=0xb640e7ec mode 0
Event: 9.329 Thread 0xb6207800 DEOPT PACKING pc=0xa77ced0d sp=0xb640e810
Event: 9.329 Thread 0xb6207800 DEOPT UNPACKING pc=0xa723c5d0 sp=0xb640e72c mode 0
Event: 9.330 Thread 0xb6207800 DEOPT PACKING pc=0xa77ced0d sp=0xb640e850
Event: 9.330 Thread 0xb6207800 DEOPT UNPACKING pc=0xa723c5d0 sp=0xb640e76c mode 0
Event: 9.338 Thread 0xb6207800 DEOPT PACKING pc=0xa78ca307 sp=0xb640ebb0
Event: 9.338 Thread 0xb6207800 DEOPT UNPACKING pc=0xa723c5d0 sp=0xb640ea5c mode 0


Dynamic libraries:
08048000-08049000 r-xp 00000000 08:01 1693306    /usr/lib/jvm/java-8-openjdk-i386/jre/bin/java
08049000-0804a000 r--p 00000000 08:01 1693306    /usr/lib/jvm/java-8-openjdk-i386/jre/bin/java
0804a000-0804b000 rw-p 00001000 08:01 1693306    /usr/lib/jvm/java-8-openjdk-i386/jre/bin/java
09abc000-09b5f000 rw-p 00000000 00:00 0          [heap]
5ec00000-5ec58000 rw-p 00000000 00:00 0 
5ec58000-5ed00000 ---p 00000000 00:00 0 
5ee00000-5eff9000 rw-p 00000000 00:00 0 
5eff9000-5f000000 ---p 00000000 00:00 0 
5f000000-5f0fe000 rw-p 00000000 00:00 0 
5f0fe000-5f100000 ---p 00000000 00:00 0 
5f200000-5f2f9000 rw-p 00000000 00:00 0 
5f2f9000-5f300000 ---p 00000000 00:00 0 
5f300000-5f3fc000 rw-p 00000000 00:00 0 
5f3fc000-5f400000 ---p 00000000 00:00 0 
5f400000-5f4fe000 rw-p 00000000 00:00 0 
5f4fe000-5f500000 ---p 00000000 00:00 0 
5f500000-5f5fd000 rw-p 00000000 00:00 0 
5f5fd000-5f600000 ---p 00000000 00:00 0 
5f600000-5f6eb000 rw-p 00000000 00:00 0 
5f6eb000-5f700000 ---p 00000000 00:00 0 
5f700000-5f7e2000 rw-p 00000000 00:00 0 
5f7e2000-5f800000 ---p 00000000 00:00 0 
5f800000-5f8fc000 rw-p 00000000 00:00 0 
5f8fc000-5f900000 ---p 00000000 00:00 0 
5f9ff000-61600000 rw-p 00000000 00:00 0 
61600000-616e9000 rw-p 00000000 00:00 0 
616e9000-61700000 ---p 00000000 00:00 0 
61700000-617fb000 rw-p 00000000 00:00 0 
617fb000-61800000 ---p 00000000 00:00 0 
61800000-618fe000 rw-p 00000000 00:00 0 
618fe000-61900000 ---p 00000000 00:00 0 
61900000-619d1000 rw-p 00000000 00:00 0 
619d1000-61a00000 ---p 00000000 00:00 0 
61a00000-61ac0000 rw-p 00000000 00:00 0 
61ac0000-61b00000 ---p 00000000 00:00 0 
61b00000-61bbb000 rw-p 00000000 00:00 0 
61bbb000-61c00000 ---p 00000000 00:00 0 
61c00000-61cf1000 rw-p 00000000 00:00 0 
61cf1000-61d00000 ---p 00000000 00:00 0 
61d00000-61dfc000 rw-p 00000000 00:00 0 
61dfc000-61e00000 ---p 00000000 00:00 0 
61e00000-61efb000 rw-p 00000000 00:00 0 
61efb000-61f00000 ---p 00000000 00:00 0 
61f00000-62000000 rw-p 00000000 00:00 0 
62000000-62100000 rw-p 00000000 00:00 0 
62100000-621fa000 rw-p 00000000 00:00 0 
621fa000-62200000 ---p 00000000 00:00 0 
62200000-62300000 rw-p 00000000 00:00 0 
62300000-623fb000 rw-p 00000000 00:00 0 
623fb000-62400000 ---p 00000000 00:00 0 
62400000-62500000 rw-p 00000000 00:00 0 
62500000-625f9000 rw-p 00000000 00:00 0 
625f9000-62600000 ---p 00000000 00:00 0 
62600000-62700000 rw-p 00000000 00:00 0 
62700000-627fc000 rw-p 00000000 00:00 0 
627fc000-62800000 ---p 00000000 00:00 0 
62800000-628ff000 rw-p 00000000 00:00 0 
628ff000-62900000 ---p 00000000 00:00 0 
62900000-629f9000 rw-p 00000000 00:00 0 
629f9000-62a00000 ---p 00000000 00:00 0 
62a00000-62b00000 rw-p 00000000 00:00 0 
62b00000-62bfe000 rw-p 00000000 00:00 0 
62bfe000-62c00000 ---p 00000000 00:00 0 
62c00000-62d00000 rw-p 00000000 00:00 0 
62d00000-62dff000 rw-p 00000000 00:00 0 
62dff000-62e00000 ---p 00000000 00:00 0 
62e00000-62efd000 rw-p 00000000 00:00 0 
62efd000-62f00000 ---p 00000000 00:00 0 
62f00000-62ff9000 rw-p 00000000 00:00 0 
62ff9000-63000000 ---p 00000000 00:00 0 
6300c000-6301d000 r-xp 00000000 08:01 1693283    /usr/lib/jvm/java-8-openjdk-i386/jre/lib/i386/libnio.so
6301d000-6301e000 r--p 00010000 08:01 1693283    /usr/lib/jvm/java-8-openjdk-i386/jre/lib/i386/libnio.so
6301e000-6301f000 rw-p 00011000 08:01 1693283    /usr/lib/jvm/java-8-openjdk-i386/jre/lib/i386/libnio.so
6301f000-63035000 r-xp 00000000 08:01 1693270    /usr/lib/jvm/java-8-openjdk-i386/jre/lib/i386/libnet.so
63035000-63036000 r--p 00015000 08:01 1693270    /usr/lib/jvm/java-8-openjdk-i386/jre/lib/i386/libnet.so
63036000-63037000 rw-p 00016000 08:01 1693270    /usr/lib/jvm/java-8-openjdk-i386/jre/lib/i386/libnet.so
63037000-6303c000 r--s 0009a000 08:01 1693288    /usr/lib/jvm/java-8-openjdk-i386/jre/lib/jsse.jar
6303c000-63049000 r--s 0008d000 08:01 1149531    /usr/share/java/maven3-core-3.3.9.jar
63049000-6304a000 r--s 00001000 08:01 1149511    /usr/share/java/wagon-file-2.x.jar
6304a000-6304d000 r--s 00007000 08:01 1149537    /usr/share/java/maven3-settings-builder-3.3.9.jar
6304d000-6304f000 r--s 0000d000 08:01 1149536    /usr/share/java/maven3-aether-provider-3.3.9.jar
6304f000-63056000 r--s 0002c000 08:01 1149509    /usr/share/java/sisu-plexus.jar
63056000-6305a000 r--s 00027000 08:01 1145546    /usr/share/java/commons-io-2.4.jar
6305a000-6305b000 ---p 00000000 00:00 0 
6305b000-630db000 rw-p 00000000 00:00 0 
630db000-630de000 ---p 00000000 00:00 0 
630de000-6312c000 rw-p 00000000 00:00 0 
6312c000-6312f000 ---p 00000000 00:00 0 
6312f000-631ad000 rw-p 00000000 00:00 0 
631ad000-631b0000 ---p 00000000 00:00 0 
631b0000-6322e000 rw-p 00000000 00:00 0 
6322e000-63231000 ---p 00000000 00:00 0 
63231000-632af000 rw-p 00000000 00:00 0 
632af000-632b2000 ---p 00000000 00:00 0 
632b2000-63300000 rw-p 00000000 00:00 0 
63300000-63500000 r--p 00000000 08:01 1110568    /usr/lib/locale/locale-archive
63500000-635f2000 rw-p 00000000 00:00 0 
635f2000-63600000 ---p 00000000 00:00 0 
63600000-63621000 rw-p 00000000 00:00 0 
63621000-63700000 ---p 00000000 00:00 0 
63700000-637fd000 rw-p 00000000 00:00 0 
637fd000-63800000 ---p 00000000 00:00 0 
63800000-63808000 r--s 00054000 08:01 1149507    /usr/share/java/sisu-inject.jar
63808000-6380f000 r--s 0005d000 08:01 1149254    /usr/share/java/commons-lang3.jar
6380f000-63811000 r--s 0000e000 08:01 1149271    /usr/share/java/plexus-interpolation.jar
63811000-63813000 r--s 00006000 08:01 1149372    /usr/share/java/eclipse-aether-spi.jar
63813000-63816000 ---p 00000000 00:00 0 
63816000-63864000 rw-p 00000000 00:00 0 
63864000-63865000 ---p 00000000 00:00 0 
63865000-638e5000 rw-p 00000000 00:00 0 
638e5000-63ab4000 r--s 03c21000 08:01 1693223    /usr/lib/jvm/java-8-openjdk-i386/jre/lib/rt.jar
63ab4000-63efa000 rw-p 00000000 00:00 0 
63efa000-63f00000 ---p 00000000 00:00 0 
63f00000-66300000 rw-p 00000000 00:00 0 
66300000-663fc000 rw-p 00000000 00:00 0 
663fc000-66400000 ---p 00000000 00:00 0 
66400000-66401000 r--s 00004000 08:01 1145398    /usr/share/java/atinject-jsr330-tck-1.0.jar
66401000-66402000 r--s 00008000 08:01 1149370    /usr/share/java/eclipse-aether-connector-basic.jar
66402000-6642e000 r--s 00208000 08:01 1148516    /usr/share/java/guava.jar
6642e000-66431000 ---p 00000000 00:00 0 
66431000-6647f000 rw-p 00000000 00:00 0 
6647f000-66480000 ---p 00000000 00:00 0 
66480000-66500000 rw-p 00000000 00:00 0 
66500000-665fb000 rw-p 00000000 00:00 0 
665fb000-66600000 ---p 00000000 00:00 0 
66600000-66631000 r--s 00207000 08:01 1149515    /usr/share/java/wagon-http-shaded-2.x.jar
66631000-6667f000 rw-p 00000000 00:00 0 
6667f000-66680000 ---p 00000000 00:00 0 
66680000-66700000 rw-p 00000000 00:00 0 
66700000-66721000 rw-p 00000000 00:00 0 
66721000-66800000 ---p 00000000 00:00 0 
66800000-66804000 r--s 00027000 08:01 1149367    /usr/share/java/eclipse-aether-impl.jar
66804000-66806000 r--s 00005000 08:01 1149373    /usr/share/java/eclipse-aether-transport-wagon.jar
66806000-66808000 r--s 00001000 08:01 1149403    /usr/share/java/aopalliance-1.0.jar
66808000-6680a000 r--s 00001000 08:01 1149538    /usr/share/java/maven3-builder-support-3.3.9.jar
6680a000-6680f000 r--s 0001d000 08:01 1149374    /usr/share/java/eclipse-aether-api.jar
6680f000-66811000 r--s 00002000 08:01 1149449    /usr/share/java/plexus-cipher.jar
66811000-66812000 r--s 00002000 08:01 1149066    /usr/share/java/slf4j-simple.jar
66812000-66814000 r--s 00013000 08:01 1149534    /usr/share/java/maven3-embedder-3.3.9.jar
66814000-66816000 r--s 00027000 08:01 1149535    /usr/share/java/maven3-model-3.3.9.jar
66816000-66818000 r--s 0000a000 08:01 1147016    /usr/share/java/commons-cli-1.3.1.jar
66818000-6681a000 r--s 0000a000 08:01 1149512    /usr/share/java/wagon-provider-api-2.x.jar
6681a000-6681d000 r--s 0000a000 08:01 1149539    /usr/share/java/maven3-artifact-3.3.9.jar
6681d000-66821000 r--s 00020000 08:01 1149392    /usr/share/java/eclipse-aether-util.jar
66821000-66822000 r--s 00006000 08:01 1149532    /usr/share/java/maven3-repository-metadata-3.3.9.jar
66822000-66824000 r--s 00007000 08:01 1149069    /usr/share/java/slf4j-api.jar
66824000-6687f000 rw-p 00000000 00:00 0 
6687f000-66880000 ---p 00000000 00:00 0 
66880000-66900000 rw-p 00000000 00:00 0 
66900000-66921000 rw-p 00000000 00:00 0 
66921000-66a00000 ---p 00000000 00:00 0 
66a00000-66a01000 r--s 0000a000 08:01 1149528    /usr/share/java/maven3-settings-3.3.9.jar
66a01000-66a02000 r--s 00001000 08:01 1149518    /usr/share/java/wagon-http-shared-2.x.jar
66a02000-66a06000 r--s 00038000 08:01 1149495    /usr/share/java/plexus-utils2.jar
66a06000-66a0c000 r--s 00048000 08:01 1149288    /usr/share/java/jsoup.jar
66a0c000-66a0e000 r--s 0000a000 08:01 1149529    /usr/share/java/maven3-plugin-api-3.3.9.jar
66a0e000-66a13000 r--s 00025000 08:01 1149533    /usr/share/java/maven3-model-builder-3.3.9.jar
66a13000-66a18000 r--s 00040000 08:01 1145678    /usr/share/java/commons-lang-2.6.jar
66a18000-66a1a000 r--s 00000000 08:01 1149499    /usr/share/java/plexus-component-annotations-1.5.jar
66a1a000-66a28000 r--s 00095000 08:01 1149408    /usr/share/java/guice.jar
66a28000-66a29000 ---p 00000000 00:00 0 
66a29000-66abf000 rw-p 00000000 00:00 0 
66abf000-66bff000 ---p 00000000 00:00 0 
66bff000-66c15000 rw-p 00000000 00:00 0 
66c15000-66d54000 ---p 00000000 00:00 0 
66d54000-66d7b000 rw-p 00000000 00:00 0 
66d7b000-66dff000 ---p 00000000 00:00 0 
66dff000-698c0000 rw-p 00000000 00:00 0 
698c0000-918c0000 ---p 00000000 00:00 0 
918c0000-965c0000 rw-p 00000000 00:00 0 
965c0000-a6e00000 ---p 00000000 00:00 0 
a6e00000-a6e01000 r--s 00006000 08:01 1149451    /usr/share/java/plexus-sec-dispatcher.jar
a6e01000-a6e03000 r--s 00012000 08:01 1144777    /usr/share/java/el-api-3.0.jar
a6e03000-a6e0a000 r--s 00041000 08:01 1149530    /usr/share/java/maven3-compat-3.3.9.jar
a6e0a000-a6e25000 r--s 00394000 08:01 1693228    /usr/lib/jvm/java-8-openjdk-i386/jre/lib/ext/cldrdata.jar
a6e25000-a6e40000 r--s 001d6000 08:01 1693230    /usr/lib/jvm/java-8-openjdk-i386/jre/lib/ext/nashorn.jar
a6e40000-a6e5e000 rw-p 00000000 00:00 0 
a6e5e000-a7200000 ---p 00000000 00:00 0 
a7200000-a7960000 rwxp 00000000 00:00 0 
a7968000-b6200000 ---p 00000000 00:00 0 
b6200000-b62fb000 rw-p 00000000 00:00 0 
b62fb000-b6300000 ---p 00000000 00:00 0 
b6300000-b6301000 r--s 00000000 08:01 1149240    /usr/share/java/geronimo-interceptor-3.0-spec-1.0.1.jar
b6301000-b6302000 r--s 00000000 08:01 1145399    /usr/share/java/atinject-jsr330-api-1.0.jar
b6302000-b6305000 r--s 00008000 08:01 1149246    /usr/share/java/cdi-api-1.0.jar
b6305000-b6307000 r--s 0000a000 08:01 1149493    /usr/share/java/plexus-classworlds2-2.5.2.jar
b6307000-b6309000 r--s 00008000 08:01 1693232    /usr/lib/jvm/java-8-openjdk-i386/jre/lib/ext/sunec.jar
b6309000-b630f000 r--s 0003a000 08:01 1693231    /usr/lib/jvm/java-8-openjdk-i386/jre/lib/ext/sunjce_provider.jar
b630f000-b6319000 r--s 00116000 08:01 1693233    /usr/lib/jvm/java-8-openjdk-i386/jre/lib/ext/localedata.jar
b6319000-b6331000 rw-p 00000000 00:00 0 
b6331000-b633c000 r-xp 00000000 08:01 3402889    /lib/i386-linux-gnu/libnss_files-2.23.so
b633c000-b633d000 r--p 0000a000 08:01 3402889    /lib/i386-linux-gnu/libnss_files-2.23.so
b633d000-b633e000 rw-p 0000b000 08:01 3402889    /lib/i386-linux-gnu/libnss_files-2.23.so
b633e000-b6344000 rw-p 00000000 00:00 0 
b6344000-b634f000 r-xp 00000000 08:01 3402895    /lib/i386-linux-gnu/libnss_nis-2.23.so
b634f000-b6350000 r--p 0000a000 08:01 3402895    /lib/i386-linux-gnu/libnss_nis-2.23.so
b6350000-b6351000 rw-p 0000b000 08:01 3402895    /lib/i386-linux-gnu/libnss_nis-2.23.so
b6351000-b6368000 r-xp 00000000 08:01 3402652    /lib/i386-linux-gnu/libnsl-2.23.so
b6368000-b6369000 r--p 00016000 08:01 3402652    /lib/i386-linux-gnu/libnsl-2.23.so
b6369000-b636a000 rw-p 00017000 08:01 3402652    /lib/i386-linux-gnu/libnsl-2.23.so
b636a000-b636c000 rw-p 00000000 00:00 0 
b636c000-b6374000 r-xp 00000000 08:01 3402720    /lib/i386-linux-gnu/libnss_compat-2.23.so
b6374000-b6375000 r--p 00007000 08:01 3402720    /lib/i386-linux-gnu/libnss_compat-2.23.so
b6375000-b6376000 rw-p 00008000 08:01 3402720    /lib/i386-linux-gnu/libnss_compat-2.23.so
b6376000-b6377000 r--s 00010000 08:01 1693229    /usr/lib/jvm/java-8-openjdk-i386/jre/lib/ext/zipfs.jar
b6377000-b6379000 r--s 00001000 08:01 1693236    /usr/lib/jvm/java-8-openjdk-i386/jre/lib/ext/dnsns.jar
b6379000-b637c000 r--s 0000f000 08:01 1693227    /usr/lib/jvm/java-8-openjdk-i386/jre/lib/ext/icedtea-sound.jar
b637c000-b6384000 r-xp 00000000 08:01 1693277    /usr/lib/jvm/java-8-openjdk-i386/jre/lib/i386/libzip.so
b6384000-b6385000 r--p 00007000 08:01 1693277    /usr/lib/jvm/java-8-openjdk-i386/jre/lib/i386/libzip.so
b6385000-b6386000 rw-p 00008000 08:01 1693277    /usr/lib/jvm/java-8-openjdk-i386/jre/lib/i386/libzip.so
b6386000-b638e000 rw-s 00000000 08:01 2577160    /tmp/hsperfdata_sarnobat/29183
b638e000-b63b5000 r-xp 00000000 08:01 1693258    /usr/lib/jvm/java-8-openjdk-i386/jre/lib/i386/libjava.so
b63b5000-b63b6000 r--p 00026000 08:01 1693258    /usr/lib/jvm/java-8-openjdk-i386/jre/lib/i386/libjava.so
b63b6000-b63b7000 rw-p 00027000 08:01 1693258    /usr/lib/jvm/java-8-openjdk-i386/jre/lib/i386/libjava.so
b63b7000-b63be000 r-xp 00000000 08:01 3402905    /lib/i386-linux-gnu/librt-2.23.so
b63be000-b63bf000 r--p 00006000 08:01 3402905    /lib/i386-linux-gnu/librt-2.23.so
b63bf000-b63c0000 rw-p 00007000 08:01 3402905    /lib/i386-linux-gnu/librt-2.23.so
b63c0000-b63c3000 ---p 00000000 00:00 0 
b63c3000-b6411000 rw-p 00000000 00:00 0 
b6411000-b642d000 r-xp 00000000 08:01 3402590    /lib/i386-linux-gnu/libgcc_s.so.1
b642d000-b642e000 rw-p 0001b000 08:01 3402590    /lib/i386-linux-gnu/libgcc_s.so.1
b642e000-b6481000 r-xp 00000000 08:01 3402651    /lib/i386-linux-gnu/libm-2.23.so
b6481000-b6482000 r--p 00052000 08:01 3402651    /lib/i386-linux-gnu/libm-2.23.so
b6482000-b6483000 rw-p 00053000 08:01 3402651    /lib/i386-linux-gnu/libm-2.23.so
b6483000-b65f0000 r-xp 00000000 08:01 1104849    /usr/lib/i386-linux-gnu/libstdc++.so.6.0.21
b65f0000-b65f1000 ---p 0016d000 08:01 1104849    /usr/lib/i386-linux-gnu/libstdc++.so.6.0.21
b65f1000-b65f6000 r--p 0016d000 08:01 1104849    /usr/lib/i386-linux-gnu/libstdc++.so.6.0.21
b65f6000-b65f7000 rw-p 00172000 08:01 1104849    /usr/lib/i386-linux-gnu/libstdc++.so.6.0.21
b65f7000-b65fa000 rw-p 00000000 00:00 0 
b65fa000-b70cb000 r-xp 00000000 08:01 1693269    /usr/lib/jvm/java-8-openjdk-i386/jre/lib/i386/server/libjvm.so
b70cb000-b7111000 r--p 00ad0000 08:01 1693269    /usr/lib/jvm/java-8-openjdk-i386/jre/lib/i386/server/libjvm.so
b7111000-b7128000 rw-p 00b16000 08:01 1693269    /usr/lib/jvm/java-8-openjdk-i386/jre/lib/i386/server/libjvm.so
b7128000-b7548000 rw-p 00000000 00:00 0 
b7548000-b7561000 r-xp 00000000 08:01 3402662    /lib/i386-linux-gnu/libpthread-2.23.so
b7561000-b7562000 r--p 00018000 08:01 3402662    /lib/i386-linux-gnu/libpthread-2.23.so
b7562000-b7563000 rw-p 00019000 08:01 3402662    /lib/i386-linux-gnu/libpthread-2.23.so
b7563000-b7565000 rw-p 00000000 00:00 0 
b7565000-b7568000 r-xp 00000000 08:01 3402697    /lib/i386-linux-gnu/libdl-2.23.so
b7568000-b7569000 r--p 00002000 08:01 3402697    /lib/i386-linux-gnu/libdl-2.23.so
b7569000-b756a000 rw-p 00003000 08:01 3402697    /lib/i386-linux-gnu/libdl-2.23.so
b756a000-b756b000 rw-p 00000000 00:00 0 
b756b000-b7584000 r-xp 00000000 08:01 3402741    /lib/i386-linux-gnu/libz.so.1.2.8
b7584000-b7585000 r--p 00018000 08:01 3402741    /lib/i386-linux-gnu/libz.so.1.2.8
b7585000-b7586000 rw-p 00019000 08:01 3402741    /lib/i386-linux-gnu/libz.so.1.2.8
b7586000-b7736000 r-xp 00000000 08:01 3402663    /lib/i386-linux-gnu/libc-2.23.so
b7736000-b7738000 r--p 001af000 08:01 3402663    /lib/i386-linux-gnu/libc-2.23.so
b7738000-b7739000 rw-p 001b1000 08:01 3402663    /lib/i386-linux-gnu/libc-2.23.so
b7739000-b773c000 rw-p 00000000 00:00 0 
b773c000-b773d000 r--s 0000a000 08:01 1693235    /usr/lib/jvm/java-8-openjdk-i386/jre/lib/ext/jaccess.jar
b773d000-b7741000 r--s 00037000 08:01 1693234    /usr/lib/jvm/java-8-openjdk-i386/jre/lib/ext/sunpkcs11.jar
b7741000-b7742000 r--p 002d4000 08:01 1110568    /usr/lib/locale/locale-archive
b7742000-b7743000 rw-p 00000000 00:00 0 
b7743000-b7744000 r--p 00000000 00:00 0 
b7744000-b7752000 r-xp 00000000 08:01 1693275    /usr/lib/jvm/java-8-openjdk-i386/jre/lib/i386/libverify.so
b7752000-b7753000 r--p 0000d000 08:01 1693275    /usr/lib/jvm/java-8-openjdk-i386/jre/lib/i386/libverify.so
b7753000-b7754000 rw-p 0000e000 08:01 1693275    /usr/lib/jvm/java-8-openjdk-i386/jre/lib/i386/libverify.so
b7754000-b7761000 r-xp 00000000 08:01 1693273    /usr/lib/jvm/java-8-openjdk-i386/jre/lib/i386/jli/libjli.so
b7761000-b7762000 r--p 0000c000 08:01 1693273    /usr/lib/jvm/java-8-openjdk-i386/jre/lib/i386/jli/libjli.so
b7762000-b7763000 rw-p 0000d000 08:01 1693273    /usr/lib/jvm/java-8-openjdk-i386/jre/lib/i386/jli/libjli.so
b7763000-b7764000 rw-p 00000000 00:00 0 
b7764000-b7766000 r--p 00000000 00:00 0          [vvar]
b7766000-b7767000 r-xp 00000000 00:00 0          [vdso]
b7767000-b778a000 r-xp 00000000 08:01 3402661    /lib/i386-linux-gnu/ld-2.23.so
b778a000-b778b000 r--p 00022000 08:01 3402661    /lib/i386-linux-gnu/ld-2.23.so
b778b000-b778c000 rw-p 00023000 08:01 3402661    /lib/i386-linux-gnu/ld-2.23.so
bfbb1000-bfbd2000 rw-p 00000000 00:00 0          [stack]

VM Arguments:
jvm_args: -Dclassworlds.conf=/usr/share/maven/bin/m2.conf -Dmaven.home=/usr/share/maven -Dmaven.multiModuleProjectDirectory=/home/sarnobat/github/maven_project 
java_command: org.codehaus.plexus.classworlds.launcher.Launcher --quiet --settings /home/sarnobat/sarnobat.git/mac/.m2/settings.xml install exec:java -Dexec.mainClass=Md5RoCopyFile -Dexec.args=4486 ~/sarnobat.git/db/md5ro/md5_files.txt
java_class_path (initial): /usr/share/maven/boot/plexus-classworlds-2.x.jar
Launcher Type: SUN_STANDARD

Environment Variables:
JAVA_HOME=/usr/lib/jvm/java-8-openjdk-i386
PATH=/usr/bin:/bin
SHELL=/bin/sh

Signal Handlers:
SIGSEGV: [libjvm.so+0x8d7370], sa_mask[0]=11111111011111111101111111111110, sa_flags=SA_RESTART|SA_SIGINFO
SIGBUS: [libjvm.so+0x8d7370], sa_mask[0]=11111111011111111101111111111110, sa_flags=SA_RESTART|SA_SIGINFO
SIGFPE: [libjvm.so+0x73d1c0], sa_mask[0]=11111111011111111101111111111110, sa_flags=SA_RESTART|SA_SIGINFO
SIGPIPE: [libjvm.so+0x73d1c0], sa_mask[0]=11111111011111111101111111111110, sa_flags=SA_RESTART|SA_SIGINFO
SIGXFSZ: [libjvm.so+0x73d1c0], sa_mask[0]=11111111011111111101111111111110, sa_flags=SA_RESTART|SA_SIGINFO
SIGILL: [libjvm.so+0x73d1c0], sa_mask[0]=11111111011111111101111111111110, sa_flags=SA_RESTART|SA_SIGINFO
SIGUSR1: SIG_DFL, sa_mask[0]=00000000000000000000000000000000, sa_flags=none
SIGUSR2: [libjvm.so+0x73d000], sa_mask[0]=00000000000000000000000000000000, sa_flags=SA_RESTART|SA_SIGINFO
SIGHUP: [libjvm.so+0x73d790], sa_mask[0]=11111111011111111101111111111110, sa_flags=SA_RESTART|SA_SIGINFO
SIGINT: [libjvm.so+0x73d790], sa_mask[0]=11111111011111111101111111111110, sa_flags=SA_RESTART|SA_SIGINFO
SIGTERM: [libjvm.so+0x73d790], sa_mask[0]=11111111011111111101111111111110, sa_flags=SA_RESTART|SA_SIGINFO
SIGQUIT: [libjvm.so+0x73d790], sa_mask[0]=11111111011111111101111111111110, sa_flags=SA_RESTART|SA_SIGINFO


---------------  S Y S T E M  ---------------

OS:DISTRIB_ID=Ubuntu
DISTRIB_RELEASE=16.04
DISTRIB_CODENAME=xenial
DISTRIB_DESCRIPTION="Ubuntu 16.04.1 LTS"

uname:Linux 4.4.0-104-generic #127-Ubuntu SMP Mon Dec 11 12:16:50 UTC 2017 i686
libc:glibc 2.23 NPTL 2.23 
rlimit: STACK 8192k, CORE 0k, NPROC 63057, NOFILE 1048576, AS infinity
load average:2.87 2.40 2.37

/proc/meminfo:
MemTotal:        8107456 kB
MemFree:          390876 kB
MemAvailable:          0 kB
Buffers:            4980 kB
Cached:           216084 kB
SwapCached:         5804 kB
Active:          6032076 kB
Inactive:        1473860 kB
Active(anon):    6010328 kB
Inactive(anon):  1453436 kB
Active(file):      21748 kB
Inactive(file):    20424 kB
Unevictable:           0 kB
Mlocked:               0 kB
HighTotal:       7292552 kB
HighFree:          84224 kB
LowTotal:         814904 kB
LowFree:          306652 kB
SwapTotal:       4007932 kB
SwapFree:              0 kB
Dirty:              1140 kB
Writeback:             0 kB
AnonPages:       7279116 kB
Mapped:            43064 kB
Shmem:            178948 kB
Slab:              98260 kB
SReclaimable:      51048 kB
SUnreclaim:        47212 kB
KernelStack:       16624 kB
PageTables:        46376 kB
NFS_Unstable:          0 kB
Bounce:                0 kB
WritebackTmp:          0 kB
CommitLimit:     8061660 kB
Committed_AS:   25595852 kB
VmallocTotal:     122880 kB
VmallocUsed:           0 kB
VmallocChunk:          0 kB
AnonHugePages:   4298752 kB
CmaTotal:              0 kB
CmaFree:               0 kB
HugePages_Total:       0
HugePages_Free:        0
HugePages_Rsvd:        0
HugePages_Surp:        0
Hugepagesize:       2048 kB
DirectMap4k:       34808 kB
DirectMap2M:      876544 kB


CPU:total 4 (initial active 4) (2 cores per cpu, 2 threads per core) family 6 model 58 stepping 9, cmov, cx8, fxsr, mmx, sse, sse2, sse3, ssse3, sse4.1, sse4.2, popcnt, avx, aes, clmul, erms, ht, tsc, tscinvbit, tscinv

/proc/cpuinfo:
processor	: 0
vendor_id	: GenuineIntel
cpu family	: 6
model		: 58
model name	: Intel(R) Core(TM) i5-3427U CPU @ 1.80GHz
stepping	: 9
microcode	: 0x17
cpu MHz		: 2599.988
cache size	: 3072 KB
physical id	: 0
siblings	: 4
core id		: 0
cpu cores	: 2
apicid		: 0
initial apicid	: 0
fdiv_bug	: no
f00f_bug	: no
coma_bug	: no
fpu		: yes
fpu_exception	: yes
cpuid level	: 13
wp		: yes
flags		: fpu vme de pse tsc msr pae mce cx8 apic sep mtrr pge mca cmov pat pse36 clflush dts acpi mmx fxsr sse sse2 ss ht tm pbe nx rdtscp lm constant_tsc arch_perfmon pebs bts xtopology nonstop_tsc aperfmperf eagerfpu pni pclmulqdq dtes64 monitor ds_cpl vmx smx est tm2 ssse3 cx16 xtpr pdcm pcid sse4_1 sse4_2 x2apic popcnt tsc_deadline_timer aes xsave avx f16c rdrand lahf_lm epb tpr_shadow vnmi flexpriority ept vpid fsgsbase smep erms xsaveopt dtherm ida arat pln pts
bugs		:
bogomips	: 4589.86
clflush size	: 64
cache_alignment	: 64
address sizes	: 36 bits physical, 48 bits virtual
power management:

processor	: 1
vendor_id	: GenuineIntel
cpu family	: 6
model		: 58
model name	: Intel(R) Core(TM) i5-3427U CPU @ 1.80GHz
stepping	: 9
microcode	: 0x17
cpu MHz		: 2599.988
cache size	: 3072 KB
physical id	: 0
siblings	: 4
core id		: 1
cpu cores	: 2
apicid		: 2
initial apicid	: 2
fdiv_bug	: no
f00f_bug	: no
coma_bug	: no
fpu		: yes
fpu_exception	: yes
cpuid level	: 13
wp		: yes
flags		: fpu vme de pse tsc msr pae mce cx8 apic sep mtrr pge mca cmov pat pse36 clflush dts acpi mmx fxsr sse sse2 ss ht tm pbe nx rdtscp lm constant_tsc arch_perfmon pebs bts xtopology nonstop_tsc aperfmperf eagerfpu pni pclmulqdq dtes64 monitor ds_cpl vmx smx est tm2 ssse3 cx16 xtpr pdcm pcid sse4_1 sse4_2 x2apic popcnt tsc_deadline_timer aes xsave avx f16c rdrand lahf_lm epb tpr_shadow vnmi flexpriority ept vpid fsgsbase smep erms xsaveopt dtherm ida arat pln pts
bugs		:
bogomips	: 4589.86
clflush size	: 64
cache_alignment	: 64
address sizes	: 36 bits physical, 48 bits virtual
power management:

processor	: 2
vendor_id	: GenuineIntel
cpu family	: 6
model		: 58
model name	: Intel(R) Core(TM) i5-3427U CPU @ 1.80GHz
stepping	: 9
microcode	: 0x17
cpu MHz		: 2599.988
cache size	: 3072 KB
physical id	: 0
siblings	: 4
core id		: 0
cpu cores	: 2
apicid		: 1
initial apicid	: 1
fdiv_bug	: no
f00f_bug	: no
coma_bug	: no
fpu		: yes
fpu_exception	: yes
cpuid level	: 13
wp		: yes
flags		: fpu vme de pse tsc msr pae mce cx8 apic sep mtrr pge mca cmov pat pse36 clflush dts acpi mmx fxsr sse sse2 ss ht tm pbe nx rdtscp lm constant_tsc arch_perfmon pebs bts xtopology nonstop_tsc aperfmperf eagerfpu pni pclmulqdq dtes64 monitor ds_cpl vmx smx est tm2 ssse3 cx16 xtpr pdcm pcid sse4_1 sse4_2 x2apic popcnt tsc_deadline_timer aes xsave avx f16c rdrand lahf_lm epb tpr_shadow vnmi flexpriority ept vpid fsgsbase smep erms xsaveopt dtherm ida arat pln pts
bugs		:
bogomips	: 4589.86
clflush size	: 64
cache_alignment	: 64
address sizes	: 36 bits physical, 48 bits virtual
power management:

processor	: 3
vendor_id	: GenuineIntel
cpu family	: 6
model		: 58
model name	: Intel(R) Core(TM) i5-3427U CPU @ 1.80GHz
stepping	: 9
microcode	: 0x17
cpu MHz		: 2599.988
cache size	: 3072 KB
physical id	: 0
siblings	: 4
core id		: 1
cpu cores	: 2
apicid		: 3
initial apicid	: 3
fdiv_bug	: no
f00f_bug	: no
coma_bug	: no
fpu		: yes
fpu_exception	: yes
cpuid level	: 13
wp		: yes
flags		: fpu vme de pse tsc msr pae mce cx8 apic sep mtrr pge mca cmov pat pse36 clflush dts acpi mmx fxsr sse sse2 ss ht tm pbe nx rdtscp lm constant_tsc arch_perfmon pebs bts xtopology nonstop_tsc aperfmperf eagerfpu pni pclmulqdq dtes64 monitor ds_cpl vmx smx est tm2 ssse3 cx16 xtpr pdcm pcid sse4_1 sse4_2 x2apic popcnt tsc_deadline_timer aes xsave avx f16c rdrand lahf_lm epb tpr_shadow vnmi flexpriority ept vpid fsgsbase smep erms xsaveopt dtherm ida arat pln pts
bugs		:
bogomips	: 4589.86
clflush size	: 64
cache_alignment	: 64
address sizes	: 36 bits physical, 48 bits virtual
power management:



Memory: 4k page, physical 8107456k(391392k free), swap 4007932k(0k free)

vm_info: OpenJDK Server VM (25.151-b12) for linux-x86 JRE (1.8.0_151-8u151-b12-0ubuntu0.16.04.2-b12), built on Oct 27 2017 22:05:04 by "buildd" with gcc 5.4.0 20160609

time: Fri Mar 23 01:30:11 2018
elapsed time: 9 seconds (0d 0h 0m 9s)

