#
# There is insufficient memory for the Java Runtime Environment to continue.
# Native memory allocation (mmap) failed to map 32768 bytes for committing reserved memory.
# Possible reasons:
#   The system is out of physical RAM or swap space
#   In 32 bit mode, the process size limit was hit
# Possible solutions:
#   Reduce memory load on the system
#   Increase physical memory or swap space
#   Check if swap backing store is full
#   Use 64 bit Java on a 64 bit OS
#   Decrease Java heap size (-Xmx/-Xms)
#   Decrease number of Java threads
#   Decrease Java thread stack sizes (-Xss)
#   Set larger code cache with -XX:ReservedCodeCacheSize=
# This output file may be truncated or incomplete.
#
#  Out of Memory Error (os_linux.cpp:2643), pid=2495, tid=0x632dcb40
#
# JRE version: OpenJDK Runtime Environment (8.0_151-b12) (build 1.8.0_151-8u151-b12-0ubuntu0.16.04.2-b12)
# Java VM: OpenJDK Server VM (25.151-b12 mixed mode linux-x86 )
# Failed to write core dump. Core dumps have been disabled. To enable core dumping, try "ulimit -c unlimited" before starting Java again
#

---------------  T H R E A D  ---------------

Current thread (0x638a5c00):  JavaThread "C2 CompilerThread1" daemon [_thread_in_vm, id=2568, stack(0x6325c000,0x632dd000)]

Stack: [0x6325c000,0x632dd000],  sp=0x632da8a0,  free space=506k
Native frames: (J=compiled Java code, j=interpreted, Vv=VM code, C=native code)
V  [libjvm.so+0x8d6834]
V  [libjvm.so+0x3a7c76]
V  [libjvm.so+0x7420c0]
V  [libjvm.so+0x73c013]
V  [libjvm.so+0x8d3264]
V  [libjvm.so+0x4ba943]
V  [libjvm.so+0x335e73]
V  [libjvm.so+0x3303aa]
V  [libjvm.so+0x334a2a]
V  [libjvm.so+0x753dbd]
V  [libjvm.so+0x75abbf]
V  [libjvm.so+0x352a09]
V  [libjvm.so+0x355bdb]
V  [libjvm.so+0x2ad730]
V  [libjvm.so+0x360d41]
V  [libjvm.so+0x3624fa]
V  [libjvm.so+0x878977]
V  [libjvm.so+0x88198b]
V  [libjvm.so+0x881e5e]
V  [libjvm.so+0x73f2b5]
C  [libpthread.so.0+0x6295]  start_thread+0xe5
C  [libc.so.6+0xe705e]  clone+0x6e


Current CompileTask:
C2:   4753 2470       4       org.codehaus.plexus.util.xml.pull.MXParser::defineEntityReplacementText (198 bytes)


---------------  P R O C E S S  ---------------

Java Threads: ( => current thread )
  0x638aa400 JavaThread "Service Thread" daemon [_thread_blocked, id=2573, stack(0x6318a000,0x631db000)]
  0x638a7000 JavaThread "C1 CompilerThread2" daemon [_thread_in_vm, id=2570, stack(0x631db000,0x6325c000)]
=>0x638a5c00 JavaThread "C2 CompilerThread1" daemon [_thread_in_vm, id=2568, stack(0x6325c000,0x632dd000)]
  0x638a3c00 JavaThread "C2 CompilerThread0" daemon [_thread_in_vm, id=2567, stack(0x632dd000,0x6335e000)]
  0x638a2400 JavaThread "Signal Dispatcher" daemon [_thread_blocked, id=2565, stack(0x6335e000,0x633af000)]
  0x63888400 JavaThread "Finalizer" daemon [_thread_blocked, id=2563, stack(0x635af000,0x63600000)]
  0x63885800 JavaThread "Reference Handler" daemon [_thread_blocked, id=2561, stack(0x63913000,0x63964000)]
  0xb6307800 JavaThread "main" [_thread_blocked, id=2550, stack(0xb6411000,0xb6462000)]

Other Threads:
  0x63881000 VMThread [stack: 0x63964000,0x639e5000] [id=2559]
  0x638ac000 WatcherThread [stack: 0x63109000,0x6318a000] [id=2576]

VM state:not at safepoint (normal execution)

VM Mutex/Monitor currently owned by a thread:  ([mutex/lock_event])
[0xb63044a8] CodeCache_lock - owner thread: 0x638a5c00
[0xb63056f0] Compile_lock - owner thread: 0x638a7000
[0xb63057c0] MethodCompileQueue_lock - owner thread: 0x638a7000

Heap:
 PSYoungGen      total 69120K, used 47525K [0x918c0000, 0x95ec0000, 0xa6e00000)
  eden space 66560K, 67% used [0x918c0000,0x944aaf58,0x959c0000)
  from space 2560K, 99% used [0x95c40000,0x95ebe870,0x95ec0000)
  to   space 2560K, 0% used [0x959c0000,0x959c0000,0x95c40000)
 ParOldGen       total 43776K, used 7062K [0x66e00000, 0x698c0000, 0x918c0000)
  object space 43776K, 16% used [0x66e00000,0x674e5bd0,0x698c0000)
 Metaspace       used 10824K, capacity 10924K, committed 11032K, reserved 11568K

Card table byte_map: [0x66bff000,0x66e00000] byte_map_base: 0x668c8000

Marking Bits: (ParMarkBitMap*) 0xb7187880
 Begin Bits: [0x64400000, 0x65400000)
 End Bits:   [0x65400000, 0x66400000)

Polling page: 0xb7794000

CodeCache: size=245760Kb used=6731Kb max_used=6731Kb free=239028Kb
 bounds [0xa727a000, 0xa7912000, 0xb627a000]
 total_blobs=2742 nmethods=2558 adapters=95
 compilation: enabled

Compilation events (10 events):
Event: 4.684 Thread 0x638a7000 nmethod 2580 0xa790ae88 code [0xa790b000, 0xa790b428]
Event: 4.686 Thread 0x638a7000 2581       2       java.util.ArrayList$SubList::size (9 bytes)
Event: 4.686 Thread 0x638a7000 nmethod 2581 0xa7905c08 code [0xa7905d20, 0xa7905e8c]
Event: 4.687 Thread 0x638a7000 2582       2       org.apache.maven.model.building.DefaultModelBuilder::injectProfileActivations (68 bytes)
Event: 4.687 Thread 0x638a7000 nmethod 2582 0xa790a7c8 code [0xa790a940, 0xa790ac10]
Event: 4.688 Thread 0x638a7000 2583   !   2       sun.reflect.GeneratedMethodAccessor2::invoke (61 bytes)
Event: 4.689 Thread 0x638a7000 nmethod 2583 0xa7909f48 code [0xa790a0e0, 0xa790a47c]
Event: 4.695 Thread 0x638a7000 2585       2       org.eclipse.sisu.wire.EntrySetAdapter$ValueIterator::hasNext (10 bytes)
Event: 4.695 Thread 0x638a7000 nmethod 2585 0xa7905988 code [0xa7905aa0, 0xa7905b8c]
Event: 4.696 Thread 0x638a7000 2586       2       org.codehaus.plexus.util.xml.pull.MXParser::fillBuf (667 bytes)

GC Heap History (8 events):
Event: 0.690 GC heap before
{Heap before GC invocations=1 (full 0):
 PSYoungGen      total 19200K, used 16640K [0x918c0000, 0x92e00000, 0xa6e00000)
  eden space 16640K, 100% used [0x918c0000,0x92900000,0x92900000)
  from space 2560K, 0% used [0x92b80000,0x92b80000,0x92e00000)
  to   space 2560K, 0% used [0x92900000,0x92900000,0x92b80000)
 ParOldGen       total 43776K, used 0K [0x66e00000, 0x698c0000, 0x918c0000)
  object space 43776K, 0% used [0x66e00000,0x66e00000,0x698c0000)
 Metaspace       used 4671K, capacity 4714K, committed 4760K, reserved 5424K
Event: 0.705 GC heap after
Heap after GC invocations=1 (full 0):
 PSYoungGen      total 19200K, used 2554K [0x918c0000, 0x93e40000, 0xa6e00000)
  eden space 16640K, 0% used [0x918c0000,0x918c0000,0x92900000)
  from space 2560K, 99% used [0x92900000,0x92b7eb38,0x92b80000)
  to   space 2560K, 0% used [0x93bc0000,0x93bc0000,0x93e40000)
 ParOldGen       total 43776K, used 850K [0x66e00000, 0x698c0000, 0x918c0000)
  object space 43776K, 1% used [0x66e00000,0x66ed4a98,0x698c0000)
 Metaspace       used 4671K, capacity 4714K, committed 4760K, reserved 5424K
}
Event: 1.293 GC heap before
{Heap before GC invocations=2 (full 0):
 PSYoungGen      total 19200K, used 19194K [0x918c0000, 0x93e40000, 0xa6e00000)
  eden space 16640K, 100% used [0x918c0000,0x92900000,0x92900000)
  from space 2560K, 99% used [0x92900000,0x92b7eb38,0x92b80000)
  to   space 2560K, 0% used [0x93bc0000,0x93bc0000,0x93e40000)
 ParOldGen       total 43776K, used 850K [0x66e00000, 0x698c0000, 0x918c0000)
  object space 43776K, 1% used [0x66e00000,0x66ed4a98,0x698c0000)
 Metaspace       used 5389K, capacity 5452K, committed 5528K, reserved 6448K
Event: 1.310 GC heap after
Heap after GC invocations=2 (full 0):
 PSYoungGen      total 35840K, used 2556K [0x918c0000, 0x93e40000, 0xa6e00000)
  eden space 33280K, 0% used [0x918c0000,0x918c0000,0x93940000)
  from space 2560K, 99% used [0x93bc0000,0x93e3f1b8,0x93e40000)
  to   space 2560K, 0% used [0x93940000,0x93940000,0x93bc0000)
 ParOldGen       total 43776K, used 980K [0x66e00000, 0x698c0000, 0x918c0000)
  object space 43776K, 2% used [0x66e00000,0x66ef52e8,0x698c0000)
 Metaspace       used 5389K, capacity 5452K, committed 5528K, reserved 6448K
}
Event: 2.469 GC heap before
{Heap before GC invocations=3 (full 0):
 PSYoungGen      total 35840K, used 35836K [0x918c0000, 0x93e40000, 0xa6e00000)
  eden space 33280K, 100% used [0x918c0000,0x93940000,0x93940000)
  from space 2560K, 99% used [0x93bc0000,0x93e3f1b8,0x93e40000)
  to   space 2560K, 0% used [0x93940000,0x93940000,0x93bc0000)
 ParOldGen       total 43776K, used 980K [0x66e00000, 0x698c0000, 0x918c0000)
  object space 43776K, 2% used [0x66e00000,0x66ef52e8,0x698c0000)
 Metaspace       used 8116K, capacity 8190K, committed 8344K, reserved 8496K
Event: 2.483 GC heap after
Heap after GC invocations=3 (full 0):
 PSYoungGen      total 35840K, used 2546K [0x918c0000, 0x95ec0000, 0xa6e00000)
  eden space 33280K, 0% used [0x918c0000,0x918c0000,0x93940000)
  from space 2560K, 99% used [0x93940000,0x93bbc880,0x93bc0000)
  to   space 2560K, 0% used [0x95c40000,0x95c40000,0x95ec0000)
 ParOldGen       total 43776K, used 5137K [0x66e00000, 0x698c0000, 0x918c0000)
  object space 43776K, 11% used [0x66e00000,0x67304690,0x698c0000)
 Metaspace       used 8116K, capacity 8190K, committed 8344K, reserved 8496K
}
Event: 3.416 GC heap before
{Heap before GC invocations=4 (full 0):
 PSYoungGen      total 35840K, used 35826K [0x918c0000, 0x95ec0000, 0xa6e00000)
  eden space 33280K, 100% used [0x918c0000,0x93940000,0x93940000)
  from space 2560K, 99% used [0x93940000,0x93bbc880,0x93bc0000)
  to   space 2560K, 0% used [0x95c40000,0x95c40000,0x95ec0000)
 ParOldGen       total 43776K, used 5137K [0x66e00000, 0x698c0000, 0x918c0000)
  object space 43776K, 11% used [0x66e00000,0x67304690,0x698c0000)
 Metaspace       used 9966K, capacity 10043K, committed 10136K, reserved 10544K
Event: 3.429 GC heap after
Heap after GC invocations=4 (full 0):
 PSYoungGen      total 69120K, used 2554K [0x918c0000, 0x95ec0000, 0xa6e00000)
  eden space 66560K, 0% used [0x918c0000,0x918c0000,0x959c0000)
  from space 2560K, 99% used [0x95c40000,0x95ebe870,0x95ec0000)
  to   space 2560K, 0% used [0x959c0000,0x959c0000,0x95c40000)
 ParOldGen       total 43776K, used 7062K [0x66e00000, 0x698c0000, 0x918c0000)
  object space 43776K, 16% used [0x66e00000,0x674e5bd0,0x698c0000)
 Metaspace       used 9966K, capacity 10043K, committed 10136K, reserved 10544K
}

Deoptimization events (10 events):
Event: 3.797 Thread 0xb6307800 Uncommon trap: reason=unstable_if action=reinterpret pc=0xa74cc720 method=java.util.HashMap.hash(Ljava/lang/Object;)I @ 1
Event: 3.939 Thread 0xb6307800 Uncommon trap: reason=unstable_if action=reinterpret pc=0xa771acac method=java.util.HashMap.hash(Ljava/lang/Object;)I @ 1
Event: 3.940 Thread 0xb6307800 Uncommon trap: reason=unstable_if action=reinterpret pc=0xa75ad914 method=java.util.HashMap.hash(Ljava/lang/Object;)I @ 1
Event: 3.981 Thread 0xb6307800 Uncommon trap: reason=class_check action=maybe_recompile pc=0xa77410d4 method=java.util.regex.Pattern$7.isSatisfiedBy(I)Z @ 16
Event: 3.981 Thread 0xb6307800 Uncommon trap: reason=class_check action=maybe_recompile pc=0xa77410d4 method=java.util.regex.Pattern$7.isSatisfiedBy(I)Z @ 16
Event: 3.981 Thread 0xb6307800 Uncommon trap: reason=class_check action=maybe_recompile pc=0xa77410e8 method=java.util.regex.Pattern$CharProperty$1.isSatisfiedBy(I)Z @ 5
Event: 3.981 Thread 0xb6307800 Uncommon trap: reason=class_check action=maybe_recompile pc=0xa77410d4 method=java.util.regex.Pattern$7.isSatisfiedBy(I)Z @ 16
Event: 3.981 Thread 0xb6307800 Uncommon trap: reason=class_check action=maybe_recompile pc=0xa77410d4 method=java.util.regex.Pattern$7.isSatisfiedBy(I)Z @ 16
Event: 3.996 Thread 0xb6307800 Uncommon trap: reason=null_check action=make_not_entrant pc=0xa7807a00 method=org.apache.maven.model.io.xpp3.MavenXpp3Reader.checkFieldWithDuplicate(Lorg/codehaus/plexus/util/xml/pull/XmlPullParser;Ljava/lang/String;Ljava/lang/String;Ljava/util/Set;)Z @ 2
Event: 4.153 Thread 0xb6307800 Uncommon trap: reason=unstable_if action=reinterpret pc=0xa77c846c method=org.codehaus.plexus.util.xml.pull.MXParser.nextImpl()I @ 280

Internal exceptions (10 events):
Event: 3.324 Thread 0xb6307800 Exception <a 'java/lang/NullPointerException'> (0x9352cea8) thrown at [/build/openjdk-8-Y4imzb/openjdk-8-8u151-b12/src/hotspot/src/share/vm/interpreter/linkResolver.cpp, line 1183]
Event: 3.325 Thread 0xb6307800 Exception <a 'java/lang/NullPointerException'> (0x93535680) thrown at [/build/openjdk-8-Y4imzb/openjdk-8-8u151-b12/src/hotspot/src/share/vm/interpreter/linkResolver.cpp, line 1183]
Event: 3.325 Thread 0xb6307800 Exception <a 'java/lang/NullPointerException'> (0x93535890) thrown at [/build/openjdk-8-Y4imzb/openjdk-8-8u151-b12/src/hotspot/src/share/vm/interpreter/linkResolver.cpp, line 1183]
Event: 3.325 Thread 0xb6307800 Exception <a 'java/lang/NullPointerException'> (0x93535aa0) thrown at [/build/openjdk-8-Y4imzb/openjdk-8-8u151-b12/src/hotspot/src/share/vm/interpreter/linkResolver.cpp, line 1183]
Event: 3.741 Thread 0xb6307800 Implicit null exception at 0xa7743c3d to 0xa7743e15
Event: 3.797 Thread 0xb6307800 Implicit null exception at 0xa749db7e to 0xa749dd15
Event: 3.797 Thread 0xb6307800 Implicit null exception at 0xa74cc6cb to 0xa74cc710
Event: 3.939 Thread 0xb6307800 Implicit null exception at 0xa771a903 to 0xa771ac9d
Event: 3.940 Thread 0xb6307800 Implicit null exception at 0xa75ad5bf to 0xa75ad905
Event: 3.996 Thread 0xb6307800 Implicit null exception at 0xa780720b to 0xa78079f5

Events (10 events):
Event: 4.298 Thread 0xb6307800 DEOPT PACKING pc=0xa7759165 sp=0xb645faf0
Event: 4.298 Thread 0xb6307800 DEOPT UNPACKING pc=0xa72b65d0 sp=0xb645fa8c mode 0
Event: 4.312 Thread 0xb6307800 DEOPT PACKING pc=0xa7759165 sp=0xb645faf0
Event: 4.312 Thread 0xb6307800 DEOPT UNPACKING pc=0xa72b65d0 sp=0xb645fa8c mode 0
Event: 4.326 Thread 0xb6307800 DEOPT PACKING pc=0xa7759165 sp=0xb645faf0
Event: 4.326 Thread 0xb6307800 DEOPT UNPACKING pc=0xa72b65d0 sp=0xb645fa8c mode 0
Event: 4.334 Thread 0xb6307800 DEOPT PACKING pc=0xa7759165 sp=0xb645faf0
Event: 4.334 Thread 0xb6307800 DEOPT UNPACKING pc=0xa72b65d0 sp=0xb645fa8c mode 0
Event: 4.346 Thread 0xb6307800 DEOPT PACKING pc=0xa7759165 sp=0xb645f940
Event: 4.346 Thread 0xb6307800 DEOPT UNPACKING pc=0xa72b65d0 sp=0xb645f8dc mode 0


Dynamic libraries:
08048000-08049000 r-xp 00000000 08:01 1693306    /usr/lib/jvm/java-8-openjdk-i386/jre/bin/java
08049000-0804a000 r--p 00000000 08:01 1693306    /usr/lib/jvm/java-8-openjdk-i386/jre/bin/java
0804a000-0804b000 rw-p 00001000 08:01 1693306    /usr/lib/jvm/java-8-openjdk-i386/jre/bin/java
087eb000-08872000 rw-p 00000000 00:00 0          [heap]
60500000-605c4000 rw-p 00000000 00:00 0 
605c4000-60600000 ---p 00000000 00:00 0 
60700000-60778000 rw-p 00000000 00:00 0 
60778000-60800000 ---p 00000000 00:00 0 
60800000-60871000 rw-p 00000000 00:00 0 
60871000-60900000 ---p 00000000 00:00 0 
60900000-609f9000 rw-p 00000000 00:00 0 
609f9000-60a00000 ---p 00000000 00:00 0 
60d00000-60e00000 rw-p 00000000 00:00 0 
60f00000-61000000 rw-p 00000000 00:00 0 
61000000-610fb000 rw-p 00000000 00:00 0 
610fb000-61100000 ---p 00000000 00:00 0 
61100000-61200000 rw-p 00000000 00:00 0 
61200000-612fa000 rw-p 00000000 00:00 0 
612fa000-61300000 ---p 00000000 00:00 0 
61300000-613f6000 rw-p 00000000 00:00 0 
613f6000-61400000 ---p 00000000 00:00 0 
61400000-614fa000 rw-p 00000000 00:00 0 
614fa000-61500000 ---p 00000000 00:00 0 
61500000-615ea000 rw-p 00000000 00:00 0 
615ea000-61600000 ---p 00000000 00:00 0 
6163f000-61880000 rw-p 00000000 00:00 0 
61880000-61900000 ---p 00000000 00:00 0 
61900000-619ff000 rw-p 00000000 00:00 0 
619ff000-61a00000 ---p 00000000 00:00 0 
61a00000-61afe000 rw-p 00000000 00:00 0 
61afe000-61b00000 ---p 00000000 00:00 0 
61b00000-61bf8000 rw-p 00000000 00:00 0 
61bf8000-61c00000 ---p 00000000 00:00 0 
61c00000-61c9e000 rw-p 00000000 00:00 0 
61c9e000-61d00000 ---p 00000000 00:00 0 
61d00000-61dfa000 rw-p 00000000 00:00 0 
61dfa000-61e00000 ---p 00000000 00:00 0 
61e00000-61efd000 rw-p 00000000 00:00 0 
61efd000-61f00000 ---p 00000000 00:00 0 
61f00000-62000000 rw-p 00000000 00:00 0 
62000000-62100000 rw-p 00000000 00:00 0 
62100000-621fd000 rw-p 00000000 00:00 0 
621fd000-62200000 ---p 00000000 00:00 0 
62200000-62300000 rw-p 00000000 00:00 0 
62300000-62400000 rw-p 00000000 00:00 0 
62400000-62500000 rw-p 00000000 00:00 0 
62500000-62600000 rw-p 00000000 00:00 0 
62600000-62700000 rw-p 00000000 00:00 0 
62700000-62800000 rw-p 00000000 00:00 0 
62800000-62900000 rw-p 00000000 00:00 0 
62900000-629f3000 rw-p 00000000 00:00 0 
629f3000-62a00000 ---p 00000000 00:00 0 
62a00000-62afe000 rw-p 00000000 00:00 0 
62afe000-62b00000 ---p 00000000 00:00 0 
62b00000-62c00000 rw-p 00000000 00:00 0 
62c00000-62d00000 rw-p 00000000 00:00 0 
62d00000-62e00000 rw-p 00000000 00:00 0 
62e00000-62eff000 rw-p 00000000 00:00 0 
62eff000-62f00000 ---p 00000000 00:00 0 
62f5d000-62f6e000 r-xp 00000000 08:01 1693283    /usr/lib/jvm/java-8-openjdk-i386/jre/lib/i386/libnio.so
62f6e000-62f6f000 r--p 00010000 08:01 1693283    /usr/lib/jvm/java-8-openjdk-i386/jre/lib/i386/libnio.so
62f6f000-62f70000 rw-p 00011000 08:01 1693283    /usr/lib/jvm/java-8-openjdk-i386/jre/lib/i386/libnio.so
62f70000-62f86000 r-xp 00000000 08:01 1693270    /usr/lib/jvm/java-8-openjdk-i386/jre/lib/i386/libnet.so
62f86000-62f87000 r--p 00015000 08:01 1693270    /usr/lib/jvm/java-8-openjdk-i386/jre/lib/i386/libnet.so
62f87000-62f88000 rw-p 00016000 08:01 1693270    /usr/lib/jvm/java-8-openjdk-i386/jre/lib/i386/libnet.so
62f88000-62f8d000 r--s 0009a000 08:01 1693288    /usr/lib/jvm/java-8-openjdk-i386/jre/lib/jsse.jar
62f8d000-62f9a000 r--s 0008d000 08:01 1149531    /usr/share/java/maven3-core-3.3.9.jar
62f9a000-62f9b000 r--s 00001000 08:01 1149511    /usr/share/java/wagon-file-2.x.jar
62f9b000-62f9e000 r--s 00007000 08:01 1149537    /usr/share/java/maven3-settings-builder-3.3.9.jar
62f9e000-62fa0000 r--s 0000d000 08:01 1149536    /usr/share/java/maven3-aether-provider-3.3.9.jar
62fa0000-62fa7000 r--s 0002c000 08:01 1149509    /usr/share/java/sisu-plexus.jar
62fa7000-62fab000 r--s 00027000 08:01 1145546    /usr/share/java/commons-io-2.4.jar
62fab000-62fb3000 r--s 00054000 08:01 1149507    /usr/share/java/sisu-inject.jar
62fb3000-62fba000 r--s 0005d000 08:01 1149254    /usr/share/java/commons-lang3.jar
62fba000-62fbb000 r--s 00004000 08:01 1145398    /usr/share/java/atinject-jsr330-tck-1.0.jar
62fbb000-62fbd000 r--s 0000e000 08:01 1149271    /usr/share/java/plexus-interpolation.jar
62fbd000-62fbf000 r--s 00006000 08:01 1149372    /usr/share/java/eclipse-aether-spi.jar
62fbf000-62fc0000 r--s 00008000 08:01 1149370    /usr/share/java/eclipse-aether-connector-basic.jar
62fc0000-62fc4000 r--s 00027000 08:01 1149367    /usr/share/java/eclipse-aether-impl.jar
62fc4000-62fc6000 r--s 00005000 08:01 1149373    /usr/share/java/eclipse-aether-transport-wagon.jar
62fc6000-62fc8000 r--s 00001000 08:01 1149403    /usr/share/java/aopalliance-1.0.jar
62fc8000-62fca000 r--s 00001000 08:01 1149538    /usr/share/java/maven3-builder-support-3.3.9.jar
62fca000-62fcf000 r--s 0001d000 08:01 1149374    /usr/share/java/eclipse-aether-api.jar
62fcf000-62fd1000 r--s 00002000 08:01 1149449    /usr/share/java/plexus-cipher.jar
62fd1000-62fd2000 r--s 00002000 08:01 1149066    /usr/share/java/slf4j-simple.jar
62fd2000-62fd4000 r--s 00013000 08:01 1149534    /usr/share/java/maven3-embedder-3.3.9.jar
62fd4000-63000000 r--s 00208000 08:01 1148516    /usr/share/java/guava.jar
63000000-63100000 rw-p 00000000 00:00 0 
63100000-63102000 r--s 00027000 08:01 1149535    /usr/share/java/maven3-model-3.3.9.jar
63102000-63104000 r--s 0000a000 08:01 1147016    /usr/share/java/commons-cli-1.3.1.jar
63104000-63106000 r--s 0000a000 08:01 1149512    /usr/share/java/wagon-provider-api-2.x.jar
63106000-63109000 r--s 0000a000 08:01 1149539    /usr/share/java/maven3-artifact-3.3.9.jar
63109000-6310a000 ---p 00000000 00:00 0 
6310a000-6318a000 rw-p 00000000 00:00 0 
6318a000-6318d000 ---p 00000000 00:00 0 
6318d000-631db000 rw-p 00000000 00:00 0 
631db000-631de000 ---p 00000000 00:00 0 
631de000-6325c000 rw-p 00000000 00:00 0 
6325c000-6325f000 ---p 00000000 00:00 0 
6325f000-632dd000 rw-p 00000000 00:00 0 
632dd000-632e0000 ---p 00000000 00:00 0 
632e0000-6335e000 rw-p 00000000 00:00 0 
6335e000-63361000 ---p 00000000 00:00 0 
63361000-633af000 rw-p 00000000 00:00 0 
633af000-635af000 r--p 00000000 08:01 1105218    /usr/lib/locale/locale-archive
635af000-635b2000 ---p 00000000 00:00 0 
635b2000-63600000 rw-p 00000000 00:00 0 
63600000-63700000 rw-p 00000000 00:00 0 
63700000-63721000 rw-p 00000000 00:00 0 
63721000-63800000 ---p 00000000 00:00 0 
63800000-638fc000 rw-p 00000000 00:00 0 
638fc000-63900000 ---p 00000000 00:00 0 
63900000-63904000 r--s 00020000 08:01 1149392    /usr/share/java/eclipse-aether-util.jar
63904000-63905000 r--s 00006000 08:01 1149532    /usr/share/java/maven3-repository-metadata-3.3.9.jar
63905000-63907000 r--s 00007000 08:01 1149069    /usr/share/java/slf4j-api.jar
63907000-63908000 r--s 0000a000 08:01 1149528    /usr/share/java/maven3-settings-3.3.9.jar
63908000-63909000 r--s 00001000 08:01 1149518    /usr/share/java/wagon-http-shared-2.x.jar
63909000-6390d000 r--s 00038000 08:01 1149495    /usr/share/java/plexus-utils2.jar
6390d000-63913000 r--s 00048000 08:01 1149288    /usr/share/java/jsoup.jar
63913000-63916000 ---p 00000000 00:00 0 
63916000-63964000 rw-p 00000000 00:00 0 
63964000-63965000 ---p 00000000 00:00 0 
63965000-639e5000 rw-p 00000000 00:00 0 
639e5000-63bb4000 r--s 03c21000 08:01 1693223    /usr/lib/jvm/java-8-openjdk-i386/jre/lib/rt.jar
63bb4000-63ffa000 rw-p 00000000 00:00 0 
63ffa000-64000000 ---p 00000000 00:00 0 
64000000-66400000 rw-p 00000000 00:00 0 
66400000-664f0000 rw-p 00000000 00:00 0 
664f0000-66500000 ---p 00000000 00:00 0 
66500000-66531000 r--s 00207000 08:01 1149515    /usr/share/java/wagon-http-shaded-2.x.jar
66531000-6657f000 rw-p 00000000 00:00 0 
6657f000-66580000 ---p 00000000 00:00 0 
66580000-66600000 rw-p 00000000 00:00 0 
66600000-666fb000 rw-p 00000000 00:00 0 
666fb000-66700000 ---p 00000000 00:00 0 
66700000-66721000 rw-p 00000000 00:00 0 
66721000-66800000 ---p 00000000 00:00 0 
66800000-66801000 r--s 00006000 08:01 1149451    /usr/share/java/plexus-sec-dispatcher.jar
66801000-66803000 r--s 0000a000 08:01 1149529    /usr/share/java/maven3-plugin-api-3.3.9.jar
66803000-66808000 r--s 00025000 08:01 1149533    /usr/share/java/maven3-model-builder-3.3.9.jar
66808000-6680d000 r--s 00040000 08:01 1145678    /usr/share/java/commons-lang-2.6.jar
6680d000-6680f000 r--s 00000000 08:01 1149499    /usr/share/java/plexus-component-annotations-1.5.jar
6680f000-66810000 r--s 00000000 08:01 1149240    /usr/share/java/geronimo-interceptor-3.0-spec-1.0.1.jar
66810000-66812000 r--s 00012000 08:01 1149243    /usr/share/java/el-api-3.0.jar
66812000-66813000 r--s 00000000 08:01 1145399    /usr/share/java/atinject-jsr330-api-1.0.jar
66813000-66816000 r--s 00008000 08:01 1149246    /usr/share/java/cdi-api-1.0.jar
66816000-66824000 r--s 00095000 08:01 1149408    /usr/share/java/guice.jar
66824000-6687f000 rw-p 00000000 00:00 0 
6687f000-66880000 ---p 00000000 00:00 0 
66880000-66900000 rw-p 00000000 00:00 0 
66900000-66921000 rw-p 00000000 00:00 0 
66921000-66a00000 ---p 00000000 00:00 0 
66a00000-66a07000 r--s 00041000 08:01 1149530    /usr/share/java/maven3-compat-3.3.9.jar
66a07000-66a09000 r--s 0000a000 08:01 1149493    /usr/share/java/plexus-classworlds2-2.5.2.jar
66a09000-66a0b000 r--s 00008000 08:01 1693232    /usr/lib/jvm/java-8-openjdk-i386/jre/lib/ext/sunec.jar
66a0b000-66a26000 r--s 00394000 08:01 1693228    /usr/lib/jvm/java-8-openjdk-i386/jre/lib/ext/cldrdata.jar
66a26000-66a28000 r--s 00001000 08:01 1693236    /usr/lib/jvm/java-8-openjdk-i386/jre/lib/ext/dnsns.jar
66a28000-66a29000 ---p 00000000 00:00 0 
66a29000-66abf000 rw-p 00000000 00:00 0 
66abf000-66bff000 ---p 00000000 00:00 0 
66bff000-66c15000 rw-p 00000000 00:00 0 
66c15000-66d54000 ---p 00000000 00:00 0 
66d54000-66d78000 rw-p 00000000 00:00 0 
66d78000-66dff000 ---p 00000000 00:00 0 
66dff000-698c0000 rw-p 00000000 00:00 0 
698c0000-918c0000 ---p 00000000 00:00 0 
918c0000-95ec0000 rw-p 00000000 00:00 0 
95ec0000-a6e00000 ---p 00000000 00:00 0 
a6e00000-a6e1b000 r--s 001d6000 08:01 1693230    /usr/lib/jvm/java-8-openjdk-i386/jre/lib/ext/nashorn.jar
a6e1b000-a6e21000 r--s 0003a000 08:01 1693231    /usr/lib/jvm/java-8-openjdk-i386/jre/lib/ext/sunjce_provider.jar
a6e21000-a6e39000 rw-p 00000000 00:00 0 
a6e39000-a6e3a000 ---p 00000000 00:00 0 
a6e3a000-a6ed5000 rw-p 00000000 00:00 0 
a6ed5000-a727a000 ---p 00000000 00:00 0 
a727a000-a7912000 rwxp 00000000 00:00 0 
a791a000-b627a000 ---p 00000000 00:00 0 
b627a000-b6285000 r-xp 00000000 08:01 3401300    /lib/i386-linux-gnu/libnss_files-2.23.so
b6285000-b6286000 r--p 0000a000 08:01 3401300    /lib/i386-linux-gnu/libnss_files-2.23.so
b6286000-b6287000 rw-p 0000b000 08:01 3401300    /lib/i386-linux-gnu/libnss_files-2.23.so
b6287000-b628d000 rw-p 00000000 00:00 0 
b628d000-b6298000 r-xp 00000000 08:01 3401303    /lib/i386-linux-gnu/libnss_nis-2.23.so
b6298000-b6299000 r--p 0000a000 08:01 3401303    /lib/i386-linux-gnu/libnss_nis-2.23.so
b6299000-b629a000 rw-p 0000b000 08:01 3401303    /lib/i386-linux-gnu/libnss_nis-2.23.so
b629a000-b62b1000 r-xp 00000000 08:01 3401221    /lib/i386-linux-gnu/libnsl-2.23.so
b62b1000-b62b2000 r--p 00016000 08:01 3401221    /lib/i386-linux-gnu/libnsl-2.23.so
b62b2000-b62b3000 rw-p 00017000 08:01 3401221    /lib/i386-linux-gnu/libnsl-2.23.so
b62b3000-b62b5000 rw-p 00000000 00:00 0 
b62b5000-b62bd000 r-xp 00000000 08:01 3401309    /lib/i386-linux-gnu/libnss_compat-2.23.so
b62bd000-b62be000 r--p 00007000 08:01 3401309    /lib/i386-linux-gnu/libnss_compat-2.23.so
b62be000-b62bf000 rw-p 00008000 08:01 3401309    /lib/i386-linux-gnu/libnss_compat-2.23.so
b62bf000-b62c0000 r--s 00010000 08:01 1693229    /usr/lib/jvm/java-8-openjdk-i386/jre/lib/ext/zipfs.jar
b62c0000-b62c3000 r--s 0000f000 08:01 1693227    /usr/lib/jvm/java-8-openjdk-i386/jre/lib/ext/icedtea-sound.jar
b62c3000-b62cd000 r--s 00116000 08:01 1693233    /usr/lib/jvm/java-8-openjdk-i386/jre/lib/ext/localedata.jar
b62cd000-b62d5000 r-xp 00000000 08:01 1693277    /usr/lib/jvm/java-8-openjdk-i386/jre/lib/i386/libzip.so
b62d5000-b62d6000 r--p 00007000 08:01 1693277    /usr/lib/jvm/java-8-openjdk-i386/jre/lib/i386/libzip.so
b62d6000-b62d7000 rw-p 00008000 08:01 1693277    /usr/lib/jvm/java-8-openjdk-i386/jre/lib/i386/libzip.so
b62d7000-b62fe000 r-xp 00000000 08:01 1693258    /usr/lib/jvm/java-8-openjdk-i386/jre/lib/i386/libjava.so
b62fe000-b62ff000 r--p 00026000 08:01 1693258    /usr/lib/jvm/java-8-openjdk-i386/jre/lib/i386/libjava.so
b62ff000-b6300000 rw-p 00027000 08:01 1693258    /usr/lib/jvm/java-8-openjdk-i386/jre/lib/i386/libjava.so
b6300000-b63fb000 rw-p 00000000 00:00 0 
b63fb000-b6400000 ---p 00000000 00:00 0 
b6400000-b6408000 rw-s 00000000 08:01 2575868    /tmp/hsperfdata_sarnobat/2495
b6408000-b640f000 r-xp 00000000 08:01 3401305    /lib/i386-linux-gnu/librt-2.23.so
b640f000-b6410000 r--p 00006000 08:01 3401305    /lib/i386-linux-gnu/librt-2.23.so
b6410000-b6411000 rw-p 00007000 08:01 3401305    /lib/i386-linux-gnu/librt-2.23.so
b6411000-b6414000 ---p 00000000 00:00 0 
b6414000-b6462000 rw-p 00000000 00:00 0 
b6462000-b647e000 r-xp 00000000 08:01 3402590    /lib/i386-linux-gnu/libgcc_s.so.1
b647e000-b647f000 rw-p 0001b000 08:01 3402590    /lib/i386-linux-gnu/libgcc_s.so.1
b647f000-b64d2000 r-xp 00000000 08:01 3401314    /lib/i386-linux-gnu/libm-2.23.so
b64d2000-b64d3000 r--p 00052000 08:01 3401314    /lib/i386-linux-gnu/libm-2.23.so
b64d3000-b64d4000 rw-p 00053000 08:01 3401314    /lib/i386-linux-gnu/libm-2.23.so
b64d4000-b6641000 r-xp 00000000 08:01 1110301    /usr/lib/i386-linux-gnu/libstdc++.so.6.0.21
b6641000-b6642000 ---p 0016d000 08:01 1110301    /usr/lib/i386-linux-gnu/libstdc++.so.6.0.21
b6642000-b6647000 r--p 0016d000 08:01 1110301    /usr/lib/i386-linux-gnu/libstdc++.so.6.0.21
b6647000-b6648000 rw-p 00172000 08:01 1110301    /usr/lib/i386-linux-gnu/libstdc++.so.6.0.21
b6648000-b664b000 rw-p 00000000 00:00 0 
b664b000-b711c000 r-xp 00000000 08:01 1693269    /usr/lib/jvm/java-8-openjdk-i386/jre/lib/i386/server/libjvm.so
b711c000-b7162000 r--p 00ad0000 08:01 1693269    /usr/lib/jvm/java-8-openjdk-i386/jre/lib/i386/server/libjvm.so
b7162000-b7179000 rw-p 00b16000 08:01 1693269    /usr/lib/jvm/java-8-openjdk-i386/jre/lib/i386/server/libjvm.so
b7179000-b759a000 rw-p 00000000 00:00 0 
b759a000-b75b3000 r-xp 00000000 08:01 3401302    /lib/i386-linux-gnu/libpthread-2.23.so
b75b3000-b75b4000 r--p 00018000 08:01 3401302    /lib/i386-linux-gnu/libpthread-2.23.so
b75b4000-b75b5000 rw-p 00019000 08:01 3401302    /lib/i386-linux-gnu/libpthread-2.23.so
b75b5000-b75b7000 rw-p 00000000 00:00 0 
b75b7000-b75ba000 r-xp 00000000 08:01 3401308    /lib/i386-linux-gnu/libdl-2.23.so
b75ba000-b75bb000 r--p 00002000 08:01 3401308    /lib/i386-linux-gnu/libdl-2.23.so
b75bb000-b75bc000 rw-p 00003000 08:01 3401308    /lib/i386-linux-gnu/libdl-2.23.so
b75bc000-b75d5000 r-xp 00000000 08:01 3402741    /lib/i386-linux-gnu/libz.so.1.2.8
b75d5000-b75d6000 r--p 00018000 08:01 3402741    /lib/i386-linux-gnu/libz.so.1.2.8
b75d6000-b75d7000 rw-p 00019000 08:01 3402741    /lib/i386-linux-gnu/libz.so.1.2.8
b75d7000-b7787000 r-xp 00000000 08:01 3402570    /lib/i386-linux-gnu/libc-2.23.so
b7787000-b7789000 r--p 001af000 08:01 3402570    /lib/i386-linux-gnu/libc-2.23.so
b7789000-b778a000 rw-p 001b1000 08:01 3402570    /lib/i386-linux-gnu/libc-2.23.so
b778a000-b778d000 rw-p 00000000 00:00 0 
b778d000-b778e000 r--s 0000a000 08:01 1693235    /usr/lib/jvm/java-8-openjdk-i386/jre/lib/ext/jaccess.jar
b778e000-b7792000 r--s 00037000 08:01 1693234    /usr/lib/jvm/java-8-openjdk-i386/jre/lib/ext/sunpkcs11.jar
b7792000-b7793000 r--p 002d4000 08:01 1105218    /usr/lib/locale/locale-archive
b7793000-b7794000 rw-p 00000000 00:00 0 
b7794000-b7795000 r--p 00000000 00:00 0 
b7795000-b77a3000 r-xp 00000000 08:01 1693275    /usr/lib/jvm/java-8-openjdk-i386/jre/lib/i386/libverify.so
b77a3000-b77a4000 r--p 0000d000 08:01 1693275    /usr/lib/jvm/java-8-openjdk-i386/jre/lib/i386/libverify.so
b77a4000-b77a5000 rw-p 0000e000 08:01 1693275    /usr/lib/jvm/java-8-openjdk-i386/jre/lib/i386/libverify.so
b77a5000-b77b2000 r-xp 00000000 08:01 1693273    /usr/lib/jvm/java-8-openjdk-i386/jre/lib/i386/jli/libjli.so
b77b2000-b77b3000 r--p 0000c000 08:01 1693273    /usr/lib/jvm/java-8-openjdk-i386/jre/lib/i386/jli/libjli.so
b77b3000-b77b4000 rw-p 0000d000 08:01 1693273    /usr/lib/jvm/java-8-openjdk-i386/jre/lib/i386/jli/libjli.so
b77b4000-b77b6000 rw-p 00000000 00:00 0 
b77b6000-b77b8000 r--p 00000000 00:00 0          [vvar]
b77b8000-b77b9000 r-xp 00000000 00:00 0          [vdso]
b77b9000-b77db000 r-xp 00000000 08:01 3401231    /lib/i386-linux-gnu/ld-2.23.so
b77db000-b77dc000 rw-p 00000000 00:00 0 
b77dc000-b77dd000 r--p 00022000 08:01 3401231    /lib/i386-linux-gnu/ld-2.23.so
b77dd000-b77de000 rw-p 00023000 08:01 3401231    /lib/i386-linux-gnu/ld-2.23.so
bf828000-bf849000 rw-p 00000000 00:00 0          [stack]

VM Arguments:
jvm_args: -Dclassworlds.conf=/usr/share/maven/bin/m2.conf -Dmaven.home=/usr/share/maven -Dmaven.multiModuleProjectDirectory=/home/sarnobat/github/maven_project 
java_command: org.codehaus.plexus.classworlds.launcher.Launcher --quiet --settings /home/sarnobat/sarnobat.git/mac/.m2/settings.xml install exec:java -Dexec.mainClass=Md5RoList -Dexec.args=4485
java_class_path (initial): /usr/share/maven/boot/plexus-classworlds-2.x.jar
Launcher Type: SUN_STANDARD

Environment Variables:
JAVA_HOME=/usr/lib/jvm/java-8-openjdk-i386
PATH=/usr/bin:/bin
SHELL=/bin/sh

Signal Handlers:
SIGSEGV: [libjvm.so+0x8d7370], sa_mask[0]=11111111011111111101111111111110, sa_flags=SA_RESTART|SA_SIGINFO
SIGBUS: [libjvm.so+0x8d7370], sa_mask[0]=11111111011111111101111111111110, sa_flags=SA_RESTART|SA_SIGINFO
SIGFPE: [libjvm.so+0x73d1c0], sa_mask[0]=11111111011111111101111111111110, sa_flags=SA_RESTART|SA_SIGINFO
SIGPIPE: [libjvm.so+0x73d1c0], sa_mask[0]=11111111011111111101111111111110, sa_flags=SA_RESTART|SA_SIGINFO
SIGXFSZ: [libjvm.so+0x73d1c0], sa_mask[0]=11111111011111111101111111111110, sa_flags=SA_RESTART|SA_SIGINFO
SIGILL: [libjvm.so+0x73d1c0], sa_mask[0]=11111111011111111101111111111110, sa_flags=SA_RESTART|SA_SIGINFO
SIGUSR1: SIG_DFL, sa_mask[0]=00000000000000000000000000000000, sa_flags=none
SIGUSR2: [libjvm.so+0x73d000], sa_mask[0]=00000000000000000000000000000000, sa_flags=SA_RESTART|SA_SIGINFO
SIGHUP: [libjvm.so+0x73d790], sa_mask[0]=11111111011111111101111111111110, sa_flags=SA_RESTART|SA_SIGINFO
SIGINT: [libjvm.so+0x73d790], sa_mask[0]=11111111011111111101111111111110, sa_flags=SA_RESTART|SA_SIGINFO
SIGTERM: [libjvm.so+0x73d790], sa_mask[0]=11111111011111111101111111111110, sa_flags=SA_RESTART|SA_SIGINFO
SIGQUIT: [libjvm.so+0x73d790], sa_mask[0]=11111111011111111101111111111110, sa_flags=SA_RESTART|SA_SIGINFO


---------------  S Y S T E M  ---------------

OS:DISTRIB_ID=Ubuntu
DISTRIB_RELEASE=16.04
DISTRIB_CODENAME=xenial
DISTRIB_DESCRIPTION="Ubuntu 16.04.1 LTS"

uname:Linux 4.4.0-104-generic #127-Ubuntu SMP Mon Dec 11 12:16:50 UTC 2017 i686
libc:glibc 2.23 NPTL 2.23 
rlimit: STACK 8192k, CORE 0k, NPROC 63057, NOFILE 65536, AS infinity
load average:52.48 52.26 52.28

/proc/meminfo:
MemTotal:        8107456 kB
MemFree:          422772 kB
MemAvailable:          0 kB
Buffers:            1480 kB
Cached:           312432 kB
SwapCached:        28096 kB
Active:          6190732 kB
Inactive:        1334884 kB
Active(anon):    6184124 kB
Inactive(anon):  1327044 kB
Active(file):       6608 kB
Inactive(file):     7840 kB
Unevictable:           0 kB
Mlocked:               0 kB
HighTotal:       7292552 kB
HighFree:         119744 kB
LowTotal:         814904 kB
LowFree:          303028 kB
SwapTotal:       4007932 kB
SwapFree:              0 kB
Dirty:               476 kB
Writeback:             0 kB
AnonPages:       7184024 kB
Mapped:           137152 kB
Shmem:            299108 kB
Slab:              60960 kB
SReclaimable:      23424 kB
SUnreclaim:        37536 kB
KernelStack:       13360 kB
PageTables:        42332 kB
NFS_Unstable:          0 kB
Bounce:                0 kB
WritebackTmp:          0 kB
CommitLimit:     8061660 kB
Committed_AS:   21125784 kB
VmallocTotal:     122880 kB
VmallocUsed:           0 kB
VmallocChunk:          0 kB
AnonHugePages:   4427776 kB
CmaTotal:              0 kB
CmaFree:               0 kB
HugePages_Total:       0
HugePages_Free:        0
HugePages_Rsvd:        0
HugePages_Surp:        0
Hugepagesize:       2048 kB
DirectMap4k:       24568 kB
DirectMap2M:      886784 kB


CPU:total 4 (initial active 4) (2 cores per cpu, 2 threads per core) family 6 model 58 stepping 9, cmov, cx8, fxsr, mmx, sse, sse2, sse3, ssse3, sse4.1, sse4.2, popcnt, avx, aes, clmul, erms, ht, tsc, tscinvbit, tscinv

/proc/cpuinfo:
processor	: 0
vendor_id	: GenuineIntel
cpu family	: 6
model		: 58
model name	: Intel(R) Core(TM) i5-3427U CPU @ 1.80GHz
stepping	: 9
microcode	: 0x17
cpu MHz		: 2599.898
cache size	: 3072 KB
physical id	: 0
siblings	: 4
core id		: 0
cpu cores	: 2
apicid		: 0
initial apicid	: 0
fdiv_bug	: no
f00f_bug	: no
coma_bug	: no
fpu		: yes
fpu_exception	: yes
cpuid level	: 13
wp		: yes
flags		: fpu vme de pse tsc msr pae mce cx8 apic sep mtrr pge mca cmov pat pse36 clflush dts acpi mmx fxsr sse sse2 ss ht tm pbe nx rdtscp lm constant_tsc arch_perfmon pebs bts xtopology nonstop_tsc aperfmperf eagerfpu pni pclmulqdq dtes64 monitor ds_cpl vmx smx est tm2 ssse3 cx16 xtpr pdcm pcid sse4_1 sse4_2 x2apic popcnt tsc_deadline_timer aes xsave avx f16c rdrand lahf_lm epb tpr_shadow vnmi flexpriority ept vpid fsgsbase smep erms xsaveopt dtherm ida arat pln pts
bugs		:
bogomips	: 4589.45
clflush size	: 64
cache_alignment	: 64
address sizes	: 36 bits physical, 48 bits virtual
power management:

processor	: 1
vendor_id	: GenuineIntel
cpu family	: 6
model		: 58
model name	: Intel(R) Core(TM) i5-3427U CPU @ 1.80GHz
stepping	: 9
microcode	: 0x17
cpu MHz		: 2603.222
cache size	: 3072 KB
physical id	: 0
siblings	: 4
core id		: 1
cpu cores	: 2
apicid		: 2
initial apicid	: 2
fdiv_bug	: no
f00f_bug	: no
coma_bug	: no
fpu		: yes
fpu_exception	: yes
cpuid level	: 13
wp		: yes
flags		: fpu vme de pse tsc msr pae mce cx8 apic sep mtrr pge mca cmov pat pse36 clflush dts acpi mmx fxsr sse sse2 ss ht tm pbe nx rdtscp lm constant_tsc arch_perfmon pebs bts xtopology nonstop_tsc aperfmperf eagerfpu pni pclmulqdq dtes64 monitor ds_cpl vmx smx est tm2 ssse3 cx16 xtpr pdcm pcid sse4_1 sse4_2 x2apic popcnt tsc_deadline_timer aes xsave avx f16c rdrand lahf_lm epb tpr_shadow vnmi flexpriority ept vpid fsgsbase smep erms xsaveopt dtherm ida arat pln pts
bugs		:
bogomips	: 4589.45
clflush size	: 64
cache_alignment	: 64
address sizes	: 36 bits physical, 48 bits virtual
power management:

processor	: 2
vendor_id	: GenuineIntel
cpu family	: 6
model		: 58
model name	: Intel(R) Core(TM) i5-3427U CPU @ 1.80GHz
stepping	: 9
microcode	: 0x17
cpu MHz		: 2599.898
cache size	: 3072 KB
physical id	: 0
siblings	: 4
core id		: 0
cpu cores	: 2
apicid		: 1
initial apicid	: 1
fdiv_bug	: no
f00f_bug	: no
coma_bug	: no
fpu		: yes
fpu_exception	: yes
cpuid level	: 13
wp		: yes
flags		: fpu vme de pse tsc msr pae mce cx8 apic sep mtrr pge mca cmov pat pse36 clflush dts acpi mmx fxsr sse sse2 ss ht tm pbe nx rdtscp lm constant_tsc arch_perfmon pebs bts xtopology nonstop_tsc aperfmperf eagerfpu pni pclmulqdq dtes64 monitor ds_cpl vmx smx est tm2 ssse3 cx16 xtpr pdcm pcid sse4_1 sse4_2 x2apic popcnt tsc_deadline_timer aes xsave avx f16c rdrand lahf_lm epb tpr_shadow vnmi flexpriority ept vpid fsgsbase smep erms xsaveopt dtherm ida arat pln pts
bugs		:
bogomips	: 4589.45
clflush size	: 64
cache_alignment	: 64
address sizes	: 36 bits physical, 48 bits virtual
power management:

processor	: 3
vendor_id	: GenuineIntel
cpu family	: 6
model		: 58
model name	: Intel(R) Core(TM) i5-3427U CPU @ 1.80GHz
stepping	: 9
microcode	: 0x17
cpu MHz		: 2599.898
cache size	: 3072 KB
physical id	: 0
siblings	: 4
core id		: 1
cpu cores	: 2
apicid		: 3
initial apicid	: 3
fdiv_bug	: no
f00f_bug	: no
coma_bug	: no
fpu		: yes
fpu_exception	: yes
cpuid level	: 13
wp		: yes
flags		: fpu vme de pse tsc msr pae mce cx8 apic sep mtrr pge mca cmov pat pse36 clflush dts acpi mmx fxsr sse sse2 ss ht tm pbe nx rdtscp lm constant_tsc arch_perfmon pebs bts xtopology nonstop_tsc aperfmperf eagerfpu pni pclmulqdq dtes64 monitor ds_cpl vmx smx est tm2 ssse3 cx16 xtpr pdcm pcid sse4_1 sse4_2 x2apic popcnt tsc_deadline_timer aes xsave avx f16c rdrand lahf_lm epb tpr_shadow vnmi flexpriority ept vpid fsgsbase smep erms xsaveopt dtherm ida arat pln pts
bugs		:
bogomips	: 4589.45
clflush size	: 64
cache_alignment	: 64
address sizes	: 36 bits physical, 48 bits virtual
power management:



Memory: 4k page, physical 8107456k(422772k free), swap 4007932k(0k free)

vm_info: OpenJDK Server VM (25.151-b12) for linux-x86 JRE (1.8.0_151-8u151-b12-0ubuntu0.16.04.2-b12), built on Oct 27 2017 22:05:04 by "buildd" with gcc 5.4.0 20160609

time: Sun Jan  7 10:12:06 2018
elapsed time: 4 seconds (0d 0h 0m 4s)

