#
# There is insufficient memory for the Java Runtime Environment to continue.
# Native memory allocation (mmap) failed to map 40370176 bytes for committing reserved memory.
# Possible reasons:
#   The system is out of physical RAM or swap space
#   In 32 bit mode, the process size limit was hit
# Possible solutions:
#   Reduce memory load on the system
#   Increase physical memory or swap space
#   Check if swap backing store is full
#   Use 64 bit Java on a 64 bit OS
#   Decrease Java heap size (-Xmx/-Xms)
#   Decrease number of Java threads
#   Decrease Java thread stack sizes (-Xss)
#   Set larger code cache with -XX:ReservedCodeCacheSize=
# This output file may be truncated or incomplete.
#
#  Out of Memory Error (os_linux.cpp:2643), pid=19590, tid=0x639e4b40
#
# JRE version: OpenJDK Runtime Environment (8.0_151-b12) (build 1.8.0_151-8u151-b12-0ubuntu0.16.04.2-b12)
# Java VM: OpenJDK Server VM (25.151-b12 mixed mode linux-x86 )
# Failed to write core dump. Core dumps have been disabled. To enable core dumping, try "ulimit -c unlimited" before starting Java again
#

---------------  T H R E A D  ---------------

Current thread (0x63881000):  VMThread [stack: 0x63964000,0x639e5000] [id=19658]

Stack: [0x63964000,0x639e5000],  sp=0x639e3b40,  free space=510k
Native frames: (J=compiled Java code, j=interpreted, Vv=VM code, C=native code)
V  [libjvm.so+0x8d6834]
V  [libjvm.so+0x3a7c76]
V  [libjvm.so+0x7420c0]
V  [libjvm.so+0x73c013]
V  [libjvm.so+0x7ad98c]
V  [libjvm.so+0x7ae9cb]
V  [libjvm.so+0x7ab487]
V  [libjvm.so+0x7abcd3]
V  [libjvm.so+0x764c75]
V  [libjvm.so+0x8d83f9]
V  [libjvm.so+0x8dd466]
V  [libjvm.so+0x8db620]
V  [libjvm.so+0x8dbd75]
V  [libjvm.so+0x8dc37b]
V  [libjvm.so+0x73f2b5]
C  [libpthread.so.0+0x6295]  start_thread+0xe5

VM_Operation (0xb6477b90): ParallelGCFailedAllocation, mode: safepoint, requested by thread 0xb6307800


---------------  P R O C E S S  ---------------

Java Threads: ( => current thread )
  0x638aa400 JavaThread "Service Thread" daemon [_thread_blocked, id=19674, stack(0x6318a000,0x631db000)]
  0x638a7000 JavaThread "C1 CompilerThread2" daemon [_thread_blocked, id=19671, stack(0x631db000,0x6325c000)]
  0x638a5c00 JavaThread "C2 CompilerThread1" daemon [_thread_blocked, id=19670, stack(0x6325c000,0x632dd000)]
  0x638a3c00 JavaThread "C2 CompilerThread0" daemon [_thread_blocked, id=19669, stack(0x632dd000,0x6335e000)]
  0x638a2400 JavaThread "Signal Dispatcher" daemon [_thread_blocked, id=19666, stack(0x6335e000,0x633af000)]
  0x63888400 JavaThread "Finalizer" daemon [_thread_blocked, id=19662, stack(0x635af000,0x63600000)]
  0x63885800 JavaThread "Reference Handler" daemon [_thread_blocked, id=19660, stack(0x63913000,0x63964000)]
  0xb6307800 JavaThread "main" [_thread_blocked, id=19644, stack(0xb642b000,0xb647c000)]

Other Threads:
=>0x63881000 VMThread [stack: 0x63964000,0x639e5000] [id=19658]
  0x638ac000 WatcherThread [stack: 0x63109000,0x6318a000] [id=19675]

VM state:at safepoint (normal execution)

VM Mutex/Monitor currently owned by a thread:  ([mutex/lock_event])
[0xb6304ed0] Threads_lock - owner thread: 0x63881000
[0xb63052e0] Heap_lock - owner thread: 0xb6307800

Heap:
 PSYoungGen      total 35840K, used 2544K [0x918c0000, 0x93e40000, 0xa6e00000)
  eden space 33280K, 0% used [0x918c0000,0x918c0000,0x93940000)
  from space 2560K, 99% used [0x93940000,0x93bbc060,0x93bc0000)
  to   space 2560K, 0% used [0x93bc0000,0x93bc0000,0x93e40000)
 ParOldGen       total 43776K, used 6651K [0x66e00000, 0x698c0000, 0x918c0000)
  object space 43776K, 15% used [0x66e00000,0x6747ec70,0x698c0000)
 Metaspace       used 9979K, capacity 10075K, committed 10136K, reserved 10544K

Card table byte_map: [0x66bff000,0x66e00000] byte_map_base: 0x668c8000

Marking Bits: (ParMarkBitMap*) 0xb71a1880
 Begin Bits: [0x64400000, 0x65400000)
 End Bits:   [0x65400000, 0x66400000)

Polling page: 0xb77ae000

CodeCache: size=245760Kb used=4893Kb max_used=4893Kb free=240866Kb
 bounds [0xa729c000, 0xa776c000, 0xb629c000]
 total_blobs=1967 nmethods=1789 adapters=92
 compilation: enabled

Compilation events (10 events):
Event: 5.006 Thread 0x638a7000 1792       3       java.util.ArrayList$Itr::<init> (26 bytes)
Event: 5.006 Thread 0x638a7000 nmethod 1792 0xa7764a88 code [0xa7764ba0, 0xa7764ce0]
Event: 5.007 Thread 0x638a7000 1793       3       java.util.HashMap::<init> (8 bytes)
Event: 5.007 Thread 0x638a7000 nmethod 1793 0xa7764d88 code [0xa7764ec0, 0xa7764fac]
Event: 5.008 Thread 0x638a7000 1794       3       com.google.common.collect.LinkedHashMultimap$ValueEntry::setSuccessorInValueSet (6 bytes)
Event: 5.008 Thread 0x638a7000 nmethod 1794 0xa77503c8 code [0xa77504e0, 0xa77505c0]
Event: 5.010 Thread 0x638a7000 1795       3       com.google.inject.internal.cglib.core.$CodeEmitter::athrow (11 bytes)
Event: 5.010 Thread 0x638a7000 nmethod 1795 0xa7765048 code [0xa7765160, 0xa77652cc]
Event: 5.023 Thread 0x638a7000 1796       3       java.util.Calendar::internalSet (8 bytes)
Event: 5.024 Thread 0x638a7000 nmethod 1796 0xa7765388 code [0xa77654a0, 0xa77655a0]

GC Heap History (9 events):
Event: 1.924 GC heap before
{Heap before GC invocations=1 (full 0):
 PSYoungGen      total 19200K, used 16640K [0x918c0000, 0x92e00000, 0xa6e00000)
  eden space 16640K, 100% used [0x918c0000,0x92900000,0x92900000)
  from space 2560K, 0% used [0x92b80000,0x92b80000,0x92e00000)
  to   space 2560K, 0% used [0x92900000,0x92900000,0x92b80000)
 ParOldGen       total 43776K, used 0K [0x66e00000, 0x698c0000, 0x918c0000)
  object space 43776K, 0% used [0x66e00000,0x66e00000,0x698c0000)
 Metaspace       used 4676K, capacity 4714K, committed 4760K, reserved 5424K
Event: 1.936 GC heap after
Heap after GC invocations=1 (full 0):
 PSYoungGen      total 19200K, used 2547K [0x918c0000, 0x92e00000, 0xa6e00000)
  eden space 16640K, 0% used [0x918c0000,0x918c0000,0x92900000)
  from space 2560K, 99% used [0x92900000,0x92b7ccb0,0x92b80000)
  to   space 2560K, 0% used [0x92b80000,0x92b80000,0x92e00000)
 ParOldGen       total 43776K, used 816K [0x66e00000, 0x698c0000, 0x918c0000)
  object space 43776K, 1% used [0x66e00000,0x66ecc1e8,0x698c0000)
 Metaspace       used 4676K, capacity 4714K, committed 4760K, reserved 5424K
}
Event: 2.758 GC heap before
{Heap before GC invocations=2 (full 0):
 PSYoungGen      total 19200K, used 19187K [0x918c0000, 0x92e00000, 0xa6e00000)
  eden space 16640K, 100% used [0x918c0000,0x92900000,0x92900000)
  from space 2560K, 99% used [0x92900000,0x92b7ccb0,0x92b80000)
  to   space 2560K, 0% used [0x92b80000,0x92b80000,0x92e00000)
 ParOldGen       total 43776K, used 816K [0x66e00000, 0x698c0000, 0x918c0000)
  object space 43776K, 1% used [0x66e00000,0x66ecc1e8,0x698c0000)
 Metaspace       used 5303K, capacity 5386K, committed 5400K, reserved 5424K
Event: 2.769 GC heap after
Heap after GC invocations=2 (full 0):
 PSYoungGen      total 19200K, used 2558K [0x918c0000, 0x92e00000, 0xa6e00000)
  eden space 16640K, 0% used [0x918c0000,0x918c0000,0x92900000)
  from space 2560K, 99% used [0x92b80000,0x92dff960,0x92e00000)
  to   space 2560K, 0% used [0x92900000,0x92900000,0x92b80000)
 ParOldGen       total 43776K, used 886K [0x66e00000, 0x698c0000, 0x918c0000)
  object space 43776K, 2% used [0x66e00000,0x66eddb20,0x698c0000)
 Metaspace       used 5303K, capacity 5386K, committed 5400K, reserved 5424K
}
Event: 3.221 GC heap before
{Heap before GC invocations=3 (full 0):
 PSYoungGen      total 19200K, used 19198K [0x918c0000, 0x92e00000, 0xa6e00000)
  eden space 16640K, 100% used [0x918c0000,0x92900000,0x92900000)
  from space 2560K, 99% used [0x92b80000,0x92dff960,0x92e00000)
  to   space 2560K, 0% used [0x92900000,0x92900000,0x92b80000)
 ParOldGen       total 43776K, used 886K [0x66e00000, 0x698c0000, 0x918c0000)
  object space 43776K, 2% used [0x66e00000,0x66eddb20,0x698c0000)
 Metaspace       used 6651K, capacity 6711K, committed 6808K, reserved 7472K
Event: 3.228 GC heap after
Heap after GC invocations=3 (full 0):
 PSYoungGen      total 19200K, used 2547K [0x918c0000, 0x93e40000, 0xa6e00000)
  eden space 16640K, 0% used [0x918c0000,0x918c0000,0x92900000)
  from space 2560K, 99% used [0x92900000,0x92b7ce70,0x92b80000)
  to   space 2560K, 0% used [0x93bc0000,0x93bc0000,0x93e40000)
 ParOldGen       total 43776K, used 2348K [0x66e00000, 0x698c0000, 0x918c0000)
  object space 43776K, 5% used [0x66e00000,0x6704b1f0,0x698c0000)
 Metaspace       used 6651K, capacity 6711K, committed 6808K, reserved 7472K
}
Event: 3.678 GC heap before
{Heap before GC invocations=4 (full 0):
 PSYoungGen      total 19200K, used 19187K [0x918c0000, 0x93e40000, 0xa6e00000)
  eden space 16640K, 100% used [0x918c0000,0x92900000,0x92900000)
  from space 2560K, 99% used [0x92900000,0x92b7ce70,0x92b80000)
  to   space 2560K, 0% used [0x93bc0000,0x93bc0000,0x93e40000)
 ParOldGen       total 43776K, used 2348K [0x66e00000, 0x698c0000, 0x918c0000)
  object space 43776K, 5% used [0x66e00000,0x6704b1f0,0x698c0000)
 Metaspace       used 8076K, capacity 8156K, committed 8216K, reserved 8496K
Event: 3.688 GC heap after
Heap after GC invocations=4 (full 0):
 PSYoungGen      total 35840K, used 2554K [0x918c0000, 0x93e40000, 0xa6e00000)
  eden space 33280K, 0% used [0x918c0000,0x918c0000,0x93940000)
  from space 2560K, 99% used [0x93bc0000,0x93e3e880,0x93e40000)
  to   space 2560K, 0% used [0x93940000,0x93940000,0x93bc0000)
 ParOldGen       total 43776K, used 4379K [0x66e00000, 0x698c0000, 0x918c0000)
  object space 43776K, 10% used [0x66e00000,0x67246ed0,0x698c0000)
 Metaspace       used 8076K, capacity 8156K, committed 8216K, reserved 8496K
}
Event: 5.031 GC heap before
{Heap before GC invocations=5 (full 0):
 PSYoungGen      total 35840K, used 35834K [0x918c0000, 0x93e40000, 0xa6e00000)
  eden space 33280K, 100% used [0x918c0000,0x93940000,0x93940000)
  from space 2560K, 99% used [0x93bc0000,0x93e3e880,0x93e40000)
  to   space 2560K, 0% used [0x93940000,0x93940000,0x93bc0000)
 ParOldGen       total 43776K, used 4379K [0x66e00000, 0x698c0000, 0x918c0000)
  object space 43776K, 10% used [0x66e00000,0x67246ed0,0x698c0000)
 Metaspace       used 9979K, capacity 10075K, committed 10136K, reserved 10544K

Deoptimization events (10 events):
Event: 4.172 Thread 0xb6307800 Uncommon trap: reason=unstable_if action=reinterpret pc=0xa7510320 method=java.util.concurrent.ConcurrentHashMap.putVal(Ljava/lang/Object;Ljava/lang/Object;Z)Ljava/lang/Object; @ 206
Event: 4.208 Thread 0xb6307800 Uncommon trap: reason=unstable_if action=reinterpret pc=0xa75a2740 method=java.lang.ref.ReferenceQueue.poll()Ljava/lang/ref/Reference; @ 4
Event: 4.465 Thread 0xb6307800 Uncommon trap: reason=unstable_if action=reinterpret pc=0xa75ecfa0 method=com.google.inject.internal.asm.$Item.a(Lcom/google/inject/internal/asm/$Item;)Z @ 345
Event: 4.597 Thread 0xb6307800 Uncommon trap: reason=unstable_if action=reinterpret pc=0xa76467e8 method=com.google.inject.internal.asm.$Frame.a(IILcom/google/inject/internal/asm/$ClassWriter;Lcom/google/inject/internal/asm/$Item;)V @ 2207
Event: 4.606 Thread 0xb6307800 Uncommon trap: reason=bimorphic action=maybe_recompile pc=0xa75aae2c method=java.lang.ClassLoader.loadClass(Ljava/lang/String;Z)Ljava/lang/Class; @ 38
Event: 4.607 Thread 0xb6307800 Uncommon trap: reason=bimorphic action=maybe_recompile pc=0xa75aae2c method=java.lang.ClassLoader.loadClass(Ljava/lang/String;Z)Ljava/lang/Class; @ 38
Event: 4.607 Thread 0xb6307800 Uncommon trap: reason=bimorphic action=maybe_recompile pc=0xa75aae2c method=java.lang.ClassLoader.loadClass(Ljava/lang/String;Z)Ljava/lang/Class; @ 38
Event: 4.607 Thread 0xb6307800 Uncommon trap: reason=bimorphic action=maybe_recompile pc=0xa75aae2c method=java.lang.ClassLoader.loadClass(Ljava/lang/String;Z)Ljava/lang/Class; @ 38
Event: 4.812 Thread 0xb6307800 Uncommon trap: reason=unstable_if action=reinterpret pc=0xa7479a50 method=org.codehaus.plexus.util.xml.pull.MXParser.isS(C)Z @ 21
Event: 4.883 Thread 0xb6307800 Uncommon trap: reason=unstable_if action=reinterpret pc=0xa774626c method=java.util.regex.Pattern$Slice.match(Ljava/util/regex/Matcher;ILjava/lang/CharSequence;)Z @ 29

Internal exceptions (10 events):
Event: 2.066 Thread 0xb6307800 Exception <a 'java/lang/ArrayIndexOutOfBoundsException': 100> (0x919fb630) thrown at [/build/openjdk-8-Y4imzb/openjdk-8-8u151-b12/src/hotspot/src/share/vm/interpreter/interpreterRuntime.cpp, line 366]
Event: 4.201 Thread 0xb6307800 Exception <a 'java/lang/NoClassDefFoundError': com/google/inject/servlet/ServletModuleTargetVisitor> (0x922e8f00) thrown at [/build/openjdk-8-Y4imzb/openjdk-8-8u151-b12/src/hotspot/src/share/vm/classfile/systemDictionary.cpp, line 199]
Event: 4.201 Thread 0xb6307800 Exception <a 'java/lang/NoClassDefFoundError'> (0x922e8f00) thrown at [/build/openjdk-8-Y4imzb/openjdk-8-8u151-b12/src/hotspot/src/share/vm/prims/jvm.cpp, line 1394]
Event: 4.201 Thread 0xb6307800 Exception <a 'java/lang/NoClassDefFoundError': javax/annotation/Priority> (0x922edf08) thrown at [/build/openjdk-8-Y4imzb/openjdk-8-8u151-b12/src/hotspot/src/share/vm/classfile/systemDictionary.cpp, line 199]
Event: 4.934 Thread 0xb6307800 Exception <a 'java/lang/NullPointerException'> (0x935e89c0) thrown at [/build/openjdk-8-Y4imzb/openjdk-8-8u151-b12/src/hotspot/src/share/vm/interpreter/linkResolver.cpp, line 1183]
Event: 4.934 Thread 0xb6307800 Exception <a 'java/lang/NullPointerException'> (0x935e8bd0) thrown at [/build/openjdk-8-Y4imzb/openjdk-8-8u151-b12/src/hotspot/src/share/vm/interpreter/linkResolver.cpp, line 1183]
Event: 4.934 Thread 0xb6307800 Exception <a 'java/lang/NullPointerException'> (0x935e8de0) thrown at [/build/openjdk-8-Y4imzb/openjdk-8-8u151-b12/src/hotspot/src/share/vm/interpreter/linkResolver.cpp, line 1183]
Event: 4.935 Thread 0xb6307800 Exception <a 'java/lang/NullPointerException'> (0x935f15b8) thrown at [/build/openjdk-8-Y4imzb/openjdk-8-8u151-b12/src/hotspot/src/share/vm/interpreter/linkResolver.cpp, line 1183]
Event: 4.935 Thread 0xb6307800 Exception <a 'java/lang/NullPointerException'> (0x935f17c8) thrown at [/build/openjdk-8-Y4imzb/openjdk-8-8u151-b12/src/hotspot/src/share/vm/interpreter/linkResolver.cpp, line 1183]
Event: 4.935 Thread 0xb6307800 Exception <a 'java/lang/NullPointerException'> (0x935f19d8) thrown at [/build/openjdk-8-Y4imzb/openjdk-8-8u151-b12/src/hotspot/src/share/vm/interpreter/linkResolver.cpp, line 1183]

Events (10 events):
Event: 5.029 loading class org/apache/maven/model/Scm done
Event: 5.029 loading class org/apache/maven/model/IssueManagement
Event: 5.029 loading class org/apache/maven/model/IssueManagement done
Event: 5.030 loading class org/apache/maven/model/CiManagement
Event: 5.030 loading class org/apache/maven/model/CiManagement done
Event: 5.030 loading class org/apache/maven/model/interpolation/StringSearchModelInterpolator$InterpolateObjectAction$StringField
Event: 5.030 loading class org/apache/maven/model/interpolation/StringSearchModelInterpolator$InterpolateObjectAction$StringField done
Event: 5.030 loading class org/apache/maven/model/interpolation/StringSearchModelInterpolator$InterpolateObjectAction$CacheField
Event: 5.030 loading class org/apache/maven/model/interpolation/StringSearchModelInterpolator$InterpolateObjectAction$CacheField done
Event: 5.031 Executing VM operation: ParallelGCFailedAllocation


Dynamic libraries:
08048000-08049000 r-xp 00000000 08:01 1693306    /usr/lib/jvm/java-8-openjdk-i386/jre/bin/java
08049000-0804a000 r--p 00000000 08:01 1693306    /usr/lib/jvm/java-8-openjdk-i386/jre/bin/java
0804a000-0804b000 rw-p 00001000 08:01 1693306    /usr/lib/jvm/java-8-openjdk-i386/jre/bin/java
09370000-093cd000 rw-p 00000000 00:00 0          [heap]
61a00000-61a29000 rw-p 00000000 00:00 0 
61a29000-61b00000 ---p 00000000 00:00 0 
61c00000-61ce0000 rw-p 00000000 00:00 0 
61ce0000-61d00000 ---p 00000000 00:00 0 
61e00000-61ef8000 rw-p 00000000 00:00 0 
61ef8000-61f00000 ---p 00000000 00:00 0 
62000000-620bf000 rw-p 00000000 00:00 0 
620bf000-62100000 ---p 00000000 00:00 0 
62100000-621a0000 rw-p 00000000 00:00 0 
621a0000-62200000 ---p 00000000 00:00 0 
62200000-62300000 rw-p 00000000 00:00 0 
62300000-62400000 rw-p 00000000 00:00 0 
62400000-62500000 rw-p 00000000 00:00 0 
62500000-62600000 rw-p 00000000 00:00 0 
62600000-626ff000 rw-p 00000000 00:00 0 
626ff000-62700000 ---p 00000000 00:00 0 
62700000-627ff000 rw-p 00000000 00:00 0 
627ff000-62800000 ---p 00000000 00:00 0 
62800000-62900000 rw-p 00000000 00:00 0 
62900000-62a00000 rw-p 00000000 00:00 0 
62a00000-62afd000 rw-p 00000000 00:00 0 
62afd000-62b00000 ---p 00000000 00:00 0 
62b00000-62c00000 rw-p 00000000 00:00 0 
62c00000-62d00000 rw-p 00000000 00:00 0 
62d00000-62e00000 rw-p 00000000 00:00 0 
62e00000-62f00000 rw-p 00000000 00:00 0 
62fa2000-62fa7000 r--s 0009a000 08:01 1693288    /usr/lib/jvm/java-8-openjdk-i386/jre/lib/jsse.jar
62fa7000-62fb4000 r--s 0008d000 08:01 1149531    /usr/share/java/maven3-core-3.3.9.jar
62fb4000-62fb5000 r--s 00001000 08:01 1149511    /usr/share/java/wagon-file-2.x.jar
62fb5000-62fb8000 r--s 00007000 08:01 1149537    /usr/share/java/maven3-settings-builder-3.3.9.jar
62fb8000-62fba000 r--s 0000d000 08:01 1149536    /usr/share/java/maven3-aether-provider-3.3.9.jar
62fba000-62fc1000 r--s 0002c000 08:01 1149509    /usr/share/java/sisu-plexus.jar
62fc1000-62fc5000 r--s 00027000 08:01 1145546    /usr/share/java/commons-io-2.4.jar
62fc5000-62fcd000 r--s 00054000 08:01 1149507    /usr/share/java/sisu-inject.jar
62fcd000-62fd4000 r--s 0005d000 08:01 1149254    /usr/share/java/commons-lang3.jar
62fd4000-63000000 r--s 00208000 08:01 1148516    /usr/share/java/guava.jar
63000000-630fb000 rw-p 00000000 00:00 0 
630fb000-63100000 ---p 00000000 00:00 0 
63100000-63101000 r--s 00004000 08:01 1145398    /usr/share/java/atinject-jsr330-tck-1.0.jar
63101000-63103000 r--s 0000e000 08:01 1149271    /usr/share/java/plexus-interpolation.jar
63103000-63105000 r--s 00006000 08:01 1149372    /usr/share/java/eclipse-aether-spi.jar
63105000-63109000 r--s 00027000 08:01 1149367    /usr/share/java/eclipse-aether-impl.jar
63109000-6310a000 ---p 00000000 00:00 0 
6310a000-6318a000 rw-p 00000000 00:00 0 
6318a000-6318d000 ---p 00000000 00:00 0 
6318d000-631db000 rw-p 00000000 00:00 0 
631db000-631de000 ---p 00000000 00:00 0 
631de000-6325c000 rw-p 00000000 00:00 0 
6325c000-6325f000 ---p 00000000 00:00 0 
6325f000-632dd000 rw-p 00000000 00:00 0 
632dd000-632e0000 ---p 00000000 00:00 0 
632e0000-6335e000 rw-p 00000000 00:00 0 
6335e000-63361000 ---p 00000000 00:00 0 
63361000-633af000 rw-p 00000000 00:00 0 
633af000-635af000 r--p 00000000 08:01 1110568    /usr/lib/locale/locale-archive
635af000-635b2000 ---p 00000000 00:00 0 
635b2000-63600000 rw-p 00000000 00:00 0 
63600000-636ef000 rw-p 00000000 00:00 0 
636ef000-63700000 ---p 00000000 00:00 0 
63700000-63721000 rw-p 00000000 00:00 0 
63721000-63800000 ---p 00000000 00:00 0 
63800000-638fe000 rw-p 00000000 00:00 0 
638fe000-63900000 ---p 00000000 00:00 0 
63900000-63901000 r--s 00008000 08:01 1149370    /usr/share/java/eclipse-aether-connector-basic.jar
63901000-63903000 r--s 00005000 08:01 1149373    /usr/share/java/eclipse-aether-transport-wagon.jar
63903000-63905000 r--s 00001000 08:01 1149403    /usr/share/java/aopalliance-1.0.jar
63905000-63907000 r--s 00001000 08:01 1149538    /usr/share/java/maven3-builder-support-3.3.9.jar
63907000-6390c000 r--s 0001d000 08:01 1149374    /usr/share/java/eclipse-aether-api.jar
6390c000-6390e000 r--s 00002000 08:01 1149449    /usr/share/java/plexus-cipher.jar
6390e000-6390f000 r--s 00002000 08:01 1149066    /usr/share/java/slf4j-simple.jar
6390f000-63911000 r--s 00013000 08:01 1149534    /usr/share/java/maven3-embedder-3.3.9.jar
63911000-63913000 r--s 00027000 08:01 1149535    /usr/share/java/maven3-model-3.3.9.jar
63913000-63916000 ---p 00000000 00:00 0 
63916000-63964000 rw-p 00000000 00:00 0 
63964000-63965000 ---p 00000000 00:00 0 
63965000-639e5000 rw-p 00000000 00:00 0 
639e5000-63bb4000 r--s 03c21000 08:01 1693223    /usr/lib/jvm/java-8-openjdk-i386/jre/lib/rt.jar
63bb4000-63ffa000 rw-p 00000000 00:00 0 
63ffa000-64000000 ---p 00000000 00:00 0 
64000000-66400000 rw-p 00000000 00:00 0 
66400000-664fc000 rw-p 00000000 00:00 0 
664fc000-66500000 ---p 00000000 00:00 0 
66500000-66531000 r--s 00207000 08:01 1149515    /usr/share/java/wagon-http-shaded-2.x.jar
66531000-6657f000 rw-p 00000000 00:00 0 
6657f000-66580000 ---p 00000000 00:00 0 
66580000-66600000 rw-p 00000000 00:00 0 
66600000-666fb000 rw-p 00000000 00:00 0 
666fb000-66700000 ---p 00000000 00:00 0 
66700000-66721000 rw-p 00000000 00:00 0 
66721000-66800000 ---p 00000000 00:00 0 
66800000-66802000 r--s 0000a000 08:01 1147016    /usr/share/java/commons-cli-1.3.1.jar
66802000-66804000 r--s 0000a000 08:01 1149512    /usr/share/java/wagon-provider-api-2.x.jar
66804000-66807000 r--s 0000a000 08:01 1149539    /usr/share/java/maven3-artifact-3.3.9.jar
66807000-6680b000 r--s 00020000 08:01 1149392    /usr/share/java/eclipse-aether-util.jar
6680b000-6680c000 r--s 00006000 08:01 1149532    /usr/share/java/maven3-repository-metadata-3.3.9.jar
6680c000-6680e000 r--s 00007000 08:01 1149069    /usr/share/java/slf4j-api.jar
6680e000-6680f000 r--s 0000a000 08:01 1149528    /usr/share/java/maven3-settings-3.3.9.jar
6680f000-66810000 r--s 00001000 08:01 1149518    /usr/share/java/wagon-http-shared-2.x.jar
66810000-66814000 r--s 00038000 08:01 1149495    /usr/share/java/plexus-utils2.jar
66814000-6681a000 r--s 00048000 08:01 1149288    /usr/share/java/jsoup.jar
6681a000-6681f000 r--s 00025000 08:01 1149533    /usr/share/java/maven3-model-builder-3.3.9.jar
6681f000-66824000 r--s 00040000 08:01 1145678    /usr/share/java/commons-lang-2.6.jar
66824000-6687f000 rw-p 00000000 00:00 0 
6687f000-66880000 ---p 00000000 00:00 0 
66880000-66900000 rw-p 00000000 00:00 0 
66900000-66921000 rw-p 00000000 00:00 0 
66921000-66a00000 ---p 00000000 00:00 0 
66a00000-66a01000 r--s 00006000 08:01 1149451    /usr/share/java/plexus-sec-dispatcher.jar
66a01000-66a03000 r--s 0000a000 08:01 1149529    /usr/share/java/maven3-plugin-api-3.3.9.jar
66a03000-66a05000 r--s 00000000 08:01 1149499    /usr/share/java/plexus-component-annotations-1.5.jar
66a05000-66a06000 r--s 00000000 08:01 1149240    /usr/share/java/geronimo-interceptor-3.0-spec-1.0.1.jar
66a06000-66a0d000 r--s 00041000 08:01 1149530    /usr/share/java/maven3-compat-3.3.9.jar
66a0d000-66a28000 r--s 00394000 08:01 1693228    /usr/lib/jvm/java-8-openjdk-i386/jre/lib/ext/cldrdata.jar
66a28000-66a29000 ---p 00000000 00:00 0 
66a29000-66abf000 rw-p 00000000 00:00 0 
66abf000-66bff000 ---p 00000000 00:00 0 
66bff000-66c15000 rw-p 00000000 00:00 0 
66c15000-66d54000 ---p 00000000 00:00 0 
66d54000-66d68000 rw-p 00000000 00:00 0 
66d68000-66dff000 ---p 00000000 00:00 0 
66dff000-698c0000 rw-p 00000000 00:00 0 
698c0000-918c0000 ---p 00000000 00:00 0 
918c0000-93e40000 rw-p 00000000 00:00 0 
964c0000-a6e00000 ---p 00000000 00:00 0 
a6e00000-a6e02000 r--s 00012000 08:01 1144777    /usr/share/java/el-api-3.0.jar
a6e02000-a6e03000 r--s 00000000 08:01 1145399    /usr/share/java/atinject-jsr330-api-1.0.jar
a6e03000-a6e06000 r--s 00008000 08:01 1149246    /usr/share/java/cdi-api-1.0.jar
a6e06000-a6e14000 r--s 00095000 08:01 1149408    /usr/share/java/guice.jar
a6e14000-a6e16000 r--s 0000a000 08:01 1149493    /usr/share/java/plexus-classworlds2-2.5.2.jar
a6e16000-a6e18000 r--s 00008000 08:01 1693232    /usr/lib/jvm/java-8-openjdk-i386/jre/lib/ext/sunec.jar
a6e18000-a6e33000 r--s 001d6000 08:01 1693230    /usr/lib/jvm/java-8-openjdk-i386/jre/lib/ext/nashorn.jar
a6e33000-a6e39000 r--s 0003a000 08:01 1693231    /usr/lib/jvm/java-8-openjdk-i386/jre/lib/ext/sunjce_provider.jar
a6e39000-a6e43000 r--s 00116000 08:01 1693233    /usr/lib/jvm/java-8-openjdk-i386/jre/lib/ext/localedata.jar
a6e43000-a6e5b000 rw-p 00000000 00:00 0 
a6e5b000-a6e5c000 ---p 00000000 00:00 0 
a6e5c000-a6ef0000 rw-p 00000000 00:00 0 
a6ef0000-a729c000 ---p 00000000 00:00 0 
a729c000-a776c000 rwxp 00000000 00:00 0 
a776c000-b629c000 ---p 00000000 00:00 0 
b629c000-b62a7000 r-xp 00000000 08:01 3402889    /lib/i386-linux-gnu/libnss_files-2.23.so
b62a7000-b62a8000 r--p 0000a000 08:01 3402889    /lib/i386-linux-gnu/libnss_files-2.23.so
b62a8000-b62a9000 rw-p 0000b000 08:01 3402889    /lib/i386-linux-gnu/libnss_files-2.23.so
b62a9000-b62af000 rw-p 00000000 00:00 0 
b62af000-b62ba000 r-xp 00000000 08:01 3402895    /lib/i386-linux-gnu/libnss_nis-2.23.so
b62ba000-b62bb000 r--p 0000a000 08:01 3402895    /lib/i386-linux-gnu/libnss_nis-2.23.so
b62bb000-b62bc000 rw-p 0000b000 08:01 3402895    /lib/i386-linux-gnu/libnss_nis-2.23.so
b62bc000-b62d3000 r-xp 00000000 08:01 3402652    /lib/i386-linux-gnu/libnsl-2.23.so
b62d3000-b62d4000 r--p 00016000 08:01 3402652    /lib/i386-linux-gnu/libnsl-2.23.so
b62d4000-b62d5000 rw-p 00017000 08:01 3402652    /lib/i386-linux-gnu/libnsl-2.23.so
b62d5000-b62d7000 rw-p 00000000 00:00 0 
b62d7000-b62fe000 r-xp 00000000 08:01 1693258    /usr/lib/jvm/java-8-openjdk-i386/jre/lib/i386/libjava.so
b62fe000-b62ff000 r--p 00026000 08:01 1693258    /usr/lib/jvm/java-8-openjdk-i386/jre/lib/i386/libjava.so
b62ff000-b6300000 rw-p 00027000 08:01 1693258    /usr/lib/jvm/java-8-openjdk-i386/jre/lib/i386/libjava.so
b6300000-b63fb000 rw-p 00000000 00:00 0 
b63fb000-b6400000 ---p 00000000 00:00 0 
b6400000-b6408000 r-xp 00000000 08:01 3402720    /lib/i386-linux-gnu/libnss_compat-2.23.so
b6408000-b6409000 r--p 00007000 08:01 3402720    /lib/i386-linux-gnu/libnss_compat-2.23.so
b6409000-b640a000 rw-p 00008000 08:01 3402720    /lib/i386-linux-gnu/libnss_compat-2.23.so
b640a000-b640b000 r--s 00010000 08:01 1693229    /usr/lib/jvm/java-8-openjdk-i386/jre/lib/ext/zipfs.jar
b640b000-b640d000 r--s 00001000 08:01 1693236    /usr/lib/jvm/java-8-openjdk-i386/jre/lib/ext/dnsns.jar
b640d000-b6410000 r--s 0000f000 08:01 1693227    /usr/lib/jvm/java-8-openjdk-i386/jre/lib/ext/icedtea-sound.jar
b6410000-b6418000 r-xp 00000000 08:01 1693277    /usr/lib/jvm/java-8-openjdk-i386/jre/lib/i386/libzip.so
b6418000-b6419000 r--p 00007000 08:01 1693277    /usr/lib/jvm/java-8-openjdk-i386/jre/lib/i386/libzip.so
b6419000-b641a000 rw-p 00008000 08:01 1693277    /usr/lib/jvm/java-8-openjdk-i386/jre/lib/i386/libzip.so
b641a000-b6422000 rw-s 00000000 08:01 2577041    /tmp/hsperfdata_sarnobat/19590
b6422000-b6429000 r-xp 00000000 08:01 3402905    /lib/i386-linux-gnu/librt-2.23.so
b6429000-b642a000 r--p 00006000 08:01 3402905    /lib/i386-linux-gnu/librt-2.23.so
b642a000-b642b000 rw-p 00007000 08:01 3402905    /lib/i386-linux-gnu/librt-2.23.so
b642b000-b642e000 ---p 00000000 00:00 0 
b642e000-b647c000 rw-p 00000000 00:00 0 
b647c000-b6498000 r-xp 00000000 08:01 3402590    /lib/i386-linux-gnu/libgcc_s.so.1
b6498000-b6499000 rw-p 0001b000 08:01 3402590    /lib/i386-linux-gnu/libgcc_s.so.1
b6499000-b64ec000 r-xp 00000000 08:01 3402651    /lib/i386-linux-gnu/libm-2.23.so
b64ec000-b64ed000 r--p 00052000 08:01 3402651    /lib/i386-linux-gnu/libm-2.23.so
b64ed000-b64ee000 rw-p 00053000 08:01 3402651    /lib/i386-linux-gnu/libm-2.23.so
b64ee000-b665b000 r-xp 00000000 08:01 1104849    /usr/lib/i386-linux-gnu/libstdc++.so.6.0.21
b665b000-b665c000 ---p 0016d000 08:01 1104849    /usr/lib/i386-linux-gnu/libstdc++.so.6.0.21
b665c000-b6661000 r--p 0016d000 08:01 1104849    /usr/lib/i386-linux-gnu/libstdc++.so.6.0.21
b6661000-b6662000 rw-p 00172000 08:01 1104849    /usr/lib/i386-linux-gnu/libstdc++.so.6.0.21
b6662000-b6665000 rw-p 00000000 00:00 0 
b6665000-b7136000 r-xp 00000000 08:01 1693269    /usr/lib/jvm/java-8-openjdk-i386/jre/lib/i386/server/libjvm.so
b7136000-b717c000 r--p 00ad0000 08:01 1693269    /usr/lib/jvm/java-8-openjdk-i386/jre/lib/i386/server/libjvm.so
b717c000-b7193000 rw-p 00b16000 08:01 1693269    /usr/lib/jvm/java-8-openjdk-i386/jre/lib/i386/server/libjvm.so
b7193000-b75b3000 rw-p 00000000 00:00 0 
b75b3000-b75cc000 r-xp 00000000 08:01 3402662    /lib/i386-linux-gnu/libpthread-2.23.so
b75cc000-b75cd000 r--p 00018000 08:01 3402662    /lib/i386-linux-gnu/libpthread-2.23.so
b75cd000-b75ce000 rw-p 00019000 08:01 3402662    /lib/i386-linux-gnu/libpthread-2.23.so
b75ce000-b75d0000 rw-p 00000000 00:00 0 
b75d0000-b75d3000 r-xp 00000000 08:01 3402697    /lib/i386-linux-gnu/libdl-2.23.so
b75d3000-b75d4000 r--p 00002000 08:01 3402697    /lib/i386-linux-gnu/libdl-2.23.so
b75d4000-b75d5000 rw-p 00003000 08:01 3402697    /lib/i386-linux-gnu/libdl-2.23.so
b75d5000-b75d6000 rw-p 00000000 00:00 0 
b75d6000-b75ef000 r-xp 00000000 08:01 3402741    /lib/i386-linux-gnu/libz.so.1.2.8
b75ef000-b75f0000 r--p 00018000 08:01 3402741    /lib/i386-linux-gnu/libz.so.1.2.8
b75f0000-b75f1000 rw-p 00019000 08:01 3402741    /lib/i386-linux-gnu/libz.so.1.2.8
b75f1000-b77a1000 r-xp 00000000 08:01 3402663    /lib/i386-linux-gnu/libc-2.23.so
b77a1000-b77a3000 r--p 001af000 08:01 3402663    /lib/i386-linux-gnu/libc-2.23.so
b77a3000-b77a4000 rw-p 001b1000 08:01 3402663    /lib/i386-linux-gnu/libc-2.23.so
b77a4000-b77a7000 rw-p 00000000 00:00 0 
b77a7000-b77a8000 r--s 0000a000 08:01 1693235    /usr/lib/jvm/java-8-openjdk-i386/jre/lib/ext/jaccess.jar
b77a8000-b77ac000 r--s 00037000 08:01 1693234    /usr/lib/jvm/java-8-openjdk-i386/jre/lib/ext/sunpkcs11.jar
b77ac000-b77ad000 r--p 002d4000 08:01 1110568    /usr/lib/locale/locale-archive
b77ad000-b77ae000 rw-p 00000000 00:00 0 
b77ae000-b77af000 ---p 00000000 00:00 0 
b77af000-b77bd000 r-xp 00000000 08:01 1693275    /usr/lib/jvm/java-8-openjdk-i386/jre/lib/i386/libverify.so
b77bd000-b77be000 r--p 0000d000 08:01 1693275    /usr/lib/jvm/java-8-openjdk-i386/jre/lib/i386/libverify.so
b77be000-b77bf000 rw-p 0000e000 08:01 1693275    /usr/lib/jvm/java-8-openjdk-i386/jre/lib/i386/libverify.so
b77bf000-b77cc000 r-xp 00000000 08:01 1693273    /usr/lib/jvm/java-8-openjdk-i386/jre/lib/i386/jli/libjli.so
b77cc000-b77cd000 r--p 0000c000 08:01 1693273    /usr/lib/jvm/java-8-openjdk-i386/jre/lib/i386/jli/libjli.so
b77cd000-b77ce000 rw-p 0000d000 08:01 1693273    /usr/lib/jvm/java-8-openjdk-i386/jre/lib/i386/jli/libjli.so
b77ce000-b77cf000 rw-p 00000000 00:00 0 
b77cf000-b77d1000 r--p 00000000 00:00 0          [vvar]
b77d1000-b77d2000 r-xp 00000000 00:00 0          [vdso]
b77d2000-b77f5000 r-xp 00000000 08:01 3402661    /lib/i386-linux-gnu/ld-2.23.so
b77f5000-b77f6000 r--p 00022000 08:01 3402661    /lib/i386-linux-gnu/ld-2.23.so
b77f6000-b77f7000 rw-p 00023000 08:01 3402661    /lib/i386-linux-gnu/ld-2.23.so
bf7f9000-bf81a000 rw-p 00000000 00:00 0          [stack]

VM Arguments:
jvm_args: -Dclassworlds.conf=/usr/share/maven/bin/m2.conf -Dmaven.home=/usr/share/maven -Dmaven.multiModuleProjectDirectory=/home/sarnobat/github/maven_project 
java_command: org.codehaus.plexus.classworlds.launcher.Launcher --quiet --settings /home/sarnobat/sarnobat.git/mac/.m2/settings.xml install exec:java -Dexec.mainClass=Md5RoList -Dexec.args=4485
java_class_path (initial): /usr/share/maven/boot/plexus-classworlds-2.x.jar
Launcher Type: SUN_STANDARD

Environment Variables:
JAVA_HOME=/usr/lib/jvm/java-8-openjdk-i386
PATH=/usr/bin:/bin
SHELL=/bin/sh

Signal Handlers:
SIGSEGV: [libjvm.so+0x8d7370], sa_mask[0]=11111111011111111101111111111110, sa_flags=SA_RESTART|SA_SIGINFO
SIGBUS: [libjvm.so+0x8d7370], sa_mask[0]=11111111011111111101111111111110, sa_flags=SA_RESTART|SA_SIGINFO
SIGFPE: [libjvm.so+0x73d1c0], sa_mask[0]=11111111011111111101111111111110, sa_flags=SA_RESTART|SA_SIGINFO
SIGPIPE: [libjvm.so+0x73d1c0], sa_mask[0]=11111111011111111101111111111110, sa_flags=SA_RESTART|SA_SIGINFO
SIGXFSZ: [libjvm.so+0x73d1c0], sa_mask[0]=11111111011111111101111111111110, sa_flags=SA_RESTART|SA_SIGINFO
SIGILL: [libjvm.so+0x73d1c0], sa_mask[0]=11111111011111111101111111111110, sa_flags=SA_RESTART|SA_SIGINFO
SIGUSR1: SIG_DFL, sa_mask[0]=00000000000000000000000000000000, sa_flags=none
SIGUSR2: [libjvm.so+0x73d000], sa_mask[0]=00000000000000000000000000000000, sa_flags=SA_RESTART|SA_SIGINFO
SIGHUP: [libjvm.so+0x73d790], sa_mask[0]=11111111011111111101111111111110, sa_flags=SA_RESTART|SA_SIGINFO
SIGINT: [libjvm.so+0x73d790], sa_mask[0]=11111111011111111101111111111110, sa_flags=SA_RESTART|SA_SIGINFO
SIGTERM: [libjvm.so+0x73d790], sa_mask[0]=11111111011111111101111111111110, sa_flags=SA_RESTART|SA_SIGINFO
SIGQUIT: [libjvm.so+0x73d790], sa_mask[0]=11111111011111111101111111111110, sa_flags=SA_RESTART|SA_SIGINFO


---------------  S Y S T E M  ---------------

OS:DISTRIB_ID=Ubuntu
DISTRIB_RELEASE=16.04
DISTRIB_CODENAME=xenial
DISTRIB_DESCRIPTION="Ubuntu 16.04.1 LTS"

uname:Linux 4.4.0-104-generic #127-Ubuntu SMP Mon Dec 11 12:16:50 UTC 2017 i686
libc:glibc 2.23 NPTL 2.23 
rlimit: STACK 8192k, CORE 0k, NPROC 63057, NOFILE 1048576, AS infinity
load average:2.64 2.34 2.34

/proc/meminfo:
MemTotal:        8107456 kB
MemFree:          415672 kB
MemAvailable:          0 kB
Buffers:            5208 kB
Cached:           210804 kB
SwapCached:         4668 kB
Active:          6019184 kB
Inactive:        1461364 kB
Active(anon):    5997576 kB
Inactive(anon):  1443808 kB
Active(file):      21608 kB
Inactive(file):    17556 kB
Unevictable:           0 kB
Mlocked:               0 kB
HighTotal:       7292552 kB
HighFree:          98452 kB
LowTotal:         814904 kB
LowFree:          317220 kB
SwapTotal:       4007932 kB
SwapFree:              0 kB
Dirty:               868 kB
Writeback:             0 kB
AnonPages:       7260320 kB
Mapped:            33356 kB
Shmem:            176496 kB
Slab:              98576 kB
SReclaimable:      51204 kB
SUnreclaim:        47372 kB
KernelStack:       16608 kB
PageTables:        46352 kB
NFS_Unstable:          0 kB
Bounce:                0 kB
WritebackTmp:          0 kB
CommitLimit:     8061660 kB
Committed_AS:   25521808 kB
VmallocTotal:     122880 kB
VmallocUsed:           0 kB
VmallocChunk:          0 kB
AnonHugePages:   4325376 kB
CmaTotal:              0 kB
CmaFree:               0 kB
HugePages_Total:       0
HugePages_Free:        0
HugePages_Rsvd:        0
HugePages_Surp:        0
Hugepagesize:       2048 kB
DirectMap4k:       34808 kB
DirectMap2M:      876544 kB


CPU:total 4 (initial active 4) (2 cores per cpu, 2 threads per core) family 6 model 58 stepping 9, cmov, cx8, fxsr, mmx, sse, sse2, sse3, ssse3, sse4.1, sse4.2, popcnt, avx, aes, clmul, erms, ht, tsc, tscinvbit, tscinv

/proc/cpuinfo:
processor	: 0
vendor_id	: GenuineIntel
cpu family	: 6
model		: 58
model name	: Intel(R) Core(TM) i5-3427U CPU @ 1.80GHz
stepping	: 9
microcode	: 0x17
cpu MHz		: 2599.988
cache size	: 3072 KB
physical id	: 0
siblings	: 4
core id		: 0
cpu cores	: 2
apicid		: 0
initial apicid	: 0
fdiv_bug	: no
f00f_bug	: no
coma_bug	: no
fpu		: yes
fpu_exception	: yes
cpuid level	: 13
wp		: yes
flags		: fpu vme de pse tsc msr pae mce cx8 apic sep mtrr pge mca cmov pat pse36 clflush dts acpi mmx fxsr sse sse2 ss ht tm pbe nx rdtscp lm constant_tsc arch_perfmon pebs bts xtopology nonstop_tsc aperfmperf eagerfpu pni pclmulqdq dtes64 monitor ds_cpl vmx smx est tm2 ssse3 cx16 xtpr pdcm pcid sse4_1 sse4_2 x2apic popcnt tsc_deadline_timer aes xsave avx f16c rdrand lahf_lm epb tpr_shadow vnmi flexpriority ept vpid fsgsbase smep erms xsaveopt dtherm ida arat pln pts
bugs		:
bogomips	: 4589.86
clflush size	: 64
cache_alignment	: 64
address sizes	: 36 bits physical, 48 bits virtual
power management:

processor	: 1
vendor_id	: GenuineIntel
cpu family	: 6
model		: 58
model name	: Intel(R) Core(TM) i5-3427U CPU @ 1.80GHz
stepping	: 9
microcode	: 0x17
cpu MHz		: 2599.988
cache size	: 3072 KB
physical id	: 0
siblings	: 4
core id		: 1
cpu cores	: 2
apicid		: 2
initial apicid	: 2
fdiv_bug	: no
f00f_bug	: no
coma_bug	: no
fpu		: yes
fpu_exception	: yes
cpuid level	: 13
wp		: yes
flags		: fpu vme de pse tsc msr pae mce cx8 apic sep mtrr pge mca cmov pat pse36 clflush dts acpi mmx fxsr sse sse2 ss ht tm pbe nx rdtscp lm constant_tsc arch_perfmon pebs bts xtopology nonstop_tsc aperfmperf eagerfpu pni pclmulqdq dtes64 monitor ds_cpl vmx smx est tm2 ssse3 cx16 xtpr pdcm pcid sse4_1 sse4_2 x2apic popcnt tsc_deadline_timer aes xsave avx f16c rdrand lahf_lm epb tpr_shadow vnmi flexpriority ept vpid fsgsbase smep erms xsaveopt dtherm ida arat pln pts
bugs		:
bogomips	: 4589.86
clflush size	: 64
cache_alignment	: 64
address sizes	: 36 bits physical, 48 bits virtual
power management:

processor	: 2
vendor_id	: GenuineIntel
cpu family	: 6
model		: 58
model name	: Intel(R) Core(TM) i5-3427U CPU @ 1.80GHz
stepping	: 9
microcode	: 0x17
cpu MHz		: 2599.988
cache size	: 3072 KB
physical id	: 0
siblings	: 4
core id		: 0
cpu cores	: 2
apicid		: 1
initial apicid	: 1
fdiv_bug	: no
f00f_bug	: no
coma_bug	: no
fpu		: yes
fpu_exception	: yes
cpuid level	: 13
wp		: yes
flags		: fpu vme de pse tsc msr pae mce cx8 apic sep mtrr pge mca cmov pat pse36 clflush dts acpi mmx fxsr sse sse2 ss ht tm pbe nx rdtscp lm constant_tsc arch_perfmon pebs bts xtopology nonstop_tsc aperfmperf eagerfpu pni pclmulqdq dtes64 monitor ds_cpl vmx smx est tm2 ssse3 cx16 xtpr pdcm pcid sse4_1 sse4_2 x2apic popcnt tsc_deadline_timer aes xsave avx f16c rdrand lahf_lm epb tpr_shadow vnmi flexpriority ept vpid fsgsbase smep erms xsaveopt dtherm ida arat pln pts
bugs		:
bogomips	: 4589.86
clflush size	: 64
cache_alignment	: 64
address sizes	: 36 bits physical, 48 bits virtual
power management:

processor	: 3
vendor_id	: GenuineIntel
cpu family	: 6
model		: 58
model name	: Intel(R) Core(TM) i5-3427U CPU @ 1.80GHz
stepping	: 9
microcode	: 0x17
cpu MHz		: 2599.988
cache size	: 3072 KB
physical id	: 0
siblings	: 4
core id		: 1
cpu cores	: 2
apicid		: 3
initial apicid	: 3
fdiv_bug	: no
f00f_bug	: no
coma_bug	: no
fpu		: yes
fpu_exception	: yes
cpuid level	: 13
wp		: yes
flags		: fpu vme de pse tsc msr pae mce cx8 apic sep mtrr pge mca cmov pat pse36 clflush dts acpi mmx fxsr sse sse2 ss ht tm pbe nx rdtscp lm constant_tsc arch_perfmon pebs bts xtopology nonstop_tsc aperfmperf eagerfpu pni pclmulqdq dtes64 monitor ds_cpl vmx smx est tm2 ssse3 cx16 xtpr pdcm pcid sse4_1 sse4_2 x2apic popcnt tsc_deadline_timer aes xsave avx f16c rdrand lahf_lm epb tpr_shadow vnmi flexpriority ept vpid fsgsbase smep erms xsaveopt dtherm ida arat pln pts
bugs		:
bogomips	: 4589.86
clflush size	: 64
cache_alignment	: 64
address sizes	: 36 bits physical, 48 bits virtual
power management:



Memory: 4k page, physical 8107456k(415672k free), swap 4007932k(0k free)

vm_info: OpenJDK Server VM (25.151-b12) for linux-x86 JRE (1.8.0_151-8u151-b12-0ubuntu0.16.04.2-b12), built on Oct 27 2017 22:05:04 by "buildd" with gcc 5.4.0 20160609

time: Fri Mar 23 06:18:06 2018
elapsed time: 5 seconds (0d 0h 0m 5s)

