#
# There is insufficient memory for the Java Runtime Environment to continue.
# Native memory allocation (mmap) failed to map 131072 bytes for committing reserved memory.
# Possible reasons:
#   The system is out of physical RAM or swap space
#   In 32 bit mode, the process size limit was hit
# Possible solutions:
#   Reduce memory load on the system
#   Increase physical memory or swap space
#   Check if swap backing store is full
#   Use 64 bit Java on a 64 bit OS
#   Decrease Java heap size (-Xmx/-Xms)
#   Decrease number of Java threads
#   Decrease Java thread stack sizes (-Xss)
#   Set larger code cache with -XX:ReservedCodeCacheSize=
# This output file may be truncated or incomplete.
#
#  Out of Memory Error (os_linux.cpp:2643), pid=26406, tid=0xb638bb40
#
# JRE version: OpenJDK Runtime Environment (8.0_151-b12) (build 1.8.0_151-8u151-b12-0ubuntu0.16.04.2-b12)
# Java VM: OpenJDK Server VM (25.151-b12 mixed mode linux-x86 )
# Failed to write core dump. Core dumps have been disabled. To enable core dumping, try "ulimit -c unlimited" before starting Java again
#

---------------  T H R E A D  ---------------

Current thread (0xb6207800):  JavaThread "main" [_thread_in_vm, id=26460, stack(0xb633b000,0xb638c000)]

Stack: [0xb633b000,0xb638c000],  sp=0xb6387ce0,  free space=307k
Native frames: (J=compiled Java code, j=interpreted, Vv=VM code, C=native code)
V  [libjvm.so+0x8d6834]
V  [libjvm.so+0x3a7c76]
V  [libjvm.so+0x7420c0]
V  [libjvm.so+0x73c013]
V  [libjvm.so+0x8d3264]
V  [libjvm.so+0x6cdd63]
V  [libjvm.so+0x6cdf7a]
V  [libjvm.so+0x6ceb05]
V  [libjvm.so+0x6cec5a]
V  [libjvm.so+0x6cfc9a]
V  [libjvm.so+0x6cfe8d]
V  [libjvm.so+0x603d38]
V  [libjvm.so+0x4e6854]
V  [libjvm.so+0x31a784]
V  [libjvm.so+0x84d519]
V  [libjvm.so+0x55c01a]
V  [libjvm.so+0x55d4bc]  JVM_DefineClassWithSource+0x9c
C  [libjava.so+0xb357]  Java_java_lang_ClassLoader_defineClass1+0x1a7
J 442  java.lang.ClassLoader.defineClass1(Ljava/lang/String;[BIILjava/security/ProtectionDomain;Ljava/lang/String;)Ljava/lang/Class; (0 bytes) @ 0xa732978b [0xa73296a0+0xeb]
J 444 C1 java.lang.ClassLoader.defineClass(Ljava/lang/String;[BIILjava/security/ProtectionDomain;)Ljava/lang/Class; (43 bytes) @ 0xa732c7d4 [0xa732c320+0x4b4]
J 324 C1 java.net.URLClassLoader.defineClass(Ljava/lang/String;Lsun/misc/Resource;)Ljava/lang/Class; (142 bytes) @ 0xa72e6af8 [0xa72e5420+0x16d8]
J 241 C1 java.net.URLClassLoader$1.run()Ljava/lang/Class; (63 bytes) @ 0xa72b34f8 [0xa72b32c0+0x238]
J 193 C1 java.net.URLClassLoader$1.run()Ljava/lang/Object; (5 bytes) @ 0xa729b450 [0xa729b3e0+0x70]
v  ~StubRoutines::call_stub
V  [libjvm.so+0x51faad]
V  [libjvm.so+0x746985]
V  [libjvm.so+0x51ebea]
V  [libjvm.so+0x56b9c4]  JVM_DoPrivileged+0x434
C  [libjava.so+0x9e15]  Java_java_security_AccessController_doPrivileged__Ljava_security_PrivilegedExceptionAction_2Ljava_security_AccessControlContext_2+0x25
J 145  java.security.AccessController.doPrivileged(Ljava/security/PrivilegedExceptionAction;Ljava/security/AccessControlContext;)Ljava/lang/Object; (0 bytes) @ 0xa7285dcc [0xa7285d20+0xac]
J 192 C1 java.net.URLClassLoader.findClass(Ljava/lang/String;)Ljava/lang/Class; (47 bytes) @ 0xa729ad74 [0xa729ac40+0x134]
J 384 C1 org.codehaus.plexus.classworlds.realm.ClassRealm.loadClassFromSelf(Ljava/lang/String;)Ljava/lang/Class; (40 bytes) @ 0xa73163b4 [0xa73160e0+0x2d4]
J 335 C1 org.codehaus.plexus.classworlds.strategy.SelfFirstStrategy.loadClass(Ljava/lang/String;)Ljava/lang/Class; (50 bytes) @ 0xa72e8708 [0xa72e8500+0x208]
J 265 C1 org.codehaus.plexus.classworlds.realm.ClassRealm.loadClass(Ljava/lang/String;)Ljava/lang/Class; (7 bytes) @ 0xa72ba13c [0xa72b9f80+0x1bc]
v  ~StubRoutines::call_stub
V  [libjvm.so+0x51faad]
V  [libjvm.so+0x746985]
V  [libjvm.so+0x51d586]
V  [libjvm.so+0x51dafb]
V  [libjvm.so+0x853e83]
V  [libjvm.so+0x8528ff]
V  [libjvm.so+0x854906]
V  [libjvm.so+0x8b558e]
V  [libjvm.so+0x8ba6c7]
V  [libjvm.so+0x8c04f1]
V  [libjvm.so+0x8c388a]
V  [libjvm.so+0x8c3ef5]
V  [libjvm.so+0x4e5ce9]
V  [libjvm.so+0x4ec23c]
V  [libjvm.so+0x4ec7aa]
V  [libjvm.so+0x50e79f]
j  org.eclipse.sisu.space.CloningClassSpace.<init>(Lorg/eclipse/sisu/space/ClassSpace;)V+1
j  org.eclipse.sisu.plexus.PlexusTypeRegistry.cloneImplementation(Ljava/lang/String;)Lorg/eclipse/sisu/inject/DeferredClass;+17
j  org.eclipse.sisu.plexus.PlexusTypeRegistry.addComponent(Ljava/lang/String;Ljava/lang/String;Ljava/lang/String;Ljava/lang/String;Ljava/lang/String;)Ljava/lang/String;+172
j  org.eclipse.sisu.plexus.PlexusXmlScanner.parseComponent(Lorg/codehaus/plexus/util/xml/pull/MXParser;Lorg/eclipse/sisu/plexus/PlexusTypeRegistry;)V+265
j  org.eclipse.sisu.plexus.PlexusXmlScanner.parseComponentsXml(Ljava/net/URL;Lorg/eclipse/sisu/plexus/PlexusTypeRegistry;)V+69
j  org.eclipse.sisu.plexus.PlexusXmlScanner.scan(Lorg/eclipse/sisu/space/ClassSpace;Z)Ljava/util/Map;+78
j  org.eclipse.sisu.plexus.PlexusXmlBeanModule.configure(Lcom/google/inject/Binder;)Lorg/eclipse/sisu/plexus/PlexusBeanSource;+72
j  org.eclipse.sisu.plexus.PlexusBindingModule.configure(Lcom/google/inject/Binder;)V+41
j  com.google.inject.spi.Elements$RecordingBinder.install(Lcom/google/inject/Module;)V+161
j  com.google.inject.spi.Elements.getElements(Lcom/google/inject/Stage;Ljava/lang/Iterable;)Ljava/util/List;+40
j  com.google.inject.spi.Elements.getElements(Ljava/lang/Iterable;)Ljava/util/List;+4
j  org.eclipse.sisu.wire.WireModule.configure(Lcom/google/inject/Binder;)V+13
j  com.google.inject.spi.Elements$RecordingBinder.install(Lcom/google/inject/Module;)V+161
j  com.google.inject.spi.Elements.getElements(Lcom/google/inject/Stage;Ljava/lang/Iterable;)Ljava/util/List;+40
j  com.google.inject.internal.InjectorShell$Builder.build(Lcom/google/inject/internal/Initializer;Lcom/google/inject/internal/ProcessedBindingData;Lcom/google/inject/internal/util/Stopwatch;Lcom/google/inject/internal/Errors;)Ljava/util/List;+122
j  com.google.inject.internal.InternalInjectorCreator.build()Lcom/google/inject/Injector;+48
j  com.google.inject.Guice.createInjector(Lcom/google/inject/Stage;Ljava/lang/Iterable;)Lcom/google/inject/Injector;+15
j  com.google.inject.Guice.createInjector(Ljava/lang/Iterable;)Lcom/google/inject/Injector;+4
j  com.google.inject.Guice.createInjector([Lcom/google/inject/Module;)Lcom/google/inject/Injector;+4
j  org.codehaus.plexus.DefaultPlexusContainer.addPlexusInjector(Ljava/util/List;[Lcom/google/inject/Module;)Lcom/google/inject/Injector;+88
j  org.codehaus.plexus.DefaultPlexusContainer.<init>(Lorg/codehaus/plexus/ContainerConfiguration;[Lcom/google/inject/Module;)V+397
j  org.apache.maven.cli.MavenCli.container(Lorg/apache/maven/cli/CliRequest;)Lorg/codehaus/plexus/PlexusContainer;+269
j  org.apache.maven.cli.MavenCli.doMain(Lorg/apache/maven/cli/CliRequest;)I+29
j  org.apache.maven.cli.MavenCli.main([Ljava/lang/String;Lorg/codehaus/plexus/classworlds/ClassWorld;)I+18
v  ~StubRoutines::call_stub
V  [libjvm.so+0x51faad]
V  [libjvm.so+0x746985]
V  [libjvm.so+0x51ebea]
V  [libjvm.so+0x7b8d25]
V  [libjvm.so+0x7baa5e]
V  [libjvm.so+0x565ade]  JVM_InvokeMethod+0x10e
C  [libjava.so+0xcf53]  Java_sun_reflect_NativeMethodAccessorImpl_invoke0+0x23
j  sun.reflect.NativeMethodAccessorImpl.invoke0(Ljava/lang/reflect/Method;Ljava/lang/Object;[Ljava/lang/Object;)Ljava/lang/Object;+0
j  sun.reflect.NativeMethodAccessorImpl.invoke(Ljava/lang/Object;[Ljava/lang/Object;)Ljava/lang/Object;+100
j  sun.reflect.DelegatingMethodAccessorImpl.invoke(Ljava/lang/Object;[Ljava/lang/Object;)Ljava/lang/Object;+6
j  java.lang.reflect.Method.invoke(Ljava/lang/Object;[Ljava/lang/Object;)Ljava/lang/Object;+56
j  org.codehaus.plexus.classworlds.launcher.Launcher.launchEnhanced([Ljava/lang/String;)V+45
j  org.codehaus.plexus.classworlds.launcher.Launcher.launch([Ljava/lang/String;)V+2
j  org.codehaus.plexus.classworlds.launcher.Launcher.mainWithExitCode([Ljava/lang/String;)I+101
j  org.codehaus.plexus.classworlds.launcher.Launcher.main([Ljava/lang/String;)V+1
v  ~StubRoutines::call_stub
V  [libjvm.so+0x51faad]
V  [libjvm.so+0x746985]
V  [libjvm.so+0x51ebea]
V  [libjvm.so+0x53eaf4]
V  [libjvm.so+0x540abb]
C  [libjli.so+0x2c30]
C  [libjli.so+0x69fe]
C  [libpthread.so.0+0x6295]  start_thread+0xe5
...<more frames>...

Java frames: (J=compiled Java code, j=interpreted, Vv=VM code)
J 442  java.lang.ClassLoader.defineClass1(Ljava/lang/String;[BIILjava/security/ProtectionDomain;Ljava/lang/String;)Ljava/lang/Class; (0 bytes) @ 0xa7329747 [0xa73296a0+0xa7]
J 444 C1 java.lang.ClassLoader.defineClass(Ljava/lang/String;[BIILjava/security/ProtectionDomain;)Ljava/lang/Class; (43 bytes) @ 0xa732c7d4 [0xa732c320+0x4b4]
J 324 C1 java.net.URLClassLoader.defineClass(Ljava/lang/String;Lsun/misc/Resource;)Ljava/lang/Class; (142 bytes) @ 0xa72e6af8 [0xa72e5420+0x16d8]
J 241 C1 java.net.URLClassLoader$1.run()Ljava/lang/Class; (63 bytes) @ 0xa72b34f8 [0xa72b32c0+0x238]
J 193 C1 java.net.URLClassLoader$1.run()Ljava/lang/Object; (5 bytes) @ 0xa729b450 [0xa729b3e0+0x70]
v  ~StubRoutines::call_stub
J 145  java.security.AccessController.doPrivileged(Ljava/security/PrivilegedExceptionAction;Ljava/security/AccessControlContext;)Ljava/lang/Object; (0 bytes) @ 0xa7285d88 [0xa7285d20+0x68]
J 192 C1 java.net.URLClassLoader.findClass(Ljava/lang/String;)Ljava/lang/Class; (47 bytes) @ 0xa729ad74 [0xa729ac40+0x134]
J 384 C1 org.codehaus.plexus.classworlds.realm.ClassRealm.loadClassFromSelf(Ljava/lang/String;)Ljava/lang/Class; (40 bytes) @ 0xa73163b4 [0xa73160e0+0x2d4]
J 335 C1 org.codehaus.plexus.classworlds.strategy.SelfFirstStrategy.loadClass(Ljava/lang/String;)Ljava/lang/Class; (50 bytes) @ 0xa72e8708 [0xa72e8500+0x208]
J 265 C1 org.codehaus.plexus.classworlds.realm.ClassRealm.loadClass(Ljava/lang/String;)Ljava/lang/Class; (7 bytes) @ 0xa72ba13c [0xa72b9f80+0x1bc]
v  ~StubRoutines::call_stub
j  org.eclipse.sisu.space.CloningClassSpace.<init>(Lorg/eclipse/sisu/space/ClassSpace;)V+1
j  org.eclipse.sisu.plexus.PlexusTypeRegistry.cloneImplementation(Ljava/lang/String;)Lorg/eclipse/sisu/inject/DeferredClass;+17
j  org.eclipse.sisu.plexus.PlexusTypeRegistry.addComponent(Ljava/lang/String;Ljava/lang/String;Ljava/lang/String;Ljava/lang/String;Ljava/lang/String;)Ljava/lang/String;+172
j  org.eclipse.sisu.plexus.PlexusXmlScanner.parseComponent(Lorg/codehaus/plexus/util/xml/pull/MXParser;Lorg/eclipse/sisu/plexus/PlexusTypeRegistry;)V+265
j  org.eclipse.sisu.plexus.PlexusXmlScanner.parseComponentsXml(Ljava/net/URL;Lorg/eclipse/sisu/plexus/PlexusTypeRegistry;)V+69
j  org.eclipse.sisu.plexus.PlexusXmlScanner.scan(Lorg/eclipse/sisu/space/ClassSpace;Z)Ljava/util/Map;+78
j  org.eclipse.sisu.plexus.PlexusXmlBeanModule.configure(Lcom/google/inject/Binder;)Lorg/eclipse/sisu/plexus/PlexusBeanSource;+72
j  org.eclipse.sisu.plexus.PlexusBindingModule.configure(Lcom/google/inject/Binder;)V+41
j  com.google.inject.spi.Elements$RecordingBinder.install(Lcom/google/inject/Module;)V+161
j  com.google.inject.spi.Elements.getElements(Lcom/google/inject/Stage;Ljava/lang/Iterable;)Ljava/util/List;+40
j  com.google.inject.spi.Elements.getElements(Ljava/lang/Iterable;)Ljava/util/List;+4
j  org.eclipse.sisu.wire.WireModule.configure(Lcom/google/inject/Binder;)V+13
j  com.google.inject.spi.Elements$RecordingBinder.install(Lcom/google/inject/Module;)V+161
j  com.google.inject.spi.Elements.getElements(Lcom/google/inject/Stage;Ljava/lang/Iterable;)Ljava/util/List;+40
j  com.google.inject.internal.InjectorShell$Builder.build(Lcom/google/inject/internal/Initializer;Lcom/google/inject/internal/ProcessedBindingData;Lcom/google/inject/internal/util/Stopwatch;Lcom/google/inject/internal/Errors;)Ljava/util/List;+122
j  com.google.inject.internal.InternalInjectorCreator.build()Lcom/google/inject/Injector;+48
j  com.google.inject.Guice.createInjector(Lcom/google/inject/Stage;Ljava/lang/Iterable;)Lcom/google/inject/Injector;+15
j  com.google.inject.Guice.createInjector(Ljava/lang/Iterable;)Lcom/google/inject/Injector;+4
j  com.google.inject.Guice.createInjector([Lcom/google/inject/Module;)Lcom/google/inject/Injector;+4
j  org.codehaus.plexus.DefaultPlexusContainer.addPlexusInjector(Ljava/util/List;[Lcom/google/inject/Module;)Lcom/google/inject/Injector;+88
j  org.codehaus.plexus.DefaultPlexusContainer.<init>(Lorg/codehaus/plexus/ContainerConfiguration;[Lcom/google/inject/Module;)V+397
j  org.apache.maven.cli.MavenCli.container(Lorg/apache/maven/cli/CliRequest;)Lorg/codehaus/plexus/PlexusContainer;+269
j  org.apache.maven.cli.MavenCli.doMain(Lorg/apache/maven/cli/CliRequest;)I+29
j  org.apache.maven.cli.MavenCli.main([Ljava/lang/String;Lorg/codehaus/plexus/classworlds/ClassWorld;)I+18
v  ~StubRoutines::call_stub
j  sun.reflect.NativeMethodAccessorImpl.invoke0(Ljava/lang/reflect/Method;Ljava/lang/Object;[Ljava/lang/Object;)Ljava/lang/Object;+0
j  sun.reflect.NativeMethodAccessorImpl.invoke(Ljava/lang/Object;[Ljava/lang/Object;)Ljava/lang/Object;+100
j  sun.reflect.DelegatingMethodAccessorImpl.invoke(Ljava/lang/Object;[Ljava/lang/Object;)Ljava/lang/Object;+6
j  java.lang.reflect.Method.invoke(Ljava/lang/Object;[Ljava/lang/Object;)Ljava/lang/Object;+56
j  org.codehaus.plexus.classworlds.launcher.Launcher.launchEnhanced([Ljava/lang/String;)V+45
j  org.codehaus.plexus.classworlds.launcher.Launcher.launch([Ljava/lang/String;)V+2
j  org.codehaus.plexus.classworlds.launcher.Launcher.mainWithExitCode([Ljava/lang/String;)I+101
j  org.codehaus.plexus.classworlds.launcher.Launcher.main([Ljava/lang/String;)V+1
v  ~StubRoutines::call_stub

---------------  P R O C E S S  ---------------

Java Threads: ( => current thread )
  0x637aa400 JavaThread "Service Thread" daemon [_thread_blocked, id=26486, stack(0x630db000,0x6312c000)]
  0x637a7000 JavaThread "C1 CompilerThread2" daemon [_thread_blocked, id=26484, stack(0x6312c000,0x631ad000)]
  0x637a5c00 JavaThread "C2 CompilerThread1" daemon [_thread_in_native, id=26481, stack(0x631ad000,0x6322e000)]
  0x637a3c00 JavaThread "C2 CompilerThread0" daemon [_thread_in_native, id=26479, stack(0x6322e000,0x632af000)]
  0x637a2400 JavaThread "Signal Dispatcher" daemon [_thread_blocked, id=26477, stack(0x632af000,0x63300000)]
  0x63788400 JavaThread "Finalizer" daemon [_thread_blocked, id=26475, stack(0x63813000,0x63864000)]
  0x63785800 JavaThread "Reference Handler" daemon [_thread_blocked, id=26471, stack(0x6642e000,0x6647f000)]
=>0xb6207800 JavaThread "main" [_thread_in_vm, id=26460, stack(0xb633b000,0xb638c000)]

Other Threads:
  0x63781000 VMThread [stack: 0x63864000,0x638e5000] [id=26470]
  0x637ac000 WatcherThread [stack: 0x6305a000,0x630db000] [id=26487]

VM state:not at safepoint (normal execution)

VM Mutex/Monitor currently owned by a thread: None

Heap:
 PSYoungGen      total 19200K, used 8337K [0x916c0000, 0x92c00000, 0xa6c00000)
  eden space 16640K, 34% used [0x916c0000,0x91c64e80,0x92700000)
  from space 2560K, 99% used [0x92700000,0x9297f918,0x92980000)
  to   space 2560K, 0% used [0x92980000,0x92980000,0x92c00000)
 ParOldGen       total 43776K, used 790K [0x66c00000, 0x696c0000, 0x916c0000)
  object space 43776K, 1% used [0x66c00000,0x66cc5b80,0x696c0000)
 Metaspace       used 4979K, capacity 5002K, committed 5016K, reserved 5424K

Card table byte_map: [0x669ff000,0x66c00000] byte_map_base: 0x666c9000

Marking Bits: (ParMarkBitMap*) 0xb70b1880
 Begin Bits: [0x64300000, 0x65300000)
 End Bits:   [0x65300000, 0x66300000)

Polling page: 0xb76be000

CodeCache: size=245760Kb used=1898Kb max_used=1908Kb free=243861Kb
 bounds [0xa71a3000, 0xa73e3000, 0xb61a3000]
 total_blobs=703 nmethods=537 adapters=81
 compilation: enabled

Compilation events (10 events):
Event: 1.574 Thread 0x637a7000  539       3       org.codehaus.plexus.util.xml.pull.MXParser::nextText (103 bytes)
Event: 1.575 Thread 0x637a7000 nmethod 539 0xa735fe08 code [0xa7360060, 0xa7360a8c]
Event: 1.575 Thread 0x637a7000  538       3       org.eclipse.sisu.plexus.PlexusXmlScanner::TEXT (10 bytes)
Event: 1.576 Thread 0x637a7000 nmethod 538 0xa7376b88 code [0xa7376cc0, 0xa7376e58]
Event: 1.581 Thread 0x637a3c00 nmethod 528 0xa7380608 code [0xa73807c0, 0xa7380c20]
Event: 1.581 Thread 0x637a3c00  540   !   4       sun.nio.cs.StreamDecoder::read (196 bytes)
Event: 1.588 Thread 0x637a7000  542       3       java.lang.StringBuilder::charAt (6 bytes)
Event: 1.589 Thread 0x637a7000 nmethod 542 0xa73800c8 code [0xa7380200, 0xa738044c]
Event: 1.589 Thread 0x637a7000  543       3       java.io.Reader::read (21 bytes)
Event: 1.589 Thread 0x637a7000 nmethod 543 0xa737fc88 code [0xa737fdc0, 0xa738000c]

GC Heap History (2 events):
Event: 1.312 GC heap before
{Heap before GC invocations=1 (full 0):
 PSYoungGen      total 19200K, used 16640K [0x916c0000, 0x92c00000, 0xa6c00000)
  eden space 16640K, 100% used [0x916c0000,0x92700000,0x92700000)
  from space 2560K, 0% used [0x92980000,0x92980000,0x92c00000)
  to   space 2560K, 0% used [0x92700000,0x92700000,0x92980000)
 ParOldGen       total 43776K, used 0K [0x66c00000, 0x696c0000, 0x916c0000)
  object space 43776K, 0% used [0x66c00000,0x66c00000,0x696c0000)
 Metaspace       used 4683K, capacity 4746K, committed 4760K, reserved 5424K
Event: 1.321 GC heap after
Heap after GC invocations=1 (full 0):
 PSYoungGen      total 19200K, used 2558K [0x916c0000, 0x92c00000, 0xa6c00000)
  eden space 16640K, 0% used [0x916c0000,0x916c0000,0x92700000)
  from space 2560K, 99% used [0x92700000,0x9297f918,0x92980000)
  to   space 2560K, 0% used [0x92980000,0x92980000,0x92c00000)
 ParOldGen       total 43776K, used 790K [0x66c00000, 0x696c0000, 0x916c0000)
  object space 43776K, 1% used [0x66c00000,0x66cc5b80,0x696c0000)
 Metaspace       used 4683K, capacity 4746K, committed 4760K, reserved 5424K
}

Deoptimization events (8 events):
Event: 0.605 Thread 0xb6207800 Uncommon trap: reason=unstable_if action=reinterpret pc=0xa72a7d44 method=org.codehaus.plexus.util.xml.pull.MXParser.more()C @ 8
Event: 1.375 Thread 0xb6207800 Uncommon trap: reason=unstable_if action=reinterpret pc=0xa73311c8 method=java.util.HashMap.getNode(ILjava/lang/Object;)Ljava/util/HashMap$Node; @ 129
Event: 1.384 Thread 0xb6207800 Uncommon trap: reason=range_check action=make_not_entrant pc=0xa7339204 method=sun.reflect.generics.parser.SignatureParser.current()C @ 34
Event: 1.453 Thread 0xb6207800 Uncommon trap: reason=unstable_if action=reinterpret pc=0xa734d17c method=java.nio.charset.CoderResult.isOverflow()Z @ 5
Event: 1.550 Thread 0xb6207800 Uncommon trap: reason=unstable_if action=reinterpret pc=0xa7370c90 method=java.nio.charset.CoderResult.isOverflow()Z @ 5
Event: 1.550 Thread 0xb6207800 Uncommon trap: reason=unstable_if action=reinterpret pc=0xa73794b0 method=java.nio.charset.CoderResult.isOverflow()Z @ 5
Event: 1.550 Thread 0xb6207800 Uncommon trap: reason=unstable_if action=reinterpret pc=0xa735f4e4 method=java.io.Reader.read()I @ 12
Event: 1.574 Thread 0xb6207800 Uncommon trap: reason=unstable_if action=reinterpret pc=0xa735eda4 method=java.io.Reader.read()I @ 12

Internal exceptions (10 events):
Event: 1.378 Thread 0xb6207800 Exception <a 'java/lang/ArrayIndexOutOfBoundsException'> (0x917eae48) thrown at [/build/openjdk-8-Y4imzb/openjdk-8-8u151-b12/src/hotspot/src/share/vm/runtime/sharedRuntime.cpp, line 605]
Event: 1.378 Thread 0xb6207800 Exception <a 'java/lang/ArrayIndexOutOfBoundsException'> (0x917eba78) thrown at [/build/openjdk-8-Y4imzb/openjdk-8-8u151-b12/src/hotspot/src/share/vm/runtime/sharedRuntime.cpp, line 605]
Event: 1.379 Thread 0xb6207800 Exception <a 'java/lang/ArrayIndexOutOfBoundsException'> (0x917ecde8) thrown at [/build/openjdk-8-Y4imzb/openjdk-8-8u151-b12/src/hotspot/src/share/vm/runtime/sharedRuntime.cpp, line 605]
Event: 1.381 Thread 0xb6207800 Exception <a 'java/lang/ArrayIndexOutOfBoundsException'> (0x917f37d8) thrown at [/build/openjdk-8-Y4imzb/openjdk-8-8u151-b12/src/hotspot/src/share/vm/runtime/sharedRuntime.cpp, line 605]
Event: 1.382 Thread 0xb6207800 Exception <a 'java/lang/ArrayIndexOutOfBoundsException'> (0x917f55c0) thrown at [/build/openjdk-8-Y4imzb/openjdk-8-8u151-b12/src/hotspot/src/share/vm/runtime/sharedRuntime.cpp, line 605]
Event: 1.383 Thread 0xb6207800 Exception <a 'java/lang/ArrayIndexOutOfBoundsException'> (0x917f61f8) thrown at [/build/openjdk-8-Y4imzb/openjdk-8-8u151-b12/src/hotspot/src/share/vm/runtime/sharedRuntime.cpp, line 605]
Event: 1.383 Thread 0xb6207800 Exception <a 'java/lang/ArrayIndexOutOfBoundsException'> (0x917f75b0) thrown at [/build/openjdk-8-Y4imzb/openjdk-8-8u151-b12/src/hotspot/src/share/vm/runtime/sharedRuntime.cpp, line 605]
Event: 1.383 Thread 0xb6207800 Exception <a 'java/lang/ArrayIndexOutOfBoundsException'> (0x917f8188) thrown at [/build/openjdk-8-Y4imzb/openjdk-8-8u151-b12/src/hotspot/src/share/vm/runtime/sharedRuntime.cpp, line 605]
Event: 1.383 Thread 0xb6207800 Exception <a 'java/lang/ArrayIndexOutOfBoundsException'> (0x917f96b0) thrown at [/build/openjdk-8-Y4imzb/openjdk-8-8u151-b12/src/hotspot/src/share/vm/runtime/sharedRuntime.cpp, line 605]
Event: 1.384 Thread 0xb6207800 Exception <a 'java/lang/ArrayIndexOutOfBoundsException': 100> (0x917fb648) thrown at [/build/openjdk-8-Y4imzb/openjdk-8-8u151-b12/src/hotspot/src/share/vm/interpreter/interpreterRuntime.cpp, line 366]

Events (10 events):
Event: 1.578 loading class org/apache/maven/model/normalization/ModelNormalizer
Event: 1.578 loading class org/apache/maven/model/normalization/ModelNormalizer done
Event: 1.589 loading class org/apache/maven/wagon/Wagon
Event: 1.589 loading class org/apache/maven/wagon/Wagon done
Event: 1.590 loading class org/eclipse/sisu/space/CloningClassSpace
Event: 1.590 loading class org/eclipse/sisu/space/CloningClassSpace done
Event: 1.591 loading class org/eclipse/sisu/space/CloningClassSpace$1
Event: 1.591 loading class org/eclipse/sisu/space/CloningClassSpace$1 done
Event: 1.591 loading class org/eclipse/sisu/space/CloningClassSpace$CloningClassLoader
Event: 1.591 loading class org/eclipse/sisu/space/CloningClassSpace$CloningClassLoader done


Dynamic libraries:
08048000-08049000 r-xp 00000000 08:01 1693306    /usr/lib/jvm/java-8-openjdk-i386/jre/bin/java
08049000-0804a000 r--p 00000000 08:01 1693306    /usr/lib/jvm/java-8-openjdk-i386/jre/bin/java
0804a000-0804b000 rw-p 00001000 08:01 1693306    /usr/lib/jvm/java-8-openjdk-i386/jre/bin/java
08d13000-08d34000 rw-p 00000000 00:00 0          [heap]
62600000-6266b000 rw-p 00000000 00:00 0 
6266b000-62700000 ---p 00000000 00:00 0 
62700000-62729000 rw-p 00000000 00:00 0 
62729000-62800000 ---p 00000000 00:00 0 
62800000-62856000 rw-p 00000000 00:00 0 
62856000-62900000 ---p 00000000 00:00 0 
62900000-629a6000 rw-p 00000000 00:00 0 
629a6000-62a00000 ---p 00000000 00:00 0 
62a00000-62aa0000 rw-p 00000000 00:00 0 
62ac0000-62b00000 ---p 00000000 00:00 0 
62b00000-62bff000 rw-p 00000000 00:00 0 
62bff000-62c00000 ---p 00000000 00:00 0 
62c00000-62cf9000 rw-p 00000000 00:00 0 
62cf9000-62d00000 ---p 00000000 00:00 0 
62d00000-62e00000 rw-p 00000000 00:00 0 
62eb7000-62ec4000 r--s 0008d000 08:01 1149531    /usr/share/java/maven3-core-3.3.9.jar
62ec4000-62ec7000 r--s 00007000 08:01 1149537    /usr/share/java/maven3-settings-builder-3.3.9.jar
62ec7000-62ec9000 r--s 0000d000 08:01 1149536    /usr/share/java/maven3-aether-provider-3.3.9.jar
62ec9000-62ed0000 r--s 0002c000 08:01 1149509    /usr/share/java/sisu-plexus.jar
62ed0000-62ed4000 r--s 00027000 08:01 1145546    /usr/share/java/commons-io-2.4.jar
62ed4000-62f00000 r--s 00208000 08:01 1148516    /usr/share/java/guava.jar
62f00000-62ffa000 rw-p 00000000 00:00 0 
62ffa000-63000000 ---p 00000000 00:00 0 
63000000-63001000 r--s 00001000 08:01 1149511    /usr/share/java/wagon-file-2.x.jar
63001000-63009000 r--s 00054000 08:01 1149507    /usr/share/java/sisu-inject.jar
63009000-63010000 r--s 0005d000 08:01 1149254    /usr/share/java/commons-lang3.jar
63010000-63011000 r--s 00004000 08:01 1145398    /usr/share/java/atinject-jsr330-tck-1.0.jar
63011000-63013000 r--s 0000e000 08:01 1149271    /usr/share/java/plexus-interpolation.jar
63013000-63015000 r--s 00006000 08:01 1149372    /usr/share/java/eclipse-aether-spi.jar
63015000-63016000 r--s 00008000 08:01 1149370    /usr/share/java/eclipse-aether-connector-basic.jar
63016000-6301a000 r--s 00027000 08:01 1149367    /usr/share/java/eclipse-aether-impl.jar
6301a000-6301c000 r--s 00005000 08:01 1149373    /usr/share/java/eclipse-aether-transport-wagon.jar
6301c000-6301e000 r--s 00001000 08:01 1149403    /usr/share/java/aopalliance-1.0.jar
6301e000-63020000 r--s 00001000 08:01 1149538    /usr/share/java/maven3-builder-support-3.3.9.jar
63020000-63025000 r--s 0001d000 08:01 1149374    /usr/share/java/eclipse-aether-api.jar
63025000-63027000 r--s 00002000 08:01 1149449    /usr/share/java/plexus-cipher.jar
63027000-63029000 r--s 00013000 08:01 1149534    /usr/share/java/maven3-embedder-3.3.9.jar
63029000-6305a000 r--s 00207000 08:01 1149515    /usr/share/java/wagon-http-shaded-2.x.jar
6305a000-6305b000 ---p 00000000 00:00 0 
6305b000-630db000 rw-p 00000000 00:00 0 
630db000-630de000 ---p 00000000 00:00 0 
630de000-6312c000 rw-p 00000000 00:00 0 
6312c000-6312f000 ---p 00000000 00:00 0 
6312f000-631ad000 rw-p 00000000 00:00 0 
631ad000-631b0000 ---p 00000000 00:00 0 
631b0000-6322e000 rw-p 00000000 00:00 0 
6322e000-63231000 ---p 00000000 00:00 0 
63231000-632af000 rw-p 00000000 00:00 0 
632af000-632b2000 ---p 00000000 00:00 0 
632b2000-63300000 rw-p 00000000 00:00 0 
63300000-63500000 r--p 00000000 08:01 1110568    /usr/lib/locale/locale-archive
63500000-635fe000 rw-p 00000000 00:00 0 
635fe000-63600000 ---p 00000000 00:00 0 
63600000-63621000 rw-p 00000000 00:00 0 
63621000-63700000 ---p 00000000 00:00 0 
63700000-637fe000 rw-p 00000000 00:00 0 
637fe000-63800000 ---p 00000000 00:00 0 
63800000-63801000 r--s 00002000 08:01 1149066    /usr/share/java/slf4j-simple.jar
63801000-63803000 r--s 00027000 08:01 1149535    /usr/share/java/maven3-model-3.3.9.jar
63803000-63805000 r--s 0000a000 08:01 1147016    /usr/share/java/commons-cli-1.3.1.jar
63805000-63807000 r--s 0000a000 08:01 1149512    /usr/share/java/wagon-provider-api-2.x.jar
63807000-6380a000 r--s 0000a000 08:01 1149539    /usr/share/java/maven3-artifact-3.3.9.jar
6380a000-6380e000 r--s 00020000 08:01 1149392    /usr/share/java/eclipse-aether-util.jar
6380e000-6380f000 r--s 00006000 08:01 1149532    /usr/share/java/maven3-repository-metadata-3.3.9.jar
6380f000-63813000 r--s 00038000 08:01 1149495    /usr/share/java/plexus-utils2.jar
63813000-63816000 ---p 00000000 00:00 0 
63816000-63864000 rw-p 00000000 00:00 0 
63864000-63865000 ---p 00000000 00:00 0 
63865000-638e5000 rw-p 00000000 00:00 0 
638e5000-63ab4000 r--s 03c21000 08:01 1693223    /usr/lib/jvm/java-8-openjdk-i386/jre/lib/rt.jar
63ab4000-63efa000 rw-p 00000000 00:00 0 
63efa000-63f00000 ---p 00000000 00:00 0 
63f00000-66300000 rw-p 00000000 00:00 0 
66300000-663f9000 rw-p 00000000 00:00 0 
663f9000-66400000 ---p 00000000 00:00 0 
66400000-66402000 r--s 00007000 08:01 1149069    /usr/share/java/slf4j-api.jar
66402000-66403000 r--s 0000a000 08:01 1149528    /usr/share/java/maven3-settings-3.3.9.jar
66403000-66409000 r--s 00048000 08:01 1149288    /usr/share/java/jsoup.jar
66409000-6640e000 r--s 00025000 08:01 1149533    /usr/share/java/maven3-model-builder-3.3.9.jar
6640e000-66413000 r--s 00040000 08:01 1145678    /usr/share/java/commons-lang-2.6.jar
66413000-6642e000 r--s 00394000 08:01 1693228    /usr/lib/jvm/java-8-openjdk-i386/jre/lib/ext/cldrdata.jar
6642e000-66431000 ---p 00000000 00:00 0 
66431000-6647f000 rw-p 00000000 00:00 0 
6647f000-66480000 ---p 00000000 00:00 0 
66480000-66500000 rw-p 00000000 00:00 0 
66500000-665fb000 rw-p 00000000 00:00 0 
665fb000-66600000 ---p 00000000 00:00 0 
66600000-66621000 rw-p 00000000 00:00 0 
66621000-66700000 ---p 00000000 00:00 0 
66700000-66701000 r--s 00001000 08:01 1149518    /usr/share/java/wagon-http-shared-2.x.jar
66701000-66702000 r--s 00006000 08:01 1149451    /usr/share/java/plexus-sec-dispatcher.jar
66702000-66704000 r--s 0000a000 08:01 1149529    /usr/share/java/maven3-plugin-api-3.3.9.jar
66704000-66706000 r--s 00000000 08:01 1149499    /usr/share/java/plexus-component-annotations-1.5.jar
66706000-66708000 r--s 00012000 08:01 1144777    /usr/share/java/el-api-3.0.jar
66708000-66716000 r--s 00095000 08:01 1149408    /usr/share/java/guice.jar
66716000-66731000 r--s 001d6000 08:01 1693230    /usr/lib/jvm/java-8-openjdk-i386/jre/lib/ext/nashorn.jar
66731000-6677f000 rw-p 00000000 00:00 0 
6677f000-66780000 ---p 00000000 00:00 0 
66780000-66800000 rw-p 00000000 00:00 0 
66800000-66821000 rw-p 00000000 00:00 0 
66821000-66900000 ---p 00000000 00:00 0 
66900000-66901000 r--s 00000000 08:01 1149240    /usr/share/java/geronimo-interceptor-3.0-spec-1.0.1.jar
66901000-66904000 r--s 00008000 08:01 1149246    /usr/share/java/cdi-api-1.0.jar
66904000-6690b000 r--s 00041000 08:01 1149530    /usr/share/java/maven3-compat-3.3.9.jar
6690b000-6697e000 rw-p 00000000 00:00 0 
6697e000-6697f000 ---p 00000000 00:00 0 
6697f000-66a15000 rw-p 00000000 00:00 0 
66a15000-66b54000 ---p 00000000 00:00 0 
66b54000-66b5f000 rw-p 00000000 00:00 0 
66b5f000-66bff000 ---p 00000000 00:00 0 
66bff000-696c0000 rw-p 00000000 00:00 0 
696c0000-916c0000 ---p 00000000 00:00 0 
916c0000-92c00000 rw-p 00000000 00:00 0 
92c00000-a6c00000 ---p 00000000 00:00 0 
a6c00000-a6c02000 r--s 0000a000 08:01 1149493    /usr/share/java/plexus-classworlds2-2.5.2.jar
a6c02000-a6c04000 r--s 00008000 08:01 1693232    /usr/lib/jvm/java-8-openjdk-i386/jre/lib/ext/sunec.jar
a6c04000-a6c06000 r--s 00001000 08:01 1693236    /usr/lib/jvm/java-8-openjdk-i386/jre/lib/ext/dnsns.jar
a6c06000-a6c0c000 r--s 0003a000 08:01 1693231    /usr/lib/jvm/java-8-openjdk-i386/jre/lib/ext/sunjce_provider.jar
a6c0c000-a6c0d000 ---p 00000000 00:00 0 
a6c0d000-a6ca3000 rw-p 00000000 00:00 0 
a6ca3000-a6de3000 ---p 00000000 00:00 0 
a6de3000-a6dec000 rw-p 00000000 00:00 0 
a6dec000-a71a3000 ---p 00000000 00:00 0 
a71a3000-a73e3000 rwxp 00000000 00:00 0 
a73e3000-b61a3000 ---p 00000000 00:00 0 
b61a3000-b61ae000 r-xp 00000000 08:01 3402889    /lib/i386-linux-gnu/libnss_files-2.23.so
b61ae000-b61af000 r--p 0000a000 08:01 3402889    /lib/i386-linux-gnu/libnss_files-2.23.so
b61af000-b61b0000 rw-p 0000b000 08:01 3402889    /lib/i386-linux-gnu/libnss_files-2.23.so
b61b0000-b61b6000 rw-p 00000000 00:00 0 
b61b6000-b61c1000 r-xp 00000000 08:01 3402895    /lib/i386-linux-gnu/libnss_nis-2.23.so
b61c1000-b61c2000 r--p 0000a000 08:01 3402895    /lib/i386-linux-gnu/libnss_nis-2.23.so
b61c2000-b61c3000 rw-p 0000b000 08:01 3402895    /lib/i386-linux-gnu/libnss_nis-2.23.so
b61c3000-b61da000 r-xp 00000000 08:01 3402652    /lib/i386-linux-gnu/libnsl-2.23.so
b61da000-b61db000 r--p 00016000 08:01 3402652    /lib/i386-linux-gnu/libnsl-2.23.so
b61db000-b61dc000 rw-p 00017000 08:01 3402652    /lib/i386-linux-gnu/libnsl-2.23.so
b61dc000-b61de000 rw-p 00000000 00:00 0 
b61de000-b61e6000 r-xp 00000000 08:01 3402720    /lib/i386-linux-gnu/libnss_compat-2.23.so
b61e6000-b61e7000 r--p 00007000 08:01 3402720    /lib/i386-linux-gnu/libnss_compat-2.23.so
b61e7000-b61e8000 rw-p 00008000 08:01 3402720    /lib/i386-linux-gnu/libnss_compat-2.23.so
b61e8000-b61e9000 r--s 00000000 08:01 1145399    /usr/share/java/atinject-jsr330-api-1.0.jar
b61e9000-b61ec000 r--s 0000f000 08:01 1693227    /usr/lib/jvm/java-8-openjdk-i386/jre/lib/ext/icedtea-sound.jar
b61ec000-b61f6000 r--s 00116000 08:01 1693233    /usr/lib/jvm/java-8-openjdk-i386/jre/lib/ext/localedata.jar
b61f6000-b61fe000 r-xp 00000000 08:01 1693277    /usr/lib/jvm/java-8-openjdk-i386/jre/lib/i386/libzip.so
b61fe000-b61ff000 r--p 00007000 08:01 1693277    /usr/lib/jvm/java-8-openjdk-i386/jre/lib/i386/libzip.so
b61ff000-b6200000 rw-p 00008000 08:01 1693277    /usr/lib/jvm/java-8-openjdk-i386/jre/lib/i386/libzip.so
b6200000-b62fb000 rw-p 00000000 00:00 0 
b62fb000-b6300000 ---p 00000000 00:00 0 
b6300000-b6301000 r--s 00010000 08:01 1693229    /usr/lib/jvm/java-8-openjdk-i386/jre/lib/ext/zipfs.jar
b6301000-b6309000 rw-s 00000000 08:01 2577276    /tmp/hsperfdata_sarnobat/26406
b6309000-b6330000 r-xp 00000000 08:01 1693258    /usr/lib/jvm/java-8-openjdk-i386/jre/lib/i386/libjava.so
b6330000-b6331000 r--p 00026000 08:01 1693258    /usr/lib/jvm/java-8-openjdk-i386/jre/lib/i386/libjava.so
b6331000-b6332000 rw-p 00027000 08:01 1693258    /usr/lib/jvm/java-8-openjdk-i386/jre/lib/i386/libjava.so
b6332000-b6339000 r-xp 00000000 08:01 3402905    /lib/i386-linux-gnu/librt-2.23.so
b6339000-b633a000 r--p 00006000 08:01 3402905    /lib/i386-linux-gnu/librt-2.23.so
b633a000-b633b000 rw-p 00007000 08:01 3402905    /lib/i386-linux-gnu/librt-2.23.so
b633b000-b633e000 ---p 00000000 00:00 0 
b633e000-b638c000 rw-p 00000000 00:00 0 
b638c000-b63a8000 r-xp 00000000 08:01 3402590    /lib/i386-linux-gnu/libgcc_s.so.1
b63a8000-b63a9000 rw-p 0001b000 08:01 3402590    /lib/i386-linux-gnu/libgcc_s.so.1
b63a9000-b63fc000 r-xp 00000000 08:01 3402651    /lib/i386-linux-gnu/libm-2.23.so
b63fc000-b63fd000 r--p 00052000 08:01 3402651    /lib/i386-linux-gnu/libm-2.23.so
b63fd000-b63fe000 rw-p 00053000 08:01 3402651    /lib/i386-linux-gnu/libm-2.23.so
b63fe000-b656b000 r-xp 00000000 08:01 1104849    /usr/lib/i386-linux-gnu/libstdc++.so.6.0.21
b656b000-b656c000 ---p 0016d000 08:01 1104849    /usr/lib/i386-linux-gnu/libstdc++.so.6.0.21
b656c000-b6571000 r--p 0016d000 08:01 1104849    /usr/lib/i386-linux-gnu/libstdc++.so.6.0.21
b6571000-b6572000 rw-p 00172000 08:01 1104849    /usr/lib/i386-linux-gnu/libstdc++.so.6.0.21
b6572000-b6575000 rw-p 00000000 00:00 0 
b6575000-b7046000 r-xp 00000000 08:01 1693269    /usr/lib/jvm/java-8-openjdk-i386/jre/lib/i386/server/libjvm.so
b7046000-b708c000 r--p 00ad0000 08:01 1693269    /usr/lib/jvm/java-8-openjdk-i386/jre/lib/i386/server/libjvm.so
b708c000-b70a3000 rw-p 00b16000 08:01 1693269    /usr/lib/jvm/java-8-openjdk-i386/jre/lib/i386/server/libjvm.so
b70a3000-b74c3000 rw-p 00000000 00:00 0 
b74c3000-b74dc000 r-xp 00000000 08:01 3402662    /lib/i386-linux-gnu/libpthread-2.23.so
b74dc000-b74dd000 r--p 00018000 08:01 3402662    /lib/i386-linux-gnu/libpthread-2.23.so
b74dd000-b74de000 rw-p 00019000 08:01 3402662    /lib/i386-linux-gnu/libpthread-2.23.so
b74de000-b74e0000 rw-p 00000000 00:00 0 
b74e0000-b74e3000 r-xp 00000000 08:01 3402697    /lib/i386-linux-gnu/libdl-2.23.so
b74e3000-b74e4000 r--p 00002000 08:01 3402697    /lib/i386-linux-gnu/libdl-2.23.so
b74e4000-b74e5000 rw-p 00003000 08:01 3402697    /lib/i386-linux-gnu/libdl-2.23.so
b74e5000-b74e6000 rw-p 00000000 00:00 0 
b74e6000-b74ff000 r-xp 00000000 08:01 3402741    /lib/i386-linux-gnu/libz.so.1.2.8
b74ff000-b7500000 r--p 00018000 08:01 3402741    /lib/i386-linux-gnu/libz.so.1.2.8
b7500000-b7501000 rw-p 00019000 08:01 3402741    /lib/i386-linux-gnu/libz.so.1.2.8
b7501000-b76b1000 r-xp 00000000 08:01 3402663    /lib/i386-linux-gnu/libc-2.23.so
b76b1000-b76b3000 r--p 001af000 08:01 3402663    /lib/i386-linux-gnu/libc-2.23.so
b76b3000-b76b4000 rw-p 001b1000 08:01 3402663    /lib/i386-linux-gnu/libc-2.23.so
b76b4000-b76b7000 rw-p 00000000 00:00 0 
b76b7000-b76b8000 r--s 0000a000 08:01 1693235    /usr/lib/jvm/java-8-openjdk-i386/jre/lib/ext/jaccess.jar
b76b8000-b76bc000 r--s 00037000 08:01 1693234    /usr/lib/jvm/java-8-openjdk-i386/jre/lib/ext/sunpkcs11.jar
b76bc000-b76bd000 r--p 002d4000 08:01 1110568    /usr/lib/locale/locale-archive
b76bd000-b76be000 rw-p 00000000 00:00 0 
b76be000-b76bf000 r--p 00000000 00:00 0 
b76bf000-b76cd000 r-xp 00000000 08:01 1693275    /usr/lib/jvm/java-8-openjdk-i386/jre/lib/i386/libverify.so
b76cd000-b76ce000 r--p 0000d000 08:01 1693275    /usr/lib/jvm/java-8-openjdk-i386/jre/lib/i386/libverify.so
b76ce000-b76cf000 rw-p 0000e000 08:01 1693275    /usr/lib/jvm/java-8-openjdk-i386/jre/lib/i386/libverify.so
b76cf000-b76dc000 r-xp 00000000 08:01 1693273    /usr/lib/jvm/java-8-openjdk-i386/jre/lib/i386/jli/libjli.so
b76dc000-b76dd000 r--p 0000c000 08:01 1693273    /usr/lib/jvm/java-8-openjdk-i386/jre/lib/i386/jli/libjli.so
b76dd000-b76de000 rw-p 0000d000 08:01 1693273    /usr/lib/jvm/java-8-openjdk-i386/jre/lib/i386/jli/libjli.so
b76de000-b76df000 rw-p 00000000 00:00 0 
b76df000-b76e1000 r--p 00000000 00:00 0          [vvar]
b76e1000-b76e2000 r-xp 00000000 00:00 0          [vdso]
b76e2000-b7705000 r-xp 00000000 08:01 3402661    /lib/i386-linux-gnu/ld-2.23.so
b7705000-b7706000 r--p 00022000 08:01 3402661    /lib/i386-linux-gnu/ld-2.23.so
b7706000-b7707000 rw-p 00023000 08:01 3402661    /lib/i386-linux-gnu/ld-2.23.so
bfa5c000-bfa7d000 rw-p 00000000 00:00 0          [stack]

VM Arguments:
jvm_args: -Dclassworlds.conf=/usr/share/maven/bin/m2.conf -Dmaven.home=/usr/share/maven -Dmaven.multiModuleProjectDirectory=/home/sarnobat/github/maven_project 
java_command: org.codehaus.plexus.classworlds.launcher.Launcher --quiet --settings /home/sarnobat/sarnobat.git/mac/.m2/settings.xml install exec:java -Dexec.mainClass=Md5RoList -Dexec.args=4485
java_class_path (initial): /usr/share/maven/boot/plexus-classworlds-2.x.jar
Launcher Type: SUN_STANDARD

Environment Variables:
JAVA_HOME=/usr/lib/jvm/java-8-openjdk-i386
PATH=/usr/bin:/bin
SHELL=/bin/sh

Signal Handlers:
SIGSEGV: [libjvm.so+0x8d7370], sa_mask[0]=11111111011111111101111111111110, sa_flags=SA_RESTART|SA_SIGINFO
SIGBUS: [libjvm.so+0x8d7370], sa_mask[0]=11111111011111111101111111111110, sa_flags=SA_RESTART|SA_SIGINFO
SIGFPE: [libjvm.so+0x73d1c0], sa_mask[0]=11111111011111111101111111111110, sa_flags=SA_RESTART|SA_SIGINFO
SIGPIPE: [libjvm.so+0x73d1c0], sa_mask[0]=11111111011111111101111111111110, sa_flags=SA_RESTART|SA_SIGINFO
SIGXFSZ: [libjvm.so+0x73d1c0], sa_mask[0]=11111111011111111101111111111110, sa_flags=SA_RESTART|SA_SIGINFO
SIGILL: [libjvm.so+0x73d1c0], sa_mask[0]=11111111011111111101111111111110, sa_flags=SA_RESTART|SA_SIGINFO
SIGUSR1: SIG_DFL, sa_mask[0]=00000000000000000000000000000000, sa_flags=none
SIGUSR2: [libjvm.so+0x73d000], sa_mask[0]=00000000000000000000000000000000, sa_flags=SA_RESTART|SA_SIGINFO
SIGHUP: [libjvm.so+0x73d790], sa_mask[0]=11111111011111111101111111111110, sa_flags=SA_RESTART|SA_SIGINFO
SIGINT: [libjvm.so+0x73d790], sa_mask[0]=11111111011111111101111111111110, sa_flags=SA_RESTART|SA_SIGINFO
SIGTERM: [libjvm.so+0x73d790], sa_mask[0]=11111111011111111101111111111110, sa_flags=SA_RESTART|SA_SIGINFO
SIGQUIT: [libjvm.so+0x73d790], sa_mask[0]=11111111011111111101111111111110, sa_flags=SA_RESTART|SA_SIGINFO


---------------  S Y S T E M  ---------------

OS:DISTRIB_ID=Ubuntu
DISTRIB_RELEASE=16.04
DISTRIB_CODENAME=xenial
DISTRIB_DESCRIPTION="Ubuntu 16.04.1 LTS"

uname:Linux 4.4.0-104-generic #127-Ubuntu SMP Mon Dec 11 12:16:50 UTC 2017 i686
libc:glibc 2.23 NPTL 2.23 
rlimit: STACK 8192k, CORE 0k, NPROC 63057, NOFILE 1048576, AS infinity
load average:2.06 2.18 2.21

/proc/meminfo:
MemTotal:        8107456 kB
MemFree:          441772 kB
MemAvailable:       1552 kB
Buffers:            4144 kB
Cached:           206228 kB
SwapCached:         3680 kB
Active:          6082672 kB
Inactive:        1370508 kB
Active(anon):    6063528 kB
Inactive(anon):  1357168 kB
Active(file):      19144 kB
Inactive(file):    13340 kB
Unevictable:           0 kB
Mlocked:               0 kB
HighTotal:       7292552 kB
HighFree:         122096 kB
LowTotal:         814904 kB
LowFree:          319676 kB
SwapTotal:       4007932 kB
SwapFree:              0 kB
Dirty:               796 kB
Writeback:             0 kB
AnonPages:       7239936 kB
Mapped:            32632 kB
Shmem:            177088 kB
Slab:              98688 kB
SReclaimable:      51456 kB
SUnreclaim:        47232 kB
KernelStack:       16720 kB
PageTables:        46472 kB
NFS_Unstable:          0 kB
Bounce:               24 kB
WritebackTmp:          0 kB
CommitLimit:     8061660 kB
Committed_AS:   25499988 kB
VmallocTotal:     122880 kB
VmallocUsed:           0 kB
VmallocChunk:          0 kB
AnonHugePages:   4345856 kB
CmaTotal:              0 kB
CmaFree:               0 kB
HugePages_Total:       0
HugePages_Free:        0
HugePages_Rsvd:        0
HugePages_Surp:        0
Hugepagesize:       2048 kB
DirectMap4k:       34808 kB
DirectMap2M:      876544 kB


CPU:total 4 (initial active 4) (2 cores per cpu, 2 threads per core) family 6 model 58 stepping 9, cmov, cx8, fxsr, mmx, sse, sse2, sse3, ssse3, sse4.1, sse4.2, popcnt, avx, aes, clmul, erms, ht, tsc, tscinvbit, tscinv

/proc/cpuinfo:
processor	: 0
vendor_id	: GenuineIntel
cpu family	: 6
model		: 58
model name	: Intel(R) Core(TM) i5-3427U CPU @ 1.80GHz
stepping	: 9
microcode	: 0x17
cpu MHz		: 2599.988
cache size	: 3072 KB
physical id	: 0
siblings	: 4
core id		: 0
cpu cores	: 2
apicid		: 0
initial apicid	: 0
fdiv_bug	: no
f00f_bug	: no
coma_bug	: no
fpu		: yes
fpu_exception	: yes
cpuid level	: 13
wp		: yes
flags		: fpu vme de pse tsc msr pae mce cx8 apic sep mtrr pge mca cmov pat pse36 clflush dts acpi mmx fxsr sse sse2 ss ht tm pbe nx rdtscp lm constant_tsc arch_perfmon pebs bts xtopology nonstop_tsc aperfmperf eagerfpu pni pclmulqdq dtes64 monitor ds_cpl vmx smx est tm2 ssse3 cx16 xtpr pdcm pcid sse4_1 sse4_2 x2apic popcnt tsc_deadline_timer aes xsave avx f16c rdrand lahf_lm epb tpr_shadow vnmi flexpriority ept vpid fsgsbase smep erms xsaveopt dtherm ida arat pln pts
bugs		:
bogomips	: 4589.86
clflush size	: 64
cache_alignment	: 64
address sizes	: 36 bits physical, 48 bits virtual
power management:

processor	: 1
vendor_id	: GenuineIntel
cpu family	: 6
model		: 58
model name	: Intel(R) Core(TM) i5-3427U CPU @ 1.80GHz
stepping	: 9
microcode	: 0x17
cpu MHz		: 2599.988
cache size	: 3072 KB
physical id	: 0
siblings	: 4
core id		: 1
cpu cores	: 2
apicid		: 2
initial apicid	: 2
fdiv_bug	: no
f00f_bug	: no
coma_bug	: no
fpu		: yes
fpu_exception	: yes
cpuid level	: 13
wp		: yes
flags		: fpu vme de pse tsc msr pae mce cx8 apic sep mtrr pge mca cmov pat pse36 clflush dts acpi mmx fxsr sse sse2 ss ht tm pbe nx rdtscp lm constant_tsc arch_perfmon pebs bts xtopology nonstop_tsc aperfmperf eagerfpu pni pclmulqdq dtes64 monitor ds_cpl vmx smx est tm2 ssse3 cx16 xtpr pdcm pcid sse4_1 sse4_2 x2apic popcnt tsc_deadline_timer aes xsave avx f16c rdrand lahf_lm epb tpr_shadow vnmi flexpriority ept vpid fsgsbase smep erms xsaveopt dtherm ida arat pln pts
bugs		:
bogomips	: 4589.86
clflush size	: 64
cache_alignment	: 64
address sizes	: 36 bits physical, 48 bits virtual
power management:

processor	: 2
vendor_id	: GenuineIntel
cpu family	: 6
model		: 58
model name	: Intel(R) Core(TM) i5-3427U CPU @ 1.80GHz
stepping	: 9
microcode	: 0x17
cpu MHz		: 2599.988
cache size	: 3072 KB
physical id	: 0
siblings	: 4
core id		: 0
cpu cores	: 2
apicid		: 1
initial apicid	: 1
fdiv_bug	: no
f00f_bug	: no
coma_bug	: no
fpu		: yes
fpu_exception	: yes
cpuid level	: 13
wp		: yes
flags		: fpu vme de pse tsc msr pae mce cx8 apic sep mtrr pge mca cmov pat pse36 clflush dts acpi mmx fxsr sse sse2 ss ht tm pbe nx rdtscp lm constant_tsc arch_perfmon pebs bts xtopology nonstop_tsc aperfmperf eagerfpu pni pclmulqdq dtes64 monitor ds_cpl vmx smx est tm2 ssse3 cx16 xtpr pdcm pcid sse4_1 sse4_2 x2apic popcnt tsc_deadline_timer aes xsave avx f16c rdrand lahf_lm epb tpr_shadow vnmi flexpriority ept vpid fsgsbase smep erms xsaveopt dtherm ida arat pln pts
bugs		:
bogomips	: 4589.86
clflush size	: 64
cache_alignment	: 64
address sizes	: 36 bits physical, 48 bits virtual
power management:

processor	: 3
vendor_id	: GenuineIntel
cpu family	: 6
model		: 58
model name	: Intel(R) Core(TM) i5-3427U CPU @ 1.80GHz
stepping	: 9
microcode	: 0x17
cpu MHz		: 2599.988
cache size	: 3072 KB
physical id	: 0
siblings	: 4
core id		: 1
cpu cores	: 2
apicid		: 3
initial apicid	: 3
fdiv_bug	: no
f00f_bug	: no
coma_bug	: no
fpu		: yes
fpu_exception	: yes
cpuid level	: 13
wp		: yes
flags		: fpu vme de pse tsc msr pae mce cx8 apic sep mtrr pge mca cmov pat pse36 clflush dts acpi mmx fxsr sse sse2 ss ht tm pbe nx rdtscp lm constant_tsc arch_perfmon pebs bts xtopology nonstop_tsc aperfmperf eagerfpu pni pclmulqdq dtes64 monitor ds_cpl vmx smx est tm2 ssse3 cx16 xtpr pdcm pcid sse4_1 sse4_2 x2apic popcnt tsc_deadline_timer aes xsave avx f16c rdrand lahf_lm epb tpr_shadow vnmi flexpriority ept vpid fsgsbase smep erms xsaveopt dtherm ida arat pln pts
bugs		:
bogomips	: 4589.86
clflush size	: 64
cache_alignment	: 64
address sizes	: 36 bits physical, 48 bits virtual
power management:



Memory: 4k page, physical 8107456k(442288k free), swap 4007932k(0k free)

vm_info: OpenJDK Server VM (25.151-b12) for linux-x86 JRE (1.8.0_151-8u151-b12-0ubuntu0.16.04.2-b12), built on Oct 27 2017 22:05:04 by "buildd" with gcc 5.4.0 20160609

time: Fri Mar 23 14:42:02 2018
elapsed time: 1 seconds (0d 0h 0m 1s)

