#
# There is insufficient memory for the Java Runtime Environment to continue.
# Native memory allocation (mmap) failed to map 87818240 bytes for committing reserved memory.
# Possible reasons:
#   The system is out of physical RAM or swap space
#   In 32 bit mode, the process size limit was hit
# Possible solutions:
#   Reduce memory load on the system
#   Increase physical memory or swap space
#   Check if swap backing store is full
#   Use 64 bit Java on a 64 bit OS
#   Decrease Java heap size (-Xmx/-Xms)
#   Decrease number of Java threads
#   Decrease Java thread stack sizes (-Xss)
#   Set larger code cache with -XX:ReservedCodeCacheSize=
# This output file may be truncated or incomplete.
#
#  Out of Memory Error (os_linux.cpp:2643), pid=23390, tid=0x638e5b40
#
# JRE version: OpenJDK Runtime Environment (8.0_162-b12) (build 1.8.0_162-8u162-b12-0ubuntu0.16.04.2-b12)
# Java VM: OpenJDK Server VM (25.162-b12 mixed mode linux-x86 )
# Failed to write core dump. Core dumps have been disabled. To enable core dumping, try "ulimit -c unlimited" before starting Java again
#

---------------  T H R E A D  ---------------

Current thread (0x63780c00):  VMThread [stack: 0x63865000,0x638e6000] [id=23494]

Stack: [0x63865000,0x638e6000],  sp=0x638e4b40,  free space=510k
Native frames: (J=compiled Java code, j=interpreted, Vv=VM code, C=native code)
V  [libjvm.so+0x8da814]
V  [libjvm.so+0x3a9046]
V  [libjvm.so+0x744ce0]
V  [libjvm.so+0x73eb53]
V  [libjvm.so+0x7b0e1c]
V  [libjvm.so+0x7b1e5b]
V  [libjvm.so+0x7ae917]
V  [libjvm.so+0x7af163]
V  [libjvm.so+0x767f15]
V  [libjvm.so+0x8dc3d9]
V  [libjvm.so+0x8e1536]
V  [libjvm.so+0x8df620]
V  [libjvm.so+0x8dfd75]
V  [libjvm.so+0x8e037b]
V  [libjvm.so+0x741e15]
C  [libpthread.so.0+0x6295]  start_thread+0xe5

VM_Operation (0x5f37bf10): ParallelGCFailedAllocation, mode: safepoint, requested by thread 0x5d99f000


---------------  P R O C E S S  ---------------

Java Threads: ( => current thread )
  0x5d99f000 JavaThread "Md5RoCopyFile.main()" [_thread_blocked, id=23538, stack(0x5f32e000,0x5f37f000)]
  0x637a9c00 JavaThread "Service Thread" daemon [_thread_blocked, id=23513, stack(0x630db000,0x6312c000)]
  0x637a6c00 JavaThread "C1 CompilerThread2" daemon [_thread_blocked, id=23508, stack(0x6312c000,0x631ad000)]
  0x637a5800 JavaThread "C2 CompilerThread1" daemon [_thread_blocked, id=23507, stack(0x631ad000,0x6322e000)]
  0x637a3800 JavaThread "C2 CompilerThread0" daemon [_thread_blocked, id=23506, stack(0x6322e000,0x632af000)]
  0x637a2000 JavaThread "Signal Dispatcher" daemon [_thread_blocked, id=23505, stack(0x632af000,0x63300000)]
  0x63788000 JavaThread "Finalizer" daemon [_thread_blocked, id=23499, stack(0x63814000,0x63865000)]
  0x63785400 JavaThread "Reference Handler" daemon [_thread_blocked, id=23497, stack(0x6642e000,0x6647f000)]
  0xb6208400 JavaThread "main" [_thread_blocked, id=23480, stack(0xb63c0000,0xb6411000)]

Other Threads:
=>0x63780c00 VMThread [stack: 0x63865000,0x638e6000] [id=23494]
  0x637ab800 WatcherThread [stack: 0x6305a000,0x630db000] [id=23516]

VM state:at safepoint (normal execution)

VM Mutex/Monitor currently owned by a thread:  ([mutex/lock_event])
[0xb6205a48] Threads_lock - owner thread: 0x63780c00
[0xb6205e58] Heap_lock - owner thread: 0x5d99f000

Heap:
 PSYoungGen      total 139776K, used 9457K [0x918c0000, 0x9ac40000, 0xa6e00000)
  eden space 130304K, 0% used [0x918c0000,0x918c0000,0x99800000)
  from space 9472K, 99% used [0x99800000,0x9a13c610,0x9a140000)
  to   space 7680K, 0% used [0x9a140000,0x9a140000,0x9a8c0000)
 ParOldGen       total 43776K, used 17800K [0x66e00000, 0x698c0000, 0x918c0000)
  object space 43776K, 40% used [0x66e00000,0x67f62198,0x698c0000)
 Metaspace       used 15872K, capacity 16159K, committed 16280K, reserved 16688K

Card table byte_map: [0x66bff000,0x66e00000] byte_map_base: 0x668c8000

Marking Bits: (ParMarkBitMap*) 0xb713b8a0
 Begin Bits: [0x64300000, 0x65300000)
 End Bits:   [0x65300000, 0x66300000)

Polling page: 0xb7748000

CodeCache: size=245760Kb used=10424Kb max_used=10433Kb free=235335Kb
 bounds [0xa7200000, 0xa7c38000, 0xb6200000]
 total_blobs=3980 nmethods=3789 adapters=104
 compilation: enabled

Compilation events (10 events):
Event: 16.137 Thread 0x637a6c00 4211       1       org.glassfish.jersey.uri.internal.UriTemplateParser::getPattern (5 bytes)
Event: 16.137 Thread 0x637a3800 nmethod 4216 0xa771f908 code [0xa771fa00, 0xa771fbb0]
Event: 16.137 Thread 0x637a6c00 nmethod 4211 0xa771f708 code [0xa771f800, 0xa771f8a0]
Event: 16.137 Thread 0x637a6c00 4212       1       org.glassfish.jersey.uri.internal.UriTemplateParser::getNumberOfExplicitRegexes (5 bytes)
Event: 16.137 Thread 0x637a6c00 nmethod 4212 0xa771f508 code [0xa771f600, 0xa771f6a0]
Event: 16.137 Thread 0x637a6c00 4213       1       org.glassfish.jersey.uri.internal.UriTemplateParser::getNumberOfLiteralCharacters (5 bytes)
Event: 16.137 Thread 0x637a6c00 nmethod 4213 0xa771f288 code [0xa771f380, 0xa771f420]
Event: 16.137 Thread 0x637a6c00 4214       1       org.glassfish.jersey.uri.internal.UriTemplateParser::getNames (5 bytes)
Event: 16.137 Thread 0x637a6c00 nmethod 4214 0xa77227c8 code [0xa77228c0, 0xa7722960]
Event: 16.144 Thread 0x637a3800 4215       4       java.util.HashSet::iterator (13 bytes)

GC Heap History (10 events):
Event: 5.095 GC heap after
Heap after GC invocations=4 (full 0):
 PSYoungGen      total 35840K, used 2554K [0x918c0000, 0x93e40000, 0xa6e00000)
  eden space 33280K, 0% used [0x918c0000,0x918c0000,0x93940000)
  from space 2560K, 99% used [0x93bc0000,0x93e3e880,0x93e40000)
  to   space 2560K, 0% used [0x93940000,0x93940000,0x93bc0000)
 ParOldGen       total 43776K, used 4349K [0x66e00000, 0x698c0000, 0x918c0000)
  object space 43776K, 9% used [0x66e00000,0x6723f7b0,0x698c0000)
 Metaspace       used 8094K, capacity 8156K, committed 8216K, reserved 8496K
}
Event: 7.165 GC heap before
{Heap before GC invocations=5 (full 0):
 PSYoungGen      total 35840K, used 35834K [0x918c0000, 0x93e40000, 0xa6e00000)
  eden space 33280K, 100% used [0x918c0000,0x93940000,0x93940000)
  from space 2560K, 99% used [0x93bc0000,0x93e3e880,0x93e40000)
  to   space 2560K, 0% used [0x93940000,0x93940000,0x93bc0000)
 ParOldGen       total 43776K, used 4349K [0x66e00000, 0x698c0000, 0x918c0000)
  object space 43776K, 9% used [0x66e00000,0x6723f7b0,0x698c0000)
 Metaspace       used 9991K, capacity 10075K, committed 10136K, reserved 10544K
Event: 7.209 GC heap after
Heap after GC invocations=5 (full 0):
 PSYoungGen      total 35840K, used 2544K [0x918c0000, 0x964c0000, 0xa6e00000)
  eden space 33280K, 0% used [0x918c0000,0x918c0000,0x93940000)
  from space 2560K, 99% used [0x93940000,0x93bbc060,0x93bc0000)
  to   space 5632K, 0% used [0x95f40000,0x95f40000,0x964c0000)
 ParOldGen       total 43776K, used 6599K [0x66e00000, 0x698c0000, 0x918c0000)
  object space 43776K, 15% used [0x66e00000,0x67471c18,0x698c0000)
 Metaspace       used 9991K, capacity 10075K, committed 10136K, reserved 10544K
}
Event: 9.704 GC heap before
{Heap before GC invocations=6 (full 0):
 PSYoungGen      total 35840K, used 35809K [0x918c0000, 0x964c0000, 0xa6e00000)
  eden space 33280K, 99% used [0x918c0000,0x9393c5e0,0x93940000)
  from space 2560K, 99% used [0x93940000,0x93bbc060,0x93bc0000)
  to   space 5632K, 0% used [0x95f40000,0x95f40000,0x964c0000)
 ParOldGen       total 43776K, used 6599K [0x66e00000, 0x698c0000, 0x918c0000)
  object space 43776K, 15% used [0x66e00000,0x67471c18,0x698c0000)
 Metaspace       used 10809K, capacity 10924K, committed 11032K, reserved 11568K
Event: 9.739 GC heap after
Heap after GC invocations=6 (full 0):
 PSYoungGen      total 71680K, used 5249K [0x918c0000, 0x965c0000, 0xa6e00000)
  eden space 66048K, 0% used [0x918c0000,0x918c0000,0x95940000)
  from space 5632K, 93% used [0x95f40000,0x96460610,0x964c0000)
  to   space 6144K, 0% used [0x95940000,0x95940000,0x95f40000)
 ParOldGen       total 43776K, used 6603K [0x66e00000, 0x698c0000, 0x918c0000)
  object space 43776K, 15% used [0x66e00000,0x67472c18,0x698c0000)
 Metaspace       used 10809K, capacity 10924K, committed 11032K, reserved 11568K
}
Event: 11.629 GC heap before
{Heap before GC invocations=7 (full 0):
 PSYoungGen      total 71680K, used 71297K [0x918c0000, 0x965c0000, 0xa6e00000)
  eden space 66048K, 100% used [0x918c0000,0x95940000,0x95940000)
  from space 5632K, 93% used [0x95f40000,0x96460610,0x964c0000)
  to   space 6144K, 0% used [0x95940000,0x95940000,0x95f40000)
 ParOldGen       total 43776K, used 6603K [0x66e00000, 0x698c0000, 0x918c0000)
  object space 43776K, 15% used [0x66e00000,0x67472c18,0x698c0000)
 Metaspace       used 11110K, capacity 11197K, committed 11288K, reserved 11568K
Event: 11.647 GC heap after
Heap after GC invocations=7 (full 0):
 PSYoungGen      total 72192K, used 6128K [0x918c0000, 0x9a8c0000, 0xa6e00000)
  eden space 66048K, 0% used [0x918c0000,0x918c0000,0x95940000)
  from space 6144K, 99% used [0x95940000,0x95f3c020,0x95f40000)
  to   space 7680K, 0% used [0x9a140000,0x9a140000,0x9a8c0000)
 ParOldGen       total 43776K, used 7885K [0x66e00000, 0x698c0000, 0x918c0000)
  object space 43776K, 18% used [0x66e00000,0x675b3450,0x698c0000)
 Metaspace       used 11110K, capacity 11197K, committed 11288K, reserved 11568K
}
Event: 12.647 GC heap before
{Heap before GC invocations=8 (full 0):
 PSYoungGen      total 72192K, used 72176K [0x918c0000, 0x9a8c0000, 0xa6e00000)
  eden space 66048K, 100% used [0x918c0000,0x95940000,0x95940000)
  from space 6144K, 99% used [0x95940000,0x95f3c020,0x95f40000)
  to   space 7680K, 0% used [0x9a140000,0x9a140000,0x9a8c0000)
 ParOldGen       total 43776K, used 7885K [0x66e00000, 0x698c0000, 0x918c0000)
  object space 43776K, 18% used [0x66e00000,0x675b3450,0x698c0000)
 Metaspace       used 11457K, capacity 11626K, committed 11672K, reserved 12592K
Event: 12.669 GC heap after
Heap after GC invocations=8 (full 0):
 PSYoungGen      total 137984K, used 7680K [0x918c0000, 0x9ac40000, 0xa6e00000)
  eden space 130304K, 0% used [0x918c0000,0x918c0000,0x99800000)
  from space 7680K, 100% used [0x9a140000,0x9a8c0000,0x9a8c0000)
  to   space 9472K, 0% used [0x99800000,0x99800000,0x9a140000)
 ParOldGen       total 43776K, used 9697K [0x66e00000, 0x698c0000, 0x918c0000)
  object space 43776K, 22% used [0x66e00000,0x67778550,0x698c0000)
 Metaspace       used 11457K, capacity 11626K, committed 11672K, reserved 12592K
}
Event: 16.173 GC heap before
{Heap before GC invocations=9 (full 0):
 PSYoungGen      total 137984K, used 137984K [0x918c0000, 0x9ac40000, 0xa6e00000)
  eden space 130304K, 100% used [0x918c0000,0x99800000,0x99800000)
  from space 7680K, 100% used [0x9a140000,0x9a8c0000,0x9a8c0000)
  to   space 9472K, 0% used [0x99800000,0x99800000,0x9a140000)
 ParOldGen       total 43776K, used 9697K [0x66e00000, 0x698c0000, 0x918c0000)
  object space 43776K, 22% used [0x66e00000,0x67778550,0x698c0000)
 Metaspace       used 15872K, capacity 16159K, committed 16280K, reserved 16688K

Deoptimization events (10 events):
Event: 14.752 Thread 0x5d99f000 Uncommon trap: reason=class_check action=maybe_recompile pc=0xa76efce4 method=java.lang.reflect.Method.equals(Ljava/lang/Object;)Z @ 5
Event: 14.752 Thread 0x5d99f000 Uncommon trap: reason=class_check action=maybe_recompile pc=0xa76efce4 method=java.lang.reflect.Method.equals(Ljava/lang/Object;)Z @ 5
Event: 14.976 Thread 0x5d99f000 Uncommon trap: reason=class_check action=maybe_recompile pc=0xa76efce4 method=java.lang.reflect.Method.equals(Ljava/lang/Object;)Z @ 5
Event: 15.080 Thread 0x5d99f000 Uncommon trap: reason=unstable_if action=reinterpret pc=0xa742004c method=sun.net.www.ParseUtil.encodePath(Ljava/lang/String;Z)Ljava/lang/String; @ 109
Event: 15.451 Thread 0x5d99f000 Uncommon trap: reason=class_check action=maybe_recompile pc=0xa76efce4 method=java.lang.reflect.Method.equals(Ljava/lang/Object;)Z @ 5
Event: 15.770 Thread 0x5d99f000 Uncommon trap: reason=unstable_if action=reinterpret pc=0xa7aff7a4 method=java.util.concurrent.ConcurrentHashMap.get(Ljava/lang/Object;)Ljava/lang/Object; @ 76
Event: 15.772 Thread 0x5d99f000 Uncommon trap: reason=class_check action=maybe_recompile pc=0xa77050ec method=java.util.concurrent.ConcurrentHashMap.putVal(Ljava/lang/Object;Ljava/lang/Object;Z)Ljava/lang/Object; @ 192
Event: 15.810 Thread 0x5d99f000 Uncommon trap: reason=class_check action=maybe_recompile pc=0xa77050ec method=java.util.concurrent.ConcurrentHashMap.putVal(Ljava/lang/Object;Ljava/lang/Object;Z)Ljava/lang/Object; @ 192
Event: 15.815 Thread 0x5d99f000 Uncommon trap: reason=class_check action=maybe_recompile pc=0xa77050ec method=java.util.concurrent.ConcurrentHashMap.putVal(Ljava/lang/Object;Ljava/lang/Object;Z)Ljava/lang/Object; @ 192
Event: 15.820 Thread 0x5d99f000 Uncommon trap: reason=class_check action=maybe_recompile pc=0xa77050ec method=java.util.concurrent.ConcurrentHashMap.putVal(Ljava/lang/Object;Ljava/lang/Object;Z)Ljava/lang/Object; @ 192

Classes redefined (0 events):
No events

Internal exceptions (10 events):
Event: 14.340 Thread 0x5d99f000 Exception <a 'java/security/PrivilegedActionException'> (0x95f93970) thrown at [/build/openjdk-8-2Hm3Za/openjdk-8-8u162-b12/src/hotspot/src/share/vm/prims/jvm.cpp, line 1390]
Event: 14.340 Thread 0x5d99f000 Exception <a 'java/security/PrivilegedActionException'> (0x95f93d50) thrown at [/build/openjdk-8-2Hm3Za/openjdk-8-8u162-b12/src/hotspot/src/share/vm/prims/jvm.cpp, line 1390]
Event: 14.340 Thread 0x5d99f000 Exception <a 'java/security/PrivilegedActionException'> (0x95f94f18) thrown at [/build/openjdk-8-2Hm3Za/openjdk-8-8u162-b12/src/hotspot/src/share/vm/prims/jvm.cpp, line 1390]
Event: 14.340 Thread 0x5d99f000 Exception <a 'java/security/PrivilegedActionException'> (0x95f952f8) thrown at [/build/openjdk-8-2Hm3Za/openjdk-8-8u162-b12/src/hotspot/src/share/vm/prims/jvm.cpp, line 1390]
Event: 14.340 Thread 0x5d99f000 Exception <a 'java/security/PrivilegedActionException'> (0x95f96490) thrown at [/build/openjdk-8-2Hm3Za/openjdk-8-8u162-b12/src/hotspot/src/share/vm/prims/jvm.cpp, line 1390]
Event: 14.340 Thread 0x5d99f000 Exception <a 'java/security/PrivilegedActionException'> (0x95f96870) thrown at [/build/openjdk-8-2Hm3Za/openjdk-8-8u162-b12/src/hotspot/src/share/vm/prims/jvm.cpp, line 1390]
Event: 14.341 Thread 0x5d99f000 Exception <a 'java/security/PrivilegedActionException'> (0x95f97a38) thrown at [/build/openjdk-8-2Hm3Za/openjdk-8-8u162-b12/src/hotspot/src/share/vm/prims/jvm.cpp, line 1390]
Event: 14.341 Thread 0x5d99f000 Exception <a 'java/security/PrivilegedActionException'> (0x95f97e18) thrown at [/build/openjdk-8-2Hm3Za/openjdk-8-8u162-b12/src/hotspot/src/share/vm/prims/jvm.cpp, line 1390]
Event: 14.341 Thread 0x5d99f000 Exception <a 'java/security/PrivilegedActionException'> (0x95f98e80) thrown at [/build/openjdk-8-2Hm3Za/openjdk-8-8u162-b12/src/hotspot/src/share/vm/prims/jvm.cpp, line 1390]
Event: 14.341 Thread 0x5d99f000 Exception <a 'java/security/PrivilegedActionException'> (0x95f99260) thrown at [/build/openjdk-8-2Hm3Za/openjdk-8-8u162-b12/src/hotspot/src/share/vm/prims/jvm.cpp, line 1390]

Events (10 events):
Event: 16.155 loading class org/glassfish/jersey/message/ReaderModel done
Event: 16.155 loading class org/glassfish/jersey/message/internal/TracingLogger$Event
Event: 16.155 loading class org/glassfish/jersey/message/internal/TracingLogger$Event done
Event: 16.157 loading class org/glassfish/jersey/message/WriterModel
Event: 16.157 loading class org/glassfish/jersey/message/WriterModel done
Event: 16.159 loading class org/glassfish/jersey/internal/util/collection/KeyComparator
Event: 16.159 loading class org/glassfish/jersey/internal/util/collection/KeyComparator done
Event: 16.166 loading class org/glassfish/jersey/message/internal/MessageBodyFactory$1
Event: 16.166 loading class org/glassfish/jersey/message/internal/MessageBodyFactory$1 done
Event: 16.172 Executing VM operation: ParallelGCFailedAllocation


Dynamic libraries:
08048000-08049000 r-xp 00000000 08:01 1693449    /usr/lib/jvm/java-8-openjdk-i386/jre/bin/java
08049000-0804a000 r--p 00000000 08:01 1693449    /usr/lib/jvm/java-8-openjdk-i386/jre/bin/java
0804a000-0804b000 rw-p 00001000 08:01 1693449    /usr/lib/jvm/java-8-openjdk-i386/jre/bin/java
0875b000-087f9000 rw-p 00000000 00:00 0          [heap]
5bec1000-5bf61000 rw-p 00000000 00:00 0 
5bf61000-5bfc1000 ---p 00000000 00:00 0 
5c300000-5c321000 rw-p 00000000 00:00 0 
5c321000-5c400000 ---p 00000000 00:00 0 
5c500000-5c600000 rw-p 00000000 00:00 0 
5c600000-5c700000 rw-p 00000000 00:00 0 
5c700000-5c7fb000 rw-p 00000000 00:00 0 
5c7fb000-5c800000 ---p 00000000 00:00 0 
5c800000-5c8fb000 rw-p 00000000 00:00 0 
5c8fb000-5c900000 ---p 00000000 00:00 0 
5c900000-5c9ff000 rw-p 00000000 00:00 0 
5c9ff000-5ca00000 ---p 00000000 00:00 0 
5ca00000-5caff000 rw-p 00000000 00:00 0 
5caff000-5cb00000 ---p 00000000 00:00 0 
5cb00000-5cbfd000 rw-p 00000000 00:00 0 
5cbfd000-5cc00000 ---p 00000000 00:00 0 
5cc00000-5ccff000 rw-p 00000000 00:00 0 
5ccff000-5cd00000 ---p 00000000 00:00 0 
5cd00000-5cdf9000 rw-p 00000000 00:00 0 
5cdf9000-5ce00000 ---p 00000000 00:00 0 
5ce00000-5cefd000 rw-p 00000000 00:00 0 
5cefd000-5cf00000 ---p 00000000 00:00 0 
5cf6d000-5cfdf000 r--s 0065a000 08:01 2733069    /home/sarnobat/.m2/repository/org/scala-lang/scala-library/2.10.4/scala-library-2.10.4.jar
5cfdf000-5cfe4000 r--s 0003e000 08:01 2700177    /home/sarnobat/.m2/repository/com/amazonaws/aws-java-sdk-cognitoidentity/1.11.56/aws-java-sdk-cognitoidentity-1.11.56.jar
5cfe4000-5cfe8000 r--s 00029000 08:01 2700174    /home/sarnobat/.m2/repository/com/amazonaws/aws-java-sdk-events/1.11.56/aws-java-sdk-events-1.11.56.jar
5cfe8000-5cfef000 r--s 00053000 08:01 2700172    /home/sarnobat/.m2/repository/com/amazonaws/aws-java-sdk-logs/1.11.56/aws-java-sdk-logs-1.11.56.jar
5cfef000-5cff4000 r--s 00033000 08:01 2700171    /home/sarnobat/.m2/repository/com/amazonaws/aws-java-sdk-cloudwatch/1.11.56/aws-java-sdk-cloudwatch-1.11.56.jar
5cff4000-5cff9000 r--s 00036000 08:01 2700168    /home/sarnobat/.m2/repository/com/amazonaws/aws-java-sdk-cloudtrail/1.11.56/aws-java-sdk-cloudtrail-1.11.56.jar
5cff9000-5d000000 r--s 00051000 08:01 2700165    /home/sarnobat/.m2/repository/com/amazonaws/aws-java-sdk-sns/1.11.56/aws-java-sdk-sns-1.11.56.jar
5d000000-5d0d6000 rw-p 00000000 00:00 0 
5d0d6000-5d100000 ---p 00000000 00:00 0 
5d100000-5d1f9000 rw-p 00000000 00:00 0 
5d1f9000-5d200000 ---p 00000000 00:00 0 
5d200000-5d2f2000 rw-p 00000000 00:00 0 
5d2f2000-5d300000 ---p 00000000 00:00 0 
5d302000-5d31a000 r--s 0013d000 08:01 2700162    /home/sarnobat/.m2/repository/com/amazonaws/aws-java-sdk-dynamodb/1.11.56/aws-java-sdk-dynamodb-1.11.56.jar
5d31a000-5d34c000 r--s 00356000 08:01 2700161    /home/sarnobat/.m2/repository/com/amazonaws/aws-java-sdk-ec2/1.11.56/aws-java-sdk-ec2-1.11.56.jar
5d34c000-5d353000 r--s 0007e000 08:01 2700158    /home/sarnobat/.m2/repository/com/amazonaws/aws-java-sdk-elastictranscoder/1.11.56/aws-java-sdk-elastictranscoder-1.11.56.jar
5d353000-5d35f000 r--s 000a9000 08:01 2700156    /home/sarnobat/.m2/repository/com/amazonaws/aws-java-sdk-elasticache/1.11.56/aws-java-sdk-elasticache-1.11.56.jar
5d35f000-5d36b000 r--s 0009b000 08:01 2700155    /home/sarnobat/.m2/repository/com/amazonaws/aws-java-sdk-emr/1.11.56/aws-java-sdk-emr-1.11.56.jar
5d36b000-5d375000 r--s 0006c000 08:01 2700154    /home/sarnobat/.m2/repository/com/amazonaws/aws-java-sdk-elasticloadbalancingv2/1.11.56/aws-java-sdk-elasticloadbalancingv2-1.11.56.jar
5d375000-5d37f000 r--s 00067000 08:01 2700150    /home/sarnobat/.m2/repository/com/amazonaws/aws-java-sdk-elasticloadbalancing/1.11.56/aws-java-sdk-elasticloadbalancing-1.11.56.jar
5d37f000-5d385000 r--s 00049000 08:01 2700147    /home/sarnobat/.m2/repository/com/amazonaws/aws-java-sdk-datapipeline/1.11.56/aws-java-sdk-datapipeline-1.11.56.jar
5d385000-5d39d000 r--s 0013b000 08:01 2700148    /home/sarnobat/.m2/repository/com/amazonaws/aws-java-sdk-iam/1.11.56/aws-java-sdk-iam-1.11.56.jar
5d39d000-5d3a5000 r--s 0006b000 08:01 2700142    /home/sarnobat/.m2/repository/com/amazonaws/aws-java-sdk-glacier/1.11.56/aws-java-sdk-glacier-1.11.56.jar
5d3a5000-5d3b0000 r--s 000a0000 08:01 2700141    /home/sarnobat/.m2/repository/com/amazonaws/aws-java-sdk-elasticbeanstalk/1.11.56/aws-java-sdk-elasticbeanstalk-1.11.56.jar
5d3d8000-5d3da000 r--s 0000c000 08:01 2733077    /home/sarnobat/.m2/repository/org/apache/commons/commons-exec/1.3/commons-exec-1.3.jar
5d3da000-5d3de000 r--s 0002f000 08:01 2709306    /home/sarnobat/.m2/repository/com/fasterxml/jackson/core/jackson-core/2.1.3/jackson-core-2.1.3.jar
5d3de000-5d3df000 r--s 00001000 08:01 2733072    /home/sarnobat/.m2/repository/com/google/http-client/google-http-client-jackson2/1.19.0/google-http-client-jackson2-1.19.0.jar
5d3df000-5d3e3000 r--s 00032000 08:01 2733067    /home/sarnobat/.m2/repository/com/typesafe/config/1.2.1/config-1.2.1.jar
5d3e3000-5d409000 r--s 00257000 08:01 2733064    /home/sarnobat/.m2/repository/com/typesafe/akka/akka-actor_2.10/2.3.10/akka-actor_2.10-2.3.10.jar
5d409000-5d40b000 r--s 00003000 08:01 2733066    /home/sarnobat/.m2/repository/org/kevoree/tools/org.kevoree.tools.annotation.api/2.0.5/org.kevoree.tools.annotation.api-2.0.5.jar
5d40b000-5d412000 r--s 00028000 08:01 2733063    /home/sarnobat/.m2/repository/org/jetbrains/kotlin/kotlin-runtime/0.5.998/kotlin-runtime-0.5.998.jar
5d412000-5d417000 r--s 0004b000 08:01 2733061    /home/sarnobat/.m2/repository/org/jetbrains/kotlin/kotlin-stdlib/0.5.998/kotlin-stdlib-0.5.998.jar
5d417000-5d418000 r--s 00001000 08:01 2733055    /home/sarnobat/.m2/repository/org/kevoree/org.kevoree.log/2.0.5/org.kevoree.log-2.0.5.jar
5d418000-5d41a000 r--s 00007000 08:01 2733058    /home/sarnobat/.m2/repository/org/kevoree/org.kevoree.kcl/2.0.5/org.kevoree.kcl-2.0.5.jar
5d41a000-5d41c000 r--s 0000c000 08:01 2733056    /home/sarnobat/.m2/repository/org/kevoree/org.kevoree.adaptation.model/2.0.5/org.kevoree.adaptation.model-2.0.5.jar
5d41c000-5d41f000 r--s 00020000 08:01 2733054    /home/sarnobat/.m2/repository/org/kevoree/org.kevoree.model.context/2.0.5/org.kevoree.model.context-2.0.5.jar
5d41f000-5d421000 r--s 00008000 08:01 2733053    /home/sarnobat/.m2/repository/fr/inria/jfilter/jfilter-library/1.3/jfilter-library-1.3.jar
5d421000-5d423000 r--s 00007000 08:01 2733048    /home/sarnobat/.m2/repository/org/kevoree/modeling/org.kevoree.modeling.microframework/1.4.4/org.kevoree.modeling.microframework-1.4.4.jar
5d423000-5d428000 r--s 000a1000 08:01 2733044    /home/sarnobat/.m2/repository/org/kevoree/org.kevoree.model/2.0.5/org.kevoree.model-2.0.5.jar
5d428000-5d42a000 r--s 00002000 08:01 2733042    /home/sarnobat/.m2/repository/org/kevoree/org.kevoree.api/2.0.5/org.kevoree.api-2.0.5.jar
5d42a000-5d42c000 r--s 0000a000 08:01 2733046    /home/sarnobat/.m2/repository/org/kevoree/org.kevoree.framework/2.0.5/org.kevoree.framework-2.0.5.jar
5d42c000-5d42e000 r--s 0000c000 08:01 2733043    /home/sarnobat/.m2/repository/org/kevoree/tools/org.kevoree.tools.javase.framework/2.0.5/org.kevoree.tools.javase.framework-2.0.5.jar
5d42e000-5d42f000 r--s 00002000 08:01 2733037    /home/sarnobat/.m2/repository/org/slf4j/slf4j-simple/1.7.5/slf4j-simple-1.7.5.jar
5d42f000-5d430000 r--s 00009000 08:01 2733040    /home/sarnobat/.m2/repository/org/kevoree/corelibrary/javase/org.kevoree.library.javase.nanohttp/2.0.2/org.kevoree.library.javase.nanohttp-2.0.2.jar
5d430000-5d435000 r--s 0002a000 08:01 2733032    /home/sarnobat/.m2/repository/com/google/code/gson/gson/2.2.4/gson-2.2.4.jar
5d435000-5d436000 r--s 00002000 08:01 2733033    /home/sarnobat/.m2/repository/com/github/axet/threads/0.0.2/threads-0.0.2.jar
5d436000-5d438000 r--s 00005000 08:01 2701036    /home/sarnobat/.m2/repository/xpp3/xpp3_min/1.1.4c/xpp3_min-1.1.4c.jar
5d438000-5d444000 r--s 0006a000 08:01 2733504    /home/sarnobat/.m2/repository/com/thoughtworks/xstream/xstream/1.4.2/xstream-1.4.2.jar
5d444000-5d446000 r--s 00009000 08:01 2733031    /home/sarnobat/.m2/repository/com/github/axet/wget/1.2.11/wget-1.2.11.jar
5d446000-5d457000 r--s 000c6000 08:01 2733016    /home/sarnobat/.m2/repository/org/glassfish/grizzly/grizzly-framework/2.3.16/grizzly-framework-2.3.16.jar
5d457000-5d45c000 r--s 0004c000 08:01 2733015    /home/sarnobat/.m2/repository/org/glassfish/grizzly/grizzly-http/2.3.16/grizzly-http-2.3.16.jar
5d45c000-5d462000 r--s 0003f000 08:01 2733013    /home/sarnobat/.m2/repository/org/glassfish/grizzly/grizzly-http-server/2.3.16/grizzly-http-server-2.3.16.jar
5d462000-5d468000 r--s 00042000 08:01 2733012    /home/sarnobat/.m2/repository/org/jsoup/jsoup/1.7.2/jsoup-1.7.2.jar
5d468000-5d48a000 r--s 0015f000 08:01 2733018    /home/sarnobat/.m2/repository/com/ui4j/ui4j-all/2.0.0/ui4j-all-2.0.0.jar
5d48a000-5d4c8000 r--s 0025e000 08:01 2732970    /home/sarnobat/.m2/repository/org/bouncycastle/bcprov-jdk15on/1.50/bcprov-jdk15on-1.50.jar
5d4c8000-5d500000 r--s 00447000 08:01 2732933    /home/sarnobat/.m2/repository/org/apache/openjpa/openjpa/2.4.0/openjpa-2.4.0.jar
5d500000-5d5fe000 rw-p 00000000 00:00 0 
5d5fe000-5d600000 ---p 00000000 00:00 0 
5d600000-5d700000 rw-p 00000000 00:00 0 
5d700000-5d800000 rw-p 00000000 00:00 0 
5d800000-5d8ff000 rw-p 00000000 00:00 0 
5d8ff000-5d900000 ---p 00000000 00:00 0 
5d900000-5da00000 rw-p 00000000 00:00 0 
5da00000-5da01000 r--s 00001000 08:01 2701035    /home/sarnobat/.m2/repository/xmlpull/xmlpull/1.1.3.1/xmlpull-1.1.3.1.jar
5da01000-5da12000 r--s 000f3000 08:01 2700143    /home/sarnobat/.m2/repository/com/amazonaws/aws-java-sdk-redshift/1.11.56/aws-java-sdk-redshift-1.11.56.jar
5da12000-5da26000 r--s 00159000 08:01 2700144    /home/sarnobat/.m2/repository/com/amazonaws/aws-java-sdk-rds/1.11.56/aws-java-sdk-rds-1.11.56.jar
5da26000-5da2d000 r--s 0004f000 08:01 2700136    /home/sarnobat/.m2/repository/com/amazonaws/aws-java-sdk-sqs/1.11.56/aws-java-sdk-sqs-1.11.56.jar
5da2d000-5da40000 r--s 00113000 08:01 2700129    /home/sarnobat/.m2/repository/com/amazonaws/aws-java-sdk-route53/1.11.56/aws-java-sdk-route53-1.11.56.jar
5da40000-5db40000 rw-p 00000000 00:00 0 
5db40000-5db42000 r--s 00008000 08:01 2733035    /home/sarnobat/.m2/repository/com/github/axet/vget/1.1.10/vget-1.1.10.jar
5db42000-5db43000 r--s 00004000 08:01 2733020    /home/sarnobat/.m2/repository/javax/json/javax.json-api/1.0/javax.json-api-1.0.jar
5db43000-5db45000 r--s 00005000 08:01 2733011    /home/sarnobat/.m2/repository/org/glassfish/jersey/containers/jersey-container-grizzly2-http/2.13/jersey-container-grizzly2-http-2.13.jar
5db45000-5db49000 r--s 0003c000 08:01 2701080    /home/sarnobat/.m2/repository/commons-lang/commons-lang/2.4/commons-lang-2.4.jar
5db49000-5db4d000 r--s 00029000 08:01 2714578    /home/sarnobat/.m2/repository/org/glassfish/jersey/core/jersey-client/2.26/jersey-client-2.26.jar
5db4d000-5db52000 r--s 00046000 08:01 2732990    /home/sarnobat/.m2/repository/org/apache/commons/commons-lang3/3.0/commons-lang3-3.0.jar
5db52000-5db54000 r--s 0000a000 08:01 2732988    /home/sarnobat/.m2/repository/javax/ws/rs/jsr311-api/1.1.1/jsr311-api-1.1.1.jar
5db54000-5db58000 r--s 0002f000 08:01 2772051    /home/sarnobat/.m2/repository/commons-io/commons-io/2.5/commons-io-2.5.jar
5db58000-5db5e000 r--s 00045000 08:01 2717567    /home/sarnobat/.m2/repository/commons-httpclient/commons-httpclient/3.1/commons-httpclient-3.1.jar
5db5e000-5db65000 r--s 00064000 08:01 2732986    /home/sarnobat/.m2/repository/javax/mail/mail/1.4.2/mail-1.4.2.jar
5db65000-5db68000 r--s 00023000 08:01 2732985    /home/sarnobat/.m2/repository/jdom/jdom/1.0/jdom-1.0.jar
5db68000-5db6c000 r--s 00032000 08:01 2732981    /home/sarnobat/.m2/repository/net/java/dev/rome/rome/1.0.0/rome-1.0.0.jar
5db6c000-5db6e000 r--s 0000c000 08:01 2494041    /home/sarnobat/.m2/repository/commons-cli/commons-cli/1.4/commons-cli-1.4.jar
5db6e000-5db73000 r--s 00025000 08:01 2739591    /home/sarnobat/.m2/repository/org/seleniumhq/selenium/selenium-support/2.53.0/selenium-support-2.53.0.jar
5db73000-5db75000 r--s 0000e000 08:01 2534898    /home/sarnobat/.m2/repository/commons-logging/commons-logging/1.1.3/commons-logging-1.1.3.jar
5db75000-5db80000 r--s 00085000 08:01 2717464    /home/sarnobat/.m2/repository/org/apache/httpcomponents/httpclient/4.3.3/httpclient-4.3.3.jar
5db80000-5db8b000 r--s 000d5000 08:01 2717463    /home/sarnobat/.m2/repository/net/java/dev/jna/platform/3.4.0/platform-3.4.0.jar
5db8b000-5db8f000 r--s 000f3000 08:01 2717457    /home/sarnobat/.m2/repository/net/java/dev/jna/jna/3.4.0/jna-3.4.0.jar
5db8f000-5dbba000 r--s 001fc000 08:01 2714577    /home/sarnobat/.m2/repository/com/google/guava/guava/18.0/guava-18.0.jar
5dbba000-5dbbf000 r--s 0001d000 08:01 2717456    /home/sarnobat/.m2/repository/org/seleniumhq/selenium/selenium-api/2.45.0/selenium-api-2.45.0.jar
5dbbf000-5dbc6000 r--s 00049000 08:01 2717455    /home/sarnobat/.m2/repository/cglib/cglib-nodep/2.1_3/cglib-nodep-2.1_3.jar
5dbc6000-5dbcc000 r--s 00033000 08:01 2717452    /home/sarnobat/.m2/repository/org/seleniumhq/selenium/selenium-remote-driver/2.45.0/selenium-remote-driver-2.45.0.jar
5dbcc000-5dbcd000 r--s 00002000 08:01 2717450    /home/sarnobat/.m2/repository/org/seleniumhq/selenium/selenium-chrome-driver/2.45.0/selenium-chrome-driver-2.45.0.jar
5dbcd000-5dbd1000 r--s 00034000 08:01 2717447    /home/sarnobat/.m2/repository/com/jcraft/jsch/0.1.48/jsch-0.1.48.jar
5dbd1000-5dbd2000 r--s 00002000 08:01 2717449    /home/sarnobat/.m2/repository/no/uis/nio/nio-fs-sftp/1.1.0/nio-fs-sftp-1.1.0.jar
5dbd2000-5dbd9000 r--s 00048000 08:01 2717444    /home/sarnobat/.m2/repository/org/apache/httpcomponents/httpcore/4.4.1/httpcore-4.4.1.jar
5dbd9000-5dbe0000 r--s 00050000 08:01 2717443    /home/sarnobat/.m2/repository/org/apache/httpcomponents/httpcore-nio/4.4.1/httpcore-nio-4.4.1.jar
5dbe0000-5dbe4000 r--s 0000c000 08:01 2717440    /home/sarnobat/.m2/repository/javax/validation/validation-api/1.1.0.Final/validation-api-1.1.0.Final.jar
5dbe4000-5dbee000 r--s 000ae000 08:01 2733500    /home/sarnobat/.m2/repository/org/javassist/javassist/3.20.0-GA/javassist-3.20.0-GA.jar
5dbee000-5dbf1000 r--s 0002b000 08:01 2714574    /home/sarnobat/.m2/repository/org/glassfish/hk2/hk2-locator/2.5.0-b30/hk2-locator-2.5.0-b30.jar
5dbf1000-5dbf3000 r--s 00002000 08:01 2733498    /home/sarnobat/.m2/repository/org/glassfish/hk2/external/aopalliance-repackaged/2.5.0-b30/aopalliance-repackaged-2.5.0-b30.jar
5dbf3000-5dbf6000 r--s 0001e000 08:01 2714572    /home/sarnobat/.m2/repository/org/glassfish/hk2/hk2-utils/2.5.0-b30/hk2-utils-2.5.0-b30.jar
5dbf6000-5dbfc000 r--s 00028000 08:01 2707556    /home/sarnobat/.m2/repository/org/glassfish/hk2/hk2-api/2.5.0-b30/hk2-api-2.5.0-b30.jar
5dbfc000-5dbfe000 r--s 00005000 08:01 2709293    /home/sarnobat/.m2/repository/javax/annotation/javax.annotation-api/1.2/javax.annotation-api-1.2.jar
5dbfe000-5dc00000 r--s 00010000 08:01 2707554    /home/sarnobat/.m2/repository/org/glassfish/jersey/media/jersey-media-jaxb/2.25/jersey-media-jaxb-2.25.jar
5dc00000-5dcfe000 rw-p 00000000 00:00 0 
5dcfe000-5dd00000 ---p 00000000 00:00 0 
5dd00000-5dd15000 r--s 000d1000 08:01 2707553    /home/sarnobat/.m2/repository/org/glassfish/jersey/core/jersey-server/2.25/jersey-server-2.25.jar
5dd15000-5dd1c000 r--s 0005b000 08:01 2709287    /home/sarnobat/.m2/repository/org/mongodb/mongo-java-driver/2.10.1/mongo-java-driver-2.10.1.jar
5dd1c000-5dd1d000 r--s 00003000 08:01 2772145    /home/sarnobat/.m2/repository/org/eclipse/jetty/jetty-continuation/9.2.14.v20151106/jetty-continuation-9.2.14.v20151106.jar
5dd1d000-5dd23000 r--s 00053000 08:01 2707550    /home/sarnobat/.m2/repository/org/eclipse/jetty/jetty-util/9.2.14.v20151106/jetty-util-9.2.14.v20151106.jar
5dd23000-5dd26000 r--s 00018000 08:01 2707549    /home/sarnobat/.m2/repository/org/eclipse/jetty/jetty-io/9.2.14.v20151106/jetty-io-9.2.14.v20151106.jar
5dd26000-5dd28000 r--s 00018000 08:01 2707546    /home/sarnobat/.m2/repository/org/eclipse/jetty/jetty-http/9.2.14.v20151106/jetty-http-9.2.14.v20151106.jar
5dd28000-5dd2b000 r--s 00015000 08:01 2714570    /home/sarnobat/.m2/repository/javax/servlet/javax.servlet-api/3.1.0/javax.servlet-api-3.1.0.jar
5dd2b000-5dd31000 r--s 00061000 08:01 2772143    /home/sarnobat/.m2/repository/org/eclipse/jetty/jetty-server/9.2.14.v20151106/jetty-server-9.2.14.v20151106.jar
5dd31000-5dd32000 r--s 00001000 08:01 2714568    /home/sarnobat/.m2/repository/org/glassfish/hk2/external/javax.inject/2.5.0-b30/javax.inject-2.5.0-b30.jar
5dd32000-5dd34000 r--s 00005000 08:01 2733496    /home/sarnobat/.m2/repository/org/glassfish/jersey/containers/jersey-container-jetty-http/2.25/jersey-container-jetty-http-2.25.jar
5dd34000-5dd38000 r--s 00019000 08:01 2733494    /home/sarnobat/.m2/repository/javax/ws/rs/javax.ws.rs-api/2.0.1/javax.ws.rs-api-2.0.1.jar
5dd38000-5dd39000 r--s 00004000 08:01 2717429    /home/sarnobat/.m2/repository/org/glassfish/hk2/osgi-resource-locator/1.0.1/osgi-resource-locator-1.0.1.jar
5dd39000-5dd51000 r--s 000d6000 08:01 2733492    /home/sarnobat/.m2/repository/org/glassfish/jersey/bundles/repackaged/jersey-guava/2.25/jersey-guava-2.25.jar
5dd51000-5dd5f000 r--s 000a1000 08:01 2707544    /home/sarnobat/.m2/repository/org/glassfish/jersey/core/jersey-common/2.25/jersey-common-2.25.jar
5dd5f000-5dd61000 r--s 00004000 08:01 2733490    /home/sarnobat/.m2/repository/org/glassfish/jersey/containers/jersey-container-jdk-http/2.25/jersey-container-jdk-http-2.25.jar
5dd61000-5dd6e000 r--s 00075000 08:01 2701020    /home/sarnobat/.m2/repository/com/amazonaws/aws-java-sdk-swf-libraries/1.11.22/aws-java-sdk-swf-libraries-1.11.22.jar
5dd6e000-5dd72000 r--s 008be000 08:01 2701019    /home/sarnobat/.m2/repository/com/amazonaws/aws-java-sdk-models/1.11.56/aws-java-sdk-models-1.11.56.jar
5dd72000-5dd82000 r--s 00088000 08:01 2701017    /home/sarnobat/.m2/repository/joda-time/joda-time/2.8.1/joda-time-2.8.1.jar
5dd82000-5dd83000 r--s 0000b000 08:01 2701015    /home/sarnobat/.m2/repository/com/fasterxml/jackson/dataformat/jackson-dataformat-cbor/2.6.6/jackson-dataformat-cbor-2.6.6.jar
5dd83000-5dd86000 r--s 00009000 08:01 2701012    /home/sarnobat/.m2/repository/com/fasterxml/jackson/core/jackson-annotations/2.6.0/jackson-annotations-2.6.0.jar
5dd86000-5dd97000 r--s 0010d000 08:01 2701011    /home/sarnobat/.m2/repository/com/fasterxml/jackson/core/jackson-databind/2.6.6/jackson-databind-2.6.6.jar
5dd97000-5dda0000 r--s 00081000 08:01 2701010    /home/sarnobat/.m2/repository/software/amazon/ion/ion-java/1.0.1/ion-java-1.0.1.jar
5dda0000-5ddb2000 r--s 000a4000 08:01 2701007    /home/sarnobat/.m2/repository/com/amazonaws/aws-java-sdk-core/1.11.56/aws-java-sdk-core-1.11.56.jar
5ddb2000-5ddb6000 r--s 00030000 08:01 2701004    /home/sarnobat/.m2/repository/com/amazonaws/aws-java-sdk-snowball/1.11.56/aws-java-sdk-snowball-1.11.56.jar
5ddb6000-5ddba000 r--s 00028000 08:01 2701003    /home/sarnobat/.m2/repository/com/amazonaws/aws-java-sdk-applicationautoscaling/1.11.56/aws-java-sdk-applicationautoscaling-1.11.56.jar
5ddba000-5ddbe000 r--s 0002b000 08:01 2701001    /home/sarnobat/.m2/repository/com/amazonaws/aws-java-sdk-discovery/1.11.56/aws-java-sdk-discovery-1.11.56.jar
5ddbe000-5ddcb000 r--s 000b5000 08:01 2700248    /home/sarnobat/.m2/repository/com/amazonaws/aws-java-sdk-cognitoidp/1.11.56/aws-java-sdk-cognitoidp-1.11.56.jar
5ddcb000-5ddcd000 r--s 00007000 08:01 2700247    /home/sarnobat/.m2/repository/com/amazonaws/aws-java-sdk-marketplacemeteringservice/1.11.56/aws-java-sdk-marketplacemeteringservice-1.11.56.jar
5ddcd000-5ddd7000 r--s 00078000 08:01 2700245    /home/sarnobat/.m2/repository/com/amazonaws/aws-java-sdk-dms/1.11.56/aws-java-sdk-dms-1.11.56.jar
5ddd7000-5dde1000 r--s 00094000 08:01 2700246    /home/sarnobat/.m2/repository/com/amazonaws/aws-java-sdk-gamelift/1.11.56/aws-java-sdk-gamelift-1.11.56.jar
5dde1000-5dde6000 r--s 00027000 08:01 2700241    /home/sarnobat/.m2/repository/com/amazonaws/aws-java-sdk-acm/1.11.56/aws-java-sdk-acm-1.11.56.jar
5dde6000-5ddf8000 r--s 0013f000 08:01 2700240    /home/sarnobat/.m2/repository/com/amazonaws/aws-java-sdk-api-gateway/1.11.56/aws-java-sdk-api-gateway-1.11.56.jar
5ddf8000-5de06000 r--s 000b4000 08:01 2700237    /home/sarnobat/.m2/repository/com/amazonaws/aws-java-sdk-iot/1.11.56/aws-java-sdk-iot-1.11.56.jar
5de06000-5de10000 r--s 00082000 08:01 2700235    /home/sarnobat/.m2/repository/com/amazonaws/aws-java-sdk-inspector/1.11.56/aws-java-sdk-inspector-1.11.56.jar
5de10000-5de12000 r--s 0000c000 08:01 2700233    /home/sarnobat/.m2/repository/com/amazonaws/aws-java-sdk-marketplacecommerceanalytics/1.11.56/aws-java-sdk-marketplacecommerceanalytics-1.11.56.jar
5de12000-5de1c000 r--s 00092000 08:01 2700231    /home/sarnobat/.m2/repository/com/amazonaws/aws-java-sdk-waf/1.11.56/aws-java-sdk-waf-1.11.56.jar
5de1c000-5de21000 r--s 00031000 08:01 2700228    /home/sarnobat/.m2/repository/com/amazonaws/aws-java-sdk-elasticsearch/1.11.56/aws-java-sdk-elasticsearch-1.11.56.jar
5de21000-5de2c000 r--s 0009e000 08:01 2700226    /home/sarnobat/.m2/repository/com/amazonaws/aws-java-sdk-devicefarm/1.11.56/aws-java-sdk-devicefarm-1.11.56.jar
5de2c000-5de31000 r--s 00035000 08:01 2700227    /home/sarnobat/.m2/repository/com/amazonaws/aws-java-sdk-codecommit/1.11.56/aws-java-sdk-codecommit-1.11.56.jar
5de31000-5de35000 r--s 0002b000 08:01 2700221    /home/sarnobat/.m2/repository/com/amazonaws/aws-java-sdk-efs/1.11.56/aws-java-sdk-efs-1.11.56.jar
5de35000-5de3f000 r--s 0007e000 08:01 2700223    /home/sarnobat/.m2/repository/com/amazonaws/aws-java-sdk-directory/1.11.56/aws-java-sdk-directory-1.11.56.jar
5de3f000-5de48000 r--s 00086000 08:01 2700219    /home/sarnobat/.m2/repository/com/amazonaws/aws-java-sdk-machinelearning/1.11.56/aws-java-sdk-machinelearning-1.11.56.jar
5de48000-5de4e000 r--s 00040000 08:01 2700222    /home/sarnobat/.m2/repository/com/amazonaws/aws-java-sdk-workspaces/1.11.56/aws-java-sdk-workspaces-1.11.56.jar
5de4e000-5de58000 r--s 00071000 08:01 2700213    /home/sarnobat/.m2/repository/com/amazonaws/aws-java-sdk-ssm/1.11.56/aws-java-sdk-ssm-1.11.56.jar
5de58000-5de5d000 r--s 00035000 08:01 2700210    /home/sarnobat/.m2/repository/com/amazonaws/aws-java-sdk-cloudhsm/1.11.56/aws-java-sdk-cloudhsm-1.11.56.jar
5de5d000-5de62000 r--s 00040000 08:01 2700214    /home/sarnobat/.m2/repository/com/amazonaws/aws-java-sdk-ecr/1.11.56/aws-java-sdk-ecr-1.11.56.jar
5de62000-5de6a000 r--s 0008e000 08:01 2700211    /home/sarnobat/.m2/repository/com/amazonaws/aws-java-sdk-ecs/1.11.56/aws-java-sdk-ecs-1.11.56.jar
5de6a000-5de70000 r--s 00060000 08:01 2700206    /home/sarnobat/.m2/repository/com/amazonaws/aws-java-sdk-lambda/1.11.56/aws-java-sdk-lambda-1.11.56.jar
5de70000-5de79000 r--s 00072000 08:01 2700205    /home/sarnobat/.m2/repository/com/amazonaws/aws-java-sdk-config/1.11.56/aws-java-sdk-config-1.11.56.jar
5de79000-5de81000 r--s 00062000 08:01 2700202    /home/sarnobat/.m2/repository/com/amazonaws/aws-java-sdk-kms/1.11.56/aws-java-sdk-kms-1.11.56.jar
5de81000-5de8c000 r--s 0007f000 08:01 2700203    /home/sarnobat/.m2/repository/com/amazonaws/aws-java-sdk-codepipeline/1.11.56/aws-java-sdk-codepipeline-1.11.56.jar
5de8c000-5de98000 r--s 00090000 08:01 2700198    /home/sarnobat/.m2/repository/com/amazonaws/aws-java-sdk-codedeploy/1.11.56/aws-java-sdk-codedeploy-1.11.56.jar
5de98000-5de9a000 r--s 0000a000 08:01 2700196    /home/sarnobat/.m2/repository/com/amazonaws/aws-java-sdk-cloudwatchmetrics/1.11.56/aws-java-sdk-cloudwatchmetrics-1.11.56.jar
5de9a000-5dea3000 r--s 0007b000 08:01 2700193    /home/sarnobat/.m2/repository/com/amazonaws/aws-java-sdk-cloudsearch/1.11.56/aws-java-sdk-cloudsearch-1.11.56.jar
5dea3000-5deaf000 r--s 000a8000 08:01 2700195    /home/sarnobat/.m2/repository/com/amazonaws/aws-java-sdk-autoscaling/1.11.56/aws-java-sdk-autoscaling-1.11.56.jar
5deaf000-5debc000 r--s 000a0000 08:01 2700191    /home/sarnobat/.m2/repository/com/amazonaws/aws-java-sdk-ses/1.11.56/aws-java-sdk-ses-1.11.56.jar
5debc000-5decd000 r--s 00111000 08:01 2700188    /home/sarnobat/.m2/repository/com/amazonaws/aws-java-sdk-opsworks/1.11.56/aws-java-sdk-opsworks-1.11.56.jar
5decd000-5dede000 r--s 000d5000 08:01 2700187    /home/sarnobat/.m2/repository/com/amazonaws/aws-java-sdk-kinesis/1.11.56/aws-java-sdk-kinesis-1.11.56.jar
5dede000-5deeb000 r--s 000a9000 08:01 2700185    /home/sarnobat/.m2/repository/com/amazonaws/aws-java-sdk-cloudfront/1.11.56/aws-java-sdk-cloudfront-1.11.56.jar
5deeb000-5def4000 r--s 00072000 08:01 2700182    /home/sarnobat/.m2/repository/com/amazonaws/aws-java-sdk-cloudformation/1.11.56/aws-java-sdk-cloudformation-1.11.56.jar
5def4000-5defb000 r--s 00057000 08:01 2700181    /home/sarnobat/.m2/repository/com/amazonaws/aws-java-sdk-directconnect/1.11.56/aws-java-sdk-directconnect-1.11.56.jar
5defb000-5df00000 r--s 00039000 08:01 2700178    /home/sarnobat/.m2/repository/com/amazonaws/aws-java-sdk-cognitosync/1.11.56/aws-java-sdk-cognitosync-1.11.56.jar
5df00000-5dffd000 rw-p 00000000 00:00 0 
5dffd000-5e000000 ---p 00000000 00:00 0 
5e000000-5e0fe000 rw-p 00000000 00:00 0 
5e0fe000-5e100000 ---p 00000000 00:00 0 
5e100000-5e300000 rw-p 00000000 00:00 0 
5e300000-5e500000 rw-p 00000000 00:00 0 
5e500000-5e5fc000 rw-p 00000000 00:00 0 
5e5fc000-5e600000 ---p 00000000 00:00 0 
5e600000-5e6f9000 rw-p 00000000 00:00 0 
5e6f9000-5e700000 ---p 00000000 00:00 0 
5e700000-5e7fa000 rw-p 00000000 00:00 0 
5e7fa000-5e800000 ---p 00000000 00:00 0 
5e800000-5e900000 rw-p 00000000 00:00 0 
5e900000-5e9fe000 rw-p 00000000 00:00 0 
5e9fe000-5ea00000 ---p 00000000 00:00 0 
5ea00000-5eaff000 rw-p 00000000 00:00 0 
5eaff000-5eb00000 ---p 00000000 00:00 0 
5eb00000-5ebd2000 rw-p 00000000 00:00 0 
5ebd2000-5ec00000 ---p 00000000 00:00 0 
5ec00000-5ecbd000 rw-p 00000000 00:00 0 
5ecbd000-5ed00000 ---p 00000000 00:00 0 
5ed00000-5edfd000 rw-p 00000000 00:00 0 
5edfd000-5ee00000 ---p 00000000 00:00 0 
5ee00000-5eefa000 rw-p 00000000 00:00 0 
5eefa000-5ef00000 ---p 00000000 00:00 0 
5ef00000-5efeb000 rw-p 00000000 00:00 0 
5efeb000-5f000000 ---p 00000000 00:00 0 
5f000000-5f0fe000 rw-p 00000000 00:00 0 
5f0fe000-5f100000 ---p 00000000 00:00 0 
5f100000-5f200000 rw-p 00000000 00:00 0 
5f200000-5f300000 rw-p 00000000 00:00 0 
5f300000-5f305000 r--s 0002a000 08:01 2700167    /home/sarnobat/.m2/repository/com/amazonaws/aws-java-sdk-budgets/1.11.56/aws-java-sdk-budgets-1.11.56.jar
5f305000-5f312000 r--s 00093000 08:01 2700128    /home/sarnobat/.m2/repository/com/amazonaws/aws-java-sdk-s3/1.11.56/aws-java-sdk-s3-1.11.56.jar
5f312000-5f31e000 r--s 0009f000 08:01 2700130    /home/sarnobat/.m2/repository/com/amazonaws/aws-java-sdk-storagegateway/1.11.56/aws-java-sdk-storagegateway-1.11.56.jar
5f31e000-5f32e000 r--s 000e9000 08:01 2700125    /home/sarnobat/.m2/repository/com/amazonaws/aws-java-sdk-simpleworkflow/1.11.56/aws-java-sdk-simpleworkflow-1.11.56.jar
5f32e000-5f331000 ---p 00000000 00:00 0 
5f331000-5f37f000 rw-p 00000000 00:00 0 
5f37f000-5f381000 r--s 0000e000 08:01 2701078    /home/sarnobat/.m2/repository/javax/activation/activation/1.1/activation-1.1.jar
5f381000-5f383000 r--s 00008000 08:01 2732980    /home/sarnobat/.m2/repository/com/googlecode/gmail4j/gmail4j/0.4/gmail4j-0.4.jar
5f383000-5f387000 r--s 00025000 08:01 2732973    /home/sarnobat/.m2/repository/com/google/api-client/google-api-client/1.17.0-rc/google-api-client-1.17.0-rc.jar
5f387000-5f38a000 r--s 00006000 08:01 2717565    /home/sarnobat/.m2/repository/com/google/code/findbugs/jsr305/1.3.9/jsr305-1.3.9.jar
5f38a000-5f390000 r--s 0003c000 08:01 2733397    /home/sarnobat/.m2/repository/com/google/http-client/google-http-client/1.17.0-rc/google-http-client-1.17.0-rc.jar
5f390000-5f393000 r--s 00034000 08:01 2732949    /home/sarnobat/.m2/repository/org/apache/openjpa/openjpa-jest/2.4.0/openjpa-jest-2.4.0.jar
5f393000-5f398000 r--s 00019000 08:01 2732944    /home/sarnobat/.m2/repository/org/apache/geronimo/specs/geronimo-jpa_2.0_spec/1.1/geronimo-jpa_2.0_spec-1.1.jar
5f398000-5f39a000 r--s 00004000 08:01 2701076    /home/sarnobat/.m2/repository/javax/xml/stream/stax-api/1.0-2/stax-api-1.0-2.jar
5f39a000-5f39e000 r--s 00020000 08:01 2732943    /home/sarnobat/.m2/repository/org/apache/xbean/xbean-asm5-shaded/3.17/xbean-asm5-shaded-3.17.jar
5f39e000-5f3a1000 r--s 00015000 08:01 2732942    /home/sarnobat/.m2/repository/commons-pool/commons-pool/1.5.4/commons-pool-1.5.4.jar
5f3a1000-5f3a2000 r--s 00003000 08:01 2732938    /home/sarnobat/.m2/repository/org/apache/geronimo/specs/geronimo-jta_1.1_spec/1.1.1/geronimo-jta_1.1_spec-1.1.1.jar
5f3a2000-5f3a4000 r--s 00006000 08:01 2732937    /home/sarnobat/.m2/repository/org/apache/geronimo/specs/geronimo-jms_1.1_spec/1.1.1/geronimo-jms_1.1_spec-1.1.1.jar
5f3a4000-5f3a7000 r--s 00032000 08:01 2732936    /home/sarnobat/.m2/repository/net/sourceforge/serp/serp/1.15.1/serp-1.15.1.jar
5f3a7000-5f3b5000 r--s 0007f000 08:01 2701074    /home/sarnobat/.m2/repository/commons-collections/commons-collections/3.2.1/commons-collections-3.2.1.jar
5f3b5000-5f3b8000 r--s 00012000 08:01 2732930    /home/sarnobat/.m2/repository/org/glassfish/javax.json/1.0.4/javax.json-1.0.4.jar
5f3b8000-5f3bc000 r--s 00017000 08:01 2732928    /home/sarnobat/.m2/repository/net/coobird/thumbnailator/0.4.8/thumbnailator-0.4.8.jar
5f3bc000-5f3be000 r--s 00000000 08:01 2732927    /home/sarnobat/.m2/repository/com/jcraft/jsch.agentproxy.jsch/0.0.6/jsch.agentproxy.jsch-0.0.6.jar
5f3be000-5f3bf000 r--s 00001000 08:01 2732923    /home/sarnobat/.m2/repository/com/jcraft/jsch.agentproxy.pageant/0.0.6/jsch.agentproxy.pageant-0.0.6.jar
5f3bf000-5f3c1000 r--s 00000000 08:01 2732922    /home/sarnobat/.m2/repository/com/jcraft/jsch.agentproxy.sshagent/0.0.6/jsch.agentproxy.sshagent-0.0.6.jar
5f3c1000-5f3c2000 r--s 00001000 08:01 2732921    /home/sarnobat/.m2/repository/com/jcraft/jsch.agentproxy.usocket-nc/0.0.6/jsch.agentproxy.usocket-nc-0.0.6.jar
5f3c2000-5f3c3000 r--s 00001000 08:01 2732917    /home/sarnobat/.m2/repository/com/jcraft/jsch.agentproxy.usocket-jna/0.0.6/jsch.agentproxy.usocket-jna-0.0.6.jar
5f3c3000-5f3c5000 r--s 00001000 08:01 2732916    /home/sarnobat/.m2/repository/com/jcraft/jsch.agentproxy.core/0.0.6/jsch.agentproxy.core-0.0.6.jar
5f3c5000-5f3c6000 r--s 00002000 08:01 2732915    /home/sarnobat/.m2/repository/com/jcraft/jsch.agentproxy.connector-factory/0.0.6/jsch.agentproxy.connector-factory-0.0.6.jar
5f3c6000-5f3c8000 r--s 00011000 08:01 2732911    /home/sarnobat/.m2/repository/com/pastdev/jsch-extension/0.1.3/jsch-extension-0.1.3.jar
5f3c8000-5f3ca000 r--s 00006000 08:01 2733503    /home/sarnobat/.m2/repository/org/slf4j/slf4j-api/1.7.7/slf4j-api-1.7.7.jar
5f3ca000-5f3cc000 r--s 0000d000 08:01 2732908    /home/sarnobat/.m2/repository/com/pastdev/jsch-nio/0.1.5/jsch-nio-0.1.5.jar
5f3cc000-5f3cd000 r--s 00025000 08:01 2733418    /home/sarnobat/.m2/repository/org/bytedeco/javacpp-presets/artoolkitplus/2.3.0-0.8/artoolkitplus-2.3.0-0.8-linux-x86.jar
5f3cd000-5f3ce000 r--s 00000000 08:01 2733417    /home/sarnobat/.m2/repository/org/bytedeco/javacpp-presets/videoinput/0.200-0.8/videoinput-0.200-0.8-linux-x86.jar
5f3ce000-5f3cf000 r--s 00012000 08:01 2733413    /home/sarnobat/.m2/repository/org/bytedeco/javacpp-presets/libfreenect/0.4-0.8/libfreenect-0.4-0.8-linux-x86.jar
5f3cf000-5f3d0000 r--s 00026000 08:01 2733411    /home/sarnobat/.m2/repository/org/bytedeco/javacpp-presets/libdc1394/2.2.2-0.8/libdc1394-2.2.2-0.8-linux-x86.jar
5f3d0000-5f3d1000 r--s 00000000 08:01 2733409    /home/sarnobat/.m2/repository/org/bytedeco/javacpp-presets/flycapture/1.7.17-0.8/flycapture-1.7.17-0.8-linux-x86.jar
5f3d1000-5f3d3000 r--s 005f9000 08:01 2733407    /home/sarnobat/.m2/repository/org/bytedeco/javacpp-presets/ffmpeg/2.2.1-0.8/ffmpeg-2.2.1-0.8-linux-x86.jar
5f3d3000-5f3d6000 r--s 00760000 08:01 2733405    /home/sarnobat/.m2/repository/org/bytedeco/javacpp-presets/opencv/2.4.9-0.8/opencv-2.4.9-0.8-linux-x86.jar
5f3d6000-5f3d7000 r--s 00005000 08:01 2732894    /home/sarnobat/.m2/repository/org/bytedeco/javacpp-presets/artoolkitplus/2.3.0-0.8/artoolkitplus-2.3.0-0.8.jar
5f3d7000-5f3d8000 r--s 00003000 08:01 2732893    /home/sarnobat/.m2/repository/org/bytedeco/javacpp-presets/videoinput/0.200-0.8/videoinput-0.200-0.8.jar
5f3d8000-5f3da000 r--s 00004000 08:01 2732890    /home/sarnobat/.m2/repository/org/bytedeco/javacpp-presets/libfreenect/0.4-0.8/libfreenect-0.4-0.8.jar
5f3da000-5f3dc000 r--s 00006000 08:01 2732891    /home/sarnobat/.m2/repository/org/bytedeco/javacpp-presets/libdc1394/2.2.2-0.8/libdc1394-2.2.2-0.8.jar
5f3dc000-5f3de000 r--s 00004000 08:01 2732887    /home/sarnobat/.m2/repository/org/bytedeco/javacpp-presets/flycapture/1.7.17-0.8/flycapture-1.7.17-0.8.jar
5f3de000-5f3e4000 r--s 0002e000 08:01 2732883    /home/sarnobat/.m2/repository/org/bytedeco/javacpp-presets/ffmpeg/2.2.1-0.8/ffmpeg-2.2.1-0.8.jar
5f3e4000-5f3f6000 r--s 000b2000 08:01 2732882    /home/sarnobat/.m2/repository/org/bytedeco/javacpp-presets/opencv/2.4.9-0.8/opencv-2.4.9-0.8.jar
5f3f6000-5f3fa000 r--s 0002a000 08:01 2732881    /home/sarnobat/.m2/repository/org/bytedeco/javacpp/0.8/javacpp-0.8.jar
5f3fa000-5f3ff000 r--s 0004c000 08:01 2732880    /home/sarnobat/.m2/repository/org/bytedeco/javacv/0.8/javacv-0.8.jar
5f3ff000-5f400000 r--s 00009000 08:01 2494045    /home/sarnobat/.m2/repository/org/apache/commons/commons-csv/1.4/commons-csv-1.4.jar
5f400000-5f4fa000 rw-p 00000000 00:00 0 
5f4fa000-5f500000 ---p 00000000 00:00 0 
5f500000-5f600000 rw-p 00000000 00:00 0 
5f600000-5f700000 rw-p 00000000 00:00 0 
5f700000-5f800000 rw-p 00000000 00:00 0 
5f800000-5f8fa000 rw-p 00000000 00:00 0 
5f8fa000-5f900000 ---p 00000000 00:00 0 
5f900000-5f9f9000 rw-p 00000000 00:00 0 
5f9f9000-5fa00000 ---p 00000000 00:00 0 
5fa00000-5fafd000 rw-p 00000000 00:00 0 
5fafd000-5fb00000 ---p 00000000 00:00 0 
5fb00000-5fbf9000 rw-p 00000000 00:00 0 
5fbf9000-5fc00000 ---p 00000000 00:00 0 
5fc00000-5fcfd000 rw-p 00000000 00:00 0 
5fcfd000-5fd00000 ---p 00000000 00:00 0 
5fd00000-5fdfb000 rw-p 00000000 00:00 0 
5fdfb000-5fe00000 ---p 00000000 00:00 0 
5fe00000-5fef9000 rw-p 00000000 00:00 0 
5fef9000-5ff00000 ---p 00000000 00:00 0 
5ff00000-5fffa000 rw-p 00000000 00:00 0 
5fffa000-60000000 ---p 00000000 00:00 0 
60000000-60004000 r--s 00027000 08:01 2700135    /home/sarnobat/.m2/repository/com/amazonaws/aws-java-sdk-sts/1.11.56/aws-java-sdk-sts-1.11.56.jar
60004000-60008000 r--s 0001c000 08:01 2700132    /home/sarnobat/.m2/repository/com/amazonaws/aws-java-sdk-importexport/1.11.56/aws-java-sdk-importexport-1.11.56.jar
60008000-6000d000 r--s 00028000 08:01 2700121    /home/sarnobat/.m2/repository/com/amazonaws/aws-java-sdk-servermigration/1.11.56/aws-java-sdk-servermigration-1.11.56.jar
6000d000-60019000 r--s 00097000 08:01 2700120    /home/sarnobat/.m2/repository/com/amazonaws/aws-java-sdk-servicecatalog/1.11.56/aws-java-sdk-servicecatalog-1.11.56.jar
60019000-6001d000 r--s 00029000 08:01 2700118    /home/sarnobat/.m2/repository/com/amazonaws/aws-java-sdk-simpledb/1.11.56/aws-java-sdk-simpledb-1.11.56.jar
6001d000-6001f000 r--s 00005000 08:01 2700117    /home/sarnobat/.m2/repository/com/amazonaws/jmespath-java/1.11.56/jmespath-java-1.11.56.jar
6001f000-60025000 r--s 00041000 08:01 2700123    /home/sarnobat/.m2/repository/com/amazonaws/aws-java-sdk-support/1.11.56/aws-java-sdk-support-1.11.56.jar
60025000-60026000 r--s 00000000 08:01 2699240    /home/sarnobat/.m2/repository/com/amazonaws/aws-java-sdk/1.11.56/aws-java-sdk-1.11.56.jar
60026000-60027000 r--s 00006000 08:01 2771830    /home/sarnobat/.m2/repository/org/codehaus/mojo/exec-maven-plugin/1.1/exec-maven-plugin-1.1.jar
60027000-6002b000 r--s 00037000 08:01 2518386    /home/sarnobat/.m2/repository/org/codehaus/plexus/plexus-utils/3.0.15/plexus-utils-3.0.15.jar
6002b000-6002d000 r--s 00006000 08:01 2796287    /home/sarnobat/.m2/repository/com/google/code/findbugs/jsr305/2.0.1/jsr305-2.0.1.jar
6002d000-60030000 r--s 00023000 08:01 2518381    /home/sarnobat/.m2/repository/org/apache/maven/shared/maven-shared-utils/0.4/maven-shared-utils-0.4.jar
60030000-60036000 r--s 00033000 08:01 2717468    /home/sarnobat/.m2/repository/commons-codec/commons-codec/1.6/commons-codec-1.6.jar
60036000-6003e000 r--s 00049000 08:01 2733169    /home/sarnobat/.m2/repository/backport-util-concurrent/backport-util-concurrent/3.1/backport-util-concurrent-3.1.jar
6003e000-60040000 r--s 0000b000 08:01 2535037    /home/sarnobat/.m2/repository/org/codehaus/plexus/plexus-interpolation/1.11/plexus-interpolation-1.11.jar
60040000-60042000 r--s 00007000 08:01 2502009    /home/sarnobat/.m2/repository/org/apache/maven/plugins/maven-install-plugin/2.5.2/maven-install-plugin-2.5.2.jar
60042000-60043000 r--s 0000a000 08:01 2495669    /home/sarnobat/.m2/repository/commons-logging/commons-logging-api/1.1/commons-logging-api-1.1.jar
60043000-60045000 r--s 0000d000 08:01 2732978    /home/sarnobat/.m2/repository/com/google/oauth-client/google-oauth-client/1.17.0-rc/google-oauth-client-1.17.0-rc.jar
60045000-60047000 r--s 00282000 08:01 2732971    /home/sarnobat/.m2/repository/org/seleniumhq/selenium/selenium-firefox-driver/2.45.0/selenium-firefox-driver-2.45.0.jar
60047000-60049000 r--s 0000e000 08:01 2733431    /home/sarnobat/.m2/repository/org/json/json/20171018/json-20171018.jar
60049000-60056000 r--s 000a2000 08:01 2733085    /home/sarnobat/.m2/repository/org/apache/commons/commons-imaging/1.0-R1480221/commons-imaging-1.0-R1480221.jar
60056000-60066000 r--s 00083000 08:01 2732963    /home/sarnobat/.m2/repository/org/bouncycastle/bcpkix-jdk15on/1.50/bcpkix-jdk15on-1.50.jar
60066000-6006e000 r--s 00052000 08:01 2732961    /home/sarnobat/.m2/repository/net/schmizz/sshj/0.10.0/sshj-0.10.0.jar
6006e000-6007b000 r--s 0008e000 08:01 2732962    /home/sarnobat/.m2/repository/org/apache/mina/mina-core/2.0.9/mina-core-2.0.9.jar
6007b000-6008a000 r--s 00095000 08:01 2732958    /home/sarnobat/.m2/repository/org/apache/sshd/sshd-core/0.14.0/sshd-core-0.14.0.jar
6008a000-60098000 r--s 00154000 08:01 2732960    /home/sarnobat/.m2/repository/org/apache/openjpa/openjpa-jdbc/2.4.0/openjpa-jdbc-2.4.0.jar
60098000-6009c000 r--s 00022000 08:01 2732952    /home/sarnobat/.m2/repository/org/apache/openjpa/openjpa-persistence-jdbc/2.4.0/openjpa-persistence-jdbc-2.4.0.jar
6009c000-600a9000 r--s 000bf000 08:01 2732953    /home/sarnobat/.m2/repository/org/apache/openjpa/openjpa-persistence/2.4.0/openjpa-persistence-2.4.0.jar
600a9000-600b2000 r--s 0006b000 08:01 2732950    /home/sarnobat/.m2/repository/org/apache/openjpa/openjpa-lib/2.4.0/openjpa-lib-2.4.0.jar
600b2000-600c3000 r--s 00154000 08:01 2732951    /home/sarnobat/.m2/repository/org/apache/openjpa/openjpa-kernel/2.4.0/openjpa-kernel-2.4.0.jar
600c3000-600c7000 r--s 00034000 08:01 2518358    /home/sarnobat/.m2/repository/org/codehaus/plexus/plexus-utils/3.0/plexus-utils-3.0.jar
600c7000-600cb000 r--s 0002f000 08:01 2796277    /home/sarnobat/.m2/repository/commons-lang/commons-lang/2.1/commons-lang-2.1.jar
600cb000-600ce000 r--s 0000c000 08:01 2518355    /home/sarnobat/.m2/repository/org/codehaus/plexus/plexus-io/2.0.2/plexus-io-2.0.2.jar
600ce000-600d3000 r--s 00029000 08:01 2518351    /home/sarnobat/.m2/repository/org/codehaus/plexus/plexus-archiver/2.1/plexus-archiver-2.1.jar
600d3000-600d5000 r--s 0000d000 08:01 2518353    /home/sarnobat/.m2/repository/org/codehaus/plexus/plexus-interpolation/1.15/plexus-interpolation-1.15.jar
600d5000-600d7000 r--s 00004000 08:01 2518349    /home/sarnobat/.m2/repository/org/apache/maven/maven-archiver/2.5/maven-archiver-2.5.jar
600d7000-600d9000 r--s 00007000 08:01 2501991    /home/sarnobat/.m2/repository/org/apache/maven/plugins/maven-jar-plugin/2.4/maven-jar-plugin-2.4.jar
600d9000-600da000 r--s 00003000 08:01 2510172    /home/sarnobat/.m2/repository/org/apache/maven/plugin-tools/maven-plugin-annotations/3.2/maven-plugin-annotations-3.2.jar
600da000-600de000 r--s 00020000 08:01 2510164    /home/sarnobat/.m2/repository/org/apache/maven/surefire/surefire-api/2.17/surefire-api-2.17.jar
600de000-600e4000 r--s 00048000 08:01 2698094    /home/sarnobat/.m2/repository/org/apache/commons/commons-lang3/3.1/commons-lang3-3.1.jar
600e4000-600e5000 r--s 00002000 08:01 2518298    /home/sarnobat/.m2/repository/org/apache/maven/reporting/maven-reporting-api/2.0.9/maven-reporting-api-2.0.9.jar
600e5000-600e9000 r--s 00030000 08:01 2494200    /home/sarnobat/.m2/repository/org/codehaus/plexus/plexus-utils/1.5.1/plexus-utils-1.5.1.jar
600e9000-600eb000 r--s 00008000 08:01 2510162    /home/sarnobat/.m2/repository/org/apache/maven/surefire/surefire-booter/2.17/surefire-booter-2.17.jar
600eb000-600f0000 r--s 0003c000 08:01 2510160    /home/sarnobat/.m2/repository/org/apache/maven/surefire/maven-surefire-common/2.17/maven-surefire-common-2.17.jar
600f0000-600f2000 r--s 00007000 08:01 2501983    /home/sarnobat/.m2/repository/org/apache/maven/plugins/maven-surefire-plugin/2.17/maven-surefire-plugin-2.17.jar
600f2000-600f4000 r--s 00002000 08:01 2535096    /home/sarnobat/.m2/repository/org/codehaus/plexus/plexus-compiler-javac/1.8.1/plexus-compiler-javac-1.8.1.jar
600f4000-600f6000 r--s 00000000 08:01 2535098    /home/sarnobat/.m2/repository/org/codehaus/plexus/plexus-compiler-manager/1.8.1/plexus-compiler-manager-1.8.1.jar
600f6000-600f7000 r--s 00004000 08:01 2535100    /home/sarnobat/.m2/repository/org/codehaus/plexus/plexus-compiler-api/1.8.1/plexus-compiler-api-1.8.1.jar
600f7000-600f9000 r--s 00006000 08:01 2699238    /home/sarnobat/.m2/repository/org/apache/maven/plugins/maven-compiler-plugin/2.3.2/maven-compiler-plugin-2.3.2.jar
600f9000-600fb000 r--s 0000d000 08:01 2502054    /home/sarnobat/.m2/repository/org/codehaus/plexus/plexus-interpolation/1.13/plexus-interpolation-1.13.jar
600fb000-600ff000 r--s 00033000 08:01 2535097    /home/sarnobat/.m2/repository/org/codehaus/plexus/plexus-utils/2.0.5/plexus-utils-2.0.5.jar
600ff000-61e00000 rw-p 00000000 00:00 0 
61e00000-61efe000 rw-p 00000000 00:00 0 
61efe000-61f00000 ---p 00000000 00:00 0 
61f00000-62000000 rw-p 00000000 00:00 0 
62000000-62100000 rw-p 00000000 00:00 0 
62100000-621fe000 rw-p 00000000 00:00 0 
621fe000-62200000 ---p 00000000 00:00 0 
62200000-62300000 rw-p 00000000 00:00 0 
62300000-62400000 rw-p 00000000 00:00 0 
62400000-62500000 rw-p 00000000 00:00 0 
62500000-625f2000 rw-p 00000000 00:00 0 
625f2000-62600000 ---p 00000000 00:00 0 
62600000-626fe000 rw-p 00000000 00:00 0 
626fe000-62700000 ---p 00000000 00:00 0 
62700000-627fb000 rw-p 00000000 00:00 0 
627fb000-62800000 ---p 00000000 00:00 0 
62800000-628d3000 rw-p 00000000 00:00 0 
628d3000-62900000 ---p 00000000 00:00 0 
62900000-62a00000 rw-p 00000000 00:00 0 
62a00000-62afb000 rw-p 00000000 00:00 0 
62afb000-62b00000 ---p 00000000 00:00 0 
62b00000-62c00000 rw-p 00000000 00:00 0 
62c00000-62d00000 rw-p 00000000 00:00 0 
62d00000-62dff000 rw-p 00000000 00:00 0 
62dff000-62e00000 ---p 00000000 00:00 0 
62e00000-62eff000 rw-p 00000000 00:00 0 
62eff000-62f00000 ---p 00000000 00:00 0 
62f00000-62ff9000 rw-p 00000000 00:00 0 
62ff9000-63000000 ---p 00000000 00:00 0 
63000000-63001000 r--s 00001000 08:01 2772078    /home/sarnobat/.m2/repository/org/sonatype/plexus/plexus-build-api/0.0.4/plexus-build-api-0.0.4.jar
63001000-63003000 r--s 00009000 08:01 2502051    /home/sarnobat/.m2/repository/org/apache/maven/shared/maven-filtering/1.1/maven-filtering-1.1.jar
63003000-63006000 r--s 0001b000 08:01 2478604    /home/sarnobat/.m2/repository/junit/junit/3.8.1/junit-3.8.1.jar
63006000-63008000 r--s 00002000 08:01 2478781    /home/sarnobat/.m2/repository/org/codehaus/plexus/plexus-interactivity-api/1.0-alpha-4/plexus-interactivity-api-1.0-alpha-4.jar
63008000-6300a000 r--s 00006000 08:01 2478775    /home/sarnobat/.m2/repository/commons-cli/commons-cli/1.0/commons-cli-1.0.jar
6300a000-6300b000 r--s 00001000 08:01 2478777    /home/sarnobat/.m2/repository/org/apache/maven/doxia/doxia-sink-api/1.0-alpha-7/doxia-sink-api-1.0-alpha-7.jar
6300b000-6300c000 r--s 00002000 08:01 2478776    /home/sarnobat/.m2/repository/org/apache/maven/reporting/maven-reporting-api/2.0.6/maven-reporting-api-2.0.6.jar
6300c000-6300e000 r--s 00006000 08:01 2501965    /home/sarnobat/.m2/repository/org/apache/maven/plugins/maven-resources-plugin/2.6/maven-resources-plugin-2.6.jar
6300e000-6301f000 r-xp 00000000 08:01 1693431    /usr/lib/jvm/java-8-openjdk-i386/jre/lib/i386/libnio.so
6301f000-63020000 r--p 00010000 08:01 1693431    /usr/lib/jvm/java-8-openjdk-i386/jre/lib/i386/libnio.so
63020000-63021000 rw-p 00011000 08:01 1693431    /usr/lib/jvm/java-8-openjdk-i386/jre/lib/i386/libnio.so
63021000-63037000 r-xp 00000000 08:01 1693426    /usr/lib/jvm/java-8-openjdk-i386/jre/lib/i386/libnet.so
63037000-63038000 r--p 00015000 08:01 1693426    /usr/lib/jvm/java-8-openjdk-i386/jre/lib/i386/libnet.so
63038000-63039000 rw-p 00016000 08:01 1693426    /usr/lib/jvm/java-8-openjdk-i386/jre/lib/i386/libnet.so
63039000-6303e000 r--s 0009d000 08:01 1692599    /usr/lib/jvm/java-8-openjdk-i386/jre/lib/jsse.jar
6303e000-6304b000 r--s 0008d000 08:01 1149531    /usr/share/java/maven3-core-3.3.9.jar
6304b000-6304c000 r--s 00001000 08:01 1149511    /usr/share/java/wagon-file-2.x.jar
6304c000-6304f000 r--s 00007000 08:01 1149537    /usr/share/java/maven3-settings-builder-3.3.9.jar
6304f000-63056000 r--s 0002c000 08:01 1149509    /usr/share/java/sisu-plexus.jar
63056000-6305a000 r--s 00027000 08:01 1145546    /usr/share/java/commons-io-2.4.jar
6305a000-6305b000 ---p 00000000 00:00 0 
6305b000-630db000 rw-p 00000000 00:00 0 
630db000-630de000 ---p 00000000 00:00 0 
630de000-6312c000 rw-p 00000000 00:00 0 
6312c000-6312f000 ---p 00000000 00:00 0 
6312f000-631ad000 rw-p 00000000 00:00 0 
631ad000-631b0000 ---p 00000000 00:00 0 
631b0000-6322e000 rw-p 00000000 00:00 0 
6322e000-63231000 ---p 00000000 00:00 0 
63231000-632af000 rw-p 00000000 00:00 0 
632af000-632b2000 ---p 00000000 00:00 0 
632b2000-63300000 rw-p 00000000 00:00 0 
63300000-63500000 r--p 00000000 08:01 1110568    /usr/lib/locale/locale-archive
63500000-635fd000 rw-p 00000000 00:00 0 
635fd000-63600000 ---p 00000000 00:00 0 
63600000-63621000 rw-p 00000000 00:00 0 
63621000-63700000 ---p 00000000 00:00 0 
63700000-637fb000 rw-p 00000000 00:00 0 
637fb000-63800000 ---p 00000000 00:00 0 
63800000-63802000 r--s 0000d000 08:01 1149536    /usr/share/java/maven3-aether-provider-3.3.9.jar
63802000-6380a000 r--s 00054000 08:01 1149507    /usr/share/java/sisu-inject.jar
6380a000-63811000 r--s 0005d000 08:01 1149254    /usr/share/java/commons-lang3.jar
63811000-63812000 r--s 00004000 08:01 1145398    /usr/share/java/atinject-jsr330-tck-1.0.jar
63812000-63814000 r--s 0000e000 08:01 1149271    /usr/share/java/plexus-interpolation.jar
63814000-63817000 ---p 00000000 00:00 0 
63817000-63865000 rw-p 00000000 00:00 0 
63865000-63866000 ---p 00000000 00:00 0 
63866000-638e6000 rw-p 00000000 00:00 0 
638e6000-63ab4000 r--s 03c2c000 08:01 1692598    /usr/lib/jvm/java-8-openjdk-i386/jre/lib/rt.jar
63ab4000-63efa000 rw-p 00000000 00:00 0 
63efa000-63f00000 ---p 00000000 00:00 0 
63f00000-66300000 rw-p 00000000 00:00 0 
66300000-663fd000 rw-p 00000000 00:00 0 
663fd000-66400000 ---p 00000000 00:00 0 
66400000-66402000 r--s 00006000 08:01 1149372    /usr/share/java/eclipse-aether-spi.jar
66402000-6642e000 r--s 00208000 08:01 1148516    /usr/share/java/guava.jar
6642e000-66431000 ---p 00000000 00:00 0 
66431000-6647f000 rw-p 00000000 00:00 0 
6647f000-66480000 ---p 00000000 00:00 0 
66480000-66500000 rw-p 00000000 00:00 0 
66500000-665fb000 rw-p 00000000 00:00 0 
665fb000-66600000 ---p 00000000 00:00 0 
66600000-66631000 r--s 00207000 08:01 1149515    /usr/share/java/wagon-http-shaded-2.x.jar
66631000-6667f000 rw-p 00000000 00:00 0 
6667f000-66680000 ---p 00000000 00:00 0 
66680000-66700000 rw-p 00000000 00:00 0 
66700000-66721000 rw-p 00000000 00:00 0 
66721000-66800000 ---p 00000000 00:00 0 
66800000-66801000 r--s 00008000 08:01 1149370    /usr/share/java/eclipse-aether-connector-basic.jar
66801000-66805000 r--s 00027000 08:01 1149367    /usr/share/java/eclipse-aether-impl.jar
66805000-66807000 r--s 00005000 08:01 1149373    /usr/share/java/eclipse-aether-transport-wagon.jar
66807000-66809000 r--s 00001000 08:01 1149403    /usr/share/java/aopalliance-1.0.jar
66809000-6680b000 r--s 00001000 08:01 1149538    /usr/share/java/maven3-builder-support-3.3.9.jar
6680b000-66810000 r--s 0001d000 08:01 1149374    /usr/share/java/eclipse-aether-api.jar
66810000-66812000 r--s 00002000 08:01 1149449    /usr/share/java/plexus-cipher.jar
66812000-66813000 r--s 00002000 08:01 1149066    /usr/share/java/slf4j-simple.jar
66813000-66815000 r--s 00013000 08:01 1149534    /usr/share/java/maven3-embedder-3.3.9.jar
66815000-66817000 r--s 00027000 08:01 1149535    /usr/share/java/maven3-model-3.3.9.jar
66817000-66819000 r--s 0000a000 08:01 1147016    /usr/share/java/commons-cli-1.3.1.jar
66819000-6681b000 r--s 0000a000 08:01 1149512    /usr/share/java/wagon-provider-api-2.x.jar
6681b000-6681e000 r--s 0000a000 08:01 1149539    /usr/share/java/maven3-artifact-3.3.9.jar
6681e000-66822000 r--s 00020000 08:01 1149392    /usr/share/java/eclipse-aether-util.jar
66822000-66824000 r--s 00007000 08:01 1149069    /usr/share/java/slf4j-api.jar
66824000-6687f000 rw-p 00000000 00:00 0 
6687f000-66880000 ---p 00000000 00:00 0 
66880000-66900000 rw-p 00000000 00:00 0 
66900000-66921000 rw-p 00000000 00:00 0 
66921000-66a00000 ---p 00000000 00:00 0 
66a00000-66a01000 r--s 00006000 08:01 1149532    /usr/share/java/maven3-repository-metadata-3.3.9.jar
66a01000-66a02000 r--s 0000a000 08:01 1149528    /usr/share/java/maven3-settings-3.3.9.jar
66a02000-66a03000 r--s 00001000 08:01 1149518    /usr/share/java/wagon-http-shared-2.x.jar
66a03000-66a04000 r--s 00006000 08:01 1149451    /usr/share/java/plexus-sec-dispatcher.jar
66a04000-66a08000 r--s 00038000 08:01 1149495    /usr/share/java/plexus-utils2.jar
66a08000-66a0e000 r--s 00048000 08:01 1149288    /usr/share/java/jsoup.jar
66a0e000-66a10000 r--s 0000a000 08:01 1149529    /usr/share/java/maven3-plugin-api-3.3.9.jar
66a10000-66a15000 r--s 00025000 08:01 1149533    /usr/share/java/maven3-model-builder-3.3.9.jar
66a15000-66a1a000 r--s 00040000 08:01 1145678    /usr/share/java/commons-lang-2.6.jar
66a1a000-66a28000 r--s 00095000 08:01 1149408    /usr/share/java/guice.jar
66a28000-66a29000 ---p 00000000 00:00 0 
66a29000-66abf000 rw-p 00000000 00:00 0 
66abf000-66bff000 ---p 00000000 00:00 0 
66bff000-66c15000 rw-p 00000000 00:00 0 
66c15000-66d54000 ---p 00000000 00:00 0 
66d54000-66d9f000 rw-p 00000000 00:00 0 
66d9f000-66dff000 ---p 00000000 00:00 0 
66dff000-698c0000 rw-p 00000000 00:00 0 
698c0000-918c0000 ---p 00000000 00:00 0 
918c0000-9ac40000 rw-p 00000000 00:00 0 
a0000000-a6e00000 ---p 00000000 00:00 0 
a6e00000-a6e02000 r--s 00000000 08:01 1149499    /usr/share/java/plexus-component-annotations-1.5.jar
a6e02000-a6e03000 r--s 00000000 08:01 1149240    /usr/share/java/geronimo-interceptor-3.0-spec-1.0.1.jar
a6e03000-a6e0a000 r--s 00041000 08:01 1149530    /usr/share/java/maven3-compat-3.3.9.jar
a6e0a000-a6e25000 r--s 00394000 08:01 1692580    /usr/lib/jvm/java-8-openjdk-i386/jre/lib/ext/cldrdata.jar
a6e25000-a6e40000 r--s 001d6000 08:01 1692582    /usr/lib/jvm/java-8-openjdk-i386/jre/lib/ext/nashorn.jar
a6e40000-a6e69000 rw-p 00000000 00:00 0 
a6e69000-a7200000 ---p 00000000 00:00 0 
a7200000-a7c38000 rwxp 00000000 00:00 0 
a7c38000-b6200000 ---p 00000000 00:00 0 
b6200000-b62fc000 rw-p 00000000 00:00 0 
b62fc000-b6300000 ---p 00000000 00:00 0 
b6300000-b6302000 r--s 00012000 08:01 1144777    /usr/share/java/el-api-3.0.jar
b6302000-b6305000 r--s 00008000 08:01 1149246    /usr/share/java/cdi-api-1.0.jar
b6305000-b6307000 r--s 0000a000 08:01 1149493    /usr/share/java/plexus-classworlds2-2.5.2.jar
b6307000-b6309000 r--s 00008000 08:01 1692578    /usr/lib/jvm/java-8-openjdk-i386/jre/lib/ext/sunec.jar
b6309000-b630e000 r--s 0003b000 08:01 1692576    /usr/lib/jvm/java-8-openjdk-i386/jre/lib/ext/sunjce_provider.jar
b630e000-b6318000 r--s 00116000 08:01 1692574    /usr/lib/jvm/java-8-openjdk-i386/jre/lib/ext/localedata.jar
b6318000-b6330000 rw-p 00000000 00:00 0 
b6330000-b633b000 r-xp 00000000 08:01 3402889    /lib/i386-linux-gnu/libnss_files-2.23.so
b633b000-b633c000 r--p 0000a000 08:01 3402889    /lib/i386-linux-gnu/libnss_files-2.23.so
b633c000-b633d000 rw-p 0000b000 08:01 3402889    /lib/i386-linux-gnu/libnss_files-2.23.so
b633d000-b6343000 rw-p 00000000 00:00 0 
b6343000-b634e000 r-xp 00000000 08:01 3402895    /lib/i386-linux-gnu/libnss_nis-2.23.so
b634e000-b634f000 r--p 0000a000 08:01 3402895    /lib/i386-linux-gnu/libnss_nis-2.23.so
b634f000-b6350000 rw-p 0000b000 08:01 3402895    /lib/i386-linux-gnu/libnss_nis-2.23.so
b6350000-b6367000 r-xp 00000000 08:01 3402652    /lib/i386-linux-gnu/libnsl-2.23.so
b6367000-b6368000 r--p 00016000 08:01 3402652    /lib/i386-linux-gnu/libnsl-2.23.so
b6368000-b6369000 rw-p 00017000 08:01 3402652    /lib/i386-linux-gnu/libnsl-2.23.so
b6369000-b636b000 rw-p 00000000 00:00 0 
b636b000-b6373000 r-xp 00000000 08:01 3402720    /lib/i386-linux-gnu/libnss_compat-2.23.so
b6373000-b6374000 r--p 00007000 08:01 3402720    /lib/i386-linux-gnu/libnss_compat-2.23.so
b6374000-b6375000 rw-p 00008000 08:01 3402720    /lib/i386-linux-gnu/libnss_compat-2.23.so
b6375000-b6376000 r--s 00000000 08:01 1145399    /usr/share/java/atinject-jsr330-api-1.0.jar
b6376000-b6378000 r--s 00001000 08:01 1692579    /usr/lib/jvm/java-8-openjdk-i386/jre/lib/ext/dnsns.jar
b6378000-b637b000 r--s 0000f000 08:01 1692575    /usr/lib/jvm/java-8-openjdk-i386/jre/lib/ext/icedtea-sound.jar
b637b000-b6383000 r-xp 00000000 08:01 1693413    /usr/lib/jvm/java-8-openjdk-i386/jre/lib/i386/libzip.so
b6383000-b6384000 r--p 00007000 08:01 1693413    /usr/lib/jvm/java-8-openjdk-i386/jre/lib/i386/libzip.so
b6384000-b6385000 rw-p 00008000 08:01 1693413    /usr/lib/jvm/java-8-openjdk-i386/jre/lib/i386/libzip.so
b6385000-b638d000 rw-s 00000000 08:01 2576919    /tmp/hsperfdata_sarnobat/23390
b638d000-b63b5000 r-xp 00000000 08:01 1693416    /usr/lib/jvm/java-8-openjdk-i386/jre/lib/i386/libjava.so
b63b5000-b63b6000 r--p 00027000 08:01 1693416    /usr/lib/jvm/java-8-openjdk-i386/jre/lib/i386/libjava.so
b63b6000-b63b7000 rw-p 00028000 08:01 1693416    /usr/lib/jvm/java-8-openjdk-i386/jre/lib/i386/libjava.so
b63b7000-b63be000 r-xp 00000000 08:01 3402905    /lib/i386-linux-gnu/librt-2.23.so
b63be000-b63bf000 r--p 00006000 08:01 3402905    /lib/i386-linux-gnu/librt-2.23.so
b63bf000-b63c0000 rw-p 00007000 08:01 3402905    /lib/i386-linux-gnu/librt-2.23.so
b63c0000-b63c3000 ---p 00000000 00:00 0 
b63c3000-b6411000 rw-p 00000000 00:00 0 
b6411000-b642d000 r-xp 00000000 08:01 3402590    /lib/i386-linux-gnu/libgcc_s.so.1
b642d000-b642e000 rw-p 0001b000 08:01 3402590    /lib/i386-linux-gnu/libgcc_s.so.1
b642e000-b6481000 r-xp 00000000 08:01 3402651    /lib/i386-linux-gnu/libm-2.23.so
b6481000-b6482000 r--p 00052000 08:01 3402651    /lib/i386-linux-gnu/libm-2.23.so
b6482000-b6483000 rw-p 00053000 08:01 3402651    /lib/i386-linux-gnu/libm-2.23.so
b6483000-b65f0000 r-xp 00000000 08:01 1104849    /usr/lib/i386-linux-gnu/libstdc++.so.6.0.21
b65f0000-b65f1000 ---p 0016d000 08:01 1104849    /usr/lib/i386-linux-gnu/libstdc++.so.6.0.21
b65f1000-b65f6000 r--p 0016d000 08:01 1104849    /usr/lib/i386-linux-gnu/libstdc++.so.6.0.21
b65f6000-b65f7000 rw-p 00172000 08:01 1104849    /usr/lib/i386-linux-gnu/libstdc++.so.6.0.21
b65f7000-b65fa000 rw-p 00000000 00:00 0 
b65fa000-b70d0000 r-xp 00000000 08:01 1693411    /usr/lib/jvm/java-8-openjdk-i386/jre/lib/i386/server/libjvm.so
b70d0000-b7116000 r--p 00ad5000 08:01 1693411    /usr/lib/jvm/java-8-openjdk-i386/jre/lib/i386/server/libjvm.so
b7116000-b712d000 rw-p 00b1b000 08:01 1693411    /usr/lib/jvm/java-8-openjdk-i386/jre/lib/i386/server/libjvm.so
b712d000-b754d000 rw-p 00000000 00:00 0 
b754d000-b7566000 r-xp 00000000 08:01 3402662    /lib/i386-linux-gnu/libpthread-2.23.so
b7566000-b7567000 r--p 00018000 08:01 3402662    /lib/i386-linux-gnu/libpthread-2.23.so
b7567000-b7568000 rw-p 00019000 08:01 3402662    /lib/i386-linux-gnu/libpthread-2.23.so
b7568000-b756a000 rw-p 00000000 00:00 0 
b756a000-b756d000 r-xp 00000000 08:01 3402697    /lib/i386-linux-gnu/libdl-2.23.so
b756d000-b756e000 r--p 00002000 08:01 3402697    /lib/i386-linux-gnu/libdl-2.23.so
b756e000-b756f000 rw-p 00003000 08:01 3402697    /lib/i386-linux-gnu/libdl-2.23.so
b756f000-b7570000 rw-p 00000000 00:00 0 
b7570000-b7589000 r-xp 00000000 08:01 3402741    /lib/i386-linux-gnu/libz.so.1.2.8
b7589000-b758a000 r--p 00018000 08:01 3402741    /lib/i386-linux-gnu/libz.so.1.2.8
b758a000-b758b000 rw-p 00019000 08:01 3402741    /lib/i386-linux-gnu/libz.so.1.2.8
b758b000-b773b000 r-xp 00000000 08:01 3402663    /lib/i386-linux-gnu/libc-2.23.so
b773b000-b773d000 r--p 001af000 08:01 3402663    /lib/i386-linux-gnu/libc-2.23.so
b773d000-b773e000 rw-p 001b1000 08:01 3402663    /lib/i386-linux-gnu/libc-2.23.so
b773e000-b7741000 rw-p 00000000 00:00 0 
b7741000-b7742000 r--s 00010000 08:01 1692581    /usr/lib/jvm/java-8-openjdk-i386/jre/lib/ext/zipfs.jar
b7742000-b7743000 r--s 0000a000 08:01 1692577    /usr/lib/jvm/java-8-openjdk-i386/jre/lib/ext/jaccess.jar
b7743000-b7746000 r--s 00038000 08:01 1692573    /usr/lib/jvm/java-8-openjdk-i386/jre/lib/ext/sunpkcs11.jar
b7746000-b7747000 r--p 002d4000 08:01 1110568    /usr/lib/locale/locale-archive
b7747000-b7748000 rw-p 00000000 00:00 0 
b7748000-b7749000 ---p 00000000 00:00 0 
b7749000-b7757000 r-xp 00000000 08:01 1693425    /usr/lib/jvm/java-8-openjdk-i386/jre/lib/i386/libverify.so
b7757000-b7758000 r--p 0000d000 08:01 1693425    /usr/lib/jvm/java-8-openjdk-i386/jre/lib/i386/libverify.so
b7758000-b7759000 rw-p 0000e000 08:01 1693425    /usr/lib/jvm/java-8-openjdk-i386/jre/lib/i386/libverify.so
b7759000-b7766000 r-xp 00000000 08:01 1693421    /usr/lib/jvm/java-8-openjdk-i386/jre/lib/i386/jli/libjli.so
b7766000-b7767000 r--p 0000c000 08:01 1693421    /usr/lib/jvm/java-8-openjdk-i386/jre/lib/i386/jli/libjli.so
b7767000-b7768000 rw-p 0000d000 08:01 1693421    /usr/lib/jvm/java-8-openjdk-i386/jre/lib/i386/jli/libjli.so
b7768000-b7769000 rw-p 00000000 00:00 0 
b7769000-b776c000 r--p 00000000 00:00 0          [vvar]
b776c000-b776d000 r-xp 00000000 00:00 0          [vdso]
b776d000-b7790000 r-xp 00000000 08:01 3402661    /lib/i386-linux-gnu/ld-2.23.so
b7790000-b7791000 r--p 00022000 08:01 3402661    /lib/i386-linux-gnu/ld-2.23.so
b7791000-b7792000 rw-p 00023000 08:01 3402661    /lib/i386-linux-gnu/ld-2.23.so
bfdbd000-bfdde000 rw-p 00000000 00:00 0          [stack]

VM Arguments:
jvm_args: -Dclassworlds.conf=/usr/share/maven/bin/m2.conf -Dmaven.home=/usr/share/maven -Dmaven.multiModuleProjectDirectory=/home/sarnobat/github/maven_project 
java_command: org.codehaus.plexus.classworlds.launcher.Launcher --quiet --settings /home/sarnobat/sarnobat.git/mac/.m2/settings.xml install exec:java -Dexec.mainClass=Md5RoCopyFile -Dexec.args=4486 ~/sarnobat.git/db/md5ro/md5_files.txt
java_class_path (initial): /usr/share/maven/boot/plexus-classworlds-2.x.jar
Launcher Type: SUN_STANDARD

Environment Variables:
JAVA_HOME=/usr/lib/jvm/java-8-openjdk-i386
PATH=/usr/bin:/bin
SHELL=/bin/sh

Signal Handlers:
SIGSEGV: [libjvm.so+0x8db350], sa_mask[0]=11111111011111111101111111111110, sa_flags=SA_RESTART|SA_SIGINFO
SIGBUS: [libjvm.so+0x8db350], sa_mask[0]=11111111011111111101111111111110, sa_flags=SA_RESTART|SA_SIGINFO
SIGFPE: [libjvm.so+0x73fd00], sa_mask[0]=11111111011111111101111111111110, sa_flags=SA_RESTART|SA_SIGINFO
SIGPIPE: [libjvm.so+0x73fd00], sa_mask[0]=11111111011111111101111111111110, sa_flags=SA_RESTART|SA_SIGINFO
SIGXFSZ: [libjvm.so+0x73fd00], sa_mask[0]=11111111011111111101111111111110, sa_flags=SA_RESTART|SA_SIGINFO
SIGILL: [libjvm.so+0x73fd00], sa_mask[0]=11111111011111111101111111111110, sa_flags=SA_RESTART|SA_SIGINFO
SIGUSR1: SIG_DFL, sa_mask[0]=00000000000000000000000000000000, sa_flags=none
SIGUSR2: [libjvm.so+0x73fb40], sa_mask[0]=00000000000000000000000000000000, sa_flags=SA_RESTART|SA_SIGINFO
SIGHUP: [libjvm.so+0x7402d0], sa_mask[0]=11111111011111111101111111111110, sa_flags=SA_RESTART|SA_SIGINFO
SIGINT: [libjvm.so+0x7402d0], sa_mask[0]=11111111011111111101111111111110, sa_flags=SA_RESTART|SA_SIGINFO
SIGTERM: [libjvm.so+0x7402d0], sa_mask[0]=11111111011111111101111111111110, sa_flags=SA_RESTART|SA_SIGINFO
SIGQUIT: [libjvm.so+0x7402d0], sa_mask[0]=11111111011111111101111111111110, sa_flags=SA_RESTART|SA_SIGINFO


---------------  S Y S T E M  ---------------

OS:DISTRIB_ID=Ubuntu
DISTRIB_RELEASE=16.04
DISTRIB_CODENAME=xenial
DISTRIB_DESCRIPTION="Ubuntu 16.04.1 LTS"

uname:Linux 4.4.0-116-generic #140-Ubuntu SMP Mon Feb 12 21:22:43 UTC 2018 i686
libc:glibc 2.23 NPTL 2.23 
rlimit: STACK 8192k, CORE 0k, NPROC 63055, NOFILE 1048576, AS infinity
load average:3.67 2.95 2.87

/proc/meminfo:
MemTotal:        8107396 kB
MemFree:          406784 kB
MemAvailable:          0 kB
Buffers:           14496 kB
Cached:           141860 kB
SwapCached:        28904 kB
Active:          6237600 kB
Inactive:        1247808 kB
Active(anon):    6211200 kB
Inactive(anon):  1223592 kB
Active(file):      26400 kB
Inactive(file):    24216 kB
Unevictable:           0 kB
Mlocked:               0 kB
HighTotal:       7292552 kB
HighFree:          92980 kB
LowTotal:         814844 kB
LowFree:          313804 kB
SwapTotal:       4007932 kB
SwapFree:              0 kB
Dirty:              1256 kB
Writeback:             0 kB
AnonPages:       7300396 kB
Mapped:            34688 kB
Shmem:            105840 kB
Slab:              84956 kB
SReclaimable:      33904 kB
SUnreclaim:        51052 kB
KernelStack:       24000 kB
PageTables:        52756 kB
NFS_Unstable:          0 kB
Bounce:                0 kB
WritebackTmp:          0 kB
CommitLimit:     8061628 kB
Committed_AS:   31992188 kB
VmallocTotal:     122880 kB
VmallocUsed:           0 kB
VmallocChunk:          0 kB
AnonHugePages:   4755456 kB
CmaTotal:              0 kB
CmaFree:               0 kB
HugePages_Total:       0
HugePages_Free:        0
HugePages_Rsvd:        0
HugePages_Surp:        0
Hugepagesize:       2048 kB
DirectMap4k:       55288 kB
DirectMap2M:      856064 kB


CPU:total 4 (initial active 4) (2 cores per cpu, 2 threads per core) family 6 model 58 stepping 9, cmov, cx8, fxsr, mmx, sse, sse2, sse3, ssse3, sse4.1, sse4.2, popcnt, avx, aes, clmul, erms, ht, tsc, tscinvbit, tscinv

/proc/cpuinfo:
processor	: 0
vendor_id	: GenuineIntel
cpu family	: 6
model		: 58
model name	: Intel(R) Core(TM) i5-3427U CPU @ 1.80GHz
stepping	: 9
microcode	: 0x17
cpu MHz		: 1099.957
cache size	: 3072 KB
physical id	: 0
siblings	: 4
core id		: 0
cpu cores	: 2
apicid		: 0
initial apicid	: 0
fdiv_bug	: no
f00f_bug	: no
coma_bug	: no
fpu		: yes
fpu_exception	: yes
cpuid level	: 13
wp		: yes
flags		: fpu vme de pse tsc msr pae mce cx8 apic sep mtrr pge mca cmov pat pse36 clflush dts acpi mmx fxsr sse sse2 ss ht tm pbe nx rdtscp lm constant_tsc arch_perfmon pebs bts xtopology nonstop_tsc aperfmperf eagerfpu pni pclmulqdq dtes64 monitor ds_cpl vmx smx est tm2 ssse3 cx16 xtpr pdcm sse4_1 sse4_2 x2apic popcnt tsc_deadline_timer aes xsave avx f16c rdrand lahf_lm epb retpoline tpr_shadow vnmi flexpriority ept vpid fsgsbase smep erms xsaveopt dtherm ida arat pln pts
bugs		: cpu_meltdown spectre_v1 spectre_v2
bogomips	: 4589.71
clflush size	: 64
cache_alignment	: 64
address sizes	: 36 bits physical, 48 bits virtual
power management:

processor	: 1
vendor_id	: GenuineIntel
cpu family	: 6
model		: 58
model name	: Intel(R) Core(TM) i5-3427U CPU @ 1.80GHz
stepping	: 9
microcode	: 0x17
cpu MHz		: 1099.957
cache size	: 3072 KB
physical id	: 0
siblings	: 4
core id		: 1
cpu cores	: 2
apicid		: 2
initial apicid	: 2
fdiv_bug	: no
f00f_bug	: no
coma_bug	: no
fpu		: yes
fpu_exception	: yes
cpuid level	: 13
wp		: yes
flags		: fpu vme de pse tsc msr pae mce cx8 apic sep mtrr pge mca cmov pat pse36 clflush dts acpi mmx fxsr sse sse2 ss ht tm pbe nx rdtscp lm constant_tsc arch_perfmon pebs bts xtopology nonstop_tsc aperfmperf eagerfpu pni pclmulqdq dtes64 monitor ds_cpl vmx smx est tm2 ssse3 cx16 xtpr pdcm sse4_1 sse4_2 x2apic popcnt tsc_deadline_timer aes xsave avx f16c rdrand lahf_lm epb retpoline tpr_shadow vnmi flexpriority ept vpid fsgsbase smep erms xsaveopt dtherm ida arat pln pts
bugs		: cpu_meltdown spectre_v1 spectre_v2
bogomips	: 4589.71
clflush size	: 64
cache_alignment	: 64
address sizes	: 36 bits physical, 48 bits virtual
power management:

processor	: 2
vendor_id	: GenuineIntel
cpu family	: 6
model		: 58
model name	: Intel(R) Core(TM) i5-3427U CPU @ 1.80GHz
stepping	: 9
microcode	: 0x17
cpu MHz		: 1099.957
cache size	: 3072 KB
physical id	: 0
siblings	: 4
core id		: 0
cpu cores	: 2
apicid		: 1
initial apicid	: 1
fdiv_bug	: no
f00f_bug	: no
coma_bug	: no
fpu		: yes
fpu_exception	: yes
cpuid level	: 13
wp		: yes
flags		: fpu vme de pse tsc msr pae mce cx8 apic sep mtrr pge mca cmov pat pse36 clflush dts acpi mmx fxsr sse sse2 ss ht tm pbe nx rdtscp lm constant_tsc arch_perfmon pebs bts xtopology nonstop_tsc aperfmperf eagerfpu pni pclmulqdq dtes64 monitor ds_cpl vmx smx est tm2 ssse3 cx16 xtpr pdcm sse4_1 sse4_2 x2apic popcnt tsc_deadline_timer aes xsave avx f16c rdrand lahf_lm epb retpoline tpr_shadow vnmi flexpriority ept vpid fsgsbase smep erms xsaveopt dtherm ida arat pln pts
bugs		: cpu_meltdown spectre_v1 spectre_v2
bogomips	: 4589.71
clflush size	: 64
cache_alignment	: 64
address sizes	: 36 bits physical, 48 bits virtual
power management:

processor	: 3
vendor_id	: GenuineIntel
cpu family	: 6
model		: 58
model name	: Intel(R) Core(TM) i5-3427U CPU @ 1.80GHz
stepping	: 9
microcode	: 0x17
cpu MHz		: 1099.957
cache size	: 3072 KB
physical id	: 0
siblings	: 4
core id		: 1
cpu cores	: 2
apicid		: 3
initial apicid	: 3
fdiv_bug	: no
f00f_bug	: no
coma_bug	: no
fpu		: yes
fpu_exception	: yes
cpuid level	: 13
wp		: yes
flags		: fpu vme de pse tsc msr pae mce cx8 apic sep mtrr pge mca cmov pat pse36 clflush dts acpi mmx fxsr sse sse2 ss ht tm pbe nx rdtscp lm constant_tsc arch_perfmon pebs bts xtopology nonstop_tsc aperfmperf eagerfpu pni pclmulqdq dtes64 monitor ds_cpl vmx smx est tm2 ssse3 cx16 xtpr pdcm sse4_1 sse4_2 x2apic popcnt tsc_deadline_timer aes xsave avx f16c rdrand lahf_lm epb retpoline tpr_shadow vnmi flexpriority ept vpid fsgsbase smep erms xsaveopt dtherm ida arat pln pts
bugs		: cpu_meltdown spectre_v1 spectre_v2
bogomips	: 4589.71
clflush size	: 64
cache_alignment	: 64
address sizes	: 36 bits physical, 48 bits virtual
power management:



Memory: 4k page, physical 8107396k(406536k free), swap 4007932k(0k free)

vm_info: OpenJDK Server VM (25.162-b12) for linux-x86 JRE (1.8.0_162-8u162-b12-0ubuntu0.16.04.2-b12), built on Mar 14 2018 12:07:04 by "buildd" with gcc 5.4.0 20160609

time: Thu Apr 12 19:50:17 2018
elapsed time: 16 seconds (0d 0h 0m 16s)

