#
# There is insufficient memory for the Java Runtime Environment to continue.
# Native memory allocation (mmap) failed to map 131072 bytes for committing reserved memory.
# Possible reasons:
#   The system is out of physical RAM or swap space
#   In 32 bit mode, the process size limit was hit
# Possible solutions:
#   Reduce memory load on the system
#   Increase physical memory or swap space
#   Check if swap backing store is full
#   Use 64 bit Java on a 64 bit OS
#   Decrease Java heap size (-Xmx/-Xms)
#   Decrease number of Java threads
#   Decrease Java thread stack sizes (-Xss)
#   Set larger code cache with -XX:ReservedCodeCacheSize=
# This output file may be truncated or incomplete.
#
#  Out of Memory Error (os_linux.cpp:2643), pid=21156, tid=0xb6394b40
#
# JRE version: OpenJDK Runtime Environment (8.0_151-b12) (build 1.8.0_151-8u151-b12-0ubuntu0.16.04.2-b12)
# Java VM: OpenJDK Server VM (25.151-b12 mixed mode linux-x86 )
# Failed to write core dump. Core dumps have been disabled. To enable core dumping, try "ulimit -c unlimited" before starting Java again
#

---------------  T H R E A D  ---------------

Current thread (0xb6207800):  JavaThread "main" [_thread_in_vm, id=21210, stack(0xb6344000,0xb6395000)]

Stack: [0xb6344000,0xb6395000],  sp=0xb6390840,  free space=306k
Native frames: (J=compiled Java code, j=interpreted, Vv=VM code, C=native code)
V  [libjvm.so+0x8d6834]
V  [libjvm.so+0x3a7c76]
V  [libjvm.so+0x7420c0]
V  [libjvm.so+0x73c013]
V  [libjvm.so+0x8d3264]
V  [libjvm.so+0x6cdd63]
V  [libjvm.so+0x6cdf7a]
V  [libjvm.so+0x6ceb05]
V  [libjvm.so+0x6cec5a]
V  [libjvm.so+0x6cfc9a]
V  [libjvm.so+0x6cfe8d]
V  [libjvm.so+0x6d5472]
V  [libjvm.so+0x317bdf]
V  [libjvm.so+0x3183b3]
V  [libjvm.so+0x31a202]
V  [libjvm.so+0x84d519]
V  [libjvm.so+0x55c01a]
V  [libjvm.so+0x55d4bc]  JVM_DefineClassWithSource+0x9c
C  [libjava.so+0xb357]  Java_java_lang_ClassLoader_defineClass1+0x1a7
J 373  java.lang.ClassLoader.defineClass1(Ljava/lang/String;[BIILjava/security/ProtectionDomain;Ljava/lang/String;)Ljava/lang/Class; (0 bytes) @ 0xa73198cb [0xa73197e0+0xeb]
J 372 C1 java.lang.ClassLoader.defineClass(Ljava/lang/String;[BIILjava/security/ProtectionDomain;)Ljava/lang/Class; (43 bytes) @ 0xa7317d94 [0xa73178e0+0x4b4]
J 324 C1 java.net.URLClassLoader.defineClass(Ljava/lang/String;Lsun/misc/Resource;)Ljava/lang/Class; (142 bytes) @ 0xa72f65b8 [0xa72f4ee0+0x16d8]
J 238 C1 java.net.URLClassLoader$1.run()Ljava/lang/Class; (63 bytes) @ 0xa72be478 [0xa72be240+0x238]
J 189 C1 java.net.URLClassLoader$1.run()Ljava/lang/Object; (5 bytes) @ 0xa72a6050 [0xa72a5fe0+0x70]
v  ~StubRoutines::call_stub
V  [libjvm.so+0x51faad]
V  [libjvm.so+0x746985]
V  [libjvm.so+0x51ebea]
V  [libjvm.so+0x56b9c4]  JVM_DoPrivileged+0x434
C  [libjava.so+0x9e15]  Java_java_security_AccessController_doPrivileged__Ljava_security_PrivilegedExceptionAction_2Ljava_security_AccessControlContext_2+0x25
J 144  java.security.AccessController.doPrivileged(Ljava/security/PrivilegedExceptionAction;Ljava/security/AccessControlContext;)Ljava/lang/Object; (0 bytes) @ 0xa728f90c [0xa728f860+0xac]
J 188 C1 java.net.URLClassLoader.findClass(Ljava/lang/String;)Ljava/lang/Class; (47 bytes) @ 0xa72a5974 [0xa72a5840+0x134]
J 434 C1 org.codehaus.plexus.classworlds.realm.ClassRealm.loadClassFromSelf(Ljava/lang/String;)Ljava/lang/Class; (40 bytes) @ 0xa7331180 [0xa7330ea0+0x2e0]
J 334 C1 org.codehaus.plexus.classworlds.strategy.SelfFirstStrategy.loadClass(Ljava/lang/String;)Ljava/lang/Class; (50 bytes) @ 0xa72fb988 [0xa72fb780+0x208]
J 261 C1 org.codehaus.plexus.classworlds.realm.ClassRealm.loadClass(Ljava/lang/String;)Ljava/lang/Class; (7 bytes) @ 0xa72ce47c [0xa72ce2c0+0x1bc]
v  ~StubRoutines::call_stub
V  [libjvm.so+0x51faad]
V  [libjvm.so+0x746985]
V  [libjvm.so+0x51d586]
V  [libjvm.so+0x51dafb]
V  [libjvm.so+0x853e83]
V  [libjvm.so+0x8528ff]
V  [libjvm.so+0x854906]
V  [libjvm.so+0x565053]
V  [libjvm.so+0x565596]  JVM_FindClassFromClass+0x196
C  [libverify.so+0x2679]
C  [libverify.so+0x2edb]
C  [libverify.so+0x73d9]
C  [libverify.so+0x8ebf]  VerifyClassForMajorVersion+0x166f
C  [libjava.so+0x19a06]  VerifyClassCodesForMajorVersion+0x26
V  [libjvm.so+0x8b6a87]
V  [libjvm.so+0x8c3bcc]
V  [libjvm.so+0x4e5ce9]
V  [libjvm.so+0x4ec23c]
V  [libjvm.so+0x4ec7aa]
V  [libjvm.so+0x50e79f]
j  com.google.inject.internal.cglib.core.$DefaultGeneratorStrategy.getClassVisitor()Lcom/google/inject/internal/cglib/core/$DebuggingClassWriter;+0
j  com.google.inject.internal.cglib.core.$DefaultGeneratorStrategy.generate(Lcom/google/inject/internal/cglib/core/$ClassGenerator;)[B+1
j  com.google.inject.internal.cglib.core.$AbstractClassGenerator.create(Ljava/lang/Object;)Ljava/lang/Object;+191
j  com.google.inject.internal.cglib.reflect.$FastClass$Generator.create()Lcom/google/inject/internal/cglib/reflect/$FastClass;+19
j  com.google.inject.internal.BytecodeGen.newFastClass(Ljava/lang/Class;Lcom/google/inject/internal/BytecodeGen$Visibility;)Lcom/google/inject/internal/cglib/reflect/$FastClass;+73
j  com.google.inject.internal.DefaultConstructionProxyFactory.create()Lcom/google/inject/internal/ConstructionProxy;+31
j  com.google.inject.internal.ConstructorBindingImpl.<init>(Lcom/google/inject/Key;Ljava/lang/Object;Lcom/google/inject/internal/Scoping;Lcom/google/inject/spi/InjectionPoint;Ljava/util/Set;)V+29
j  com.google.inject.internal.BindingBuilder.toConstructor(Ljava/lang/reflect/Constructor;Lcom/google/inject/TypeLiteral;)Lcom/google/inject/binder/ScopedBindingBuilder;+78
j  com.google.inject.internal.BindingBuilder.toConstructor(Ljava/lang/reflect/Constructor;)Lcom/google/inject/binder/ScopedBindingBuilder;+9
j  org.eclipse.sisu.wire.LocatorWiring.bindImplicitType(Lcom/google/inject/TypeLiteral;)V+37
j  org.eclipse.sisu.wire.LocatorWiring.bindBeanImport(Lcom/google/inject/Key;)V+175
j  org.eclipse.sisu.wire.LocatorWiring.wire(Lcom/google/inject/Key;)Z+69
j  org.eclipse.sisu.wire.ElementAnalyzer.apply(Lorg/eclipse/sisu/wire/WireModule$Strategy;)V+107
j  org.eclipse.sisu.wire.WireModule.configure(Lcom/google/inject/Binder;)V+59
j  com.google.inject.spi.Elements$RecordingBinder.install(Lcom/google/inject/Module;)V+161
j  com.google.inject.spi.Elements.getElements(Lcom/google/inject/Stage;Ljava/lang/Iterable;)Ljava/util/List;+40
j  com.google.inject.internal.InjectorShell$Builder.build(Lcom/google/inject/internal/Initializer;Lcom/google/inject/internal/ProcessedBindingData;Lcom/google/inject/internal/util/Stopwatch;Lcom/google/inject/internal/Errors;)Ljava/util/List;+122
j  com.google.inject.internal.InternalInjectorCreator.build()Lcom/google/inject/Injector;+48
j  com.google.inject.Guice.createInjector(Lcom/google/inject/Stage;Ljava/lang/Iterable;)Lcom/google/inject/Injector;+15
j  com.google.inject.Guice.createInjector(Ljava/lang/Iterable;)Lcom/google/inject/Injector;+4
j  com.google.inject.Guice.createInjector([Lcom/google/inject/Module;)Lcom/google/inject/Injector;+4
j  org.codehaus.plexus.DefaultPlexusContainer.addPlexusInjector(Ljava/util/List;[Lcom/google/inject/Module;)Lcom/google/inject/Injector;+88
j  org.codehaus.plexus.DefaultPlexusContainer.<init>(Lorg/codehaus/plexus/ContainerConfiguration;[Lcom/google/inject/Module;)V+397
j  org.apache.maven.cli.MavenCli.container(Lorg/apache/maven/cli/CliRequest;)Lorg/codehaus/plexus/PlexusContainer;+269
j  org.apache.maven.cli.MavenCli.doMain(Lorg/apache/maven/cli/CliRequest;)I+29
j  org.apache.maven.cli.MavenCli.main([Ljava/lang/String;Lorg/codehaus/plexus/classworlds/ClassWorld;)I+18
v  ~StubRoutines::call_stub
V  [libjvm.so+0x51faad]
V  [libjvm.so+0x746985]
V  [libjvm.so+0x51ebea]
V  [libjvm.so+0x7b8d25]
V  [libjvm.so+0x7baa5e]
V  [libjvm.so+0x565ade]  JVM_InvokeMethod+0x10e
C  [libjava.so+0xcf53]  Java_sun_reflect_NativeMethodAccessorImpl_invoke0+0x23
j  sun.reflect.NativeMethodAccessorImpl.invoke0(Ljava/lang/reflect/Method;Ljava/lang/Object;[Ljava/lang/Object;)Ljava/lang/Object;+0
j  sun.reflect.NativeMethodAccessorImpl.invoke(Ljava/lang/Object;[Ljava/lang/Object;)Ljava/lang/Object;+100
j  sun.reflect.DelegatingMethodAccessorImpl.invoke(Ljava/lang/Object;[Ljava/lang/Object;)Ljava/lang/Object;+6
j  java.lang.reflect.Method.invoke(Ljava/lang/Object;[Ljava/lang/Object;)Ljava/lang/Object;+56
j  org.codehaus.plexus.classworlds.launcher.Launcher.launchEnhanced([Ljava/lang/String;)V+45
j  org.codehaus.plexus.classworlds.launcher.Launcher.launch([Ljava/lang/String;)V+2
j  org.codehaus.plexus.classworlds.launcher.Launcher.mainWithExitCode([Ljava/lang/String;)I+101
j  org.codehaus.plexus.classworlds.launcher.Launcher.main([Ljava/lang/String;)V+1
v  ~StubRoutines::call_stub
V  [libjvm.so+0x51faad]
...<more frames>...

Java frames: (J=compiled Java code, j=interpreted, Vv=VM code)
J 373  java.lang.ClassLoader.defineClass1(Ljava/lang/String;[BIILjava/security/ProtectionDomain;Ljava/lang/String;)Ljava/lang/Class; (0 bytes) @ 0xa7319887 [0xa73197e0+0xa7]
J 372 C1 java.lang.ClassLoader.defineClass(Ljava/lang/String;[BIILjava/security/ProtectionDomain;)Ljava/lang/Class; (43 bytes) @ 0xa7317d94 [0xa73178e0+0x4b4]
J 324 C1 java.net.URLClassLoader.defineClass(Ljava/lang/String;Lsun/misc/Resource;)Ljava/lang/Class; (142 bytes) @ 0xa72f65b8 [0xa72f4ee0+0x16d8]
J 238 C1 java.net.URLClassLoader$1.run()Ljava/lang/Class; (63 bytes) @ 0xa72be478 [0xa72be240+0x238]
J 189 C1 java.net.URLClassLoader$1.run()Ljava/lang/Object; (5 bytes) @ 0xa72a6050 [0xa72a5fe0+0x70]
v  ~StubRoutines::call_stub
J 144  java.security.AccessController.doPrivileged(Ljava/security/PrivilegedExceptionAction;Ljava/security/AccessControlContext;)Ljava/lang/Object; (0 bytes) @ 0xa728f8c8 [0xa728f860+0x68]
J 188 C1 java.net.URLClassLoader.findClass(Ljava/lang/String;)Ljava/lang/Class; (47 bytes) @ 0xa72a5974 [0xa72a5840+0x134]
J 434 C1 org.codehaus.plexus.classworlds.realm.ClassRealm.loadClassFromSelf(Ljava/lang/String;)Ljava/lang/Class; (40 bytes) @ 0xa7331180 [0xa7330ea0+0x2e0]
J 334 C1 org.codehaus.plexus.classworlds.strategy.SelfFirstStrategy.loadClass(Ljava/lang/String;)Ljava/lang/Class; (50 bytes) @ 0xa72fb988 [0xa72fb780+0x208]
J 261 C1 org.codehaus.plexus.classworlds.realm.ClassRealm.loadClass(Ljava/lang/String;)Ljava/lang/Class; (7 bytes) @ 0xa72ce47c [0xa72ce2c0+0x1bc]
v  ~StubRoutines::call_stub
j  com.google.inject.internal.cglib.core.$DefaultGeneratorStrategy.getClassVisitor()Lcom/google/inject/internal/cglib/core/$DebuggingClassWriter;+0
j  com.google.inject.internal.cglib.core.$DefaultGeneratorStrategy.generate(Lcom/google/inject/internal/cglib/core/$ClassGenerator;)[B+1
j  com.google.inject.internal.cglib.core.$AbstractClassGenerator.create(Ljava/lang/Object;)Ljava/lang/Object;+191
j  com.google.inject.internal.cglib.reflect.$FastClass$Generator.create()Lcom/google/inject/internal/cglib/reflect/$FastClass;+19
j  com.google.inject.internal.BytecodeGen.newFastClass(Ljava/lang/Class;Lcom/google/inject/internal/BytecodeGen$Visibility;)Lcom/google/inject/internal/cglib/reflect/$FastClass;+73
j  com.google.inject.internal.DefaultConstructionProxyFactory.create()Lcom/google/inject/internal/ConstructionProxy;+31
j  com.google.inject.internal.ConstructorBindingImpl.<init>(Lcom/google/inject/Key;Ljava/lang/Object;Lcom/google/inject/internal/Scoping;Lcom/google/inject/spi/InjectionPoint;Ljava/util/Set;)V+29
j  com.google.inject.internal.BindingBuilder.toConstructor(Ljava/lang/reflect/Constructor;Lcom/google/inject/TypeLiteral;)Lcom/google/inject/binder/ScopedBindingBuilder;+78
j  com.google.inject.internal.BindingBuilder.toConstructor(Ljava/lang/reflect/Constructor;)Lcom/google/inject/binder/ScopedBindingBuilder;+9
j  org.eclipse.sisu.wire.LocatorWiring.bindImplicitType(Lcom/google/inject/TypeLiteral;)V+37
j  org.eclipse.sisu.wire.LocatorWiring.bindBeanImport(Lcom/google/inject/Key;)V+175
j  org.eclipse.sisu.wire.LocatorWiring.wire(Lcom/google/inject/Key;)Z+69
j  org.eclipse.sisu.wire.ElementAnalyzer.apply(Lorg/eclipse/sisu/wire/WireModule$Strategy;)V+107
j  org.eclipse.sisu.wire.WireModule.configure(Lcom/google/inject/Binder;)V+59
j  com.google.inject.spi.Elements$RecordingBinder.install(Lcom/google/inject/Module;)V+161
j  com.google.inject.spi.Elements.getElements(Lcom/google/inject/Stage;Ljava/lang/Iterable;)Ljava/util/List;+40
j  com.google.inject.internal.InjectorShell$Builder.build(Lcom/google/inject/internal/Initializer;Lcom/google/inject/internal/ProcessedBindingData;Lcom/google/inject/internal/util/Stopwatch;Lcom/google/inject/internal/Errors;)Ljava/util/List;+122
j  com.google.inject.internal.InternalInjectorCreator.build()Lcom/google/inject/Injector;+48
j  com.google.inject.Guice.createInjector(Lcom/google/inject/Stage;Ljava/lang/Iterable;)Lcom/google/inject/Injector;+15
j  com.google.inject.Guice.createInjector(Ljava/lang/Iterable;)Lcom/google/inject/Injector;+4
j  com.google.inject.Guice.createInjector([Lcom/google/inject/Module;)Lcom/google/inject/Injector;+4
j  org.codehaus.plexus.DefaultPlexusContainer.addPlexusInjector(Ljava/util/List;[Lcom/google/inject/Module;)Lcom/google/inject/Injector;+88
j  org.codehaus.plexus.DefaultPlexusContainer.<init>(Lorg/codehaus/plexus/ContainerConfiguration;[Lcom/google/inject/Module;)V+397
j  org.apache.maven.cli.MavenCli.container(Lorg/apache/maven/cli/CliRequest;)Lorg/codehaus/plexus/PlexusContainer;+269
j  org.apache.maven.cli.MavenCli.doMain(Lorg/apache/maven/cli/CliRequest;)I+29
j  org.apache.maven.cli.MavenCli.main([Ljava/lang/String;Lorg/codehaus/plexus/classworlds/ClassWorld;)I+18
v  ~StubRoutines::call_stub
j  sun.reflect.NativeMethodAccessorImpl.invoke0(Ljava/lang/reflect/Method;Ljava/lang/Object;[Ljava/lang/Object;)Ljava/lang/Object;+0
j  sun.reflect.NativeMethodAccessorImpl.invoke(Ljava/lang/Object;[Ljava/lang/Object;)Ljava/lang/Object;+100
j  sun.reflect.DelegatingMethodAccessorImpl.invoke(Ljava/lang/Object;[Ljava/lang/Object;)Ljava/lang/Object;+6
j  java.lang.reflect.Method.invoke(Ljava/lang/Object;[Ljava/lang/Object;)Ljava/lang/Object;+56
j  org.codehaus.plexus.classworlds.launcher.Launcher.launchEnhanced([Ljava/lang/String;)V+45
j  org.codehaus.plexus.classworlds.launcher.Launcher.launch([Ljava/lang/String;)V+2
j  org.codehaus.plexus.classworlds.launcher.Launcher.mainWithExitCode([Ljava/lang/String;)I+101
j  org.codehaus.plexus.classworlds.launcher.Launcher.main([Ljava/lang/String;)V+1
v  ~StubRoutines::call_stub

---------------  P R O C E S S  ---------------

Java Threads: ( => current thread )
  0x637aa000 JavaThread "Service Thread" daemon [_thread_blocked, id=21236, stack(0x630db000,0x6312c000)]
  0x637a7000 JavaThread "C1 CompilerThread2" daemon [_thread_blocked, id=21233, stack(0x6312c000,0x631ad000)]
  0x637a5c00 JavaThread "C2 CompilerThread1" daemon [_thread_in_native, id=21231, stack(0x631ad000,0x6322e000)]
  0x637a3c00 JavaThread "C2 CompilerThread0" daemon [_thread_blocked, id=21230, stack(0x6322e000,0x632af000)]
  0x637a2400 JavaThread "Signal Dispatcher" daemon [_thread_blocked, id=21226, stack(0x632af000,0x63300000)]
  0x63788400 JavaThread "Finalizer" daemon [_thread_blocked, id=21224, stack(0x63813000,0x63864000)]
  0x63785800 JavaThread "Reference Handler" daemon [_thread_blocked, id=21222, stack(0x6642e000,0x6647f000)]
=>0xb6207800 JavaThread "main" [_thread_in_vm, id=21210, stack(0xb6344000,0xb6395000)]

Other Threads:
  0x63781000 VMThread [stack: 0x63864000,0x638e5000] [id=21221]
  0x637abc00 WatcherThread [stack: 0x6305a000,0x630db000] [id=21237]

VM state:not at safepoint (normal execution)

VM Mutex/Monitor currently owned by a thread: None

Heap:
 PSYoungGen      total 35840K, used 31807K [0x916c0000, 0x93c40000, 0xa6c00000)
  eden space 33280K, 87% used [0x916c0000,0x93351a90,0x93740000)
  from space 2560K, 99% used [0x939c0000,0x93c3e210,0x93c40000)
  to   space 2560K, 0% used [0x93740000,0x93740000,0x939c0000)
 ParOldGen       total 43776K, used 876K [0x66c00000, 0x696c0000, 0x916c0000)
  object space 43776K, 2% used [0x66c00000,0x66cdb368,0x696c0000)
 Metaspace       used 7610K, capacity 7676K, committed 7704K, reserved 8496K

Card table byte_map: [0x669ff000,0x66c00000] byte_map_base: 0x666c9000

Marking Bits: (ParMarkBitMap*) 0xb70ba880
 Begin Bits: [0x64300000, 0x65300000)
 End Bits:   [0x65300000, 0x66300000)

Polling page: 0xb76c7000

CodeCache: size=245760Kb used=2906Kb max_used=2915Kb free=242853Kb
 bounds [0xa71ad000, 0xa748d000, 0xb61ad000]
 total_blobs=1187 nmethods=1019 adapters=82
 compilation: enabled

Compilation events (10 events):
Event: 4.096 Thread 0x637a5c00 nmethod 998 0xa74863c8 code [0xa7486520, 0xa7486f7c]
Event: 4.099 Thread 0x637a7000 1018       3       org.eclipse.sisu.inject.TypeArguments::isConcrete (23 bytes)
Event: 4.100 Thread 0x637a7000 nmethod 1018 0xa7485ec8 code [0xa7486000, 0xa74862d8]
Event: 4.126 Thread 0x637a7000 1019       3       java.util.ArrayList::toArray (60 bytes)
Event: 4.127 Thread 0x637a7000 nmethod 1019 0xa7485848 code [0xa7485980, 0xa7485db8]
Event: 4.128 Thread 0x637a3c00 1020       4       java.lang.CharacterDataLatin1::toUpperCase (53 bytes)
Event: 4.130 Thread 0x637a3c00 nmethod 1020 0xa7484148 code [0xa7484240, 0xa74842f0]
Event: 4.137 Thread 0x637a5c00 1022       4       java.io.DataOutputStream::writeUTF (435 bytes)
Event: 4.175 Thread 0x637a7000 1023       3       java.util.regex.Pattern$Dot::isSatisfiedBy (34 bytes)
Event: 4.175 Thread 0x637a7000 nmethod 1023 0xa7483b48 code [0xa7483c60, 0xa7483e00]

GC Heap History (4 events):
Event: 0.972 GC heap before
{Heap before GC invocations=1 (full 0):
 PSYoungGen      total 19200K, used 16640K [0x916c0000, 0x92c00000, 0xa6c00000)
  eden space 16640K, 100% used [0x916c0000,0x92700000,0x92700000)
  from space 2560K, 0% used [0x92980000,0x92980000,0x92c00000)
  to   space 2560K, 0% used [0x92700000,0x92700000,0x92980000)
 ParOldGen       total 43776K, used 0K [0x66c00000, 0x696c0000, 0x916c0000)
  object space 43776K, 0% used [0x66c00000,0x66c00000,0x696c0000)
 Metaspace       used 4672K, capacity 4714K, committed 4760K, reserved 5424K
Event: 0.983 GC heap after
Heap after GC invocations=1 (full 0):
 PSYoungGen      total 19200K, used 2547K [0x916c0000, 0x93c40000, 0xa6c00000)
  eden space 16640K, 0% used [0x916c0000,0x916c0000,0x92700000)
  from space 2560K, 99% used [0x92700000,0x9297ccb0,0x92980000)
  to   space 2560K, 0% used [0x939c0000,0x939c0000,0x93c40000)
 ParOldGen       total 43776K, used 814K [0x66c00000, 0x696c0000, 0x916c0000)
  object space 43776K, 1% used [0x66c00000,0x66ccba40,0x696c0000)
 Metaspace       used 4672K, capacity 4714K, committed 4760K, reserved 5424K
}
Event: 2.027 GC heap before
{Heap before GC invocations=2 (full 0):
 PSYoungGen      total 19200K, used 19187K [0x916c0000, 0x93c40000, 0xa6c00000)
  eden space 16640K, 100% used [0x916c0000,0x92700000,0x92700000)
  from space 2560K, 99% used [0x92700000,0x9297ccb0,0x92980000)
  to   space 2560K, 0% used [0x939c0000,0x939c0000,0x93c40000)
 ParOldGen       total 43776K, used 814K [0x66c00000, 0x696c0000, 0x916c0000)
  object space 43776K, 1% used [0x66c00000,0x66ccba40,0x696c0000)
 Metaspace       used 5319K, capacity 5354K, committed 5400K, reserved 5424K
Event: 2.047 GC heap after
Heap after GC invocations=2 (full 0):
 PSYoungGen      total 35840K, used 2552K [0x916c0000, 0x93c40000, 0xa6c00000)
  eden space 33280K, 0% used [0x916c0000,0x916c0000,0x93740000)
  from space 2560K, 99% used [0x939c0000,0x93c3e210,0x93c40000)
  to   space 2560K, 0% used [0x93740000,0x93740000,0x939c0000)
 ParOldGen       total 43776K, used 876K [0x66c00000, 0x696c0000, 0x916c0000)
  object space 43776K, 2% used [0x66c00000,0x66cdb368,0x696c0000)
 Metaspace       used 5319K, capacity 5354K, committed 5400K, reserved 5424K
}

Deoptimization events (5 events):
Event: 0.494 Thread 0xb6207800 Uncommon trap: reason=unstable_if action=reinterpret pc=0xa72b3104 method=org.codehaus.plexus.util.xml.pull.MXParser.more()C @ 8
Event: 1.017 Thread 0xb6207800 Uncommon trap: reason=unstable_if action=reinterpret pc=0xa7337e88 method=java.util.HashMap.getNode(ILjava/lang/Object;)Ljava/util/HashMap$Node; @ 129
Event: 1.023 Thread 0xb6207800 Uncommon trap: reason=range_check action=make_not_entrant pc=0xa73357c4 method=sun.reflect.generics.parser.SignatureParser.current()C @ 34
Event: 1.231 Thread 0xb6207800 Uncommon trap: reason=unstable_if action=reinterpret pc=0xa7374270 method=java.nio.charset.CoderResult.isOverflow()Z @ 5
Event: 1.605 Thread 0xb6207800 Uncommon trap: reason=unstable_if action=reinterpret pc=0xa7396080 method=sun.nio.cs.StreamDecoder.implRead([CII)I @ 197

Internal exceptions (10 events):
Event: 1.019 Thread 0xb6207800 Exception <a 'java/lang/ArrayIndexOutOfBoundsException'> (0x917e9548) thrown at [/build/openjdk-8-Y4imzb/openjdk-8-8u151-b12/src/hotspot/src/share/vm/runtime/sharedRuntime.cpp, line 605]
Event: 1.020 Thread 0xb6207800 Exception <a 'java/lang/ArrayIndexOutOfBoundsException'> (0x917ea178) thrown at [/build/openjdk-8-Y4imzb/openjdk-8-8u151-b12/src/hotspot/src/share/vm/runtime/sharedRuntime.cpp, line 605]
Event: 1.020 Thread 0xb6207800 Exception <a 'java/lang/ArrayIndexOutOfBoundsException'> (0x917eb640) thrown at [/build/openjdk-8-Y4imzb/openjdk-8-8u151-b12/src/hotspot/src/share/vm/runtime/sharedRuntime.cpp, line 605]
Event: 1.021 Thread 0xb6207800 Exception <a 'java/lang/ArrayIndexOutOfBoundsException'> (0x917f1ed8) thrown at [/build/openjdk-8-Y4imzb/openjdk-8-8u151-b12/src/hotspot/src/share/vm/runtime/sharedRuntime.cpp, line 605]
Event: 1.022 Thread 0xb6207800 Exception <a 'java/lang/ArrayIndexOutOfBoundsException'> (0x917f3cc0) thrown at [/build/openjdk-8-Y4imzb/openjdk-8-8u151-b12/src/hotspot/src/share/vm/runtime/sharedRuntime.cpp, line 605]
Event: 1.022 Thread 0xb6207800 Exception <a 'java/lang/ArrayIndexOutOfBoundsException'> (0x917f48f8) thrown at [/build/openjdk-8-Y4imzb/openjdk-8-8u151-b12/src/hotspot/src/share/vm/runtime/sharedRuntime.cpp, line 605]
Event: 1.022 Thread 0xb6207800 Exception <a 'java/lang/ArrayIndexOutOfBoundsException'> (0x917f5cb0) thrown at [/build/openjdk-8-Y4imzb/openjdk-8-8u151-b12/src/hotspot/src/share/vm/runtime/sharedRuntime.cpp, line 605]
Event: 1.022 Thread 0xb6207800 Exception <a 'java/lang/ArrayIndexOutOfBoundsException'> (0x917f6888) thrown at [/build/openjdk-8-Y4imzb/openjdk-8-8u151-b12/src/hotspot/src/share/vm/runtime/sharedRuntime.cpp, line 605]
Event: 1.022 Thread 0xb6207800 Exception <a 'java/lang/ArrayIndexOutOfBoundsException'> (0x917f7db0) thrown at [/build/openjdk-8-Y4imzb/openjdk-8-8u151-b12/src/hotspot/src/share/vm/runtime/sharedRuntime.cpp, line 605]
Event: 1.024 Thread 0xb6207800 Exception <a 'java/lang/ArrayIndexOutOfBoundsException': 100> (0x917f9d48) thrown at [/build/openjdk-8-Y4imzb/openjdk-8-8u151-b12/src/hotspot/src/share/vm/interpreter/interpreterRuntime.cpp, line 366]

Events (10 events):
Event: 4.232 loading class com/google/inject/internal/cglib/core/$ReflectUtils$2
Event: 4.232 loading class com/google/inject/internal/cglib/core/$ReflectUtils$2 done
Event: 4.233 loading class com/google/inject/internal/cglib/core/$ReflectUtils$1
Event: 4.233 loading class com/google/inject/internal/cglib/core/$ReflectUtils$1 done
Event: 4.235 loading class java/lang/ClassFormatError
Event: 4.235 loading class java/lang/ClassFormatError done
Event: 4.235 loading class java/lang/AssertionStatusDirectives
Event: 4.238 loading class java/lang/AssertionStatusDirectives done
Event: 4.239 loading class com/google/inject/internal/asm/$ClassWriter
Event: 4.239 loading class com/google/inject/internal/asm/$ClassWriter done


Dynamic libraries:
08048000-08049000 r-xp 00000000 08:01 1693306    /usr/lib/jvm/java-8-openjdk-i386/jre/bin/java
08049000-0804a000 r--p 00000000 08:01 1693306    /usr/lib/jvm/java-8-openjdk-i386/jre/bin/java
0804a000-0804b000 rw-p 00001000 08:01 1693306    /usr/lib/jvm/java-8-openjdk-i386/jre/bin/java
0965c000-0967d000 rw-p 00000000 00:00 0          [heap]
62300000-62340000 rw-p 00000000 00:00 0 
62360000-62400000 ---p 00000000 00:00 0 
62400000-624bf000 rw-p 00000000 00:00 0 
624bf000-62500000 ---p 00000000 00:00 0 
62500000-62600000 rw-p 00000000 00:00 0 
62600000-62700000 rw-p 00000000 00:00 0 
62700000-62721000 rw-p 00000000 00:00 0 
62721000-62800000 ---p 00000000 00:00 0 
62800000-62900000 rw-p 00000000 00:00 0 
62900000-62a00000 rw-p 00000000 00:00 0 
62a00000-62b00000 rw-p 00000000 00:00 0 
62b00000-62c00000 rw-p 00000000 00:00 0 
62c00000-62cfe000 rw-p 00000000 00:00 0 
62cfe000-62d00000 ---p 00000000 00:00 0 
62d00000-62dff000 rw-p 00000000 00:00 0 
62dff000-62e00000 ---p 00000000 00:00 0 
62ec0000-62ecd000 r--s 0008d000 08:01 1149531    /usr/share/java/maven3-core-3.3.9.jar
62ecd000-62ed4000 r--s 0002c000 08:01 1149509    /usr/share/java/sisu-plexus.jar
62ed4000-62f00000 r--s 00208000 08:01 1148516    /usr/share/java/guava.jar
62f00000-62ffb000 rw-p 00000000 00:00 0 
62ffb000-63000000 ---p 00000000 00:00 0 
63000000-63001000 r--s 00001000 08:01 1149511    /usr/share/java/wagon-file-2.x.jar
63001000-63004000 r--s 00007000 08:01 1149537    /usr/share/java/maven3-settings-builder-3.3.9.jar
63004000-63006000 r--s 0000d000 08:01 1149536    /usr/share/java/maven3-aether-provider-3.3.9.jar
63006000-6300a000 r--s 00027000 08:01 1145546    /usr/share/java/commons-io-2.4.jar
6300a000-63012000 r--s 00054000 08:01 1149507    /usr/share/java/sisu-inject.jar
63012000-63019000 r--s 0005d000 08:01 1149254    /usr/share/java/commons-lang3.jar
63019000-6301a000 r--s 00004000 08:01 1145398    /usr/share/java/atinject-jsr330-tck-1.0.jar
6301a000-6301c000 r--s 0000e000 08:01 1149271    /usr/share/java/plexus-interpolation.jar
6301c000-6301e000 r--s 00006000 08:01 1149372    /usr/share/java/eclipse-aether-spi.jar
6301e000-6301f000 r--s 00008000 08:01 1149370    /usr/share/java/eclipse-aether-connector-basic.jar
6301f000-63023000 r--s 00027000 08:01 1149367    /usr/share/java/eclipse-aether-impl.jar
63023000-63025000 r--s 00005000 08:01 1149373    /usr/share/java/eclipse-aether-transport-wagon.jar
63025000-63027000 r--s 00001000 08:01 1149403    /usr/share/java/aopalliance-1.0.jar
63027000-63029000 r--s 00001000 08:01 1149538    /usr/share/java/maven3-builder-support-3.3.9.jar
63029000-6305a000 r--s 00207000 08:01 1149515    /usr/share/java/wagon-http-shaded-2.x.jar
6305a000-6305b000 ---p 00000000 00:00 0 
6305b000-630db000 rw-p 00000000 00:00 0 
630db000-630de000 ---p 00000000 00:00 0 
630de000-6312c000 rw-p 00000000 00:00 0 
6312c000-6312f000 ---p 00000000 00:00 0 
6312f000-631ad000 rw-p 00000000 00:00 0 
631ad000-631b0000 ---p 00000000 00:00 0 
631b0000-6322e000 rw-p 00000000 00:00 0 
6322e000-63231000 ---p 00000000 00:00 0 
63231000-632af000 rw-p 00000000 00:00 0 
632af000-632b2000 ---p 00000000 00:00 0 
632b2000-63300000 rw-p 00000000 00:00 0 
63300000-63500000 r--p 00000000 08:01 1110568    /usr/lib/locale/locale-archive
63500000-635fa000 rw-p 00000000 00:00 0 
635fa000-63600000 ---p 00000000 00:00 0 
63600000-63621000 rw-p 00000000 00:00 0 
63621000-63700000 ---p 00000000 00:00 0 
63700000-637fb000 rw-p 00000000 00:00 0 
637fb000-63800000 ---p 00000000 00:00 0 
63800000-63805000 r--s 0001d000 08:01 1149374    /usr/share/java/eclipse-aether-api.jar
63805000-63807000 r--s 00002000 08:01 1149449    /usr/share/java/plexus-cipher.jar
63807000-63808000 r--s 00002000 08:01 1149066    /usr/share/java/slf4j-simple.jar
63808000-6380a000 r--s 00013000 08:01 1149534    /usr/share/java/maven3-embedder-3.3.9.jar
6380a000-6380c000 r--s 00027000 08:01 1149535    /usr/share/java/maven3-model-3.3.9.jar
6380c000-6380e000 r--s 0000a000 08:01 1147016    /usr/share/java/commons-cli-1.3.1.jar
6380e000-63810000 r--s 0000a000 08:01 1149512    /usr/share/java/wagon-provider-api-2.x.jar
63810000-63813000 r--s 0000a000 08:01 1149539    /usr/share/java/maven3-artifact-3.3.9.jar
63813000-63816000 ---p 00000000 00:00 0 
63816000-63864000 rw-p 00000000 00:00 0 
63864000-63865000 ---p 00000000 00:00 0 
63865000-638e5000 rw-p 00000000 00:00 0 
638e5000-63ab4000 r--s 03c21000 08:01 1693223    /usr/lib/jvm/java-8-openjdk-i386/jre/lib/rt.jar
63ab4000-63efa000 rw-p 00000000 00:00 0 
63efa000-63f00000 ---p 00000000 00:00 0 
63f00000-66300000 rw-p 00000000 00:00 0 
66300000-663b5000 rw-p 00000000 00:00 0 
663b5000-66400000 ---p 00000000 00:00 0 
66400000-66404000 r--s 00020000 08:01 1149392    /usr/share/java/eclipse-aether-util.jar
66404000-66405000 r--s 00006000 08:01 1149532    /usr/share/java/maven3-repository-metadata-3.3.9.jar
66405000-66407000 r--s 00007000 08:01 1149069    /usr/share/java/slf4j-api.jar
66407000-66408000 r--s 0000a000 08:01 1149528    /usr/share/java/maven3-settings-3.3.9.jar
66408000-66409000 r--s 00001000 08:01 1149518    /usr/share/java/wagon-http-shared-2.x.jar
66409000-6640d000 r--s 00038000 08:01 1149495    /usr/share/java/plexus-utils2.jar
6640d000-66413000 r--s 00048000 08:01 1149288    /usr/share/java/jsoup.jar
66413000-6642e000 r--s 00394000 08:01 1693228    /usr/lib/jvm/java-8-openjdk-i386/jre/lib/ext/cldrdata.jar
6642e000-66431000 ---p 00000000 00:00 0 
66431000-6647f000 rw-p 00000000 00:00 0 
6647f000-66480000 ---p 00000000 00:00 0 
66480000-66500000 rw-p 00000000 00:00 0 
66500000-66600000 rw-p 00000000 00:00 0 
66600000-66621000 rw-p 00000000 00:00 0 
66621000-66700000 ---p 00000000 00:00 0 
66700000-66701000 r--s 00006000 08:01 1149451    /usr/share/java/plexus-sec-dispatcher.jar
66701000-66703000 r--s 0000a000 08:01 1149529    /usr/share/java/maven3-plugin-api-3.3.9.jar
66703000-66708000 r--s 00025000 08:01 1149533    /usr/share/java/maven3-model-builder-3.3.9.jar
66708000-66716000 r--s 00095000 08:01 1149408    /usr/share/java/guice.jar
66716000-66731000 r--s 001d6000 08:01 1693230    /usr/lib/jvm/java-8-openjdk-i386/jre/lib/ext/nashorn.jar
66731000-6677f000 rw-p 00000000 00:00 0 
6677f000-66780000 ---p 00000000 00:00 0 
66780000-66800000 rw-p 00000000 00:00 0 
66800000-66821000 rw-p 00000000 00:00 0 
66821000-66900000 ---p 00000000 00:00 0 
66900000-66905000 r--s 00040000 08:01 1145678    /usr/share/java/commons-lang-2.6.jar
66905000-66907000 r--s 00000000 08:01 1149499    /usr/share/java/plexus-component-annotations-1.5.jar
66907000-66908000 r--s 00000000 08:01 1149240    /usr/share/java/geronimo-interceptor-3.0-spec-1.0.1.jar
66908000-6690a000 r--s 00012000 08:01 1144777    /usr/share/java/el-api-3.0.jar
6690a000-6690b000 r--s 00000000 08:01 1145399    /usr/share/java/atinject-jsr330-api-1.0.jar
6690b000-6697e000 rw-p 00000000 00:00 0 
6697e000-6697f000 ---p 00000000 00:00 0 
6697f000-66a15000 rw-p 00000000 00:00 0 
66a15000-66b54000 ---p 00000000 00:00 0 
66b54000-66b68000 rw-p 00000000 00:00 0 
66b68000-66bff000 ---p 00000000 00:00 0 
66bff000-696c0000 rw-p 00000000 00:00 0 
696c0000-916c0000 ---p 00000000 00:00 0 
916c0000-93c40000 rw-p 00000000 00:00 0 
93c40000-a6c00000 ---p 00000000 00:00 0 
a6c00000-a6c03000 r--s 00008000 08:01 1149246    /usr/share/java/cdi-api-1.0.jar
a6c03000-a6c0a000 r--s 00041000 08:01 1149530    /usr/share/java/maven3-compat-3.3.9.jar
a6c0a000-a6c0c000 r--s 0000a000 08:01 1149493    /usr/share/java/plexus-classworlds2-2.5.2.jar
a6c0c000-a6c0e000 r--s 00008000 08:01 1693232    /usr/lib/jvm/java-8-openjdk-i386/jre/lib/ext/sunec.jar
a6c0e000-a6c10000 r--s 00001000 08:01 1693236    /usr/lib/jvm/java-8-openjdk-i386/jre/lib/ext/dnsns.jar
a6c10000-a6c16000 r--s 0003a000 08:01 1693231    /usr/lib/jvm/java-8-openjdk-i386/jre/lib/ext/sunjce_provider.jar
a6c16000-a6c17000 ---p 00000000 00:00 0 
a6c17000-a6cad000 rw-p 00000000 00:00 0 
a6cad000-a6ded000 ---p 00000000 00:00 0 
a6ded000-a6df9000 rw-p 00000000 00:00 0 
a6df9000-a71ad000 ---p 00000000 00:00 0 
a71ad000-a748d000 rwxp 00000000 00:00 0 
a748d000-b61ad000 ---p 00000000 00:00 0 
b61ad000-b61b8000 r-xp 00000000 08:01 3402889    /lib/i386-linux-gnu/libnss_files-2.23.so
b61b8000-b61b9000 r--p 0000a000 08:01 3402889    /lib/i386-linux-gnu/libnss_files-2.23.so
b61b9000-b61ba000 rw-p 0000b000 08:01 3402889    /lib/i386-linux-gnu/libnss_files-2.23.so
b61ba000-b61c0000 rw-p 00000000 00:00 0 
b61c0000-b61cb000 r-xp 00000000 08:01 3402895    /lib/i386-linux-gnu/libnss_nis-2.23.so
b61cb000-b61cc000 r--p 0000a000 08:01 3402895    /lib/i386-linux-gnu/libnss_nis-2.23.so
b61cc000-b61cd000 rw-p 0000b000 08:01 3402895    /lib/i386-linux-gnu/libnss_nis-2.23.so
b61cd000-b61e4000 r-xp 00000000 08:01 3402652    /lib/i386-linux-gnu/libnsl-2.23.so
b61e4000-b61e5000 r--p 00016000 08:01 3402652    /lib/i386-linux-gnu/libnsl-2.23.so
b61e5000-b61e6000 rw-p 00017000 08:01 3402652    /lib/i386-linux-gnu/libnsl-2.23.so
b61e6000-b61e8000 rw-p 00000000 00:00 0 
b61e8000-b61e9000 r--s 00010000 08:01 1693229    /usr/lib/jvm/java-8-openjdk-i386/jre/lib/ext/zipfs.jar
b61e9000-b61ec000 r--s 0000f000 08:01 1693227    /usr/lib/jvm/java-8-openjdk-i386/jre/lib/ext/icedtea-sound.jar
b61ec000-b61f6000 r--s 00116000 08:01 1693233    /usr/lib/jvm/java-8-openjdk-i386/jre/lib/ext/localedata.jar
b61f6000-b61fe000 r-xp 00000000 08:01 1693277    /usr/lib/jvm/java-8-openjdk-i386/jre/lib/i386/libzip.so
b61fe000-b61ff000 r--p 00007000 08:01 1693277    /usr/lib/jvm/java-8-openjdk-i386/jre/lib/i386/libzip.so
b61ff000-b6200000 rw-p 00008000 08:01 1693277    /usr/lib/jvm/java-8-openjdk-i386/jre/lib/i386/libzip.so
b6200000-b62fb000 rw-p 00000000 00:00 0 
b62fb000-b6300000 ---p 00000000 00:00 0 
b6300000-b6308000 rw-s 00000000 08:01 2577443    /tmp/hsperfdata_sarnobat/21156
b6308000-b6310000 r-xp 00000000 08:01 3402720    /lib/i386-linux-gnu/libnss_compat-2.23.so
b6310000-b6311000 r--p 00007000 08:01 3402720    /lib/i386-linux-gnu/libnss_compat-2.23.so
b6311000-b6312000 rw-p 00008000 08:01 3402720    /lib/i386-linux-gnu/libnss_compat-2.23.so
b6312000-b6339000 r-xp 00000000 08:01 1693258    /usr/lib/jvm/java-8-openjdk-i386/jre/lib/i386/libjava.so
b6339000-b633a000 r--p 00026000 08:01 1693258    /usr/lib/jvm/java-8-openjdk-i386/jre/lib/i386/libjava.so
b633a000-b633b000 rw-p 00027000 08:01 1693258    /usr/lib/jvm/java-8-openjdk-i386/jre/lib/i386/libjava.so
b633b000-b6342000 r-xp 00000000 08:01 3402905    /lib/i386-linux-gnu/librt-2.23.so
b6342000-b6343000 r--p 00006000 08:01 3402905    /lib/i386-linux-gnu/librt-2.23.so
b6343000-b6344000 rw-p 00007000 08:01 3402905    /lib/i386-linux-gnu/librt-2.23.so
b6344000-b6347000 ---p 00000000 00:00 0 
b6347000-b6395000 rw-p 00000000 00:00 0 
b6395000-b63b1000 r-xp 00000000 08:01 3402590    /lib/i386-linux-gnu/libgcc_s.so.1
b63b1000-b63b2000 rw-p 0001b000 08:01 3402590    /lib/i386-linux-gnu/libgcc_s.so.1
b63b2000-b6405000 r-xp 00000000 08:01 3402651    /lib/i386-linux-gnu/libm-2.23.so
b6405000-b6406000 r--p 00052000 08:01 3402651    /lib/i386-linux-gnu/libm-2.23.so
b6406000-b6407000 rw-p 00053000 08:01 3402651    /lib/i386-linux-gnu/libm-2.23.so
b6407000-b6574000 r-xp 00000000 08:01 1104849    /usr/lib/i386-linux-gnu/libstdc++.so.6.0.21
b6574000-b6575000 ---p 0016d000 08:01 1104849    /usr/lib/i386-linux-gnu/libstdc++.so.6.0.21
b6575000-b657a000 r--p 0016d000 08:01 1104849    /usr/lib/i386-linux-gnu/libstdc++.so.6.0.21
b657a000-b657b000 rw-p 00172000 08:01 1104849    /usr/lib/i386-linux-gnu/libstdc++.so.6.0.21
b657b000-b657e000 rw-p 00000000 00:00 0 
b657e000-b704f000 r-xp 00000000 08:01 1693269    /usr/lib/jvm/java-8-openjdk-i386/jre/lib/i386/server/libjvm.so
b704f000-b7095000 r--p 00ad0000 08:01 1693269    /usr/lib/jvm/java-8-openjdk-i386/jre/lib/i386/server/libjvm.so
b7095000-b70ac000 rw-p 00b16000 08:01 1693269    /usr/lib/jvm/java-8-openjdk-i386/jre/lib/i386/server/libjvm.so
b70ac000-b74cc000 rw-p 00000000 00:00 0 
b74cc000-b74e5000 r-xp 00000000 08:01 3402662    /lib/i386-linux-gnu/libpthread-2.23.so
b74e5000-b74e6000 r--p 00018000 08:01 3402662    /lib/i386-linux-gnu/libpthread-2.23.so
b74e6000-b74e7000 rw-p 00019000 08:01 3402662    /lib/i386-linux-gnu/libpthread-2.23.so
b74e7000-b74e9000 rw-p 00000000 00:00 0 
b74e9000-b74ec000 r-xp 00000000 08:01 3402697    /lib/i386-linux-gnu/libdl-2.23.so
b74ec000-b74ed000 r--p 00002000 08:01 3402697    /lib/i386-linux-gnu/libdl-2.23.so
b74ed000-b74ee000 rw-p 00003000 08:01 3402697    /lib/i386-linux-gnu/libdl-2.23.so
b74ee000-b74ef000 rw-p 00000000 00:00 0 
b74ef000-b7508000 r-xp 00000000 08:01 3402741    /lib/i386-linux-gnu/libz.so.1.2.8
b7508000-b7509000 r--p 00018000 08:01 3402741    /lib/i386-linux-gnu/libz.so.1.2.8
b7509000-b750a000 rw-p 00019000 08:01 3402741    /lib/i386-linux-gnu/libz.so.1.2.8
b750a000-b76ba000 r-xp 00000000 08:01 3402663    /lib/i386-linux-gnu/libc-2.23.so
b76ba000-b76bc000 r--p 001af000 08:01 3402663    /lib/i386-linux-gnu/libc-2.23.so
b76bc000-b76bd000 rw-p 001b1000 08:01 3402663    /lib/i386-linux-gnu/libc-2.23.so
b76bd000-b76c0000 rw-p 00000000 00:00 0 
b76c0000-b76c1000 r--s 0000a000 08:01 1693235    /usr/lib/jvm/java-8-openjdk-i386/jre/lib/ext/jaccess.jar
b76c1000-b76c5000 r--s 00037000 08:01 1693234    /usr/lib/jvm/java-8-openjdk-i386/jre/lib/ext/sunpkcs11.jar
b76c5000-b76c6000 r--p 002d4000 08:01 1110568    /usr/lib/locale/locale-archive
b76c6000-b76c7000 rw-p 00000000 00:00 0 
b76c7000-b76c8000 r--p 00000000 00:00 0 
b76c8000-b76d6000 r-xp 00000000 08:01 1693275    /usr/lib/jvm/java-8-openjdk-i386/jre/lib/i386/libverify.so
b76d6000-b76d7000 r--p 0000d000 08:01 1693275    /usr/lib/jvm/java-8-openjdk-i386/jre/lib/i386/libverify.so
b76d7000-b76d8000 rw-p 0000e000 08:01 1693275    /usr/lib/jvm/java-8-openjdk-i386/jre/lib/i386/libverify.so
b76d8000-b76e5000 r-xp 00000000 08:01 1693273    /usr/lib/jvm/java-8-openjdk-i386/jre/lib/i386/jli/libjli.so
b76e5000-b76e6000 r--p 0000c000 08:01 1693273    /usr/lib/jvm/java-8-openjdk-i386/jre/lib/i386/jli/libjli.so
b76e6000-b76e7000 rw-p 0000d000 08:01 1693273    /usr/lib/jvm/java-8-openjdk-i386/jre/lib/i386/jli/libjli.so
b76e7000-b76e8000 rw-p 00000000 00:00 0 
b76e8000-b76ea000 r--p 00000000 00:00 0          [vvar]
b76ea000-b76eb000 r-xp 00000000 00:00 0          [vdso]
b76eb000-b770e000 r-xp 00000000 08:01 3402661    /lib/i386-linux-gnu/ld-2.23.so
b770e000-b770f000 r--p 00022000 08:01 3402661    /lib/i386-linux-gnu/ld-2.23.so
b770f000-b7710000 rw-p 00023000 08:01 3402661    /lib/i386-linux-gnu/ld-2.23.so
bff29000-bff4a000 rw-p 00000000 00:00 0          [stack]

VM Arguments:
jvm_args: -Dclassworlds.conf=/usr/share/maven/bin/m2.conf -Dmaven.home=/usr/share/maven -Dmaven.multiModuleProjectDirectory=/home/sarnobat/github/maven_project 
java_command: org.codehaus.plexus.classworlds.launcher.Launcher --quiet --settings /home/sarnobat/sarnobat.git/mac/.m2/settings.xml install exec:java -Dexec.mainClass=Md5RoList -Dexec.args=4485
java_class_path (initial): /usr/share/maven/boot/plexus-classworlds-2.x.jar
Launcher Type: SUN_STANDARD

Environment Variables:
JAVA_HOME=/usr/lib/jvm/java-8-openjdk-i386
PATH=/usr/bin:/bin
SHELL=/bin/sh

Signal Handlers:
SIGSEGV: [libjvm.so+0x8d7370], sa_mask[0]=11111111011111111101111111111110, sa_flags=SA_RESTART|SA_SIGINFO
SIGBUS: [libjvm.so+0x8d7370], sa_mask[0]=11111111011111111101111111111110, sa_flags=SA_RESTART|SA_SIGINFO
SIGFPE: [libjvm.so+0x73d1c0], sa_mask[0]=11111111011111111101111111111110, sa_flags=SA_RESTART|SA_SIGINFO
SIGPIPE: [libjvm.so+0x73d1c0], sa_mask[0]=11111111011111111101111111111110, sa_flags=SA_RESTART|SA_SIGINFO
SIGXFSZ: [libjvm.so+0x73d1c0], sa_mask[0]=11111111011111111101111111111110, sa_flags=SA_RESTART|SA_SIGINFO
SIGILL: [libjvm.so+0x73d1c0], sa_mask[0]=11111111011111111101111111111110, sa_flags=SA_RESTART|SA_SIGINFO
SIGUSR1: SIG_DFL, sa_mask[0]=00000000000000000000000000000000, sa_flags=none
SIGUSR2: [libjvm.so+0x73d000], sa_mask[0]=00000000000000000000000000000000, sa_flags=SA_RESTART|SA_SIGINFO
SIGHUP: [libjvm.so+0x73d790], sa_mask[0]=11111111011111111101111111111110, sa_flags=SA_RESTART|SA_SIGINFO
SIGINT: [libjvm.so+0x73d790], sa_mask[0]=11111111011111111101111111111110, sa_flags=SA_RESTART|SA_SIGINFO
SIGTERM: [libjvm.so+0x73d790], sa_mask[0]=11111111011111111101111111111110, sa_flags=SA_RESTART|SA_SIGINFO
SIGQUIT: [libjvm.so+0x73d790], sa_mask[0]=11111111011111111101111111111110, sa_flags=SA_RESTART|SA_SIGINFO


---------------  S Y S T E M  ---------------

OS:DISTRIB_ID=Ubuntu
DISTRIB_RELEASE=16.04
DISTRIB_CODENAME=xenial
DISTRIB_DESCRIPTION="Ubuntu 16.04.1 LTS"

uname:Linux 4.4.0-104-generic #127-Ubuntu SMP Mon Dec 11 12:16:50 UTC 2017 i686
libc:glibc 2.23 NPTL 2.23 
rlimit: STACK 8192k, CORE 0k, NPROC 63057, NOFILE 1048576, AS infinity
load average:2.63 2.36 2.38

/proc/meminfo:
MemTotal:        8107456 kB
MemFree:          353936 kB
MemAvailable:          0 kB
Buffers:            5260 kB
Cached:           229104 kB
SwapCached:        20120 kB
Active:          6163180 kB
Inactive:        1381024 kB
Active(anon):    6131356 kB
Inactive(anon):  1350516 kB
Active(file):      31824 kB
Inactive(file):    30508 kB
Unevictable:           0 kB
Mlocked:               0 kB
HighTotal:       7292552 kB
HighFree:          63084 kB
LowTotal:         814904 kB
LowFree:          290852 kB
SwapTotal:       4007932 kB
SwapFree:              0 kB
Dirty:               788 kB
Writeback:             0 kB
AnonPages:       7289772 kB
Mapped:            51272 kB
Shmem:            172068 kB
Slab:              98424 kB
SReclaimable:      51392 kB
SUnreclaim:        47032 kB
KernelStack:       16576 kB
PageTables:        46188 kB
NFS_Unstable:          0 kB
Bounce:                0 kB
WritebackTmp:          0 kB
CommitLimit:     8061660 kB
Committed_AS:   25942840 kB
VmallocTotal:     122880 kB
VmallocUsed:           0 kB
VmallocChunk:          0 kB
AnonHugePages:   4343808 kB
CmaTotal:              0 kB
CmaFree:               0 kB
HugePages_Total:       0
HugePages_Free:        0
HugePages_Rsvd:        0
HugePages_Surp:        0
Hugepagesize:       2048 kB
DirectMap4k:       34808 kB
DirectMap2M:      876544 kB


CPU:total 4 (initial active 4) (2 cores per cpu, 2 threads per core) family 6 model 58 stepping 9, cmov, cx8, fxsr, mmx, sse, sse2, sse3, ssse3, sse4.1, sse4.2, popcnt, avx, aes, clmul, erms, ht, tsc, tscinvbit, tscinv

/proc/cpuinfo:
processor	: 0
vendor_id	: GenuineIntel
cpu family	: 6
model		: 58
model name	: Intel(R) Core(TM) i5-3427U CPU @ 1.80GHz
stepping	: 9
microcode	: 0x17
cpu MHz		: 1099.957
cache size	: 3072 KB
physical id	: 0
siblings	: 4
core id		: 0
cpu cores	: 2
apicid		: 0
initial apicid	: 0
fdiv_bug	: no
f00f_bug	: no
coma_bug	: no
fpu		: yes
fpu_exception	: yes
cpuid level	: 13
wp		: yes
flags		: fpu vme de pse tsc msr pae mce cx8 apic sep mtrr pge mca cmov pat pse36 clflush dts acpi mmx fxsr sse sse2 ss ht tm pbe nx rdtscp lm constant_tsc arch_perfmon pebs bts xtopology nonstop_tsc aperfmperf eagerfpu pni pclmulqdq dtes64 monitor ds_cpl vmx smx est tm2 ssse3 cx16 xtpr pdcm pcid sse4_1 sse4_2 x2apic popcnt tsc_deadline_timer aes xsave avx f16c rdrand lahf_lm epb tpr_shadow vnmi flexpriority ept vpid fsgsbase smep erms xsaveopt dtherm ida arat pln pts
bugs		:
bogomips	: 4589.86
clflush size	: 64
cache_alignment	: 64
address sizes	: 36 bits physical, 48 bits virtual
power management:

processor	: 1
vendor_id	: GenuineIntel
cpu family	: 6
model		: 58
model name	: Intel(R) Core(TM) i5-3427U CPU @ 1.80GHz
stepping	: 9
microcode	: 0x17
cpu MHz		: 1099.957
cache size	: 3072 KB
physical id	: 0
siblings	: 4
core id		: 1
cpu cores	: 2
apicid		: 2
initial apicid	: 2
fdiv_bug	: no
f00f_bug	: no
coma_bug	: no
fpu		: yes
fpu_exception	: yes
cpuid level	: 13
wp		: yes
flags		: fpu vme de pse tsc msr pae mce cx8 apic sep mtrr pge mca cmov pat pse36 clflush dts acpi mmx fxsr sse sse2 ss ht tm pbe nx rdtscp lm constant_tsc arch_perfmon pebs bts xtopology nonstop_tsc aperfmperf eagerfpu pni pclmulqdq dtes64 monitor ds_cpl vmx smx est tm2 ssse3 cx16 xtpr pdcm pcid sse4_1 sse4_2 x2apic popcnt tsc_deadline_timer aes xsave avx f16c rdrand lahf_lm epb tpr_shadow vnmi flexpriority ept vpid fsgsbase smep erms xsaveopt dtherm ida arat pln pts
bugs		:
bogomips	: 4589.86
clflush size	: 64
cache_alignment	: 64
address sizes	: 36 bits physical, 48 bits virtual
power management:

processor	: 2
vendor_id	: GenuineIntel
cpu family	: 6
model		: 58
model name	: Intel(R) Core(TM) i5-3427U CPU @ 1.80GHz
stepping	: 9
microcode	: 0x17
cpu MHz		: 1099.957
cache size	: 3072 KB
physical id	: 0
siblings	: 4
core id		: 0
cpu cores	: 2
apicid		: 1
initial apicid	: 1
fdiv_bug	: no
f00f_bug	: no
coma_bug	: no
fpu		: yes
fpu_exception	: yes
cpuid level	: 13
wp		: yes
flags		: fpu vme de pse tsc msr pae mce cx8 apic sep mtrr pge mca cmov pat pse36 clflush dts acpi mmx fxsr sse sse2 ss ht tm pbe nx rdtscp lm constant_tsc arch_perfmon pebs bts xtopology nonstop_tsc aperfmperf eagerfpu pni pclmulqdq dtes64 monitor ds_cpl vmx smx est tm2 ssse3 cx16 xtpr pdcm pcid sse4_1 sse4_2 x2apic popcnt tsc_deadline_timer aes xsave avx f16c rdrand lahf_lm epb tpr_shadow vnmi flexpriority ept vpid fsgsbase smep erms xsaveopt dtherm ida arat pln pts
bugs		:
bogomips	: 4589.86
clflush size	: 64
cache_alignment	: 64
address sizes	: 36 bits physical, 48 bits virtual
power management:

processor	: 3
vendor_id	: GenuineIntel
cpu family	: 6
model		: 58
model name	: Intel(R) Core(TM) i5-3427U CPU @ 1.80GHz
stepping	: 9
microcode	: 0x17
cpu MHz		: 1099.957
cache size	: 3072 KB
physical id	: 0
siblings	: 4
core id		: 1
cpu cores	: 2
apicid		: 3
initial apicid	: 3
fdiv_bug	: no
f00f_bug	: no
coma_bug	: no
fpu		: yes
fpu_exception	: yes
cpuid level	: 13
wp		: yes
flags		: fpu vme de pse tsc msr pae mce cx8 apic sep mtrr pge mca cmov pat pse36 clflush dts acpi mmx fxsr sse sse2 ss ht tm pbe nx rdtscp lm constant_tsc arch_perfmon pebs bts xtopology nonstop_tsc aperfmperf eagerfpu pni pclmulqdq dtes64 monitor ds_cpl vmx smx est tm2 ssse3 cx16 xtpr pdcm pcid sse4_1 sse4_2 x2apic popcnt tsc_deadline_timer aes xsave avx f16c rdrand lahf_lm epb tpr_shadow vnmi flexpriority ept vpid fsgsbase smep erms xsaveopt dtherm ida arat pln pts
bugs		:
bogomips	: 4589.86
clflush size	: 64
cache_alignment	: 64
address sizes	: 36 bits physical, 48 bits virtual
power management:



Memory: 4k page, physical 8107456k(354280k free), swap 4007932k(0k free)

vm_info: OpenJDK Server VM (25.151-b12) for linux-x86 JRE (1.8.0_151-8u151-b12-0ubuntu0.16.04.2-b12), built on Oct 27 2017 22:05:04 by "buildd" with gcc 5.4.0 20160609

time: Sat Mar 24 03:54:05 2018
elapsed time: 4 seconds (0d 0h 0m 4s)

