#
# There is insufficient memory for the Java Runtime Environment to continue.
# Native memory allocation (mmap) failed to map 70254592 bytes for committing reserved memory.
# Possible reasons:
#   The system is out of physical RAM or swap space
#   In 32 bit mode, the process size limit was hit
# Possible solutions:
#   Reduce memory load on the system
#   Increase physical memory or swap space
#   Check if swap backing store is full
#   Use 64 bit Java on a 64 bit OS
#   Decrease Java heap size (-Xmx/-Xms)
#   Decrease number of Java threads
#   Decrease Java thread stack sizes (-Xss)
#   Set larger code cache with -XX:ReservedCodeCacheSize=
# This output file may be truncated or incomplete.
#
#  Out of Memory Error (os_linux.cpp:2643), pid=22801, tid=0x638e4b40
#
# JRE version: OpenJDK Runtime Environment (8.0_151-b12) (build 1.8.0_151-8u151-b12-0ubuntu0.16.04.2-b12)
# Java VM: OpenJDK Server VM (25.151-b12 mixed mode linux-x86 )
# Failed to write core dump. Core dumps have been disabled. To enable core dumping, try "ulimit -c unlimited" before starting Java again
#

---------------  T H R E A D  ---------------

Current thread (0x63781000):  VMThread [stack: 0x63864000,0x638e5000] [id=22894]

Stack: [0x63864000,0x638e5000],  sp=0x638e3b40,  free space=510k
Native frames: (J=compiled Java code, j=interpreted, Vv=VM code, C=native code)
V  [libjvm.so+0x8d6834]
V  [libjvm.so+0x3a7c76]
V  [libjvm.so+0x7420c0]
V  [libjvm.so+0x73c013]
V  [libjvm.so+0x7ad98c]
V  [libjvm.so+0x7ae9cb]
V  [libjvm.so+0x7ab487]
V  [libjvm.so+0x7abcd3]
V  [libjvm.so+0x764c75]
V  [libjvm.so+0x8d83f9]
V  [libjvm.so+0x8dd466]
V  [libjvm.so+0x8db620]
V  [libjvm.so+0x8dbd75]
V  [libjvm.so+0x8dc37b]
V  [libjvm.so+0x73f2b5]
C  [libpthread.so.0+0x6295]  start_thread+0xe5

VM_Operation (0xb644c924): ParallelGCFailedAllocation, mode: safepoint, requested by thread 0xb6207800


---------------  P R O C E S S  ---------------

Java Threads: ( => current thread )
  0x637aa400 JavaThread "Service Thread" daemon [_thread_blocked, id=22913, stack(0x6312c000,0x6317d000)]
  0x637a7000 JavaThread "C1 CompilerThread2" daemon [_thread_blocked, id=22909, stack(0x6317d000,0x631fe000)]
  0x637a5c00 JavaThread "C2 CompilerThread1" daemon [_thread_in_native, id=22906, stack(0x631fe000,0x6327f000)]
  0x637a3c00 JavaThread "C2 CompilerThread0" daemon [_thread_blocked, id=22905, stack(0x6327f000,0x63300000)]
  0x637a2400 JavaThread "Signal Dispatcher" daemon [_thread_blocked, id=22903, stack(0x63813000,0x63864000)]
  0x63788800 JavaThread "Finalizer" daemon [_thread_blocked, id=22897, stack(0x6642e000,0x6647f000)]
  0x63785800 JavaThread "Reference Handler" daemon [_thread_blocked, id=22895, stack(0x6662e000,0x6667f000)]
  0xb6207800 JavaThread "main" [_thread_blocked, id=22874, stack(0xb63fe000,0xb644f000)]

Other Threads:
=>0x63781000 VMThread [stack: 0x63864000,0x638e5000] [id=22894]
  0x637ac000 WatcherThread [stack: 0x630ab000,0x6312c000] [id=22915]

VM state:at safepoint (normal execution)

VM Mutex/Monitor currently owned by a thread:  ([mutex/lock_event])
[0xb6204f20] Threads_lock - owner thread: 0x63781000
[0xb6205330] Heap_lock - owner thread: 0xb6207800

Heap:
 PSYoungGen      total 72192K, used 6128K [0x918c0000, 0x965c0000, 0xa6e00000)
  eden space 66048K, 0% used [0x918c0000,0x918c0000,0x95940000)
  from space 6144K, 99% used [0x95940000,0x95f3c040,0x95f40000)
  to   space 5632K, 0% used [0x95f40000,0x95f40000,0x964c0000)
 ParOldGen       total 43776K, used 7929K [0x66e00000, 0x698c0000, 0x918c0000)
  object space 43776K, 18% used [0x66e00000,0x675be760,0x698c0000)
 Metaspace       used 11072K, capacity 11197K, committed 11288K, reserved 11568K

Card table byte_map: [0x66bff000,0x66e00000] byte_map_base: 0x668c8000

Marking Bits: (ParMarkBitMap*) 0xb7174880
 Begin Bits: [0x64300000, 0x65300000)
 End Bits:   [0x65300000, 0x66300000)

Polling page: 0xb7781000

CodeCache: size=245760Kb used=8200Kb max_used=8202Kb free=237559Kb
 bounds [0xa7200000, 0xa7a08000, 0xb6200000]
 total_blobs=3135 nmethods=2954 adapters=95
 compilation: enabled

Compilation events (10 events):
Event: 12.961 Thread 0x637a3c00 nmethod 2905 0xa7a03688 code [0xa7a038a0, 0xa7a050d0]
Event: 12.961 Thread 0x637a3c00 2957   !   4       java.util.WeakHashMap::expungeStaleEntries (139 bytes)
Event: 12.962 Thread 0x637a7000 2979       3       java.nio.charset.Charset::atBugLevel (44 bytes)
Event: 12.963 Thread 0x637a7000 nmethod 2979 0xa7a02f88 code [0xa7a030e0, 0xa7a034d8]
Event: 12.964 Thread 0x637a7000 2981       3       java.util.EnumSet::noneOf (63 bytes)
Event: 12.965 Thread 0x637a7000 nmethod 2981 0xa7a01888 code [0xa7a01ae0, 0xa7a02794]
Event: 12.967 Thread 0x637a7000 2982   !   3       org.apache.maven.model.ReportSet::clone (83 bytes)
Event: 12.969 Thread 0x637a7000 nmethod 2982 0xa7a00388 code [0xa7a005c0, 0xa7a01200]
Event: 12.970 Thread 0x637a7000 2983       3       org.apache.maven.model.building.ModelCacheTag$1::intoCache (44 bytes)
Event: 12.971 Thread 0x637a7000 nmethod 2983 0xa79ff9c8 code [0xa79ffb40, 0xa7a0008c]

GC Heap History (10 events):
Event: 2.079 GC heap after
Heap after GC invocations=2 (full 0):
 PSYoungGen      total 19200K, used 2551K [0x918c0000, 0x93e40000, 0xa6e00000)
  eden space 16640K, 0% used [0x918c0000,0x918c0000,0x92900000)
  from space 2560K, 99% used [0x92b80000,0x92dfdd40,0x92e00000)
  to   space 2560K, 0% used [0x92900000,0x92900000,0x92b80000)
 ParOldGen       total 43776K, used 888K [0x66e00000, 0x698c0000, 0x918c0000)
  object space 43776K, 2% used [0x66e00000,0x66ede0a0,0x698c0000)
 Metaspace       used 5290K, capacity 5322K, committed 5400K, reserved 5424K
}
Event: 2.770 GC heap before
{Heap before GC invocations=3 (full 0):
 PSYoungGen      total 19200K, used 19191K [0x918c0000, 0x93e40000, 0xa6e00000)
  eden space 16640K, 100% used [0x918c0000,0x92900000,0x92900000)
  from space 2560K, 99% used [0x92b80000,0x92dfdd40,0x92e00000)
  to   space 2560K, 0% used [0x92900000,0x92900000,0x92b80000)
 ParOldGen       total 43776K, used 888K [0x66e00000, 0x698c0000, 0x918c0000)
  object space 43776K, 2% used [0x66e00000,0x66ede0a0,0x698c0000)
 Metaspace       used 6656K, capacity 6711K, committed 6808K, reserved 7472K
Event: 2.793 GC heap after
Heap after GC invocations=3 (full 0):
 PSYoungGen      total 19200K, used 2549K [0x918c0000, 0x93e40000, 0xa6e00000)
  eden space 16640K, 0% used [0x918c0000,0x918c0000,0x92900000)
  from space 2560K, 99% used [0x92900000,0x92b7d5a8,0x92b80000)
  to   space 2560K, 0% used [0x93bc0000,0x93bc0000,0x93e40000)
 ParOldGen       total 43776K, used 2326K [0x66e00000, 0x698c0000, 0x918c0000)
  object space 43776K, 5% used [0x66e00000,0x670458c0,0x698c0000)
 Metaspace       used 6656K, capacity 6711K, committed 6808K, reserved 7472K
}
Event: 3.828 GC heap before
{Heap before GC invocations=4 (full 0):
 PSYoungGen      total 19200K, used 19189K [0x918c0000, 0x93e40000, 0xa6e00000)
  eden space 16640K, 100% used [0x918c0000,0x92900000,0x92900000)
  from space 2560K, 99% used [0x92900000,0x92b7d5a8,0x92b80000)
  to   space 2560K, 0% used [0x93bc0000,0x93bc0000,0x93e40000)
 ParOldGen       total 43776K, used 2326K [0x66e00000, 0x698c0000, 0x918c0000)
  object space 43776K, 5% used [0x66e00000,0x670458c0,0x698c0000)
 Metaspace       used 8091K, capacity 8158K, committed 8216K, reserved 8496K
Event: 3.879 GC heap after
Heap after GC invocations=4 (full 0):
 PSYoungGen      total 35840K, used 2546K [0x918c0000, 0x93e40000, 0xa6e00000)
  eden space 33280K, 0% used [0x918c0000,0x918c0000,0x93940000)
  from space 2560K, 99% used [0x93bc0000,0x93e3c890,0x93e40000)
  to   space 2560K, 0% used [0x93940000,0x93940000,0x93bc0000)
 ParOldGen       total 43776K, used 4378K [0x66e00000, 0x698c0000, 0x918c0000)
  object space 43776K, 10% used [0x66e00000,0x672469b0,0x698c0000)
 Metaspace       used 8091K, capacity 8158K, committed 8216K, reserved 8496K
}
Event: 8.674 GC heap before
{Heap before GC invocations=5 (full 0):
 PSYoungGen      total 35840K, used 35826K [0x918c0000, 0x93e40000, 0xa6e00000)
  eden space 33280K, 100% used [0x918c0000,0x93940000,0x93940000)
  from space 2560K, 99% used [0x93bc0000,0x93e3c890,0x93e40000)
  to   space 2560K, 0% used [0x93940000,0x93940000,0x93bc0000)
 ParOldGen       total 43776K, used 4378K [0x66e00000, 0x698c0000, 0x918c0000)
  object space 43776K, 10% used [0x66e00000,0x672469b0,0x698c0000)
 Metaspace       used 9998K, capacity 10075K, committed 10136K, reserved 10544K
Event: 8.729 GC heap after
Heap after GC invocations=5 (full 0):
 PSYoungGen      total 35840K, used 2554K [0x918c0000, 0x964c0000, 0xa6e00000)
  eden space 33280K, 0% used [0x918c0000,0x918c0000,0x93940000)
  from space 2560K, 99% used [0x93940000,0x93bbe870,0x93bc0000)
  to   space 5632K, 0% used [0x95f40000,0x95f40000,0x964c0000)
 ParOldGen       total 43776K, used 6492K [0x66e00000, 0x698c0000, 0x918c0000)
  object space 43776K, 14% used [0x66e00000,0x674571e0,0x698c0000)
 Metaspace       used 9998K, capacity 10075K, committed 10136K, reserved 10544K
}
Event: 10.947 GC heap before
{Heap before GC invocations=6 (full 0):
 PSYoungGen      total 35840K, used 35834K [0x918c0000, 0x964c0000, 0xa6e00000)
  eden space 33280K, 100% used [0x918c0000,0x93940000,0x93940000)
  from space 2560K, 99% used [0x93940000,0x93bbe870,0x93bc0000)
  to   space 5632K, 0% used [0x95f40000,0x95f40000,0x964c0000)
 ParOldGen       total 43776K, used 6492K [0x66e00000, 0x698c0000, 0x918c0000)
  object space 43776K, 14% used [0x66e00000,0x674571e0,0x698c0000)
 Metaspace       used 10774K, capacity 10892K, committed 11032K, reserved 11568K
Event: 10.993 GC heap after
Heap after GC invocations=6 (full 0):
 PSYoungGen      total 71680K, used 5246K [0x918c0000, 0x965c0000, 0xa6e00000)
  eden space 66048K, 0% used [0x918c0000,0x918c0000,0x95940000)
  from space 5632K, 93% used [0x95f40000,0x9645fa88,0x964c0000)
  to   space 6144K, 0% used [0x95940000,0x95940000,0x95f40000)
 ParOldGen       total 43776K, used 6496K [0x66e00000, 0x698c0000, 0x918c0000)
  object space 43776K, 14% used [0x66e00000,0x674581e0,0x698c0000)
 Metaspace       used 10774K, capacity 10892K, committed 11032K, reserved 11568K
}
Event: 12.971 GC heap before
{Heap before GC invocations=7 (full 0):
 PSYoungGen      total 71680K, used 71294K [0x918c0000, 0x965c0000, 0xa6e00000)
  eden space 66048K, 100% used [0x918c0000,0x95940000,0x95940000)
  from space 5632K, 93% used [0x95f40000,0x9645fa88,0x964c0000)
  to   space 6144K, 0% used [0x95940000,0x95940000,0x95f40000)
 ParOldGen       total 43776K, used 6496K [0x66e00000, 0x698c0000, 0x918c0000)
  object space 43776K, 14% used [0x66e00000,0x674581e0,0x698c0000)
 Metaspace       used 11072K, capacity 11197K, committed 11288K, reserved 11568K

Deoptimization events (10 events):
Event: 9.954 Thread 0xb6207800 Uncommon trap: reason=unstable_if action=reinterpret pc=0xa770d06c method=java.util.HashMap.hash(Ljava/lang/Object;)I @ 1
Event: 9.955 Thread 0xb6207800 Uncommon trap: reason=unstable_if action=reinterpret pc=0xa7504c94 method=java.util.HashMap.hash(Ljava/lang/Object;)I @ 1
Event: 10.027 Thread 0xb6207800 Uncommon trap: reason=class_check action=maybe_recompile pc=0xa76f6794 method=java.util.regex.Pattern$7.isSatisfiedBy(I)Z @ 16
Event: 10.028 Thread 0xb6207800 Uncommon trap: reason=class_check action=maybe_recompile pc=0xa76f6794 method=java.util.regex.Pattern$7.isSatisfiedBy(I)Z @ 16
Event: 10.028 Thread 0xb6207800 Uncommon trap: reason=class_check action=maybe_recompile pc=0xa76f67a8 method=java.util.regex.Pattern$CharProperty$1.isSatisfiedBy(I)Z @ 5
Event: 10.028 Thread 0xb6207800 Uncommon trap: reason=class_check action=maybe_recompile pc=0xa76f6794 method=java.util.regex.Pattern$7.isSatisfiedBy(I)Z @ 16
Event: 10.028 Thread 0xb6207800 Uncommon trap: reason=class_check action=maybe_recompile pc=0xa76f6794 method=java.util.regex.Pattern$7.isSatisfiedBy(I)Z @ 16
Event: 10.385 Thread 0xb6207800 Uncommon trap: reason=unstable_if action=reinterpret pc=0xa778eb1c method=org.codehaus.plexus.util.xml.pull.MXParser.nextImpl()I @ 280
Event: 11.757 Thread 0xb6207800 Uncommon trap: reason=unstable_if action=reinterpret pc=0xa7791c68 method=java.util.LinkedHashMap.afterNodeInsertion(Z)V @ 18
Event: 12.631 Thread 0xb6207800 Uncommon trap: reason=unstable_if action=reinterpret pc=0xa7963240 method=org.codehaus.plexus.util.xml.pull.MXParser.parseAttribute()C @ 995

Internal exceptions (10 events):
Event: 8.244 Thread 0xb6207800 Exception <a 'java/lang/NullPointerException'> (0x935f0ce8) thrown at [/build/openjdk-8-Y4imzb/openjdk-8-8u151-b12/src/hotspot/src/share/vm/interpreter/linkResolver.cpp, line 1183]
Event: 8.244 Thread 0xb6207800 Exception <a 'java/lang/NullPointerException'> (0x935f0ef8) thrown at [/build/openjdk-8-Y4imzb/openjdk-8-8u151-b12/src/hotspot/src/share/vm/interpreter/linkResolver.cpp, line 1183]
Event: 8.246 Thread 0xb6207800 Exception <a 'java/lang/NullPointerException'> (0x935f96d0) thrown at [/build/openjdk-8-Y4imzb/openjdk-8-8u151-b12/src/hotspot/src/share/vm/interpreter/linkResolver.cpp, line 1183]
Event: 8.246 Thread 0xb6207800 Exception <a 'java/lang/NullPointerException'> (0x935f98e0) thrown at [/build/openjdk-8-Y4imzb/openjdk-8-8u151-b12/src/hotspot/src/share/vm/interpreter/linkResolver.cpp, line 1183]
Event: 8.246 Thread 0xb6207800 Exception <a 'java/lang/NullPointerException'> (0x935f9af0) thrown at [/build/openjdk-8-Y4imzb/openjdk-8-8u151-b12/src/hotspot/src/share/vm/interpreter/linkResolver.cpp, line 1183]
Event: 9.486 Thread 0xb6207800 Implicit null exception at 0xa773fb7d to 0xa773fd55
Event: 9.592 Thread 0xb6207800 Implicit null exception at 0xa7410cfe to 0xa7410e95
Event: 9.749 Thread 0xb6207800 Implicit null exception at 0xa777ed8b to 0xa777f491
Event: 9.954 Thread 0xb6207800 Implicit null exception at 0xa770ccc3 to 0xa770d05d
Event: 9.955 Thread 0xb6207800 Implicit null exception at 0xa750493f to 0xa7504c85

Events (10 events):
Event: 12.472 Thread 0xb6207800 DEOPT PACKING pc=0xa78024cd sp=0xb644c110
Event: 12.472 Thread 0xb6207800 DEOPT UNPACKING pc=0xa723c5d0 sp=0xb644c02c mode 0
Event: 12.472 Thread 0xb6207800 DEOPT PACKING pc=0xa78024cd sp=0xb644c1c0
Event: 12.472 Thread 0xb6207800 DEOPT UNPACKING pc=0xa723c5d0 sp=0xb644c0dc mode 0
Event: 12.631 Thread 0xb6207800 Uncommon trap: trap_request=0xffffff65 fr.pc=0xa7963240
Event: 12.631 Thread 0xb6207800 DEOPT PACKING pc=0xa7963240 sp=0xb644c960
Event: 12.631 Thread 0xb6207800 DEOPT UNPACKING pc=0xa723abd5 sp=0xb644c940 mode 2
Event: 12.682 Thread 0xb6207800 DEOPT PACKING pc=0xa78f61c7 sp=0xb644cbb0
Event: 12.682 Thread 0xb6207800 DEOPT UNPACKING pc=0xa723c5d0 sp=0xb644ca5c mode 0
Event: 12.971 Executing VM operation: ParallelGCFailedAllocation


Dynamic libraries:
08048000-08049000 r-xp 00000000 08:01 1693306    /usr/lib/jvm/java-8-openjdk-i386/jre/bin/java
08049000-0804a000 r--p 00000000 08:01 1693306    /usr/lib/jvm/java-8-openjdk-i386/jre/bin/java
0804a000-0804b000 rw-p 00001000 08:01 1693306    /usr/lib/jvm/java-8-openjdk-i386/jre/bin/java
09cd0000-09d5c000 rw-p 00000000 00:00 0          [heap]
5f500000-5f5fa000 rw-p 00000000 00:00 0 
5f5fa000-5f600000 ---p 00000000 00:00 0 
5f600000-5f62b000 rw-p 00000000 00:00 0 
5f62b000-5f700000 ---p 00000000 00:00 0 
5f700000-5f7e1000 rw-p 00000000 00:00 0 
5f7e1000-5f800000 ---p 00000000 00:00 0 
5f80c000-5f900000 rw-p 00000000 00:00 0 
5f900000-5f9fe000 rw-p 00000000 00:00 0 
5f9fe000-5fa00000 ---p 00000000 00:00 0 
5fa00000-5fad7000 rw-p 00000000 00:00 0 
5fad7000-5fb00000 ---p 00000000 00:00 0 
5fb00000-5fbfd000 rw-p 00000000 00:00 0 
5fbfd000-5fc00000 ---p 00000000 00:00 0 
5fc00000-5fce8000 rw-p 00000000 00:00 0 
5fce8000-5fd00000 ---p 00000000 00:00 0 
5fd00000-5fe00000 rw-p 00000000 00:00 0 
5fe00000-5fef9000 rw-p 00000000 00:00 0 
5fef9000-5ff00000 ---p 00000000 00:00 0 
5ff00000-5fffa000 rw-p 00000000 00:00 0 
5fffa000-60000000 ---p 00000000 00:00 0 
60017000-61dc0000 rw-p 00000000 00:00 0 
61dc0000-61e00000 ---p 00000000 00:00 0 
61e00000-61f00000 rw-p 00000000 00:00 0 
61f00000-61f75000 rw-p 00000000 00:00 0 
61f75000-62000000 ---p 00000000 00:00 0 
62000000-620c1000 rw-p 00000000 00:00 0 
620c1000-62100000 ---p 00000000 00:00 0 
62100000-621fe000 rw-p 00000000 00:00 0 
621fe000-62200000 ---p 00000000 00:00 0 
62200000-62300000 rw-p 00000000 00:00 0 
62300000-62400000 rw-p 00000000 00:00 0 
62400000-62500000 rw-p 00000000 00:00 0 
62500000-62600000 rw-p 00000000 00:00 0 
62600000-626fe000 rw-p 00000000 00:00 0 
626fe000-62700000 ---p 00000000 00:00 0 
62700000-62800000 rw-p 00000000 00:00 0 
62800000-628ff000 rw-p 00000000 00:00 0 
628ff000-62900000 ---p 00000000 00:00 0 
62900000-629f1000 rw-p 00000000 00:00 0 
629f1000-62a00000 ---p 00000000 00:00 0 
62a00000-62b00000 rw-p 00000000 00:00 0 
62b00000-62c00000 rw-p 00000000 00:00 0 
62c00000-62d00000 rw-p 00000000 00:00 0 
62d00000-62eff000 rw-p 00000000 00:00 0 
62eff000-62f00000 ---p 00000000 00:00 0 
62f00000-62ffb000 rw-p 00000000 00:00 0 
62ffb000-63000000 ---p 00000000 00:00 0 
6304a000-6305b000 r-xp 00000000 08:01 1693283    /usr/lib/jvm/java-8-openjdk-i386/jre/lib/i386/libnio.so
6305b000-6305c000 r--p 00010000 08:01 1693283    /usr/lib/jvm/java-8-openjdk-i386/jre/lib/i386/libnio.so
6305c000-6305d000 rw-p 00011000 08:01 1693283    /usr/lib/jvm/java-8-openjdk-i386/jre/lib/i386/libnio.so
6305d000-63073000 r-xp 00000000 08:01 1693270    /usr/lib/jvm/java-8-openjdk-i386/jre/lib/i386/libnet.so
63073000-63074000 r--p 00015000 08:01 1693270    /usr/lib/jvm/java-8-openjdk-i386/jre/lib/i386/libnet.so
63074000-63075000 rw-p 00016000 08:01 1693270    /usr/lib/jvm/java-8-openjdk-i386/jre/lib/i386/libnet.so
63075000-6307a000 r--s 0009a000 08:01 1693288    /usr/lib/jvm/java-8-openjdk-i386/jre/lib/jsse.jar
6307a000-630ab000 r--s 00207000 08:01 1149515    /usr/share/java/wagon-http-shaded-2.x.jar
630ab000-630ac000 ---p 00000000 00:00 0 
630ac000-6312c000 rw-p 00000000 00:00 0 
6312c000-6312f000 ---p 00000000 00:00 0 
6312f000-6317d000 rw-p 00000000 00:00 0 
6317d000-63180000 ---p 00000000 00:00 0 
63180000-631fe000 rw-p 00000000 00:00 0 
631fe000-63201000 ---p 00000000 00:00 0 
63201000-6327f000 rw-p 00000000 00:00 0 
6327f000-63282000 ---p 00000000 00:00 0 
63282000-63300000 rw-p 00000000 00:00 0 
63300000-63500000 r--p 00000000 08:01 1110568    /usr/lib/locale/locale-archive
63500000-635f2000 rw-p 00000000 00:00 0 
635f2000-63600000 ---p 00000000 00:00 0 
63600000-63621000 rw-p 00000000 00:00 0 
63621000-63700000 ---p 00000000 00:00 0 
63700000-637fe000 rw-p 00000000 00:00 0 
637fe000-63800000 ---p 00000000 00:00 0 
63800000-6380d000 r--s 0008d000 08:01 1149531    /usr/share/java/maven3-core-3.3.9.jar
6380d000-6380e000 r--s 00001000 08:01 1149511    /usr/share/java/wagon-file-2.x.jar
6380e000-63811000 r--s 00007000 08:01 1149537    /usr/share/java/maven3-settings-builder-3.3.9.jar
63811000-63813000 r--s 0000d000 08:01 1149536    /usr/share/java/maven3-aether-provider-3.3.9.jar
63813000-63816000 ---p 00000000 00:00 0 
63816000-63864000 rw-p 00000000 00:00 0 
63864000-63865000 ---p 00000000 00:00 0 
63865000-638e5000 rw-p 00000000 00:00 0 
638e5000-63ab4000 r--s 03c21000 08:01 1693223    /usr/lib/jvm/java-8-openjdk-i386/jre/lib/rt.jar
63ab4000-63efa000 rw-p 00000000 00:00 0 
63efa000-63f00000 ---p 00000000 00:00 0 
63f00000-66300000 rw-p 00000000 00:00 0 
66300000-663ff000 rw-p 00000000 00:00 0 
663ff000-66400000 ---p 00000000 00:00 0 
66400000-66407000 r--s 0002c000 08:01 1149509    /usr/share/java/sisu-plexus.jar
66407000-6640b000 r--s 00027000 08:01 1145546    /usr/share/java/commons-io-2.4.jar
6640b000-66413000 r--s 00054000 08:01 1149507    /usr/share/java/sisu-inject.jar
66413000-6641a000 r--s 0005d000 08:01 1149254    /usr/share/java/commons-lang3.jar
6641a000-6641b000 r--s 00004000 08:01 1145398    /usr/share/java/atinject-jsr330-tck-1.0.jar
6641b000-6641d000 r--s 0000e000 08:01 1149271    /usr/share/java/plexus-interpolation.jar
6641d000-6641f000 r--s 00006000 08:01 1149372    /usr/share/java/eclipse-aether-spi.jar
6641f000-66423000 r--s 00027000 08:01 1149367    /usr/share/java/eclipse-aether-impl.jar
66423000-66425000 r--s 00005000 08:01 1149373    /usr/share/java/eclipse-aether-transport-wagon.jar
66425000-66427000 r--s 00001000 08:01 1149403    /usr/share/java/aopalliance-1.0.jar
66427000-66429000 r--s 00001000 08:01 1149538    /usr/share/java/maven3-builder-support-3.3.9.jar
66429000-6642e000 r--s 0001d000 08:01 1149374    /usr/share/java/eclipse-aether-api.jar
6642e000-66431000 ---p 00000000 00:00 0 
66431000-6647f000 rw-p 00000000 00:00 0 
6647f000-66480000 ---p 00000000 00:00 0 
66480000-66500000 rw-p 00000000 00:00 0 
66500000-665fb000 rw-p 00000000 00:00 0 
665fb000-66600000 ---p 00000000 00:00 0 
66600000-66602000 r--s 00002000 08:01 1149449    /usr/share/java/plexus-cipher.jar
66602000-6662e000 r--s 00208000 08:01 1148516    /usr/share/java/guava.jar
6662e000-66631000 ---p 00000000 00:00 0 
66631000-6667f000 rw-p 00000000 00:00 0 
6667f000-66680000 ---p 00000000 00:00 0 
66680000-66700000 rw-p 00000000 00:00 0 
66700000-66721000 rw-p 00000000 00:00 0 
66721000-66800000 ---p 00000000 00:00 0 
66800000-66801000 r--s 00008000 08:01 1149370    /usr/share/java/eclipse-aether-connector-basic.jar
66801000-66802000 r--s 00002000 08:01 1149066    /usr/share/java/slf4j-simple.jar
66802000-66804000 r--s 00013000 08:01 1149534    /usr/share/java/maven3-embedder-3.3.9.jar
66804000-66806000 r--s 00027000 08:01 1149535    /usr/share/java/maven3-model-3.3.9.jar
66806000-66808000 r--s 0000a000 08:01 1147016    /usr/share/java/commons-cli-1.3.1.jar
66808000-6680a000 r--s 0000a000 08:01 1149512    /usr/share/java/wagon-provider-api-2.x.jar
6680a000-6680d000 r--s 0000a000 08:01 1149539    /usr/share/java/maven3-artifact-3.3.9.jar
6680d000-66811000 r--s 00020000 08:01 1149392    /usr/share/java/eclipse-aether-util.jar
66811000-66812000 r--s 00006000 08:01 1149532    /usr/share/java/maven3-repository-metadata-3.3.9.jar
66812000-66814000 r--s 00007000 08:01 1149069    /usr/share/java/slf4j-api.jar
66814000-66815000 r--s 0000a000 08:01 1149528    /usr/share/java/maven3-settings-3.3.9.jar
66815000-66819000 r--s 00038000 08:01 1149495    /usr/share/java/plexus-utils2.jar
66819000-6681f000 r--s 00048000 08:01 1149288    /usr/share/java/jsoup.jar
6681f000-66824000 r--s 00025000 08:01 1149533    /usr/share/java/maven3-model-builder-3.3.9.jar
66824000-6687f000 rw-p 00000000 00:00 0 
6687f000-66880000 ---p 00000000 00:00 0 
66880000-66900000 rw-p 00000000 00:00 0 
66900000-66921000 rw-p 00000000 00:00 0 
66921000-66a00000 ---p 00000000 00:00 0 
66a00000-66a01000 r--s 00001000 08:01 1149518    /usr/share/java/wagon-http-shared-2.x.jar
66a01000-66a02000 r--s 00006000 08:01 1149451    /usr/share/java/plexus-sec-dispatcher.jar
66a02000-66a04000 r--s 0000a000 08:01 1149529    /usr/share/java/maven3-plugin-api-3.3.9.jar
66a04000-66a09000 r--s 00040000 08:01 1145678    /usr/share/java/commons-lang-2.6.jar
66a09000-66a0b000 r--s 00000000 08:01 1149499    /usr/share/java/plexus-component-annotations-1.5.jar
66a0b000-66a0c000 r--s 00000000 08:01 1149240    /usr/share/java/geronimo-interceptor-3.0-spec-1.0.1.jar
66a0c000-66a0e000 r--s 00012000 08:01 1144777    /usr/share/java/el-api-3.0.jar
66a0e000-66a11000 r--s 00008000 08:01 1149246    /usr/share/java/cdi-api-1.0.jar
66a11000-66a18000 r--s 00041000 08:01 1149530    /usr/share/java/maven3-compat-3.3.9.jar
66a18000-66a26000 r--s 00095000 08:01 1149408    /usr/share/java/guice.jar
66a26000-66a28000 r--s 0000a000 08:01 1149493    /usr/share/java/plexus-classworlds2-2.5.2.jar
66a28000-66a29000 ---p 00000000 00:00 0 
66a29000-66abf000 rw-p 00000000 00:00 0 
66abf000-66bff000 ---p 00000000 00:00 0 
66bff000-66c15000 rw-p 00000000 00:00 0 
66c15000-66d54000 ---p 00000000 00:00 0 
66d54000-66d7b000 rw-p 00000000 00:00 0 
66d7b000-66dff000 ---p 00000000 00:00 0 
66dff000-698c0000 rw-p 00000000 00:00 0 
698c0000-918c0000 ---p 00000000 00:00 0 
918c0000-965c0000 rw-p 00000000 00:00 0 
9a8c0000-a6e00000 ---p 00000000 00:00 0 
a6e00000-a6e1b000 r--s 00394000 08:01 1693228    /usr/lib/jvm/java-8-openjdk-i386/jre/lib/ext/cldrdata.jar
a6e1b000-a6e36000 r--s 001d6000 08:01 1693230    /usr/lib/jvm/java-8-openjdk-i386/jre/lib/ext/nashorn.jar
a6e36000-a6e40000 r--s 00116000 08:01 1693233    /usr/lib/jvm/java-8-openjdk-i386/jre/lib/ext/localedata.jar
a6e40000-a6e61000 rw-p 00000000 00:00 0 
a6e61000-a7200000 ---p 00000000 00:00 0 
a7200000-a7a08000 rwxp 00000000 00:00 0 
a7a08000-b6200000 ---p 00000000 00:00 0 
b6200000-b62fb000 rw-p 00000000 00:00 0 
b62fb000-b6300000 ---p 00000000 00:00 0 
b6300000-b6301000 r--s 00000000 08:01 1145399    /usr/share/java/atinject-jsr330-api-1.0.jar
b6301000-b6303000 r--s 00008000 08:01 1693232    /usr/lib/jvm/java-8-openjdk-i386/jre/lib/ext/sunec.jar
b6303000-b6309000 r--s 0003a000 08:01 1693231    /usr/lib/jvm/java-8-openjdk-i386/jre/lib/ext/sunjce_provider.jar
b6309000-b636f000 rw-p 00000000 00:00 0 
b636f000-b637a000 r-xp 00000000 08:01 3402889    /lib/i386-linux-gnu/libnss_files-2.23.so
b637a000-b637b000 r--p 0000a000 08:01 3402889    /lib/i386-linux-gnu/libnss_files-2.23.so
b637b000-b637c000 rw-p 0000b000 08:01 3402889    /lib/i386-linux-gnu/libnss_files-2.23.so
b637c000-b6382000 rw-p 00000000 00:00 0 
b6382000-b638d000 r-xp 00000000 08:01 3402895    /lib/i386-linux-gnu/libnss_nis-2.23.so
b638d000-b638e000 r--p 0000a000 08:01 3402895    /lib/i386-linux-gnu/libnss_nis-2.23.so
b638e000-b638f000 rw-p 0000b000 08:01 3402895    /lib/i386-linux-gnu/libnss_nis-2.23.so
b638f000-b63a6000 r-xp 00000000 08:01 3402652    /lib/i386-linux-gnu/libnsl-2.23.so
b63a6000-b63a7000 r--p 00016000 08:01 3402652    /lib/i386-linux-gnu/libnsl-2.23.so
b63a7000-b63a8000 rw-p 00017000 08:01 3402652    /lib/i386-linux-gnu/libnsl-2.23.so
b63a8000-b63aa000 rw-p 00000000 00:00 0 
b63aa000-b63b2000 r-xp 00000000 08:01 3402720    /lib/i386-linux-gnu/libnss_compat-2.23.so
b63b2000-b63b3000 r--p 00007000 08:01 3402720    /lib/i386-linux-gnu/libnss_compat-2.23.so
b63b3000-b63b4000 rw-p 00008000 08:01 3402720    /lib/i386-linux-gnu/libnss_compat-2.23.so
b63b4000-b63b5000 r--s 00010000 08:01 1693229    /usr/lib/jvm/java-8-openjdk-i386/jre/lib/ext/zipfs.jar
b63b5000-b63b7000 r--s 00001000 08:01 1693236    /usr/lib/jvm/java-8-openjdk-i386/jre/lib/ext/dnsns.jar
b63b7000-b63ba000 r--s 0000f000 08:01 1693227    /usr/lib/jvm/java-8-openjdk-i386/jre/lib/ext/icedtea-sound.jar
b63ba000-b63c2000 r-xp 00000000 08:01 1693277    /usr/lib/jvm/java-8-openjdk-i386/jre/lib/i386/libzip.so
b63c2000-b63c3000 r--p 00007000 08:01 1693277    /usr/lib/jvm/java-8-openjdk-i386/jre/lib/i386/libzip.so
b63c3000-b63c4000 rw-p 00008000 08:01 1693277    /usr/lib/jvm/java-8-openjdk-i386/jre/lib/i386/libzip.so
b63c4000-b63cc000 rw-s 00000000 08:01 2576974    /tmp/hsperfdata_sarnobat/22801
b63cc000-b63f3000 r-xp 00000000 08:01 1693258    /usr/lib/jvm/java-8-openjdk-i386/jre/lib/i386/libjava.so
b63f3000-b63f4000 r--p 00026000 08:01 1693258    /usr/lib/jvm/java-8-openjdk-i386/jre/lib/i386/libjava.so
b63f4000-b63f5000 rw-p 00027000 08:01 1693258    /usr/lib/jvm/java-8-openjdk-i386/jre/lib/i386/libjava.so
b63f5000-b63fc000 r-xp 00000000 08:01 3402905    /lib/i386-linux-gnu/librt-2.23.so
b63fc000-b63fd000 r--p 00006000 08:01 3402905    /lib/i386-linux-gnu/librt-2.23.so
b63fd000-b63fe000 rw-p 00007000 08:01 3402905    /lib/i386-linux-gnu/librt-2.23.so
b63fe000-b6401000 ---p 00000000 00:00 0 
b6401000-b644f000 rw-p 00000000 00:00 0 
b644f000-b646b000 r-xp 00000000 08:01 3402590    /lib/i386-linux-gnu/libgcc_s.so.1
b646b000-b646c000 rw-p 0001b000 08:01 3402590    /lib/i386-linux-gnu/libgcc_s.so.1
b646c000-b64bf000 r-xp 00000000 08:01 3402651    /lib/i386-linux-gnu/libm-2.23.so
b64bf000-b64c0000 r--p 00052000 08:01 3402651    /lib/i386-linux-gnu/libm-2.23.so
b64c0000-b64c1000 rw-p 00053000 08:01 3402651    /lib/i386-linux-gnu/libm-2.23.so
b64c1000-b662e000 r-xp 00000000 08:01 1104849    /usr/lib/i386-linux-gnu/libstdc++.so.6.0.21
b662e000-b662f000 ---p 0016d000 08:01 1104849    /usr/lib/i386-linux-gnu/libstdc++.so.6.0.21
b662f000-b6634000 r--p 0016d000 08:01 1104849    /usr/lib/i386-linux-gnu/libstdc++.so.6.0.21
b6634000-b6635000 rw-p 00172000 08:01 1104849    /usr/lib/i386-linux-gnu/libstdc++.so.6.0.21
b6635000-b6638000 rw-p 00000000 00:00 0 
b6638000-b7109000 r-xp 00000000 08:01 1693269    /usr/lib/jvm/java-8-openjdk-i386/jre/lib/i386/server/libjvm.so
b7109000-b714f000 r--p 00ad0000 08:01 1693269    /usr/lib/jvm/java-8-openjdk-i386/jre/lib/i386/server/libjvm.so
b714f000-b7166000 rw-p 00b16000 08:01 1693269    /usr/lib/jvm/java-8-openjdk-i386/jre/lib/i386/server/libjvm.so
b7166000-b7586000 rw-p 00000000 00:00 0 
b7586000-b759f000 r-xp 00000000 08:01 3402662    /lib/i386-linux-gnu/libpthread-2.23.so
b759f000-b75a0000 r--p 00018000 08:01 3402662    /lib/i386-linux-gnu/libpthread-2.23.so
b75a0000-b75a1000 rw-p 00019000 08:01 3402662    /lib/i386-linux-gnu/libpthread-2.23.so
b75a1000-b75a3000 rw-p 00000000 00:00 0 
b75a3000-b75a6000 r-xp 00000000 08:01 3402697    /lib/i386-linux-gnu/libdl-2.23.so
b75a6000-b75a7000 r--p 00002000 08:01 3402697    /lib/i386-linux-gnu/libdl-2.23.so
b75a7000-b75a8000 rw-p 00003000 08:01 3402697    /lib/i386-linux-gnu/libdl-2.23.so
b75a8000-b75a9000 rw-p 00000000 00:00 0 
b75a9000-b75c2000 r-xp 00000000 08:01 3402741    /lib/i386-linux-gnu/libz.so.1.2.8
b75c2000-b75c3000 r--p 00018000 08:01 3402741    /lib/i386-linux-gnu/libz.so.1.2.8
b75c3000-b75c4000 rw-p 00019000 08:01 3402741    /lib/i386-linux-gnu/libz.so.1.2.8
b75c4000-b7774000 r-xp 00000000 08:01 3402663    /lib/i386-linux-gnu/libc-2.23.so
b7774000-b7776000 r--p 001af000 08:01 3402663    /lib/i386-linux-gnu/libc-2.23.so
b7776000-b7777000 rw-p 001b1000 08:01 3402663    /lib/i386-linux-gnu/libc-2.23.so
b7777000-b777a000 rw-p 00000000 00:00 0 
b777a000-b777b000 r--s 0000a000 08:01 1693235    /usr/lib/jvm/java-8-openjdk-i386/jre/lib/ext/jaccess.jar
b777b000-b777f000 r--s 00037000 08:01 1693234    /usr/lib/jvm/java-8-openjdk-i386/jre/lib/ext/sunpkcs11.jar
b777f000-b7780000 r--p 002d4000 08:01 1110568    /usr/lib/locale/locale-archive
b7780000-b7781000 rw-p 00000000 00:00 0 
b7781000-b7782000 ---p 00000000 00:00 0 
b7782000-b7790000 r-xp 00000000 08:01 1693275    /usr/lib/jvm/java-8-openjdk-i386/jre/lib/i386/libverify.so
b7790000-b7791000 r--p 0000d000 08:01 1693275    /usr/lib/jvm/java-8-openjdk-i386/jre/lib/i386/libverify.so
b7791000-b7792000 rw-p 0000e000 08:01 1693275    /usr/lib/jvm/java-8-openjdk-i386/jre/lib/i386/libverify.so
b7792000-b779f000 r-xp 00000000 08:01 1693273    /usr/lib/jvm/java-8-openjdk-i386/jre/lib/i386/jli/libjli.so
b779f000-b77a0000 r--p 0000c000 08:01 1693273    /usr/lib/jvm/java-8-openjdk-i386/jre/lib/i386/jli/libjli.so
b77a0000-b77a1000 rw-p 0000d000 08:01 1693273    /usr/lib/jvm/java-8-openjdk-i386/jre/lib/i386/jli/libjli.so
b77a1000-b77a2000 rw-p 00000000 00:00 0 
b77a2000-b77a4000 r--p 00000000 00:00 0          [vvar]
b77a4000-b77a5000 r-xp 00000000 00:00 0          [vdso]
b77a5000-b77c8000 r-xp 00000000 08:01 3402661    /lib/i386-linux-gnu/ld-2.23.so
b77c8000-b77c9000 r--p 00022000 08:01 3402661    /lib/i386-linux-gnu/ld-2.23.so
b77c9000-b77ca000 rw-p 00023000 08:01 3402661    /lib/i386-linux-gnu/ld-2.23.so
bf854000-bf875000 rw-p 00000000 00:00 0          [stack]

VM Arguments:
jvm_args: -Dclassworlds.conf=/usr/share/maven/bin/m2.conf -Dmaven.home=/usr/share/maven -Dmaven.multiModuleProjectDirectory=/home/sarnobat/github/maven_project 
java_command: org.codehaus.plexus.classworlds.launcher.Launcher --quiet --settings /home/sarnobat/sarnobat.git/mac/.m2/settings.xml install exec:java -Dexec.mainClass=Md5RoCopyFile -Dexec.args=4486 ~/sarnobat.git/db/md5ro/md5_files.txt
java_class_path (initial): /usr/share/maven/boot/plexus-classworlds-2.x.jar
Launcher Type: SUN_STANDARD

Environment Variables:
JAVA_HOME=/usr/lib/jvm/java-8-openjdk-i386
PATH=/usr/bin:/bin
SHELL=/bin/sh

Signal Handlers:
SIGSEGV: [libjvm.so+0x8d7370], sa_mask[0]=11111111011111111101111111111110, sa_flags=SA_RESTART|SA_SIGINFO
SIGBUS: [libjvm.so+0x8d7370], sa_mask[0]=11111111011111111101111111111110, sa_flags=SA_RESTART|SA_SIGINFO
SIGFPE: [libjvm.so+0x73d1c0], sa_mask[0]=11111111011111111101111111111110, sa_flags=SA_RESTART|SA_SIGINFO
SIGPIPE: [libjvm.so+0x73d1c0], sa_mask[0]=11111111011111111101111111111110, sa_flags=SA_RESTART|SA_SIGINFO
SIGXFSZ: [libjvm.so+0x73d1c0], sa_mask[0]=11111111011111111101111111111110, sa_flags=SA_RESTART|SA_SIGINFO
SIGILL: [libjvm.so+0x73d1c0], sa_mask[0]=11111111011111111101111111111110, sa_flags=SA_RESTART|SA_SIGINFO
SIGUSR1: SIG_DFL, sa_mask[0]=00000000000000000000000000000000, sa_flags=none
SIGUSR2: [libjvm.so+0x73d000], sa_mask[0]=00000000000000000000000000000000, sa_flags=SA_RESTART|SA_SIGINFO
SIGHUP: [libjvm.so+0x73d790], sa_mask[0]=11111111011111111101111111111110, sa_flags=SA_RESTART|SA_SIGINFO
SIGINT: [libjvm.so+0x73d790], sa_mask[0]=11111111011111111101111111111110, sa_flags=SA_RESTART|SA_SIGINFO
SIGTERM: [libjvm.so+0x73d790], sa_mask[0]=11111111011111111101111111111110, sa_flags=SA_RESTART|SA_SIGINFO
SIGQUIT: [libjvm.so+0x73d790], sa_mask[0]=11111111011111111101111111111110, sa_flags=SA_RESTART|SA_SIGINFO


---------------  S Y S T E M  ---------------

OS:DISTRIB_ID=Ubuntu
DISTRIB_RELEASE=16.04
DISTRIB_CODENAME=xenial
DISTRIB_DESCRIPTION="Ubuntu 16.04.1 LTS"

uname:Linux 4.4.0-104-generic #127-Ubuntu SMP Mon Dec 11 12:16:50 UTC 2017 i686
libc:glibc 2.23 NPTL 2.23 
rlimit: STACK 8192k, CORE 0k, NPROC 63057, NOFILE 1048576, AS infinity
load average:3.28 2.75 2.67

/proc/meminfo:
MemTotal:        8107456 kB
MemFree:          412084 kB
MemAvailable:          0 kB
Buffers:           14524 kB
Cached:           253548 kB
SwapCached:         5088 kB
Active:          5960608 kB
Inactive:        1524928 kB
Active(anon):    5930588 kB
Inactive(anon):  1466292 kB
Active(file):      30020 kB
Inactive(file):    58636 kB
Unevictable:           0 kB
Mlocked:               0 kB
HighTotal:       7292552 kB
HighFree:         102044 kB
LowTotal:         814904 kB
LowFree:          310040 kB
SwapTotal:       4007932 kB
SwapFree:             20 kB
Dirty:               808 kB
Writeback:             0 kB
AnonPages:       7213100 kB
Mapped:            53284 kB
Shmem:            178796 kB
Slab:              98060 kB
SReclaimable:      51168 kB
SUnreclaim:        46892 kB
KernelStack:       16600 kB
PageTables:        46472 kB
NFS_Unstable:          0 kB
Bounce:                0 kB
WritebackTmp:          0 kB
CommitLimit:     8061660 kB
Committed_AS:   25541608 kB
VmallocTotal:     122880 kB
VmallocUsed:           0 kB
VmallocChunk:          0 kB
AnonHugePages:   4253696 kB
CmaTotal:              0 kB
CmaFree:               0 kB
HugePages_Total:       0
HugePages_Free:        0
HugePages_Rsvd:        0
HugePages_Surp:        0
Hugepagesize:       2048 kB
DirectMap4k:       34808 kB
DirectMap2M:      876544 kB


CPU:total 4 (initial active 4) (2 cores per cpu, 2 threads per core) family 6 model 58 stepping 9, cmov, cx8, fxsr, mmx, sse, sse2, sse3, ssse3, sse4.1, sse4.2, popcnt, avx, aes, clmul, erms, ht, tsc, tscinvbit, tscinv

/proc/cpuinfo:
processor	: 0
vendor_id	: GenuineIntel
cpu family	: 6
model		: 58
model name	: Intel(R) Core(TM) i5-3427U CPU @ 1.80GHz
stepping	: 9
microcode	: 0x17
cpu MHz		: 2599.988
cache size	: 3072 KB
physical id	: 0
siblings	: 4
core id		: 0
cpu cores	: 2
apicid		: 0
initial apicid	: 0
fdiv_bug	: no
f00f_bug	: no
coma_bug	: no
fpu		: yes
fpu_exception	: yes
cpuid level	: 13
wp		: yes
flags		: fpu vme de pse tsc msr pae mce cx8 apic sep mtrr pge mca cmov pat pse36 clflush dts acpi mmx fxsr sse sse2 ss ht tm pbe nx rdtscp lm constant_tsc arch_perfmon pebs bts xtopology nonstop_tsc aperfmperf eagerfpu pni pclmulqdq dtes64 monitor ds_cpl vmx smx est tm2 ssse3 cx16 xtpr pdcm pcid sse4_1 sse4_2 x2apic popcnt tsc_deadline_timer aes xsave avx f16c rdrand lahf_lm epb tpr_shadow vnmi flexpriority ept vpid fsgsbase smep erms xsaveopt dtherm ida arat pln pts
bugs		:
bogomips	: 4589.86
clflush size	: 64
cache_alignment	: 64
address sizes	: 36 bits physical, 48 bits virtual
power management:

processor	: 1
vendor_id	: GenuineIntel
cpu family	: 6
model		: 58
model name	: Intel(R) Core(TM) i5-3427U CPU @ 1.80GHz
stepping	: 9
microcode	: 0x17
cpu MHz		: 2599.988
cache size	: 3072 KB
physical id	: 0
siblings	: 4
core id		: 1
cpu cores	: 2
apicid		: 2
initial apicid	: 2
fdiv_bug	: no
f00f_bug	: no
coma_bug	: no
fpu		: yes
fpu_exception	: yes
cpuid level	: 13
wp		: yes
flags		: fpu vme de pse tsc msr pae mce cx8 apic sep mtrr pge mca cmov pat pse36 clflush dts acpi mmx fxsr sse sse2 ss ht tm pbe nx rdtscp lm constant_tsc arch_perfmon pebs bts xtopology nonstop_tsc aperfmperf eagerfpu pni pclmulqdq dtes64 monitor ds_cpl vmx smx est tm2 ssse3 cx16 xtpr pdcm pcid sse4_1 sse4_2 x2apic popcnt tsc_deadline_timer aes xsave avx f16c rdrand lahf_lm epb tpr_shadow vnmi flexpriority ept vpid fsgsbase smep erms xsaveopt dtherm ida arat pln pts
bugs		:
bogomips	: 4589.86
clflush size	: 64
cache_alignment	: 64
address sizes	: 36 bits physical, 48 bits virtual
power management:

processor	: 2
vendor_id	: GenuineIntel
cpu family	: 6
model		: 58
model name	: Intel(R) Core(TM) i5-3427U CPU @ 1.80GHz
stepping	: 9
microcode	: 0x17
cpu MHz		: 2599.988
cache size	: 3072 KB
physical id	: 0
siblings	: 4
core id		: 0
cpu cores	: 2
apicid		: 1
initial apicid	: 1
fdiv_bug	: no
f00f_bug	: no
coma_bug	: no
fpu		: yes
fpu_exception	: yes
cpuid level	: 13
wp		: yes
flags		: fpu vme de pse tsc msr pae mce cx8 apic sep mtrr pge mca cmov pat pse36 clflush dts acpi mmx fxsr sse sse2 ss ht tm pbe nx rdtscp lm constant_tsc arch_perfmon pebs bts xtopology nonstop_tsc aperfmperf eagerfpu pni pclmulqdq dtes64 monitor ds_cpl vmx smx est tm2 ssse3 cx16 xtpr pdcm pcid sse4_1 sse4_2 x2apic popcnt tsc_deadline_timer aes xsave avx f16c rdrand lahf_lm epb tpr_shadow vnmi flexpriority ept vpid fsgsbase smep erms xsaveopt dtherm ida arat pln pts
bugs		:
bogomips	: 4589.86
clflush size	: 64
cache_alignment	: 64
address sizes	: 36 bits physical, 48 bits virtual
power management:

processor	: 3
vendor_id	: GenuineIntel
cpu family	: 6
model		: 58
model name	: Intel(R) Core(TM) i5-3427U CPU @ 1.80GHz
stepping	: 9
microcode	: 0x17
cpu MHz		: 2599.988
cache size	: 3072 KB
physical id	: 0
siblings	: 4
core id		: 1
cpu cores	: 2
apicid		: 3
initial apicid	: 3
fdiv_bug	: no
f00f_bug	: no
coma_bug	: no
fpu		: yes
fpu_exception	: yes
cpuid level	: 13
wp		: yes
flags		: fpu vme de pse tsc msr pae mce cx8 apic sep mtrr pge mca cmov pat pse36 clflush dts acpi mmx fxsr sse sse2 ss ht tm pbe nx rdtscp lm constant_tsc arch_perfmon pebs bts xtopology nonstop_tsc aperfmperf eagerfpu pni pclmulqdq dtes64 monitor ds_cpl vmx smx est tm2 ssse3 cx16 xtpr pdcm pcid sse4_1 sse4_2 x2apic popcnt tsc_deadline_timer aes xsave avx f16c rdrand lahf_lm epb tpr_shadow vnmi flexpriority ept vpid fsgsbase smep erms xsaveopt dtherm ida arat pln pts
bugs		:
bogomips	: 4589.86
clflush size	: 64
cache_alignment	: 64
address sizes	: 36 bits physical, 48 bits virtual
power management:



Memory: 4k page, physical 8107456k(412084k free), swap 4007932k(20k free)

vm_info: OpenJDK Server VM (25.151-b12) for linux-x86 JRE (1.8.0_151-8u151-b12-0ubuntu0.16.04.2-b12), built on Oct 27 2017 22:05:04 by "buildd" with gcc 5.4.0 20160609

time: Thu Mar 22 17:10:14 2018
elapsed time: 13 seconds (0d 0h 0m 13s)

