#
# There is insufficient memory for the Java Runtime Environment to continue.
# Native memory allocation (mmap) failed to map 40370176 bytes for committing reserved memory.
# Possible reasons:
#   The system is out of physical RAM or swap space
#   In 32 bit mode, the process size limit was hit
# Possible solutions:
#   Reduce memory load on the system
#   Increase physical memory or swap space
#   Check if swap backing store is full
#   Use 64 bit Java on a 64 bit OS
#   Decrease Java heap size (-Xmx/-Xms)
#   Decrease number of Java threads
#   Decrease Java thread stack sizes (-Xss)
#   Set larger code cache with -XX:ReservedCodeCacheSize=
# This output file may be truncated or incomplete.
#
#  Out of Memory Error (os_linux.cpp:2643), pid=15961, tid=0x639e4b40
#
# JRE version: OpenJDK Runtime Environment (8.0_151-b12) (build 1.8.0_151-8u151-b12-0ubuntu0.16.04.2-b12)
# Java VM: OpenJDK Server VM (25.151-b12 mixed mode linux-x86 )
# Failed to write core dump. Core dumps have been disabled. To enable core dumping, try "ulimit -c unlimited" before starting Java again
#

---------------  T H R E A D  ---------------

Current thread (0x63881000):  VMThread [stack: 0x63964000,0x639e5000] [id=16112]

Stack: [0x63964000,0x639e5000],  sp=0x639e3b40,  free space=510k
Native frames: (J=compiled Java code, j=interpreted, Vv=VM code, C=native code)
V  [libjvm.so+0x8d6834]
V  [libjvm.so+0x3a7c76]
V  [libjvm.so+0x7420c0]
V  [libjvm.so+0x73c013]
V  [libjvm.so+0x7ad98c]
V  [libjvm.so+0x7ae9cb]
V  [libjvm.so+0x7ab487]
V  [libjvm.so+0x7abcd3]
V  [libjvm.so+0x764c75]
V  [libjvm.so+0x8d83f9]
V  [libjvm.so+0x8dd466]
V  [libjvm.so+0x8db620]
V  [libjvm.so+0x8dbd75]
V  [libjvm.so+0x8dc37b]
V  [libjvm.so+0x73f2b5]
C  [libpthread.so.0+0x6295]  start_thread+0xe5

VM_Operation (0xb645dd94): ParallelGCFailedAllocation, mode: safepoint, requested by thread 0xb6307800


---------------  P R O C E S S  ---------------

Java Threads: ( => current thread )
  0x638aa400 JavaThread "Service Thread" daemon [_thread_blocked, id=16150, stack(0x6318a000,0x631db000)]
  0x638a7000 JavaThread "C1 CompilerThread2" daemon [_thread_blocked, id=16145, stack(0x631db000,0x6325c000)]
  0x638a5c00 JavaThread "C2 CompilerThread1" daemon [_thread_in_native, id=16141, stack(0x6325c000,0x632dd000)]
  0x638a3c00 JavaThread "C2 CompilerThread0" daemon [_thread_blocked, id=16137, stack(0x632dd000,0x6335e000)]
  0x638a2400 JavaThread "Signal Dispatcher" daemon [_thread_blocked, id=16131, stack(0x6335e000,0x633af000)]
  0x63888400 JavaThread "Finalizer" daemon [_thread_blocked, id=16125, stack(0x635af000,0x63600000)]
  0x63885800 JavaThread "Reference Handler" daemon [_thread_blocked, id=16115, stack(0x63913000,0x63964000)]
  0xb6307800 JavaThread "main" [_thread_blocked, id=16083, stack(0xb6411000,0xb6462000)]

Other Threads:
=>0x63881000 VMThread [stack: 0x63964000,0x639e5000] [id=16112]
  0x638ac000 WatcherThread [stack: 0x63109000,0x6318a000] [id=16159]

VM state:at safepoint (normal execution)

VM Mutex/Monitor currently owned by a thread:  ([mutex/lock_event])
[0xb6304ed0] Threads_lock - owner thread: 0x63881000
[0xb63052e0] Heap_lock - owner thread: 0xb6307800

Heap:
 PSYoungGen      total 35840K, used 2554K [0x918c0000, 0x93e40000, 0xa6e00000)
  eden space 33280K, 0% used [0x918c0000,0x918c0000,0x93940000)
  from space 2560K, 99% used [0x93940000,0x93bbe870,0x93bc0000)
  to   space 2560K, 0% used [0x93bc0000,0x93bc0000,0x93e40000)
 ParOldGen       total 43776K, used 6498K [0x66e00000, 0x698c0000, 0x918c0000)
  object space 43776K, 14% used [0x66e00000,0x67458a20,0x698c0000)
 Metaspace       used 9978K, capacity 10075K, committed 10136K, reserved 10544K

Card table byte_map: [0x66bff000,0x66e00000] byte_map_base: 0x668c8000

Marking Bits: (ParMarkBitMap*) 0xb7187880
 Begin Bits: [0x64400000, 0x65400000)
 End Bits:   [0x65400000, 0x66400000)

Polling page: 0xb7794000

CodeCache: size=245760Kb used=4902Kb max_used=4902Kb free=240857Kb
 bounds [0xa727a000, 0xa774a000, 0xb627a000]
 total_blobs=1999 nmethods=1821 adapters=92
 compilation: enabled

Compilation events (10 events):
Event: 9.483 Thread 0x638a7000 1824       3       com.google.common.collect.LinkedHashMultimap$ValueEntry::setSuccessorInValueSet (6 bytes)
Event: 9.484 Thread 0x638a7000 nmethod 1824 0xa7744f88 code [0xa77450a0, 0xa7745180]
Event: 9.484 Thread 0x638a7000 1825       1       com.google.common.cache.LocalCache$StrongEntry::setValueReference (6 bytes)
Event: 9.484 Thread 0x638a7000 nmethod 1825 0xa7745208 code [0xa7745300, 0xa77453a0]
Event: 9.485 Thread 0x638a7000 1826       3       com.google.inject.internal.cglib.core.$MethodInfoTransformer::getInstance (4 bytes)
Event: 9.485 Thread 0x638a7000 nmethod 1826 0xa7745408 code [0xa7745520, 0xa77455e0]
Event: 9.485 Thread 0x638a7000 1827       3       com.google.inject.internal.cglib.core.$CodeEmitter::athrow (11 bytes)
Event: 9.485 Thread 0x638a7000 nmethod 1827 0xa7745648 code [0xa7745760, 0xa77458cc]
Event: 9.498 Thread 0x638a7000 1828       3       java.util.Calendar::internalSet (8 bytes)
Event: 9.498 Thread 0x638a7000 nmethod 1828 0xa7745988 code [0xa7745aa0, 0xa7745ba0]

GC Heap History (9 events):
Event: 4.026 GC heap before
{Heap before GC invocations=1 (full 0):
 PSYoungGen      total 19200K, used 16640K [0x918c0000, 0x92e00000, 0xa6e00000)
  eden space 16640K, 100% used [0x918c0000,0x92900000,0x92900000)
  from space 2560K, 0% used [0x92b80000,0x92b80000,0x92e00000)
  to   space 2560K, 0% used [0x92900000,0x92900000,0x92b80000)
 ParOldGen       total 43776K, used 0K [0x66e00000, 0x698c0000, 0x918c0000)
  object space 43776K, 0% used [0x66e00000,0x66e00000,0x698c0000)
 Metaspace       used 4672K, capacity 4714K, committed 4760K, reserved 5424K
Event: 4.069 GC heap after
Heap after GC invocations=1 (full 0):
 PSYoungGen      total 19200K, used 2547K [0x918c0000, 0x93e40000, 0xa6e00000)
  eden space 16640K, 0% used [0x918c0000,0x918c0000,0x92900000)
  from space 2560K, 99% used [0x92900000,0x92b7cc90,0x92b80000)
  to   space 2560K, 0% used [0x93bc0000,0x93bc0000,0x93e40000)
 ParOldGen       total 43776K, used 817K [0x66e00000, 0x698c0000, 0x918c0000)
  object space 43776K, 1% used [0x66e00000,0x66ecc5d8,0x698c0000)
 Metaspace       used 4672K, capacity 4714K, committed 4760K, reserved 5424K
}
Event: 5.641 GC heap before
{Heap before GC invocations=2 (full 0):
 PSYoungGen      total 19200K, used 19187K [0x918c0000, 0x93e40000, 0xa6e00000)
  eden space 16640K, 100% used [0x918c0000,0x92900000,0x92900000)
  from space 2560K, 99% used [0x92900000,0x92b7cc90,0x92b80000)
  to   space 2560K, 0% used [0x93bc0000,0x93bc0000,0x93e40000)
 ParOldGen       total 43776K, used 817K [0x66e00000, 0x698c0000, 0x918c0000)
  object space 43776K, 1% used [0x66e00000,0x66ecc5d8,0x698c0000)
 Metaspace       used 5283K, capacity 5322K, committed 5400K, reserved 5424K
Event: 5.656 GC heap after
Heap after GC invocations=2 (full 0):
 PSYoungGen      total 19200K, used 2551K [0x918c0000, 0x93e40000, 0xa6e00000)
  eden space 16640K, 0% used [0x918c0000,0x918c0000,0x92900000)
  from space 2560K, 99% used [0x93bc0000,0x93e3dd40,0x93e40000)
  to   space 2560K, 0% used [0x92900000,0x92900000,0x92b80000)
 ParOldGen       total 43776K, used 883K [0x66e00000, 0x698c0000, 0x918c0000)
  object space 43776K, 2% used [0x66e00000,0x66edcf00,0x698c0000)
 Metaspace       used 5283K, capacity 5322K, committed 5400K, reserved 5424K
}
Event: 6.890 GC heap before
{Heap before GC invocations=3 (full 0):
 PSYoungGen      total 19200K, used 19191K [0x918c0000, 0x93e40000, 0xa6e00000)
  eden space 16640K, 100% used [0x918c0000,0x92900000,0x92900000)
  from space 2560K, 99% used [0x93bc0000,0x93e3dd40,0x93e40000)
  to   space 2560K, 0% used [0x92900000,0x92900000,0x92b80000)
 ParOldGen       total 43776K, used 883K [0x66e00000, 0x698c0000, 0x918c0000)
  object space 43776K, 2% used [0x66e00000,0x66edcf00,0x698c0000)
 Metaspace       used 6647K, capacity 6711K, committed 6808K, reserved 7472K
Event: 6.929 GC heap after
Heap after GC invocations=3 (full 0):
 PSYoungGen      total 19200K, used 2555K [0x918c0000, 0x93e40000, 0xa6e00000)
  eden space 16640K, 0% used [0x918c0000,0x918c0000,0x92900000)
  from space 2560K, 99% used [0x92900000,0x92b7ee60,0x92b80000)
  to   space 2560K, 0% used [0x93bc0000,0x93bc0000,0x93e40000)
 ParOldGen       total 43776K, used 2330K [0x66e00000, 0x698c0000, 0x918c0000)
  object space 43776K, 5% used [0x66e00000,0x67046a48,0x698c0000)
 Metaspace       used 6647K, capacity 6711K, committed 6808K, reserved 7472K
}
Event: 8.044 GC heap before
{Heap before GC invocations=4 (full 0):
 PSYoungGen      total 19200K, used 19195K [0x918c0000, 0x93e40000, 0xa6e00000)
  eden space 16640K, 100% used [0x918c0000,0x92900000,0x92900000)
  from space 2560K, 99% used [0x92900000,0x92b7ee60,0x92b80000)
  to   space 2560K, 0% used [0x93bc0000,0x93bc0000,0x93e40000)
 ParOldGen       total 43776K, used 2330K [0x66e00000, 0x698c0000, 0x918c0000)
  object space 43776K, 5% used [0x66e00000,0x67046a48,0x698c0000)
 Metaspace       used 8080K, capacity 8156K, committed 8216K, reserved 8496K
Event: 8.065 GC heap after
Heap after GC invocations=4 (full 0):
 PSYoungGen      total 35840K, used 2552K [0x918c0000, 0x93e40000, 0xa6e00000)
  eden space 33280K, 0% used [0x918c0000,0x918c0000,0x93940000)
  from space 2560K, 99% used [0x93bc0000,0x93e3e080,0x93e40000)
  to   space 2560K, 0% used [0x93940000,0x93940000,0x93bc0000)
 ParOldGen       total 43776K, used 4371K [0x66e00000, 0x698c0000, 0x918c0000)
  object space 43776K, 9% used [0x66e00000,0x67244e68,0x698c0000)
 Metaspace       used 8080K, capacity 8156K, committed 8216K, reserved 8496K
}
Event: 9.504 GC heap before
{Heap before GC invocations=5 (full 0):
 PSYoungGen      total 35840K, used 35832K [0x918c0000, 0x93e40000, 0xa6e00000)
  eden space 33280K, 100% used [0x918c0000,0x93940000,0x93940000)
  from space 2560K, 99% used [0x93bc0000,0x93e3e080,0x93e40000)
  to   space 2560K, 0% used [0x93940000,0x93940000,0x93bc0000)
 ParOldGen       total 43776K, used 4371K [0x66e00000, 0x698c0000, 0x918c0000)
  object space 43776K, 9% used [0x66e00000,0x67244e68,0x698c0000)
 Metaspace       used 9978K, capacity 10075K, committed 10136K, reserved 10544K

Deoptimization events (10 events):
Event: 8.658 Thread 0xb6307800 Uncommon trap: reason=unstable_if action=reinterpret pc=0xa74ee820 method=java.util.concurrent.ConcurrentHashMap.putVal(Ljava/lang/Object;Ljava/lang/Object;Z)Ljava/lang/Object; @ 206
Event: 8.733 Thread 0xb6307800 Uncommon trap: reason=unstable_if action=reinterpret pc=0xa759df00 method=java.lang.ref.ReferenceQueue.poll()Ljava/lang/ref/Reference; @ 4
Event: 9.005 Thread 0xb6307800 Uncommon trap: reason=unstable_if action=reinterpret pc=0xa75defe0 method=com.google.inject.internal.asm.$Item.a(Lcom/google/inject/internal/asm/$Item;)Z @ 345
Event: 9.016 Thread 0xb6307800 Uncommon trap: reason=unstable_if action=reinterpret pc=0xa76398fc method=java.lang.reflect.Modifier.isSynthetic(I)Z @ 5
Event: 9.017 Thread 0xb6307800 Uncommon trap: reason=unstable_if action=reinterpret pc=0xa75ebeb0 method=java.lang.reflect.Modifier.isSynthetic(I)Z @ 5
Event: 9.112 Thread 0xb6307800 Uncommon trap: reason=bimorphic action=maybe_recompile pc=0xa7598a2c method=java.lang.ClassLoader.loadClass(Ljava/lang/String;Z)Ljava/lang/Class; @ 38
Event: 9.112 Thread 0xb6307800 Uncommon trap: reason=bimorphic action=maybe_recompile pc=0xa7598a2c method=java.lang.ClassLoader.loadClass(Ljava/lang/String;Z)Ljava/lang/Class; @ 38
Event: 9.112 Thread 0xb6307800 Uncommon trap: reason=bimorphic action=maybe_recompile pc=0xa7598a2c method=java.lang.ClassLoader.loadClass(Ljava/lang/String;Z)Ljava/lang/Class; @ 38
Event: 9.112 Thread 0xb6307800 Uncommon trap: reason=bimorphic action=maybe_recompile pc=0xa7598a2c method=java.lang.ClassLoader.loadClass(Ljava/lang/String;Z)Ljava/lang/Class; @ 38
Event: 9.375 Thread 0xb6307800 Uncommon trap: reason=unstable_if action=reinterpret pc=0xa773a7ec method=java.util.regex.Pattern$Slice.match(Ljava/util/regex/Matcher;ILjava/lang/CharSequence;)Z @ 29

Internal exceptions (10 events):
Event: 5.182 Thread 0xb6307800 Exception <a 'java/lang/ArrayIndexOutOfBoundsException': 131> (0x92514f60) thrown at [/build/openjdk-8-Y4imzb/openjdk-8-8u151-b12/src/hotspot/src/share/vm/interpreter/interpreterRuntime.cpp, line 366]
Event: 8.728 Thread 0xb6307800 Exception <a 'java/lang/NoClassDefFoundError': com/google/inject/servlet/ServletModuleTargetVisitor> (0x922e9258) thrown at [/build/openjdk-8-Y4imzb/openjdk-8-8u151-b12/src/hotspot/src/share/vm/classfile/systemDictionary.cpp, line 199]
Event: 8.728 Thread 0xb6307800 Exception <a 'java/lang/NoClassDefFoundError'> (0x922e9258) thrown at [/build/openjdk-8-Y4imzb/openjdk-8-8u151-b12/src/hotspot/src/share/vm/prims/jvm.cpp, line 1394]
Event: 8.729 Thread 0xb6307800 Exception <a 'java/lang/NoClassDefFoundError': javax/annotation/Priority> (0x922ee260) thrown at [/build/openjdk-8-Y4imzb/openjdk-8-8u151-b12/src/hotspot/src/share/vm/classfile/systemDictionary.cpp, line 199]
Event: 9.412 Thread 0xb6307800 Exception <a 'java/lang/NullPointerException'> (0x935ea4f8) thrown at [/build/openjdk-8-Y4imzb/openjdk-8-8u151-b12/src/hotspot/src/share/vm/interpreter/linkResolver.cpp, line 1183]
Event: 9.412 Thread 0xb6307800 Exception <a 'java/lang/NullPointerException'> (0x935ea708) thrown at [/build/openjdk-8-Y4imzb/openjdk-8-8u151-b12/src/hotspot/src/share/vm/interpreter/linkResolver.cpp, line 1183]
Event: 9.413 Thread 0xb6307800 Exception <a 'java/lang/NullPointerException'> (0x935ea918) thrown at [/build/openjdk-8-Y4imzb/openjdk-8-8u151-b12/src/hotspot/src/share/vm/interpreter/linkResolver.cpp, line 1183]
Event: 9.414 Thread 0xb6307800 Exception <a 'java/lang/NullPointerException'> (0x935f30f0) thrown at [/build/openjdk-8-Y4imzb/openjdk-8-8u151-b12/src/hotspot/src/share/vm/interpreter/linkResolver.cpp, line 1183]
Event: 9.414 Thread 0xb6307800 Exception <a 'java/lang/NullPointerException'> (0x935f3300) thrown at [/build/openjdk-8-Y4imzb/openjdk-8-8u151-b12/src/hotspot/src/share/vm/interpreter/linkResolver.cpp, line 1183]
Event: 9.414 Thread 0xb6307800 Exception <a 'java/lang/NullPointerException'> (0x935f3510) thrown at [/build/openjdk-8-Y4imzb/openjdk-8-8u151-b12/src/hotspot/src/share/vm/interpreter/linkResolver.cpp, line 1183]

Events (10 events):
Event: 9.503 loading class org/apache/maven/model/Scm done
Event: 9.503 loading class org/apache/maven/model/IssueManagement
Event: 9.503 loading class org/apache/maven/model/IssueManagement done
Event: 9.503 loading class org/apache/maven/model/CiManagement
Event: 9.503 loading class org/apache/maven/model/CiManagement done
Event: 9.504 loading class org/apache/maven/model/interpolation/StringSearchModelInterpolator$InterpolateObjectAction$StringField
Event: 9.504 loading class org/apache/maven/model/interpolation/StringSearchModelInterpolator$InterpolateObjectAction$StringField done
Event: 9.504 loading class org/apache/maven/model/interpolation/StringSearchModelInterpolator$InterpolateObjectAction$CacheField
Event: 9.504 loading class org/apache/maven/model/interpolation/StringSearchModelInterpolator$InterpolateObjectAction$CacheField done
Event: 9.504 Executing VM operation: ParallelGCFailedAllocation


Dynamic libraries:
08048000-08049000 r-xp 00000000 08:01 1693306    /usr/lib/jvm/java-8-openjdk-i386/jre/bin/java
08049000-0804a000 r--p 00000000 08:01 1693306    /usr/lib/jvm/java-8-openjdk-i386/jre/bin/java
0804a000-0804b000 rw-p 00001000 08:01 1693306    /usr/lib/jvm/java-8-openjdk-i386/jre/bin/java
09ea3000-09ec4000 rw-p 00000000 00:00 0          [heap]
61e00000-61ee2000 rw-p 00000000 00:00 0 
61ee2000-61f00000 ---p 00000000 00:00 0 
61f00000-61fa0000 rw-p 00000000 00:00 0 
61fa0000-62000000 ---p 00000000 00:00 0 
62000000-62100000 rw-p 00000000 00:00 0 
62100000-621f8000 rw-p 00000000 00:00 0 
621f8000-62200000 ---p 00000000 00:00 0 
62200000-62280000 rw-p 00000000 00:00 0 
62280000-62300000 ---p 00000000 00:00 0 
62300000-62400000 rw-p 00000000 00:00 0 
62400000-62500000 rw-p 00000000 00:00 0 
62500000-62600000 rw-p 00000000 00:00 0 
62600000-62700000 rw-p 00000000 00:00 0 
62700000-627b3000 rw-p 00000000 00:00 0 
627b3000-62800000 ---p 00000000 00:00 0 
62800000-628fe000 rw-p 00000000 00:00 0 
628fe000-62900000 ---p 00000000 00:00 0 
62900000-62a00000 rw-p 00000000 00:00 0 
62a00000-62b00000 rw-p 00000000 00:00 0 
62b00000-62bfc000 rw-p 00000000 00:00 0 
62bfc000-62c00000 ---p 00000000 00:00 0 
62c00000-62d00000 rw-p 00000000 00:00 0 
62d00000-62e00000 rw-p 00000000 00:00 0 
62e00000-62eff000 rw-p 00000000 00:00 0 
62eff000-62f00000 ---p 00000000 00:00 0 
62f88000-62f8d000 r--s 0009a000 08:01 1693288    /usr/lib/jvm/java-8-openjdk-i386/jre/lib/jsse.jar
62f8d000-62f9a000 r--s 0008d000 08:01 1149531    /usr/share/java/maven3-core-3.3.9.jar
62f9a000-62f9b000 r--s 00001000 08:01 1149511    /usr/share/java/wagon-file-2.x.jar
62f9b000-62f9e000 r--s 00007000 08:01 1149537    /usr/share/java/maven3-settings-builder-3.3.9.jar
62f9e000-62fa0000 r--s 0000d000 08:01 1149536    /usr/share/java/maven3-aether-provider-3.3.9.jar
62fa0000-62fa7000 r--s 0002c000 08:01 1149509    /usr/share/java/sisu-plexus.jar
62fa7000-62fab000 r--s 00027000 08:01 1145546    /usr/share/java/commons-io-2.4.jar
62fab000-62fb3000 r--s 00054000 08:01 1149507    /usr/share/java/sisu-inject.jar
62fb3000-62fba000 r--s 0005d000 08:01 1149254    /usr/share/java/commons-lang3.jar
62fba000-62fbb000 r--s 00004000 08:01 1145398    /usr/share/java/atinject-jsr330-tck-1.0.jar
62fbb000-62fbd000 r--s 0000e000 08:01 1149271    /usr/share/java/plexus-interpolation.jar
62fbd000-62fbf000 r--s 00006000 08:01 1149372    /usr/share/java/eclipse-aether-spi.jar
62fbf000-62fc0000 r--s 00008000 08:01 1149370    /usr/share/java/eclipse-aether-connector-basic.jar
62fc0000-62fc4000 r--s 00027000 08:01 1149367    /usr/share/java/eclipse-aether-impl.jar
62fc4000-62fc6000 r--s 00005000 08:01 1149373    /usr/share/java/eclipse-aether-transport-wagon.jar
62fc6000-62fc8000 r--s 00001000 08:01 1149403    /usr/share/java/aopalliance-1.0.jar
62fc8000-62fca000 r--s 00001000 08:01 1149538    /usr/share/java/maven3-builder-support-3.3.9.jar
62fca000-62fcf000 r--s 0001d000 08:01 1149374    /usr/share/java/eclipse-aether-api.jar
62fcf000-62fd1000 r--s 00002000 08:01 1149449    /usr/share/java/plexus-cipher.jar
62fd1000-62fd2000 r--s 00002000 08:01 1149066    /usr/share/java/slf4j-simple.jar
62fd2000-62fd4000 r--s 00013000 08:01 1149534    /usr/share/java/maven3-embedder-3.3.9.jar
62fd4000-63000000 r--s 00208000 08:01 1148516    /usr/share/java/guava.jar
63000000-630fe000 rw-p 00000000 00:00 0 
630fe000-63100000 ---p 00000000 00:00 0 
63100000-63102000 r--s 00027000 08:01 1149535    /usr/share/java/maven3-model-3.3.9.jar
63102000-63104000 r--s 0000a000 08:01 1147016    /usr/share/java/commons-cli-1.3.1.jar
63104000-63106000 r--s 0000a000 08:01 1149512    /usr/share/java/wagon-provider-api-2.x.jar
63106000-63109000 r--s 0000a000 08:01 1149539    /usr/share/java/maven3-artifact-3.3.9.jar
63109000-6310a000 ---p 00000000 00:00 0 
6310a000-6318a000 rw-p 00000000 00:00 0 
6318a000-6318d000 ---p 00000000 00:00 0 
6318d000-631db000 rw-p 00000000 00:00 0 
631db000-631de000 ---p 00000000 00:00 0 
631de000-6325c000 rw-p 00000000 00:00 0 
6325c000-6325f000 ---p 00000000 00:00 0 
6325f000-632dd000 rw-p 00000000 00:00 0 
632dd000-632e0000 ---p 00000000 00:00 0 
632e0000-6335e000 rw-p 00000000 00:00 0 
6335e000-63361000 ---p 00000000 00:00 0 
63361000-633af000 rw-p 00000000 00:00 0 
633af000-635af000 r--p 00000000 08:01 1110568    /usr/lib/locale/locale-archive
635af000-635b2000 ---p 00000000 00:00 0 
635b2000-63600000 rw-p 00000000 00:00 0 
63600000-636f6000 rw-p 00000000 00:00 0 
636f6000-63700000 ---p 00000000 00:00 0 
63700000-63721000 rw-p 00000000 00:00 0 
63721000-63800000 ---p 00000000 00:00 0 
63800000-638fe000 rw-p 00000000 00:00 0 
638fe000-63900000 ---p 00000000 00:00 0 
63900000-63904000 r--s 00020000 08:01 1149392    /usr/share/java/eclipse-aether-util.jar
63904000-63905000 r--s 00006000 08:01 1149532    /usr/share/java/maven3-repository-metadata-3.3.9.jar
63905000-63907000 r--s 00007000 08:01 1149069    /usr/share/java/slf4j-api.jar
63907000-63908000 r--s 0000a000 08:01 1149528    /usr/share/java/maven3-settings-3.3.9.jar
63908000-63909000 r--s 00001000 08:01 1149518    /usr/share/java/wagon-http-shared-2.x.jar
63909000-6390d000 r--s 00038000 08:01 1149495    /usr/share/java/plexus-utils2.jar
6390d000-63913000 r--s 00048000 08:01 1149288    /usr/share/java/jsoup.jar
63913000-63916000 ---p 00000000 00:00 0 
63916000-63964000 rw-p 00000000 00:00 0 
63964000-63965000 ---p 00000000 00:00 0 
63965000-639e5000 rw-p 00000000 00:00 0 
639e5000-63bb4000 r--s 03c21000 08:01 1693223    /usr/lib/jvm/java-8-openjdk-i386/jre/lib/rt.jar
63bb4000-63ffa000 rw-p 00000000 00:00 0 
63ffa000-64000000 ---p 00000000 00:00 0 
64000000-66400000 rw-p 00000000 00:00 0 
66400000-664f8000 rw-p 00000000 00:00 0 
664f8000-66500000 ---p 00000000 00:00 0 
66500000-66531000 r--s 00207000 08:01 1149515    /usr/share/java/wagon-http-shaded-2.x.jar
66531000-6657f000 rw-p 00000000 00:00 0 
6657f000-66580000 ---p 00000000 00:00 0 
66580000-66600000 rw-p 00000000 00:00 0 
66600000-666fb000 rw-p 00000000 00:00 0 
666fb000-66700000 ---p 00000000 00:00 0 
66700000-66721000 rw-p 00000000 00:00 0 
66721000-66800000 ---p 00000000 00:00 0 
66800000-66801000 r--s 00006000 08:01 1149451    /usr/share/java/plexus-sec-dispatcher.jar
66801000-66803000 r--s 0000a000 08:01 1149529    /usr/share/java/maven3-plugin-api-3.3.9.jar
66803000-66808000 r--s 00025000 08:01 1149533    /usr/share/java/maven3-model-builder-3.3.9.jar
66808000-6680d000 r--s 00040000 08:01 1145678    /usr/share/java/commons-lang-2.6.jar
6680d000-6680f000 r--s 00000000 08:01 1149499    /usr/share/java/plexus-component-annotations-1.5.jar
6680f000-66810000 r--s 00000000 08:01 1149240    /usr/share/java/geronimo-interceptor-3.0-spec-1.0.1.jar
66810000-66812000 r--s 00012000 08:01 1144777    /usr/share/java/el-api-3.0.jar
66812000-66813000 r--s 00000000 08:01 1145399    /usr/share/java/atinject-jsr330-api-1.0.jar
66813000-66816000 r--s 00008000 08:01 1149246    /usr/share/java/cdi-api-1.0.jar
66816000-66824000 r--s 00095000 08:01 1149408    /usr/share/java/guice.jar
66824000-6687f000 rw-p 00000000 00:00 0 
6687f000-66880000 ---p 00000000 00:00 0 
66880000-66900000 rw-p 00000000 00:00 0 
66900000-66921000 rw-p 00000000 00:00 0 
66921000-66a00000 ---p 00000000 00:00 0 
66a00000-66a07000 r--s 00041000 08:01 1149530    /usr/share/java/maven3-compat-3.3.9.jar
66a07000-66a09000 r--s 0000a000 08:01 1149493    /usr/share/java/plexus-classworlds2-2.5.2.jar
66a09000-66a0b000 r--s 00008000 08:01 1693232    /usr/lib/jvm/java-8-openjdk-i386/jre/lib/ext/sunec.jar
66a0b000-66a26000 r--s 00394000 08:01 1693228    /usr/lib/jvm/java-8-openjdk-i386/jre/lib/ext/cldrdata.jar
66a26000-66a28000 r--s 00001000 08:01 1693236    /usr/lib/jvm/java-8-openjdk-i386/jre/lib/ext/dnsns.jar
66a28000-66a29000 ---p 00000000 00:00 0 
66a29000-66abf000 rw-p 00000000 00:00 0 
66abf000-66bff000 ---p 00000000 00:00 0 
66bff000-66c15000 rw-p 00000000 00:00 0 
66c15000-66d54000 ---p 00000000 00:00 0 
66d54000-66d68000 rw-p 00000000 00:00 0 
66d68000-66dff000 ---p 00000000 00:00 0 
66dff000-698c0000 rw-p 00000000 00:00 0 
698c0000-918c0000 ---p 00000000 00:00 0 
918c0000-93e40000 rw-p 00000000 00:00 0 
964c0000-a6e00000 ---p 00000000 00:00 0 
a6e00000-a6e1b000 r--s 001d6000 08:01 1693230    /usr/lib/jvm/java-8-openjdk-i386/jre/lib/ext/nashorn.jar
a6e1b000-a6e21000 r--s 0003a000 08:01 1693231    /usr/lib/jvm/java-8-openjdk-i386/jre/lib/ext/sunjce_provider.jar
a6e21000-a6e39000 rw-p 00000000 00:00 0 
a6e39000-a6e3a000 ---p 00000000 00:00 0 
a6e3a000-a6ece000 rw-p 00000000 00:00 0 
a6ece000-a727a000 ---p 00000000 00:00 0 
a727a000-a774a000 rwxp 00000000 00:00 0 
a774a000-b627a000 ---p 00000000 00:00 0 
b627a000-b6285000 r-xp 00000000 08:01 3402889    /lib/i386-linux-gnu/libnss_files-2.23.so
b6285000-b6286000 r--p 0000a000 08:01 3402889    /lib/i386-linux-gnu/libnss_files-2.23.so
b6286000-b6287000 rw-p 0000b000 08:01 3402889    /lib/i386-linux-gnu/libnss_files-2.23.so
b6287000-b628d000 rw-p 00000000 00:00 0 
b628d000-b6298000 r-xp 00000000 08:01 3402895    /lib/i386-linux-gnu/libnss_nis-2.23.so
b6298000-b6299000 r--p 0000a000 08:01 3402895    /lib/i386-linux-gnu/libnss_nis-2.23.so
b6299000-b629a000 rw-p 0000b000 08:01 3402895    /lib/i386-linux-gnu/libnss_nis-2.23.so
b629a000-b62b1000 r-xp 00000000 08:01 3402652    /lib/i386-linux-gnu/libnsl-2.23.so
b62b1000-b62b2000 r--p 00016000 08:01 3402652    /lib/i386-linux-gnu/libnsl-2.23.so
b62b2000-b62b3000 rw-p 00017000 08:01 3402652    /lib/i386-linux-gnu/libnsl-2.23.so
b62b3000-b62b5000 rw-p 00000000 00:00 0 
b62b5000-b62bd000 r-xp 00000000 08:01 3402720    /lib/i386-linux-gnu/libnss_compat-2.23.so
b62bd000-b62be000 r--p 00007000 08:01 3402720    /lib/i386-linux-gnu/libnss_compat-2.23.so
b62be000-b62bf000 rw-p 00008000 08:01 3402720    /lib/i386-linux-gnu/libnss_compat-2.23.so
b62bf000-b62c0000 r--s 00010000 08:01 1693229    /usr/lib/jvm/java-8-openjdk-i386/jre/lib/ext/zipfs.jar
b62c0000-b62c3000 r--s 0000f000 08:01 1693227    /usr/lib/jvm/java-8-openjdk-i386/jre/lib/ext/icedtea-sound.jar
b62c3000-b62cd000 r--s 00116000 08:01 1693233    /usr/lib/jvm/java-8-openjdk-i386/jre/lib/ext/localedata.jar
b62cd000-b62d5000 r-xp 00000000 08:01 1693277    /usr/lib/jvm/java-8-openjdk-i386/jre/lib/i386/libzip.so
b62d5000-b62d6000 r--p 00007000 08:01 1693277    /usr/lib/jvm/java-8-openjdk-i386/jre/lib/i386/libzip.so
b62d6000-b62d7000 rw-p 00008000 08:01 1693277    /usr/lib/jvm/java-8-openjdk-i386/jre/lib/i386/libzip.so
b62d7000-b62fe000 r-xp 00000000 08:01 1693258    /usr/lib/jvm/java-8-openjdk-i386/jre/lib/i386/libjava.so
b62fe000-b62ff000 r--p 00026000 08:01 1693258    /usr/lib/jvm/java-8-openjdk-i386/jre/lib/i386/libjava.so
b62ff000-b6300000 rw-p 00027000 08:01 1693258    /usr/lib/jvm/java-8-openjdk-i386/jre/lib/i386/libjava.so
b6300000-b63fb000 rw-p 00000000 00:00 0 
b63fb000-b6400000 ---p 00000000 00:00 0 
b6400000-b6408000 rw-s 00000000 08:01 2577193    /tmp/hsperfdata_sarnobat/15961
b6408000-b640f000 r-xp 00000000 08:01 3402905    /lib/i386-linux-gnu/librt-2.23.so
b640f000-b6410000 r--p 00006000 08:01 3402905    /lib/i386-linux-gnu/librt-2.23.so
b6410000-b6411000 rw-p 00007000 08:01 3402905    /lib/i386-linux-gnu/librt-2.23.so
b6411000-b6414000 ---p 00000000 00:00 0 
b6414000-b6462000 rw-p 00000000 00:00 0 
b6462000-b647e000 r-xp 00000000 08:01 3402590    /lib/i386-linux-gnu/libgcc_s.so.1
b647e000-b647f000 rw-p 0001b000 08:01 3402590    /lib/i386-linux-gnu/libgcc_s.so.1
b647f000-b64d2000 r-xp 00000000 08:01 3402651    /lib/i386-linux-gnu/libm-2.23.so
b64d2000-b64d3000 r--p 00052000 08:01 3402651    /lib/i386-linux-gnu/libm-2.23.so
b64d3000-b64d4000 rw-p 00053000 08:01 3402651    /lib/i386-linux-gnu/libm-2.23.so
b64d4000-b6641000 r-xp 00000000 08:01 1104849    /usr/lib/i386-linux-gnu/libstdc++.so.6.0.21
b6641000-b6642000 ---p 0016d000 08:01 1104849    /usr/lib/i386-linux-gnu/libstdc++.so.6.0.21
b6642000-b6647000 r--p 0016d000 08:01 1104849    /usr/lib/i386-linux-gnu/libstdc++.so.6.0.21
b6647000-b6648000 rw-p 00172000 08:01 1104849    /usr/lib/i386-linux-gnu/libstdc++.so.6.0.21
b6648000-b664b000 rw-p 00000000 00:00 0 
b664b000-b711c000 r-xp 00000000 08:01 1693269    /usr/lib/jvm/java-8-openjdk-i386/jre/lib/i386/server/libjvm.so
b711c000-b7162000 r--p 00ad0000 08:01 1693269    /usr/lib/jvm/java-8-openjdk-i386/jre/lib/i386/server/libjvm.so
b7162000-b7179000 rw-p 00b16000 08:01 1693269    /usr/lib/jvm/java-8-openjdk-i386/jre/lib/i386/server/libjvm.so
b7179000-b7599000 rw-p 00000000 00:00 0 
b7599000-b75b2000 r-xp 00000000 08:01 3402662    /lib/i386-linux-gnu/libpthread-2.23.so
b75b2000-b75b3000 r--p 00018000 08:01 3402662    /lib/i386-linux-gnu/libpthread-2.23.so
b75b3000-b75b4000 rw-p 00019000 08:01 3402662    /lib/i386-linux-gnu/libpthread-2.23.so
b75b4000-b75b6000 rw-p 00000000 00:00 0 
b75b6000-b75b9000 r-xp 00000000 08:01 3402697    /lib/i386-linux-gnu/libdl-2.23.so
b75b9000-b75ba000 r--p 00002000 08:01 3402697    /lib/i386-linux-gnu/libdl-2.23.so
b75ba000-b75bb000 rw-p 00003000 08:01 3402697    /lib/i386-linux-gnu/libdl-2.23.so
b75bb000-b75bc000 rw-p 00000000 00:00 0 
b75bc000-b75d5000 r-xp 00000000 08:01 3402741    /lib/i386-linux-gnu/libz.so.1.2.8
b75d5000-b75d6000 r--p 00018000 08:01 3402741    /lib/i386-linux-gnu/libz.so.1.2.8
b75d6000-b75d7000 rw-p 00019000 08:01 3402741    /lib/i386-linux-gnu/libz.so.1.2.8
b75d7000-b7787000 r-xp 00000000 08:01 3402663    /lib/i386-linux-gnu/libc-2.23.so
b7787000-b7789000 r--p 001af000 08:01 3402663    /lib/i386-linux-gnu/libc-2.23.so
b7789000-b778a000 rw-p 001b1000 08:01 3402663    /lib/i386-linux-gnu/libc-2.23.so
b778a000-b778d000 rw-p 00000000 00:00 0 
b778d000-b778e000 r--s 0000a000 08:01 1693235    /usr/lib/jvm/java-8-openjdk-i386/jre/lib/ext/jaccess.jar
b778e000-b7792000 r--s 00037000 08:01 1693234    /usr/lib/jvm/java-8-openjdk-i386/jre/lib/ext/sunpkcs11.jar
b7792000-b7793000 r--p 002d4000 08:01 1110568    /usr/lib/locale/locale-archive
b7793000-b7794000 rw-p 00000000 00:00 0 
b7794000-b7795000 ---p 00000000 00:00 0 
b7795000-b77a3000 r-xp 00000000 08:01 1693275    /usr/lib/jvm/java-8-openjdk-i386/jre/lib/i386/libverify.so
b77a3000-b77a4000 r--p 0000d000 08:01 1693275    /usr/lib/jvm/java-8-openjdk-i386/jre/lib/i386/libverify.so
b77a4000-b77a5000 rw-p 0000e000 08:01 1693275    /usr/lib/jvm/java-8-openjdk-i386/jre/lib/i386/libverify.so
b77a5000-b77b2000 r-xp 00000000 08:01 1693273    /usr/lib/jvm/java-8-openjdk-i386/jre/lib/i386/jli/libjli.so
b77b2000-b77b3000 r--p 0000c000 08:01 1693273    /usr/lib/jvm/java-8-openjdk-i386/jre/lib/i386/jli/libjli.so
b77b3000-b77b4000 rw-p 0000d000 08:01 1693273    /usr/lib/jvm/java-8-openjdk-i386/jre/lib/i386/jli/libjli.so
b77b4000-b77b5000 rw-p 00000000 00:00 0 
b77b5000-b77b7000 r--p 00000000 00:00 0          [vvar]
b77b7000-b77b8000 r-xp 00000000 00:00 0          [vdso]
b77b8000-b77db000 r-xp 00000000 08:01 3402661    /lib/i386-linux-gnu/ld-2.23.so
b77db000-b77dc000 r--p 00022000 08:01 3402661    /lib/i386-linux-gnu/ld-2.23.so
b77dc000-b77dd000 rw-p 00023000 08:01 3402661    /lib/i386-linux-gnu/ld-2.23.so
bfdc3000-bfde4000 rw-p 00000000 00:00 0          [stack]

VM Arguments:
jvm_args: -Dclassworlds.conf=/usr/share/maven/bin/m2.conf -Dmaven.home=/usr/share/maven -Dmaven.multiModuleProjectDirectory=/home/sarnobat/github/maven_project 
java_command: org.codehaus.plexus.classworlds.launcher.Launcher --quiet --settings /home/sarnobat/sarnobat.git/mac/.m2/settings.xml install exec:java -Dexec.mainClass=Md5RoList -Dexec.args=4485
java_class_path (initial): /usr/share/maven/boot/plexus-classworlds-2.x.jar
Launcher Type: SUN_STANDARD

Environment Variables:
JAVA_HOME=/usr/lib/jvm/java-8-openjdk-i386
PATH=/usr/bin:/bin
SHELL=/bin/sh

Signal Handlers:
SIGSEGV: [libjvm.so+0x8d7370], sa_mask[0]=11111111011111111101111111111110, sa_flags=SA_RESTART|SA_SIGINFO
SIGBUS: [libjvm.so+0x8d7370], sa_mask[0]=11111111011111111101111111111110, sa_flags=SA_RESTART|SA_SIGINFO
SIGFPE: [libjvm.so+0x73d1c0], sa_mask[0]=11111111011111111101111111111110, sa_flags=SA_RESTART|SA_SIGINFO
SIGPIPE: [libjvm.so+0x73d1c0], sa_mask[0]=11111111011111111101111111111110, sa_flags=SA_RESTART|SA_SIGINFO
SIGXFSZ: [libjvm.so+0x73d1c0], sa_mask[0]=11111111011111111101111111111110, sa_flags=SA_RESTART|SA_SIGINFO
SIGILL: [libjvm.so+0x73d1c0], sa_mask[0]=11111111011111111101111111111110, sa_flags=SA_RESTART|SA_SIGINFO
SIGUSR1: SIG_DFL, sa_mask[0]=00000000000000000000000000000000, sa_flags=none
SIGUSR2: [libjvm.so+0x73d000], sa_mask[0]=00000000000000000000000000000000, sa_flags=SA_RESTART|SA_SIGINFO
SIGHUP: [libjvm.so+0x73d790], sa_mask[0]=11111111011111111101111111111110, sa_flags=SA_RESTART|SA_SIGINFO
SIGINT: [libjvm.so+0x73d790], sa_mask[0]=11111111011111111101111111111110, sa_flags=SA_RESTART|SA_SIGINFO
SIGTERM: [libjvm.so+0x73d790], sa_mask[0]=11111111011111111101111111111110, sa_flags=SA_RESTART|SA_SIGINFO
SIGQUIT: [libjvm.so+0x73d790], sa_mask[0]=11111111011111111101111111111110, sa_flags=SA_RESTART|SA_SIGINFO


---------------  S Y S T E M  ---------------

OS:DISTRIB_ID=Ubuntu
DISTRIB_RELEASE=16.04
DISTRIB_CODENAME=xenial
DISTRIB_DESCRIPTION="Ubuntu 16.04.1 LTS"

uname:Linux 4.4.0-104-generic #127-Ubuntu SMP Mon Dec 11 12:16:50 UTC 2017 i686
libc:glibc 2.23 NPTL 2.23 
rlimit: STACK 8192k, CORE 0k, NPROC 63057, NOFILE 1048576, AS infinity
load average:2.87 2.36 2.28

/proc/meminfo:
MemTotal:        8107456 kB
MemFree:          411016 kB
MemAvailable:          0 kB
Buffers:            8352 kB
Cached:           216032 kB
SwapCached:         4736 kB
Active:          6009528 kB
Inactive:        1476484 kB
Active(anon):    5985960 kB
Inactive(anon):  1454512 kB
Active(file):      23568 kB
Inactive(file):    21972 kB
Unevictable:           0 kB
Mlocked:               0 kB
HighTotal:       7292552 kB
HighFree:          99388 kB
LowTotal:         814904 kB
LowFree:          311628 kB
SwapTotal:       4007932 kB
SwapFree:              0 kB
Dirty:              1072 kB
Writeback:             0 kB
AnonPages:       7257376 kB
Mapped:            35424 kB
Shmem:            178536 kB
Slab:              98620 kB
SReclaimable:      51200 kB
SUnreclaim:        47420 kB
KernelStack:       16624 kB
PageTables:        46352 kB
NFS_Unstable:          0 kB
Bounce:                0 kB
WritebackTmp:          0 kB
CommitLimit:     8061660 kB
Committed_AS:   25527484 kB
VmallocTotal:     122880 kB
VmallocUsed:           0 kB
VmallocChunk:          0 kB
AnonHugePages:   4306944 kB
CmaTotal:              0 kB
CmaFree:               0 kB
HugePages_Total:       0
HugePages_Free:        0
HugePages_Rsvd:        0
HugePages_Surp:        0
Hugepagesize:       2048 kB
DirectMap4k:       34808 kB
DirectMap2M:      876544 kB


CPU:total 4 (initial active 4) (2 cores per cpu, 2 threads per core) family 6 model 58 stepping 9, cmov, cx8, fxsr, mmx, sse, sse2, sse3, ssse3, sse4.1, sse4.2, popcnt, avx, aes, clmul, erms, ht, tsc, tscinvbit, tscinv

/proc/cpuinfo:
processor	: 0
vendor_id	: GenuineIntel
cpu family	: 6
model		: 58
model name	: Intel(R) Core(TM) i5-3427U CPU @ 1.80GHz
stepping	: 9
microcode	: 0x17
cpu MHz		: 2599.988
cache size	: 3072 KB
physical id	: 0
siblings	: 4
core id		: 0
cpu cores	: 2
apicid		: 0
initial apicid	: 0
fdiv_bug	: no
f00f_bug	: no
coma_bug	: no
fpu		: yes
fpu_exception	: yes
cpuid level	: 13
wp		: yes
flags		: fpu vme de pse tsc msr pae mce cx8 apic sep mtrr pge mca cmov pat pse36 clflush dts acpi mmx fxsr sse sse2 ss ht tm pbe nx rdtscp lm constant_tsc arch_perfmon pebs bts xtopology nonstop_tsc aperfmperf eagerfpu pni pclmulqdq dtes64 monitor ds_cpl vmx smx est tm2 ssse3 cx16 xtpr pdcm pcid sse4_1 sse4_2 x2apic popcnt tsc_deadline_timer aes xsave avx f16c rdrand lahf_lm epb tpr_shadow vnmi flexpriority ept vpid fsgsbase smep erms xsaveopt dtherm ida arat pln pts
bugs		:
bogomips	: 4589.86
clflush size	: 64
cache_alignment	: 64
address sizes	: 36 bits physical, 48 bits virtual
power management:

processor	: 1
vendor_id	: GenuineIntel
cpu family	: 6
model		: 58
model name	: Intel(R) Core(TM) i5-3427U CPU @ 1.80GHz
stepping	: 9
microcode	: 0x17
cpu MHz		: 2599.988
cache size	: 3072 KB
physical id	: 0
siblings	: 4
core id		: 1
cpu cores	: 2
apicid		: 2
initial apicid	: 2
fdiv_bug	: no
f00f_bug	: no
coma_bug	: no
fpu		: yes
fpu_exception	: yes
cpuid level	: 13
wp		: yes
flags		: fpu vme de pse tsc msr pae mce cx8 apic sep mtrr pge mca cmov pat pse36 clflush dts acpi mmx fxsr sse sse2 ss ht tm pbe nx rdtscp lm constant_tsc arch_perfmon pebs bts xtopology nonstop_tsc aperfmperf eagerfpu pni pclmulqdq dtes64 monitor ds_cpl vmx smx est tm2 ssse3 cx16 xtpr pdcm pcid sse4_1 sse4_2 x2apic popcnt tsc_deadline_timer aes xsave avx f16c rdrand lahf_lm epb tpr_shadow vnmi flexpriority ept vpid fsgsbase smep erms xsaveopt dtherm ida arat pln pts
bugs		:
bogomips	: 4589.86
clflush size	: 64
cache_alignment	: 64
address sizes	: 36 bits physical, 48 bits virtual
power management:

processor	: 2
vendor_id	: GenuineIntel
cpu family	: 6
model		: 58
model name	: Intel(R) Core(TM) i5-3427U CPU @ 1.80GHz
stepping	: 9
microcode	: 0x17
cpu MHz		: 2599.988
cache size	: 3072 KB
physical id	: 0
siblings	: 4
core id		: 0
cpu cores	: 2
apicid		: 1
initial apicid	: 1
fdiv_bug	: no
f00f_bug	: no
coma_bug	: no
fpu		: yes
fpu_exception	: yes
cpuid level	: 13
wp		: yes
flags		: fpu vme de pse tsc msr pae mce cx8 apic sep mtrr pge mca cmov pat pse36 clflush dts acpi mmx fxsr sse sse2 ss ht tm pbe nx rdtscp lm constant_tsc arch_perfmon pebs bts xtopology nonstop_tsc aperfmperf eagerfpu pni pclmulqdq dtes64 monitor ds_cpl vmx smx est tm2 ssse3 cx16 xtpr pdcm pcid sse4_1 sse4_2 x2apic popcnt tsc_deadline_timer aes xsave avx f16c rdrand lahf_lm epb tpr_shadow vnmi flexpriority ept vpid fsgsbase smep erms xsaveopt dtherm ida arat pln pts
bugs		:
bogomips	: 4589.86
clflush size	: 64
cache_alignment	: 64
address sizes	: 36 bits physical, 48 bits virtual
power management:

processor	: 3
vendor_id	: GenuineIntel
cpu family	: 6
model		: 58
model name	: Intel(R) Core(TM) i5-3427U CPU @ 1.80GHz
stepping	: 9
microcode	: 0x17
cpu MHz		: 2599.988
cache size	: 3072 KB
physical id	: 0
siblings	: 4
core id		: 1
cpu cores	: 2
apicid		: 3
initial apicid	: 3
fdiv_bug	: no
f00f_bug	: no
coma_bug	: no
fpu		: yes
fpu_exception	: yes
cpuid level	: 13
wp		: yes
flags		: fpu vme de pse tsc msr pae mce cx8 apic sep mtrr pge mca cmov pat pse36 clflush dts acpi mmx fxsr sse sse2 ss ht tm pbe nx rdtscp lm constant_tsc arch_perfmon pebs bts xtopology nonstop_tsc aperfmperf eagerfpu pni pclmulqdq dtes64 monitor ds_cpl vmx smx est tm2 ssse3 cx16 xtpr pdcm pcid sse4_1 sse4_2 x2apic popcnt tsc_deadline_timer aes xsave avx f16c rdrand lahf_lm epb tpr_shadow vnmi flexpriority ept vpid fsgsbase smep erms xsaveopt dtherm ida arat pln pts
bugs		:
bogomips	: 4589.86
clflush size	: 64
cache_alignment	: 64
address sizes	: 36 bits physical, 48 bits virtual
power management:



Memory: 4k page, physical 8107456k(411016k free), swap 4007932k(0k free)

vm_info: OpenJDK Server VM (25.151-b12) for linux-x86 JRE (1.8.0_151-8u151-b12-0ubuntu0.16.04.2-b12), built on Oct 27 2017 22:05:04 by "buildd" with gcc 5.4.0 20160609

time: Fri Mar 23 05:30:11 2018
elapsed time: 9 seconds (0d 0h 0m 9s)

