#
# There is insufficient memory for the Java Runtime Environment to continue.
# Native memory allocation (mmap) failed to map 70254592 bytes for committing reserved memory.
# Possible reasons:
#   The system is out of physical RAM or swap space
#   In 32 bit mode, the process size limit was hit
# Possible solutions:
#   Reduce memory load on the system
#   Increase physical memory or swap space
#   Check if swap backing store is full
#   Use 64 bit Java on a 64 bit OS
#   Decrease Java heap size (-Xmx/-Xms)
#   Decrease number of Java threads
#   Decrease Java thread stack sizes (-Xss)
#   Set larger code cache with -XX:ReservedCodeCacheSize=
# This output file may be truncated or incomplete.
#
#  Out of Memory Error (os_linux.cpp:2643), pid=3484, tid=0x638e4b40
#
# JRE version: OpenJDK Runtime Environment (8.0_151-b12) (build 1.8.0_151-8u151-b12-0ubuntu0.16.04.2-b12)
# Java VM: OpenJDK Server VM (25.151-b12 mixed mode linux-x86 )
# Failed to write core dump. Core dumps have been disabled. To enable core dumping, try "ulimit -c unlimited" before starting Java again
#

---------------  T H R E A D  ---------------

Current thread (0x63781000):  VMThread [stack: 0x63864000,0x638e5000] [id=3568]

Stack: [0x63864000,0x638e5000],  sp=0x638e3b40,  free space=510k
Native frames: (J=compiled Java code, j=interpreted, Vv=VM code, C=native code)
V  [libjvm.so+0x8d6834]
V  [libjvm.so+0x3a7c76]
V  [libjvm.so+0x7420c0]
V  [libjvm.so+0x73c013]
V  [libjvm.so+0x7ad98c]
V  [libjvm.so+0x7ae9cb]
V  [libjvm.so+0x7ab487]
V  [libjvm.so+0x7abcd3]
V  [libjvm.so+0x764c75]
V  [libjvm.so+0x8d83f9]
V  [libjvm.so+0x8dd466]
V  [libjvm.so+0x8db620]
V  [libjvm.so+0x8dbd75]
V  [libjvm.so+0x8dc37b]
V  [libjvm.so+0x73f2b5]
C  [libpthread.so.0+0x6295]  start_thread+0xe5

VM_Operation (0xb63efa24): ParallelGCFailedAllocation, mode: safepoint, requested by thread 0xb6207800


---------------  P R O C E S S  ---------------

Java Threads: ( => current thread )
  0x637aa400 JavaThread "Service Thread" daemon [_thread_blocked, id=3581, stack(0x630db000,0x6312c000)]
  0x637a7000 JavaThread "C1 CompilerThread2" daemon [_thread_blocked, id=3578, stack(0x6312c000,0x631ad000)]
  0x637a5c00 JavaThread "C2 CompilerThread1" daemon [_thread_in_native, id=3576, stack(0x631ad000,0x6322e000)]
  0x637a3c00 JavaThread "C2 CompilerThread0" daemon [_thread_in_native, id=3575, stack(0x6322e000,0x632af000)]
  0x637a2400 JavaThread "Signal Dispatcher" daemon [_thread_blocked, id=3574, stack(0x632af000,0x63300000)]
  0x63788800 JavaThread "Finalizer" daemon [_thread_blocked, id=3572, stack(0x63813000,0x63864000)]
  0x63785800 JavaThread "Reference Handler" daemon [_thread_blocked, id=3570, stack(0x6642e000,0x6647f000)]
  0xb6207800 JavaThread "main" [_thread_blocked, id=3558, stack(0xb63a1000,0xb63f2000)]

Other Threads:
=>0x63781000 VMThread [stack: 0x63864000,0x638e5000] [id=3568]
  0x637ac000 WatcherThread [stack: 0x6305a000,0x630db000] [id=3584]

VM state:at safepoint (normal execution)

VM Mutex/Monitor currently owned by a thread:  ([mutex/lock_event])
[0xb6204f20] Threads_lock - owner thread: 0x63781000
[0xb6205330] Heap_lock - owner thread: 0xb6207800

Heap:
 PSYoungGen      total 72192K, used 6128K [0x918c0000, 0x965c0000, 0xa6e00000)
  eden space 66048K, 0% used [0x918c0000,0x918c0000,0x95940000)
  from space 6144K, 99% used [0x95940000,0x95f3c020,0x95f40000)
  to   space 5632K, 0% used [0x95f40000,0x95f40000,0x964c0000)
 ParOldGen       total 43776K, used 7925K [0x66e00000, 0x698c0000, 0x918c0000)
  object space 43776K, 18% used [0x66e00000,0x675bd7c0,0x698c0000)
 Metaspace       used 11081K, capacity 11197K, committed 11288K, reserved 11568K

Card table byte_map: [0x66bff000,0x66e00000] byte_map_base: 0x668c8000

Marking Bits: (ParMarkBitMap*) 0xb7117880
 Begin Bits: [0x64300000, 0x65300000)
 End Bits:   [0x65300000, 0x66300000)

Polling page: 0xb7724000

CodeCache: size=245760Kb used=8005Kb max_used=8005Kb free=237754Kb
 bounds [0xa7200000, 0xa79d8000, 0xb6200000]
 total_blobs=3157 nmethods=2976 adapters=95
 compilation: enabled

Compilation events (10 events):
Event: 11.337 Thread 0x637a7000 nmethod 3002 0xa79b8a48 code [0xa79b8ba0, 0xa79b9148]
Event: 11.337 Thread 0x637a7000 3001       3       org.apache.maven.model.merge.ModelMerger::mergeScm (37 bytes)
Event: 11.337 Thread 0x637a7000 nmethod 3001 0xa79c7148 code [0xa79c7280, 0xa79c7630]
Event: 11.338 Thread 0x637a7000 3003  s    3       java.io.ExpiringCache::put (70 bytes)
Event: 11.338 Thread 0x637a7000 nmethod 3003 0xa79c7748 code [0xa79c78e0, 0xa79c7e64]
Event: 11.341 Thread 0x637a7000 3005       3       org.codehaus.plexus.util.xml.pull.MXParser::parseXmlDeclWithVersion (835 bytes)
Event: 11.350 Thread 0x637a7000 nmethod 3005 0xa79c8148 code [0xa79c8de0, 0xa79cef94]
Event: 11.350 Thread 0x637a7000 3004       3       org.codehaus.plexus.util.xml.pull.MXParser::parseXmlDecl (268 bytes)
Event: 11.362 Thread 0x637a7000 nmethod 3004 0xa79d2f08 code [0xa79d3340, 0xa79d4eb4]
Event: 11.362 Thread 0x637a7000 3007   !   3       org.codehaus.plexus.util.xml.pull.MXParser::parsePI (718 bytes)

GC Heap History (10 events):
Event: 1.941 GC heap after
Heap after GC invocations=2 (full 0):
 PSYoungGen      total 19200K, used 2547K [0x918c0000, 0x93e40000, 0xa6e00000)
  eden space 16640K, 0% used [0x918c0000,0x918c0000,0x92900000)
  from space 2560K, 99% used [0x92b80000,0x92dfcc18,0x92e00000)
  to   space 2560K, 0% used [0x92900000,0x92900000,0x92b80000)
 ParOldGen       total 43776K, used 906K [0x66e00000, 0x698c0000, 0x918c0000)
  object space 43776K, 2% used [0x66e00000,0x66ee28b8,0x698c0000)
 Metaspace       used 5295K, capacity 5354K, committed 5400K, reserved 5424K
}
Event: 2.909 GC heap before
{Heap before GC invocations=3 (full 0):
 PSYoungGen      total 19200K, used 19187K [0x918c0000, 0x93e40000, 0xa6e00000)
  eden space 16640K, 100% used [0x918c0000,0x92900000,0x92900000)
  from space 2560K, 99% used [0x92b80000,0x92dfcc18,0x92e00000)
  to   space 2560K, 0% used [0x92900000,0x92900000,0x92b80000)
 ParOldGen       total 43776K, used 906K [0x66e00000, 0x698c0000, 0x918c0000)
  object space 43776K, 2% used [0x66e00000,0x66ee28b8,0x698c0000)
 Metaspace       used 6654K, capacity 6711K, committed 6808K, reserved 7472K
Event: 2.927 GC heap after
Heap after GC invocations=3 (full 0):
 PSYoungGen      total 19200K, used 2558K [0x918c0000, 0x93e40000, 0xa6e00000)
  eden space 16640K, 0% used [0x918c0000,0x918c0000,0x92900000)
  from space 2560K, 99% used [0x92900000,0x92b7f8a0,0x92b80000)
  to   space 2560K, 0% used [0x93bc0000,0x93bc0000,0x93e40000)
 ParOldGen       total 43776K, used 2364K [0x66e00000, 0x698c0000, 0x918c0000)
  object space 43776K, 5% used [0x66e00000,0x6704f2b8,0x698c0000)
 Metaspace       used 6654K, capacity 6711K, committed 6808K, reserved 7472K
}
Event: 4.342 GC heap before
{Heap before GC invocations=4 (full 0):
 PSYoungGen      total 19200K, used 19198K [0x918c0000, 0x93e40000, 0xa6e00000)
  eden space 16640K, 100% used [0x918c0000,0x92900000,0x92900000)
  from space 2560K, 99% used [0x92900000,0x92b7f8a0,0x92b80000)
  to   space 2560K, 0% used [0x93bc0000,0x93bc0000,0x93e40000)
 ParOldGen       total 43776K, used 2364K [0x66e00000, 0x698c0000, 0x918c0000)
  object space 43776K, 5% used [0x66e00000,0x6704f2b8,0x698c0000)
 Metaspace       used 8085K, capacity 8158K, committed 8216K, reserved 8496K
Event: 4.371 GC heap after
Heap after GC invocations=4 (full 0):
 PSYoungGen      total 35840K, used 2554K [0x918c0000, 0x93e40000, 0xa6e00000)
  eden space 33280K, 0% used [0x918c0000,0x918c0000,0x93940000)
  from space 2560K, 99% used [0x93bc0000,0x93e3e880,0x93e40000)
  to   space 2560K, 0% used [0x93940000,0x93940000,0x93bc0000)
 ParOldGen       total 43776K, used 4404K [0x66e00000, 0x698c0000, 0x918c0000)
  object space 43776K, 10% used [0x66e00000,0x6724d1c8,0x698c0000)
 Metaspace       used 8085K, capacity 8158K, committed 8216K, reserved 8496K
}
Event: 8.157 GC heap before
{Heap before GC invocations=5 (full 0):
 PSYoungGen      total 35840K, used 35834K [0x918c0000, 0x93e40000, 0xa6e00000)
  eden space 33280K, 100% used [0x918c0000,0x93940000,0x93940000)
  from space 2560K, 99% used [0x93bc0000,0x93e3e880,0x93e40000)
  to   space 2560K, 0% used [0x93940000,0x93940000,0x93bc0000)
 ParOldGen       total 43776K, used 4404K [0x66e00000, 0x698c0000, 0x918c0000)
  object space 43776K, 10% used [0x66e00000,0x6724d1c8,0x698c0000)
 Metaspace       used 9986K, capacity 10075K, committed 10136K, reserved 10544K
Event: 8.212 GC heap after
Heap after GC invocations=5 (full 0):
 PSYoungGen      total 35840K, used 2544K [0x918c0000, 0x964c0000, 0xa6e00000)
  eden space 33280K, 0% used [0x918c0000,0x918c0000,0x93940000)
  from space 2560K, 99% used [0x93940000,0x93bbc070,0x93bc0000)
  to   space 5632K, 0% used [0x95f40000,0x95f40000,0x964c0000)
 ParOldGen       total 43776K, used 6543K [0x66e00000, 0x698c0000, 0x918c0000)
  object space 43776K, 14% used [0x66e00000,0x67463d38,0x698c0000)
 Metaspace       used 9986K, capacity 10075K, committed 10136K, reserved 10544K
}
Event: 10.214 GC heap before
{Heap before GC invocations=6 (full 0):
 PSYoungGen      total 35840K, used 35824K [0x918c0000, 0x964c0000, 0xa6e00000)
  eden space 33280K, 100% used [0x918c0000,0x93940000,0x93940000)
  from space 2560K, 99% used [0x93940000,0x93bbc070,0x93bc0000)
  to   space 5632K, 0% used [0x95f40000,0x95f40000,0x964c0000)
 ParOldGen       total 43776K, used 6543K [0x66e00000, 0x698c0000, 0x918c0000)
  object space 43776K, 14% used [0x66e00000,0x67463d38,0x698c0000)
 Metaspace       used 10781K, capacity 10892K, committed 11032K, reserved 11568K
Event: 10.230 GC heap after
Heap after GC invocations=6 (full 0):
 PSYoungGen      total 71680K, used 5156K [0x918c0000, 0x965c0000, 0xa6e00000)
  eden space 66048K, 0% used [0x918c0000,0x918c0000,0x95940000)
  from space 5632K, 91% used [0x95f40000,0x96449268,0x964c0000)
  to   space 6144K, 0% used [0x95940000,0x95940000,0x95f40000)
 ParOldGen       total 43776K, used 6547K [0x66e00000, 0x698c0000, 0x918c0000)
  object space 43776K, 14% used [0x66e00000,0x67464d38,0x698c0000)
 Metaspace       used 10781K, capacity 10892K, committed 11032K, reserved 11568K
}
Event: 11.369 GC heap before
{Heap before GC invocations=7 (full 0):
 PSYoungGen      total 71680K, used 71204K [0x918c0000, 0x965c0000, 0xa6e00000)
  eden space 66048K, 100% used [0x918c0000,0x95940000,0x95940000)
  from space 5632K, 91% used [0x95f40000,0x96449268,0x964c0000)
  to   space 6144K, 0% used [0x95940000,0x95940000,0x95f40000)
 ParOldGen       total 43776K, used 6547K [0x66e00000, 0x698c0000, 0x918c0000)
  object space 43776K, 14% used [0x66e00000,0x67464d38,0x698c0000)
 Metaspace       used 11081K, capacity 11197K, committed 11288K, reserved 11568K

Deoptimization events (10 events):
Event: 9.686 Thread 0xb6207800 Uncommon trap: reason=class_check action=maybe_recompile pc=0xa76cd114 method=java.util.regex.Pattern$7.isSatisfiedBy(I)Z @ 16
Event: 9.686 Thread 0xb6207800 Uncommon trap: reason=class_check action=maybe_recompile pc=0xa76ccd2c method=java.util.regex.Pattern$CharProperty$1.isSatisfiedBy(I)Z @ 5
Event: 9.686 Thread 0xb6207800 Uncommon trap: reason=class_check action=maybe_recompile pc=0xa76ccd2c method=java.util.regex.Pattern$CharProperty$1.isSatisfiedBy(I)Z @ 5
Event: 9.686 Thread 0xb6207800 Uncommon trap: reason=class_check action=maybe_recompile pc=0xa76ccd2c method=java.util.regex.Pattern$CharProperty$1.isSatisfiedBy(I)Z @ 5
Event: 9.876 Thread 0xb6207800 Uncommon trap: reason=unstable_if action=reinterpret pc=0xa7781794 method=org.codehaus.plexus.util.xml.pull.MXParser.nextImpl()I @ 280
Event: 10.508 Thread 0xb6207800 Uncommon trap: reason=unstable_if action=reinterpret pc=0xa78b2f8c method=java.lang.String.regionMatches(ZILjava/lang/String;II)Z @ 25
Event: 10.879 Thread 0xb6207800 Uncommon trap: reason=class_check action=maybe_recompile pc=0xa791ba80 method=org.codehaus.plexus.interpolation.MapBasedValueSource.getValue(Ljava/lang/String;)Ljava/lang/Object; @ 16
Event: 10.879 Thread 0xb6207800 Uncommon trap: reason=class_check action=maybe_recompile pc=0xa791ba80 method=org.codehaus.plexus.interpolation.MapBasedValueSource.getValue(Ljava/lang/String;)Ljava/lang/Object; @ 16
Event: 10.879 Thread 0xb6207800 Uncommon trap: reason=class_check action=maybe_recompile pc=0xa791ba80 method=org.codehaus.plexus.interpolation.MapBasedValueSource.getValue(Ljava/lang/String;)Ljava/lang/Object; @ 16
Event: 11.002 Thread 0xb6207800 Uncommon trap: reason=class_check action=maybe_recompile pc=0xa791ba80 method=org.codehaus.plexus.interpolation.MapBasedValueSource.getValue(Ljava/lang/String;)Ljava/lang/Object; @ 16

Internal exceptions (10 events):
Event: 7.645 Thread 0xb6207800 Exception <a 'java/lang/NullPointerException'> (0x935f42d0) thrown at [/build/openjdk-8-Y4imzb/openjdk-8-8u151-b12/src/hotspot/src/share/vm/interpreter/linkResolver.cpp, line 1183]
Event: 7.645 Thread 0xb6207800 Exception <a 'java/lang/NullPointerException'> (0x935f44e0) thrown at [/build/openjdk-8-Y4imzb/openjdk-8-8u151-b12/src/hotspot/src/share/vm/interpreter/linkResolver.cpp, line 1183]
Event: 7.645 Thread 0xb6207800 Exception <a 'java/lang/NullPointerException'> (0x935f46f0) thrown at [/build/openjdk-8-Y4imzb/openjdk-8-8u151-b12/src/hotspot/src/share/vm/interpreter/linkResolver.cpp, line 1183]
Event: 7.647 Thread 0xb6207800 Exception <a 'java/lang/NullPointerException'> (0x935fcec8) thrown at [/build/openjdk-8-Y4imzb/openjdk-8-8u151-b12/src/hotspot/src/share/vm/interpreter/linkResolver.cpp, line 1183]
Event: 7.647 Thread 0xb6207800 Exception <a 'java/lang/NullPointerException'> (0x935fd0d8) thrown at [/build/openjdk-8-Y4imzb/openjdk-8-8u151-b12/src/hotspot/src/share/vm/interpreter/linkResolver.cpp, line 1183]
Event: 7.647 Thread 0xb6207800 Exception <a 'java/lang/NullPointerException'> (0x935fd2e8) thrown at [/build/openjdk-8-Y4imzb/openjdk-8-8u151-b12/src/hotspot/src/share/vm/interpreter/linkResolver.cpp, line 1183]
Event: 9.442 Thread 0xb6207800 Implicit null exception at 0xa73fe07e to 0xa73fe215
Event: 9.442 Thread 0xb6207800 Implicit null exception at 0xa76451cb to 0xa7645210
Event: 9.570 Thread 0xb6207800 Implicit null exception at 0xa776768b to 0xa7767d91
Event: 9.618 Thread 0xb6207800 Implicit null exception at 0xa74fba7f to 0xa74fbdc5

Events (10 events):
Event: 11.064 Thread 0xb6207800 DEOPT UNPACKING pc=0xa723c5d0 sp=0xb63ef73c mode 0
Event: 11.065 Thread 0xb6207800 DEOPT PACKING pc=0xa77d9c4d sp=0xb63ef860
Event: 11.065 Thread 0xb6207800 DEOPT UNPACKING pc=0xa723c5d0 sp=0xb63ef77c mode 0
Event: 11.065 Thread 0xb6207800 DEOPT PACKING pc=0xa77d9c4d sp=0xb63ef900
Event: 11.065 Thread 0xb6207800 DEOPT UNPACKING pc=0xa723c5d0 sp=0xb63ef81c mode 0
Event: 11.066 Thread 0xb6207800 DEOPT PACKING pc=0xa77d9c4d sp=0xb63ef8c0
Event: 11.066 Thread 0xb6207800 DEOPT UNPACKING pc=0xa723c5d0 sp=0xb63ef7dc mode 0
Event: 11.167 loading class com/google/inject/internal/InternalContext$1
Event: 11.167 loading class com/google/inject/internal/InternalContext$1 done
Event: 11.369 Executing VM operation: ParallelGCFailedAllocation


Dynamic libraries:
08048000-08049000 r-xp 00000000 08:01 1693306    /usr/lib/jvm/java-8-openjdk-i386/jre/bin/java
08049000-0804a000 r--p 00000000 08:01 1693306    /usr/lib/jvm/java-8-openjdk-i386/jre/bin/java
0804a000-0804b000 rw-p 00001000 08:01 1693306    /usr/lib/jvm/java-8-openjdk-i386/jre/bin/java
08184000-0820f000 rw-p 00000000 00:00 0          [heap]
5eb00000-5ebfd000 rw-p 00000000 00:00 0 
5ebfd000-5ec00000 ---p 00000000 00:00 0 
5ed00000-5edaf000 rw-p 00000000 00:00 0 
5edaf000-5ee00000 ---p 00000000 00:00 0 
5f100000-5f1fb000 rw-p 00000000 00:00 0 
5f1fb000-5f200000 ---p 00000000 00:00 0 
5f200000-5f2f9000 rw-p 00000000 00:00 0 
5f2f9000-5f300000 ---p 00000000 00:00 0 
5f300000-5f3fb000 rw-p 00000000 00:00 0 
5f3fb000-5f400000 ---p 00000000 00:00 0 
5f400000-5f4fa000 rw-p 00000000 00:00 0 
5f4fa000-5f500000 ---p 00000000 00:00 0 
5f500000-5f600000 rw-p 00000000 00:00 0 
5f6ff000-61300000 rw-p 00000000 00:00 0 
61300000-613df000 rw-p 00000000 00:00 0 
613df000-61400000 ---p 00000000 00:00 0 
61412000-61500000 rw-p 00000000 00:00 0 
61500000-615fa000 rw-p 00000000 00:00 0 
615fa000-61600000 ---p 00000000 00:00 0 
61600000-616ff000 rw-p 00000000 00:00 0 
616ff000-61700000 ---p 00000000 00:00 0 
61700000-617fb000 rw-p 00000000 00:00 0 
617fb000-61800000 ---p 00000000 00:00 0 
61800000-618b4000 rw-p 00000000 00:00 0 
618b4000-61900000 ---p 00000000 00:00 0 
61900000-61a00000 rw-p 00000000 00:00 0 
61a0a000-61aed000 rw-p 00000000 00:00 0 
61aed000-61afe000 r-xp 00000000 08:01 1693283    /usr/lib/jvm/java-8-openjdk-i386/jre/lib/i386/libnio.so
61afe000-61aff000 r--p 00010000 08:01 1693283    /usr/lib/jvm/java-8-openjdk-i386/jre/lib/i386/libnio.so
61aff000-61b00000 rw-p 00011000 08:01 1693283    /usr/lib/jvm/java-8-openjdk-i386/jre/lib/i386/libnio.so
61b00000-61c00000 rw-p 00000000 00:00 0 
61c00000-61cfc000 rw-p 00000000 00:00 0 
61cfc000-61d00000 ---p 00000000 00:00 0 
61d00000-61dfe000 rw-p 00000000 00:00 0 
61dfe000-61e00000 ---p 00000000 00:00 0 
61e00000-61ec0000 rw-p 00000000 00:00 0 
61ec0000-61f00000 ---p 00000000 00:00 0 
61f00000-61ffe000 rw-p 00000000 00:00 0 
61ffe000-62000000 ---p 00000000 00:00 0 
62000000-620da000 rw-p 00000000 00:00 0 
620da000-62100000 ---p 00000000 00:00 0 
62100000-621fe000 rw-p 00000000 00:00 0 
621fe000-62200000 ---p 00000000 00:00 0 
62200000-62300000 rw-p 00000000 00:00 0 
62300000-62400000 rw-p 00000000 00:00 0 
62400000-62500000 rw-p 00000000 00:00 0 
62500000-62600000 rw-p 00000000 00:00 0 
62600000-62700000 rw-p 00000000 00:00 0 
62700000-62800000 rw-p 00000000 00:00 0 
62800000-62900000 rw-p 00000000 00:00 0 
62900000-629fd000 rw-p 00000000 00:00 0 
629fd000-62a00000 ---p 00000000 00:00 0 
62a00000-62b00000 rw-p 00000000 00:00 0 
62b00000-62beb000 rw-p 00000000 00:00 0 
62beb000-62c00000 ---p 00000000 00:00 0 
62c00000-62d00000 rw-p 00000000 00:00 0 
62d00000-62eff000 rw-p 00000000 00:00 0 
62eff000-62f00000 ---p 00000000 00:00 0 
62f00000-62ffa000 rw-p 00000000 00:00 0 
62ffa000-63000000 ---p 00000000 00:00 0 
63000000-63016000 r-xp 00000000 08:01 1693270    /usr/lib/jvm/java-8-openjdk-i386/jre/lib/i386/libnet.so
63016000-63017000 r--p 00015000 08:01 1693270    /usr/lib/jvm/java-8-openjdk-i386/jre/lib/i386/libnet.so
63017000-63018000 rw-p 00016000 08:01 1693270    /usr/lib/jvm/java-8-openjdk-i386/jre/lib/i386/libnet.so
63018000-6301d000 r--s 0009a000 08:01 1693288    /usr/lib/jvm/java-8-openjdk-i386/jre/lib/jsse.jar
6301d000-6302a000 r--s 0008d000 08:01 1149531    /usr/share/java/maven3-core-3.3.9.jar
6302a000-6302b000 r--s 00001000 08:01 1149511    /usr/share/java/wagon-file-2.x.jar
6302b000-6302e000 r--s 00007000 08:01 1149537    /usr/share/java/maven3-settings-builder-3.3.9.jar
6302e000-63030000 r--s 0000d000 08:01 1149536    /usr/share/java/maven3-aether-provider-3.3.9.jar
63030000-63037000 r--s 0002c000 08:01 1149509    /usr/share/java/sisu-plexus.jar
63037000-6303b000 r--s 00027000 08:01 1145546    /usr/share/java/commons-io-2.4.jar
6303b000-63043000 r--s 00054000 08:01 1149507    /usr/share/java/sisu-inject.jar
63043000-6304a000 r--s 0005d000 08:01 1149254    /usr/share/java/commons-lang3.jar
6304a000-6304b000 r--s 00004000 08:01 1145398    /usr/share/java/atinject-jsr330-tck-1.0.jar
6304b000-6304d000 r--s 0000e000 08:01 1149271    /usr/share/java/plexus-interpolation.jar
6304d000-6304f000 r--s 00006000 08:01 1149372    /usr/share/java/eclipse-aether-spi.jar
6304f000-63050000 r--s 00008000 08:01 1149370    /usr/share/java/eclipse-aether-connector-basic.jar
63050000-63054000 r--s 00027000 08:01 1149367    /usr/share/java/eclipse-aether-impl.jar
63054000-63056000 r--s 00005000 08:01 1149373    /usr/share/java/eclipse-aether-transport-wagon.jar
63056000-63058000 r--s 00001000 08:01 1149403    /usr/share/java/aopalliance-1.0.jar
63058000-6305a000 r--s 00001000 08:01 1149538    /usr/share/java/maven3-builder-support-3.3.9.jar
6305a000-6305b000 ---p 00000000 00:00 0 
6305b000-630db000 rw-p 00000000 00:00 0 
630db000-630de000 ---p 00000000 00:00 0 
630de000-6312c000 rw-p 00000000 00:00 0 
6312c000-6312f000 ---p 00000000 00:00 0 
6312f000-631ad000 rw-p 00000000 00:00 0 
631ad000-631b0000 ---p 00000000 00:00 0 
631b0000-6322e000 rw-p 00000000 00:00 0 
6322e000-63231000 ---p 00000000 00:00 0 
63231000-632af000 rw-p 00000000 00:00 0 
632af000-632b2000 ---p 00000000 00:00 0 
632b2000-63300000 rw-p 00000000 00:00 0 
63300000-63500000 r--p 00000000 08:01 1110568    /usr/lib/locale/locale-archive
63500000-635fb000 rw-p 00000000 00:00 0 
635fb000-63600000 ---p 00000000 00:00 0 
63600000-63621000 rw-p 00000000 00:00 0 
63621000-63700000 ---p 00000000 00:00 0 
63700000-637fe000 rw-p 00000000 00:00 0 
637fe000-63800000 ---p 00000000 00:00 0 
63800000-63805000 r--s 0001d000 08:01 1149374    /usr/share/java/eclipse-aether-api.jar
63805000-63807000 r--s 00002000 08:01 1149449    /usr/share/java/plexus-cipher.jar
63807000-63808000 r--s 00002000 08:01 1149066    /usr/share/java/slf4j-simple.jar
63808000-6380a000 r--s 00013000 08:01 1149534    /usr/share/java/maven3-embedder-3.3.9.jar
6380a000-6380c000 r--s 00027000 08:01 1149535    /usr/share/java/maven3-model-3.3.9.jar
6380c000-6380f000 r--s 0000a000 08:01 1149539    /usr/share/java/maven3-artifact-3.3.9.jar
6380f000-63813000 r--s 00020000 08:01 1149392    /usr/share/java/eclipse-aether-util.jar
63813000-63816000 ---p 00000000 00:00 0 
63816000-63864000 rw-p 00000000 00:00 0 
63864000-63865000 ---p 00000000 00:00 0 
63865000-638e5000 rw-p 00000000 00:00 0 
638e5000-63ab4000 r--s 03c21000 08:01 1693223    /usr/lib/jvm/java-8-openjdk-i386/jre/lib/rt.jar
63ab4000-63efa000 rw-p 00000000 00:00 0 
63efa000-63f00000 ---p 00000000 00:00 0 
63f00000-66300000 rw-p 00000000 00:00 0 
66300000-663f7000 rw-p 00000000 00:00 0 
663f7000-66400000 ---p 00000000 00:00 0 
66400000-66402000 r--s 0000a000 08:01 1147016    /usr/share/java/commons-cli-1.3.1.jar
66402000-6642e000 r--s 00208000 08:01 1148516    /usr/share/java/guava.jar
6642e000-66431000 ---p 00000000 00:00 0 
66431000-6647f000 rw-p 00000000 00:00 0 
6647f000-66480000 ---p 00000000 00:00 0 
66480000-66500000 rw-p 00000000 00:00 0 
66500000-665fb000 rw-p 00000000 00:00 0 
665fb000-66600000 ---p 00000000 00:00 0 
66600000-66631000 r--s 00207000 08:01 1149515    /usr/share/java/wagon-http-shaded-2.x.jar
66631000-6667f000 rw-p 00000000 00:00 0 
6667f000-66680000 ---p 00000000 00:00 0 
66680000-66700000 rw-p 00000000 00:00 0 
66700000-66721000 rw-p 00000000 00:00 0 
66721000-66800000 ---p 00000000 00:00 0 
66800000-66802000 r--s 0000a000 08:01 1149512    /usr/share/java/wagon-provider-api-2.x.jar
66802000-66803000 r--s 00006000 08:01 1149532    /usr/share/java/maven3-repository-metadata-3.3.9.jar
66803000-66805000 r--s 00007000 08:01 1149069    /usr/share/java/slf4j-api.jar
66805000-66806000 r--s 0000a000 08:01 1149528    /usr/share/java/maven3-settings-3.3.9.jar
66806000-66807000 r--s 00001000 08:01 1149518    /usr/share/java/wagon-http-shared-2.x.jar
66807000-6680b000 r--s 00038000 08:01 1149495    /usr/share/java/plexus-utils2.jar
6680b000-66811000 r--s 00048000 08:01 1149288    /usr/share/java/jsoup.jar
66811000-66816000 r--s 00025000 08:01 1149533    /usr/share/java/maven3-model-builder-3.3.9.jar
66816000-66824000 r--s 00095000 08:01 1149408    /usr/share/java/guice.jar
66824000-6687f000 rw-p 00000000 00:00 0 
6687f000-66880000 ---p 00000000 00:00 0 
66880000-66900000 rw-p 00000000 00:00 0 
66900000-66921000 rw-p 00000000 00:00 0 
66921000-66a00000 ---p 00000000 00:00 0 
66a00000-66a01000 r--s 00006000 08:01 1149451    /usr/share/java/plexus-sec-dispatcher.jar
66a01000-66a03000 r--s 0000a000 08:01 1149529    /usr/share/java/maven3-plugin-api-3.3.9.jar
66a03000-66a08000 r--s 00040000 08:01 1145678    /usr/share/java/commons-lang-2.6.jar
66a08000-66a0a000 r--s 00000000 08:01 1149499    /usr/share/java/plexus-component-annotations-1.5.jar
66a0a000-66a0b000 r--s 00000000 08:01 1149240    /usr/share/java/geronimo-interceptor-3.0-spec-1.0.1.jar
66a0b000-66a0d000 r--s 00012000 08:01 1144777    /usr/share/java/el-api-3.0.jar
66a0d000-66a28000 r--s 00394000 08:01 1693228    /usr/lib/jvm/java-8-openjdk-i386/jre/lib/ext/cldrdata.jar
66a28000-66a29000 ---p 00000000 00:00 0 
66a29000-66abf000 rw-p 00000000 00:00 0 
66abf000-66bff000 ---p 00000000 00:00 0 
66bff000-66c15000 rw-p 00000000 00:00 0 
66c15000-66d54000 ---p 00000000 00:00 0 
66d54000-66d7b000 rw-p 00000000 00:00 0 
66d7b000-66dff000 ---p 00000000 00:00 0 
66dff000-698c0000 rw-p 00000000 00:00 0 
698c0000-918c0000 ---p 00000000 00:00 0 
918c0000-965c0000 rw-p 00000000 00:00 0 
9a8c0000-a6e00000 ---p 00000000 00:00 0 
a6e00000-a6e01000 r--s 00000000 08:01 1145399    /usr/share/java/atinject-jsr330-api-1.0.jar
a6e01000-a6e04000 r--s 00008000 08:01 1149246    /usr/share/java/cdi-api-1.0.jar
a6e04000-a6e0b000 r--s 00041000 08:01 1149530    /usr/share/java/maven3-compat-3.3.9.jar
a6e0b000-a6e0d000 r--s 0000a000 08:01 1149493    /usr/share/java/plexus-classworlds2-2.5.2.jar
a6e0d000-a6e28000 r--s 001d6000 08:01 1693230    /usr/lib/jvm/java-8-openjdk-i386/jre/lib/ext/nashorn.jar
a6e28000-a6e60000 rw-p 00000000 00:00 0 
a6e60000-a7200000 ---p 00000000 00:00 0 
a7200000-a79d8000 rwxp 00000000 00:00 0 
a79d8000-b6200000 ---p 00000000 00:00 0 
b6200000-b62fb000 rw-p 00000000 00:00 0 
b62fb000-b6300000 ---p 00000000 00:00 0 
b6300000-b6302000 r--s 00008000 08:01 1693232    /usr/lib/jvm/java-8-openjdk-i386/jre/lib/ext/sunec.jar
b6302000-b6308000 r--s 0003a000 08:01 1693231    /usr/lib/jvm/java-8-openjdk-i386/jre/lib/ext/sunjce_provider.jar
b6308000-b6312000 r--s 00116000 08:01 1693233    /usr/lib/jvm/java-8-openjdk-i386/jre/lib/ext/localedata.jar
b6312000-b631d000 r-xp 00000000 08:01 3402889    /lib/i386-linux-gnu/libnss_files-2.23.so
b631d000-b631e000 r--p 0000a000 08:01 3402889    /lib/i386-linux-gnu/libnss_files-2.23.so
b631e000-b631f000 rw-p 0000b000 08:01 3402889    /lib/i386-linux-gnu/libnss_files-2.23.so
b631f000-b6325000 rw-p 00000000 00:00 0 
b6325000-b6330000 r-xp 00000000 08:01 3402895    /lib/i386-linux-gnu/libnss_nis-2.23.so
b6330000-b6331000 r--p 0000a000 08:01 3402895    /lib/i386-linux-gnu/libnss_nis-2.23.so
b6331000-b6332000 rw-p 0000b000 08:01 3402895    /lib/i386-linux-gnu/libnss_nis-2.23.so
b6332000-b6349000 r-xp 00000000 08:01 3402652    /lib/i386-linux-gnu/libnsl-2.23.so
b6349000-b634a000 r--p 00016000 08:01 3402652    /lib/i386-linux-gnu/libnsl-2.23.so
b634a000-b634b000 rw-p 00017000 08:01 3402652    /lib/i386-linux-gnu/libnsl-2.23.so
b634b000-b634d000 rw-p 00000000 00:00 0 
b634d000-b6355000 r-xp 00000000 08:01 3402720    /lib/i386-linux-gnu/libnss_compat-2.23.so
b6355000-b6356000 r--p 00007000 08:01 3402720    /lib/i386-linux-gnu/libnss_compat-2.23.so
b6356000-b6357000 rw-p 00008000 08:01 3402720    /lib/i386-linux-gnu/libnss_compat-2.23.so
b6357000-b6358000 r--s 00010000 08:01 1693229    /usr/lib/jvm/java-8-openjdk-i386/jre/lib/ext/zipfs.jar
b6358000-b635a000 r--s 00001000 08:01 1693236    /usr/lib/jvm/java-8-openjdk-i386/jre/lib/ext/dnsns.jar
b635a000-b635d000 r--s 0000f000 08:01 1693227    /usr/lib/jvm/java-8-openjdk-i386/jre/lib/ext/icedtea-sound.jar
b635d000-b6365000 r-xp 00000000 08:01 1693277    /usr/lib/jvm/java-8-openjdk-i386/jre/lib/i386/libzip.so
b6365000-b6366000 r--p 00007000 08:01 1693277    /usr/lib/jvm/java-8-openjdk-i386/jre/lib/i386/libzip.so
b6366000-b6367000 rw-p 00008000 08:01 1693277    /usr/lib/jvm/java-8-openjdk-i386/jre/lib/i386/libzip.so
b6367000-b636f000 rw-s 00000000 08:01 2576526    /tmp/hsperfdata_sarnobat/3484
b636f000-b6396000 r-xp 00000000 08:01 1693258    /usr/lib/jvm/java-8-openjdk-i386/jre/lib/i386/libjava.so
b6396000-b6397000 r--p 00026000 08:01 1693258    /usr/lib/jvm/java-8-openjdk-i386/jre/lib/i386/libjava.so
b6397000-b6398000 rw-p 00027000 08:01 1693258    /usr/lib/jvm/java-8-openjdk-i386/jre/lib/i386/libjava.so
b6398000-b639f000 r-xp 00000000 08:01 3402905    /lib/i386-linux-gnu/librt-2.23.so
b639f000-b63a0000 r--p 00006000 08:01 3402905    /lib/i386-linux-gnu/librt-2.23.so
b63a0000-b63a1000 rw-p 00007000 08:01 3402905    /lib/i386-linux-gnu/librt-2.23.so
b63a1000-b63a4000 ---p 00000000 00:00 0 
b63a4000-b63f2000 rw-p 00000000 00:00 0 
b63f2000-b640e000 r-xp 00000000 08:01 3402590    /lib/i386-linux-gnu/libgcc_s.so.1
b640e000-b640f000 rw-p 0001b000 08:01 3402590    /lib/i386-linux-gnu/libgcc_s.so.1
b640f000-b6462000 r-xp 00000000 08:01 3402651    /lib/i386-linux-gnu/libm-2.23.so
b6462000-b6463000 r--p 00052000 08:01 3402651    /lib/i386-linux-gnu/libm-2.23.so
b6463000-b6464000 rw-p 00053000 08:01 3402651    /lib/i386-linux-gnu/libm-2.23.so
b6464000-b65d1000 r-xp 00000000 08:01 1104849    /usr/lib/i386-linux-gnu/libstdc++.so.6.0.21
b65d1000-b65d2000 ---p 0016d000 08:01 1104849    /usr/lib/i386-linux-gnu/libstdc++.so.6.0.21
b65d2000-b65d7000 r--p 0016d000 08:01 1104849    /usr/lib/i386-linux-gnu/libstdc++.so.6.0.21
b65d7000-b65d8000 rw-p 00172000 08:01 1104849    /usr/lib/i386-linux-gnu/libstdc++.so.6.0.21
b65d8000-b65db000 rw-p 00000000 00:00 0 
b65db000-b70ac000 r-xp 00000000 08:01 1693269    /usr/lib/jvm/java-8-openjdk-i386/jre/lib/i386/server/libjvm.so
b70ac000-b70f2000 r--p 00ad0000 08:01 1693269    /usr/lib/jvm/java-8-openjdk-i386/jre/lib/i386/server/libjvm.so
b70f2000-b7109000 rw-p 00b16000 08:01 1693269    /usr/lib/jvm/java-8-openjdk-i386/jre/lib/i386/server/libjvm.so
b7109000-b7529000 rw-p 00000000 00:00 0 
b7529000-b7542000 r-xp 00000000 08:01 3402662    /lib/i386-linux-gnu/libpthread-2.23.so
b7542000-b7543000 r--p 00018000 08:01 3402662    /lib/i386-linux-gnu/libpthread-2.23.so
b7543000-b7544000 rw-p 00019000 08:01 3402662    /lib/i386-linux-gnu/libpthread-2.23.so
b7544000-b7546000 rw-p 00000000 00:00 0 
b7546000-b7549000 r-xp 00000000 08:01 3402697    /lib/i386-linux-gnu/libdl-2.23.so
b7549000-b754a000 r--p 00002000 08:01 3402697    /lib/i386-linux-gnu/libdl-2.23.so
b754a000-b754b000 rw-p 00003000 08:01 3402697    /lib/i386-linux-gnu/libdl-2.23.so
b754b000-b754c000 rw-p 00000000 00:00 0 
b754c000-b7565000 r-xp 00000000 08:01 3402741    /lib/i386-linux-gnu/libz.so.1.2.8
b7565000-b7566000 r--p 00018000 08:01 3402741    /lib/i386-linux-gnu/libz.so.1.2.8
b7566000-b7567000 rw-p 00019000 08:01 3402741    /lib/i386-linux-gnu/libz.so.1.2.8
b7567000-b7717000 r-xp 00000000 08:01 3402663    /lib/i386-linux-gnu/libc-2.23.so
b7717000-b7719000 r--p 001af000 08:01 3402663    /lib/i386-linux-gnu/libc-2.23.so
b7719000-b771a000 rw-p 001b1000 08:01 3402663    /lib/i386-linux-gnu/libc-2.23.so
b771a000-b771d000 rw-p 00000000 00:00 0 
b771d000-b771e000 r--s 0000a000 08:01 1693235    /usr/lib/jvm/java-8-openjdk-i386/jre/lib/ext/jaccess.jar
b771e000-b7722000 r--s 00037000 08:01 1693234    /usr/lib/jvm/java-8-openjdk-i386/jre/lib/ext/sunpkcs11.jar
b7722000-b7723000 r--p 002d4000 08:01 1110568    /usr/lib/locale/locale-archive
b7723000-b7724000 rw-p 00000000 00:00 0 
b7724000-b7725000 ---p 00000000 00:00 0 
b7725000-b7733000 r-xp 00000000 08:01 1693275    /usr/lib/jvm/java-8-openjdk-i386/jre/lib/i386/libverify.so
b7733000-b7734000 r--p 0000d000 08:01 1693275    /usr/lib/jvm/java-8-openjdk-i386/jre/lib/i386/libverify.so
b7734000-b7735000 rw-p 0000e000 08:01 1693275    /usr/lib/jvm/java-8-openjdk-i386/jre/lib/i386/libverify.so
b7735000-b7742000 r-xp 00000000 08:01 1693273    /usr/lib/jvm/java-8-openjdk-i386/jre/lib/i386/jli/libjli.so
b7742000-b7743000 r--p 0000c000 08:01 1693273    /usr/lib/jvm/java-8-openjdk-i386/jre/lib/i386/jli/libjli.so
b7743000-b7744000 rw-p 0000d000 08:01 1693273    /usr/lib/jvm/java-8-openjdk-i386/jre/lib/i386/jli/libjli.so
b7744000-b7745000 rw-p 00000000 00:00 0 
b7745000-b7747000 r--p 00000000 00:00 0          [vvar]
b7747000-b7748000 r-xp 00000000 00:00 0          [vdso]
b7748000-b776b000 r-xp 00000000 08:01 3402661    /lib/i386-linux-gnu/ld-2.23.so
b776b000-b776c000 r--p 00022000 08:01 3402661    /lib/i386-linux-gnu/ld-2.23.so
b776c000-b776d000 rw-p 00023000 08:01 3402661    /lib/i386-linux-gnu/ld-2.23.so
bfadd000-bfafe000 rw-p 00000000 00:00 0          [stack]

VM Arguments:
jvm_args: -Dclassworlds.conf=/usr/share/maven/bin/m2.conf -Dmaven.home=/usr/share/maven -Dmaven.multiModuleProjectDirectory=/home/sarnobat/github/maven_project 
java_command: org.codehaus.plexus.classworlds.launcher.Launcher --quiet --settings /home/sarnobat/sarnobat.git/mac/.m2/settings.xml install exec:java -Dexec.mainClass=Md5RoCopyFile -Dexec.args=4486 ~/sarnobat.git/db/md5ro/md5_files.txt
java_class_path (initial): /usr/share/maven/boot/plexus-classworlds-2.x.jar
Launcher Type: SUN_STANDARD

Environment Variables:
JAVA_HOME=/usr/lib/jvm/java-8-openjdk-i386
PATH=/usr/bin:/bin
SHELL=/bin/sh

Signal Handlers:
SIGSEGV: [libjvm.so+0x8d7370], sa_mask[0]=11111111011111111101111111111110, sa_flags=SA_RESTART|SA_SIGINFO
SIGBUS: [libjvm.so+0x8d7370], sa_mask[0]=11111111011111111101111111111110, sa_flags=SA_RESTART|SA_SIGINFO
SIGFPE: [libjvm.so+0x73d1c0], sa_mask[0]=11111111011111111101111111111110, sa_flags=SA_RESTART|SA_SIGINFO
SIGPIPE: [libjvm.so+0x73d1c0], sa_mask[0]=11111111011111111101111111111110, sa_flags=SA_RESTART|SA_SIGINFO
SIGXFSZ: [libjvm.so+0x73d1c0], sa_mask[0]=11111111011111111101111111111110, sa_flags=SA_RESTART|SA_SIGINFO
SIGILL: [libjvm.so+0x73d1c0], sa_mask[0]=11111111011111111101111111111110, sa_flags=SA_RESTART|SA_SIGINFO
SIGUSR1: SIG_DFL, sa_mask[0]=00000000000000000000000000000000, sa_flags=none
SIGUSR2: [libjvm.so+0x73d000], sa_mask[0]=00000000000000000000000000000000, sa_flags=SA_RESTART|SA_SIGINFO
SIGHUP: [libjvm.so+0x73d790], sa_mask[0]=11111111011111111101111111111110, sa_flags=SA_RESTART|SA_SIGINFO
SIGINT: [libjvm.so+0x73d790], sa_mask[0]=11111111011111111101111111111110, sa_flags=SA_RESTART|SA_SIGINFO
SIGTERM: [libjvm.so+0x73d790], sa_mask[0]=11111111011111111101111111111110, sa_flags=SA_RESTART|SA_SIGINFO
SIGQUIT: [libjvm.so+0x73d790], sa_mask[0]=11111111011111111101111111111110, sa_flags=SA_RESTART|SA_SIGINFO


---------------  S Y S T E M  ---------------

OS:DISTRIB_ID=Ubuntu
DISTRIB_RELEASE=16.04
DISTRIB_CODENAME=xenial
DISTRIB_DESCRIPTION="Ubuntu 16.04.1 LTS"

uname:Linux 4.4.0-104-generic #127-Ubuntu SMP Mon Dec 11 12:16:50 UTC 2017 i686
libc:glibc 2.23 NPTL 2.23 
rlimit: STACK 8192k, CORE 0k, NPROC 63057, NOFILE 1048576, AS infinity
load average:3.23 2.93 2.85

/proc/meminfo:
MemTotal:        8107456 kB
MemFree:          410088 kB
MemAvailable:          0 kB
Buffers:           16800 kB
Cached:           237264 kB
SwapCached:        10420 kB
Active:          6035784 kB
Inactive:        1447772 kB
Active(anon):    5993128 kB
Inactive(anon):  1420012 kB
Active(file):      42656 kB
Inactive(file):    27760 kB
Unevictable:           0 kB
Mlocked:               0 kB
HighTotal:       7292552 kB
HighFree:          89180 kB
LowTotal:         814904 kB
LowFree:          320908 kB
SwapTotal:       4007932 kB
SwapFree:              0 kB
Dirty:               872 kB
Writeback:             0 kB
AnonPages:       7219652 kB
Mapped:            46968 kB
Shmem:            183264 kB
Slab:              99488 kB
SReclaimable:      52372 kB
SUnreclaim:        47116 kB
KernelStack:       20512 kB
PageTables:        46736 kB
NFS_Unstable:          0 kB
Bounce:                0 kB
WritebackTmp:          0 kB
CommitLimit:     8061660 kB
Committed_AS:   26134484 kB
VmallocTotal:     122880 kB
VmallocUsed:           0 kB
VmallocChunk:          0 kB
AnonHugePages:   5197824 kB
CmaTotal:              0 kB
CmaFree:               0 kB
HugePages_Total:       0
HugePages_Free:        0
HugePages_Rsvd:        0
HugePages_Surp:        0
Hugepagesize:       2048 kB
DirectMap4k:       34808 kB
DirectMap2M:      876544 kB


CPU:total 4 (initial active 4) (2 cores per cpu, 2 threads per core) family 6 model 58 stepping 9, cmov, cx8, fxsr, mmx, sse, sse2, sse3, ssse3, sse4.1, sse4.2, popcnt, avx, aes, clmul, erms, ht, tsc, tscinvbit, tscinv

/proc/cpuinfo:
processor	: 0
vendor_id	: GenuineIntel
cpu family	: 6
model		: 58
model name	: Intel(R) Core(TM) i5-3427U CPU @ 1.80GHz
stepping	: 9
microcode	: 0x17
cpu MHz		: 2599.988
cache size	: 3072 KB
physical id	: 0
siblings	: 4
core id		: 0
cpu cores	: 2
apicid		: 0
initial apicid	: 0
fdiv_bug	: no
f00f_bug	: no
coma_bug	: no
fpu		: yes
fpu_exception	: yes
cpuid level	: 13
wp		: yes
flags		: fpu vme de pse tsc msr pae mce cx8 apic sep mtrr pge mca cmov pat pse36 clflush dts acpi mmx fxsr sse sse2 ss ht tm pbe nx rdtscp lm constant_tsc arch_perfmon pebs bts xtopology nonstop_tsc aperfmperf eagerfpu pni pclmulqdq dtes64 monitor ds_cpl vmx smx est tm2 ssse3 cx16 xtpr pdcm pcid sse4_1 sse4_2 x2apic popcnt tsc_deadline_timer aes xsave avx f16c rdrand lahf_lm epb tpr_shadow vnmi flexpriority ept vpid fsgsbase smep erms xsaveopt dtherm ida arat pln pts
bugs		:
bogomips	: 4589.86
clflush size	: 64
cache_alignment	: 64
address sizes	: 36 bits physical, 48 bits virtual
power management:

processor	: 1
vendor_id	: GenuineIntel
cpu family	: 6
model		: 58
model name	: Intel(R) Core(TM) i5-3427U CPU @ 1.80GHz
stepping	: 9
microcode	: 0x17
cpu MHz		: 2646.527
cache size	: 3072 KB
physical id	: 0
siblings	: 4
core id		: 1
cpu cores	: 2
apicid		: 2
initial apicid	: 2
fdiv_bug	: no
f00f_bug	: no
coma_bug	: no
fpu		: yes
fpu_exception	: yes
cpuid level	: 13
wp		: yes
flags		: fpu vme de pse tsc msr pae mce cx8 apic sep mtrr pge mca cmov pat pse36 clflush dts acpi mmx fxsr sse sse2 ss ht tm pbe nx rdtscp lm constant_tsc arch_perfmon pebs bts xtopology nonstop_tsc aperfmperf eagerfpu pni pclmulqdq dtes64 monitor ds_cpl vmx smx est tm2 ssse3 cx16 xtpr pdcm pcid sse4_1 sse4_2 x2apic popcnt tsc_deadline_timer aes xsave avx f16c rdrand lahf_lm epb tpr_shadow vnmi flexpriority ept vpid fsgsbase smep erms xsaveopt dtherm ida arat pln pts
bugs		:
bogomips	: 4589.86
clflush size	: 64
cache_alignment	: 64
address sizes	: 36 bits physical, 48 bits virtual
power management:

processor	: 2
vendor_id	: GenuineIntel
cpu family	: 6
model		: 58
model name	: Intel(R) Core(TM) i5-3427U CPU @ 1.80GHz
stepping	: 9
microcode	: 0x17
cpu MHz		: 2599.988
cache size	: 3072 KB
physical id	: 0
siblings	: 4
core id		: 0
cpu cores	: 2
apicid		: 1
initial apicid	: 1
fdiv_bug	: no
f00f_bug	: no
coma_bug	: no
fpu		: yes
fpu_exception	: yes
cpuid level	: 13
wp		: yes
flags		: fpu vme de pse tsc msr pae mce cx8 apic sep mtrr pge mca cmov pat pse36 clflush dts acpi mmx fxsr sse sse2 ss ht tm pbe nx rdtscp lm constant_tsc arch_perfmon pebs bts xtopology nonstop_tsc aperfmperf eagerfpu pni pclmulqdq dtes64 monitor ds_cpl vmx smx est tm2 ssse3 cx16 xtpr pdcm pcid sse4_1 sse4_2 x2apic popcnt tsc_deadline_timer aes xsave avx f16c rdrand lahf_lm epb tpr_shadow vnmi flexpriority ept vpid fsgsbase smep erms xsaveopt dtherm ida arat pln pts
bugs		:
bogomips	: 4589.86
clflush size	: 64
cache_alignment	: 64
address sizes	: 36 bits physical, 48 bits virtual
power management:

processor	: 3
vendor_id	: GenuineIntel
cpu family	: 6
model		: 58
model name	: Intel(R) Core(TM) i5-3427U CPU @ 1.80GHz
stepping	: 9
microcode	: 0x17
cpu MHz		: 2646.527
cache size	: 3072 KB
physical id	: 0
siblings	: 4
core id		: 1
cpu cores	: 2
apicid		: 3
initial apicid	: 3
fdiv_bug	: no
f00f_bug	: no
coma_bug	: no
fpu		: yes
fpu_exception	: yes
cpuid level	: 13
wp		: yes
flags		: fpu vme de pse tsc msr pae mce cx8 apic sep mtrr pge mca cmov pat pse36 clflush dts acpi mmx fxsr sse sse2 ss ht tm pbe nx rdtscp lm constant_tsc arch_perfmon pebs bts xtopology nonstop_tsc aperfmperf eagerfpu pni pclmulqdq dtes64 monitor ds_cpl vmx smx est tm2 ssse3 cx16 xtpr pdcm pcid sse4_1 sse4_2 x2apic popcnt tsc_deadline_timer aes xsave avx f16c rdrand lahf_lm epb tpr_shadow vnmi flexpriority ept vpid fsgsbase smep erms xsaveopt dtherm ida arat pln pts
bugs		:
bogomips	: 4589.86
clflush size	: 64
cache_alignment	: 64
address sizes	: 36 bits physical, 48 bits virtual
power management:



Memory: 4k page, physical 8107456k(410088k free), swap 4007932k(0k free)

vm_info: OpenJDK Server VM (25.151-b12) for linux-x86 JRE (1.8.0_151-8u151-b12-0ubuntu0.16.04.2-b12), built on Oct 27 2017 22:05:04 by "buildd" with gcc 5.4.0 20160609

time: Sun Mar 18 22:22:13 2018
elapsed time: 11 seconds (0d 0h 0m 11s)

