#
# There is insufficient memory for the Java Runtime Environment to continue.
# Native memory allocation (mmap) failed to map 32768 bytes for committing reserved memory.
# Possible reasons:
#   The system is out of physical RAM or swap space
#   In 32 bit mode, the process size limit was hit
# Possible solutions:
#   Reduce memory load on the system
#   Increase physical memory or swap space
#   Check if swap backing store is full
#   Use 64 bit Java on a 64 bit OS
#   Decrease Java heap size (-Xmx/-Xms)
#   Decrease number of Java threads
#   Decrease Java thread stack sizes (-Xss)
#   Set larger code cache with -XX:ReservedCodeCacheSize=
# This output file may be truncated or incomplete.
#
#  Out of Memory Error (os_linux.cpp:2643), pid=30659, tid=0x631acb40
#
# JRE version: OpenJDK Runtime Environment (8.0_162-b12) (build 1.8.0_162-8u162-b12-0ubuntu0.16.04.2-b12)
# Java VM: OpenJDK Server VM (25.162-b12 mixed mode linux-x86 )
# Failed to write core dump. Core dumps have been disabled. To enable core dumping, try "ulimit -c unlimited" before starting Java again
#

---------------  T H R E A D  ---------------

Current thread (0x637a6c00):  JavaThread "C1 CompilerThread2" daemon [_thread_in_vm, id=30788, stack(0x6312c000,0x631ad000)]

Stack: [0x6312c000,0x631ad000],  sp=0x631ab810,  free space=510k
Native frames: (J=compiled Java code, j=interpreted, Vv=VM code, C=native code)
V  [libjvm.so+0x8da814]
V  [libjvm.so+0x3a9046]
V  [libjvm.so+0x744ce0]
V  [libjvm.so+0x73eb53]
V  [libjvm.so+0x8d7234]
V  [libjvm.so+0x4bc3b3]
V  [libjvm.so+0x337093]
V  [libjvm.so+0x7190f0]
V  [libjvm.so+0x2d1aeb]
V  [libjvm.so+0x21f1e8]
V  [libjvm.so+0x21f4d8]
V  [libjvm.so+0x2201e0]
V  [libjvm.so+0x361f41]
V  [libjvm.so+0x3636fa]
V  [libjvm.so+0x87c9d7]
V  [libjvm.so+0x8859ab]
V  [libjvm.so+0x885e7e]
V  [libjvm.so+0x741e15]
C  [libpthread.so.0+0x6295]  start_thread+0xe5
C  [libc.so.6+0xe70ae]  clone+0x6e


Current CompileTask:
C1:  11920 2957   !   2       org.apache.maven.model.building.DefaultModelBuilder::readModel (599 bytes)


---------------  P R O C E S S  ---------------

Java Threads: ( => current thread )
  0x637a9c00 JavaThread "Service Thread" daemon [_thread_blocked, id=30792, stack(0x630db000,0x6312c000)]
=>0x637a6c00 JavaThread "C1 CompilerThread2" daemon [_thread_in_vm, id=30788, stack(0x6312c000,0x631ad000)]
  0x637a5800 JavaThread "C2 CompilerThread1" daemon [_thread_in_native, id=30785, stack(0x631ad000,0x6322e000)]
  0x637a3800 JavaThread "C2 CompilerThread0" daemon [_thread_in_native, id=30782, stack(0x6322e000,0x632af000)]
  0x637a2000 JavaThread "Signal Dispatcher" daemon [_thread_blocked, id=30780, stack(0x632af000,0x63300000)]
  0x63788000 JavaThread "Finalizer" daemon [_thread_blocked, id=30775, stack(0x63814000,0x63865000)]
  0x63785400 JavaThread "Reference Handler" daemon [_thread_blocked, id=30774, stack(0x6642e000,0x6647f000)]
  0xb6208400 JavaThread "main" [_thread_in_Java, id=30751, stack(0xb63a7000,0xb63f8000)]

Other Threads:
  0x63780c00 VMThread [stack: 0x63865000,0x638e6000] [id=30768]
  0x637ab800 WatcherThread [stack: 0x6305a000,0x630db000] [id=30793]

VM state:not at safepoint (normal execution)

VM Mutex/Monitor currently owned by a thread:  ([mutex/lock_event])
[0xb6205020] CodeCache_lock - owner thread: 0x637a6c00
[0xb6206268] Compile_lock - owner thread: 0x637a6c00
[0xb6206338] MethodCompileQueue_lock - owner thread: 0x637a6c00

Heap:
 PSYoungGen      total 71680K, used 66727K [0x918c0000, 0x965c0000, 0xa6e00000)
  eden space 66048K, 93% used [0x918c0000,0x954ce7a8,0x95940000)
  from space 5632K, 92% used [0x95f40000,0x9645b4e0,0x964c0000)
  to   space 6144K, 0% used [0x95940000,0x95940000,0x95f40000)
 ParOldGen       total 43776K, used 6390K [0x66e00000, 0x698c0000, 0x918c0000)
  object space 43776K, 14% used [0x66e00000,0x6743d820,0x698c0000)
 Metaspace       used 11135K, capacity 11229K, committed 11288K, reserved 11568K

Card table byte_map: [0x66bff000,0x66e00000] byte_map_base: 0x668c8000

Marking Bits: (ParMarkBitMap*) 0xb71228a0
 Begin Bits: [0x64300000, 0x65300000)
 End Bits:   [0x65300000, 0x66300000)

Polling page: 0xb772f000

CodeCache: size=245760Kb used=7541Kb max_used=7558Kb free=238218Kb
 bounds [0xa7200000, 0xa7968000, 0xb6200000]
 total_blobs=3105 nmethods=2922 adapters=95
 compilation: enabled

Compilation events (10 events):
Event: 11.863 Thread 0x637a3800 2952       4       org.codehaus.plexus.util.xml.pull.MXParser::nextImpl (1202 bytes)
Event: 11.869 Thread 0x637a6c00 2953       2       org.apache.maven.model.Model::setModelEncoding (6 bytes)
Event: 11.870 Thread 0x637a6c00 nmethod 2953 0xa7953f88 code [0xa7954080, 0xa7954160]
Event: 11.871 Thread 0x637a6c00 2954       2       org.eclipse.aether.util.version.GenericVersionScheme::parseVersion (9 bytes)
Event: 11.872 Thread 0x637a6c00 nmethod 2954 0xa7953c08 code [0xa7953d40, 0xa7953eb8]
Event: 11.872 Thread 0x637a6c00 2956       2       org.eclipse.aether.util.version.GenericVersion::parse (63 bytes)
Event: 11.874 Thread 0x637a6c00 nmethod 2956 0xa79532c8 code [0xa7953460, 0xa795383c]
Event: 11.874 Thread 0x637a6c00 2955       2       org.eclipse.aether.util.version.GenericVersion::<init> (29 bytes)
Event: 11.875 Thread 0x637a6c00 nmethod 2955 0xa7953008 code [0xa7953120, 0xa7953238]
Event: 11.880 Thread 0x637a6c00 2957   !   2       org.apache.maven.model.building.DefaultModelBuilder::readModel (599 bytes)

GC Heap History (10 events):
Event: 2.169 GC heap before
{Heap before GC invocations=2 (full 0):
 PSYoungGen      total 19200K, used 19198K [0x918c0000, 0x92e00000, 0xa6e00000)
  eden space 16640K, 100% used [0x918c0000,0x92900000,0x92900000)
  from space 2560K, 99% used [0x92900000,0x92b7f918,0x92b80000)
  to   space 2560K, 0% used [0x92b80000,0x92b80000,0x92e00000)
 ParOldGen       total 43776K, used 789K [0x66e00000, 0x698c0000, 0x918c0000)
  object space 43776K, 1% used [0x66e00000,0x66ec5448,0x698c0000)
 Metaspace       used 5304K, capacity 5354K, committed 5400K, reserved 5424K
Event: 2.176 GC heap after
Heap after GC invocations=2 (full 0):
 PSYoungGen      total 19200K, used 2552K [0x918c0000, 0x92e00000, 0xa6e00000)
  eden space 16640K, 0% used [0x918c0000,0x918c0000,0x92900000)
  from space 2560K, 99% used [0x92b80000,0x92dfe2a8,0x92e00000)
  to   space 2560K, 0% used [0x92900000,0x92900000,0x92b80000)
 ParOldGen       total 43776K, used 817K [0x66e00000, 0x698c0000, 0x918c0000)
  object space 43776K, 1% used [0x66e00000,0x66ecc448,0x698c0000)
 Metaspace       used 5304K, capacity 5354K, committed 5400K, reserved 5424K
}
Event: 2.768 GC heap before
{Heap before GC invocations=3 (full 0):
 PSYoungGen      total 19200K, used 19192K [0x918c0000, 0x92e00000, 0xa6e00000)
  eden space 16640K, 100% used [0x918c0000,0x92900000,0x92900000)
  from space 2560K, 99% used [0x92b80000,0x92dfe2a8,0x92e00000)
  to   space 2560K, 0% used [0x92900000,0x92900000,0x92b80000)
 ParOldGen       total 43776K, used 817K [0x66e00000, 0x698c0000, 0x918c0000)
  object space 43776K, 1% used [0x66e00000,0x66ecc448,0x698c0000)
 Metaspace       used 6666K, capacity 6711K, committed 6808K, reserved 7472K
Event: 2.783 GC heap after
Heap after GC invocations=3 (full 0):
 PSYoungGen      total 19200K, used 2545K [0x918c0000, 0x93e40000, 0xa6e00000)
  eden space 16640K, 0% used [0x918c0000,0x918c0000,0x92900000)
  from space 2560K, 99% used [0x92900000,0x92b7c490,0x92b80000)
  to   space 2560K, 0% used [0x93bc0000,0x93bc0000,0x93e40000)
 ParOldGen       total 43776K, used 2215K [0x66e00000, 0x698c0000, 0x918c0000)
  object space 43776K, 5% used [0x66e00000,0x67029f38,0x698c0000)
 Metaspace       used 6666K, capacity 6711K, committed 6808K, reserved 7472K
}
Event: 3.721 GC heap before
{Heap before GC invocations=4 (full 0):
 PSYoungGen      total 19200K, used 19185K [0x918c0000, 0x93e40000, 0xa6e00000)
  eden space 16640K, 100% used [0x918c0000,0x92900000,0x92900000)
  from space 2560K, 99% used [0x92900000,0x92b7c490,0x92b80000)
  to   space 2560K, 0% used [0x93bc0000,0x93bc0000,0x93e40000)
 ParOldGen       total 43776K, used 2215K [0x66e00000, 0x698c0000, 0x918c0000)
  object space 43776K, 5% used [0x66e00000,0x67029f38,0x698c0000)
 Metaspace       used 8090K, capacity 8158K, committed 8216K, reserved 8496K
Event: 3.758 GC heap after
Heap after GC invocations=4 (full 0):
 PSYoungGen      total 35840K, used 2546K [0x918c0000, 0x93e40000, 0xa6e00000)
  eden space 33280K, 0% used [0x918c0000,0x918c0000,0x93940000)
  from space 2560K, 99% used [0x93bc0000,0x93e3c890,0x93e40000)
  to   space 2560K, 0% used [0x93940000,0x93940000,0x93bc0000)
 ParOldGen       total 43776K, used 4322K [0x66e00000, 0x698c0000, 0x918c0000)
  object space 43776K, 9% used [0x66e00000,0x672388a8,0x698c0000)
 Metaspace       used 8090K, capacity 8158K, committed 8216K, reserved 8496K
}
Event: 7.939 GC heap before
{Heap before GC invocations=5 (full 0):
 PSYoungGen      total 35840K, used 35826K [0x918c0000, 0x93e40000, 0xa6e00000)
  eden space 33280K, 100% used [0x918c0000,0x93940000,0x93940000)
  from space 2560K, 99% used [0x93bc0000,0x93e3c890,0x93e40000)
  to   space 2560K, 0% used [0x93940000,0x93940000,0x93bc0000)
 ParOldGen       total 43776K, used 4322K [0x66e00000, 0x698c0000, 0x918c0000)
  object space 43776K, 9% used [0x66e00000,0x672388a8,0x698c0000)
 Metaspace       used 10001K, capacity 10075K, committed 10136K, reserved 10544K
Event: 7.955 GC heap after
Heap after GC invocations=5 (full 0):
 PSYoungGen      total 35840K, used 2554K [0x918c0000, 0x964c0000, 0xa6e00000)
  eden space 33280K, 0% used [0x918c0000,0x918c0000,0x93940000)
  from space 2560K, 99% used [0x93940000,0x93bbe870,0x93bc0000)
  to   space 5632K, 0% used [0x95f40000,0x95f40000,0x964c0000)
 ParOldGen       total 43776K, used 6390K [0x66e00000, 0x698c0000, 0x918c0000)
  object space 43776K, 14% used [0x66e00000,0x6743d820,0x698c0000)
 Metaspace       used 10001K, capacity 10075K, committed 10136K, reserved 10544K
}
Event: 9.792 GC heap before
{Heap before GC invocations=6 (full 0):
 PSYoungGen      total 35840K, used 35826K [0x918c0000, 0x964c0000, 0xa6e00000)
  eden space 33280K, 99% used [0x918c0000,0x9393e0e8,0x93940000)
  from space 2560K, 99% used [0x93940000,0x93bbe870,0x93bc0000)
  to   space 5632K, 0% used [0x95f40000,0x95f40000,0x964c0000)
 ParOldGen       total 43776K, used 6390K [0x66e00000, 0x698c0000, 0x918c0000)
  object space 43776K, 14% used [0x66e00000,0x6743d820,0x698c0000)
 Metaspace       used 10835K, capacity 10956K, committed 11032K, reserved 11568K
Event: 9.830 GC heap after
Heap after GC invocations=6 (full 0):
 PSYoungGen      total 71680K, used 5229K [0x918c0000, 0x965c0000, 0xa6e00000)
  eden space 66048K, 0% used [0x918c0000,0x918c0000,0x95940000)
  from space 5632K, 92% used [0x95f40000,0x9645b4e0,0x964c0000)
  to   space 6144K, 0% used [0x95940000,0x95940000,0x95f40000)
 ParOldGen       total 43776K, used 6390K [0x66e00000, 0x698c0000, 0x918c0000)
  object space 43776K, 14% used [0x66e00000,0x6743d820,0x698c0000)
 Metaspace       used 10835K, capacity 10956K, committed 11032K, reserved 11568K
}

Deoptimization events (10 events):
Event: 8.425 Thread 0xb6208400 Uncommon trap: reason=unstable_if action=reinterpret pc=0xa73c9428 method=sun.nio.cs.UTF_8$Decoder.decodeArrayLoop(Ljava/nio/ByteBuffer;Ljava/nio/CharBuffer;)Ljava/nio/charset/CoderResult; @ 84
Event: 8.755 Thread 0xb6208400 Uncommon trap: reason=unstable_if action=reinterpret pc=0xa7412ba4 method=java.util.HashMap.hash(Ljava/lang/Object;)I @ 1
Event: 9.009 Thread 0xb6208400 Uncommon trap: reason=unstable_if action=reinterpret pc=0xa76d436c method=java.util.HashMap.hash(Ljava/lang/Object;)I @ 1
Event: 9.009 Thread 0xb6208400 Uncommon trap: reason=unstable_if action=reinterpret pc=0xa760d7d4 method=java.util.HashMap.hash(Ljava/lang/Object;)I @ 1
Event: 10.661 Thread 0xb6208400 Uncommon trap: reason=unstable_if action=reinterpret pc=0xa7882738 method=org.codehaus.plexus.util.xml.pull.MXParser.nextImpl()I @ 879
Event: 11.364 Thread 0xb6208400 Uncommon trap: reason=bimorphic action=maybe_recompile pc=0xa78a27f0 method=java.util.concurrent.ConcurrentHashMap.get(Ljava/lang/Object;)Ljava/lang/Object; @ 149
Event: 11.376 Thread 0xb6208400 Uncommon trap: reason=bimorphic action=maybe_recompile pc=0xa78a27f0 method=java.util.concurrent.ConcurrentHashMap.get(Ljava/lang/Object;)Ljava/lang/Object; @ 149
Event: 11.403 Thread 0xb6208400 Uncommon trap: reason=bimorphic action=maybe_recompile pc=0xa78a27f0 method=java.util.concurrent.ConcurrentHashMap.get(Ljava/lang/Object;)Ljava/lang/Object; @ 149
Event: 11.420 Thread 0xb6208400 Uncommon trap: reason=bimorphic action=maybe_recompile pc=0xa78a27f0 method=java.util.concurrent.ConcurrentHashMap.get(Ljava/lang/Object;)Ljava/lang/Object; @ 149
Event: 11.446 Thread 0xb6208400 Uncommon trap: reason=unstable_if action=reinterpret pc=0xa7915f00 method=org.codehaus.plexus.util.xml.pull.MXParser.nextImpl()I @ 555

Classes redefined (0 events):
No events

Internal exceptions (10 events):
Event: 5.189 Thread 0xb6208400 Exception <a 'java/lang/NoClassDefFoundError': javax/annotation/Priority> (0x922d40d0) thrown at [/build/openjdk-8-2Hm3Za/openjdk-8-8u162-b12/src/hotspot/src/share/vm/classfile/systemDictionary.cpp, line 199]
Event: 7.670 Thread 0xb6208400 Exception <a 'java/lang/NullPointerException'> (0x935db8a8) thrown at [/build/openjdk-8-2Hm3Za/openjdk-8-8u162-b12/src/hotspot/src/share/vm/interpreter/linkResolver.cpp, line 1185]
Event: 7.670 Thread 0xb6208400 Exception <a 'java/lang/NullPointerException'> (0x935dbab8) thrown at [/build/openjdk-8-2Hm3Za/openjdk-8-8u162-b12/src/hotspot/src/share/vm/interpreter/linkResolver.cpp, line 1185]
Event: 7.670 Thread 0xb6208400 Exception <a 'java/lang/NullPointerException'> (0x935dbcc8) thrown at [/build/openjdk-8-2Hm3Za/openjdk-8-8u162-b12/src/hotspot/src/share/vm/interpreter/linkResolver.cpp, line 1185]
Event: 7.670 Thread 0xb6208400 Exception <a 'java/lang/NullPointerException'> (0x935e44a0) thrown at [/build/openjdk-8-2Hm3Za/openjdk-8-8u162-b12/src/hotspot/src/share/vm/interpreter/linkResolver.cpp, line 1185]
Event: 7.670 Thread 0xb6208400 Exception <a 'java/lang/NullPointerException'> (0x935e46b0) thrown at [/build/openjdk-8-2Hm3Za/openjdk-8-8u162-b12/src/hotspot/src/share/vm/interpreter/linkResolver.cpp, line 1185]
Event: 7.670 Thread 0xb6208400 Exception <a 'java/lang/NullPointerException'> (0x935e48c0) thrown at [/build/openjdk-8-2Hm3Za/openjdk-8-8u162-b12/src/hotspot/src/share/vm/interpreter/linkResolver.cpp, line 1185]
Event: 8.755 Thread 0xb6208400 Implicit null exception at 0xa74129fe to 0xa7412b95
Event: 9.009 Thread 0xb6208400 Implicit null exception at 0xa76d3fc3 to 0xa76d435d
Event: 9.009 Thread 0xb6208400 Implicit null exception at 0xa760d47f to 0xa760d7c5

Events (10 events):
Event: 11.833 Thread 0xb6208400 DEOPT PACKING pc=0xa79439b5 sp=0xb63f5c50
Event: 11.833 Thread 0xb6208400 DEOPT UNPACKING pc=0xa723c61a sp=0xb63f5b6c mode 0
Event: 11.835 Thread 0xb6208400 DEOPT PACKING pc=0xa79439b5 sp=0xb63f5b50
Event: 11.835 Thread 0xb6208400 DEOPT UNPACKING pc=0xa723c61a sp=0xb63f5a6c mode 0
Event: 11.862 Thread 0xb6208400 DEOPT PACKING pc=0xa79439b5 sp=0xb63f5b20
Event: 11.862 Thread 0xb6208400 DEOPT UNPACKING pc=0xa723c61a sp=0xb63f5a3c mode 0
Event: 11.868 Thread 0xb6208400 DEOPT PACKING pc=0xa79439b5 sp=0xb63f5af0
Event: 11.868 Thread 0xb6208400 DEOPT UNPACKING pc=0xa723c61a sp=0xb63f5a0c mode 0
Event: 11.882 Thread 0xb6208400 DEOPT PACKING pc=0xa79439b5 sp=0xb63f5b90
Event: 11.882 Thread 0xb6208400 DEOPT UNPACKING pc=0xa723c61a sp=0xb63f5aac mode 0


Dynamic libraries:
08048000-08049000 r-xp 00000000 08:01 1693449    /usr/lib/jvm/java-8-openjdk-i386/jre/bin/java
08049000-0804a000 r--p 00000000 08:01 1693449    /usr/lib/jvm/java-8-openjdk-i386/jre/bin/java
0804a000-0804b000 rw-p 00001000 08:01 1693449    /usr/lib/jvm/java-8-openjdk-i386/jre/bin/java
086c5000-08751000 rw-p 00000000 00:00 0          [heap]
5d900000-5d9e2000 rw-p 00000000 00:00 0 
5d9e2000-5da00000 ---p 00000000 00:00 0 
5dd00000-5ddf9000 rw-p 00000000 00:00 0 
5ddf9000-5de00000 ---p 00000000 00:00 0 
5de00000-5deda000 rw-p 00000000 00:00 0 
5deda000-5df00000 ---p 00000000 00:00 0 
5df00000-5dfaf000 rw-p 00000000 00:00 0 
5dfaf000-5e000000 ---p 00000000 00:00 0 
5e000000-5e0fd000 rw-p 00000000 00:00 0 
5e0fd000-5e100000 ---p 00000000 00:00 0 
5e100000-5e200000 rw-p 00000000 00:00 0 
5e400000-5e4fc000 rw-p 00000000 00:00 0 
5e4fc000-5e500000 ---p 00000000 00:00 0 
5e500000-5e600000 rw-p 00000000 00:00 0 
5e600000-5e6fb000 rw-p 00000000 00:00 0 
5e6fb000-5e700000 ---p 00000000 00:00 0 
5e800000-5e9ff000 rw-p 00000000 00:00 0 
5e9ff000-5ea00000 ---p 00000000 00:00 0 
5ea00000-5ec00000 rw-p 00000000 00:00 0 
5ec00000-5ecf3000 rw-p 00000000 00:00 0 
5ecf3000-5ed00000 ---p 00000000 00:00 0 
5ed00000-5eddf000 rw-p 00000000 00:00 0 
5eddf000-5ee00000 ---p 00000000 00:00 0 
5efff000-60c00000 rw-p 00000000 00:00 0 
60c00000-60cfd000 rw-p 00000000 00:00 0 
60cfd000-60d00000 ---p 00000000 00:00 0 
60d00000-60dff000 rw-p 00000000 00:00 0 
60dff000-60e00000 ---p 00000000 00:00 0 
60e00000-60ec3000 rw-p 00000000 00:00 0 
60ec3000-60f00000 ---p 00000000 00:00 0 
60f00000-60ffe000 rw-p 00000000 00:00 0 
60ffe000-61000000 ---p 00000000 00:00 0 
6106c000-6107d000 r-xp 00000000 08:01 1693431    /usr/lib/jvm/java-8-openjdk-i386/jre/lib/i386/libnio.so
6107d000-6107e000 r--p 00010000 08:01 1693431    /usr/lib/jvm/java-8-openjdk-i386/jre/lib/i386/libnio.so
6107e000-6107f000 rw-p 00011000 08:01 1693431    /usr/lib/jvm/java-8-openjdk-i386/jre/lib/i386/libnio.so
61100000-611ff000 rw-p 00000000 00:00 0 
611ff000-61200000 ---p 00000000 00:00 0 
61200000-612e1000 rw-p 00000000 00:00 0 
612e1000-61300000 ---p 00000000 00:00 0 
61300000-613ff000 rw-p 00000000 00:00 0 
613ff000-61400000 ---p 00000000 00:00 0 
61400000-614fa000 rw-p 00000000 00:00 0 
614fa000-61500000 ---p 00000000 00:00 0 
61500000-61600000 rw-p 00000000 00:00 0 
61600000-616c0000 rw-p 00000000 00:00 0 
616c0000-61700000 ---p 00000000 00:00 0 
61700000-617c9000 rw-p 00000000 00:00 0 
617c9000-61800000 ---p 00000000 00:00 0 
61800000-61900000 rw-p 00000000 00:00 0 
61900000-619f1000 rw-p 00000000 00:00 0 
619f1000-61a00000 ---p 00000000 00:00 0 
61a00000-61af9000 rw-p 00000000 00:00 0 
61af9000-61b00000 ---p 00000000 00:00 0 
61b00000-61ce5000 rw-p 00000000 00:00 0 
61ce5000-61d00000 ---p 00000000 00:00 0 
61d00000-61df6000 rw-p 00000000 00:00 0 
61df6000-61e00000 ---p 00000000 00:00 0 
61e00000-61f00000 rw-p 00000000 00:00 0 
61f00000-61fff000 rw-p 00000000 00:00 0 
61fff000-62000000 ---p 00000000 00:00 0 
62000000-62100000 rw-p 00000000 00:00 0 
62100000-621fe000 rw-p 00000000 00:00 0 
621fe000-62200000 ---p 00000000 00:00 0 
62200000-62300000 rw-p 00000000 00:00 0 
62300000-623f8000 rw-p 00000000 00:00 0 
623f8000-62400000 ---p 00000000 00:00 0 
62400000-62500000 rw-p 00000000 00:00 0 
62500000-625fb000 rw-p 00000000 00:00 0 
625fb000-62600000 ---p 00000000 00:00 0 
62600000-626f6000 rw-p 00000000 00:00 0 
626f6000-62700000 ---p 00000000 00:00 0 
62700000-62800000 rw-p 00000000 00:00 0 
62800000-628fc000 rw-p 00000000 00:00 0 
628fc000-62900000 ---p 00000000 00:00 0 
62900000-629e6000 rw-p 00000000 00:00 0 
629e6000-62a00000 ---p 00000000 00:00 0 
62a00000-62afe000 rw-p 00000000 00:00 0 
62afe000-62b00000 ---p 00000000 00:00 0 
62b00000-62c00000 rw-p 00000000 00:00 0 
62c00000-62d00000 rw-p 00000000 00:00 0 
62d00000-62f00000 rw-p 00000000 00:00 0 
62f00000-63000000 rw-p 00000000 00:00 0 
63008000-6301e000 r-xp 00000000 08:01 1693426    /usr/lib/jvm/java-8-openjdk-i386/jre/lib/i386/libnet.so
6301e000-6301f000 r--p 00015000 08:01 1693426    /usr/lib/jvm/java-8-openjdk-i386/jre/lib/i386/libnet.so
6301f000-63020000 rw-p 00016000 08:01 1693426    /usr/lib/jvm/java-8-openjdk-i386/jre/lib/i386/libnet.so
63020000-63025000 r--s 0009d000 08:01 1692599    /usr/lib/jvm/java-8-openjdk-i386/jre/lib/jsse.jar
63025000-63032000 r--s 0008d000 08:01 1149531    /usr/share/java/maven3-core-3.3.9.jar
63032000-63033000 r--s 00001000 08:01 1149511    /usr/share/java/wagon-file-2.x.jar
63033000-63036000 r--s 00007000 08:01 1149537    /usr/share/java/maven3-settings-builder-3.3.9.jar
63036000-63038000 r--s 0000d000 08:01 1149536    /usr/share/java/maven3-aether-provider-3.3.9.jar
63038000-6303f000 r--s 0002c000 08:01 1149509    /usr/share/java/sisu-plexus.jar
6303f000-63043000 r--s 00027000 08:01 1145546    /usr/share/java/commons-io-2.4.jar
63043000-6304b000 r--s 00054000 08:01 1149507    /usr/share/java/sisu-inject.jar
6304b000-63052000 r--s 0005d000 08:01 1149254    /usr/share/java/commons-lang3.jar
63052000-63054000 r--s 0000e000 08:01 1149271    /usr/share/java/plexus-interpolation.jar
63054000-63056000 r--s 00006000 08:01 1149372    /usr/share/java/eclipse-aether-spi.jar
63056000-6305a000 r--s 00027000 08:01 1149367    /usr/share/java/eclipse-aether-impl.jar
6305a000-6305b000 ---p 00000000 00:00 0 
6305b000-630db000 rw-p 00000000 00:00 0 
630db000-630de000 ---p 00000000 00:00 0 
630de000-6312c000 rw-p 00000000 00:00 0 
6312c000-6312f000 ---p 00000000 00:00 0 
6312f000-631ad000 rw-p 00000000 00:00 0 
631ad000-631b0000 ---p 00000000 00:00 0 
631b0000-6322e000 rw-p 00000000 00:00 0 
6322e000-63231000 ---p 00000000 00:00 0 
63231000-632af000 rw-p 00000000 00:00 0 
632af000-632b2000 ---p 00000000 00:00 0 
632b2000-63300000 rw-p 00000000 00:00 0 
63300000-63500000 r--p 00000000 08:01 1110568    /usr/lib/locale/locale-archive
63500000-635f2000 rw-p 00000000 00:00 0 
635f2000-63600000 ---p 00000000 00:00 0 
63600000-63621000 rw-p 00000000 00:00 0 
63621000-63700000 ---p 00000000 00:00 0 
63700000-637fd000 rw-p 00000000 00:00 0 
637fd000-63800000 ---p 00000000 00:00 0 
63800000-63801000 r--s 00004000 08:01 1145398    /usr/share/java/atinject-jsr330-tck-1.0.jar
63801000-63802000 r--s 00008000 08:01 1149370    /usr/share/java/eclipse-aether-connector-basic.jar
63802000-63804000 r--s 00005000 08:01 1149373    /usr/share/java/eclipse-aether-transport-wagon.jar
63804000-63806000 r--s 00001000 08:01 1149403    /usr/share/java/aopalliance-1.0.jar
63806000-63808000 r--s 00001000 08:01 1149538    /usr/share/java/maven3-builder-support-3.3.9.jar
63808000-6380d000 r--s 0001d000 08:01 1149374    /usr/share/java/eclipse-aether-api.jar
6380d000-6380f000 r--s 00002000 08:01 1149449    /usr/share/java/plexus-cipher.jar
6380f000-63810000 r--s 00002000 08:01 1149066    /usr/share/java/slf4j-simple.jar
63810000-63812000 r--s 00013000 08:01 1149534    /usr/share/java/maven3-embedder-3.3.9.jar
63812000-63814000 r--s 00027000 08:01 1149535    /usr/share/java/maven3-model-3.3.9.jar
63814000-63817000 ---p 00000000 00:00 0 
63817000-63865000 rw-p 00000000 00:00 0 
63865000-63866000 ---p 00000000 00:00 0 
63866000-638e6000 rw-p 00000000 00:00 0 
638e6000-63ab4000 r--s 03c2c000 08:01 1692598    /usr/lib/jvm/java-8-openjdk-i386/jre/lib/rt.jar
63ab4000-63efa000 rw-p 00000000 00:00 0 
63efa000-63f00000 ---p 00000000 00:00 0 
63f00000-66300000 rw-p 00000000 00:00 0 
66300000-66400000 rw-p 00000000 00:00 0 
66400000-66402000 r--s 0000a000 08:01 1147016    /usr/share/java/commons-cli-1.3.1.jar
66402000-6642e000 r--s 00208000 08:01 1148516    /usr/share/java/guava.jar
6642e000-66431000 ---p 00000000 00:00 0 
66431000-6647f000 rw-p 00000000 00:00 0 
6647f000-66480000 ---p 00000000 00:00 0 
66480000-66500000 rw-p 00000000 00:00 0 
66500000-665fb000 rw-p 00000000 00:00 0 
665fb000-66600000 ---p 00000000 00:00 0 
66600000-66631000 r--s 00207000 08:01 1149515    /usr/share/java/wagon-http-shaded-2.x.jar
66631000-6667f000 rw-p 00000000 00:00 0 
6667f000-66680000 ---p 00000000 00:00 0 
66680000-66700000 rw-p 00000000 00:00 0 
66700000-66721000 rw-p 00000000 00:00 0 
66721000-66800000 ---p 00000000 00:00 0 
66800000-66802000 r--s 0000a000 08:01 1149512    /usr/share/java/wagon-provider-api-2.x.jar
66802000-66805000 r--s 0000a000 08:01 1149539    /usr/share/java/maven3-artifact-3.3.9.jar
66805000-66809000 r--s 00020000 08:01 1149392    /usr/share/java/eclipse-aether-util.jar
66809000-6680a000 r--s 00006000 08:01 1149532    /usr/share/java/maven3-repository-metadata-3.3.9.jar
6680a000-6680c000 r--s 00007000 08:01 1149069    /usr/share/java/slf4j-api.jar
6680c000-66810000 r--s 00038000 08:01 1149495    /usr/share/java/plexus-utils2.jar
66810000-66816000 r--s 00048000 08:01 1149288    /usr/share/java/jsoup.jar
66816000-66824000 r--s 00095000 08:01 1149408    /usr/share/java/guice.jar
66824000-6687f000 rw-p 00000000 00:00 0 
6687f000-66880000 ---p 00000000 00:00 0 
66880000-66900000 rw-p 00000000 00:00 0 
66900000-66921000 rw-p 00000000 00:00 0 
66921000-66a00000 ---p 00000000 00:00 0 
66a00000-66a01000 r--s 0000a000 08:01 1149528    /usr/share/java/maven3-settings-3.3.9.jar
66a01000-66a02000 r--s 00001000 08:01 1149518    /usr/share/java/wagon-http-shared-2.x.jar
66a02000-66a03000 r--s 00006000 08:01 1149451    /usr/share/java/plexus-sec-dispatcher.jar
66a03000-66a08000 r--s 00025000 08:01 1149533    /usr/share/java/maven3-model-builder-3.3.9.jar
66a08000-66a0d000 r--s 00040000 08:01 1145678    /usr/share/java/commons-lang-2.6.jar
66a0d000-66a28000 r--s 00394000 08:01 1692580    /usr/lib/jvm/java-8-openjdk-i386/jre/lib/ext/cldrdata.jar
66a28000-66a29000 ---p 00000000 00:00 0 
66a29000-66abf000 rw-p 00000000 00:00 0 
66abf000-66bff000 ---p 00000000 00:00 0 
66bff000-66c15000 rw-p 00000000 00:00 0 
66c15000-66d54000 ---p 00000000 00:00 0 
66d54000-66d7b000 rw-p 00000000 00:00 0 
66d7b000-66dff000 ---p 00000000 00:00 0 
66dff000-698c0000 rw-p 00000000 00:00 0 
698c0000-918c0000 ---p 00000000 00:00 0 
918c0000-965c0000 rw-p 00000000 00:00 0 
965c0000-a6e00000 ---p 00000000 00:00 0 
a6e00000-a6e02000 r--s 0000a000 08:01 1149529    /usr/share/java/maven3-plugin-api-3.3.9.jar
a6e02000-a6e04000 r--s 00000000 08:01 1149499    /usr/share/java/plexus-component-annotations-1.5.jar
a6e04000-a6e06000 r--s 00012000 08:01 1144777    /usr/share/java/el-api-3.0.jar
a6e06000-a6e0d000 r--s 00041000 08:01 1149530    /usr/share/java/maven3-compat-3.3.9.jar
a6e0d000-a6e28000 r--s 001d6000 08:01 1692582    /usr/lib/jvm/java-8-openjdk-i386/jre/lib/ext/nashorn.jar
a6e28000-a6e5e000 rw-p 00000000 00:00 0 
a6e5e000-a7200000 ---p 00000000 00:00 0 
a7200000-a7968000 rwxp 00000000 00:00 0 
a7970000-b6200000 ---p 00000000 00:00 0 
b6200000-b62fc000 rw-p 00000000 00:00 0 
b62fc000-b6300000 ---p 00000000 00:00 0 
b6300000-b6301000 r--s 00000000 08:01 1149240    /usr/share/java/geronimo-interceptor-3.0-spec-1.0.1.jar
b6301000-b6304000 r--s 00008000 08:01 1149246    /usr/share/java/cdi-api-1.0.jar
b6304000-b6306000 r--s 0000a000 08:01 1149493    /usr/share/java/plexus-classworlds2-2.5.2.jar
b6306000-b6308000 r--s 00008000 08:01 1692578    /usr/lib/jvm/java-8-openjdk-i386/jre/lib/ext/sunec.jar
b6308000-b630d000 r--s 0003b000 08:01 1692576    /usr/lib/jvm/java-8-openjdk-i386/jre/lib/ext/sunjce_provider.jar
b630d000-b6317000 r--s 00116000 08:01 1692574    /usr/lib/jvm/java-8-openjdk-i386/jre/lib/ext/localedata.jar
b6317000-b6322000 r-xp 00000000 08:01 3402889    /lib/i386-linux-gnu/libnss_files-2.23.so
b6322000-b6323000 r--p 0000a000 08:01 3402889    /lib/i386-linux-gnu/libnss_files-2.23.so
b6323000-b6324000 rw-p 0000b000 08:01 3402889    /lib/i386-linux-gnu/libnss_files-2.23.so
b6324000-b632a000 rw-p 00000000 00:00 0 
b632a000-b6335000 r-xp 00000000 08:01 3402895    /lib/i386-linux-gnu/libnss_nis-2.23.so
b6335000-b6336000 r--p 0000a000 08:01 3402895    /lib/i386-linux-gnu/libnss_nis-2.23.so
b6336000-b6337000 rw-p 0000b000 08:01 3402895    /lib/i386-linux-gnu/libnss_nis-2.23.so
b6337000-b634e000 r-xp 00000000 08:01 3402652    /lib/i386-linux-gnu/libnsl-2.23.so
b634e000-b634f000 r--p 00016000 08:01 3402652    /lib/i386-linux-gnu/libnsl-2.23.so
b634f000-b6350000 rw-p 00017000 08:01 3402652    /lib/i386-linux-gnu/libnsl-2.23.so
b6350000-b6352000 rw-p 00000000 00:00 0 
b6352000-b635a000 r-xp 00000000 08:01 3402720    /lib/i386-linux-gnu/libnss_compat-2.23.so
b635a000-b635b000 r--p 00007000 08:01 3402720    /lib/i386-linux-gnu/libnss_compat-2.23.so
b635b000-b635c000 rw-p 00008000 08:01 3402720    /lib/i386-linux-gnu/libnss_compat-2.23.so
b635c000-b635d000 r--s 00000000 08:01 1145399    /usr/share/java/atinject-jsr330-api-1.0.jar
b635d000-b635f000 r--s 00001000 08:01 1692579    /usr/lib/jvm/java-8-openjdk-i386/jre/lib/ext/dnsns.jar
b635f000-b6362000 r--s 0000f000 08:01 1692575    /usr/lib/jvm/java-8-openjdk-i386/jre/lib/ext/icedtea-sound.jar
b6362000-b636a000 r-xp 00000000 08:01 1693413    /usr/lib/jvm/java-8-openjdk-i386/jre/lib/i386/libzip.so
b636a000-b636b000 r--p 00007000 08:01 1693413    /usr/lib/jvm/java-8-openjdk-i386/jre/lib/i386/libzip.so
b636b000-b636c000 rw-p 00008000 08:01 1693413    /usr/lib/jvm/java-8-openjdk-i386/jre/lib/i386/libzip.so
b636c000-b6374000 rw-s 00000000 08:01 2576866    /tmp/hsperfdata_sarnobat/30659
b6374000-b639c000 r-xp 00000000 08:01 1693416    /usr/lib/jvm/java-8-openjdk-i386/jre/lib/i386/libjava.so
b639c000-b639d000 r--p 00027000 08:01 1693416    /usr/lib/jvm/java-8-openjdk-i386/jre/lib/i386/libjava.so
b639d000-b639e000 rw-p 00028000 08:01 1693416    /usr/lib/jvm/java-8-openjdk-i386/jre/lib/i386/libjava.so
b639e000-b63a5000 r-xp 00000000 08:01 3402905    /lib/i386-linux-gnu/librt-2.23.so
b63a5000-b63a6000 r--p 00006000 08:01 3402905    /lib/i386-linux-gnu/librt-2.23.so
b63a6000-b63a7000 rw-p 00007000 08:01 3402905    /lib/i386-linux-gnu/librt-2.23.so
b63a7000-b63aa000 ---p 00000000 00:00 0 
b63aa000-b63f8000 rw-p 00000000 00:00 0 
b63f8000-b6414000 r-xp 00000000 08:01 3402590    /lib/i386-linux-gnu/libgcc_s.so.1
b6414000-b6415000 rw-p 0001b000 08:01 3402590    /lib/i386-linux-gnu/libgcc_s.so.1
b6415000-b6468000 r-xp 00000000 08:01 3402651    /lib/i386-linux-gnu/libm-2.23.so
b6468000-b6469000 r--p 00052000 08:01 3402651    /lib/i386-linux-gnu/libm-2.23.so
b6469000-b646a000 rw-p 00053000 08:01 3402651    /lib/i386-linux-gnu/libm-2.23.so
b646a000-b65d7000 r-xp 00000000 08:01 1104849    /usr/lib/i386-linux-gnu/libstdc++.so.6.0.21
b65d7000-b65d8000 ---p 0016d000 08:01 1104849    /usr/lib/i386-linux-gnu/libstdc++.so.6.0.21
b65d8000-b65dd000 r--p 0016d000 08:01 1104849    /usr/lib/i386-linux-gnu/libstdc++.so.6.0.21
b65dd000-b65de000 rw-p 00172000 08:01 1104849    /usr/lib/i386-linux-gnu/libstdc++.so.6.0.21
b65de000-b65e1000 rw-p 00000000 00:00 0 
b65e1000-b70b7000 r-xp 00000000 08:01 1693411    /usr/lib/jvm/java-8-openjdk-i386/jre/lib/i386/server/libjvm.so
b70b7000-b70fd000 r--p 00ad5000 08:01 1693411    /usr/lib/jvm/java-8-openjdk-i386/jre/lib/i386/server/libjvm.so
b70fd000-b7114000 rw-p 00b1b000 08:01 1693411    /usr/lib/jvm/java-8-openjdk-i386/jre/lib/i386/server/libjvm.so
b7114000-b7534000 rw-p 00000000 00:00 0 
b7534000-b754d000 r-xp 00000000 08:01 3402662    /lib/i386-linux-gnu/libpthread-2.23.so
b754d000-b754e000 r--p 00018000 08:01 3402662    /lib/i386-linux-gnu/libpthread-2.23.so
b754e000-b754f000 rw-p 00019000 08:01 3402662    /lib/i386-linux-gnu/libpthread-2.23.so
b754f000-b7551000 rw-p 00000000 00:00 0 
b7551000-b7554000 r-xp 00000000 08:01 3402697    /lib/i386-linux-gnu/libdl-2.23.so
b7554000-b7555000 r--p 00002000 08:01 3402697    /lib/i386-linux-gnu/libdl-2.23.so
b7555000-b7556000 rw-p 00003000 08:01 3402697    /lib/i386-linux-gnu/libdl-2.23.so
b7556000-b7557000 rw-p 00000000 00:00 0 
b7557000-b7570000 r-xp 00000000 08:01 3402741    /lib/i386-linux-gnu/libz.so.1.2.8
b7570000-b7571000 r--p 00018000 08:01 3402741    /lib/i386-linux-gnu/libz.so.1.2.8
b7571000-b7572000 rw-p 00019000 08:01 3402741    /lib/i386-linux-gnu/libz.so.1.2.8
b7572000-b7722000 r-xp 00000000 08:01 3402663    /lib/i386-linux-gnu/libc-2.23.so
b7722000-b7724000 r--p 001af000 08:01 3402663    /lib/i386-linux-gnu/libc-2.23.so
b7724000-b7725000 rw-p 001b1000 08:01 3402663    /lib/i386-linux-gnu/libc-2.23.so
b7725000-b7728000 rw-p 00000000 00:00 0 
b7728000-b7729000 r--s 00010000 08:01 1692581    /usr/lib/jvm/java-8-openjdk-i386/jre/lib/ext/zipfs.jar
b7729000-b772a000 r--s 0000a000 08:01 1692577    /usr/lib/jvm/java-8-openjdk-i386/jre/lib/ext/jaccess.jar
b772a000-b772d000 r--s 00038000 08:01 1692573    /usr/lib/jvm/java-8-openjdk-i386/jre/lib/ext/sunpkcs11.jar
b772d000-b772e000 r--p 002d4000 08:01 1110568    /usr/lib/locale/locale-archive
b772e000-b772f000 rw-p 00000000 00:00 0 
b772f000-b7730000 r--p 00000000 00:00 0 
b7730000-b773e000 r-xp 00000000 08:01 1693425    /usr/lib/jvm/java-8-openjdk-i386/jre/lib/i386/libverify.so
b773e000-b773f000 r--p 0000d000 08:01 1693425    /usr/lib/jvm/java-8-openjdk-i386/jre/lib/i386/libverify.so
b773f000-b7740000 rw-p 0000e000 08:01 1693425    /usr/lib/jvm/java-8-openjdk-i386/jre/lib/i386/libverify.so
b7740000-b774d000 r-xp 00000000 08:01 1693421    /usr/lib/jvm/java-8-openjdk-i386/jre/lib/i386/jli/libjli.so
b774d000-b774e000 r--p 0000c000 08:01 1693421    /usr/lib/jvm/java-8-openjdk-i386/jre/lib/i386/jli/libjli.so
b774e000-b774f000 rw-p 0000d000 08:01 1693421    /usr/lib/jvm/java-8-openjdk-i386/jre/lib/i386/jli/libjli.so
b774f000-b7750000 rw-p 00000000 00:00 0 
b7750000-b7753000 r--p 00000000 00:00 0          [vvar]
b7753000-b7754000 r-xp 00000000 00:00 0          [vdso]
b7754000-b7777000 r-xp 00000000 08:01 3402661    /lib/i386-linux-gnu/ld-2.23.so
b7777000-b7778000 r--p 00022000 08:01 3402661    /lib/i386-linux-gnu/ld-2.23.so
b7778000-b7779000 rw-p 00023000 08:01 3402661    /lib/i386-linux-gnu/ld-2.23.so
bfad9000-bfafa000 rw-p 00000000 00:00 0          [stack]

VM Arguments:
jvm_args: -Dclassworlds.conf=/usr/share/maven/bin/m2.conf -Dmaven.home=/usr/share/maven -Dmaven.multiModuleProjectDirectory=/home/sarnobat/github/maven_project 
java_command: org.codehaus.plexus.classworlds.launcher.Launcher --quiet --settings /home/sarnobat/sarnobat.git/mac/.m2/settings.xml install exec:java -Dexec.mainClass=Md5RoCopyFile -Dexec.args=4486 ~/sarnobat.git/db/md5ro/md5_files.txt
java_class_path (initial): /usr/share/maven/boot/plexus-classworlds-2.x.jar
Launcher Type: SUN_STANDARD

Environment Variables:
JAVA_HOME=/usr/lib/jvm/java-8-openjdk-i386
PATH=/usr/bin:/bin
SHELL=/bin/sh

Signal Handlers:
SIGSEGV: [libjvm.so+0x8db350], sa_mask[0]=11111111011111111101111111111110, sa_flags=SA_RESTART|SA_SIGINFO
SIGBUS: [libjvm.so+0x8db350], sa_mask[0]=11111111011111111101111111111110, sa_flags=SA_RESTART|SA_SIGINFO
SIGFPE: [libjvm.so+0x73fd00], sa_mask[0]=11111111011111111101111111111110, sa_flags=SA_RESTART|SA_SIGINFO
SIGPIPE: [libjvm.so+0x73fd00], sa_mask[0]=11111111011111111101111111111110, sa_flags=SA_RESTART|SA_SIGINFO
SIGXFSZ: [libjvm.so+0x73fd00], sa_mask[0]=11111111011111111101111111111110, sa_flags=SA_RESTART|SA_SIGINFO
SIGILL: [libjvm.so+0x73fd00], sa_mask[0]=11111111011111111101111111111110, sa_flags=SA_RESTART|SA_SIGINFO
SIGUSR1: SIG_DFL, sa_mask[0]=00000000000000000000000000000000, sa_flags=none
SIGUSR2: [libjvm.so+0x73fb40], sa_mask[0]=00000000000000000000000000000000, sa_flags=SA_RESTART|SA_SIGINFO
SIGHUP: [libjvm.so+0x7402d0], sa_mask[0]=11111111011111111101111111111110, sa_flags=SA_RESTART|SA_SIGINFO
SIGINT: [libjvm.so+0x7402d0], sa_mask[0]=11111111011111111101111111111110, sa_flags=SA_RESTART|SA_SIGINFO
SIGTERM: [libjvm.so+0x7402d0], sa_mask[0]=11111111011111111101111111111110, sa_flags=SA_RESTART|SA_SIGINFO
SIGQUIT: [libjvm.so+0x7402d0], sa_mask[0]=11111111011111111101111111111110, sa_flags=SA_RESTART|SA_SIGINFO


---------------  S Y S T E M  ---------------

OS:DISTRIB_ID=Ubuntu
DISTRIB_RELEASE=16.04
DISTRIB_CODENAME=xenial
DISTRIB_DESCRIPTION="Ubuntu 16.04.1 LTS"

uname:Linux 4.4.0-116-generic #140-Ubuntu SMP Mon Feb 12 21:22:43 UTC 2018 i686
libc:glibc 2.23 NPTL 2.23 
rlimit: STACK 8192k, CORE 0k, NPROC 63055, NOFILE 1048576, AS infinity
load average:4.47 3.32 2.98

/proc/meminfo:
MemTotal:        8107396 kB
MemFree:          390172 kB
MemAvailable:          0 kB
Buffers:           10028 kB
Cached:           129724 kB
SwapCached:        29256 kB
Active:          6262672 kB
Inactive:        1234260 kB
Active(anon):    6239852 kB
Inactive(anon):  1220720 kB
Active(file):      22820 kB
Inactive(file):    13540 kB
Unevictable:           0 kB
Mlocked:               0 kB
HighTotal:       7292552 kB
HighFree:          82172 kB
LowTotal:         814844 kB
LowFree:          308000 kB
SwapTotal:       4007932 kB
SwapFree:              8 kB
Dirty:              1264 kB
Writeback:             0 kB
AnonPages:       7328344 kB
Mapped:            24116 kB
Shmem:            102992 kB
Slab:              84512 kB
SReclaimable:      34036 kB
SUnreclaim:        50476 kB
KernelStack:       24232 kB
PageTables:        53236 kB
NFS_Unstable:          0 kB
Bounce:                0 kB
WritebackTmp:          0 kB
CommitLimit:     8061628 kB
Committed_AS:   32153508 kB
VmallocTotal:     122880 kB
VmallocUsed:           0 kB
VmallocChunk:          0 kB
AnonHugePages:   4726784 kB
CmaTotal:              0 kB
CmaFree:               0 kB
HugePages_Total:       0
HugePages_Free:        0
HugePages_Rsvd:        0
HugePages_Surp:        0
Hugepagesize:       2048 kB
DirectMap4k:       55288 kB
DirectMap2M:      856064 kB


CPU:total 4 (initial active 4) (2 cores per cpu, 2 threads per core) family 6 model 58 stepping 9, cmov, cx8, fxsr, mmx, sse, sse2, sse3, ssse3, sse4.1, sse4.2, popcnt, avx, aes, clmul, erms, ht, tsc, tscinvbit, tscinv

/proc/cpuinfo:
processor	: 0
vendor_id	: GenuineIntel
cpu family	: 6
model		: 58
model name	: Intel(R) Core(TM) i5-3427U CPU @ 1.80GHz
stepping	: 9
microcode	: 0x17
cpu MHz		: 1099.957
cache size	: 3072 KB
physical id	: 0
siblings	: 4
core id		: 0
cpu cores	: 2
apicid		: 0
initial apicid	: 0
fdiv_bug	: no
f00f_bug	: no
coma_bug	: no
fpu		: yes
fpu_exception	: yes
cpuid level	: 13
wp		: yes
flags		: fpu vme de pse tsc msr pae mce cx8 apic sep mtrr pge mca cmov pat pse36 clflush dts acpi mmx fxsr sse sse2 ss ht tm pbe nx rdtscp lm constant_tsc arch_perfmon pebs bts xtopology nonstop_tsc aperfmperf eagerfpu pni pclmulqdq dtes64 monitor ds_cpl vmx smx est tm2 ssse3 cx16 xtpr pdcm sse4_1 sse4_2 x2apic popcnt tsc_deadline_timer aes xsave avx f16c rdrand lahf_lm epb retpoline tpr_shadow vnmi flexpriority ept vpid fsgsbase smep erms xsaveopt dtherm ida arat pln pts
bugs		: cpu_meltdown spectre_v1 spectre_v2
bogomips	: 4589.71
clflush size	: 64
cache_alignment	: 64
address sizes	: 36 bits physical, 48 bits virtual
power management:

processor	: 1
vendor_id	: GenuineIntel
cpu family	: 6
model		: 58
model name	: Intel(R) Core(TM) i5-3427U CPU @ 1.80GHz
stepping	: 9
microcode	: 0x17
cpu MHz		: 1099.957
cache size	: 3072 KB
physical id	: 0
siblings	: 4
core id		: 1
cpu cores	: 2
apicid		: 2
initial apicid	: 2
fdiv_bug	: no
f00f_bug	: no
coma_bug	: no
fpu		: yes
fpu_exception	: yes
cpuid level	: 13
wp		: yes
flags		: fpu vme de pse tsc msr pae mce cx8 apic sep mtrr pge mca cmov pat pse36 clflush dts acpi mmx fxsr sse sse2 ss ht tm pbe nx rdtscp lm constant_tsc arch_perfmon pebs bts xtopology nonstop_tsc aperfmperf eagerfpu pni pclmulqdq dtes64 monitor ds_cpl vmx smx est tm2 ssse3 cx16 xtpr pdcm sse4_1 sse4_2 x2apic popcnt tsc_deadline_timer aes xsave avx f16c rdrand lahf_lm epb retpoline tpr_shadow vnmi flexpriority ept vpid fsgsbase smep erms xsaveopt dtherm ida arat pln pts
bugs		: cpu_meltdown spectre_v1 spectre_v2
bogomips	: 4589.71
clflush size	: 64
cache_alignment	: 64
address sizes	: 36 bits physical, 48 bits virtual
power management:

processor	: 2
vendor_id	: GenuineIntel
cpu family	: 6
model		: 58
model name	: Intel(R) Core(TM) i5-3427U CPU @ 1.80GHz
stepping	: 9
microcode	: 0x17
cpu MHz		: 1099.957
cache size	: 3072 KB
physical id	: 0
siblings	: 4
core id		: 0
cpu cores	: 2
apicid		: 1
initial apicid	: 1
fdiv_bug	: no
f00f_bug	: no
coma_bug	: no
fpu		: yes
fpu_exception	: yes
cpuid level	: 13
wp		: yes
flags		: fpu vme de pse tsc msr pae mce cx8 apic sep mtrr pge mca cmov pat pse36 clflush dts acpi mmx fxsr sse sse2 ss ht tm pbe nx rdtscp lm constant_tsc arch_perfmon pebs bts xtopology nonstop_tsc aperfmperf eagerfpu pni pclmulqdq dtes64 monitor ds_cpl vmx smx est tm2 ssse3 cx16 xtpr pdcm sse4_1 sse4_2 x2apic popcnt tsc_deadline_timer aes xsave avx f16c rdrand lahf_lm epb retpoline tpr_shadow vnmi flexpriority ept vpid fsgsbase smep erms xsaveopt dtherm ida arat pln pts
bugs		: cpu_meltdown spectre_v1 spectre_v2
bogomips	: 4589.71
clflush size	: 64
cache_alignment	: 64
address sizes	: 36 bits physical, 48 bits virtual
power management:

processor	: 3
vendor_id	: GenuineIntel
cpu family	: 6
model		: 58
model name	: Intel(R) Core(TM) i5-3427U CPU @ 1.80GHz
stepping	: 9
microcode	: 0x17
cpu MHz		: 1099.957
cache size	: 3072 KB
physical id	: 0
siblings	: 4
core id		: 1
cpu cores	: 2
apicid		: 3
initial apicid	: 3
fdiv_bug	: no
f00f_bug	: no
coma_bug	: no
fpu		: yes
fpu_exception	: yes
cpuid level	: 13
wp		: yes
flags		: fpu vme de pse tsc msr pae mce cx8 apic sep mtrr pge mca cmov pat pse36 clflush dts acpi mmx fxsr sse sse2 ss ht tm pbe nx rdtscp lm constant_tsc arch_perfmon pebs bts xtopology nonstop_tsc aperfmperf eagerfpu pni pclmulqdq dtes64 monitor ds_cpl vmx smx est tm2 ssse3 cx16 xtpr pdcm sse4_1 sse4_2 x2apic popcnt tsc_deadline_timer aes xsave avx f16c rdrand lahf_lm epb retpoline tpr_shadow vnmi flexpriority ept vpid fsgsbase smep erms xsaveopt dtherm ida arat pln pts
bugs		: cpu_meltdown spectre_v1 spectre_v2
bogomips	: 4589.71
clflush size	: 64
cache_alignment	: 64
address sizes	: 36 bits physical, 48 bits virtual
power management:



Memory: 4k page, physical 8107396k(390048k free), swap 4007932k(8k free)

vm_info: OpenJDK Server VM (25.162-b12) for linux-x86 JRE (1.8.0_162-8u162-b12-0ubuntu0.16.04.2-b12), built on Mar 14 2018 12:07:04 by "buildd" with gcc 5.4.0 20160609

time: Thu Apr 12 21:10:13 2018
elapsed time: 11 seconds (0d 0h 0m 11s)

