#
# There is insufficient memory for the Java Runtime Environment to continue.
# Native memory allocation (mmap) failed to map 70254592 bytes for committing reserved memory.
# Possible reasons:
#   The system is out of physical RAM or swap space
#   In 32 bit mode, the process size limit was hit
# Possible solutions:
#   Reduce memory load on the system
#   Increase physical memory or swap space
#   Check if swap backing store is full
#   Use 64 bit Java on a 64 bit OS
#   Decrease Java heap size (-Xmx/-Xms)
#   Decrease number of Java threads
#   Decrease Java thread stack sizes (-Xss)
#   Set larger code cache with -XX:ReservedCodeCacheSize=
# This output file may be truncated or incomplete.
#
#  Out of Memory Error (os_linux.cpp:2643), pid=24171, tid=0x639e5b40
#
# JRE version: OpenJDK Runtime Environment (8.0_162-b12) (build 1.8.0_162-8u162-b12-0ubuntu0.16.04.2-b12)
# Java VM: OpenJDK Server VM (25.162-b12 mixed mode linux-x86 )
# Failed to write core dump. Core dumps have been disabled. To enable core dumping, try "ulimit -c unlimited" before starting Java again
#

---------------  T H R E A D  ---------------

Current thread (0x63880c00):  VMThread [stack: 0x63965000,0x639e6000] [id=24461]

Stack: [0x63965000,0x639e6000],  sp=0x639e4b40,  free space=510k
Native frames: (J=compiled Java code, j=interpreted, Vv=VM code, C=native code)
V  [libjvm.so+0x8da814]
V  [libjvm.so+0x3a9046]
V  [libjvm.so+0x744ce0]
V  [libjvm.so+0x73eb53]
V  [libjvm.so+0x7b0e1c]
V  [libjvm.so+0x7b1e5b]
V  [libjvm.so+0x7ae917]
V  [libjvm.so+0x7af163]
V  [libjvm.so+0x767f15]
V  [libjvm.so+0x8dc3d9]
V  [libjvm.so+0x8e1536]
V  [libjvm.so+0x8df620]
V  [libjvm.so+0x8dfd75]
V  [libjvm.so+0x8e037b]
V  [libjvm.so+0x741e15]
C  [libpthread.so.0+0x6295]  start_thread+0xe5

VM_Operation (0xb6468554): ParallelGCFailedAllocation, mode: safepoint, requested by thread 0xb6308400


---------------  P R O C E S S  ---------------

Java Threads: ( => current thread )
  0x638a9c00 JavaThread "Service Thread" daemon [_thread_blocked, id=24543, stack(0x6318a000,0x631db000)]
  0x638a6c00 JavaThread "C1 CompilerThread2" daemon [_thread_blocked, id=24542, stack(0x631db000,0x6325c000)]
  0x638a5800 JavaThread "C2 CompilerThread1" daemon [_thread_in_native, id=24540, stack(0x6325c000,0x632dd000)]
  0x638a3800 JavaThread "C2 CompilerThread0" daemon [_thread_blocked, id=24539, stack(0x632dd000,0x6335e000)]
  0x638a2000 JavaThread "Signal Dispatcher" daemon [_thread_blocked, id=24533, stack(0x6335e000,0x633af000)]
  0x63888000 JavaThread "Finalizer" daemon [_thread_blocked, id=24469, stack(0x635af000,0x63600000)]
  0x63885400 JavaThread "Reference Handler" daemon [_thread_blocked, id=24465, stack(0x63914000,0x63965000)]
  0xb6308400 JavaThread "main" [_thread_blocked, id=24442, stack(0xb641a000,0xb646b000)]

Other Threads:
=>0x63880c00 VMThread [stack: 0x63965000,0x639e6000] [id=24461]
  0x638ab800 WatcherThread [stack: 0x63109000,0x6318a000] [id=24544]

VM state:at safepoint (normal execution)

VM Mutex/Monitor currently owned by a thread:  ([mutex/lock_event])
[0xb63059f8] Threads_lock - owner thread: 0x63880c00
[0xb6305e08] Heap_lock - owner thread: 0xb6308400

Heap:
 PSYoungGen      total 72192K, used 6138K [0x918c0000, 0x965c0000, 0xa6e00000)
  eden space 66048K, 0% used [0x918c0000,0x918c0000,0x95940000)
  from space 6144K, 99% used [0x95940000,0x95f3e830,0x95f40000)
  to   space 5632K, 0% used [0x95f40000,0x95f40000,0x964c0000)
 ParOldGen       total 43776K, used 7940K [0x66e00000, 0x698c0000, 0x918c0000)
  object space 43776K, 18% used [0x66e00000,0x675c1018,0x698c0000)
 Metaspace       used 11098K, capacity 11197K, committed 11288K, reserved 11568K

Card table byte_map: [0x66bff000,0x66e00000] byte_map_base: 0x668c8000

Marking Bits: (ParMarkBitMap*) 0xb71958a0
 Begin Bits: [0x64400000, 0x65400000)
 End Bits:   [0x65400000, 0x66400000)

Polling page: 0xb77a2000

CodeCache: size=245760Kb used=8445Kb max_used=8445Kb free=237314Kb
 bounds [0xa7283000, 0xa7acb000, 0xb6283000]
 total_blobs=3159 nmethods=2977 adapters=95
 compilation: enabled

Compilation events (10 events):
Event: 17.206 Thread 0x638a6c00 2995       3       org.apache.maven.model.merge.ModelMerger::mergeDeploymentRepository (19 bytes)
Event: 17.207 Thread 0x638a6c00 nmethod 2995 0xa7ac0008 code [0xa7ac01a0, 0xa7ac099c]
Event: 17.207 Thread 0x638a6c00 2996       3       org.apache.maven.model.merge.ModelMerger::mergeRepository (28 bytes)
Event: 17.207 Thread 0x638a6c00 nmethod 2996 0xa7abfa88 code [0xa7abfbc0, 0xa7abfea4]
Event: 17.207 Thread 0x638a6c00 2997       3       org.apache.maven.model.merge.ModelMerger::mergeRepositoryBase (37 bytes)
Event: 17.207 Thread 0x638a6c00 nmethod 2997 0xa7ac3c88 code [0xa7ac3dc0, 0xa7ac4150]
Event: 17.207 Thread 0x638a6c00 2998       3       org.apache.maven.model.merge.ModelMerger::mergeRepositoryBase_Id (41 bytes)
Event: 17.208 Thread 0x638a6c00 nmethod 2998 0xa7ac4288 code [0xa7ac4420, 0xa7ac4d18]
Event: 17.208 Thread 0x638a6c00 2999       3       org.apache.maven.model.merge.ModelMerger::mergeRepositoryBase_Name (41 bytes)
Event: 17.209 Thread 0x638a6c00 nmethod 2999 0xa7ac51c8 code [0xa7ac5360, 0xa7ac5c58]

GC Heap History (10 events):
Event: 7.784 GC heap after
Heap after GC invocations=2 (full 0):
 PSYoungGen      total 19200K, used 2559K [0x918c0000, 0x92e00000, 0xa6e00000)
  eden space 16640K, 0% used [0x918c0000,0x918c0000,0x92900000)
  from space 2560K, 99% used [0x92b80000,0x92dffd50,0x92e00000)
  to   space 2560K, 0% used [0x92900000,0x92900000,0x92b80000)
 ParOldGen       total 43776K, used 856K [0x66e00000, 0x698c0000, 0x918c0000)
  object space 43776K, 1% used [0x66e00000,0x66ed6008,0x698c0000)
 Metaspace       used 5295K, capacity 5354K, committed 5400K, reserved 5424K
}
Event: 9.011 GC heap before
{Heap before GC invocations=3 (full 0):
 PSYoungGen      total 19200K, used 19199K [0x918c0000, 0x92e00000, 0xa6e00000)
  eden space 16640K, 100% used [0x918c0000,0x92900000,0x92900000)
  from space 2560K, 99% used [0x92b80000,0x92dffd50,0x92e00000)
  to   space 2560K, 0% used [0x92900000,0x92900000,0x92b80000)
 ParOldGen       total 43776K, used 856K [0x66e00000, 0x698c0000, 0x918c0000)
  object space 43776K, 1% used [0x66e00000,0x66ed6008,0x698c0000)
 Metaspace       used 6653K, capacity 6711K, committed 6808K, reserved 7472K
Event: 9.029 GC heap after
Heap after GC invocations=3 (full 0):
 PSYoungGen      total 19200K, used 2547K [0x918c0000, 0x93e40000, 0xa6e00000)
  eden space 16640K, 0% used [0x918c0000,0x918c0000,0x92900000)
  from space 2560K, 99% used [0x92900000,0x92b7ce70,0x92b80000)
  to   space 2560K, 0% used [0x93bc0000,0x93bc0000,0x93e40000)
 ParOldGen       total 43776K, used 2312K [0x66e00000, 0x698c0000, 0x918c0000)
  object space 43776K, 5% used [0x66e00000,0x670422a0,0x698c0000)
 Metaspace       used 6653K, capacity 6711K, committed 6808K, reserved 7472K
}
Event: 10.244 GC heap before
{Heap before GC invocations=4 (full 0):
 PSYoungGen      total 19200K, used 19187K [0x918c0000, 0x93e40000, 0xa6e00000)
  eden space 16640K, 100% used [0x918c0000,0x92900000,0x92900000)
  from space 2560K, 99% used [0x92900000,0x92b7ce70,0x92b80000)
  to   space 2560K, 0% used [0x93bc0000,0x93bc0000,0x93e40000)
 ParOldGen       total 43776K, used 2312K [0x66e00000, 0x698c0000, 0x918c0000)
  object space 43776K, 5% used [0x66e00000,0x670422a0,0x698c0000)
 Metaspace       used 8084K, capacity 8156K, committed 8216K, reserved 8496K
Event: 10.258 GC heap after
Heap after GC invocations=4 (full 0):
 PSYoungGen      total 35840K, used 2554K [0x918c0000, 0x93e40000, 0xa6e00000)
  eden space 33280K, 0% used [0x918c0000,0x918c0000,0x93940000)
  from space 2560K, 99% used [0x93bc0000,0x93e3e880,0x93e40000)
  to   space 2560K, 0% used [0x93940000,0x93940000,0x93bc0000)
 ParOldGen       total 43776K, used 4367K [0x66e00000, 0x698c0000, 0x918c0000)
  object space 43776K, 9% used [0x66e00000,0x67243c40,0x698c0000)
 Metaspace       used 8084K, capacity 8156K, committed 8216K, reserved 8496K
}
Event: 13.902 GC heap before
{Heap before GC invocations=5 (full 0):
 PSYoungGen      total 35840K, used 35834K [0x918c0000, 0x93e40000, 0xa6e00000)
  eden space 33280K, 100% used [0x918c0000,0x93940000,0x93940000)
  from space 2560K, 99% used [0x93bc0000,0x93e3e880,0x93e40000)
  to   space 2560K, 0% used [0x93940000,0x93940000,0x93bc0000)
 ParOldGen       total 43776K, used 4367K [0x66e00000, 0x698c0000, 0x918c0000)
  object space 43776K, 9% used [0x66e00000,0x67243c40,0x698c0000)
 Metaspace       used 9987K, capacity 10075K, committed 10136K, reserved 10544K
Event: 13.936 GC heap after
Heap after GC invocations=5 (full 0):
 PSYoungGen      total 35840K, used 2546K [0x918c0000, 0x964c0000, 0xa6e00000)
  eden space 33280K, 0% used [0x918c0000,0x918c0000,0x93940000)
  from space 2560K, 99% used [0x93940000,0x93bbc880,0x93bc0000)
  to   space 5632K, 0% used [0x95f40000,0x95f40000,0x964c0000)
 ParOldGen       total 43776K, used 6505K [0x66e00000, 0x698c0000, 0x918c0000)
  object space 43776K, 14% used [0x66e00000,0x6745a6b0,0x698c0000)
 Metaspace       used 9987K, capacity 10075K, committed 10136K, reserved 10544K
}
Event: 15.733 GC heap before
{Heap before GC invocations=6 (full 0):
 PSYoungGen      total 35840K, used 35826K [0x918c0000, 0x964c0000, 0xa6e00000)
  eden space 33280K, 100% used [0x918c0000,0x93940000,0x93940000)
  from space 2560K, 99% used [0x93940000,0x93bbc880,0x93bc0000)
  to   space 5632K, 0% used [0x95f40000,0x95f40000,0x964c0000)
 ParOldGen       total 43776K, used 6505K [0x66e00000, 0x698c0000, 0x918c0000)
  object space 43776K, 14% used [0x66e00000,0x6745a6b0,0x698c0000)
 Metaspace       used 10805K, capacity 10892K, committed 11032K, reserved 11568K
Event: 15.784 GC heap after
Heap after GC invocations=6 (full 0):
 PSYoungGen      total 71680K, used 5196K [0x918c0000, 0x965c0000, 0xa6e00000)
  eden space 66048K, 0% used [0x918c0000,0x918c0000,0x95940000)
  from space 5632K, 92% used [0x95f40000,0x96453258,0x964c0000)
  to   space 6144K, 0% used [0x95940000,0x95940000,0x95f40000)
 ParOldGen       total 43776K, used 6509K [0x66e00000, 0x698c0000, 0x918c0000)
  object space 43776K, 14% used [0x66e00000,0x6745b6b0,0x698c0000)
 Metaspace       used 10805K, capacity 10892K, committed 11032K, reserved 11568K
}
Event: 17.217 GC heap before
{Heap before GC invocations=7 (full 0):
 PSYoungGen      total 71680K, used 71244K [0x918c0000, 0x965c0000, 0xa6e00000)
  eden space 66048K, 100% used [0x918c0000,0x95940000,0x95940000)
  from space 5632K, 92% used [0x95f40000,0x96453258,0x964c0000)
  to   space 6144K, 0% used [0x95940000,0x95940000,0x95f40000)
 ParOldGen       total 43776K, used 6509K [0x66e00000, 0x698c0000, 0x918c0000)
  object space 43776K, 14% used [0x66e00000,0x6745b6b0,0x698c0000)
 Metaspace       used 11098K, capacity 11197K, committed 11288K, reserved 11568K

Deoptimization events (10 events):
Event: 15.117 Thread 0xb6308400 Uncommon trap: reason=class_check action=maybe_recompile pc=0xa776542c method=java.util.regex.Pattern$CharProperty$1.isSatisfiedBy(I)Z @ 5
Event: 15.117 Thread 0xb6308400 Uncommon trap: reason=class_check action=maybe_recompile pc=0xa776542c method=java.util.regex.Pattern$CharProperty$1.isSatisfiedBy(I)Z @ 5
Event: 15.117 Thread 0xb6308400 Uncommon trap: reason=class_check action=maybe_recompile pc=0xa776542c method=java.util.regex.Pattern$CharProperty$1.isSatisfiedBy(I)Z @ 5
Event: 15.182 Thread 0xb6308400 Uncommon trap: reason=unstable_if action=reinterpret pc=0xa7814120 method=org.codehaus.plexus.util.xml.pull.MXParser.nextImpl()I @ 879
Event: 15.395 Thread 0xb6308400 Uncommon trap: reason=unstable_if action=reinterpret pc=0xa7884d84 method=org.codehaus.plexus.util.xml.pull.MXParser.nextImpl()I @ 280
Event: 16.565 Thread 0xb6308400 Uncommon trap: reason=class_check action=maybe_recompile pc=0xa79bcf40 method=org.codehaus.plexus.interpolation.MapBasedValueSource.getValue(Ljava/lang/String;)Ljava/lang/Object; @ 16
Event: 16.565 Thread 0xb6308400 Uncommon trap: reason=class_check action=maybe_recompile pc=0xa79bcf40 method=org.codehaus.plexus.interpolation.MapBasedValueSource.getValue(Ljava/lang/String;)Ljava/lang/Object; @ 16
Event: 16.565 Thread 0xb6308400 Uncommon trap: reason=class_check action=maybe_recompile pc=0xa79bcf40 method=org.codehaus.plexus.interpolation.MapBasedValueSource.getValue(Ljava/lang/String;)Ljava/lang/Object; @ 16
Event: 16.699 Thread 0xb6308400 Uncommon trap: reason=class_check action=maybe_recompile pc=0xa79bcf40 method=org.codehaus.plexus.interpolation.MapBasedValueSource.getValue(Ljava/lang/String;)Ljava/lang/Object; @ 16
Event: 16.827 Thread 0xb6308400 Uncommon trap: reason=intrinsic action=make_not_entrant pc=0xa79bffd4 method=org.apache.maven.model.Dependency.getManagementKey()Ljava/lang/String; @ 8

Classes redefined (0 events):
No events

Internal exceptions (10 events):
Event: 13.499 Thread 0xb6308400 Exception <a 'java/lang/NullPointerException'> (0x935f7d20) thrown at [/build/openjdk-8-2Hm3Za/openjdk-8-8u162-b12/src/hotspot/src/share/vm/interpreter/linkResolver.cpp, line 1185]
Event: 13.502 Thread 0xb6308400 Exception <a 'java/lang/NullPointerException'> (0x936004f8) thrown at [/build/openjdk-8-2Hm3Za/openjdk-8-8u162-b12/src/hotspot/src/share/vm/interpreter/linkResolver.cpp, line 1185]
Event: 13.502 Thread 0xb6308400 Exception <a 'java/lang/NullPointerException'> (0x93600708) thrown at [/build/openjdk-8-2Hm3Za/openjdk-8-8u162-b12/src/hotspot/src/share/vm/interpreter/linkResolver.cpp, line 1185]
Event: 13.502 Thread 0xb6308400 Exception <a 'java/lang/NullPointerException'> (0x93600918) thrown at [/build/openjdk-8-2Hm3Za/openjdk-8-8u162-b12/src/hotspot/src/share/vm/interpreter/linkResolver.cpp, line 1185]
Event: 14.726 Thread 0xb6308400 Implicit null exception at 0xa7778cfd to 0xa7778ed5
Event: 14.806 Thread 0xb6308400 Implicit null exception at 0xa74a5b3e to 0xa74a5cd5
Event: 14.806 Thread 0xb6308400 Implicit null exception at 0xa751140b to 0xa7511450
Event: 15.026 Thread 0xb6308400 Implicit null exception at 0xa7744483 to 0xa774481d
Event: 15.026 Thread 0xb6308400 Implicit null exception at 0xa762f43f to 0xa762f785
Event: 15.103 Thread 0xb6308400 Implicit null exception at 0xa7822f8b to 0xa7823691

Events (10 events):
Event: 16.782 Thread 0xb6308400 DEOPT PACKING pc=0xa7877e0d sp=0xb6468900
Event: 16.782 Thread 0xb6308400 DEOPT UNPACKING pc=0xa72bf61a sp=0xb646881c mode 0
Event: 16.824 Thread 0xb6308400 DEOPT PACKING pc=0xa797ab07 sp=0xb6468bb0
Event: 16.824 Thread 0xb6308400 DEOPT UNPACKING pc=0xa72bf61a sp=0xb6468a5c mode 0
Event: 16.827 Thread 0xb6308400 Uncommon trap: trap_request=0xffffffcc fr.pc=0xa79bffd4
Event: 16.827 Thread 0xb6308400 DEOPT PACKING pc=0xa79bffd4 sp=0xb6469030
Event: 16.827 Thread 0xb6308400 DEOPT UNPACKING pc=0xa72bdbdf sp=0xb6469020 mode 2
Event: 16.876 loading class com/google/inject/internal/InternalContext$1
Event: 16.876 loading class com/google/inject/internal/InternalContext$1 done
Event: 17.214 Executing VM operation: ParallelGCFailedAllocation


Dynamic libraries:
08048000-08049000 r-xp 00000000 08:01 1693449    /usr/lib/jvm/java-8-openjdk-i386/jre/bin/java
08049000-0804a000 r--p 00000000 08:01 1693449    /usr/lib/jvm/java-8-openjdk-i386/jre/bin/java
0804a000-0804b000 rw-p 00001000 08:01 1693449    /usr/lib/jvm/java-8-openjdk-i386/jre/bin/java
085d6000-0863a000 rw-p 00000000 00:00 0          [heap]
5f500000-5f57b000 rw-p 00000000 00:00 0 
5f57b000-5f600000 ---p 00000000 00:00 0 
5f700000-5f7fb000 rw-p 00000000 00:00 0 
5f7fb000-5f800000 ---p 00000000 00:00 0 
5f800000-5f8fb000 rw-p 00000000 00:00 0 
5f8fb000-5f900000 ---p 00000000 00:00 0 
5f900000-5f9f9000 rw-p 00000000 00:00 0 
5f9f9000-5fa00000 ---p 00000000 00:00 0 
5fa00000-5fa83000 rw-p 00000000 00:00 0 
5fa83000-5fb00000 ---p 00000000 00:00 0 
5fb00000-5fbeb000 rw-p 00000000 00:00 0 
5fbeb000-5fc00000 ---p 00000000 00:00 0 
5fd00000-5fe00000 rw-p 00000000 00:00 0 
5ff00000-60000000 rw-p 00000000 00:00 0 
600ff000-61dc0000 rw-p 00000000 00:00 0 
61dc0000-61e00000 ---p 00000000 00:00 0 
61e00000-61efc000 rw-p 00000000 00:00 0 
61efc000-61f00000 ---p 00000000 00:00 0 
61f00000-62000000 rw-p 00000000 00:00 0 
62000000-620f9000 rw-p 00000000 00:00 0 
620f9000-62100000 ---p 00000000 00:00 0 
62100000-62200000 rw-p 00000000 00:00 0 
62200000-6228d000 rw-p 00000000 00:00 0 
6228d000-62300000 ---p 00000000 00:00 0 
62300000-62400000 rw-p 00000000 00:00 0 
62400000-62500000 rw-p 00000000 00:00 0 
62500000-62600000 rw-p 00000000 00:00 0 
62600000-62700000 rw-p 00000000 00:00 0 
62700000-627fe000 rw-p 00000000 00:00 0 
627fe000-62800000 ---p 00000000 00:00 0 
62800000-628f9000 rw-p 00000000 00:00 0 
628f9000-62900000 ---p 00000000 00:00 0 
62900000-629ff000 rw-p 00000000 00:00 0 
629ff000-62a00000 ---p 00000000 00:00 0 
62a00000-62b00000 rw-p 00000000 00:00 0 
62b00000-62c00000 rw-p 00000000 00:00 0 
62c00000-62d00000 rw-p 00000000 00:00 0 
62d00000-62e00000 rw-p 00000000 00:00 0 
62e00000-62f00000 rw-p 00000000 00:00 0 
62f68000-62f79000 r-xp 00000000 08:01 1693431    /usr/lib/jvm/java-8-openjdk-i386/jre/lib/i386/libnio.so
62f79000-62f7a000 r--p 00010000 08:01 1693431    /usr/lib/jvm/java-8-openjdk-i386/jre/lib/i386/libnio.so
62f7a000-62f7b000 rw-p 00011000 08:01 1693431    /usr/lib/jvm/java-8-openjdk-i386/jre/lib/i386/libnio.so
62f7b000-62f91000 r-xp 00000000 08:01 1693426    /usr/lib/jvm/java-8-openjdk-i386/jre/lib/i386/libnet.so
62f91000-62f92000 r--p 00015000 08:01 1693426    /usr/lib/jvm/java-8-openjdk-i386/jre/lib/i386/libnet.so
62f92000-62f93000 rw-p 00016000 08:01 1693426    /usr/lib/jvm/java-8-openjdk-i386/jre/lib/i386/libnet.so
62f93000-62f98000 r--s 0009d000 08:01 1692599    /usr/lib/jvm/java-8-openjdk-i386/jre/lib/jsse.jar
62f98000-62fa5000 r--s 0008d000 08:01 1149531    /usr/share/java/maven3-core-3.3.9.jar
62fa5000-62fa6000 r--s 00001000 08:01 1149511    /usr/share/java/wagon-file-2.x.jar
62fa6000-62fa9000 r--s 00007000 08:01 1149537    /usr/share/java/maven3-settings-builder-3.3.9.jar
62fa9000-62fab000 r--s 0000d000 08:01 1149536    /usr/share/java/maven3-aether-provider-3.3.9.jar
62fab000-62fb2000 r--s 0002c000 08:01 1149509    /usr/share/java/sisu-plexus.jar
62fb2000-62fb6000 r--s 00027000 08:01 1145546    /usr/share/java/commons-io-2.4.jar
62fb6000-62fbe000 r--s 00054000 08:01 1149507    /usr/share/java/sisu-inject.jar
62fbe000-62fc5000 r--s 0005d000 08:01 1149254    /usr/share/java/commons-lang3.jar
62fc5000-62fc6000 r--s 00004000 08:01 1145398    /usr/share/java/atinject-jsr330-tck-1.0.jar
62fc6000-62fc8000 r--s 0000e000 08:01 1149271    /usr/share/java/plexus-interpolation.jar
62fc8000-62fca000 r--s 00006000 08:01 1149372    /usr/share/java/eclipse-aether-spi.jar
62fca000-62fce000 r--s 00027000 08:01 1149367    /usr/share/java/eclipse-aether-impl.jar
62fce000-62fd0000 r--s 00005000 08:01 1149373    /usr/share/java/eclipse-aether-transport-wagon.jar
62fd0000-62fd2000 r--s 00001000 08:01 1149403    /usr/share/java/aopalliance-1.0.jar
62fd2000-62fd4000 r--s 00001000 08:01 1149538    /usr/share/java/maven3-builder-support-3.3.9.jar
62fd4000-63000000 r--s 00208000 08:01 1148516    /usr/share/java/guava.jar
63000000-630fb000 rw-p 00000000 00:00 0 
630fb000-63100000 ---p 00000000 00:00 0 
63100000-63101000 r--s 00008000 08:01 1149370    /usr/share/java/eclipse-aether-connector-basic.jar
63101000-63106000 r--s 0001d000 08:01 1149374    /usr/share/java/eclipse-aether-api.jar
63106000-63108000 r--s 00002000 08:01 1149449    /usr/share/java/plexus-cipher.jar
63108000-63109000 r--s 00002000 08:01 1149066    /usr/share/java/slf4j-simple.jar
63109000-6310a000 ---p 00000000 00:00 0 
6310a000-6318a000 rw-p 00000000 00:00 0 
6318a000-6318d000 ---p 00000000 00:00 0 
6318d000-631db000 rw-p 00000000 00:00 0 
631db000-631de000 ---p 00000000 00:00 0 
631de000-6325c000 rw-p 00000000 00:00 0 
6325c000-6325f000 ---p 00000000 00:00 0 
6325f000-632dd000 rw-p 00000000 00:00 0 
632dd000-632e0000 ---p 00000000 00:00 0 
632e0000-6335e000 rw-p 00000000 00:00 0 
6335e000-63361000 ---p 00000000 00:00 0 
63361000-633af000 rw-p 00000000 00:00 0 
633af000-635af000 r--p 00000000 08:01 1110568    /usr/lib/locale/locale-archive
635af000-635b2000 ---p 00000000 00:00 0 
635b2000-63600000 rw-p 00000000 00:00 0 
63600000-636fb000 rw-p 00000000 00:00 0 
636fb000-63700000 ---p 00000000 00:00 0 
63700000-63721000 rw-p 00000000 00:00 0 
63721000-63800000 ---p 00000000 00:00 0 
63800000-638fd000 rw-p 00000000 00:00 0 
638fd000-63900000 ---p 00000000 00:00 0 
63900000-63902000 r--s 00013000 08:01 1149534    /usr/share/java/maven3-embedder-3.3.9.jar
63902000-63904000 r--s 00027000 08:01 1149535    /usr/share/java/maven3-model-3.3.9.jar
63904000-63906000 r--s 0000a000 08:01 1147016    /usr/share/java/commons-cli-1.3.1.jar
63906000-63908000 r--s 0000a000 08:01 1149512    /usr/share/java/wagon-provider-api-2.x.jar
63908000-6390b000 r--s 0000a000 08:01 1149539    /usr/share/java/maven3-artifact-3.3.9.jar
6390b000-6390f000 r--s 00020000 08:01 1149392    /usr/share/java/eclipse-aether-util.jar
6390f000-63910000 r--s 00006000 08:01 1149532    /usr/share/java/maven3-repository-metadata-3.3.9.jar
63910000-63912000 r--s 00007000 08:01 1149069    /usr/share/java/slf4j-api.jar
63912000-63913000 r--s 0000a000 08:01 1149528    /usr/share/java/maven3-settings-3.3.9.jar
63913000-63914000 r--s 00001000 08:01 1149518    /usr/share/java/wagon-http-shared-2.x.jar
63914000-63917000 ---p 00000000 00:00 0 
63917000-63965000 rw-p 00000000 00:00 0 
63965000-63966000 ---p 00000000 00:00 0 
63966000-639e6000 rw-p 00000000 00:00 0 
639e6000-63bb4000 r--s 03c2c000 08:01 1692598    /usr/lib/jvm/java-8-openjdk-i386/jre/lib/rt.jar
63bb4000-63ffa000 rw-p 00000000 00:00 0 
63ffa000-64000000 ---p 00000000 00:00 0 
64000000-66400000 rw-p 00000000 00:00 0 
66400000-664fc000 rw-p 00000000 00:00 0 
664fc000-66500000 ---p 00000000 00:00 0 
66500000-66531000 r--s 00207000 08:01 1149515    /usr/share/java/wagon-http-shaded-2.x.jar
66531000-6657f000 rw-p 00000000 00:00 0 
6657f000-66580000 ---p 00000000 00:00 0 
66580000-66600000 rw-p 00000000 00:00 0 
66600000-666fb000 rw-p 00000000 00:00 0 
666fb000-66700000 ---p 00000000 00:00 0 
66700000-66721000 rw-p 00000000 00:00 0 
66721000-66800000 ---p 00000000 00:00 0 
66800000-66804000 r--s 00038000 08:01 1149495    /usr/share/java/plexus-utils2.jar
66804000-6680a000 r--s 00048000 08:01 1149288    /usr/share/java/jsoup.jar
6680a000-6680c000 r--s 0000a000 08:01 1149529    /usr/share/java/maven3-plugin-api-3.3.9.jar
6680c000-66811000 r--s 00025000 08:01 1149533    /usr/share/java/maven3-model-builder-3.3.9.jar
66811000-66816000 r--s 00040000 08:01 1145678    /usr/share/java/commons-lang-2.6.jar
66816000-66824000 r--s 00095000 08:01 1149408    /usr/share/java/guice.jar
66824000-6687f000 rw-p 00000000 00:00 0 
6687f000-66880000 ---p 00000000 00:00 0 
66880000-66900000 rw-p 00000000 00:00 0 
66900000-66921000 rw-p 00000000 00:00 0 
66921000-66a00000 ---p 00000000 00:00 0 
66a00000-66a01000 r--s 00006000 08:01 1149451    /usr/share/java/plexus-sec-dispatcher.jar
66a01000-66a03000 r--s 00000000 08:01 1149499    /usr/share/java/plexus-component-annotations-1.5.jar
66a03000-66a04000 r--s 00000000 08:01 1149240    /usr/share/java/geronimo-interceptor-3.0-spec-1.0.1.jar
66a04000-66a06000 r--s 00012000 08:01 1144777    /usr/share/java/el-api-3.0.jar
66a06000-66a0d000 r--s 00041000 08:01 1149530    /usr/share/java/maven3-compat-3.3.9.jar
66a0d000-66a28000 r--s 00394000 08:01 1692580    /usr/lib/jvm/java-8-openjdk-i386/jre/lib/ext/cldrdata.jar
66a28000-66a29000 ---p 00000000 00:00 0 
66a29000-66abf000 rw-p 00000000 00:00 0 
66abf000-66bff000 ---p 00000000 00:00 0 
66bff000-66c15000 rw-p 00000000 00:00 0 
66c15000-66d54000 ---p 00000000 00:00 0 
66d54000-66d7b000 rw-p 00000000 00:00 0 
66d7b000-66dff000 ---p 00000000 00:00 0 
66dff000-698c0000 rw-p 00000000 00:00 0 
698c0000-918c0000 ---p 00000000 00:00 0 
918c0000-965c0000 rw-p 00000000 00:00 0 
9a6ea000-9a8c0000 rw-p 00000000 00:00 0 
9a8c0000-a6e00000 ---p 00000000 00:00 0 
a6e00000-a6e03000 r--s 00008000 08:01 1149246    /usr/share/java/cdi-api-1.0.jar
a6e03000-a6e05000 r--s 0000a000 08:01 1149493    /usr/share/java/plexus-classworlds2-2.5.2.jar
a6e05000-a6e20000 r--s 001d6000 08:01 1692582    /usr/lib/jvm/java-8-openjdk-i386/jre/lib/ext/nashorn.jar
a6e20000-a6e2a000 r--s 00116000 08:01 1692574    /usr/lib/jvm/java-8-openjdk-i386/jre/lib/ext/localedata.jar
a6e2a000-a6e42000 rw-p 00000000 00:00 0 
a6e42000-a6e43000 ---p 00000000 00:00 0 
a6e43000-a6ee5000 rw-p 00000000 00:00 0 
a6ee5000-a7283000 ---p 00000000 00:00 0 
a7283000-a7acb000 rwxp 00000000 00:00 0 
a7acb000-b6283000 ---p 00000000 00:00 0 
b6283000-b628e000 r-xp 00000000 08:01 3402889    /lib/i386-linux-gnu/libnss_files-2.23.so
b628e000-b628f000 r--p 0000a000 08:01 3402889    /lib/i386-linux-gnu/libnss_files-2.23.so
b628f000-b6290000 rw-p 0000b000 08:01 3402889    /lib/i386-linux-gnu/libnss_files-2.23.so
b6290000-b6296000 rw-p 00000000 00:00 0 
b6296000-b62a1000 r-xp 00000000 08:01 3402895    /lib/i386-linux-gnu/libnss_nis-2.23.so
b62a1000-b62a2000 r--p 0000a000 08:01 3402895    /lib/i386-linux-gnu/libnss_nis-2.23.so
b62a2000-b62a3000 rw-p 0000b000 08:01 3402895    /lib/i386-linux-gnu/libnss_nis-2.23.so
b62a3000-b62ba000 r-xp 00000000 08:01 3402652    /lib/i386-linux-gnu/libnsl-2.23.so
b62ba000-b62bb000 r--p 00016000 08:01 3402652    /lib/i386-linux-gnu/libnsl-2.23.so
b62bb000-b62bc000 rw-p 00017000 08:01 3402652    /lib/i386-linux-gnu/libnsl-2.23.so
b62bc000-b62be000 rw-p 00000000 00:00 0 
b62be000-b62bf000 r--s 00000000 08:01 1145399    /usr/share/java/atinject-jsr330-api-1.0.jar
b62bf000-b62c4000 r--s 0003b000 08:01 1692576    /usr/lib/jvm/java-8-openjdk-i386/jre/lib/ext/sunjce_provider.jar
b62c4000-b62cc000 r-xp 00000000 08:01 1693413    /usr/lib/jvm/java-8-openjdk-i386/jre/lib/i386/libzip.so
b62cc000-b62cd000 r--p 00007000 08:01 1693413    /usr/lib/jvm/java-8-openjdk-i386/jre/lib/i386/libzip.so
b62cd000-b62ce000 rw-p 00008000 08:01 1693413    /usr/lib/jvm/java-8-openjdk-i386/jre/lib/i386/libzip.so
b62ce000-b62d6000 rw-s 00000000 08:01 2576947    /tmp/hsperfdata_sarnobat/24171
b62d6000-b62fe000 r-xp 00000000 08:01 1693416    /usr/lib/jvm/java-8-openjdk-i386/jre/lib/i386/libjava.so
b62fe000-b62ff000 r--p 00027000 08:01 1693416    /usr/lib/jvm/java-8-openjdk-i386/jre/lib/i386/libjava.so
b62ff000-b6300000 rw-p 00028000 08:01 1693416    /usr/lib/jvm/java-8-openjdk-i386/jre/lib/i386/libjava.so
b6300000-b63fc000 rw-p 00000000 00:00 0 
b63fc000-b6400000 ---p 00000000 00:00 0 
b6400000-b6402000 r--s 00008000 08:01 1692578    /usr/lib/jvm/java-8-openjdk-i386/jre/lib/ext/sunec.jar
b6402000-b6404000 r--s 00001000 08:01 1692579    /usr/lib/jvm/java-8-openjdk-i386/jre/lib/ext/dnsns.jar
b6404000-b6407000 r--s 0000f000 08:01 1692575    /usr/lib/jvm/java-8-openjdk-i386/jre/lib/ext/icedtea-sound.jar
b6407000-b640f000 r-xp 00000000 08:01 3402720    /lib/i386-linux-gnu/libnss_compat-2.23.so
b640f000-b6410000 r--p 00007000 08:01 3402720    /lib/i386-linux-gnu/libnss_compat-2.23.so
b6410000-b6411000 rw-p 00008000 08:01 3402720    /lib/i386-linux-gnu/libnss_compat-2.23.so
b6411000-b6418000 r-xp 00000000 08:01 3402905    /lib/i386-linux-gnu/librt-2.23.so
b6418000-b6419000 r--p 00006000 08:01 3402905    /lib/i386-linux-gnu/librt-2.23.so
b6419000-b641a000 rw-p 00007000 08:01 3402905    /lib/i386-linux-gnu/librt-2.23.so
b641a000-b641d000 ---p 00000000 00:00 0 
b641d000-b646b000 rw-p 00000000 00:00 0 
b646b000-b6487000 r-xp 00000000 08:01 3402590    /lib/i386-linux-gnu/libgcc_s.so.1
b6487000-b6488000 rw-p 0001b000 08:01 3402590    /lib/i386-linux-gnu/libgcc_s.so.1
b6488000-b64db000 r-xp 00000000 08:01 3402651    /lib/i386-linux-gnu/libm-2.23.so
b64db000-b64dc000 r--p 00052000 08:01 3402651    /lib/i386-linux-gnu/libm-2.23.so
b64dc000-b64dd000 rw-p 00053000 08:01 3402651    /lib/i386-linux-gnu/libm-2.23.so
b64dd000-b664a000 r-xp 00000000 08:01 1104849    /usr/lib/i386-linux-gnu/libstdc++.so.6.0.21
b664a000-b664b000 ---p 0016d000 08:01 1104849    /usr/lib/i386-linux-gnu/libstdc++.so.6.0.21
b664b000-b6650000 r--p 0016d000 08:01 1104849    /usr/lib/i386-linux-gnu/libstdc++.so.6.0.21
b6650000-b6651000 rw-p 00172000 08:01 1104849    /usr/lib/i386-linux-gnu/libstdc++.so.6.0.21
b6651000-b6654000 rw-p 00000000 00:00 0 
b6654000-b712a000 r-xp 00000000 08:01 1693411    /usr/lib/jvm/java-8-openjdk-i386/jre/lib/i386/server/libjvm.so
b712a000-b7170000 r--p 00ad5000 08:01 1693411    /usr/lib/jvm/java-8-openjdk-i386/jre/lib/i386/server/libjvm.so
b7170000-b7187000 rw-p 00b1b000 08:01 1693411    /usr/lib/jvm/java-8-openjdk-i386/jre/lib/i386/server/libjvm.so
b7187000-b75a7000 rw-p 00000000 00:00 0 
b75a7000-b75c0000 r-xp 00000000 08:01 3402662    /lib/i386-linux-gnu/libpthread-2.23.so
b75c0000-b75c1000 r--p 00018000 08:01 3402662    /lib/i386-linux-gnu/libpthread-2.23.so
b75c1000-b75c2000 rw-p 00019000 08:01 3402662    /lib/i386-linux-gnu/libpthread-2.23.so
b75c2000-b75c4000 rw-p 00000000 00:00 0 
b75c4000-b75c7000 r-xp 00000000 08:01 3402697    /lib/i386-linux-gnu/libdl-2.23.so
b75c7000-b75c8000 r--p 00002000 08:01 3402697    /lib/i386-linux-gnu/libdl-2.23.so
b75c8000-b75c9000 rw-p 00003000 08:01 3402697    /lib/i386-linux-gnu/libdl-2.23.so
b75c9000-b75ca000 rw-p 00000000 00:00 0 
b75ca000-b75e3000 r-xp 00000000 08:01 3402741    /lib/i386-linux-gnu/libz.so.1.2.8
b75e3000-b75e4000 r--p 00018000 08:01 3402741    /lib/i386-linux-gnu/libz.so.1.2.8
b75e4000-b75e5000 rw-p 00019000 08:01 3402741    /lib/i386-linux-gnu/libz.so.1.2.8
b75e5000-b7795000 r-xp 00000000 08:01 3402663    /lib/i386-linux-gnu/libc-2.23.so
b7795000-b7797000 r--p 001af000 08:01 3402663    /lib/i386-linux-gnu/libc-2.23.so
b7797000-b7798000 rw-p 001b1000 08:01 3402663    /lib/i386-linux-gnu/libc-2.23.so
b7798000-b779b000 rw-p 00000000 00:00 0 
b779b000-b779c000 r--s 00010000 08:01 1692581    /usr/lib/jvm/java-8-openjdk-i386/jre/lib/ext/zipfs.jar
b779c000-b779d000 r--s 0000a000 08:01 1692577    /usr/lib/jvm/java-8-openjdk-i386/jre/lib/ext/jaccess.jar
b779d000-b77a0000 r--s 00038000 08:01 1692573    /usr/lib/jvm/java-8-openjdk-i386/jre/lib/ext/sunpkcs11.jar
b77a0000-b77a1000 r--p 002d4000 08:01 1110568    /usr/lib/locale/locale-archive
b77a1000-b77a2000 rw-p 00000000 00:00 0 
b77a2000-b77a3000 ---p 00000000 00:00 0 
b77a3000-b77b1000 r-xp 00000000 08:01 1693425    /usr/lib/jvm/java-8-openjdk-i386/jre/lib/i386/libverify.so
b77b1000-b77b2000 r--p 0000d000 08:01 1693425    /usr/lib/jvm/java-8-openjdk-i386/jre/lib/i386/libverify.so
b77b2000-b77b3000 rw-p 0000e000 08:01 1693425    /usr/lib/jvm/java-8-openjdk-i386/jre/lib/i386/libverify.so
b77b3000-b77c0000 r-xp 00000000 08:01 1693421    /usr/lib/jvm/java-8-openjdk-i386/jre/lib/i386/jli/libjli.so
b77c0000-b77c1000 r--p 0000c000 08:01 1693421    /usr/lib/jvm/java-8-openjdk-i386/jre/lib/i386/jli/libjli.so
b77c1000-b77c2000 rw-p 0000d000 08:01 1693421    /usr/lib/jvm/java-8-openjdk-i386/jre/lib/i386/jli/libjli.so
b77c2000-b77c3000 rw-p 00000000 00:00 0 
b77c3000-b77c6000 r--p 00000000 00:00 0          [vvar]
b77c6000-b77c7000 r-xp 00000000 00:00 0          [vdso]
b77c7000-b77ea000 r-xp 00000000 08:01 3402661    /lib/i386-linux-gnu/ld-2.23.so
b77ea000-b77eb000 r--p 00022000 08:01 3402661    /lib/i386-linux-gnu/ld-2.23.so
b77eb000-b77ec000 rw-p 00023000 08:01 3402661    /lib/i386-linux-gnu/ld-2.23.so
bfed4000-bfef5000 rw-p 00000000 00:00 0          [stack]

VM Arguments:
jvm_args: -Dclassworlds.conf=/usr/share/maven/bin/m2.conf -Dmaven.home=/usr/share/maven -Dmaven.multiModuleProjectDirectory=/home/sarnobat/github/maven_project 
java_command: org.codehaus.plexus.classworlds.launcher.Launcher --quiet --settings /home/sarnobat/sarnobat.git/mac/.m2/settings.xml install exec:java -Dexec.mainClass=Md5RoList -Dexec.args=4485
java_class_path (initial): /usr/share/maven/boot/plexus-classworlds-2.x.jar
Launcher Type: SUN_STANDARD

Environment Variables:
JAVA_HOME=/usr/lib/jvm/java-8-openjdk-i386
PATH=/usr/bin:/bin
SHELL=/bin/sh

Signal Handlers:
SIGSEGV: [libjvm.so+0x8db350], sa_mask[0]=11111111011111111101111111111110, sa_flags=SA_RESTART|SA_SIGINFO
SIGBUS: [libjvm.so+0x8db350], sa_mask[0]=11111111011111111101111111111110, sa_flags=SA_RESTART|SA_SIGINFO
SIGFPE: [libjvm.so+0x73fd00], sa_mask[0]=11111111011111111101111111111110, sa_flags=SA_RESTART|SA_SIGINFO
SIGPIPE: [libjvm.so+0x73fd00], sa_mask[0]=11111111011111111101111111111110, sa_flags=SA_RESTART|SA_SIGINFO
SIGXFSZ: [libjvm.so+0x73fd00], sa_mask[0]=11111111011111111101111111111110, sa_flags=SA_RESTART|SA_SIGINFO
SIGILL: [libjvm.so+0x73fd00], sa_mask[0]=11111111011111111101111111111110, sa_flags=SA_RESTART|SA_SIGINFO
SIGUSR1: SIG_DFL, sa_mask[0]=00000000000000000000000000000000, sa_flags=none
SIGUSR2: [libjvm.so+0x73fb40], sa_mask[0]=00000000000000000000000000000000, sa_flags=SA_RESTART|SA_SIGINFO
SIGHUP: [libjvm.so+0x7402d0], sa_mask[0]=11111111011111111101111111111110, sa_flags=SA_RESTART|SA_SIGINFO
SIGINT: [libjvm.so+0x7402d0], sa_mask[0]=11111111011111111101111111111110, sa_flags=SA_RESTART|SA_SIGINFO
SIGTERM: [libjvm.so+0x7402d0], sa_mask[0]=11111111011111111101111111111110, sa_flags=SA_RESTART|SA_SIGINFO
SIGQUIT: [libjvm.so+0x7402d0], sa_mask[0]=11111111011111111101111111111110, sa_flags=SA_RESTART|SA_SIGINFO


---------------  S Y S T E M  ---------------

OS:DISTRIB_ID=Ubuntu
DISTRIB_RELEASE=16.04
DISTRIB_CODENAME=xenial
DISTRIB_DESCRIPTION="Ubuntu 16.04.1 LTS"

uname:Linux 4.4.0-116-generic #140-Ubuntu SMP Mon Feb 12 21:22:43 UTC 2018 i686
libc:glibc 2.23 NPTL 2.23 
rlimit: STACK 8192k, CORE 0k, NPROC 63055, NOFILE 1048576, AS infinity
load average:3.85 2.96 2.85

/proc/meminfo:
MemTotal:        8107396 kB
MemFree:          407428 kB
MemAvailable:          0 kB
Buffers:           10124 kB
Cached:           136096 kB
SwapCached:        28000 kB
Active:          6241220 kB
Inactive:        1241208 kB
Active(anon):    6220156 kB
Inactive(anon):  1221848 kB
Active(file):      21064 kB
Inactive(file):    19360 kB
Unevictable:           0 kB
Mlocked:               0 kB
HighTotal:       7292552 kB
HighFree:          92444 kB
LowTotal:         814844 kB
LowFree:          314984 kB
SwapTotal:       4007932 kB
SwapFree:              0 kB
Dirty:              1528 kB
Writeback:             0 kB
AnonPages:       7308544 kB
Mapped:            31028 kB
Shmem:            105600 kB
Slab:              84908 kB
SReclaimable:      33816 kB
SUnreclaim:        51092 kB
KernelStack:       24168 kB
PageTables:        53164 kB
NFS_Unstable:          0 kB
Bounce:                0 kB
WritebackTmp:          0 kB
CommitLimit:     8061628 kB
Committed_AS:   32156532 kB
VmallocTotal:     122880 kB
VmallocUsed:           0 kB
VmallocChunk:          0 kB
AnonHugePages:   4763648 kB
CmaTotal:              0 kB
CmaFree:               0 kB
HugePages_Total:       0
HugePages_Free:        0
HugePages_Rsvd:        0
HugePages_Surp:        0
Hugepagesize:       2048 kB
DirectMap4k:       55288 kB
DirectMap2M:      856064 kB


CPU:total 4 (initial active 4) (2 cores per cpu, 2 threads per core) family 6 model 58 stepping 9, cmov, cx8, fxsr, mmx, sse, sse2, sse3, ssse3, sse4.1, sse4.2, popcnt, avx, aes, clmul, erms, ht, tsc, tscinvbit, tscinv

/proc/cpuinfo:
processor	: 0
vendor_id	: GenuineIntel
cpu family	: 6
model		: 58
model name	: Intel(R) Core(TM) i5-3427U CPU @ 1.80GHz
stepping	: 9
microcode	: 0x17
cpu MHz		: 2599.988
cache size	: 3072 KB
physical id	: 0
siblings	: 4
core id		: 0
cpu cores	: 2
apicid		: 0
initial apicid	: 0
fdiv_bug	: no
f00f_bug	: no
coma_bug	: no
fpu		: yes
fpu_exception	: yes
cpuid level	: 13
wp		: yes
flags		: fpu vme de pse tsc msr pae mce cx8 apic sep mtrr pge mca cmov pat pse36 clflush dts acpi mmx fxsr sse sse2 ss ht tm pbe nx rdtscp lm constant_tsc arch_perfmon pebs bts xtopology nonstop_tsc aperfmperf eagerfpu pni pclmulqdq dtes64 monitor ds_cpl vmx smx est tm2 ssse3 cx16 xtpr pdcm sse4_1 sse4_2 x2apic popcnt tsc_deadline_timer aes xsave avx f16c rdrand lahf_lm epb retpoline tpr_shadow vnmi flexpriority ept vpid fsgsbase smep erms xsaveopt dtherm ida arat pln pts
bugs		: cpu_meltdown spectre_v1 spectre_v2
bogomips	: 4589.71
clflush size	: 64
cache_alignment	: 64
address sizes	: 36 bits physical, 48 bits virtual
power management:

processor	: 1
vendor_id	: GenuineIntel
cpu family	: 6
model		: 58
model name	: Intel(R) Core(TM) i5-3427U CPU @ 1.80GHz
stepping	: 9
microcode	: 0x17
cpu MHz		: 2599.988
cache size	: 3072 KB
physical id	: 0
siblings	: 4
core id		: 1
cpu cores	: 2
apicid		: 2
initial apicid	: 2
fdiv_bug	: no
f00f_bug	: no
coma_bug	: no
fpu		: yes
fpu_exception	: yes
cpuid level	: 13
wp		: yes
flags		: fpu vme de pse tsc msr pae mce cx8 apic sep mtrr pge mca cmov pat pse36 clflush dts acpi mmx fxsr sse sse2 ss ht tm pbe nx rdtscp lm constant_tsc arch_perfmon pebs bts xtopology nonstop_tsc aperfmperf eagerfpu pni pclmulqdq dtes64 monitor ds_cpl vmx smx est tm2 ssse3 cx16 xtpr pdcm sse4_1 sse4_2 x2apic popcnt tsc_deadline_timer aes xsave avx f16c rdrand lahf_lm epb retpoline tpr_shadow vnmi flexpriority ept vpid fsgsbase smep erms xsaveopt dtherm ida arat pln pts
bugs		: cpu_meltdown spectre_v1 spectre_v2
bogomips	: 4589.71
clflush size	: 64
cache_alignment	: 64
address sizes	: 36 bits physical, 48 bits virtual
power management:

processor	: 2
vendor_id	: GenuineIntel
cpu family	: 6
model		: 58
model name	: Intel(R) Core(TM) i5-3427U CPU @ 1.80GHz
stepping	: 9
microcode	: 0x17
cpu MHz		: 2599.988
cache size	: 3072 KB
physical id	: 0
siblings	: 4
core id		: 0
cpu cores	: 2
apicid		: 1
initial apicid	: 1
fdiv_bug	: no
f00f_bug	: no
coma_bug	: no
fpu		: yes
fpu_exception	: yes
cpuid level	: 13
wp		: yes
flags		: fpu vme de pse tsc msr pae mce cx8 apic sep mtrr pge mca cmov pat pse36 clflush dts acpi mmx fxsr sse sse2 ss ht tm pbe nx rdtscp lm constant_tsc arch_perfmon pebs bts xtopology nonstop_tsc aperfmperf eagerfpu pni pclmulqdq dtes64 monitor ds_cpl vmx smx est tm2 ssse3 cx16 xtpr pdcm sse4_1 sse4_2 x2apic popcnt tsc_deadline_timer aes xsave avx f16c rdrand lahf_lm epb retpoline tpr_shadow vnmi flexpriority ept vpid fsgsbase smep erms xsaveopt dtherm ida arat pln pts
bugs		: cpu_meltdown spectre_v1 spectre_v2
bogomips	: 4589.71
clflush size	: 64
cache_alignment	: 64
address sizes	: 36 bits physical, 48 bits virtual
power management:

processor	: 3
vendor_id	: GenuineIntel
cpu family	: 6
model		: 58
model name	: Intel(R) Core(TM) i5-3427U CPU @ 1.80GHz
stepping	: 9
microcode	: 0x17
cpu MHz		: 2599.988
cache size	: 3072 KB
physical id	: 0
siblings	: 4
core id		: 1
cpu cores	: 2
apicid		: 3
initial apicid	: 3
fdiv_bug	: no
f00f_bug	: no
coma_bug	: no
fpu		: yes
fpu_exception	: yes
cpuid level	: 13
wp		: yes
flags		: fpu vme de pse tsc msr pae mce cx8 apic sep mtrr pge mca cmov pat pse36 clflush dts acpi mmx fxsr sse sse2 ss ht tm pbe nx rdtscp lm constant_tsc arch_perfmon pebs bts xtopology nonstop_tsc aperfmperf eagerfpu pni pclmulqdq dtes64 monitor ds_cpl vmx smx est tm2 ssse3 cx16 xtpr pdcm sse4_1 sse4_2 x2apic popcnt tsc_deadline_timer aes xsave avx f16c rdrand lahf_lm epb retpoline tpr_shadow vnmi flexpriority ept vpid fsgsbase smep erms xsaveopt dtherm ida arat pln pts
bugs		: cpu_meltdown spectre_v1 spectre_v2
bogomips	: 4589.71
clflush size	: 64
cache_alignment	: 64
address sizes	: 36 bits physical, 48 bits virtual
power management:



Memory: 4k page, physical 8107396k(407428k free), swap 4007932k(0k free)

vm_info: OpenJDK Server VM (25.162-b12) for linux-x86 JRE (1.8.0_162-8u162-b12-0ubuntu0.16.04.2-b12), built on Mar 14 2018 12:07:04 by "buildd" with gcc 5.4.0 20160609

time: Thu Apr 12 20:00:18 2018
elapsed time: 17 seconds (0d 0h 0m 17s)

