#
# There is insufficient memory for the Java Runtime Environment to continue.
# Native memory allocation (mmap) failed to map 32768 bytes for committing reserved memory.
# Possible reasons:
#   The system is out of physical RAM or swap space
#   In 32 bit mode, the process size limit was hit
# Possible solutions:
#   Reduce memory load on the system
#   Increase physical memory or swap space
#   Check if swap backing store is full
#   Use 64 bit Java on a 64 bit OS
#   Decrease Java heap size (-Xmx/-Xms)
#   Decrease number of Java threads
#   Decrease Java thread stack sizes (-Xss)
#   Set larger code cache with -XX:ReservedCodeCacheSize=
# This output file may be truncated or incomplete.
#
#  Out of Memory Error (os_linux.cpp:2643), pid=30503, tid=0x6322db40
#
# JRE version: OpenJDK Runtime Environment (8.0_162-b12) (build 1.8.0_162-8u162-b12-0ubuntu0.16.04.2-b12)
# Java VM: OpenJDK Server VM (25.162-b12 mixed mode linux-x86 )
# Failed to write core dump. Core dumps have been disabled. To enable core dumping, try "ulimit -c unlimited" before starting Java again
#

---------------  T H R E A D  ---------------

Current thread (0x637a5800):  JavaThread "C2 CompilerThread1" daemon [_thread_in_vm, id=30615, stack(0x631ad000,0x6322e000)]

Stack: [0x631ad000,0x6322e000],  sp=0x6322c0a0,  free space=508k
Native frames: (J=compiled Java code, j=interpreted, Vv=VM code, C=native code)
V  [libjvm.so+0x8da814]
V  [libjvm.so+0x3a9046]
V  [libjvm.so+0x744ce0]
V  [libjvm.so+0x73eb53]
V  [libjvm.so+0x8d7234]
V  [libjvm.so+0x4bc3b3]
V  [libjvm.so+0x337093]
V  [libjvm.so+0x7190f0]
V  [libjvm.so+0x2d1aeb]
V  [libjvm.so+0x356e5d]
V  [libjvm.so+0x2ae430]
V  [libjvm.so+0x361f41]
V  [libjvm.so+0x3636fa]
V  [libjvm.so+0x87c9d7]
V  [libjvm.so+0x8859ab]
V  [libjvm.so+0x885e7e]
V  [libjvm.so+0x741e15]
C  [libpthread.so.0+0x6295]  start_thread+0xe5
C  [libc.so.6+0xe70ae]  clone+0x6e


Current CompileTask:
C2:   4191 1660       4       com.google.inject.internal.asm.$Frame::b (416 bytes)


---------------  P R O C E S S  ---------------

Java Threads: ( => current thread )
  0x637a9c00 JavaThread "Service Thread" daemon [_thread_blocked, id=30626, stack(0x630db000,0x6312c000)]
  0x637a6c00 JavaThread "C1 CompilerThread2" daemon [_thread_blocked, id=30619, stack(0x6312c000,0x631ad000)]
=>0x637a5800 JavaThread "C2 CompilerThread1" daemon [_thread_in_vm, id=30615, stack(0x631ad000,0x6322e000)]
  0x637a3800 JavaThread "C2 CompilerThread0" daemon [_thread_in_native, id=30614, stack(0x6322e000,0x632af000)]
  0x637a2000 JavaThread "Signal Dispatcher" daemon [_thread_blocked, id=30612, stack(0x632af000,0x63300000)]
  0x63788000 JavaThread "Finalizer" daemon [_thread_blocked, id=30611, stack(0x63814000,0x63865000)]
  0x63785400 JavaThread "Reference Handler" daemon [_thread_blocked, id=30607, stack(0x6642e000,0x6647f000)]
  0xb6208400 JavaThread "main" [_thread_blocked, id=30589, stack(0xb637f000,0xb63d0000)]

Other Threads:
  0x63780c00 VMThread [stack: 0x63865000,0x638e6000] [id=30604]
  0x637ab800 WatcherThread [stack: 0x6305a000,0x630db000] [id=30627]

VM state:not at safepoint (normal execution)

VM Mutex/Monitor currently owned by a thread:  ([mutex/lock_event])
[0xb6204fd0] CodeCache_lock - owner thread: 0x637a5800
[0xb6206218] Compile_lock - owner thread: 0x637a5800
[0xb62062e8] MethodCompileQueue_lock - owner thread: 0x637a5800

Heap:
 PSYoungGen      total 35840K, used 28354K [0x918c0000, 0x93e40000, 0xa6e00000)
  eden space 33280K, 77% used [0x918c0000,0x931f4858,0x93940000)
  from space 2560K, 99% used [0x93bc0000,0x93e3c070,0x93e40000)
  to   space 2560K, 0% used [0x93940000,0x93940000,0x93bc0000)
 ParOldGen       total 43776K, used 4380K [0x66e00000, 0x698c0000, 0x918c0000)
  object space 43776K, 10% used [0x66e00000,0x672471b8,0x698c0000)
 Metaspace       used 9338K, capacity 9435K, committed 9496K, reserved 9520K

Card table byte_map: [0x66bff000,0x66e00000] byte_map_base: 0x668c8000

Marking Bits: (ParMarkBitMap*) 0xb70fa8a0
 Begin Bits: [0x64300000, 0x65300000)
 End Bits:   [0x65300000, 0x66300000)

Polling page: 0xb7707000

CodeCache: size=245760Kb used=4823Kb max_used=4823Kb free=240936Kb
 bounds [0xa71ed000, 0xa76a5000, 0xb61ed000]
 total_blobs=1944 nmethods=1764 adapters=90
 compilation: enabled

Compilation events (10 events):
Event: 4.176 Thread 0x637a6c00 1769       3       com.google.inject.internal.Scoping$3::acceptVisitor (10 bytes)
Event: 4.177 Thread 0x637a6c00 nmethod 1769 0xa76a0848 code [0xa76a0980, 0xa76a0c00]
Event: 4.179 Thread 0x637a6c00 1770       1       com.google.inject.spi.InjectionPoint::getDeclaringType (5 bytes)
Event: 4.179 Thread 0x637a6c00 nmethod 1770 0xa76a0d48 code [0xa76a0e40, 0xa76a0ee0]
Event: 4.179 Thread 0x637a6c00 1771   !   3       com.sun.proxy.$Proxy0::value (29 bytes)
Event: 4.180 Thread 0x637a6c00 nmethod 1771 0xa76a0f48 code [0xa76a10a0, 0xa76a13d8]
Event: 4.180 Thread 0x637a6c00 1772       1       com.google.inject.Key$AnnotationTypeStrategy::hasAttributes (2 bytes)
Event: 4.180 Thread 0x637a6c00 nmethod 1772 0xa76a1588 code [0xa76a1680, 0xa76a1720]
Event: 4.181 Thread 0x637a6c00 1773       1       org.eclipse.sisu.inject.MildKeys$Weak::hashCode (5 bytes)
Event: 4.181 Thread 0x637a6c00 nmethod 1773 0xa76a1d48 code [0xa76a1e40, 0xa76a1ee0]

GC Heap History (8 events):
Event: 0.893 GC heap before
{Heap before GC invocations=1 (full 0):
 PSYoungGen      total 19200K, used 16640K [0x918c0000, 0x92e00000, 0xa6e00000)
  eden space 16640K, 100% used [0x918c0000,0x92900000,0x92900000)
  from space 2560K, 0% used [0x92b80000,0x92b80000,0x92e00000)
  to   space 2560K, 0% used [0x92900000,0x92900000,0x92b80000)
 ParOldGen       total 43776K, used 0K [0x66e00000, 0x698c0000, 0x918c0000)
  object space 43776K, 0% used [0x66e00000,0x66e00000,0x698c0000)
 Metaspace       used 4672K, capacity 4714K, committed 4760K, reserved 5424K
Event: 0.898 GC heap after
Heap after GC invocations=1 (full 0):
 PSYoungGen      total 19200K, used 2550K [0x918c0000, 0x92e00000, 0xa6e00000)
  eden space 16640K, 0% used [0x918c0000,0x918c0000,0x92900000)
  from space 2560K, 99% used [0x92900000,0x92b7d928,0x92b80000)
  to   space 2560K, 0% used [0x92b80000,0x92b80000,0x92e00000)
 ParOldGen       total 43776K, used 794K [0x66e00000, 0x698c0000, 0x918c0000)
  object space 43776K, 1% used [0x66e00000,0x66ec6a40,0x698c0000)
 Metaspace       used 4672K, capacity 4714K, committed 4760K, reserved 5424K
}
Event: 1.463 GC heap before
{Heap before GC invocations=2 (full 0):
 PSYoungGen      total 19200K, used 19190K [0x918c0000, 0x92e00000, 0xa6e00000)
  eden space 16640K, 100% used [0x918c0000,0x92900000,0x92900000)
  from space 2560K, 99% used [0x92900000,0x92b7d928,0x92b80000)
  to   space 2560K, 0% used [0x92b80000,0x92b80000,0x92e00000)
 ParOldGen       total 43776K, used 794K [0x66e00000, 0x698c0000, 0x918c0000)
  object space 43776K, 1% used [0x66e00000,0x66ec6a40,0x698c0000)
 Metaspace       used 5294K, capacity 5322K, committed 5400K, reserved 5424K
Event: 1.481 GC heap after
Heap after GC invocations=2 (full 0):
 PSYoungGen      total 19200K, used 2559K [0x918c0000, 0x93e40000, 0xa6e00000)
  eden space 16640K, 0% used [0x918c0000,0x918c0000,0x92900000)
  from space 2560K, 99% used [0x92b80000,0x92dffd50,0x92e00000)
  to   space 2560K, 0% used [0x92900000,0x92900000,0x92b80000)
 ParOldGen       total 43776K, used 864K [0x66e00000, 0x698c0000, 0x918c0000)
  object space 43776K, 1% used [0x66e00000,0x66ed8378,0x698c0000)
 Metaspace       used 5294K, capacity 5322K, committed 5400K, reserved 5424K
}
Event: 1.914 GC heap before
{Heap before GC invocations=3 (full 0):
 PSYoungGen      total 19200K, used 19199K [0x918c0000, 0x93e40000, 0xa6e00000)
  eden space 16640K, 100% used [0x918c0000,0x92900000,0x92900000)
  from space 2560K, 99% used [0x92b80000,0x92dffd50,0x92e00000)
  to   space 2560K, 0% used [0x92900000,0x92900000,0x92b80000)
 ParOldGen       total 43776K, used 864K [0x66e00000, 0x698c0000, 0x918c0000)
  object space 43776K, 1% used [0x66e00000,0x66ed8378,0x698c0000)
 Metaspace       used 6650K, capacity 6711K, committed 6808K, reserved 7472K
Event: 1.928 GC heap after
Heap after GC invocations=3 (full 0):
 PSYoungGen      total 19200K, used 2547K [0x918c0000, 0x93e40000, 0xa6e00000)
  eden space 16640K, 0% used [0x918c0000,0x918c0000,0x92900000)
  from space 2560K, 99% used [0x92900000,0x92b7ce70,0x92b80000)
  to   space 2560K, 0% used [0x93bc0000,0x93bc0000,0x93e40000)
 ParOldGen       total 43776K, used 2327K [0x66e00000, 0x698c0000, 0x918c0000)
  object space 43776K, 5% used [0x66e00000,0x67045fc8,0x698c0000)
 Metaspace       used 6650K, capacity 6711K, committed 6808K, reserved 7472K
}
Event: 2.585 GC heap before
{Heap before GC invocations=4 (full 0):
 PSYoungGen      total 19200K, used 19187K [0x918c0000, 0x93e40000, 0xa6e00000)
  eden space 16640K, 100% used [0x918c0000,0x92900000,0x92900000)
  from space 2560K, 99% used [0x92900000,0x92b7ce70,0x92b80000)
  to   space 2560K, 0% used [0x93bc0000,0x93bc0000,0x93e40000)
 ParOldGen       total 43776K, used 2327K [0x66e00000, 0x698c0000, 0x918c0000)
  object space 43776K, 5% used [0x66e00000,0x67045fc8,0x698c0000)
 Metaspace       used 8094K, capacity 8156K, committed 8216K, reserved 8496K
Event: 2.598 GC heap after
Heap after GC invocations=4 (full 0):
 PSYoungGen      total 35840K, used 2544K [0x918c0000, 0x93e40000, 0xa6e00000)
  eden space 33280K, 0% used [0x918c0000,0x918c0000,0x93940000)
  from space 2560K, 99% used [0x93bc0000,0x93e3c070,0x93e40000)
  to   space 2560K, 0% used [0x93940000,0x93940000,0x93bc0000)
 ParOldGen       total 43776K, used 4380K [0x66e00000, 0x698c0000, 0x918c0000)
  object space 43776K, 10% used [0x66e00000,0x672471b8,0x698c0000)
 Metaspace       used 8094K, capacity 8156K, committed 8216K, reserved 8496K
}

Deoptimization events (10 events):
Event: 0.943 Thread 0xb6208400 Uncommon trap: reason=range_check action=make_not_entrant pc=0xa737a044 method=sun.reflect.generics.parser.SignatureParser.current()C @ 34
Event: 1.003 Thread 0xb6208400 Uncommon trap: reason=unstable_if action=reinterpret pc=0xa7397fbc method=java.nio.charset.CoderResult.isOverflow()Z @ 5
Event: 1.091 Thread 0xb6208400 Uncommon trap: reason=unstable_if action=reinterpret pc=0xa73bbcf0 method=java.nio.charset.CoderResult.isOverflow()Z @ 5
Event: 1.134 Thread 0xb6208400 Uncommon trap: reason=unstable_if action=reinterpret pc=0xa73c5498 method=java.nio.charset.CoderResult.isOverflow()Z @ 5
Event: 3.169 Thread 0xb6208400 Uncommon trap: reason=class_check action=maybe_recompile pc=0xa74ef970 method=java.lang.reflect.Executable.getAnnotation(Ljava/lang/Class;)Ljava/lang/annotation/Annotation; @ 19
Event: 3.189 Thread 0xb6208400 Uncommon trap: reason=class_check action=maybe_recompile pc=0xa74ef970 method=java.lang.reflect.Executable.getAnnotation(Ljava/lang/Class;)Ljava/lang/annotation/Annotation; @ 19
Event: 3.196 Thread 0xb6208400 Uncommon trap: reason=unstable_if action=reinterpret pc=0xa757e24c method=com.google.inject.internal.asm.$Type.a(Ljava/lang/StringBuffer;Ljava/lang/Class;)V @ 127
Event: 3.295 Thread 0xb6208400 Uncommon trap: reason=unstable_if action=reinterpret pc=0xa745e09c method=java.util.concurrent.ConcurrentHashMap.putVal(Ljava/lang/Object;Ljava/lang/Object;Z)Ljava/lang/Object; @ 206
Event: 3.380 Thread 0xb6208400 Uncommon trap: reason=unstable_if action=reinterpret pc=0xa75a6dc0 method=java.lang.ref.ReferenceQueue.poll()Ljava/lang/ref/Reference; @ 4
Event: 3.743 Thread 0xb6208400 Uncommon trap: reason=unstable_if action=reinterpret pc=0xa7572620 method=com.google.inject.internal.asm.$Item.a(Lcom/google/inject/internal/asm/$Item;)Z @ 345

Classes redefined (0 events):
No events

Internal exceptions (10 events):
Event: 0.942 Thread 0xb6208400 Exception <a 'java/lang/ArrayIndexOutOfBoundsException'> (0x919fbb60) thrown at [/build/openjdk-8-2Hm3Za/openjdk-8-8u162-b12/src/hotspot/src/share/vm/runtime/sharedRuntime.cpp, line 605]
Event: 0.943 Thread 0xb6208400 Exception <a 'java/lang/ArrayIndexOutOfBoundsException': 100> (0x919fdaf8) thrown at [/build/openjdk-8-2Hm3Za/openjdk-8-8u162-b12/src/hotspot/src/share/vm/interpreter/interpreterRuntime.cpp, line 366]
Event: 0.943 Thread 0xb6208400 Exception <a 'java/lang/ArrayIndexOutOfBoundsException': 86> (0x919fee58) thrown at [/build/openjdk-8-2Hm3Za/openjdk-8-8u162-b12/src/hotspot/src/share/vm/interpreter/interpreterRuntime.cpp, line 366]
Event: 0.944 Thread 0xb6208400 Exception <a 'java/lang/ArrayIndexOutOfBoundsException': 111> (0x91a00310) thrown at [/build/openjdk-8-2Hm3Za/openjdk-8-8u162-b12/src/hotspot/src/share/vm/interpreter/interpreterRuntime.cpp, line 366]
Event: 0.944 Thread 0xb6208400 Exception <a 'java/lang/ArrayIndexOutOfBoundsException': 113> (0x91a01ca8) thrown at [/build/openjdk-8-2Hm3Za/openjdk-8-8u162-b12/src/hotspot/src/share/vm/interpreter/interpreterRuntime.cpp, line 366]
Event: 0.944 Thread 0xb6208400 Exception <a 'java/lang/ArrayIndexOutOfBoundsException': 71> (0x91a02fa8) thrown at [/build/openjdk-8-2Hm3Za/openjdk-8-8u162-b12/src/hotspot/src/share/vm/interpreter/interpreterRuntime.cpp, line 366]
Event: 0.944 Thread 0xb6208400 Exception <a 'java/lang/ArrayIndexOutOfBoundsException': 79> (0x91a04580) thrown at [/build/openjdk-8-2Hm3Za/openjdk-8-8u162-b12/src/hotspot/src/share/vm/interpreter/interpreterRuntime.cpp, line 366]
Event: 3.365 Thread 0xb6208400 Exception <a 'java/lang/NoClassDefFoundError': com/google/inject/servlet/ServletModuleTargetVisitor> (0x922e9748) thrown at [/build/openjdk-8-2Hm3Za/openjdk-8-8u162-b12/src/hotspot/src/share/vm/classfile/systemDictionary.cpp, line 199]
Event: 3.365 Thread 0xb6208400 Exception <a 'java/lang/NoClassDefFoundError'> (0x922e9748) thrown at [/build/openjdk-8-2Hm3Za/openjdk-8-8u162-b12/src/hotspot/src/share/vm/prims/jvm.cpp, line 1394]
Event: 3.365 Thread 0xb6208400 Exception <a 'java/lang/NoClassDefFoundError': javax/annotation/Priority> (0x922ee750) thrown at [/build/openjdk-8-2Hm3Za/openjdk-8-8u162-b12/src/hotspot/src/share/vm/classfile/systemDictionary.cpp, line 199]

Events (10 events):
Event: 4.067 loading class org/apache/maven/plugin/descriptor/DuplicateMojoDescriptorException
Event: 4.067 loading class org/apache/maven/plugin/descriptor/DuplicateMojoDescriptorException done
Event: 4.067 loading class org/apache/maven/plugin/descriptor/InvalidPluginDescriptorException
Event: 4.067 loading class org/apache/maven/plugin/descriptor/InvalidPluginDescriptorException done
Event: 4.102 loading class org/apache/maven/project/RepositorySessionDecorator
Event: 4.102 loading class org/apache/maven/project/RepositorySessionDecorator done
Event: 4.119 Executing VM operation: EnableBiasedLocking
Event: 4.126 Executing VM operation: EnableBiasedLocking done
Event: 4.158 loading class org/apache/maven/plugin/CompoundMojoExecutionListener
Event: 4.158 loading class org/apache/maven/plugin/CompoundMojoExecutionListener done


Dynamic libraries:
08048000-08049000 r-xp 00000000 08:01 1693449    /usr/lib/jvm/java-8-openjdk-i386/jre/bin/java
08049000-0804a000 r--p 00000000 08:01 1693449    /usr/lib/jvm/java-8-openjdk-i386/jre/bin/java
0804a000-0804b000 rw-p 00001000 08:01 1693449    /usr/lib/jvm/java-8-openjdk-i386/jre/bin/java
09c27000-09c8d000 rw-p 00000000 00:00 0          [heap]
61c00000-61c21000 rw-p 00000000 00:00 0 
61c21000-61d00000 ---p 00000000 00:00 0 
61e00000-61f29000 rw-p 00000000 00:00 0 
61f29000-62000000 ---p 00000000 00:00 0 
62000000-62100000 rw-p 00000000 00:00 0 
62100000-62181000 rw-p 00000000 00:00 0 
62181000-62200000 ---p 00000000 00:00 0 
62200000-62300000 rw-p 00000000 00:00 0 
62300000-623ff000 rw-p 00000000 00:00 0 
623ff000-62400000 ---p 00000000 00:00 0 
62400000-62500000 rw-p 00000000 00:00 0 
62500000-62600000 rw-p 00000000 00:00 0 
62600000-62700000 rw-p 00000000 00:00 0 
62700000-627e2000 rw-p 00000000 00:00 0 
627e2000-62800000 ---p 00000000 00:00 0 
62800000-62900000 rw-p 00000000 00:00 0 
62900000-629f9000 rw-p 00000000 00:00 0 
629f9000-62a00000 ---p 00000000 00:00 0 
62a00000-62afd000 rw-p 00000000 00:00 0 
62afd000-62b00000 ---p 00000000 00:00 0 
62b00000-62bf1000 rw-p 00000000 00:00 0 
62bf1000-62c00000 ---p 00000000 00:00 0 
62cf3000-62d00000 r--s 0008d000 08:01 1149531    /usr/share/java/maven3-core-3.3.9.jar
62d00000-62efd000 rw-p 00000000 00:00 0 
62efd000-62f00000 ---p 00000000 00:00 0 
62f00000-62ffe000 rw-p 00000000 00:00 0 
62ffe000-63000000 ---p 00000000 00:00 0 
63005000-6300a000 r--s 0009d000 08:01 1692599    /usr/lib/jvm/java-8-openjdk-i386/jre/lib/jsse.jar
6300a000-6300d000 r--s 00007000 08:01 1149537    /usr/share/java/maven3-settings-builder-3.3.9.jar
6300d000-6300f000 r--s 0000d000 08:01 1149536    /usr/share/java/maven3-aether-provider-3.3.9.jar
6300f000-63016000 r--s 0002c000 08:01 1149509    /usr/share/java/sisu-plexus.jar
63016000-6301a000 r--s 00027000 08:01 1145546    /usr/share/java/commons-io-2.4.jar
6301a000-63022000 r--s 00054000 08:01 1149507    /usr/share/java/sisu-inject.jar
63022000-63029000 r--s 0005d000 08:01 1149254    /usr/share/java/commons-lang3.jar
63029000-6305a000 r--s 00207000 08:01 1149515    /usr/share/java/wagon-http-shaded-2.x.jar
6305a000-6305b000 ---p 00000000 00:00 0 
6305b000-630db000 rw-p 00000000 00:00 0 
630db000-630de000 ---p 00000000 00:00 0 
630de000-6312c000 rw-p 00000000 00:00 0 
6312c000-6312f000 ---p 00000000 00:00 0 
6312f000-631ad000 rw-p 00000000 00:00 0 
631ad000-631b0000 ---p 00000000 00:00 0 
631b0000-6322e000 rw-p 00000000 00:00 0 
6322e000-63231000 ---p 00000000 00:00 0 
63231000-632af000 rw-p 00000000 00:00 0 
632af000-632b2000 ---p 00000000 00:00 0 
632b2000-63300000 rw-p 00000000 00:00 0 
63300000-63500000 r--p 00000000 08:01 1110568    /usr/lib/locale/locale-archive
63500000-635f7000 rw-p 00000000 00:00 0 
635f7000-63600000 ---p 00000000 00:00 0 
63600000-63621000 rw-p 00000000 00:00 0 
63621000-63700000 ---p 00000000 00:00 0 
63700000-637fd000 rw-p 00000000 00:00 0 
637fd000-63800000 ---p 00000000 00:00 0 
63800000-63801000 r--s 00001000 08:01 1149511    /usr/share/java/wagon-file-2.x.jar
63801000-63802000 r--s 00004000 08:01 1145398    /usr/share/java/atinject-jsr330-tck-1.0.jar
63802000-63804000 r--s 0000e000 08:01 1149271    /usr/share/java/plexus-interpolation.jar
63804000-63806000 r--s 00006000 08:01 1149372    /usr/share/java/eclipse-aether-spi.jar
63806000-63807000 r--s 00008000 08:01 1149370    /usr/share/java/eclipse-aether-connector-basic.jar
63807000-6380b000 r--s 00027000 08:01 1149367    /usr/share/java/eclipse-aether-impl.jar
6380b000-6380d000 r--s 00005000 08:01 1149373    /usr/share/java/eclipse-aether-transport-wagon.jar
6380d000-6380f000 r--s 00001000 08:01 1149403    /usr/share/java/aopalliance-1.0.jar
6380f000-63814000 r--s 0001d000 08:01 1149374    /usr/share/java/eclipse-aether-api.jar
63814000-63817000 ---p 00000000 00:00 0 
63817000-63865000 rw-p 00000000 00:00 0 
63865000-63866000 ---p 00000000 00:00 0 
63866000-638e6000 rw-p 00000000 00:00 0 
638e6000-63ab4000 r--s 03c2c000 08:01 1692598    /usr/lib/jvm/java-8-openjdk-i386/jre/lib/rt.jar
63ab4000-63efa000 rw-p 00000000 00:00 0 
63efa000-63f00000 ---p 00000000 00:00 0 
63f00000-66300000 rw-p 00000000 00:00 0 
66300000-663f4000 rw-p 00000000 00:00 0 
663f4000-66400000 ---p 00000000 00:00 0 
66400000-66402000 r--s 00001000 08:01 1149538    /usr/share/java/maven3-builder-support-3.3.9.jar
66402000-6642e000 r--s 00208000 08:01 1148516    /usr/share/java/guava.jar
6642e000-66431000 ---p 00000000 00:00 0 
66431000-6647f000 rw-p 00000000 00:00 0 
6647f000-66480000 ---p 00000000 00:00 0 
66480000-66500000 rw-p 00000000 00:00 0 
66500000-665fa000 rw-p 00000000 00:00 0 
665fa000-66600000 ---p 00000000 00:00 0 
66600000-66602000 r--s 00002000 08:01 1149449    /usr/share/java/plexus-cipher.jar
66602000-66603000 r--s 00002000 08:01 1149066    /usr/share/java/slf4j-simple.jar
66603000-66605000 r--s 00013000 08:01 1149534    /usr/share/java/maven3-embedder-3.3.9.jar
66605000-66607000 r--s 00027000 08:01 1149535    /usr/share/java/maven3-model-3.3.9.jar
66607000-66609000 r--s 0000a000 08:01 1147016    /usr/share/java/commons-cli-1.3.1.jar
66609000-6660b000 r--s 0000a000 08:01 1149512    /usr/share/java/wagon-provider-api-2.x.jar
6660b000-6660e000 r--s 0000a000 08:01 1149539    /usr/share/java/maven3-artifact-3.3.9.jar
6660e000-66612000 r--s 00020000 08:01 1149392    /usr/share/java/eclipse-aether-util.jar
66612000-66613000 r--s 00006000 08:01 1149532    /usr/share/java/maven3-repository-metadata-3.3.9.jar
66613000-66615000 r--s 00007000 08:01 1149069    /usr/share/java/slf4j-api.jar
66615000-66616000 r--s 0000a000 08:01 1149528    /usr/share/java/maven3-settings-3.3.9.jar
66616000-66617000 r--s 00001000 08:01 1149518    /usr/share/java/wagon-http-shared-2.x.jar
66617000-66618000 r--s 00006000 08:01 1149451    /usr/share/java/plexus-sec-dispatcher.jar
66618000-6661e000 r--s 00048000 08:01 1149288    /usr/share/java/jsoup.jar
6661e000-66623000 r--s 00025000 08:01 1149533    /usr/share/java/maven3-model-builder-3.3.9.jar
66623000-66631000 r--s 00095000 08:01 1149408    /usr/share/java/guice.jar
66631000-6667f000 rw-p 00000000 00:00 0 
6667f000-66680000 ---p 00000000 00:00 0 
66680000-66700000 rw-p 00000000 00:00 0 
66700000-66721000 rw-p 00000000 00:00 0 
66721000-66800000 ---p 00000000 00:00 0 
66800000-66804000 r--s 00038000 08:01 1149495    /usr/share/java/plexus-utils2.jar
66804000-66809000 r--s 00040000 08:01 1145678    /usr/share/java/commons-lang-2.6.jar
66809000-66824000 r--s 00394000 08:01 1692580    /usr/lib/jvm/java-8-openjdk-i386/jre/lib/ext/cldrdata.jar
66824000-6687f000 rw-p 00000000 00:00 0 
6687f000-66880000 ---p 00000000 00:00 0 
66880000-66900000 rw-p 00000000 00:00 0 
66900000-66921000 rw-p 00000000 00:00 0 
66921000-66a00000 ---p 00000000 00:00 0 
66a00000-66a02000 r--s 0000a000 08:01 1149529    /usr/share/java/maven3-plugin-api-3.3.9.jar
66a02000-66a04000 r--s 00000000 08:01 1149499    /usr/share/java/plexus-component-annotations-1.5.jar
66a04000-66a06000 r--s 00012000 08:01 1144777    /usr/share/java/el-api-3.0.jar
66a06000-66a0d000 r--s 00041000 08:01 1149530    /usr/share/java/maven3-compat-3.3.9.jar
66a0d000-66a28000 r--s 001d6000 08:01 1692582    /usr/lib/jvm/java-8-openjdk-i386/jre/lib/ext/nashorn.jar
66a28000-66a29000 ---p 00000000 00:00 0 
66a29000-66abf000 rw-p 00000000 00:00 0 
66abf000-66bff000 ---p 00000000 00:00 0 
66bff000-66c15000 rw-p 00000000 00:00 0 
66c15000-66d54000 ---p 00000000 00:00 0 
66d54000-66d68000 rw-p 00000000 00:00 0 
66d68000-66dff000 ---p 00000000 00:00 0 
66dff000-698c0000 rw-p 00000000 00:00 0 
698c0000-918c0000 ---p 00000000 00:00 0 
918c0000-93e40000 rw-p 00000000 00:00 0 
93e40000-a6e00000 ---p 00000000 00:00 0 
a6e00000-a6e01000 r--s 00000000 08:01 1149240    /usr/share/java/geronimo-interceptor-3.0-spec-1.0.1.jar
a6e01000-a6e04000 r--s 00008000 08:01 1149246    /usr/share/java/cdi-api-1.0.jar
a6e04000-a6e06000 r--s 0000a000 08:01 1149493    /usr/share/java/plexus-classworlds2-2.5.2.jar
a6e06000-a6e0b000 r--s 0003b000 08:01 1692576    /usr/lib/jvm/java-8-openjdk-i386/jre/lib/ext/sunjce_provider.jar
a6e0b000-a6e15000 r--s 00116000 08:01 1692574    /usr/lib/jvm/java-8-openjdk-i386/jre/lib/ext/localedata.jar
a6e15000-a6e40000 rw-p 00000000 00:00 0 
a6e40000-a71ed000 ---p 00000000 00:00 0 
a71ed000-a76a5000 rwxp 00000000 00:00 0 
a76ad000-b61ed000 ---p 00000000 00:00 0 
b61ed000-b61f8000 r-xp 00000000 08:01 3402889    /lib/i386-linux-gnu/libnss_files-2.23.so
b61f8000-b61f9000 r--p 0000a000 08:01 3402889    /lib/i386-linux-gnu/libnss_files-2.23.so
b61f9000-b61fa000 rw-p 0000b000 08:01 3402889    /lib/i386-linux-gnu/libnss_files-2.23.so
b61fa000-b6200000 rw-p 00000000 00:00 0 
b6200000-b62fc000 rw-p 00000000 00:00 0 
b62fc000-b6300000 ---p 00000000 00:00 0 
b6300000-b6302000 r--s 00008000 08:01 1692578    /usr/lib/jvm/java-8-openjdk-i386/jre/lib/ext/sunec.jar
b6302000-b630d000 r-xp 00000000 08:01 3402895    /lib/i386-linux-gnu/libnss_nis-2.23.so
b630d000-b630e000 r--p 0000a000 08:01 3402895    /lib/i386-linux-gnu/libnss_nis-2.23.so
b630e000-b630f000 rw-p 0000b000 08:01 3402895    /lib/i386-linux-gnu/libnss_nis-2.23.so
b630f000-b6326000 r-xp 00000000 08:01 3402652    /lib/i386-linux-gnu/libnsl-2.23.so
b6326000-b6327000 r--p 00016000 08:01 3402652    /lib/i386-linux-gnu/libnsl-2.23.so
b6327000-b6328000 rw-p 00017000 08:01 3402652    /lib/i386-linux-gnu/libnsl-2.23.so
b6328000-b632a000 rw-p 00000000 00:00 0 
b632a000-b6332000 r-xp 00000000 08:01 3402720    /lib/i386-linux-gnu/libnss_compat-2.23.so
b6332000-b6333000 r--p 00007000 08:01 3402720    /lib/i386-linux-gnu/libnss_compat-2.23.so
b6333000-b6334000 rw-p 00008000 08:01 3402720    /lib/i386-linux-gnu/libnss_compat-2.23.so
b6334000-b6335000 r--s 00000000 08:01 1145399    /usr/share/java/atinject-jsr330-api-1.0.jar
b6335000-b6337000 r--s 00001000 08:01 1692579    /usr/lib/jvm/java-8-openjdk-i386/jre/lib/ext/dnsns.jar
b6337000-b633a000 r--s 0000f000 08:01 1692575    /usr/lib/jvm/java-8-openjdk-i386/jre/lib/ext/icedtea-sound.jar
b633a000-b6342000 r-xp 00000000 08:01 1693413    /usr/lib/jvm/java-8-openjdk-i386/jre/lib/i386/libzip.so
b6342000-b6343000 r--p 00007000 08:01 1693413    /usr/lib/jvm/java-8-openjdk-i386/jre/lib/i386/libzip.so
b6343000-b6344000 rw-p 00008000 08:01 1693413    /usr/lib/jvm/java-8-openjdk-i386/jre/lib/i386/libzip.so
b6344000-b634c000 rw-s 00000000 08:01 2576650    /tmp/hsperfdata_sarnobat/30503
b634c000-b6374000 r-xp 00000000 08:01 1693416    /usr/lib/jvm/java-8-openjdk-i386/jre/lib/i386/libjava.so
b6374000-b6375000 r--p 00027000 08:01 1693416    /usr/lib/jvm/java-8-openjdk-i386/jre/lib/i386/libjava.so
b6375000-b6376000 rw-p 00028000 08:01 1693416    /usr/lib/jvm/java-8-openjdk-i386/jre/lib/i386/libjava.so
b6376000-b637d000 r-xp 00000000 08:01 3402905    /lib/i386-linux-gnu/librt-2.23.so
b637d000-b637e000 r--p 00006000 08:01 3402905    /lib/i386-linux-gnu/librt-2.23.so
b637e000-b637f000 rw-p 00007000 08:01 3402905    /lib/i386-linux-gnu/librt-2.23.so
b637f000-b6382000 ---p 00000000 00:00 0 
b6382000-b63d0000 rw-p 00000000 00:00 0 
b63d0000-b63ec000 r-xp 00000000 08:01 3402590    /lib/i386-linux-gnu/libgcc_s.so.1
b63ec000-b63ed000 rw-p 0001b000 08:01 3402590    /lib/i386-linux-gnu/libgcc_s.so.1
b63ed000-b6440000 r-xp 00000000 08:01 3402651    /lib/i386-linux-gnu/libm-2.23.so
b6440000-b6441000 r--p 00052000 08:01 3402651    /lib/i386-linux-gnu/libm-2.23.so
b6441000-b6442000 rw-p 00053000 08:01 3402651    /lib/i386-linux-gnu/libm-2.23.so
b6442000-b65af000 r-xp 00000000 08:01 1104849    /usr/lib/i386-linux-gnu/libstdc++.so.6.0.21
b65af000-b65b0000 ---p 0016d000 08:01 1104849    /usr/lib/i386-linux-gnu/libstdc++.so.6.0.21
b65b0000-b65b5000 r--p 0016d000 08:01 1104849    /usr/lib/i386-linux-gnu/libstdc++.so.6.0.21
b65b5000-b65b6000 rw-p 00172000 08:01 1104849    /usr/lib/i386-linux-gnu/libstdc++.so.6.0.21
b65b6000-b65b9000 rw-p 00000000 00:00 0 
b65b9000-b708f000 r-xp 00000000 08:01 1693411    /usr/lib/jvm/java-8-openjdk-i386/jre/lib/i386/server/libjvm.so
b708f000-b70d5000 r--p 00ad5000 08:01 1693411    /usr/lib/jvm/java-8-openjdk-i386/jre/lib/i386/server/libjvm.so
b70d5000-b70ec000 rw-p 00b1b000 08:01 1693411    /usr/lib/jvm/java-8-openjdk-i386/jre/lib/i386/server/libjvm.so
b70ec000-b750c000 rw-p 00000000 00:00 0 
b750c000-b7525000 r-xp 00000000 08:01 3402662    /lib/i386-linux-gnu/libpthread-2.23.so
b7525000-b7526000 r--p 00018000 08:01 3402662    /lib/i386-linux-gnu/libpthread-2.23.so
b7526000-b7527000 rw-p 00019000 08:01 3402662    /lib/i386-linux-gnu/libpthread-2.23.so
b7527000-b7529000 rw-p 00000000 00:00 0 
b7529000-b752c000 r-xp 00000000 08:01 3402697    /lib/i386-linux-gnu/libdl-2.23.so
b752c000-b752d000 r--p 00002000 08:01 3402697    /lib/i386-linux-gnu/libdl-2.23.so
b752d000-b752e000 rw-p 00003000 08:01 3402697    /lib/i386-linux-gnu/libdl-2.23.so
b752e000-b752f000 rw-p 00000000 00:00 0 
b752f000-b7548000 r-xp 00000000 08:01 3402741    /lib/i386-linux-gnu/libz.so.1.2.8
b7548000-b7549000 r--p 00018000 08:01 3402741    /lib/i386-linux-gnu/libz.so.1.2.8
b7549000-b754a000 rw-p 00019000 08:01 3402741    /lib/i386-linux-gnu/libz.so.1.2.8
b754a000-b76fa000 r-xp 00000000 08:01 3402663    /lib/i386-linux-gnu/libc-2.23.so
b76fa000-b76fc000 r--p 001af000 08:01 3402663    /lib/i386-linux-gnu/libc-2.23.so
b76fc000-b76fd000 rw-p 001b1000 08:01 3402663    /lib/i386-linux-gnu/libc-2.23.so
b76fd000-b7700000 rw-p 00000000 00:00 0 
b7700000-b7701000 r--s 00010000 08:01 1692581    /usr/lib/jvm/java-8-openjdk-i386/jre/lib/ext/zipfs.jar
b7701000-b7702000 r--s 0000a000 08:01 1692577    /usr/lib/jvm/java-8-openjdk-i386/jre/lib/ext/jaccess.jar
b7702000-b7705000 r--s 00038000 08:01 1692573    /usr/lib/jvm/java-8-openjdk-i386/jre/lib/ext/sunpkcs11.jar
b7705000-b7706000 r--p 002d4000 08:01 1110568    /usr/lib/locale/locale-archive
b7706000-b7707000 rw-p 00000000 00:00 0 
b7707000-b7708000 r--p 00000000 00:00 0 
b7708000-b7716000 r-xp 00000000 08:01 1693425    /usr/lib/jvm/java-8-openjdk-i386/jre/lib/i386/libverify.so
b7716000-b7717000 r--p 0000d000 08:01 1693425    /usr/lib/jvm/java-8-openjdk-i386/jre/lib/i386/libverify.so
b7717000-b7718000 rw-p 0000e000 08:01 1693425    /usr/lib/jvm/java-8-openjdk-i386/jre/lib/i386/libverify.so
b7718000-b7725000 r-xp 00000000 08:01 1693421    /usr/lib/jvm/java-8-openjdk-i386/jre/lib/i386/jli/libjli.so
b7725000-b7726000 r--p 0000c000 08:01 1693421    /usr/lib/jvm/java-8-openjdk-i386/jre/lib/i386/jli/libjli.so
b7726000-b7727000 rw-p 0000d000 08:01 1693421    /usr/lib/jvm/java-8-openjdk-i386/jre/lib/i386/jli/libjli.so
b7727000-b7728000 rw-p 00000000 00:00 0 
b7728000-b772b000 r--p 00000000 00:00 0          [vvar]
b772b000-b772c000 r-xp 00000000 00:00 0          [vdso]
b772c000-b774f000 r-xp 00000000 08:01 3402661    /lib/i386-linux-gnu/ld-2.23.so
b774f000-b7750000 r--p 00022000 08:01 3402661    /lib/i386-linux-gnu/ld-2.23.so
b7750000-b7751000 rw-p 00023000 08:01 3402661    /lib/i386-linux-gnu/ld-2.23.so
bfe55000-bfe76000 rw-p 00000000 00:00 0          [stack]

VM Arguments:
jvm_args: -Dclassworlds.conf=/usr/share/maven/bin/m2.conf -Dmaven.home=/usr/share/maven -Dmaven.multiModuleProjectDirectory=/home/sarnobat/github/maven_project 
java_command: org.codehaus.plexus.classworlds.launcher.Launcher --quiet --settings /home/sarnobat/sarnobat.git/mac/.m2/settings.xml install exec:java -Dexec.mainClass=Md5RoList -Dexec.args=4485
java_class_path (initial): /usr/share/maven/boot/plexus-classworlds-2.x.jar
Launcher Type: SUN_STANDARD

Environment Variables:
JAVA_HOME=/usr/lib/jvm/java-8-openjdk-i386
PATH=/usr/bin:/bin
SHELL=/bin/sh

Signal Handlers:
SIGSEGV: [libjvm.so+0x8db350], sa_mask[0]=11111111011111111101111111111110, sa_flags=SA_RESTART|SA_SIGINFO
SIGBUS: [libjvm.so+0x8db350], sa_mask[0]=11111111011111111101111111111110, sa_flags=SA_RESTART|SA_SIGINFO
SIGFPE: [libjvm.so+0x73fd00], sa_mask[0]=11111111011111111101111111111110, sa_flags=SA_RESTART|SA_SIGINFO
SIGPIPE: [libjvm.so+0x73fd00], sa_mask[0]=11111111011111111101111111111110, sa_flags=SA_RESTART|SA_SIGINFO
SIGXFSZ: [libjvm.so+0x73fd00], sa_mask[0]=11111111011111111101111111111110, sa_flags=SA_RESTART|SA_SIGINFO
SIGILL: [libjvm.so+0x73fd00], sa_mask[0]=11111111011111111101111111111110, sa_flags=SA_RESTART|SA_SIGINFO
SIGUSR1: SIG_DFL, sa_mask[0]=00000000000000000000000000000000, sa_flags=none
SIGUSR2: [libjvm.so+0x73fb40], sa_mask[0]=00000000000000000000000000000000, sa_flags=SA_RESTART|SA_SIGINFO
SIGHUP: [libjvm.so+0x7402d0], sa_mask[0]=11111111011111111101111111111110, sa_flags=SA_RESTART|SA_SIGINFO
SIGINT: [libjvm.so+0x7402d0], sa_mask[0]=11111111011111111101111111111110, sa_flags=SA_RESTART|SA_SIGINFO
SIGTERM: [libjvm.so+0x7402d0], sa_mask[0]=11111111011111111101111111111110, sa_flags=SA_RESTART|SA_SIGINFO
SIGQUIT: [libjvm.so+0x7402d0], sa_mask[0]=11111111011111111101111111111110, sa_flags=SA_RESTART|SA_SIGINFO


---------------  S Y S T E M  ---------------

OS:DISTRIB_ID=Ubuntu
DISTRIB_RELEASE=16.04
DISTRIB_CODENAME=xenial
DISTRIB_DESCRIPTION="Ubuntu 16.04.1 LTS"

uname:Linux 4.4.0-119-generic #143-Ubuntu SMP Mon Apr 2 16:08:22 UTC 2018 i686
libc:glibc 2.23 NPTL 2.23 
rlimit: STACK 8192k, CORE 0k, NPROC 63044, NOFILE 1048576, AS infinity
load average:1.53 0.95 0.68

/proc/meminfo:
MemTotal:        8107396 kB
MemFree:          424484 kB
MemAvailable:          0 kB
Buffers:            5536 kB
Cached:            62192 kB
SwapCached:         7592 kB
Active:          6345188 kB
Inactive:        1132024 kB
Active(anon):    6328132 kB
Inactive(anon):  1116192 kB
Active(file):      17056 kB
Inactive(file):    15832 kB
Unevictable:           0 kB
Mlocked:               0 kB
HighTotal:       7292552 kB
HighFree:         119072 kB
LowTotal:         814844 kB
LowFree:          305412 kB
SwapTotal:       4007932 kB
SwapFree:              0 kB
Dirty:              1484 kB
Writeback:             0 kB
AnonPages:       7402496 kB
Mapped:            25236 kB
Shmem:             34416 kB
Slab:              73712 kB
SReclaimable:      24388 kB
SUnreclaim:        49324 kB
KernelStack:       25280 kB
PageTables:        57712 kB
NFS_Unstable:          0 kB
Bounce:                0 kB
WritebackTmp:          0 kB
CommitLimit:     8061628 kB
Committed_AS:   35163616 kB
VmallocTotal:     122880 kB
VmallocUsed:           0 kB
VmallocChunk:          0 kB
AnonHugePages:      2048 kB
CmaTotal:              0 kB
CmaFree:               0 kB
HugePages_Total:       0
HugePages_Free:        0
HugePages_Rsvd:        0
HugePages_Surp:        0
Hugepagesize:       2048 kB
DirectMap4k:       20472 kB
DirectMap2M:      890880 kB


CPU:total 4 (initial active 4) (2 cores per cpu, 2 threads per core) family 6 model 58 stepping 9, cmov, cx8, fxsr, mmx, sse, sse2, sse3, ssse3, sse4.1, sse4.2, popcnt, avx, aes, clmul, erms, ht, tsc, tscinvbit, tscinv

/proc/cpuinfo:
processor	: 0
vendor_id	: GenuineIntel
cpu family	: 6
model		: 58
model name	: Intel(R) Core(TM) i5-3427U CPU @ 1.80GHz
stepping	: 9
microcode	: 0x17
cpu MHz		: 2599.988
cache size	: 3072 KB
physical id	: 0
siblings	: 4
core id		: 0
cpu cores	: 2
apicid		: 0
initial apicid	: 0
fdiv_bug	: no
f00f_bug	: no
coma_bug	: no
fpu		: yes
fpu_exception	: yes
cpuid level	: 13
wp		: yes
flags		: fpu vme de pse tsc msr pae mce cx8 apic sep mtrr pge mca cmov pat pse36 clflush dts acpi mmx fxsr sse sse2 ss ht tm pbe nx rdtscp lm constant_tsc arch_perfmon pebs bts xtopology nonstop_tsc aperfmperf eagerfpu pni pclmulqdq dtes64 monitor ds_cpl vmx smx est tm2 ssse3 cx16 xtpr pdcm sse4_1 sse4_2 x2apic popcnt tsc_deadline_timer aes xsave avx f16c rdrand lahf_lm epb retpoline tpr_shadow vnmi flexpriority ept vpid fsgsbase smep erms xsaveopt dtherm ida arat pln pts
bugs		: cpu_meltdown spectre_v1 spectre_v2
bogomips	: 4589.71
clflush size	: 64
cache_alignment	: 64
address sizes	: 36 bits physical, 48 bits virtual
power management:

processor	: 1
vendor_id	: GenuineIntel
cpu family	: 6
model		: 58
model name	: Intel(R) Core(TM) i5-3427U CPU @ 1.80GHz
stepping	: 9
microcode	: 0x17
cpu MHz		: 2599.988
cache size	: 3072 KB
physical id	: 0
siblings	: 4
core id		: 1
cpu cores	: 2
apicid		: 2
initial apicid	: 2
fdiv_bug	: no
f00f_bug	: no
coma_bug	: no
fpu		: yes
fpu_exception	: yes
cpuid level	: 13
wp		: yes
flags		: fpu vme de pse tsc msr pae mce cx8 apic sep mtrr pge mca cmov pat pse36 clflush dts acpi mmx fxsr sse sse2 ss ht tm pbe nx rdtscp lm constant_tsc arch_perfmon pebs bts xtopology nonstop_tsc aperfmperf eagerfpu pni pclmulqdq dtes64 monitor ds_cpl vmx smx est tm2 ssse3 cx16 xtpr pdcm sse4_1 sse4_2 x2apic popcnt tsc_deadline_timer aes xsave avx f16c rdrand lahf_lm epb retpoline tpr_shadow vnmi flexpriority ept vpid fsgsbase smep erms xsaveopt dtherm ida arat pln pts
bugs		: cpu_meltdown spectre_v1 spectre_v2
bogomips	: 4589.71
clflush size	: 64
cache_alignment	: 64
address sizes	: 36 bits physical, 48 bits virtual
power management:

processor	: 2
vendor_id	: GenuineIntel
cpu family	: 6
model		: 58
model name	: Intel(R) Core(TM) i5-3427U CPU @ 1.80GHz
stepping	: 9
microcode	: 0x17
cpu MHz		: 2599.988
cache size	: 3072 KB
physical id	: 0
siblings	: 4
core id		: 0
cpu cores	: 2
apicid		: 1
initial apicid	: 1
fdiv_bug	: no
f00f_bug	: no
coma_bug	: no
fpu		: yes
fpu_exception	: yes
cpuid level	: 13
wp		: yes
flags		: fpu vme de pse tsc msr pae mce cx8 apic sep mtrr pge mca cmov pat pse36 clflush dts acpi mmx fxsr sse sse2 ss ht tm pbe nx rdtscp lm constant_tsc arch_perfmon pebs bts xtopology nonstop_tsc aperfmperf eagerfpu pni pclmulqdq dtes64 monitor ds_cpl vmx smx est tm2 ssse3 cx16 xtpr pdcm sse4_1 sse4_2 x2apic popcnt tsc_deadline_timer aes xsave avx f16c rdrand lahf_lm epb retpoline tpr_shadow vnmi flexpriority ept vpid fsgsbase smep erms xsaveopt dtherm ida arat pln pts
bugs		: cpu_meltdown spectre_v1 spectre_v2
bogomips	: 4589.71
clflush size	: 64
cache_alignment	: 64
address sizes	: 36 bits physical, 48 bits virtual
power management:

processor	: 3
vendor_id	: GenuineIntel
cpu family	: 6
model		: 58
model name	: Intel(R) Core(TM) i5-3427U CPU @ 1.80GHz
stepping	: 9
microcode	: 0x17
cpu MHz		: 2599.988
cache size	: 3072 KB
physical id	: 0
siblings	: 4
core id		: 1
cpu cores	: 2
apicid		: 3
initial apicid	: 3
fdiv_bug	: no
f00f_bug	: no
coma_bug	: no
fpu		: yes
fpu_exception	: yes
cpuid level	: 13
wp		: yes
flags		: fpu vme de pse tsc msr pae mce cx8 apic sep mtrr pge mca cmov pat pse36 clflush dts acpi mmx fxsr sse sse2 ss ht tm pbe nx rdtscp lm constant_tsc arch_perfmon pebs bts xtopology nonstop_tsc aperfmperf eagerfpu pni pclmulqdq dtes64 monitor ds_cpl vmx smx est tm2 ssse3 cx16 xtpr pdcm sse4_1 sse4_2 x2apic popcnt tsc_deadline_timer aes xsave avx f16c rdrand lahf_lm epb retpoline tpr_shadow vnmi flexpriority ept vpid fsgsbase smep erms xsaveopt dtherm ida arat pln pts
bugs		: cpu_meltdown spectre_v1 spectre_v2
bogomips	: 4589.71
clflush size	: 64
cache_alignment	: 64
address sizes	: 36 bits physical, 48 bits virtual
power management:



Memory: 4k page, physical 8107396k(424360k free), swap 4007932k(0k free)

vm_info: OpenJDK Server VM (25.162-b12) for linux-x86 JRE (1.8.0_162-8u162-b12-0ubuntu0.16.04.2-b12), built on Mar 14 2018 12:07:04 by "buildd" with gcc 5.4.0 20160609

time: Sat Apr 14 20:50:05 2018
elapsed time: 4 seconds (0d 0h 0m 4s)

