#
# There is insufficient memory for the Java Runtime Environment to continue.
# Native memory allocation (malloc) failed to allocate 288888 bytes for Chunk::new
# Possible reasons:
#   The system is out of physical RAM or swap space
#   In 32 bit mode, the process size limit was hit
# Possible solutions:
#   Reduce memory load on the system
#   Increase physical memory or swap space
#   Check if swap backing store is full
#   Use 64 bit Java on a 64 bit OS
#   Decrease Java heap size (-Xmx/-Xms)
#   Decrease number of Java threads
#   Decrease Java thread stack sizes (-Xss)
#   Set larger code cache with -XX:ReservedCodeCacheSize=
# This output file may be truncated or incomplete.
#
#  Out of Memory Error (allocation.cpp:390), pid=4142, tid=0x632dcb40
#
# JRE version: OpenJDK Runtime Environment (8.0_151-b12) (build 1.8.0_151-8u151-b12-0ubuntu0.16.04.2-b12)
# Java VM: OpenJDK Server VM (25.151-b12 mixed mode linux-x86 )
# Failed to write core dump. Core dumps have been disabled. To enable core dumping, try "ulimit -c unlimited" before starting Java again
#

---------------  T H R E A D  ---------------

Current thread (0x638a5c00):  JavaThread "C2 CompilerThread1" daemon [_thread_in_native, id=4263, stack(0x6325c000,0x632dd000)]

Stack: [0x6325c000,0x632dd000],  sp=0x632da930,  free space=506k
Native frames: (J=compiled Java code, j=interpreted, Vv=VM code, C=native code)
V  [libjvm.so+0x8d6834]
V  [libjvm.so+0x3a7c76]
V  [libjvm.so+0x1c07c5]
V  [libjvm.so+0x4d607e]
V  [libjvm.so+0x2c8e88]
V  [libjvm.so+0x3528d9]
V  [libjvm.so+0x355bdb]
V  [libjvm.so+0x2ad730]
V  [libjvm.so+0x360d41]
V  [libjvm.so+0x3624fa]
V  [libjvm.so+0x878977]
V  [libjvm.so+0x88198b]
V  [libjvm.so+0x881e5e]
V  [libjvm.so+0x73f2b5]
C  [libpthread.so.0+0x6295]  start_thread+0xe5
C  [libc.so.6+0xe70ae]  clone+0x6e


Current CompileTask:
C2:   2331  529   !   4       sun.nio.cs.StreamDecoder::read0 (116 bytes)


---------------  P R O C E S S  ---------------

Java Threads: ( => current thread )
  0x638aa400 JavaThread "Service Thread" daemon [_thread_blocked, id=4265, stack(0x6318a000,0x631db000)]
  0x638a7000 JavaThread "C1 CompilerThread2" daemon [_thread_blocked, id=4264, stack(0x631db000,0x6325c000)]
=>0x638a5c00 JavaThread "C2 CompilerThread1" daemon [_thread_in_native, id=4263, stack(0x6325c000,0x632dd000)]
  0x638a3c00 JavaThread "C2 CompilerThread0" daemon [_thread_in_native, id=4262, stack(0x632dd000,0x6335e000)]
  0x638a2400 JavaThread "Signal Dispatcher" daemon [_thread_blocked, id=4261, stack(0x6335e000,0x633af000)]
  0x63888400 JavaThread "Finalizer" daemon [_thread_blocked, id=4259, stack(0x635af000,0x63600000)]
  0x63885800 JavaThread "Reference Handler" daemon [_thread_blocked, id=4250, stack(0x63913000,0x63964000)]
  0xb6307800 JavaThread "main" [_thread_in_native, id=4233, stack(0xb6428000,0xb6479000)]

Other Threads:
  0x63881000 VMThread [stack: 0x63964000,0x639e5000] [id=4248]
  0x638ac000 WatcherThread [stack: 0x63109000,0x6318a000] [id=4266]

VM state:not at safepoint (normal execution)

VM Mutex/Monitor currently owned by a thread: None

Heap:
 PSYoungGen      total 19200K, used 14076K [0x918c0000, 0x92e00000, 0xa6e00000)
  eden space 16640K, 69% used [0x918c0000,0x92402450,0x92900000)
  from space 2560K, 99% used [0x92900000,0x92b7ccc8,0x92b80000)
  to   space 2560K, 0% used [0x92b80000,0x92b80000,0x92e00000)
 ParOldGen       total 43776K, used 824K [0x66e00000, 0x698c0000, 0x918c0000)
  object space 43776K, 1% used [0x66e00000,0x66ece020,0x698c0000)
 Metaspace       used 5067K, capacity 5098K, committed 5144K, reserved 5424K

Card table byte_map: [0x66bff000,0x66e00000] byte_map_base: 0x668c8000

Marking Bits: (ParMarkBitMap*) 0xb719e880
 Begin Bits: [0x64400000, 0x65400000)
 End Bits:   [0x65400000, 0x66400000)

Polling page: 0xb77ab000

CodeCache: size=245760Kb used=1982Kb max_used=1982Kb free=243777Kb
 bounds [0xa7292000, 0xa74d2000, 0xb6292000]
 total_blobs=729 nmethods=561 adapters=81
 compilation: enabled

Compilation events (10 events):
Event: 2.245 Thread 0x638a7000  566       3       org.codehaus.plexus.util.InterpolationFilterReader::read (48 bytes)
Event: 2.245 Thread 0x638a7000 nmethod 566 0xa746c248 code [0xa746c380, 0xa746c5cc]
Event: 2.256 Thread 0x638a7000  567       3       java.util.Collections::emptyMap (4 bytes)
Event: 2.257 Thread 0x638a7000 nmethod 567 0xa7463648 code [0xa7463760, 0xa7463820]
Event: 2.275 Thread 0x638a7000  568       3       org.eclipse.sisu.space.URLClassSpace::deferLoadClass (10 bytes)
Event: 2.275 Thread 0x638a7000 nmethod 568 0xa746bdc8 code [0xa746bf00, 0xa746c120]
Event: 2.298 Thread 0x638a7000  569       1       org.eclipse.sisu.plexus.PlexusTypeRegistry::getSpace (5 bytes)
Event: 2.299 Thread 0x638a7000 nmethod 569 0xa746bbc8 code [0xa746bcc0, 0xa746bd60]
Event: 2.299 Thread 0x638a7000  570       1       org.eclipse.sisu.space.NamedClass::getName (5 bytes)
Event: 2.299 Thread 0x638a7000 nmethod 570 0xa746b9c8 code [0xa746bac0, 0xa746bb60]

GC Heap History (2 events):
Event: 1.833 GC heap before
{Heap before GC invocations=1 (full 0):
 PSYoungGen      total 19200K, used 16640K [0x918c0000, 0x92e00000, 0xa6e00000)
  eden space 16640K, 100% used [0x918c0000,0x92900000,0x92900000)
  from space 2560K, 0% used [0x92b80000,0x92b80000,0x92e00000)
  to   space 2560K, 0% used [0x92900000,0x92900000,0x92b80000)
 ParOldGen       total 43776K, used 0K [0x66e00000, 0x698c0000, 0x918c0000)
  object space 43776K, 0% used [0x66e00000,0x66e00000,0x698c0000)
 Metaspace       used 4683K, capacity 4746K, committed 4760K, reserved 5424K
Event: 1.842 GC heap after
Heap after GC invocations=1 (full 0):
 PSYoungGen      total 19200K, used 2547K [0x918c0000, 0x92e00000, 0xa6e00000)
  eden space 16640K, 0% used [0x918c0000,0x918c0000,0x92900000)
  from space 2560K, 99% used [0x92900000,0x92b7ccc8,0x92b80000)
  to   space 2560K, 0% used [0x92b80000,0x92b80000,0x92e00000)
 ParOldGen       total 43776K, used 824K [0x66e00000, 0x698c0000, 0x918c0000)
  object space 43776K, 1% used [0x66e00000,0x66ece020,0x698c0000)
 Metaspace       used 4683K, capacity 4746K, committed 4760K, reserved 5424K
}

Deoptimization events (7 events):
Event: 1.058 Thread 0xb6307800 Uncommon trap: reason=unstable_if action=reinterpret pc=0xa73978c4 method=org.codehaus.plexus.util.xml.pull.MXParser.more()C @ 8
Event: 1.901 Thread 0xb6307800 Uncommon trap: reason=unstable_if action=reinterpret pc=0xa741ecc8 method=java.util.HashMap.getNode(ILjava/lang/Object;)Ljava/util/HashMap$Node; @ 129
Event: 1.923 Thread 0xb6307800 Uncommon trap: reason=range_check action=make_not_entrant pc=0xa7425844 method=sun.reflect.generics.parser.SignatureParser.current()C @ 34
Event: 2.110 Thread 0xb6307800 Uncommon trap: reason=unstable_if action=reinterpret pc=0xa745f484 method=java.nio.charset.CoderResult.isOverflow()Z @ 5
Event: 2.113 Thread 0xb6307800 Uncommon trap: reason=unstable_if action=reinterpret pc=0xa745c734 method=java.io.Reader.read()I @ 12
Event: 2.144 Thread 0xb6307800 Uncommon trap: reason=unstable_if action=reinterpret pc=0xa7458784 method=java.io.Reader.read()I @ 12
Event: 2.177 Thread 0xb6307800 Uncommon trap: reason=unstable_if action=reinterpret pc=0xa7470b68 method=java.nio.charset.CoderResult.isOverflow()Z @ 5

Internal exceptions (10 events):
Event: 1.921 Thread 0xb6307800 Exception <a 'java/lang/ArrayIndexOutOfBoundsException'> (0x919f60a0) thrown at [/build/openjdk-8-Y4imzb/openjdk-8-8u151-b12/src/hotspot/src/share/vm/runtime/sharedRuntime.cpp, line 605]
Event: 1.922 Thread 0xb6307800 Exception <a 'java/lang/ArrayIndexOutOfBoundsException'> (0x919f6c78) thrown at [/build/openjdk-8-Y4imzb/openjdk-8-8u151-b12/src/hotspot/src/share/vm/runtime/sharedRuntime.cpp, line 605]
Event: 1.922 Thread 0xb6307800 Exception <a 'java/lang/ArrayIndexOutOfBoundsException'> (0x919f81a0) thrown at [/build/openjdk-8-Y4imzb/openjdk-8-8u151-b12/src/hotspot/src/share/vm/runtime/sharedRuntime.cpp, line 605]
Event: 1.922 Thread 0xb6307800 Exception <a 'java/lang/ArrayIndexOutOfBoundsException'> (0x919fa020) thrown at [/build/openjdk-8-Y4imzb/openjdk-8-8u151-b12/src/hotspot/src/share/vm/runtime/sharedRuntime.cpp, line 605]
Event: 1.922 Thread 0xb6307800 Exception <a 'java/lang/ArrayIndexOutOfBoundsException'> (0x919fb468) thrown at [/build/openjdk-8-Y4imzb/openjdk-8-8u151-b12/src/hotspot/src/share/vm/runtime/sharedRuntime.cpp, line 605]
Event: 1.923 Thread 0xb6307800 Exception <a 'java/lang/ArrayIndexOutOfBoundsException'> (0x919fc950) thrown at [/build/openjdk-8-Y4imzb/openjdk-8-8u151-b12/src/hotspot/src/share/vm/runtime/sharedRuntime.cpp, line 605]
Event: 1.923 Thread 0xb6307800 Exception <a 'java/lang/ArrayIndexOutOfBoundsException'> (0x919fe2e8) thrown at [/build/openjdk-8-Y4imzb/openjdk-8-8u151-b12/src/hotspot/src/share/vm/runtime/sharedRuntime.cpp, line 605]
Event: 1.923 Thread 0xb6307800 Exception <a 'java/lang/ArrayIndexOutOfBoundsException'> (0x919ff5e8) thrown at [/build/openjdk-8-Y4imzb/openjdk-8-8u151-b12/src/hotspot/src/share/vm/runtime/sharedRuntime.cpp, line 605]
Event: 1.923 Thread 0xb6307800 Exception <a 'java/lang/ArrayIndexOutOfBoundsException'> (0x91a00ce0) thrown at [/build/openjdk-8-Y4imzb/openjdk-8-8u151-b12/src/hotspot/src/share/vm/runtime/sharedRuntime.cpp, line 605]
Event: 1.924 Thread 0xb6307800 Exception <a 'java/lang/ArrayIndexOutOfBoundsException': 85> (0x91a020c0) thrown at [/build/openjdk-8-Y4imzb/openjdk-8-8u151-b12/src/hotspot/src/share/vm/interpreter/interpreterRuntime.cpp, line 366]

Events (10 events):
Event: 2.313 loading class org/apache/maven/lifecycle/internal/MojoDescriptorCreator
Event: 2.313 loading class org/apache/maven/lifecycle/internal/MojoDescriptorCreator done
Event: 2.314 loading class org/apache/maven/lifecycle/internal/BuildListCalculator
Event: 2.314 loading class org/apache/maven/lifecycle/internal/BuildListCalculator done
Event: 2.314 loading class org/apache/maven/lifecycle/MojoExecutionConfigurator
Event: 2.314 loading class org/apache/maven/lifecycle/MojoExecutionConfigurator done
Event: 2.315 loading class org/apache/maven/lifecycle/internal/LifecycleDebugLogger
Event: 2.315 loading class org/apache/maven/lifecycle/internal/LifecycleDebugLogger done
Event: 2.315 loading class org/apache/maven/lifecycle/internal/LifecycleExecutionPlanCalculator
Event: 2.315 loading class org/apache/maven/lifecycle/internal/LifecycleExecutionPlanCalculator done


Dynamic libraries:
08048000-08049000 r-xp 00000000 08:01 1693306    /usr/lib/jvm/java-8-openjdk-i386/jre/bin/java
08049000-0804a000 r--p 00000000 08:01 1693306    /usr/lib/jvm/java-8-openjdk-i386/jre/bin/java
0804a000-0804b000 rw-p 00001000 08:01 1693306    /usr/lib/jvm/java-8-openjdk-i386/jre/bin/java
08324000-08345000 rw-p 00000000 00:00 0          [heap]
62500000-62532000 rw-p 00000000 00:00 0 
62532000-62600000 ---p 00000000 00:00 0 
62700000-627fc000 rw-p 00000000 00:00 0 
627fc000-62800000 ---p 00000000 00:00 0 
62800000-62829000 rw-p 00000000 00:00 0 
62829000-62900000 ---p 00000000 00:00 0 
62900000-629c1000 rw-p 00000000 00:00 0 
629c1000-62a00000 ---p 00000000 00:00 0 
62a00000-62afc000 rw-p 00000000 00:00 0 
62afc000-62b00000 ---p 00000000 00:00 0 
62b00000-62bc0000 rw-p 00000000 00:00 0 
62bc0000-62c00000 ---p 00000000 00:00 0 
62c00000-62cff000 rw-p 00000000 00:00 0 
62cff000-62d00000 ---p 00000000 00:00 0 
62d00000-62dfe000 rw-p 00000000 00:00 0 
62dfe000-62e00000 ---p 00000000 00:00 0 
62e00000-62efe000 rw-p 00000000 00:00 0 
62efe000-62f00000 ---p 00000000 00:00 0 
62fa4000-62fb1000 r--s 0008d000 08:01 1149531    /usr/share/java/maven3-core-3.3.9.jar
62fb1000-62fb2000 r--s 00001000 08:01 1149511    /usr/share/java/wagon-file-2.x.jar
62fb2000-62fb5000 r--s 00007000 08:01 1149537    /usr/share/java/maven3-settings-builder-3.3.9.jar
62fb5000-62fb7000 r--s 0000d000 08:01 1149536    /usr/share/java/maven3-aether-provider-3.3.9.jar
62fb7000-62fbe000 r--s 0002c000 08:01 1149509    /usr/share/java/sisu-plexus.jar
62fbe000-62fc2000 r--s 00027000 08:01 1145546    /usr/share/java/commons-io-2.4.jar
62fc2000-62fca000 r--s 00054000 08:01 1149507    /usr/share/java/sisu-inject.jar
62fca000-62fd1000 r--s 0005d000 08:01 1149254    /usr/share/java/commons-lang3.jar
62fd1000-62fd2000 r--s 00004000 08:01 1145398    /usr/share/java/atinject-jsr330-tck-1.0.jar
62fd2000-62fd4000 r--s 0000e000 08:01 1149271    /usr/share/java/plexus-interpolation.jar
62fd4000-63000000 r--s 00208000 08:01 1148516    /usr/share/java/guava.jar
63000000-630fd000 rw-p 00000000 00:00 0 
630fd000-63100000 ---p 00000000 00:00 0 
63100000-63102000 r--s 00006000 08:01 1149372    /usr/share/java/eclipse-aether-spi.jar
63102000-63103000 r--s 00008000 08:01 1149370    /usr/share/java/eclipse-aether-connector-basic.jar
63103000-63107000 r--s 00027000 08:01 1149367    /usr/share/java/eclipse-aether-impl.jar
63107000-63109000 r--s 00005000 08:01 1149373    /usr/share/java/eclipse-aether-transport-wagon.jar
63109000-6310a000 ---p 00000000 00:00 0 
6310a000-6318a000 rw-p 00000000 00:00 0 
6318a000-6318d000 ---p 00000000 00:00 0 
6318d000-631db000 rw-p 00000000 00:00 0 
631db000-631de000 ---p 00000000 00:00 0 
631de000-6325c000 rw-p 00000000 00:00 0 
6325c000-6325f000 ---p 00000000 00:00 0 
6325f000-632dd000 rw-p 00000000 00:00 0 
632dd000-632e0000 ---p 00000000 00:00 0 
632e0000-6335e000 rw-p 00000000 00:00 0 
6335e000-63361000 ---p 00000000 00:00 0 
63361000-633af000 rw-p 00000000 00:00 0 
633af000-635af000 r--p 00000000 08:01 1110568    /usr/lib/locale/locale-archive
635af000-635b2000 ---p 00000000 00:00 0 
635b2000-63600000 rw-p 00000000 00:00 0 
63600000-636fc000 rw-p 00000000 00:00 0 
636fc000-63700000 ---p 00000000 00:00 0 
63700000-63721000 rw-p 00000000 00:00 0 
63721000-63800000 ---p 00000000 00:00 0 
63800000-638fc000 rw-p 00000000 00:00 0 
638fc000-63900000 ---p 00000000 00:00 0 
63900000-63902000 r--s 00001000 08:01 1149403    /usr/share/java/aopalliance-1.0.jar
63902000-63904000 r--s 00001000 08:01 1149538    /usr/share/java/maven3-builder-support-3.3.9.jar
63904000-63909000 r--s 0001d000 08:01 1149374    /usr/share/java/eclipse-aether-api.jar
63909000-6390b000 r--s 00002000 08:01 1149449    /usr/share/java/plexus-cipher.jar
6390b000-6390d000 r--s 00013000 08:01 1149534    /usr/share/java/maven3-embedder-3.3.9.jar
6390d000-6390f000 r--s 00027000 08:01 1149535    /usr/share/java/maven3-model-3.3.9.jar
6390f000-63911000 r--s 0000a000 08:01 1147016    /usr/share/java/commons-cli-1.3.1.jar
63911000-63913000 r--s 0000a000 08:01 1149512    /usr/share/java/wagon-provider-api-2.x.jar
63913000-63916000 ---p 00000000 00:00 0 
63916000-63964000 rw-p 00000000 00:00 0 
63964000-63965000 ---p 00000000 00:00 0 
63965000-639e5000 rw-p 00000000 00:00 0 
639e5000-63bb4000 r--s 03c21000 08:01 1693223    /usr/lib/jvm/java-8-openjdk-i386/jre/lib/rt.jar
63bb4000-63ffa000 rw-p 00000000 00:00 0 
63ffa000-64000000 ---p 00000000 00:00 0 
64000000-66400000 rw-p 00000000 00:00 0 
66400000-664fa000 rw-p 00000000 00:00 0 
664fa000-66500000 ---p 00000000 00:00 0 
66500000-66531000 r--s 00207000 08:01 1149515    /usr/share/java/wagon-http-shaded-2.x.jar
66531000-6657f000 rw-p 00000000 00:00 0 
6657f000-66580000 ---p 00000000 00:00 0 
66580000-66600000 rw-p 00000000 00:00 0 
66600000-666fe000 rw-p 00000000 00:00 0 
666fe000-66700000 ---p 00000000 00:00 0 
66700000-66721000 rw-p 00000000 00:00 0 
66721000-66800000 ---p 00000000 00:00 0 
66800000-66801000 r--s 00002000 08:01 1149066    /usr/share/java/slf4j-simple.jar
66801000-66804000 r--s 0000a000 08:01 1149539    /usr/share/java/maven3-artifact-3.3.9.jar
66804000-66808000 r--s 00020000 08:01 1149392    /usr/share/java/eclipse-aether-util.jar
66808000-66809000 r--s 00006000 08:01 1149532    /usr/share/java/maven3-repository-metadata-3.3.9.jar
66809000-6680b000 r--s 00007000 08:01 1149069    /usr/share/java/slf4j-api.jar
6680b000-6680c000 r--s 0000a000 08:01 1149528    /usr/share/java/maven3-settings-3.3.9.jar
6680c000-6680d000 r--s 00001000 08:01 1149518    /usr/share/java/wagon-http-shared-2.x.jar
6680d000-6680e000 r--s 00006000 08:01 1149451    /usr/share/java/plexus-sec-dispatcher.jar
6680e000-66812000 r--s 00038000 08:01 1149495    /usr/share/java/plexus-utils2.jar
66812000-66818000 r--s 00048000 08:01 1149288    /usr/share/java/jsoup.jar
66818000-6681a000 r--s 0000a000 08:01 1149529    /usr/share/java/maven3-plugin-api-3.3.9.jar
6681a000-6681f000 r--s 00025000 08:01 1149533    /usr/share/java/maven3-model-builder-3.3.9.jar
6681f000-66824000 r--s 00040000 08:01 1145678    /usr/share/java/commons-lang-2.6.jar
66824000-6687f000 rw-p 00000000 00:00 0 
6687f000-66880000 ---p 00000000 00:00 0 
66880000-66900000 rw-p 00000000 00:00 0 
66900000-66921000 rw-p 00000000 00:00 0 
66921000-66a00000 ---p 00000000 00:00 0 
66a00000-66a02000 r--s 00000000 08:01 1149499    /usr/share/java/plexus-component-annotations-1.5.jar
66a02000-66a03000 r--s 00000000 08:01 1149240    /usr/share/java/geronimo-interceptor-3.0-spec-1.0.1.jar
66a03000-66a05000 r--s 00012000 08:01 1144777    /usr/share/java/el-api-3.0.jar
66a05000-66a06000 r--s 00000000 08:01 1145399    /usr/share/java/atinject-jsr330-api-1.0.jar
66a06000-66a0d000 r--s 00041000 08:01 1149530    /usr/share/java/maven3-compat-3.3.9.jar
66a0d000-66a28000 r--s 00394000 08:01 1693228    /usr/lib/jvm/java-8-openjdk-i386/jre/lib/ext/cldrdata.jar
66a28000-66a29000 ---p 00000000 00:00 0 
66a29000-66abf000 rw-p 00000000 00:00 0 
66abf000-66bff000 ---p 00000000 00:00 0 
66bff000-66c15000 rw-p 00000000 00:00 0 
66c15000-66d54000 ---p 00000000 00:00 0 
66d54000-66d5f000 rw-p 00000000 00:00 0 
66d5f000-66dff000 ---p 00000000 00:00 0 
66dff000-698c0000 rw-p 00000000 00:00 0 
698c0000-918c0000 ---p 00000000 00:00 0 
918c0000-92e00000 rw-p 00000000 00:00 0 
92e00000-a6e00000 ---p 00000000 00:00 0 
a6e00000-a6e03000 r--s 00008000 08:01 1149246    /usr/share/java/cdi-api-1.0.jar
a6e03000-a6e11000 r--s 00095000 08:01 1149408    /usr/share/java/guice.jar
a6e11000-a6e13000 r--s 0000a000 08:01 1149493    /usr/share/java/plexus-classworlds2-2.5.2.jar
a6e13000-a6e15000 r--s 00008000 08:01 1693232    /usr/lib/jvm/java-8-openjdk-i386/jre/lib/ext/sunec.jar
a6e15000-a6e16000 r--s 00010000 08:01 1693229    /usr/lib/jvm/java-8-openjdk-i386/jre/lib/ext/zipfs.jar
a6e16000-a6e18000 r--s 00001000 08:01 1693236    /usr/lib/jvm/java-8-openjdk-i386/jre/lib/ext/dnsns.jar
a6e18000-a6e33000 r--s 001d6000 08:01 1693230    /usr/lib/jvm/java-8-openjdk-i386/jre/lib/ext/nashorn.jar
a6e33000-a6e39000 r--s 0003a000 08:01 1693231    /usr/lib/jvm/java-8-openjdk-i386/jre/lib/ext/sunjce_provider.jar
a6e39000-a6e51000 rw-p 00000000 00:00 0 
a6e51000-a6e52000 ---p 00000000 00:00 0 
a6e52000-a6edb000 rw-p 00000000 00:00 0 
a6edb000-a7292000 ---p 00000000 00:00 0 
a7292000-a74d2000 rwxp 00000000 00:00 0 
a74d2000-b6292000 ---p 00000000 00:00 0 
b6292000-b629d000 r-xp 00000000 08:01 3402889    /lib/i386-linux-gnu/libnss_files-2.23.so
b629d000-b629e000 r--p 0000a000 08:01 3402889    /lib/i386-linux-gnu/libnss_files-2.23.so
b629e000-b629f000 rw-p 0000b000 08:01 3402889    /lib/i386-linux-gnu/libnss_files-2.23.so
b629f000-b62a5000 rw-p 00000000 00:00 0 
b62a5000-b62b0000 r-xp 00000000 08:01 3402895    /lib/i386-linux-gnu/libnss_nis-2.23.so
b62b0000-b62b1000 r--p 0000a000 08:01 3402895    /lib/i386-linux-gnu/libnss_nis-2.23.so
b62b1000-b62b2000 rw-p 0000b000 08:01 3402895    /lib/i386-linux-gnu/libnss_nis-2.23.so
b62b2000-b62c9000 r-xp 00000000 08:01 3402652    /lib/i386-linux-gnu/libnsl-2.23.so
b62c9000-b62ca000 r--p 00016000 08:01 3402652    /lib/i386-linux-gnu/libnsl-2.23.so
b62ca000-b62cb000 rw-p 00017000 08:01 3402652    /lib/i386-linux-gnu/libnsl-2.23.so
b62cb000-b62cd000 rw-p 00000000 00:00 0 
b62cd000-b62d5000 r-xp 00000000 08:01 3402720    /lib/i386-linux-gnu/libnss_compat-2.23.so
b62d5000-b62d6000 r--p 00007000 08:01 3402720    /lib/i386-linux-gnu/libnss_compat-2.23.so
b62d6000-b62d7000 rw-p 00008000 08:01 3402720    /lib/i386-linux-gnu/libnss_compat-2.23.so
b62d7000-b62fe000 r-xp 00000000 08:01 1693258    /usr/lib/jvm/java-8-openjdk-i386/jre/lib/i386/libjava.so
b62fe000-b62ff000 r--p 00026000 08:01 1693258    /usr/lib/jvm/java-8-openjdk-i386/jre/lib/i386/libjava.so
b62ff000-b6300000 rw-p 00027000 08:01 1693258    /usr/lib/jvm/java-8-openjdk-i386/jre/lib/i386/libjava.so
b6300000-b63fb000 rw-p 00000000 00:00 0 
b63fb000-b6400000 ---p 00000000 00:00 0 
b6400000-b6403000 r--s 0000f000 08:01 1693227    /usr/lib/jvm/java-8-openjdk-i386/jre/lib/ext/icedtea-sound.jar
b6403000-b640d000 r--s 00116000 08:01 1693233    /usr/lib/jvm/java-8-openjdk-i386/jre/lib/ext/localedata.jar
b640d000-b6415000 r-xp 00000000 08:01 1693277    /usr/lib/jvm/java-8-openjdk-i386/jre/lib/i386/libzip.so
b6415000-b6416000 r--p 00007000 08:01 1693277    /usr/lib/jvm/java-8-openjdk-i386/jre/lib/i386/libzip.so
b6416000-b6417000 rw-p 00008000 08:01 1693277    /usr/lib/jvm/java-8-openjdk-i386/jre/lib/i386/libzip.so
b6417000-b641f000 rw-s 00000000 08:01 2577314    /tmp/hsperfdata_sarnobat/4142
b641f000-b6426000 r-xp 00000000 08:01 3402905    /lib/i386-linux-gnu/librt-2.23.so
b6426000-b6427000 r--p 00006000 08:01 3402905    /lib/i386-linux-gnu/librt-2.23.so
b6427000-b6428000 rw-p 00007000 08:01 3402905    /lib/i386-linux-gnu/librt-2.23.so
b6428000-b642b000 ---p 00000000 00:00 0 
b642b000-b6479000 rw-p 00000000 00:00 0 
b6479000-b6495000 r-xp 00000000 08:01 3402590    /lib/i386-linux-gnu/libgcc_s.so.1
b6495000-b6496000 rw-p 0001b000 08:01 3402590    /lib/i386-linux-gnu/libgcc_s.so.1
b6496000-b64e9000 r-xp 00000000 08:01 3402651    /lib/i386-linux-gnu/libm-2.23.so
b64e9000-b64ea000 r--p 00052000 08:01 3402651    /lib/i386-linux-gnu/libm-2.23.so
b64ea000-b64eb000 rw-p 00053000 08:01 3402651    /lib/i386-linux-gnu/libm-2.23.so
b64eb000-b6658000 r-xp 00000000 08:01 1104849    /usr/lib/i386-linux-gnu/libstdc++.so.6.0.21
b6658000-b6659000 ---p 0016d000 08:01 1104849    /usr/lib/i386-linux-gnu/libstdc++.so.6.0.21
b6659000-b665e000 r--p 0016d000 08:01 1104849    /usr/lib/i386-linux-gnu/libstdc++.so.6.0.21
b665e000-b665f000 rw-p 00172000 08:01 1104849    /usr/lib/i386-linux-gnu/libstdc++.so.6.0.21
b665f000-b6662000 rw-p 00000000 00:00 0 
b6662000-b7133000 r-xp 00000000 08:01 1693269    /usr/lib/jvm/java-8-openjdk-i386/jre/lib/i386/server/libjvm.so
b7133000-b7179000 r--p 00ad0000 08:01 1693269    /usr/lib/jvm/java-8-openjdk-i386/jre/lib/i386/server/libjvm.so
b7179000-b7190000 rw-p 00b16000 08:01 1693269    /usr/lib/jvm/java-8-openjdk-i386/jre/lib/i386/server/libjvm.so
b7190000-b75b0000 rw-p 00000000 00:00 0 
b75b0000-b75c9000 r-xp 00000000 08:01 3402662    /lib/i386-linux-gnu/libpthread-2.23.so
b75c9000-b75ca000 r--p 00018000 08:01 3402662    /lib/i386-linux-gnu/libpthread-2.23.so
b75ca000-b75cb000 rw-p 00019000 08:01 3402662    /lib/i386-linux-gnu/libpthread-2.23.so
b75cb000-b75cd000 rw-p 00000000 00:00 0 
b75cd000-b75d0000 r-xp 00000000 08:01 3402697    /lib/i386-linux-gnu/libdl-2.23.so
b75d0000-b75d1000 r--p 00002000 08:01 3402697    /lib/i386-linux-gnu/libdl-2.23.so
b75d1000-b75d2000 rw-p 00003000 08:01 3402697    /lib/i386-linux-gnu/libdl-2.23.so
b75d2000-b75d3000 rw-p 00000000 00:00 0 
b75d3000-b75ec000 r-xp 00000000 08:01 3402741    /lib/i386-linux-gnu/libz.so.1.2.8
b75ec000-b75ed000 r--p 00018000 08:01 3402741    /lib/i386-linux-gnu/libz.so.1.2.8
b75ed000-b75ee000 rw-p 00019000 08:01 3402741    /lib/i386-linux-gnu/libz.so.1.2.8
b75ee000-b779e000 r-xp 00000000 08:01 3402663    /lib/i386-linux-gnu/libc-2.23.so
b779e000-b77a0000 r--p 001af000 08:01 3402663    /lib/i386-linux-gnu/libc-2.23.so
b77a0000-b77a1000 rw-p 001b1000 08:01 3402663    /lib/i386-linux-gnu/libc-2.23.so
b77a1000-b77a4000 rw-p 00000000 00:00 0 
b77a4000-b77a5000 r--s 0000a000 08:01 1693235    /usr/lib/jvm/java-8-openjdk-i386/jre/lib/ext/jaccess.jar
b77a5000-b77a9000 r--s 00037000 08:01 1693234    /usr/lib/jvm/java-8-openjdk-i386/jre/lib/ext/sunpkcs11.jar
b77a9000-b77aa000 r--p 002d4000 08:01 1110568    /usr/lib/locale/locale-archive
b77aa000-b77ab000 rw-p 00000000 00:00 0 
b77ab000-b77ac000 r--p 00000000 00:00 0 
b77ac000-b77ba000 r-xp 00000000 08:01 1693275    /usr/lib/jvm/java-8-openjdk-i386/jre/lib/i386/libverify.so
b77ba000-b77bb000 r--p 0000d000 08:01 1693275    /usr/lib/jvm/java-8-openjdk-i386/jre/lib/i386/libverify.so
b77bb000-b77bc000 rw-p 0000e000 08:01 1693275    /usr/lib/jvm/java-8-openjdk-i386/jre/lib/i386/libverify.so
b77bc000-b77c9000 r-xp 00000000 08:01 1693273    /usr/lib/jvm/java-8-openjdk-i386/jre/lib/i386/jli/libjli.so
b77c9000-b77ca000 r--p 0000c000 08:01 1693273    /usr/lib/jvm/java-8-openjdk-i386/jre/lib/i386/jli/libjli.so
b77ca000-b77cb000 rw-p 0000d000 08:01 1693273    /usr/lib/jvm/java-8-openjdk-i386/jre/lib/i386/jli/libjli.so
b77cb000-b77cc000 rw-p 00000000 00:00 0 
b77cc000-b77ce000 r--p 00000000 00:00 0          [vvar]
b77ce000-b77cf000 r-xp 00000000 00:00 0          [vdso]
b77cf000-b77f2000 r-xp 00000000 08:01 3402661    /lib/i386-linux-gnu/ld-2.23.so
b77f2000-b77f3000 r--p 00022000 08:01 3402661    /lib/i386-linux-gnu/ld-2.23.so
b77f3000-b77f4000 rw-p 00023000 08:01 3402661    /lib/i386-linux-gnu/ld-2.23.so
bfe9e000-bfebf000 rw-p 00000000 00:00 0          [stack]

VM Arguments:
jvm_args: -Dclassworlds.conf=/usr/share/maven/bin/m2.conf -Dmaven.home=/usr/share/maven -Dmaven.multiModuleProjectDirectory=/home/sarnobat/github/maven_project 
java_command: org.codehaus.plexus.classworlds.launcher.Launcher --quiet --settings /home/sarnobat/sarnobat.git/mac/.m2/settings.xml install exec:java -Dexec.mainClass=Md5RoList -Dexec.args=4485
java_class_path (initial): /usr/share/maven/boot/plexus-classworlds-2.x.jar
Launcher Type: SUN_STANDARD

Environment Variables:
JAVA_HOME=/usr/lib/jvm/java-8-openjdk-i386
PATH=/usr/bin:/bin
SHELL=/bin/sh

Signal Handlers:
SIGSEGV: [libjvm.so+0x8d7370], sa_mask[0]=11111111011111111101111111111110, sa_flags=SA_RESTART|SA_SIGINFO
SIGBUS: [libjvm.so+0x8d7370], sa_mask[0]=11111111011111111101111111111110, sa_flags=SA_RESTART|SA_SIGINFO
SIGFPE: [libjvm.so+0x73d1c0], sa_mask[0]=11111111011111111101111111111110, sa_flags=SA_RESTART|SA_SIGINFO
SIGPIPE: [libjvm.so+0x73d1c0], sa_mask[0]=11111111011111111101111111111110, sa_flags=SA_RESTART|SA_SIGINFO
SIGXFSZ: [libjvm.so+0x73d1c0], sa_mask[0]=11111111011111111101111111111110, sa_flags=SA_RESTART|SA_SIGINFO
SIGILL: [libjvm.so+0x73d1c0], sa_mask[0]=11111111011111111101111111111110, sa_flags=SA_RESTART|SA_SIGINFO
SIGUSR1: SIG_DFL, sa_mask[0]=00000000000000000000000000000000, sa_flags=none
SIGUSR2: [libjvm.so+0x73d000], sa_mask[0]=00000000000000000000000000000000, sa_flags=SA_RESTART|SA_SIGINFO
SIGHUP: [libjvm.so+0x73d790], sa_mask[0]=11111111011111111101111111111110, sa_flags=SA_RESTART|SA_SIGINFO
SIGINT: [libjvm.so+0x73d790], sa_mask[0]=11111111011111111101111111111110, sa_flags=SA_RESTART|SA_SIGINFO
SIGTERM: [libjvm.so+0x73d790], sa_mask[0]=11111111011111111101111111111110, sa_flags=SA_RESTART|SA_SIGINFO
SIGQUIT: [libjvm.so+0x73d790], sa_mask[0]=11111111011111111101111111111110, sa_flags=SA_RESTART|SA_SIGINFO


---------------  S Y S T E M  ---------------

OS:DISTRIB_ID=Ubuntu
DISTRIB_RELEASE=16.04
DISTRIB_CODENAME=xenial
DISTRIB_DESCRIPTION="Ubuntu 16.04.1 LTS"

uname:Linux 4.4.0-104-generic #127-Ubuntu SMP Mon Dec 11 12:16:50 UTC 2017 i686
libc:glibc 2.23 NPTL 2.23 
rlimit: STACK 8192k, CORE 0k, NPROC 63057, NOFILE 1048576, AS infinity
load average:2.16 2.19 2.20

/proc/meminfo:
MemTotal:        8107456 kB
MemFree:          397876 kB
MemAvailable:          0 kB
Buffers:            4924 kB
Cached:           204812 kB
SwapCached:         5972 kB
Active:          6127156 kB
Inactive:        1371456 kB
Active(anon):    6109488 kB
Inactive(anon):  1355676 kB
Active(file):      17668 kB
Inactive(file):    15780 kB
Unevictable:           0 kB
Mlocked:               0 kB
HighTotal:       7292552 kB
HighFree:          90988 kB
LowTotal:         814904 kB
LowFree:          306888 kB
SwapTotal:       4007932 kB
SwapFree:              0 kB
Dirty:               884 kB
Writeback:             0 kB
AnonPages:       7283352 kB
Mapped:            30648 kB
Shmem:            176284 kB
Slab:              98144 kB
SReclaimable:      51076 kB
SUnreclaim:        47068 kB
KernelStack:       16736 kB
PageTables:        46360 kB
NFS_Unstable:          0 kB
Bounce:                0 kB
WritebackTmp:          0 kB
CommitLimit:     8061660 kB
Committed_AS:   25716532 kB
VmallocTotal:     122880 kB
VmallocUsed:           0 kB
VmallocChunk:          0 kB
AnonHugePages:   4333568 kB
CmaTotal:              0 kB
CmaFree:               0 kB
HugePages_Total:       0
HugePages_Free:        0
HugePages_Rsvd:        0
HugePages_Surp:        0
Hugepagesize:       2048 kB
DirectMap4k:       34808 kB
DirectMap2M:      876544 kB


CPU:total 4 (initial active 4) (2 cores per cpu, 2 threads per core) family 6 model 58 stepping 9, cmov, cx8, fxsr, mmx, sse, sse2, sse3, ssse3, sse4.1, sse4.2, popcnt, avx, aes, clmul, erms, ht, tsc, tscinvbit, tscinv

/proc/cpuinfo:
processor	: 0
vendor_id	: GenuineIntel
cpu family	: 6
model		: 58
model name	: Intel(R) Core(TM) i5-3427U CPU @ 1.80GHz
stepping	: 9
microcode	: 0x17
cpu MHz		: 2599.988
cache size	: 3072 KB
physical id	: 0
siblings	: 4
core id		: 0
cpu cores	: 2
apicid		: 0
initial apicid	: 0
fdiv_bug	: no
f00f_bug	: no
coma_bug	: no
fpu		: yes
fpu_exception	: yes
cpuid level	: 13
wp		: yes
flags		: fpu vme de pse tsc msr pae mce cx8 apic sep mtrr pge mca cmov pat pse36 clflush dts acpi mmx fxsr sse sse2 ss ht tm pbe nx rdtscp lm constant_tsc arch_perfmon pebs bts xtopology nonstop_tsc aperfmperf eagerfpu pni pclmulqdq dtes64 monitor ds_cpl vmx smx est tm2 ssse3 cx16 xtpr pdcm pcid sse4_1 sse4_2 x2apic popcnt tsc_deadline_timer aes xsave avx f16c rdrand lahf_lm epb tpr_shadow vnmi flexpriority ept vpid fsgsbase smep erms xsaveopt dtherm ida arat pln pts
bugs		:
bogomips	: 4589.86
clflush size	: 64
cache_alignment	: 64
address sizes	: 36 bits physical, 48 bits virtual
power management:

processor	: 1
vendor_id	: GenuineIntel
cpu family	: 6
model		: 58
model name	: Intel(R) Core(TM) i5-3427U CPU @ 1.80GHz
stepping	: 9
microcode	: 0x17
cpu MHz		: 2599.988
cache size	: 3072 KB
physical id	: 0
siblings	: 4
core id		: 1
cpu cores	: 2
apicid		: 2
initial apicid	: 2
fdiv_bug	: no
f00f_bug	: no
coma_bug	: no
fpu		: yes
fpu_exception	: yes
cpuid level	: 13
wp		: yes
flags		: fpu vme de pse tsc msr pae mce cx8 apic sep mtrr pge mca cmov pat pse36 clflush dts acpi mmx fxsr sse sse2 ss ht tm pbe nx rdtscp lm constant_tsc arch_perfmon pebs bts xtopology nonstop_tsc aperfmperf eagerfpu pni pclmulqdq dtes64 monitor ds_cpl vmx smx est tm2 ssse3 cx16 xtpr pdcm pcid sse4_1 sse4_2 x2apic popcnt tsc_deadline_timer aes xsave avx f16c rdrand lahf_lm epb tpr_shadow vnmi flexpriority ept vpid fsgsbase smep erms xsaveopt dtherm ida arat pln pts
bugs		:
bogomips	: 4589.86
clflush size	: 64
cache_alignment	: 64
address sizes	: 36 bits physical, 48 bits virtual
power management:

processor	: 2
vendor_id	: GenuineIntel
cpu family	: 6
model		: 58
model name	: Intel(R) Core(TM) i5-3427U CPU @ 1.80GHz
stepping	: 9
microcode	: 0x17
cpu MHz		: 2599.988
cache size	: 3072 KB
physical id	: 0
siblings	: 4
core id		: 0
cpu cores	: 2
apicid		: 1
initial apicid	: 1
fdiv_bug	: no
f00f_bug	: no
coma_bug	: no
fpu		: yes
fpu_exception	: yes
cpuid level	: 13
wp		: yes
flags		: fpu vme de pse tsc msr pae mce cx8 apic sep mtrr pge mca cmov pat pse36 clflush dts acpi mmx fxsr sse sse2 ss ht tm pbe nx rdtscp lm constant_tsc arch_perfmon pebs bts xtopology nonstop_tsc aperfmperf eagerfpu pni pclmulqdq dtes64 monitor ds_cpl vmx smx est tm2 ssse3 cx16 xtpr pdcm pcid sse4_1 sse4_2 x2apic popcnt tsc_deadline_timer aes xsave avx f16c rdrand lahf_lm epb tpr_shadow vnmi flexpriority ept vpid fsgsbase smep erms xsaveopt dtherm ida arat pln pts
bugs		:
bogomips	: 4589.86
clflush size	: 64
cache_alignment	: 64
address sizes	: 36 bits physical, 48 bits virtual
power management:

processor	: 3
vendor_id	: GenuineIntel
cpu family	: 6
model		: 58
model name	: Intel(R) Core(TM) i5-3427U CPU @ 1.80GHz
stepping	: 9
microcode	: 0x17
cpu MHz		: 2599.988
cache size	: 3072 KB
physical id	: 0
siblings	: 4
core id		: 1
cpu cores	: 2
apicid		: 3
initial apicid	: 3
fdiv_bug	: no
f00f_bug	: no
coma_bug	: no
fpu		: yes
fpu_exception	: yes
cpuid level	: 13
wp		: yes
flags		: fpu vme de pse tsc msr pae mce cx8 apic sep mtrr pge mca cmov pat pse36 clflush dts acpi mmx fxsr sse sse2 ss ht tm pbe nx rdtscp lm constant_tsc arch_perfmon pebs bts xtopology nonstop_tsc aperfmperf eagerfpu pni pclmulqdq dtes64 monitor ds_cpl vmx smx est tm2 ssse3 cx16 xtpr pdcm pcid sse4_1 sse4_2 x2apic popcnt tsc_deadline_timer aes xsave avx f16c rdrand lahf_lm epb tpr_shadow vnmi flexpriority ept vpid fsgsbase smep erms xsaveopt dtherm ida arat pln pts
bugs		:
bogomips	: 4589.86
clflush size	: 64
cache_alignment	: 64
address sizes	: 36 bits physical, 48 bits virtual
power management:



Memory: 4k page, physical 8107456k(397876k free), swap 4007932k(0k free)

vm_info: OpenJDK Server VM (25.151-b12) for linux-x86 JRE (1.8.0_151-8u151-b12-0ubuntu0.16.04.2-b12), built on Oct 27 2017 22:05:04 by "buildd" with gcc 5.4.0 20160609

time: Fri Mar 23 16:50:03 2018
elapsed time: 2 seconds (0d 0h 0m 2s)

