#
# There is insufficient memory for the Java Runtime Environment to continue.
# Native memory allocation (mmap) failed to map 17039360 bytes for committing reserved memory.
# Possible reasons:
#   The system is out of physical RAM or swap space
#   In 32 bit mode, the process size limit was hit
# Possible solutions:
#   Reduce memory load on the system
#   Increase physical memory or swap space
#   Check if swap backing store is full
#   Use 64 bit Java on a 64 bit OS
#   Decrease Java heap size (-Xmx/-Xms)
#   Decrease number of Java threads
#   Decrease Java thread stack sizes (-Xss)
#   Set larger code cache with -XX:ReservedCodeCacheSize=
# This output file may be truncated or incomplete.
#
#  Out of Memory Error (os_linux.cpp:2643), pid=16811, tid=0x638e4b40
#
# JRE version: OpenJDK Runtime Environment (8.0_151-b12) (build 1.8.0_151-8u151-b12-0ubuntu0.16.04.2-b12)
# Java VM: OpenJDK Server VM (25.151-b12 mixed mode linux-x86 )
# Failed to write core dump. Core dumps have been disabled. To enable core dumping, try "ulimit -c unlimited" before starting Java again
#

---------------  T H R E A D  ---------------

Current thread (0x63781000):  VMThread [stack: 0x63864000,0x638e5000] [id=16875]

Stack: [0x63864000,0x638e5000],  sp=0x638e3b40,  free space=510k
Native frames: (J=compiled Java code, j=interpreted, Vv=VM code, C=native code)
V  [libjvm.so+0x8d6834]
V  [libjvm.so+0x3a7c76]
V  [libjvm.so+0x7420c0]
V  [libjvm.so+0x73c013]
V  [libjvm.so+0x7ad98c]
V  [libjvm.so+0x7ae9cb]
V  [libjvm.so+0x7ab487]
V  [libjvm.so+0x7abcd3]
V  [libjvm.so+0x764c75]
V  [libjvm.so+0x8d83f9]
V  [libjvm.so+0x8dd466]
V  [libjvm.so+0x8db620]
V  [libjvm.so+0x8dbd75]
V  [libjvm.so+0x8dc37b]
V  [libjvm.so+0x73f2b5]
C  [libpthread.so.0+0x6295]  start_thread+0xe5

VM_Operation (0xb63f4df4): ParallelGCFailedAllocation, mode: safepoint, requested by thread 0xb6207800


---------------  P R O C E S S  ---------------

Java Threads: ( => current thread )
  0x637aa400 JavaThread "Service Thread" daemon [_thread_blocked, id=16888, stack(0x630db000,0x6312c000)]
  0x637a7000 JavaThread "C1 CompilerThread2" daemon [_thread_blocked, id=16885, stack(0x6312c000,0x631ad000)]
  0x637a5c00 JavaThread "C2 CompilerThread1" daemon [_thread_blocked, id=16884, stack(0x631ad000,0x6322e000)]
  0x637a3c00 JavaThread "C2 CompilerThread0" daemon [_thread_blocked, id=16882, stack(0x6322e000,0x632af000)]
  0x637a2400 JavaThread "Signal Dispatcher" daemon [_thread_blocked, id=16880, stack(0x632af000,0x63300000)]
  0x63788800 JavaThread "Finalizer" daemon [_thread_blocked, id=16878, stack(0x63813000,0x63864000)]
  0x63785800 JavaThread "Reference Handler" daemon [_thread_blocked, id=16876, stack(0x6642e000,0x6647f000)]
  0xb6207800 JavaThread "main" [_thread_blocked, id=16865, stack(0xb63a6000,0xb63f7000)]

Other Threads:
=>0x63781000 VMThread [stack: 0x63864000,0x638e5000] [id=16875]
  0x637ac000 WatcherThread [stack: 0x6305a000,0x630db000] [id=16890]

VM state:at safepoint (normal execution)

VM Mutex/Monitor currently owned by a thread:  ([mutex/lock_event])
[0xb6204f20] Threads_lock - owner thread: 0x63781000
[0xb6205330] Heap_lock - owner thread: 0xb6207800

Heap:
 PSYoungGen      total 19200K, used 2556K [0x918c0000, 0x92e00000, 0xa6e00000)
  eden space 16640K, 0% used [0x918c0000,0x918c0000,0x92900000)
  from space 2560K, 99% used [0x92900000,0x92b7f230,0x92b80000)
  to   space 2560K, 0% used [0x92b80000,0x92b80000,0x92e00000)
 ParOldGen       total 43776K, used 2373K [0x66e00000, 0x698c0000, 0x918c0000)
  object space 43776K, 5% used [0x66e00000,0x67051620,0x698c0000)
 Metaspace       used 6703K, capacity 6775K, committed 6808K, reserved 7472K

Card table byte_map: [0x66bff000,0x66e00000] byte_map_base: 0x668c8000

Marking Bits: (ParMarkBitMap*) 0xb711c880
 Begin Bits: [0x64300000, 0x65300000)
 End Bits:   [0x65300000, 0x66300000)

Polling page: 0xb7729000

CodeCache: size=245760Kb used=2617Kb max_used=2628Kb free=243142Kb
 bounds [0xa7200000, 0xa7498000, 0xb6200000]
 total_blobs=1051 nmethods=883 adapters=82
 compilation: enabled

Compilation events (10 events):
Event: 3.252 Thread 0x637a7000  884       3       java.util.LinkedHashMap$LinkedHashIterator::nextNode (54 bytes)
Event: 3.253 Thread 0x637a7000 nmethod 884 0xa748ddc8 code [0xa748df00, 0xa748e158]
Event: 3.253 Thread 0x637a7000  882       3       java.util.LinkedHashMap$LinkedValueIterator::next (8 bytes)
Event: 3.253 Thread 0x637a7000 nmethod 882 0xa748da88 code [0xa748dba0, 0xa748dd0c]
Event: 3.253 Thread 0x637a7000  881       1       com.google.common.collect.Iterators$1::hasNext (2 bytes)
Event: 3.253 Thread 0x637a7000 nmethod 881 0xa748d888 code [0xa748d980, 0xa748da20]
Event: 3.262 Thread 0x637a7000  885       3       java.lang.Class::getConstructor0 (103 bytes)
Event: 3.263 Thread 0x637a3c00  886       4       java.util.concurrent.ConcurrentHashMap::putIfAbsent (8 bytes)
Event: 3.264 Thread 0x637a7000 nmethod 885 0xa74915c8 code [0xa7491880, 0xa7492910]
Event: 3.264 Thread 0x637a3c00 nmethod 886 0xa748cc08 code [0xa748cd00, 0xa748cd7c]

GC Heap History (5 events):
Event: 2.345 GC heap before
{Heap before GC invocations=1 (full 0):
 PSYoungGen      total 19200K, used 16640K [0x918c0000, 0x92e00000, 0xa6e00000)
  eden space 16640K, 100% used [0x918c0000,0x92900000,0x92900000)
  from space 2560K, 0% used [0x92b80000,0x92b80000,0x92e00000)
  to   space 2560K, 0% used [0x92900000,0x92900000,0x92b80000)
 ParOldGen       total 43776K, used 0K [0x66e00000, 0x698c0000, 0x918c0000)
  object space 43776K, 0% used [0x66e00000,0x66e00000,0x698c0000)
 Metaspace       used 4681K, capacity 4746K, committed 4760K, reserved 5424K
Event: 2.351 GC heap after
Heap after GC invocations=1 (full 0):
 PSYoungGen      total 19200K, used 2547K [0x918c0000, 0x92e00000, 0xa6e00000)
  eden space 16640K, 0% used [0x918c0000,0x918c0000,0x92900000)
  from space 2560K, 99% used [0x92900000,0x92b7ccb0,0x92b80000)
  to   space 2560K, 0% used [0x92b80000,0x92b80000,0x92e00000)
 ParOldGen       total 43776K, used 835K [0x66e00000, 0x698c0000, 0x918c0000)
  object space 43776K, 1% used [0x66e00000,0x66ed0d18,0x698c0000)
 Metaspace       used 4681K, capacity 4746K, committed 4760K, reserved 5424K
}
Event: 2.869 GC heap before
{Heap before GC invocations=2 (full 0):
 PSYoungGen      total 19200K, used 19187K [0x918c0000, 0x92e00000, 0xa6e00000)
  eden space 16640K, 100% used [0x918c0000,0x92900000,0x92900000)
  from space 2560K, 99% used [0x92900000,0x92b7ccb0,0x92b80000)
  to   space 2560K, 0% used [0x92b80000,0x92b80000,0x92e00000)
 ParOldGen       total 43776K, used 835K [0x66e00000, 0x698c0000, 0x918c0000)
  object space 43776K, 1% used [0x66e00000,0x66ed0d18,0x698c0000)
 Metaspace       used 5389K, capacity 5452K, committed 5528K, reserved 6448K
Event: 2.874 GC heap after
Heap after GC invocations=2 (full 0):
 PSYoungGen      total 19200K, used 2559K [0x918c0000, 0x92e00000, 0xa6e00000)
  eden space 16640K, 0% used [0x918c0000,0x918c0000,0x92900000)
  from space 2560K, 99% used [0x92b80000,0x92dffd78,0x92e00000)
  to   space 2560K, 0% used [0x92900000,0x92900000,0x92b80000)
 ParOldGen       total 43776K, used 994K [0x66e00000, 0x698c0000, 0x918c0000)
  object space 43776K, 2% used [0x66e00000,0x66ef88a0,0x698c0000)
 Metaspace       used 5389K, capacity 5452K, committed 5528K, reserved 6448K
}
Event: 3.265 GC heap before
{Heap before GC invocations=3 (full 0):
 PSYoungGen      total 19200K, used 19199K [0x918c0000, 0x92e00000, 0xa6e00000)
  eden space 16640K, 100% used [0x918c0000,0x92900000,0x92900000)
  from space 2560K, 99% used [0x92b80000,0x92dffd78,0x92e00000)
  to   space 2560K, 0% used [0x92900000,0x92900000,0x92b80000)
 ParOldGen       total 43776K, used 994K [0x66e00000, 0x698c0000, 0x918c0000)
  object space 43776K, 2% used [0x66e00000,0x66ef88a0,0x698c0000)
 Metaspace       used 6703K, capacity 6775K, committed 6808K, reserved 7472K

Deoptimization events (5 events):
Event: 1.101 Thread 0xb6207800 Uncommon trap: reason=unstable_if action=reinterpret pc=0xa7304544 method=org.codehaus.plexus.util.xml.pull.MXParser.more()C @ 8
Event: 2.388 Thread 0xb6207800 Uncommon trap: reason=unstable_if action=reinterpret pc=0xa738d6c8 method=java.util.HashMap.getNode(ILjava/lang/Object;)Ljava/util/HashMap$Node; @ 129
Event: 2.398 Thread 0xb6207800 Uncommon trap: reason=range_check action=make_not_entrant pc=0xa7393944 method=sun.reflect.generics.parser.SignatureParser.current()C @ 34
Event: 2.631 Thread 0xb6207800 Uncommon trap: reason=unstable_if action=reinterpret pc=0xa73d9d78 method=sun.nio.cs.StreamDecoder.implRead([CII)I @ 71
Event: 2.731 Thread 0xb6207800 Uncommon trap: reason=unstable_if action=reinterpret pc=0xa73e4a00 method=sun.nio.cs.StreamDecoder.implRead([CII)I @ 197

Internal exceptions (10 events):
Event: 2.392 Thread 0xb6207800 Exception <a 'java/lang/ArrayIndexOutOfBoundsException'> (0x919eba40) thrown at [/build/openjdk-8-Y4imzb/openjdk-8-8u151-b12/src/hotspot/src/share/vm/runtime/sharedRuntime.cpp, line 605]
Event: 2.393 Thread 0xb6207800 Exception <a 'java/lang/ArrayIndexOutOfBoundsException'> (0x919ecdb0) thrown at [/build/openjdk-8-Y4imzb/openjdk-8-8u151-b12/src/hotspot/src/share/vm/runtime/sharedRuntime.cpp, line 605]
Event: 2.394 Thread 0xb6207800 Exception <a 'java/lang/ArrayIndexOutOfBoundsException'> (0x919f37a0) thrown at [/build/openjdk-8-Y4imzb/openjdk-8-8u151-b12/src/hotspot/src/share/vm/runtime/sharedRuntime.cpp, line 605]
Event: 2.396 Thread 0xb6207800 Exception <a 'java/lang/ArrayIndexOutOfBoundsException'> (0x919f5588) thrown at [/build/openjdk-8-Y4imzb/openjdk-8-8u151-b12/src/hotspot/src/share/vm/runtime/sharedRuntime.cpp, line 605]
Event: 2.396 Thread 0xb6207800 Exception <a 'java/lang/ArrayIndexOutOfBoundsException'> (0x919f61c0) thrown at [/build/openjdk-8-Y4imzb/openjdk-8-8u151-b12/src/hotspot/src/share/vm/runtime/sharedRuntime.cpp, line 605]
Event: 2.397 Thread 0xb6207800 Exception <a 'java/lang/ArrayIndexOutOfBoundsException'> (0x919f7578) thrown at [/build/openjdk-8-Y4imzb/openjdk-8-8u151-b12/src/hotspot/src/share/vm/runtime/sharedRuntime.cpp, line 605]
Event: 2.397 Thread 0xb6207800 Exception <a 'java/lang/ArrayIndexOutOfBoundsException'> (0x919f8150) thrown at [/build/openjdk-8-Y4imzb/openjdk-8-8u151-b12/src/hotspot/src/share/vm/runtime/sharedRuntime.cpp, line 605]
Event: 2.397 Thread 0xb6207800 Exception <a 'java/lang/ArrayIndexOutOfBoundsException'> (0x919f9678) thrown at [/build/openjdk-8-Y4imzb/openjdk-8-8u151-b12/src/hotspot/src/share/vm/runtime/sharedRuntime.cpp, line 605]
Event: 2.398 Thread 0xb6207800 Exception <a 'java/lang/ArrayIndexOutOfBoundsException': 100> (0x919fb610) thrown at [/build/openjdk-8-Y4imzb/openjdk-8-8u151-b12/src/hotspot/src/share/vm/interpreter/interpreterRuntime.cpp, line 366]
Event: 2.399 Thread 0xb6207800 Exception <a 'java/lang/ArrayIndexOutOfBoundsException': 86> (0x919fc970) thrown at [/build/openjdk-8-Y4imzb/openjdk-8-8u151-b12/src/hotspot/src/share/vm/interpreter/interpreterRuntime.cpp, line 366]

Events (10 events):
Event: 3.261 loading class org/apache/maven/settings/DefaultMavenSettingsBuilder done
Event: 3.262 loading class org/apache/maven/model/profile/activation/PropertyProfileActivator
Event: 3.262 loading class org/apache/maven/model/profile/activation/PropertyProfileActivator done
Event: 3.263 loading class org/apache/maven/artifact/resolver/DefaultResolutionErrorHandler
Event: 3.263 loading class org/apache/maven/artifact/resolver/DefaultResolutionErrorHandler done
Event: 3.265 loading class org/apache/maven/artifact/handler/DefaultArtifactHandler$__sisu10
Event: 3.265 loading class org/apache/maven/artifact/handler/DefaultArtifactHandler$__sisu10 done
Event: 3.265 loading class org/apache/maven/repository/internal/SnapshotMetadataGeneratorFactory
Event: 3.265 loading class org/apache/maven/repository/internal/SnapshotMetadataGeneratorFactory done
Event: 3.265 Executing VM operation: ParallelGCFailedAllocation


Dynamic libraries:
08048000-08049000 r-xp 00000000 08:01 1693306    /usr/lib/jvm/java-8-openjdk-i386/jre/bin/java
08049000-0804a000 r--p 00000000 08:01 1693306    /usr/lib/jvm/java-8-openjdk-i386/jre/bin/java
0804a000-0804b000 rw-p 00001000 08:01 1693306    /usr/lib/jvm/java-8-openjdk-i386/jre/bin/java
09b2a000-09b86000 rw-p 00000000 00:00 0          [heap]
62400000-62472000 rw-p 00000000 00:00 0 
62472000-62500000 ---p 00000000 00:00 0 
62500000-62560000 rw-p 00000000 00:00 0 
62560000-62600000 ---p 00000000 00:00 0 
62600000-62629000 rw-p 00000000 00:00 0 
62629000-62700000 ---p 00000000 00:00 0 
62700000-62800000 rw-p 00000000 00:00 0 
62800000-628ed000 rw-p 00000000 00:00 0 
628ed000-62900000 ---p 00000000 00:00 0 
62900000-629d6000 rw-p 00000000 00:00 0 
629d6000-62a00000 ---p 00000000 00:00 0 
62a00000-62afa000 rw-p 00000000 00:00 0 
62afa000-62b00000 ---p 00000000 00:00 0 
62b00000-62bff000 rw-p 00000000 00:00 0 
62bff000-62c00000 ---p 00000000 00:00 0 
62c00000-62d00000 rw-p 00000000 00:00 0 
62d00000-62efc000 rw-p 00000000 00:00 0 
62efc000-62f00000 ---p 00000000 00:00 0 
62f00000-62ffc000 rw-p 00000000 00:00 0 
62ffc000-63000000 ---p 00000000 00:00 0 
63022000-6302f000 r--s 0008d000 08:01 1149531    /usr/share/java/maven3-core-3.3.9.jar
6302f000-63030000 r--s 00001000 08:01 1149511    /usr/share/java/wagon-file-2.x.jar
63030000-63033000 r--s 00007000 08:01 1149537    /usr/share/java/maven3-settings-builder-3.3.9.jar
63033000-63035000 r--s 0000d000 08:01 1149536    /usr/share/java/maven3-aether-provider-3.3.9.jar
63035000-6303c000 r--s 0002c000 08:01 1149509    /usr/share/java/sisu-plexus.jar
6303c000-63040000 r--s 00027000 08:01 1145546    /usr/share/java/commons-io-2.4.jar
63040000-63048000 r--s 00054000 08:01 1149507    /usr/share/java/sisu-inject.jar
63048000-6304f000 r--s 0005d000 08:01 1149254    /usr/share/java/commons-lang3.jar
6304f000-63050000 r--s 00004000 08:01 1145398    /usr/share/java/atinject-jsr330-tck-1.0.jar
63050000-63052000 r--s 0000e000 08:01 1149271    /usr/share/java/plexus-interpolation.jar
63052000-63054000 r--s 00006000 08:01 1149372    /usr/share/java/eclipse-aether-spi.jar
63054000-63058000 r--s 00027000 08:01 1149367    /usr/share/java/eclipse-aether-impl.jar
63058000-6305a000 r--s 00005000 08:01 1149373    /usr/share/java/eclipse-aether-transport-wagon.jar
6305a000-6305b000 ---p 00000000 00:00 0 
6305b000-630db000 rw-p 00000000 00:00 0 
630db000-630de000 ---p 00000000 00:00 0 
630de000-6312c000 rw-p 00000000 00:00 0 
6312c000-6312f000 ---p 00000000 00:00 0 
6312f000-631ad000 rw-p 00000000 00:00 0 
631ad000-631b0000 ---p 00000000 00:00 0 
631b0000-6322e000 rw-p 00000000 00:00 0 
6322e000-63231000 ---p 00000000 00:00 0 
63231000-632af000 rw-p 00000000 00:00 0 
632af000-632b2000 ---p 00000000 00:00 0 
632b2000-63300000 rw-p 00000000 00:00 0 
63300000-63500000 r--p 00000000 08:01 1110568    /usr/lib/locale/locale-archive
63500000-635fc000 rw-p 00000000 00:00 0 
635fc000-63600000 ---p 00000000 00:00 0 
63600000-63621000 rw-p 00000000 00:00 0 
63621000-63700000 ---p 00000000 00:00 0 
63700000-637fb000 rw-p 00000000 00:00 0 
637fb000-63800000 ---p 00000000 00:00 0 
63800000-63801000 r--s 00008000 08:01 1149370    /usr/share/java/eclipse-aether-connector-basic.jar
63801000-63803000 r--s 00001000 08:01 1149403    /usr/share/java/aopalliance-1.0.jar
63803000-63805000 r--s 00001000 08:01 1149538    /usr/share/java/maven3-builder-support-3.3.9.jar
63805000-6380a000 r--s 0001d000 08:01 1149374    /usr/share/java/eclipse-aether-api.jar
6380a000-6380c000 r--s 00002000 08:01 1149449    /usr/share/java/plexus-cipher.jar
6380c000-6380d000 r--s 00002000 08:01 1149066    /usr/share/java/slf4j-simple.jar
6380d000-6380f000 r--s 00013000 08:01 1149534    /usr/share/java/maven3-embedder-3.3.9.jar
6380f000-63811000 r--s 00027000 08:01 1149535    /usr/share/java/maven3-model-3.3.9.jar
63811000-63813000 r--s 0000a000 08:01 1147016    /usr/share/java/commons-cli-1.3.1.jar
63813000-63816000 ---p 00000000 00:00 0 
63816000-63864000 rw-p 00000000 00:00 0 
63864000-63865000 ---p 00000000 00:00 0 
63865000-638e5000 rw-p 00000000 00:00 0 
638e5000-63ab4000 r--s 03c21000 08:01 1693223    /usr/lib/jvm/java-8-openjdk-i386/jre/lib/rt.jar
63ab4000-63efa000 rw-p 00000000 00:00 0 
63efa000-63f00000 ---p 00000000 00:00 0 
63f00000-66300000 rw-p 00000000 00:00 0 
66300000-663fe000 rw-p 00000000 00:00 0 
663fe000-66400000 ---p 00000000 00:00 0 
66400000-66402000 r--s 0000a000 08:01 1149512    /usr/share/java/wagon-provider-api-2.x.jar
66402000-6642e000 r--s 00208000 08:01 1148516    /usr/share/java/guava.jar
6642e000-66431000 ---p 00000000 00:00 0 
66431000-6647f000 rw-p 00000000 00:00 0 
6647f000-66480000 ---p 00000000 00:00 0 
66480000-66500000 rw-p 00000000 00:00 0 
66500000-665fb000 rw-p 00000000 00:00 0 
665fb000-66600000 ---p 00000000 00:00 0 
66600000-66631000 r--s 00207000 08:01 1149515    /usr/share/java/wagon-http-shaded-2.x.jar
66631000-6667f000 rw-p 00000000 00:00 0 
6667f000-66680000 ---p 00000000 00:00 0 
66680000-66700000 rw-p 00000000 00:00 0 
66700000-66721000 rw-p 00000000 00:00 0 
66721000-66800000 ---p 00000000 00:00 0 
66800000-66803000 r--s 0000a000 08:01 1149539    /usr/share/java/maven3-artifact-3.3.9.jar
66803000-66807000 r--s 00020000 08:01 1149392    /usr/share/java/eclipse-aether-util.jar
66807000-66808000 r--s 00006000 08:01 1149532    /usr/share/java/maven3-repository-metadata-3.3.9.jar
66808000-6680a000 r--s 00007000 08:01 1149069    /usr/share/java/slf4j-api.jar
6680a000-6680b000 r--s 0000a000 08:01 1149528    /usr/share/java/maven3-settings-3.3.9.jar
6680b000-6680c000 r--s 00001000 08:01 1149518    /usr/share/java/wagon-http-shared-2.x.jar
6680c000-66810000 r--s 00038000 08:01 1149495    /usr/share/java/plexus-utils2.jar
66810000-66816000 r--s 00048000 08:01 1149288    /usr/share/java/jsoup.jar
66816000-66824000 r--s 00095000 08:01 1149408    /usr/share/java/guice.jar
66824000-6687f000 rw-p 00000000 00:00 0 
6687f000-66880000 ---p 00000000 00:00 0 
66880000-66900000 rw-p 00000000 00:00 0 
66900000-66921000 rw-p 00000000 00:00 0 
66921000-66a00000 ---p 00000000 00:00 0 
66a00000-66a01000 r--s 00006000 08:01 1149451    /usr/share/java/plexus-sec-dispatcher.jar
66a01000-66a03000 r--s 0000a000 08:01 1149529    /usr/share/java/maven3-plugin-api-3.3.9.jar
66a03000-66a08000 r--s 00025000 08:01 1149533    /usr/share/java/maven3-model-builder-3.3.9.jar
66a08000-66a0d000 r--s 00040000 08:01 1145678    /usr/share/java/commons-lang-2.6.jar
66a0d000-66a28000 r--s 00394000 08:01 1693228    /usr/lib/jvm/java-8-openjdk-i386/jre/lib/ext/cldrdata.jar
66a28000-66a29000 ---p 00000000 00:00 0 
66a29000-66abf000 rw-p 00000000 00:00 0 
66abf000-66bff000 ---p 00000000 00:00 0 
66bff000-66c15000 rw-p 00000000 00:00 0 
66c15000-66d54000 ---p 00000000 00:00 0 
66d54000-66d5f000 rw-p 00000000 00:00 0 
66d5f000-66dff000 ---p 00000000 00:00 0 
66dff000-698c0000 rw-p 00000000 00:00 0 
698c0000-918c0000 ---p 00000000 00:00 0 
918c0000-92e00000 rw-p 00000000 00:00 0 
93e40000-a6e00000 ---p 00000000 00:00 0 
a6e00000-a6e02000 r--s 00000000 08:01 1149499    /usr/share/java/plexus-component-annotations-1.5.jar
a6e02000-a6e03000 r--s 00000000 08:01 1149240    /usr/share/java/geronimo-interceptor-3.0-spec-1.0.1.jar
a6e03000-a6e05000 r--s 00012000 08:01 1144777    /usr/share/java/el-api-3.0.jar
a6e05000-a6e06000 r--s 00000000 08:01 1145399    /usr/share/java/atinject-jsr330-api-1.0.jar
a6e06000-a6e0d000 r--s 00041000 08:01 1149530    /usr/share/java/maven3-compat-3.3.9.jar
a6e0d000-a6e28000 r--s 001d6000 08:01 1693230    /usr/lib/jvm/java-8-openjdk-i386/jre/lib/ext/nashorn.jar
a6e28000-a6e4b000 rw-p 00000000 00:00 0 
a6e4b000-a7200000 ---p 00000000 00:00 0 
a7200000-a7498000 rwxp 00000000 00:00 0 
a7498000-b6200000 ---p 00000000 00:00 0 
b6200000-b62fb000 rw-p 00000000 00:00 0 
b62fb000-b6300000 ---p 00000000 00:00 0 
b6300000-b6303000 r--s 00008000 08:01 1149246    /usr/share/java/cdi-api-1.0.jar
b6303000-b6305000 r--s 0000a000 08:01 1149493    /usr/share/java/plexus-classworlds2-2.5.2.jar
b6305000-b6307000 r--s 00008000 08:01 1693232    /usr/lib/jvm/java-8-openjdk-i386/jre/lib/ext/sunec.jar
b6307000-b630d000 r--s 0003a000 08:01 1693231    /usr/lib/jvm/java-8-openjdk-i386/jre/lib/ext/sunjce_provider.jar
b630d000-b6317000 r--s 00116000 08:01 1693233    /usr/lib/jvm/java-8-openjdk-i386/jre/lib/ext/localedata.jar
b6317000-b6322000 r-xp 00000000 08:01 3402889    /lib/i386-linux-gnu/libnss_files-2.23.so
b6322000-b6323000 r--p 0000a000 08:01 3402889    /lib/i386-linux-gnu/libnss_files-2.23.so
b6323000-b6324000 rw-p 0000b000 08:01 3402889    /lib/i386-linux-gnu/libnss_files-2.23.so
b6324000-b632a000 rw-p 00000000 00:00 0 
b632a000-b6335000 r-xp 00000000 08:01 3402895    /lib/i386-linux-gnu/libnss_nis-2.23.so
b6335000-b6336000 r--p 0000a000 08:01 3402895    /lib/i386-linux-gnu/libnss_nis-2.23.so
b6336000-b6337000 rw-p 0000b000 08:01 3402895    /lib/i386-linux-gnu/libnss_nis-2.23.so
b6337000-b634e000 r-xp 00000000 08:01 3402652    /lib/i386-linux-gnu/libnsl-2.23.so
b634e000-b634f000 r--p 00016000 08:01 3402652    /lib/i386-linux-gnu/libnsl-2.23.so
b634f000-b6350000 rw-p 00017000 08:01 3402652    /lib/i386-linux-gnu/libnsl-2.23.so
b6350000-b6352000 rw-p 00000000 00:00 0 
b6352000-b635a000 r-xp 00000000 08:01 3402720    /lib/i386-linux-gnu/libnss_compat-2.23.so
b635a000-b635b000 r--p 00007000 08:01 3402720    /lib/i386-linux-gnu/libnss_compat-2.23.so
b635b000-b635c000 rw-p 00008000 08:01 3402720    /lib/i386-linux-gnu/libnss_compat-2.23.so
b635c000-b635d000 r--s 00010000 08:01 1693229    /usr/lib/jvm/java-8-openjdk-i386/jre/lib/ext/zipfs.jar
b635d000-b635f000 r--s 00001000 08:01 1693236    /usr/lib/jvm/java-8-openjdk-i386/jre/lib/ext/dnsns.jar
b635f000-b6362000 r--s 0000f000 08:01 1693227    /usr/lib/jvm/java-8-openjdk-i386/jre/lib/ext/icedtea-sound.jar
b6362000-b636a000 r-xp 00000000 08:01 1693277    /usr/lib/jvm/java-8-openjdk-i386/jre/lib/i386/libzip.so
b636a000-b636b000 r--p 00007000 08:01 1693277    /usr/lib/jvm/java-8-openjdk-i386/jre/lib/i386/libzip.so
b636b000-b636c000 rw-p 00008000 08:01 1693277    /usr/lib/jvm/java-8-openjdk-i386/jre/lib/i386/libzip.so
b636c000-b6374000 rw-s 00000000 08:01 2577319    /tmp/hsperfdata_sarnobat/16811
b6374000-b639b000 r-xp 00000000 08:01 1693258    /usr/lib/jvm/java-8-openjdk-i386/jre/lib/i386/libjava.so
b639b000-b639c000 r--p 00026000 08:01 1693258    /usr/lib/jvm/java-8-openjdk-i386/jre/lib/i386/libjava.so
b639c000-b639d000 rw-p 00027000 08:01 1693258    /usr/lib/jvm/java-8-openjdk-i386/jre/lib/i386/libjava.so
b639d000-b63a4000 r-xp 00000000 08:01 3402905    /lib/i386-linux-gnu/librt-2.23.so
b63a4000-b63a5000 r--p 00006000 08:01 3402905    /lib/i386-linux-gnu/librt-2.23.so
b63a5000-b63a6000 rw-p 00007000 08:01 3402905    /lib/i386-linux-gnu/librt-2.23.so
b63a6000-b63a9000 ---p 00000000 00:00 0 
b63a9000-b63f7000 rw-p 00000000 00:00 0 
b63f7000-b6413000 r-xp 00000000 08:01 3402590    /lib/i386-linux-gnu/libgcc_s.so.1
b6413000-b6414000 rw-p 0001b000 08:01 3402590    /lib/i386-linux-gnu/libgcc_s.so.1
b6414000-b6467000 r-xp 00000000 08:01 3402651    /lib/i386-linux-gnu/libm-2.23.so
b6467000-b6468000 r--p 00052000 08:01 3402651    /lib/i386-linux-gnu/libm-2.23.so
b6468000-b6469000 rw-p 00053000 08:01 3402651    /lib/i386-linux-gnu/libm-2.23.so
b6469000-b65d6000 r-xp 00000000 08:01 1104849    /usr/lib/i386-linux-gnu/libstdc++.so.6.0.21
b65d6000-b65d7000 ---p 0016d000 08:01 1104849    /usr/lib/i386-linux-gnu/libstdc++.so.6.0.21
b65d7000-b65dc000 r--p 0016d000 08:01 1104849    /usr/lib/i386-linux-gnu/libstdc++.so.6.0.21
b65dc000-b65dd000 rw-p 00172000 08:01 1104849    /usr/lib/i386-linux-gnu/libstdc++.so.6.0.21
b65dd000-b65e0000 rw-p 00000000 00:00 0 
b65e0000-b70b1000 r-xp 00000000 08:01 1693269    /usr/lib/jvm/java-8-openjdk-i386/jre/lib/i386/server/libjvm.so
b70b1000-b70f7000 r--p 00ad0000 08:01 1693269    /usr/lib/jvm/java-8-openjdk-i386/jre/lib/i386/server/libjvm.so
b70f7000-b710e000 rw-p 00b16000 08:01 1693269    /usr/lib/jvm/java-8-openjdk-i386/jre/lib/i386/server/libjvm.so
b710e000-b752e000 rw-p 00000000 00:00 0 
b752e000-b7547000 r-xp 00000000 08:01 3402662    /lib/i386-linux-gnu/libpthread-2.23.so
b7547000-b7548000 r--p 00018000 08:01 3402662    /lib/i386-linux-gnu/libpthread-2.23.so
b7548000-b7549000 rw-p 00019000 08:01 3402662    /lib/i386-linux-gnu/libpthread-2.23.so
b7549000-b754b000 rw-p 00000000 00:00 0 
b754b000-b754e000 r-xp 00000000 08:01 3402697    /lib/i386-linux-gnu/libdl-2.23.so
b754e000-b754f000 r--p 00002000 08:01 3402697    /lib/i386-linux-gnu/libdl-2.23.so
b754f000-b7550000 rw-p 00003000 08:01 3402697    /lib/i386-linux-gnu/libdl-2.23.so
b7550000-b7551000 rw-p 00000000 00:00 0 
b7551000-b756a000 r-xp 00000000 08:01 3402741    /lib/i386-linux-gnu/libz.so.1.2.8
b756a000-b756b000 r--p 00018000 08:01 3402741    /lib/i386-linux-gnu/libz.so.1.2.8
b756b000-b756c000 rw-p 00019000 08:01 3402741    /lib/i386-linux-gnu/libz.so.1.2.8
b756c000-b771c000 r-xp 00000000 08:01 3402663    /lib/i386-linux-gnu/libc-2.23.so
b771c000-b771e000 r--p 001af000 08:01 3402663    /lib/i386-linux-gnu/libc-2.23.so
b771e000-b771f000 rw-p 001b1000 08:01 3402663    /lib/i386-linux-gnu/libc-2.23.so
b771f000-b7722000 rw-p 00000000 00:00 0 
b7722000-b7723000 r--s 0000a000 08:01 1693235    /usr/lib/jvm/java-8-openjdk-i386/jre/lib/ext/jaccess.jar
b7723000-b7727000 r--s 00037000 08:01 1693234    /usr/lib/jvm/java-8-openjdk-i386/jre/lib/ext/sunpkcs11.jar
b7727000-b7728000 r--p 002d4000 08:01 1110568    /usr/lib/locale/locale-archive
b7728000-b7729000 rw-p 00000000 00:00 0 
b7729000-b772a000 ---p 00000000 00:00 0 
b772a000-b7738000 r-xp 00000000 08:01 1693275    /usr/lib/jvm/java-8-openjdk-i386/jre/lib/i386/libverify.so
b7738000-b7739000 r--p 0000d000 08:01 1693275    /usr/lib/jvm/java-8-openjdk-i386/jre/lib/i386/libverify.so
b7739000-b773a000 rw-p 0000e000 08:01 1693275    /usr/lib/jvm/java-8-openjdk-i386/jre/lib/i386/libverify.so
b773a000-b7747000 r-xp 00000000 08:01 1693273    /usr/lib/jvm/java-8-openjdk-i386/jre/lib/i386/jli/libjli.so
b7747000-b7748000 r--p 0000c000 08:01 1693273    /usr/lib/jvm/java-8-openjdk-i386/jre/lib/i386/jli/libjli.so
b7748000-b7749000 rw-p 0000d000 08:01 1693273    /usr/lib/jvm/java-8-openjdk-i386/jre/lib/i386/jli/libjli.so
b7749000-b774a000 rw-p 00000000 00:00 0 
b774a000-b774c000 r--p 00000000 00:00 0          [vvar]
b774c000-b774d000 r-xp 00000000 00:00 0          [vdso]
b774d000-b7770000 r-xp 00000000 08:01 3402661    /lib/i386-linux-gnu/ld-2.23.so
b7770000-b7771000 r--p 00022000 08:01 3402661    /lib/i386-linux-gnu/ld-2.23.so
b7771000-b7772000 rw-p 00023000 08:01 3402661    /lib/i386-linux-gnu/ld-2.23.so
bffd2000-bfff3000 rw-p 00000000 00:00 0          [stack]

VM Arguments:
jvm_args: -Dclassworlds.conf=/usr/share/maven/bin/m2.conf -Dmaven.home=/usr/share/maven -Dmaven.multiModuleProjectDirectory=/home/sarnobat/github/maven_project 
java_command: org.codehaus.plexus.classworlds.launcher.Launcher --quiet --settings /home/sarnobat/sarnobat.git/mac/.m2/settings.xml install exec:java -Dexec.mainClass=Md5RoCopyFile -Dexec.args=4486 ~/sarnobat.git/db/md5ro/md5_files.txt
java_class_path (initial): /usr/share/maven/boot/plexus-classworlds-2.x.jar
Launcher Type: SUN_STANDARD

Environment Variables:
JAVA_HOME=/usr/lib/jvm/java-8-openjdk-i386
PATH=/usr/bin:/bin
SHELL=/bin/sh

Signal Handlers:
SIGSEGV: [libjvm.so+0x8d7370], sa_mask[0]=11111111011111111101111111111110, sa_flags=SA_RESTART|SA_SIGINFO
SIGBUS: [libjvm.so+0x8d7370], sa_mask[0]=11111111011111111101111111111110, sa_flags=SA_RESTART|SA_SIGINFO
SIGFPE: [libjvm.so+0x73d1c0], sa_mask[0]=11111111011111111101111111111110, sa_flags=SA_RESTART|SA_SIGINFO
SIGPIPE: [libjvm.so+0x73d1c0], sa_mask[0]=11111111011111111101111111111110, sa_flags=SA_RESTART|SA_SIGINFO
SIGXFSZ: [libjvm.so+0x73d1c0], sa_mask[0]=11111111011111111101111111111110, sa_flags=SA_RESTART|SA_SIGINFO
SIGILL: [libjvm.so+0x73d1c0], sa_mask[0]=11111111011111111101111111111110, sa_flags=SA_RESTART|SA_SIGINFO
SIGUSR1: SIG_DFL, sa_mask[0]=00000000000000000000000000000000, sa_flags=none
SIGUSR2: [libjvm.so+0x73d000], sa_mask[0]=00000000000000000000000000000000, sa_flags=SA_RESTART|SA_SIGINFO
SIGHUP: [libjvm.so+0x73d790], sa_mask[0]=11111111011111111101111111111110, sa_flags=SA_RESTART|SA_SIGINFO
SIGINT: [libjvm.so+0x73d790], sa_mask[0]=11111111011111111101111111111110, sa_flags=SA_RESTART|SA_SIGINFO
SIGTERM: [libjvm.so+0x73d790], sa_mask[0]=11111111011111111101111111111110, sa_flags=SA_RESTART|SA_SIGINFO
SIGQUIT: [libjvm.so+0x73d790], sa_mask[0]=11111111011111111101111111111110, sa_flags=SA_RESTART|SA_SIGINFO


---------------  S Y S T E M  ---------------

OS:DISTRIB_ID=Ubuntu
DISTRIB_RELEASE=16.04
DISTRIB_CODENAME=xenial
DISTRIB_DESCRIPTION="Ubuntu 16.04.1 LTS"

uname:Linux 4.4.0-104-generic #127-Ubuntu SMP Mon Dec 11 12:16:50 UTC 2017 i686
libc:glibc 2.23 NPTL 2.23 
rlimit: STACK 8192k, CORE 0k, NPROC 63057, NOFILE 1048576, AS infinity
load average:3.67 2.71 2.37

/proc/meminfo:
MemTotal:        8107456 kB
MemFree:          415572 kB
MemAvailable:          0 kB
Buffers:            5360 kB
Cached:           206084 kB
SwapCached:         3604 kB
Active:          6114404 kB
Inactive:        1366764 kB
Active(anon):    6094220 kB
Inactive(anon):  1351788 kB
Active(file):      20184 kB
Inactive(file):    14976 kB
Unevictable:           0 kB
Mlocked:               0 kB
HighTotal:       7292552 kB
HighFree:         101380 kB
LowTotal:         814904 kB
LowFree:          314192 kB
SwapTotal:       4007932 kB
SwapFree:              0 kB
Dirty:               824 kB
Writeback:             0 kB
AnonPages:       7266196 kB
Mapped:            36228 kB
Shmem:            176336 kB
Slab:              98692 kB
SReclaimable:      51240 kB
SUnreclaim:        47452 kB
KernelStack:       16608 kB
PageTables:        46168 kB
NFS_Unstable:          0 kB
Bounce:                0 kB
WritebackTmp:          0 kB
CommitLimit:     8061660 kB
Committed_AS:   25599752 kB
VmallocTotal:     122880 kB
VmallocUsed:           0 kB
VmallocChunk:          0 kB
AnonHugePages:   4323328 kB
CmaTotal:              0 kB
CmaFree:               0 kB
HugePages_Total:       0
HugePages_Free:        0
HugePages_Rsvd:        0
HugePages_Surp:        0
Hugepagesize:       2048 kB
DirectMap4k:       34808 kB
DirectMap2M:      876544 kB


CPU:total 4 (initial active 4) (2 cores per cpu, 2 threads per core) family 6 model 58 stepping 9, cmov, cx8, fxsr, mmx, sse, sse2, sse3, ssse3, sse4.1, sse4.2, popcnt, avx, aes, clmul, erms, ht, tsc, tscinvbit, tscinv

/proc/cpuinfo:
processor	: 0
vendor_id	: GenuineIntel
cpu family	: 6
model		: 58
model name	: Intel(R) Core(TM) i5-3427U CPU @ 1.80GHz
stepping	: 9
microcode	: 0x17
cpu MHz		: 2599.988
cache size	: 3072 KB
physical id	: 0
siblings	: 4
core id		: 0
cpu cores	: 2
apicid		: 0
initial apicid	: 0
fdiv_bug	: no
f00f_bug	: no
coma_bug	: no
fpu		: yes
fpu_exception	: yes
cpuid level	: 13
wp		: yes
flags		: fpu vme de pse tsc msr pae mce cx8 apic sep mtrr pge mca cmov pat pse36 clflush dts acpi mmx fxsr sse sse2 ss ht tm pbe nx rdtscp lm constant_tsc arch_perfmon pebs bts xtopology nonstop_tsc aperfmperf eagerfpu pni pclmulqdq dtes64 monitor ds_cpl vmx smx est tm2 ssse3 cx16 xtpr pdcm pcid sse4_1 sse4_2 x2apic popcnt tsc_deadline_timer aes xsave avx f16c rdrand lahf_lm epb tpr_shadow vnmi flexpriority ept vpid fsgsbase smep erms xsaveopt dtherm ida arat pln pts
bugs		:
bogomips	: 4589.86
clflush size	: 64
cache_alignment	: 64
address sizes	: 36 bits physical, 48 bits virtual
power management:

processor	: 1
vendor_id	: GenuineIntel
cpu family	: 6
model		: 58
model name	: Intel(R) Core(TM) i5-3427U CPU @ 1.80GHz
stepping	: 9
microcode	: 0x17
cpu MHz		: 2599.988
cache size	: 3072 KB
physical id	: 0
siblings	: 4
core id		: 1
cpu cores	: 2
apicid		: 2
initial apicid	: 2
fdiv_bug	: no
f00f_bug	: no
coma_bug	: no
fpu		: yes
fpu_exception	: yes
cpuid level	: 13
wp		: yes
flags		: fpu vme de pse tsc msr pae mce cx8 apic sep mtrr pge mca cmov pat pse36 clflush dts acpi mmx fxsr sse sse2 ss ht tm pbe nx rdtscp lm constant_tsc arch_perfmon pebs bts xtopology nonstop_tsc aperfmperf eagerfpu pni pclmulqdq dtes64 monitor ds_cpl vmx smx est tm2 ssse3 cx16 xtpr pdcm pcid sse4_1 sse4_2 x2apic popcnt tsc_deadline_timer aes xsave avx f16c rdrand lahf_lm epb tpr_shadow vnmi flexpriority ept vpid fsgsbase smep erms xsaveopt dtherm ida arat pln pts
bugs		:
bogomips	: 4589.86
clflush size	: 64
cache_alignment	: 64
address sizes	: 36 bits physical, 48 bits virtual
power management:

processor	: 2
vendor_id	: GenuineIntel
cpu family	: 6
model		: 58
model name	: Intel(R) Core(TM) i5-3427U CPU @ 1.80GHz
stepping	: 9
microcode	: 0x17
cpu MHz		: 2599.988
cache size	: 3072 KB
physical id	: 0
siblings	: 4
core id		: 0
cpu cores	: 2
apicid		: 1
initial apicid	: 1
fdiv_bug	: no
f00f_bug	: no
coma_bug	: no
fpu		: yes
fpu_exception	: yes
cpuid level	: 13
wp		: yes
flags		: fpu vme de pse tsc msr pae mce cx8 apic sep mtrr pge mca cmov pat pse36 clflush dts acpi mmx fxsr sse sse2 ss ht tm pbe nx rdtscp lm constant_tsc arch_perfmon pebs bts xtopology nonstop_tsc aperfmperf eagerfpu pni pclmulqdq dtes64 monitor ds_cpl vmx smx est tm2 ssse3 cx16 xtpr pdcm pcid sse4_1 sse4_2 x2apic popcnt tsc_deadline_timer aes xsave avx f16c rdrand lahf_lm epb tpr_shadow vnmi flexpriority ept vpid fsgsbase smep erms xsaveopt dtherm ida arat pln pts
bugs		:
bogomips	: 4589.86
clflush size	: 64
cache_alignment	: 64
address sizes	: 36 bits physical, 48 bits virtual
power management:

processor	: 3
vendor_id	: GenuineIntel
cpu family	: 6
model		: 58
model name	: Intel(R) Core(TM) i5-3427U CPU @ 1.80GHz
stepping	: 9
microcode	: 0x17
cpu MHz		: 2599.988
cache size	: 3072 KB
physical id	: 0
siblings	: 4
core id		: 1
cpu cores	: 2
apicid		: 3
initial apicid	: 3
fdiv_bug	: no
f00f_bug	: no
coma_bug	: no
fpu		: yes
fpu_exception	: yes
cpuid level	: 13
wp		: yes
flags		: fpu vme de pse tsc msr pae mce cx8 apic sep mtrr pge mca cmov pat pse36 clflush dts acpi mmx fxsr sse sse2 ss ht tm pbe nx rdtscp lm constant_tsc arch_perfmon pebs bts xtopology nonstop_tsc aperfmperf eagerfpu pni pclmulqdq dtes64 monitor ds_cpl vmx smx est tm2 ssse3 cx16 xtpr pdcm pcid sse4_1 sse4_2 x2apic popcnt tsc_deadline_timer aes xsave avx f16c rdrand lahf_lm epb tpr_shadow vnmi flexpriority ept vpid fsgsbase smep erms xsaveopt dtherm ida arat pln pts
bugs		:
bogomips	: 4589.86
clflush size	: 64
cache_alignment	: 64
address sizes	: 36 bits physical, 48 bits virtual
power management:



Memory: 4k page, physical 8107456k(415572k free), swap 4007932k(0k free)

vm_info: OpenJDK Server VM (25.151-b12) for linux-x86 JRE (1.8.0_151-8u151-b12-0ubuntu0.16.04.2-b12), built on Oct 27 2017 22:05:04 by "buildd" with gcc 5.4.0 20160609

time: Fri Mar 23 19:46:04 2018
elapsed time: 3 seconds (0d 0h 0m 3s)

