#
# There is insufficient memory for the Java Runtime Environment to continue.
# Native memory allocation (mmap) failed to map 131072 bytes for committing reserved memory.
# Possible reasons:
#   The system is out of physical RAM or swap space
#   In 32 bit mode, the process size limit was hit
# Possible solutions:
#   Reduce memory load on the system
#   Increase physical memory or swap space
#   Check if swap backing store is full
#   Use 64 bit Java on a 64 bit OS
#   Decrease Java heap size (-Xmx/-Xms)
#   Decrease number of Java threads
#   Decrease Java thread stack sizes (-Xss)
#   Set larger code cache with -XX:ReservedCodeCacheSize=
# This output file may be truncated or incomplete.
#
#  Out of Memory Error (os_linux.cpp:2643), pid=16214, tid=0xb646ab40
#
# JRE version: OpenJDK Runtime Environment (8.0_151-b12) (build 1.8.0_151-8u151-b12-0ubuntu0.16.04.2-b12)
# Java VM: OpenJDK Server VM (25.151-b12 mixed mode linux-x86 )
# Failed to write core dump. Core dumps have been disabled. To enable core dumping, try "ulimit -c unlimited" before starting Java again
#

---------------  T H R E A D  ---------------

Current thread (0xb6307800):  JavaThread "main" [_thread_in_vm, id=16268, stack(0xb641a000,0xb646b000)]

Stack: [0xb641a000,0xb646b000],  sp=0xb6464ee0,  free space=299k
Native frames: (J=compiled Java code, j=interpreted, Vv=VM code, C=native code)
V  [libjvm.so+0x8d6834]
V  [libjvm.so+0x3a7c76]
V  [libjvm.so+0x7420c0]
V  [libjvm.so+0x73c013]
V  [libjvm.so+0x8d3264]
V  [libjvm.so+0x6cdd63]
V  [libjvm.so+0x6cdf7a]
V  [libjvm.so+0x6ceb05]
V  [libjvm.so+0x6cec5a]
V  [libjvm.so+0x6cfc9a]
V  [libjvm.so+0x6cfe8d]
V  [libjvm.so+0x39895f]
V  [libjvm.so+0x6d542e]
V  [libjvm.so+0x317bdf]
V  [libjvm.so+0x3183b3]
V  [libjvm.so+0x31a202]
V  [libjvm.so+0x84d519]
V  [libjvm.so+0x55c01a]
V  [libjvm.so+0x55d4bc]  JVM_DefineClassWithSource+0x9c
C  [libjava.so+0xb357]  Java_java_lang_ClassLoader_defineClass1+0x1a7
J 378  java.lang.ClassLoader.defineClass1(Ljava/lang/String;[BIILjava/security/ProtectionDomain;Ljava/lang/String;)Ljava/lang/Class; (0 bytes) @ 0xa73dea4b [0xa73de960+0xeb]
J 569 C1 java.lang.ClassLoader.defineClass(Ljava/lang/String;[BIILjava/security/ProtectionDomain;)Ljava/lang/Class; (43 bytes) @ 0xa746ab3c [0xa746aa60+0xdc]
J 314 C1 java.net.URLClassLoader.defineClass(Ljava/lang/String;Lsun/misc/Resource;)Ljava/lang/Class; (142 bytes) @ 0xa73cb778 [0xa73ca0a0+0x16d8]
J 243 C1 java.net.URLClassLoader$1.run()Ljava/lang/Class; (63 bytes) @ 0xa7394238 [0xa7394000+0x238]
J 188 C1 java.net.URLClassLoader$1.run()Ljava/lang/Object; (5 bytes) @ 0xa737a9d0 [0xa737a960+0x70]
v  ~StubRoutines::call_stub
V  [libjvm.so+0x51faad]
V  [libjvm.so+0x746985]
V  [libjvm.so+0x51ebea]
V  [libjvm.so+0x56b9c4]  JVM_DoPrivileged+0x434
C  [libjava.so+0x9e15]  Java_java_security_AccessController_doPrivileged__Ljava_security_PrivilegedExceptionAction_2Ljava_security_AccessControlContext_2+0x25
J 146  java.security.AccessController.doPrivileged(Ljava/security/PrivilegedExceptionAction;Ljava/security/AccessControlContext;)Ljava/lang/Object; (0 bytes) @ 0xa73667cc [0xa7366720+0xac]
J 187 C1 java.net.URLClassLoader.findClass(Ljava/lang/String;)Ljava/lang/Class; (47 bytes) @ 0xa737a2f4 [0xa737a1c0+0x134]
J 440 C1 org.codehaus.plexus.classworlds.realm.ClassRealm.loadClassFromSelf(Ljava/lang/String;)Ljava/lang/Class; (40 bytes) @ 0xa74051f4 [0xa7404f20+0x2d4]
J 325 C1 org.codehaus.plexus.classworlds.strategy.SelfFirstStrategy.loadClass(Ljava/lang/String;)Ljava/lang/Class; (50 bytes) @ 0xa73ced88 [0xa73ceb80+0x208]
J 262 C1 org.codehaus.plexus.classworlds.realm.ClassRealm.loadClass(Ljava/lang/String;)Ljava/lang/Class; (7 bytes) @ 0xa739e6fc [0xa739e540+0x1bc]
v  ~StubRoutines::call_stub
V  [libjvm.so+0x51faad]
V  [libjvm.so+0x746985]
V  [libjvm.so+0x51d586]
V  [libjvm.so+0x51dafb]
V  [libjvm.so+0x853e83]
V  [libjvm.so+0x8528ff]
V  [libjvm.so+0x852ff5]
V  [libjvm.so+0x31a642]
V  [libjvm.so+0x84d519]
V  [libjvm.so+0x55c01a]
V  [libjvm.so+0x55d4bc]  JVM_DefineClassWithSource+0x9c
C  [libjava.so+0xb357]  Java_java_lang_ClassLoader_defineClass1+0x1a7
J 378  java.lang.ClassLoader.defineClass1(Ljava/lang/String;[BIILjava/security/ProtectionDomain;Ljava/lang/String;)Ljava/lang/Class; (0 bytes) @ 0xa73dea4b [0xa73de960+0xeb]
J 569 C1 java.lang.ClassLoader.defineClass(Ljava/lang/String;[BIILjava/security/ProtectionDomain;)Ljava/lang/Class; (43 bytes) @ 0xa746ab3c [0xa746aa60+0xdc]
J 314 C1 java.net.URLClassLoader.defineClass(Ljava/lang/String;Lsun/misc/Resource;)Ljava/lang/Class; (142 bytes) @ 0xa73cb778 [0xa73ca0a0+0x16d8]
J 243 C1 java.net.URLClassLoader$1.run()Ljava/lang/Class; (63 bytes) @ 0xa7394238 [0xa7394000+0x238]
J 188 C1 java.net.URLClassLoader$1.run()Ljava/lang/Object; (5 bytes) @ 0xa737a9d0 [0xa737a960+0x70]
v  ~StubRoutines::call_stub
V  [libjvm.so+0x51faad]
V  [libjvm.so+0x746985]
V  [libjvm.so+0x51ebea]
V  [libjvm.so+0x56b9c4]  JVM_DoPrivileged+0x434
C  [libjava.so+0x9e15]  Java_java_security_AccessController_doPrivileged__Ljava_security_PrivilegedExceptionAction_2Ljava_security_AccessControlContext_2+0x25
J 146  java.security.AccessController.doPrivileged(Ljava/security/PrivilegedExceptionAction;Ljava/security/AccessControlContext;)Ljava/lang/Object; (0 bytes) @ 0xa73667cc [0xa7366720+0xac]
J 187 C1 java.net.URLClassLoader.findClass(Ljava/lang/String;)Ljava/lang/Class; (47 bytes) @ 0xa737a2f4 [0xa737a1c0+0x134]
J 440 C1 org.codehaus.plexus.classworlds.realm.ClassRealm.loadClassFromSelf(Ljava/lang/String;)Ljava/lang/Class; (40 bytes) @ 0xa74051f4 [0xa7404f20+0x2d4]
J 325 C1 org.codehaus.plexus.classworlds.strategy.SelfFirstStrategy.loadClass(Ljava/lang/String;)Ljava/lang/Class; (50 bytes) @ 0xa73ced88 [0xa73ceb80+0x208]
J 262 C1 org.codehaus.plexus.classworlds.realm.ClassRealm.loadClass(Ljava/lang/String;)Ljava/lang/Class; (7 bytes) @ 0xa739e6fc [0xa739e540+0x1bc]
v  ~StubRoutines::call_stub
V  [libjvm.so+0x51faad]
V  [libjvm.so+0x746985]
V  [libjvm.so+0x51d586]
V  [libjvm.so+0x51dafb]
V  [libjvm.so+0x853e83]
V  [libjvm.so+0x8528ff]
V  [libjvm.so+0x852ff5]
V  [libjvm.so+0x31a642]
V  [libjvm.so+0x84d519]
V  [libjvm.so+0x55c01a]
V  [libjvm.so+0x55d4bc]  JVM_DefineClassWithSource+0x9c
C  [libjava.so+0xb357]  Java_java_lang_ClassLoader_defineClass1+0x1a7
J 378  java.lang.ClassLoader.defineClass1(Ljava/lang/String;[BIILjava/security/ProtectionDomain;Ljava/lang/String;)Ljava/lang/Class; (0 bytes) @ 0xa73dea4b [0xa73de960+0xeb]
J 569 C1 java.lang.ClassLoader.defineClass(Ljava/lang/String;[BIILjava/security/ProtectionDomain;)Ljava/lang/Class; (43 bytes) @ 0xa746ab3c [0xa746aa60+0xdc]
J 314 C1 java.net.URLClassLoader.defineClass(Ljava/lang/String;Lsun/misc/Resource;)Ljava/lang/Class; (142 bytes) @ 0xa73cb778 [0xa73ca0a0+0x16d8]
J 243 C1 java.net.URLClassLoader$1.run()Ljava/lang/Class; (63 bytes) @ 0xa7394238 [0xa7394000+0x238]
J 188 C1 java.net.URLClassLoader$1.run()Ljava/lang/Object; (5 bytes) @ 0xa737a9d0 [0xa737a960+0x70]
v  ~StubRoutines::call_stub
V  [libjvm.so+0x51faad]
V  [libjvm.so+0x746985]
V  [libjvm.so+0x51ebea]
V  [libjvm.so+0x56b9c4]  JVM_DoPrivileged+0x434
C  [libjava.so+0x9e15]  Java_java_security_AccessController_doPrivileged__Ljava_security_PrivilegedExceptionAction_2Ljava_security_AccessControlContext_2+0x25
J 146  java.security.AccessController.doPrivileged(Ljava/security/PrivilegedExceptionAction;Ljava/security/AccessControlContext;)Ljava/lang/Object; (0 bytes) @ 0xa73667cc [0xa7366720+0xac]
J 187 C1 java.net.URLClassLoader.findClass(Ljava/lang/String;)Ljava/lang/Class; (47 bytes) @ 0xa737a2f4 [0xa737a1c0+0x134]
J 440 C1 org.codehaus.plexus.classworlds.realm.ClassRealm.loadClassFromSelf(Ljava/lang/String;)Ljava/lang/Class; (40 bytes) @ 0xa74051f4 [0xa7404f20+0x2d4]
J 325 C1 org.codehaus.plexus.classworlds.strategy.SelfFirstStrategy.loadClass(Ljava/lang/String;)Ljava/lang/Class; (50 bytes) @ 0xa73ced88 [0xa73ceb80+0x208]
J 262 C1 org.codehaus.plexus.classworlds.realm.ClassRealm.loadClass(Ljava/lang/String;)Ljava/lang/Class; (7 bytes) @ 0xa739e6fc [0xa739e540+0x1bc]
v  ~StubRoutines::call_stub
V  [libjvm.so+0x51faad]
V  [libjvm.so+0x746985]
V  [libjvm.so+0x51d586]
V  [libjvm.so+0x51dafb]
V  [libjvm.so+0x853e83]
...<more frames>...

Java frames: (J=compiled Java code, j=interpreted, Vv=VM code)
J 378  java.lang.ClassLoader.defineClass1(Ljava/lang/String;[BIILjava/security/ProtectionDomain;Ljava/lang/String;)Ljava/lang/Class; (0 bytes) @ 0xa73dea07 [0xa73de960+0xa7]
J 569 C1 java.lang.ClassLoader.defineClass(Ljava/lang/String;[BIILjava/security/ProtectionDomain;)Ljava/lang/Class; (43 bytes) @ 0xa746ab3c [0xa746aa60+0xdc]
J 314 C1 java.net.URLClassLoader.defineClass(Ljava/lang/String;Lsun/misc/Resource;)Ljava/lang/Class; (142 bytes) @ 0xa73cb778 [0xa73ca0a0+0x16d8]
J 243 C1 java.net.URLClassLoader$1.run()Ljava/lang/Class; (63 bytes) @ 0xa7394238 [0xa7394000+0x238]
J 188 C1 java.net.URLClassLoader$1.run()Ljava/lang/Object; (5 bytes) @ 0xa737a9d0 [0xa737a960+0x70]
v  ~StubRoutines::call_stub
J 146  java.security.AccessController.doPrivileged(Ljava/security/PrivilegedExceptionAction;Ljava/security/AccessControlContext;)Ljava/lang/Object; (0 bytes) @ 0xa7366788 [0xa7366720+0x68]
J 187 C1 java.net.URLClassLoader.findClass(Ljava/lang/String;)Ljava/lang/Class; (47 bytes) @ 0xa737a2f4 [0xa737a1c0+0x134]
J 440 C1 org.codehaus.plexus.classworlds.realm.ClassRealm.loadClassFromSelf(Ljava/lang/String;)Ljava/lang/Class; (40 bytes) @ 0xa74051f4 [0xa7404f20+0x2d4]
J 325 C1 org.codehaus.plexus.classworlds.strategy.SelfFirstStrategy.loadClass(Ljava/lang/String;)Ljava/lang/Class; (50 bytes) @ 0xa73ced88 [0xa73ceb80+0x208]
J 262 C1 org.codehaus.plexus.classworlds.realm.ClassRealm.loadClass(Ljava/lang/String;)Ljava/lang/Class; (7 bytes) @ 0xa739e6fc [0xa739e540+0x1bc]
v  ~StubRoutines::call_stub
J 378  java.lang.ClassLoader.defineClass1(Ljava/lang/String;[BIILjava/security/ProtectionDomain;Ljava/lang/String;)Ljava/lang/Class; (0 bytes) @ 0xa73dea07 [0xa73de960+0xa7]
J 569 C1 java.lang.ClassLoader.defineClass(Ljava/lang/String;[BIILjava/security/ProtectionDomain;)Ljava/lang/Class; (43 bytes) @ 0xa746ab3c [0xa746aa60+0xdc]
J 314 C1 java.net.URLClassLoader.defineClass(Ljava/lang/String;Lsun/misc/Resource;)Ljava/lang/Class; (142 bytes) @ 0xa73cb778 [0xa73ca0a0+0x16d8]
J 243 C1 java.net.URLClassLoader$1.run()Ljava/lang/Class; (63 bytes) @ 0xa7394238 [0xa7394000+0x238]
J 188 C1 java.net.URLClassLoader$1.run()Ljava/lang/Object; (5 bytes) @ 0xa737a9d0 [0xa737a960+0x70]
v  ~StubRoutines::call_stub
J 146  java.security.AccessController.doPrivileged(Ljava/security/PrivilegedExceptionAction;Ljava/security/AccessControlContext;)Ljava/lang/Object; (0 bytes) @ 0xa7366788 [0xa7366720+0x68]
J 187 C1 java.net.URLClassLoader.findClass(Ljava/lang/String;)Ljava/lang/Class; (47 bytes) @ 0xa737a2f4 [0xa737a1c0+0x134]
J 440 C1 org.codehaus.plexus.classworlds.realm.ClassRealm.loadClassFromSelf(Ljava/lang/String;)Ljava/lang/Class; (40 bytes) @ 0xa74051f4 [0xa7404f20+0x2d4]
J 325 C1 org.codehaus.plexus.classworlds.strategy.SelfFirstStrategy.loadClass(Ljava/lang/String;)Ljava/lang/Class; (50 bytes) @ 0xa73ced88 [0xa73ceb80+0x208]
J 262 C1 org.codehaus.plexus.classworlds.realm.ClassRealm.loadClass(Ljava/lang/String;)Ljava/lang/Class; (7 bytes) @ 0xa739e6fc [0xa739e540+0x1bc]
v  ~StubRoutines::call_stub
J 378  java.lang.ClassLoader.defineClass1(Ljava/lang/String;[BIILjava/security/ProtectionDomain;Ljava/lang/String;)Ljava/lang/Class; (0 bytes) @ 0xa73dea07 [0xa73de960+0xa7]
J 569 C1 java.lang.ClassLoader.defineClass(Ljava/lang/String;[BIILjava/security/ProtectionDomain;)Ljava/lang/Class; (43 bytes) @ 0xa746ab3c [0xa746aa60+0xdc]
J 314 C1 java.net.URLClassLoader.defineClass(Ljava/lang/String;Lsun/misc/Resource;)Ljava/lang/Class; (142 bytes) @ 0xa73cb778 [0xa73ca0a0+0x16d8]
J 243 C1 java.net.URLClassLoader$1.run()Ljava/lang/Class; (63 bytes) @ 0xa7394238 [0xa7394000+0x238]
J 188 C1 java.net.URLClassLoader$1.run()Ljava/lang/Object; (5 bytes) @ 0xa737a9d0 [0xa737a960+0x70]
v  ~StubRoutines::call_stub
J 146  java.security.AccessController.doPrivileged(Ljava/security/PrivilegedExceptionAction;Ljava/security/AccessControlContext;)Ljava/lang/Object; (0 bytes) @ 0xa7366788 [0xa7366720+0x68]
J 187 C1 java.net.URLClassLoader.findClass(Ljava/lang/String;)Ljava/lang/Class; (47 bytes) @ 0xa737a2f4 [0xa737a1c0+0x134]
J 440 C1 org.codehaus.plexus.classworlds.realm.ClassRealm.loadClassFromSelf(Ljava/lang/String;)Ljava/lang/Class; (40 bytes) @ 0xa74051f4 [0xa7404f20+0x2d4]
J 325 C1 org.codehaus.plexus.classworlds.strategy.SelfFirstStrategy.loadClass(Ljava/lang/String;)Ljava/lang/Class; (50 bytes) @ 0xa73ced88 [0xa73ceb80+0x208]
J 262 C1 org.codehaus.plexus.classworlds.realm.ClassRealm.loadClass(Ljava/lang/String;)Ljava/lang/Class; (7 bytes) @ 0xa739e6fc [0xa739e540+0x1bc]
v  ~StubRoutines::call_stub
j  java.lang.Class.getDeclaredFields0(Z)[Ljava/lang/reflect/Field;+0
J 651 C1 java.lang.Class.privateGetDeclaredFields(Z)[Ljava/lang/reflect/Field; (67 bytes) @ 0xa7496108 [0xa7495ec0+0x248]
J 669 C1 com.google.inject.spi.InjectionPoint.getInjectionPoints(Lcom/google/inject/TypeLiteral;ZLcom/google/inject/internal/Errors;)Ljava/util/Set; (497 bytes) @ 0xa74a2af8 [0xa74a25c0+0x538]
j  com.google.inject.spi.InjectionPoint.forInstanceMethodsAndFields(Lcom/google/inject/TypeLiteral;)Ljava/util/Set;+11
j  org.eclipse.sisu.wire.DependencyAnalyzer.analyzeImplementation(Lcom/google/inject/TypeLiteral;Z)Ljava/lang/Boolean;+44
j  org.eclipse.sisu.wire.DependencyAnalyzer.visit(Lcom/google/inject/spi/ProviderInstanceBinding;)Ljava/lang/Boolean;+33
j  org.eclipse.sisu.wire.DependencyAnalyzer.visit(Lcom/google/inject/spi/ProviderInstanceBinding;)Ljava/lang/Object;+2
j  com.google.inject.internal.ProviderInstanceBindingImpl.acceptTargetVisitor(Lcom/google/inject/spi/BindingTargetVisitor;)Ljava/lang/Object;+27
j  org.eclipse.sisu.wire.ElementAnalyzer.visit(Lcom/google/inject/Binding;)Ljava/lang/Void;+43
j  org.eclipse.sisu.wire.ElementAnalyzer.visit(Lcom/google/inject/Binding;)Ljava/lang/Object;+2
j  com.google.inject.internal.BindingImpl.acceptVisitor(Lcom/google/inject/spi/ElementVisitor;)Ljava/lang/Object;+2
j  org.eclipse.sisu.wire.WireModule.configure(Lcom/google/inject/Binder;)V+45
j  com.google.inject.spi.Elements$RecordingBinder.install(Lcom/google/inject/Module;)V+161
j  com.google.inject.spi.Elements.getElements(Lcom/google/inject/Stage;Ljava/lang/Iterable;)Ljava/util/List;+40
j  com.google.inject.internal.InjectorShell$Builder.build(Lcom/google/inject/internal/Initializer;Lcom/google/inject/internal/ProcessedBindingData;Lcom/google/inject/internal/util/Stopwatch;Lcom/google/inject/internal/Errors;)Ljava/util/List;+122
j  com.google.inject.internal.InternalInjectorCreator.build()Lcom/google/inject/Injector;+48
j  com.google.inject.Guice.createInjector(Lcom/google/inject/Stage;Ljava/lang/Iterable;)Lcom/google/inject/Injector;+15
j  com.google.inject.Guice.createInjector(Ljava/lang/Iterable;)Lcom/google/inject/Injector;+4
j  com.google.inject.Guice.createInjector([Lcom/google/inject/Module;)Lcom/google/inject/Injector;+4
j  org.codehaus.plexus.DefaultPlexusContainer.addPlexusInjector(Ljava/util/List;[Lcom/google/inject/Module;)Lcom/google/inject/Injector;+88
j  org.codehaus.plexus.DefaultPlexusContainer.<init>(Lorg/codehaus/plexus/ContainerConfiguration;[Lcom/google/inject/Module;)V+397
j  org.apache.maven.cli.MavenCli.container(Lorg/apache/maven/cli/CliRequest;)Lorg/codehaus/plexus/PlexusContainer;+269
j  org.apache.maven.cli.MavenCli.doMain(Lorg/apache/maven/cli/CliRequest;)I+29
j  org.apache.maven.cli.MavenCli.main([Ljava/lang/String;Lorg/codehaus/plexus/classworlds/ClassWorld;)I+18
v  ~StubRoutines::call_stub
j  sun.reflect.NativeMethodAccessorImpl.invoke0(Ljava/lang/reflect/Method;Ljava/lang/Object;[Ljava/lang/Object;)Ljava/lang/Object;+0
j  sun.reflect.NativeMethodAccessorImpl.invoke(Ljava/lang/Object;[Ljava/lang/Object;)Ljava/lang/Object;+100
j  sun.reflect.DelegatingMethodAccessorImpl.invoke(Ljava/lang/Object;[Ljava/lang/Object;)Ljava/lang/Object;+6
j  java.lang.reflect.Method.invoke(Ljava/lang/Object;[Ljava/lang/Object;)Ljava/lang/Object;+56
j  org.codehaus.plexus.classworlds.launcher.Launcher.launchEnhanced([Ljava/lang/String;)V+45
j  org.codehaus.plexus.classworlds.launcher.Launcher.launch([Ljava/lang/String;)V+2
j  org.codehaus.plexus.classworlds.launcher.Launcher.mainWithExitCode([Ljava/lang/String;)I+101
j  org.codehaus.plexus.classworlds.launcher.Launcher.main([Ljava/lang/String;)V+1
v  ~StubRoutines::call_stub

---------------  P R O C E S S  ---------------

Java Threads: ( => current thread )
  0x638aa400 JavaThread "Service Thread" daemon [_thread_blocked, id=16292, stack(0x6318a000,0x631db000)]
  0x638a7000 JavaThread "C1 CompilerThread2" daemon [_thread_blocked, id=16290, stack(0x631db000,0x6325c000)]
  0x638a5c00 JavaThread "C2 CompilerThread1" daemon [_thread_blocked, id=16288, stack(0x6325c000,0x632dd000)]
  0x638a3c00 JavaThread "C2 CompilerThread0" daemon [_thread_blocked, id=16286, stack(0x632dd000,0x6335e000)]
  0x638a2400 JavaThread "Signal Dispatcher" daemon [_thread_blocked, id=16285, stack(0x6335e000,0x633af000)]
  0x63888400 JavaThread "Finalizer" daemon [_thread_blocked, id=16283, stack(0x635af000,0x63600000)]
  0x63885800 JavaThread "Reference Handler" daemon [_thread_blocked, id=16281, stack(0x63913000,0x63964000)]
=>0xb6307800 JavaThread "main" [_thread_in_vm, id=16268, stack(0xb641a000,0xb646b000)]

Other Threads:
  0x63881000 VMThread [stack: 0x63964000,0x639e5000] [id=16277]
  0x638ac400 WatcherThread [stack: 0x63109000,0x6318a000] [id=16294]

VM state:not at safepoint (normal execution)

VM Mutex/Monitor currently owned by a thread: None

Heap:
 PSYoungGen      total 35840K, used 11355K [0x918c0000, 0x93e40000, 0xa6e00000)
  eden space 33280K, 26% used [0x918c0000,0x9215a088,0x93940000)
  from space 2560K, 99% used [0x93bc0000,0x93e3cbf8,0x93e40000)
  to   space 2560K, 0% used [0x93940000,0x93940000,0x93bc0000)
 ParOldGen       total 43776K, used 903K [0x66e00000, 0x698c0000, 0x918c0000)
  object space 43776K, 2% used [0x66e00000,0x66ee1d58,0x698c0000)
 Metaspace       used 5965K, capacity 5999K, committed 6040K, reserved 6448K

Card table byte_map: [0x66bff000,0x66e00000] byte_map_base: 0x668c8000

Marking Bits: (ParMarkBitMap*) 0xb7190880
 Begin Bits: [0x64400000, 0x65400000)
 End Bits:   [0x65400000, 0x66400000)

Polling page: 0xb779d000

CodeCache: size=245760Kb used=2488Kb max_used=2493Kb free=243272Kb
 bounds [0xa7284000, 0xa74fc000, 0xb6284000]
 total_blobs=975 nmethods=809 adapters=81
 compilation: enabled

Compilation events (10 events):
Event: 3.725 Thread 0x638a7000  806       1       java.lang.reflect.Proxy$Key1::hashCode (5 bytes)
Event: 3.725 Thread 0x638a7000 nmethod 806 0xa74eba08 code [0xa74ebb00, 0xa74ebba0]
Event: 3.729 Thread 0x638a7000  807       3       java.io.OutputStream::<init> (5 bytes)
Event: 3.729 Thread 0x638a7000 nmethod 807 0xa74f3c08 code [0xa74f3d20, 0xa74f3e40]
Event: 3.729 Thread 0x638a7000  808       3       sun.misc.ProxyGenerator::code_aload (11 bytes)
Event: 3.729 Thread 0x638a7000 nmethod 808 0xa74f3948 code [0xa74f3a60, 0xa74f3b6c]
Event: 3.729 Thread 0x638a7000  809       1       sun.misc.ProxyGenerator::access$800 (5 bytes)
Event: 3.729 Thread 0x638a7000 nmethod 809 0xa74f3748 code [0xa74f3840, 0xa74f38c0]
Event: 3.729 Thread 0x638a7000  810       3       java.io.DataOutputStream::writeInt (65 bytes)
Event: 3.729 Thread 0x638a7000 nmethod 810 0xa74f3048 code [0xa74f31a0, 0xa74f35b0]

GC Heap History (4 events):
Event: 2.213 GC heap before
{Heap before GC invocations=1 (full 0):
 PSYoungGen      total 19200K, used 16640K [0x918c0000, 0x92e00000, 0xa6e00000)
  eden space 16640K, 100% used [0x918c0000,0x92900000,0x92900000)
  from space 2560K, 0% used [0x92b80000,0x92b80000,0x92e00000)
  to   space 2560K, 0% used [0x92900000,0x92900000,0x92b80000)
 ParOldGen       total 43776K, used 0K [0x66e00000, 0x698c0000, 0x918c0000)
  object space 43776K, 0% used [0x66e00000,0x66e00000,0x698c0000)
 Metaspace       used 4673K, capacity 4714K, committed 4760K, reserved 5424K
Event: 2.244 GC heap after
Heap after GC invocations=1 (full 0):
 PSYoungGen      total 19200K, used 2555K [0x918c0000, 0x93e40000, 0xa6e00000)
  eden space 16640K, 0% used [0x918c0000,0x918c0000,0x92900000)
  from space 2560K, 99% used [0x92900000,0x92b7ecc0,0x92b80000)
  to   space 2560K, 0% used [0x93bc0000,0x93bc0000,0x93e40000)
 ParOldGen       total 43776K, used 797K [0x66e00000, 0x698c0000, 0x918c0000)
  object space 43776K, 1% used [0x66e00000,0x66ec7598,0x698c0000)
 Metaspace       used 4673K, capacity 4714K, committed 4760K, reserved 5424K
}
Event: 3.284 GC heap before
{Heap before GC invocations=2 (full 0):
 PSYoungGen      total 19200K, used 19195K [0x918c0000, 0x93e40000, 0xa6e00000)
  eden space 16640K, 100% used [0x918c0000,0x92900000,0x92900000)
  from space 2560K, 99% used [0x92900000,0x92b7ecc0,0x92b80000)
  to   space 2560K, 0% used [0x93bc0000,0x93bc0000,0x93e40000)
 ParOldGen       total 43776K, used 797K [0x66e00000, 0x698c0000, 0x918c0000)
  object space 43776K, 1% used [0x66e00000,0x66ec7598,0x698c0000)
 Metaspace       used 5312K, capacity 5386K, committed 5400K, reserved 5424K
Event: 3.340 GC heap after
Heap after GC invocations=2 (full 0):
 PSYoungGen      total 35840K, used 2546K [0x918c0000, 0x93e40000, 0xa6e00000)
  eden space 33280K, 0% used [0x918c0000,0x918c0000,0x93940000)
  from space 2560K, 99% used [0x93bc0000,0x93e3cbf8,0x93e40000)
  to   space 2560K, 0% used [0x93940000,0x93940000,0x93bc0000)
 ParOldGen       total 43776K, used 903K [0x66e00000, 0x698c0000, 0x918c0000)
  object space 43776K, 2% used [0x66e00000,0x66ee1d58,0x698c0000)
 Metaspace       used 5312K, capacity 5386K, committed 5400K, reserved 5424K
}

Deoptimization events (6 events):
Event: 1.052 Thread 0xb6307800 Uncommon trap: reason=unstable_if action=reinterpret pc=0xa7388884 method=org.codehaus.plexus.util.xml.pull.MXParser.more()C @ 8
Event: 2.313 Thread 0xb6307800 Uncommon trap: reason=unstable_if action=reinterpret pc=0xa740d188 method=java.util.HashMap.getNode(ILjava/lang/Object;)Ljava/util/HashMap$Node; @ 129
Event: 2.608 Thread 0xb6307800 Uncommon trap: reason=unstable_if action=reinterpret pc=0xa744c084 method=java.nio.charset.CoderResult.isOverflow()Z @ 5
Event: 2.615 Thread 0xb6307800 Uncommon trap: reason=unstable_if action=reinterpret pc=0xa7452abc method=java.nio.charset.CoderResult.isOverflow()Z @ 5
Event: 2.639 Thread 0xb6307800 Uncommon trap: reason=unstable_if action=reinterpret pc=0xa7448fb4 method=java.io.Reader.read()I @ 12
Event: 2.944 Thread 0xb6307800 Uncommon trap: reason=range_check action=make_not_entrant pc=0xa740a284 method=sun.reflect.generics.parser.SignatureParser.current()C @ 34

Internal exceptions (10 events):
Event: 2.326 Thread 0xb6307800 Exception <a 'java/lang/ArrayIndexOutOfBoundsException'> (0x919f99b0) thrown at [/build/openjdk-8-Y4imzb/openjdk-8-8u151-b12/src/hotspot/src/share/vm/runtime/sharedRuntime.cpp, line 605]
Event: 2.326 Thread 0xb6307800 Exception <a 'java/lang/ArrayIndexOutOfBoundsException'> (0x919fb288) thrown at [/build/openjdk-8-Y4imzb/openjdk-8-8u151-b12/src/hotspot/src/share/vm/runtime/sharedRuntime.cpp, line 605]
Event: 2.326 Thread 0xb6307800 Exception <a 'java/lang/ArrayIndexOutOfBoundsException'> (0x919fcc78) thrown at [/build/openjdk-8-Y4imzb/openjdk-8-8u151-b12/src/hotspot/src/share/vm/runtime/sharedRuntime.cpp, line 605]
Event: 2.327 Thread 0xb6307800 Exception <a 'java/lang/ArrayIndexOutOfBoundsException'> (0x919fe160) thrown at [/build/openjdk-8-Y4imzb/openjdk-8-8u151-b12/src/hotspot/src/share/vm/runtime/sharedRuntime.cpp, line 605]
Event: 2.327 Thread 0xb6307800 Exception <a 'java/lang/ArrayIndexOutOfBoundsException'> (0x919ffaf8) thrown at [/build/openjdk-8-Y4imzb/openjdk-8-8u151-b12/src/hotspot/src/share/vm/runtime/sharedRuntime.cpp, line 605]
Event: 2.327 Thread 0xb6307800 Exception <a 'java/lang/ArrayIndexOutOfBoundsException'> (0x91a00df8) thrown at [/build/openjdk-8-Y4imzb/openjdk-8-8u151-b12/src/hotspot/src/share/vm/runtime/sharedRuntime.cpp, line 605]
Event: 2.327 Thread 0xb6307800 Exception <a 'java/lang/ArrayIndexOutOfBoundsException'> (0x91a023d0) thrown at [/build/openjdk-8-Y4imzb/openjdk-8-8u151-b12/src/hotspot/src/share/vm/runtime/sharedRuntime.cpp, line 605]
Event: 2.327 Thread 0xb6307800 Exception <a 'java/lang/ArrayIndexOutOfBoundsException'> (0x91a037b0) thrown at [/build/openjdk-8-Y4imzb/openjdk-8-8u151-b12/src/hotspot/src/share/vm/runtime/sharedRuntime.cpp, line 605]
Event: 2.948 Thread 0xb6307800 Exception <a 'java/lang/ArrayIndexOutOfBoundsException': 73> (0x92516af8) thrown at [/build/openjdk-8-Y4imzb/openjdk-8-8u151-b12/src/hotspot/src/share/vm/interpreter/interpreterRuntime.cpp, line 366]
Event: 2.950 Thread 0xb6307800 Exception <a 'java/lang/ArrayIndexOutOfBoundsException': 131> (0x925181e0) thrown at [/build/openjdk-8-Y4imzb/openjdk-8-8u151-b12/src/hotspot/src/share/vm/interpreter/interpreterRuntime.cpp, line 366]

Events (10 events):
Event: 3.736 loading class org/apache/maven/plugin/InvalidPluginDescriptorException
Event: 3.736 loading class org/apache/maven/plugin/InvalidPluginDescriptorException done
Event: 3.736 loading class org/apache/maven/model/management/DefaultPluginManagementInjector
Event: 3.736 loading class org/apache/maven/model/management/DefaultPluginManagementInjector done
Event: 3.739 loading class org/apache/maven/model/management/DefaultPluginManagementInjector$ManagementModelMerger
Event: 3.739 loading class org/apache/maven/model/management/DefaultPluginManagementInjector$ManagementModelMerger done
Event: 3.739 loading class org/apache/maven/model/merge/MavenModelMerger
Event: 3.739 loading class org/apache/maven/model/merge/MavenModelMerger done
Event: 3.744 loading class org/apache/maven/model/merge/ModelMerger
Event: 3.744 loading class org/apache/maven/model/merge/ModelMerger done


Dynamic libraries:
08048000-08049000 r-xp 00000000 08:01 1693306    /usr/lib/jvm/java-8-openjdk-i386/jre/bin/java
08049000-0804a000 r--p 00000000 08:01 1693306    /usr/lib/jvm/java-8-openjdk-i386/jre/bin/java
0804a000-0804b000 rw-p 00001000 08:01 1693306    /usr/lib/jvm/java-8-openjdk-i386/jre/bin/java
08a86000-08aa7000 rw-p 00000000 00:00 0          [heap]
62400000-62454000 rw-p 00000000 00:00 0 
62454000-62500000 ---p 00000000 00:00 0 
62600000-6265d000 rw-p 00000000 00:00 0 
6265d000-62700000 ---p 00000000 00:00 0 
62700000-627cc000 rw-p 00000000 00:00 0 
627cc000-62800000 ---p 00000000 00:00 0 
62800000-628a0000 rw-p 00000000 00:00 0 
628c0000-62900000 ---p 00000000 00:00 0 
62900000-62a00000 rw-p 00000000 00:00 0 
62a00000-62aa8000 rw-p 00000000 00:00 0 
62aa8000-62b00000 ---p 00000000 00:00 0 
62b00000-62c00000 rw-p 00000000 00:00 0 
62c00000-62cfd000 rw-p 00000000 00:00 0 
62cfd000-62d00000 ---p 00000000 00:00 0 
62d00000-62dfe000 rw-p 00000000 00:00 0 
62dfe000-62e00000 ---p 00000000 00:00 0 
62e00000-62eff000 rw-p 00000000 00:00 0 
62eff000-62f00000 ---p 00000000 00:00 0 
62f96000-62fa3000 r--s 0008d000 08:01 1149531    /usr/share/java/maven3-core-3.3.9.jar
62fa3000-62fa4000 r--s 00001000 08:01 1149511    /usr/share/java/wagon-file-2.x.jar
62fa4000-62fa7000 r--s 00007000 08:01 1149537    /usr/share/java/maven3-settings-builder-3.3.9.jar
62fa7000-62fa9000 r--s 0000d000 08:01 1149536    /usr/share/java/maven3-aether-provider-3.3.9.jar
62fa9000-62fb0000 r--s 0002c000 08:01 1149509    /usr/share/java/sisu-plexus.jar
62fb0000-62fb4000 r--s 00027000 08:01 1145546    /usr/share/java/commons-io-2.4.jar
62fb4000-62fbc000 r--s 00054000 08:01 1149507    /usr/share/java/sisu-inject.jar
62fbc000-62fc3000 r--s 0005d000 08:01 1149254    /usr/share/java/commons-lang3.jar
62fc3000-62fc4000 r--s 00004000 08:01 1145398    /usr/share/java/atinject-jsr330-tck-1.0.jar
62fc4000-62fc6000 r--s 0000e000 08:01 1149271    /usr/share/java/plexus-interpolation.jar
62fc6000-62fc8000 r--s 00006000 08:01 1149372    /usr/share/java/eclipse-aether-spi.jar
62fc8000-62fc9000 r--s 00008000 08:01 1149370    /usr/share/java/eclipse-aether-connector-basic.jar
62fc9000-62fcd000 r--s 00027000 08:01 1149367    /usr/share/java/eclipse-aether-impl.jar
62fcd000-62fcf000 r--s 00005000 08:01 1149373    /usr/share/java/eclipse-aether-transport-wagon.jar
62fcf000-62fd4000 r--s 0001d000 08:01 1149374    /usr/share/java/eclipse-aether-api.jar
62fd4000-63000000 r--s 00208000 08:01 1148516    /usr/share/java/guava.jar
63000000-630f9000 rw-p 00000000 00:00 0 
630f9000-63100000 ---p 00000000 00:00 0 
63100000-63102000 r--s 00001000 08:01 1149403    /usr/share/java/aopalliance-1.0.jar
63102000-63104000 r--s 00001000 08:01 1149538    /usr/share/java/maven3-builder-support-3.3.9.jar
63104000-63106000 r--s 00002000 08:01 1149449    /usr/share/java/plexus-cipher.jar
63106000-63107000 r--s 00002000 08:01 1149066    /usr/share/java/slf4j-simple.jar
63107000-63109000 r--s 00013000 08:01 1149534    /usr/share/java/maven3-embedder-3.3.9.jar
63109000-6310a000 ---p 00000000 00:00 0 
6310a000-6318a000 rw-p 00000000 00:00 0 
6318a000-6318d000 ---p 00000000 00:00 0 
6318d000-631db000 rw-p 00000000 00:00 0 
631db000-631de000 ---p 00000000 00:00 0 
631de000-6325c000 rw-p 00000000 00:00 0 
6325c000-6325f000 ---p 00000000 00:00 0 
6325f000-632dd000 rw-p 00000000 00:00 0 
632dd000-632e0000 ---p 00000000 00:00 0 
632e0000-6335e000 rw-p 00000000 00:00 0 
6335e000-63361000 ---p 00000000 00:00 0 
63361000-633af000 rw-p 00000000 00:00 0 
633af000-635af000 r--p 00000000 08:01 1110568    /usr/lib/locale/locale-archive
635af000-635b2000 ---p 00000000 00:00 0 
635b2000-63600000 rw-p 00000000 00:00 0 
63600000-636fd000 rw-p 00000000 00:00 0 
636fd000-63700000 ---p 00000000 00:00 0 
63700000-63721000 rw-p 00000000 00:00 0 
63721000-63800000 ---p 00000000 00:00 0 
63800000-638fe000 rw-p 00000000 00:00 0 
638fe000-63900000 ---p 00000000 00:00 0 
63900000-63902000 r--s 00027000 08:01 1149535    /usr/share/java/maven3-model-3.3.9.jar
63902000-63904000 r--s 0000a000 08:01 1147016    /usr/share/java/commons-cli-1.3.1.jar
63904000-63906000 r--s 0000a000 08:01 1149512    /usr/share/java/wagon-provider-api-2.x.jar
63906000-63909000 r--s 0000a000 08:01 1149539    /usr/share/java/maven3-artifact-3.3.9.jar
63909000-6390d000 r--s 00020000 08:01 1149392    /usr/share/java/eclipse-aether-util.jar
6390d000-6390e000 r--s 00006000 08:01 1149532    /usr/share/java/maven3-repository-metadata-3.3.9.jar
6390e000-63910000 r--s 00007000 08:01 1149069    /usr/share/java/slf4j-api.jar
63910000-63911000 r--s 0000a000 08:01 1149528    /usr/share/java/maven3-settings-3.3.9.jar
63911000-63912000 r--s 00001000 08:01 1149518    /usr/share/java/wagon-http-shared-2.x.jar
63912000-63913000 r--s 00006000 08:01 1149451    /usr/share/java/plexus-sec-dispatcher.jar
63913000-63916000 ---p 00000000 00:00 0 
63916000-63964000 rw-p 00000000 00:00 0 
63964000-63965000 ---p 00000000 00:00 0 
63965000-639e5000 rw-p 00000000 00:00 0 
639e5000-63bb4000 r--s 03c21000 08:01 1693223    /usr/lib/jvm/java-8-openjdk-i386/jre/lib/rt.jar
63bb4000-63ffa000 rw-p 00000000 00:00 0 
63ffa000-64000000 ---p 00000000 00:00 0 
64000000-66400000 rw-p 00000000 00:00 0 
66400000-664fa000 rw-p 00000000 00:00 0 
664fa000-66500000 ---p 00000000 00:00 0 
66500000-66531000 r--s 00207000 08:01 1149515    /usr/share/java/wagon-http-shaded-2.x.jar
66531000-6657f000 rw-p 00000000 00:00 0 
6657f000-66580000 ---p 00000000 00:00 0 
66580000-66600000 rw-p 00000000 00:00 0 
66600000-666fb000 rw-p 00000000 00:00 0 
666fb000-66700000 ---p 00000000 00:00 0 
66700000-66721000 rw-p 00000000 00:00 0 
66721000-66800000 ---p 00000000 00:00 0 
66800000-66804000 r--s 00038000 08:01 1149495    /usr/share/java/plexus-utils2.jar
66804000-6680a000 r--s 00048000 08:01 1149288    /usr/share/java/jsoup.jar
6680a000-6680c000 r--s 0000a000 08:01 1149529    /usr/share/java/maven3-plugin-api-3.3.9.jar
6680c000-66811000 r--s 00025000 08:01 1149533    /usr/share/java/maven3-model-builder-3.3.9.jar
66811000-66816000 r--s 00040000 08:01 1145678    /usr/share/java/commons-lang-2.6.jar
66816000-66824000 r--s 00095000 08:01 1149408    /usr/share/java/guice.jar
66824000-6687f000 rw-p 00000000 00:00 0 
6687f000-66880000 ---p 00000000 00:00 0 
66880000-66900000 rw-p 00000000 00:00 0 
66900000-66921000 rw-p 00000000 00:00 0 
66921000-66a00000 ---p 00000000 00:00 0 
66a00000-66a02000 r--s 00000000 08:01 1149499    /usr/share/java/plexus-component-annotations-1.5.jar
66a02000-66a03000 r--s 00000000 08:01 1149240    /usr/share/java/geronimo-interceptor-3.0-spec-1.0.1.jar
66a03000-66a06000 r--s 00008000 08:01 1149246    /usr/share/java/cdi-api-1.0.jar
66a06000-66a0d000 r--s 00041000 08:01 1149530    /usr/share/java/maven3-compat-3.3.9.jar
66a0d000-66a28000 r--s 00394000 08:01 1693228    /usr/lib/jvm/java-8-openjdk-i386/jre/lib/ext/cldrdata.jar
66a28000-66a29000 ---p 00000000 00:00 0 
66a29000-66abf000 rw-p 00000000 00:00 0 
66abf000-66bff000 ---p 00000000 00:00 0 
66bff000-66c15000 rw-p 00000000 00:00 0 
66c15000-66d54000 ---p 00000000 00:00 0 
66d54000-66d68000 rw-p 00000000 00:00 0 
66d68000-66dff000 ---p 00000000 00:00 0 
66dff000-698c0000 rw-p 00000000 00:00 0 
698c0000-918c0000 ---p 00000000 00:00 0 
918c0000-93e40000 rw-p 00000000 00:00 0 
93e40000-a6e00000 ---p 00000000 00:00 0 
a6e00000-a6e02000 r--s 00012000 08:01 1144777    /usr/share/java/el-api-3.0.jar
a6e02000-a6e04000 r--s 0000a000 08:01 1149493    /usr/share/java/plexus-classworlds2-2.5.2.jar
a6e04000-a6e06000 r--s 00008000 08:01 1693232    /usr/lib/jvm/java-8-openjdk-i386/jre/lib/ext/sunec.jar
a6e06000-a6e21000 r--s 001d6000 08:01 1693230    /usr/lib/jvm/java-8-openjdk-i386/jre/lib/ext/nashorn.jar
a6e21000-a6e2b000 r--s 00116000 08:01 1693233    /usr/lib/jvm/java-8-openjdk-i386/jre/lib/ext/localedata.jar
a6e2b000-a6e43000 rw-p 00000000 00:00 0 
a6e43000-a6e44000 ---p 00000000 00:00 0 
a6e44000-a6ece000 rw-p 00000000 00:00 0 
a6ece000-a7284000 ---p 00000000 00:00 0 
a7284000-a74fc000 rwxp 00000000 00:00 0 
a74fc000-b6284000 ---p 00000000 00:00 0 
b6284000-b628f000 r-xp 00000000 08:01 3402889    /lib/i386-linux-gnu/libnss_files-2.23.so
b628f000-b6290000 r--p 0000a000 08:01 3402889    /lib/i386-linux-gnu/libnss_files-2.23.so
b6290000-b6291000 rw-p 0000b000 08:01 3402889    /lib/i386-linux-gnu/libnss_files-2.23.so
b6291000-b6297000 rw-p 00000000 00:00 0 
b6297000-b62a2000 r-xp 00000000 08:01 3402895    /lib/i386-linux-gnu/libnss_nis-2.23.so
b62a2000-b62a3000 r--p 0000a000 08:01 3402895    /lib/i386-linux-gnu/libnss_nis-2.23.so
b62a3000-b62a4000 rw-p 0000b000 08:01 3402895    /lib/i386-linux-gnu/libnss_nis-2.23.so
b62a4000-b62bb000 r-xp 00000000 08:01 3402652    /lib/i386-linux-gnu/libnsl-2.23.so
b62bb000-b62bc000 r--p 00016000 08:01 3402652    /lib/i386-linux-gnu/libnsl-2.23.so
b62bc000-b62bd000 rw-p 00017000 08:01 3402652    /lib/i386-linux-gnu/libnsl-2.23.so
b62bd000-b62bf000 rw-p 00000000 00:00 0 
b62bf000-b62c5000 r--s 0003a000 08:01 1693231    /usr/lib/jvm/java-8-openjdk-i386/jre/lib/ext/sunjce_provider.jar
b62c5000-b62cd000 r-xp 00000000 08:01 1693277    /usr/lib/jvm/java-8-openjdk-i386/jre/lib/i386/libzip.so
b62cd000-b62ce000 r--p 00007000 08:01 1693277    /usr/lib/jvm/java-8-openjdk-i386/jre/lib/i386/libzip.so
b62ce000-b62cf000 rw-p 00008000 08:01 1693277    /usr/lib/jvm/java-8-openjdk-i386/jre/lib/i386/libzip.so
b62cf000-b62d7000 rw-s 00000000 08:01 2576670    /tmp/hsperfdata_sarnobat/16214
b62d7000-b62fe000 r-xp 00000000 08:01 1693258    /usr/lib/jvm/java-8-openjdk-i386/jre/lib/i386/libjava.so
b62fe000-b62ff000 r--p 00026000 08:01 1693258    /usr/lib/jvm/java-8-openjdk-i386/jre/lib/i386/libjava.so
b62ff000-b6300000 rw-p 00027000 08:01 1693258    /usr/lib/jvm/java-8-openjdk-i386/jre/lib/i386/libjava.so
b6300000-b63fb000 rw-p 00000000 00:00 0 
b63fb000-b6400000 ---p 00000000 00:00 0 
b6400000-b6401000 r--s 00000000 08:01 1145399    /usr/share/java/atinject-jsr330-api-1.0.jar
b6401000-b6402000 r--s 00010000 08:01 1693229    /usr/lib/jvm/java-8-openjdk-i386/jre/lib/ext/zipfs.jar
b6402000-b6404000 r--s 00001000 08:01 1693236    /usr/lib/jvm/java-8-openjdk-i386/jre/lib/ext/dnsns.jar
b6404000-b6407000 r--s 0000f000 08:01 1693227    /usr/lib/jvm/java-8-openjdk-i386/jre/lib/ext/icedtea-sound.jar
b6407000-b640f000 r-xp 00000000 08:01 3402720    /lib/i386-linux-gnu/libnss_compat-2.23.so
b640f000-b6410000 r--p 00007000 08:01 3402720    /lib/i386-linux-gnu/libnss_compat-2.23.so
b6410000-b6411000 rw-p 00008000 08:01 3402720    /lib/i386-linux-gnu/libnss_compat-2.23.so
b6411000-b6418000 r-xp 00000000 08:01 3402905    /lib/i386-linux-gnu/librt-2.23.so
b6418000-b6419000 r--p 00006000 08:01 3402905    /lib/i386-linux-gnu/librt-2.23.so
b6419000-b641a000 rw-p 00007000 08:01 3402905    /lib/i386-linux-gnu/librt-2.23.so
b641a000-b641d000 ---p 00000000 00:00 0 
b641d000-b646b000 rw-p 00000000 00:00 0 
b646b000-b6487000 r-xp 00000000 08:01 3402590    /lib/i386-linux-gnu/libgcc_s.so.1
b6487000-b6488000 rw-p 0001b000 08:01 3402590    /lib/i386-linux-gnu/libgcc_s.so.1
b6488000-b64db000 r-xp 00000000 08:01 3402651    /lib/i386-linux-gnu/libm-2.23.so
b64db000-b64dc000 r--p 00052000 08:01 3402651    /lib/i386-linux-gnu/libm-2.23.so
b64dc000-b64dd000 rw-p 00053000 08:01 3402651    /lib/i386-linux-gnu/libm-2.23.so
b64dd000-b664a000 r-xp 00000000 08:01 1104849    /usr/lib/i386-linux-gnu/libstdc++.so.6.0.21
b664a000-b664b000 ---p 0016d000 08:01 1104849    /usr/lib/i386-linux-gnu/libstdc++.so.6.0.21
b664b000-b6650000 r--p 0016d000 08:01 1104849    /usr/lib/i386-linux-gnu/libstdc++.so.6.0.21
b6650000-b6651000 rw-p 00172000 08:01 1104849    /usr/lib/i386-linux-gnu/libstdc++.so.6.0.21
b6651000-b6654000 rw-p 00000000 00:00 0 
b6654000-b7125000 r-xp 00000000 08:01 1693269    /usr/lib/jvm/java-8-openjdk-i386/jre/lib/i386/server/libjvm.so
b7125000-b716b000 r--p 00ad0000 08:01 1693269    /usr/lib/jvm/java-8-openjdk-i386/jre/lib/i386/server/libjvm.so
b716b000-b7182000 rw-p 00b16000 08:01 1693269    /usr/lib/jvm/java-8-openjdk-i386/jre/lib/i386/server/libjvm.so
b7182000-b75a2000 rw-p 00000000 00:00 0 
b75a2000-b75bb000 r-xp 00000000 08:01 3402662    /lib/i386-linux-gnu/libpthread-2.23.so
b75bb000-b75bc000 r--p 00018000 08:01 3402662    /lib/i386-linux-gnu/libpthread-2.23.so
b75bc000-b75bd000 rw-p 00019000 08:01 3402662    /lib/i386-linux-gnu/libpthread-2.23.so
b75bd000-b75bf000 rw-p 00000000 00:00 0 
b75bf000-b75c2000 r-xp 00000000 08:01 3402697    /lib/i386-linux-gnu/libdl-2.23.so
b75c2000-b75c3000 r--p 00002000 08:01 3402697    /lib/i386-linux-gnu/libdl-2.23.so
b75c3000-b75c4000 rw-p 00003000 08:01 3402697    /lib/i386-linux-gnu/libdl-2.23.so
b75c4000-b75c5000 rw-p 00000000 00:00 0 
b75c5000-b75de000 r-xp 00000000 08:01 3402741    /lib/i386-linux-gnu/libz.so.1.2.8
b75de000-b75df000 r--p 00018000 08:01 3402741    /lib/i386-linux-gnu/libz.so.1.2.8
b75df000-b75e0000 rw-p 00019000 08:01 3402741    /lib/i386-linux-gnu/libz.so.1.2.8
b75e0000-b7790000 r-xp 00000000 08:01 3402663    /lib/i386-linux-gnu/libc-2.23.so
b7790000-b7792000 r--p 001af000 08:01 3402663    /lib/i386-linux-gnu/libc-2.23.so
b7792000-b7793000 rw-p 001b1000 08:01 3402663    /lib/i386-linux-gnu/libc-2.23.so
b7793000-b7796000 rw-p 00000000 00:00 0 
b7796000-b7797000 r--s 0000a000 08:01 1693235    /usr/lib/jvm/java-8-openjdk-i386/jre/lib/ext/jaccess.jar
b7797000-b779b000 r--s 00037000 08:01 1693234    /usr/lib/jvm/java-8-openjdk-i386/jre/lib/ext/sunpkcs11.jar
b779b000-b779c000 r--p 002d4000 08:01 1110568    /usr/lib/locale/locale-archive
b779c000-b779d000 rw-p 00000000 00:00 0 
b779d000-b779e000 r--p 00000000 00:00 0 
b779e000-b77ac000 r-xp 00000000 08:01 1693275    /usr/lib/jvm/java-8-openjdk-i386/jre/lib/i386/libverify.so
b77ac000-b77ad000 r--p 0000d000 08:01 1693275    /usr/lib/jvm/java-8-openjdk-i386/jre/lib/i386/libverify.so
b77ad000-b77ae000 rw-p 0000e000 08:01 1693275    /usr/lib/jvm/java-8-openjdk-i386/jre/lib/i386/libverify.so
b77ae000-b77bb000 r-xp 00000000 08:01 1693273    /usr/lib/jvm/java-8-openjdk-i386/jre/lib/i386/jli/libjli.so
b77bb000-b77bc000 r--p 0000c000 08:01 1693273    /usr/lib/jvm/java-8-openjdk-i386/jre/lib/i386/jli/libjli.so
b77bc000-b77bd000 rw-p 0000d000 08:01 1693273    /usr/lib/jvm/java-8-openjdk-i386/jre/lib/i386/jli/libjli.so
b77bd000-b77be000 rw-p 00000000 00:00 0 
b77be000-b77c0000 r--p 00000000 00:00 0          [vvar]
b77c0000-b77c1000 r-xp 00000000 00:00 0          [vdso]
b77c1000-b77e4000 r-xp 00000000 08:01 3402661    /lib/i386-linux-gnu/ld-2.23.so
b77e4000-b77e5000 r--p 00022000 08:01 3402661    /lib/i386-linux-gnu/ld-2.23.so
b77e5000-b77e6000 rw-p 00023000 08:01 3402661    /lib/i386-linux-gnu/ld-2.23.so
bf8e0000-bf901000 rw-p 00000000 00:00 0          [stack]

VM Arguments:
jvm_args: -Dclassworlds.conf=/usr/share/maven/bin/m2.conf -Dmaven.home=/usr/share/maven -Dmaven.multiModuleProjectDirectory=/home/sarnobat/github/maven_project 
java_command: org.codehaus.plexus.classworlds.launcher.Launcher --quiet --settings /home/sarnobat/sarnobat.git/mac/.m2/settings.xml install exec:java -Dexec.mainClass=Md5RoList -Dexec.args=4485
java_class_path (initial): /usr/share/maven/boot/plexus-classworlds-2.x.jar
Launcher Type: SUN_STANDARD

Environment Variables:
JAVA_HOME=/usr/lib/jvm/java-8-openjdk-i386
PATH=/usr/bin:/bin
SHELL=/bin/sh

Signal Handlers:
SIGSEGV: [libjvm.so+0x8d7370], sa_mask[0]=11111111011111111101111111111110, sa_flags=SA_RESTART|SA_SIGINFO
SIGBUS: [libjvm.so+0x8d7370], sa_mask[0]=11111111011111111101111111111110, sa_flags=SA_RESTART|SA_SIGINFO
SIGFPE: [libjvm.so+0x73d1c0], sa_mask[0]=11111111011111111101111111111110, sa_flags=SA_RESTART|SA_SIGINFO
SIGPIPE: [libjvm.so+0x73d1c0], sa_mask[0]=11111111011111111101111111111110, sa_flags=SA_RESTART|SA_SIGINFO
SIGXFSZ: [libjvm.so+0x73d1c0], sa_mask[0]=11111111011111111101111111111110, sa_flags=SA_RESTART|SA_SIGINFO
SIGILL: [libjvm.so+0x73d1c0], sa_mask[0]=11111111011111111101111111111110, sa_flags=SA_RESTART|SA_SIGINFO
SIGUSR1: SIG_DFL, sa_mask[0]=00000000000000000000000000000000, sa_flags=none
SIGUSR2: [libjvm.so+0x73d000], sa_mask[0]=00000000000000000000000000000000, sa_flags=SA_RESTART|SA_SIGINFO
SIGHUP: [libjvm.so+0x73d790], sa_mask[0]=11111111011111111101111111111110, sa_flags=SA_RESTART|SA_SIGINFO
SIGINT: [libjvm.so+0x73d790], sa_mask[0]=11111111011111111101111111111110, sa_flags=SA_RESTART|SA_SIGINFO
SIGTERM: [libjvm.so+0x73d790], sa_mask[0]=11111111011111111101111111111110, sa_flags=SA_RESTART|SA_SIGINFO
SIGQUIT: [libjvm.so+0x73d790], sa_mask[0]=11111111011111111101111111111110, sa_flags=SA_RESTART|SA_SIGINFO


---------------  S Y S T E M  ---------------

OS:DISTRIB_ID=Ubuntu
DISTRIB_RELEASE=16.04
DISTRIB_CODENAME=xenial
DISTRIB_DESCRIPTION="Ubuntu 16.04.1 LTS"

uname:Linux 4.4.0-104-generic #127-Ubuntu SMP Mon Dec 11 12:16:50 UTC 2017 i686
libc:glibc 2.23 NPTL 2.23 
rlimit: STACK 8192k, CORE 0k, NPROC 63057, NOFILE 1048576, AS infinity
load average:2.64 2.39 2.31

/proc/meminfo:
MemTotal:        8107456 kB
MemFree:          407924 kB
MemAvailable:          0 kB
Buffers:            2220 kB
Cached:           212188 kB
SwapCached:         4184 kB
Active:          5996768 kB
Inactive:        1493076 kB
Active(anon):    5984836 kB
Inactive(anon):  1479736 kB
Active(file):      11932 kB
Inactive(file):    13340 kB
Unevictable:           0 kB
Mlocked:               0 kB
HighTotal:       7292552 kB
HighFree:         109540 kB
LowTotal:         814904 kB
LowFree:          298384 kB
SwapTotal:       4007932 kB
SwapFree:              0 kB
Dirty:               696 kB
Writeback:             0 kB
AnonPages:       7271780 kB
Mapped:            25100 kB
Shmem:            188688 kB
Slab:              98708 kB
SReclaimable:      51372 kB
SUnreclaim:        47336 kB
KernelStack:       16224 kB
PageTables:        45892 kB
NFS_Unstable:          0 kB
Bounce:                0 kB
WritebackTmp:          0 kB
CommitLimit:     8061660 kB
Committed_AS:   25106408 kB
VmallocTotal:     122880 kB
VmallocUsed:           0 kB
VmallocChunk:          0 kB
AnonHugePages:   3923968 kB
CmaTotal:              0 kB
CmaFree:               0 kB
HugePages_Total:       0
HugePages_Free:        0
HugePages_Rsvd:        0
HugePages_Surp:        0
Hugepagesize:       2048 kB
DirectMap4k:       34808 kB
DirectMap2M:      876544 kB


CPU:total 4 (initial active 4) (2 cores per cpu, 2 threads per core) family 6 model 58 stepping 9, cmov, cx8, fxsr, mmx, sse, sse2, sse3, ssse3, sse4.1, sse4.2, popcnt, avx, aes, clmul, erms, ht, tsc, tscinvbit, tscinv

/proc/cpuinfo:
processor	: 0
vendor_id	: GenuineIntel
cpu family	: 6
model		: 58
model name	: Intel(R) Core(TM) i5-3427U CPU @ 1.80GHz
stepping	: 9
microcode	: 0x17
cpu MHz		: 2599.988
cache size	: 3072 KB
physical id	: 0
siblings	: 4
core id		: 0
cpu cores	: 2
apicid		: 0
initial apicid	: 0
fdiv_bug	: no
f00f_bug	: no
coma_bug	: no
fpu		: yes
fpu_exception	: yes
cpuid level	: 13
wp		: yes
flags		: fpu vme de pse tsc msr pae mce cx8 apic sep mtrr pge mca cmov pat pse36 clflush dts acpi mmx fxsr sse sse2 ss ht tm pbe nx rdtscp lm constant_tsc arch_perfmon pebs bts xtopology nonstop_tsc aperfmperf eagerfpu pni pclmulqdq dtes64 monitor ds_cpl vmx smx est tm2 ssse3 cx16 xtpr pdcm pcid sse4_1 sse4_2 x2apic popcnt tsc_deadline_timer aes xsave avx f16c rdrand lahf_lm epb tpr_shadow vnmi flexpriority ept vpid fsgsbase smep erms xsaveopt dtherm ida arat pln pts
bugs		:
bogomips	: 4589.86
clflush size	: 64
cache_alignment	: 64
address sizes	: 36 bits physical, 48 bits virtual
power management:

processor	: 1
vendor_id	: GenuineIntel
cpu family	: 6
model		: 58
model name	: Intel(R) Core(TM) i5-3427U CPU @ 1.80GHz
stepping	: 9
microcode	: 0x17
cpu MHz		: 2599.988
cache size	: 3072 KB
physical id	: 0
siblings	: 4
core id		: 1
cpu cores	: 2
apicid		: 2
initial apicid	: 2
fdiv_bug	: no
f00f_bug	: no
coma_bug	: no
fpu		: yes
fpu_exception	: yes
cpuid level	: 13
wp		: yes
flags		: fpu vme de pse tsc msr pae mce cx8 apic sep mtrr pge mca cmov pat pse36 clflush dts acpi mmx fxsr sse sse2 ss ht tm pbe nx rdtscp lm constant_tsc arch_perfmon pebs bts xtopology nonstop_tsc aperfmperf eagerfpu pni pclmulqdq dtes64 monitor ds_cpl vmx smx est tm2 ssse3 cx16 xtpr pdcm pcid sse4_1 sse4_2 x2apic popcnt tsc_deadline_timer aes xsave avx f16c rdrand lahf_lm epb tpr_shadow vnmi flexpriority ept vpid fsgsbase smep erms xsaveopt dtherm ida arat pln pts
bugs		:
bogomips	: 4589.86
clflush size	: 64
cache_alignment	: 64
address sizes	: 36 bits physical, 48 bits virtual
power management:

processor	: 2
vendor_id	: GenuineIntel
cpu family	: 6
model		: 58
model name	: Intel(R) Core(TM) i5-3427U CPU @ 1.80GHz
stepping	: 9
microcode	: 0x17
cpu MHz		: 2599.988
cache size	: 3072 KB
physical id	: 0
siblings	: 4
core id		: 0
cpu cores	: 2
apicid		: 1
initial apicid	: 1
fdiv_bug	: no
f00f_bug	: no
coma_bug	: no
fpu		: yes
fpu_exception	: yes
cpuid level	: 13
wp		: yes
flags		: fpu vme de pse tsc msr pae mce cx8 apic sep mtrr pge mca cmov pat pse36 clflush dts acpi mmx fxsr sse sse2 ss ht tm pbe nx rdtscp lm constant_tsc arch_perfmon pebs bts xtopology nonstop_tsc aperfmperf eagerfpu pni pclmulqdq dtes64 monitor ds_cpl vmx smx est tm2 ssse3 cx16 xtpr pdcm pcid sse4_1 sse4_2 x2apic popcnt tsc_deadline_timer aes xsave avx f16c rdrand lahf_lm epb tpr_shadow vnmi flexpriority ept vpid fsgsbase smep erms xsaveopt dtherm ida arat pln pts
bugs		:
bogomips	: 4589.86
clflush size	: 64
cache_alignment	: 64
address sizes	: 36 bits physical, 48 bits virtual
power management:

processor	: 3
vendor_id	: GenuineIntel
cpu family	: 6
model		: 58
model name	: Intel(R) Core(TM) i5-3427U CPU @ 1.80GHz
stepping	: 9
microcode	: 0x17
cpu MHz		: 2599.988
cache size	: 3072 KB
physical id	: 0
siblings	: 4
core id		: 1
cpu cores	: 2
apicid		: 3
initial apicid	: 3
fdiv_bug	: no
f00f_bug	: no
coma_bug	: no
fpu		: yes
fpu_exception	: yes
cpuid level	: 13
wp		: yes
flags		: fpu vme de pse tsc msr pae mce cx8 apic sep mtrr pge mca cmov pat pse36 clflush dts acpi mmx fxsr sse sse2 ss ht tm pbe nx rdtscp lm constant_tsc arch_perfmon pebs bts xtopology nonstop_tsc aperfmperf eagerfpu pni pclmulqdq dtes64 monitor ds_cpl vmx smx est tm2 ssse3 cx16 xtpr pdcm pcid sse4_1 sse4_2 x2apic popcnt tsc_deadline_timer aes xsave avx f16c rdrand lahf_lm epb tpr_shadow vnmi flexpriority ept vpid fsgsbase smep erms xsaveopt dtherm ida arat pln pts
bugs		:
bogomips	: 4589.86
clflush size	: 64
cache_alignment	: 64
address sizes	: 36 bits physical, 48 bits virtual
power management:



Memory: 4k page, physical 8107456k(407676k free), swap 4007932k(0k free)

vm_info: OpenJDK Server VM (25.151-b12) for linux-x86 JRE (1.8.0_151-8u151-b12-0ubuntu0.16.04.2-b12), built on Oct 27 2017 22:05:04 by "buildd" with gcc 5.4.0 20160609

time: Wed Mar 21 14:22:05 2018
elapsed time: 3 seconds (0d 0h 0m 3s)

