#
# There is insufficient memory for the Java Runtime Environment to continue.
# Native memory allocation (mmap) failed to map 32768 bytes for committing reserved memory.
# Possible reasons:
#   The system is out of physical RAM or swap space
#   In 32 bit mode, the process size limit was hit
# Possible solutions:
#   Reduce memory load on the system
#   Increase physical memory or swap space
#   Check if swap backing store is full
#   Use 64 bit Java on a 64 bit OS
#   Decrease Java heap size (-Xmx/-Xms)
#   Decrease number of Java threads
#   Decrease Java thread stack sizes (-Xss)
#   Set larger code cache with -XX:ReservedCodeCacheSize=
# This output file may be truncated or incomplete.
#
#  Out of Memory Error (os_linux.cpp:2643), pid=32005, tid=0x631acb40
#
# JRE version: OpenJDK Runtime Environment (8.0_162-b12) (build 1.8.0_162-8u162-b12-0ubuntu0.16.04.2-b12)
# Java VM: OpenJDK Server VM (25.162-b12 mixed mode linux-x86 )
# Failed to write core dump. Core dumps have been disabled. To enable core dumping, try "ulimit -c unlimited" before starting Java again
#

---------------  T H R E A D  ---------------

Current thread (0x637a6c00):  JavaThread "C1 CompilerThread2" daemon [_thread_in_vm, id=32081, stack(0x6312c000,0x631ad000)]

Stack: [0x6312c000,0x631ad000],  sp=0x631ab810,  free space=510k
Native frames: (J=compiled Java code, j=interpreted, Vv=VM code, C=native code)
V  [libjvm.so+0x8da814]
V  [libjvm.so+0x3a9046]
V  [libjvm.so+0x744ce0]
V  [libjvm.so+0x73eb53]
V  [libjvm.so+0x8d7234]
V  [libjvm.so+0x4bc3b3]
V  [libjvm.so+0x337093]
V  [libjvm.so+0x7190f0]
V  [libjvm.so+0x2d1aeb]
V  [libjvm.so+0x21f1e8]
V  [libjvm.so+0x21f4d8]
V  [libjvm.so+0x2201e0]
V  [libjvm.so+0x361f41]
V  [libjvm.so+0x3636fa]
V  [libjvm.so+0x87c9d7]
V  [libjvm.so+0x8859ab]
V  [libjvm.so+0x885e7e]
V  [libjvm.so+0x741e15]
C  [libpthread.so.0+0x6295]  start_thread+0xe5
C  [libc.so.6+0xe70ae]  clone+0x6e


Current CompileTask:
C1:   9684 2972       3       org.apache.maven.model.io.xpp3.MavenXpp3Reader::parseBuild (857 bytes)


---------------  P R O C E S S  ---------------

Java Threads: ( => current thread )
  0x637aa000 JavaThread "Service Thread" daemon [_thread_blocked, id=32083, stack(0x630db000,0x6312c000)]
=>0x637a6c00 JavaThread "C1 CompilerThread2" daemon [_thread_in_vm, id=32081, stack(0x6312c000,0x631ad000)]
  0x637a5800 JavaThread "C2 CompilerThread1" daemon [_thread_in_native, id=32079, stack(0x631ad000,0x6322e000)]
  0x637a3800 JavaThread "C2 CompilerThread0" daemon [_thread_in_native, id=32078, stack(0x6322e000,0x632af000)]
  0x637a2000 JavaThread "Signal Dispatcher" daemon [_thread_blocked, id=32077, stack(0x632af000,0x63300000)]
  0x63788000 JavaThread "Finalizer" daemon [_thread_blocked, id=32075, stack(0x63814000,0x63865000)]
  0x63785400 JavaThread "Reference Handler" daemon [_thread_blocked, id=32072, stack(0x6642e000,0x6647f000)]
  0xb6208400 JavaThread "main" [_thread_in_Java, id=32059, stack(0xb6338000,0xb6389000)]

Other Threads:
  0x63780c00 VMThread [stack: 0x63865000,0x638e6000] [id=32070]
  0x637ac000 WatcherThread [stack: 0x6305a000,0x630db000] [id=32084]

VM state:not at safepoint (normal execution)

VM Mutex/Monitor currently owned by a thread:  ([mutex/lock_event])
[0xb6204fd0] CodeCache_lock - owner thread: 0x637a6c00
[0xb6206218] Compile_lock - owner thread: 0x637a6c00
[0xb62062e8] MethodCompileQueue_lock - owner thread: 0x637a6c00

Heap:
 PSYoungGen      total 71680K, used 70612K [0x916c0000, 0x963c0000, 0xa6c00000)
  eden space 66048K, 99% used [0x916c0000,0x9569b720,0x95740000)
  from space 5632K, 92% used [0x95d40000,0x96259a58,0x962c0000)
  to   space 6144K, 0% used [0x95740000,0x95740000,0x95d40000)
 ParOldGen       total 43776K, used 6519K [0x66c00000, 0x696c0000, 0x916c0000)
  object space 43776K, 14% used [0x66c00000,0x6725dc90,0x696c0000)
 Metaspace       used 11101K, capacity 11197K, committed 11288K, reserved 11568K

Card table byte_map: [0x669ff000,0x66c00000] byte_map_base: 0x666c9000

Marking Bits: (ParMarkBitMap*) 0xb70b38a0
 Begin Bits: [0x64300000, 0x65300000)
 End Bits:   [0x65300000, 0x66300000)

Polling page: 0xb76c0000

CodeCache: size=245760Kb used=8013Kb max_used=8013Kb free=237746Kb
 bounds [0xa71a3000, 0xa7983000, 0xb61a3000]
 total_blobs=3131 nmethods=2948 adapters=95
 compilation: enabled

Compilation events (10 events):
Event: 9.644 Thread 0x637a6c00 nmethod 2966 0xa7968ac8 code [0xa7968c00, 0xa7968fb0]
Event: 9.644 Thread 0x637a6c00 2967       3       org.apache.maven.model.merge.ModelMerger::mergeDependency_GroupId (41 bytes)
Event: 9.644 Thread 0x637a6c00 nmethod 2967 0xa795ed48 code [0xa795eee0, 0xa795f5d8]
Event: 9.647 Thread 0x637a6c00 2969       3       org.codehaus.plexus.util.xml.pull.MXParser::parseXmlDecl (268 bytes)
Event: 9.650 Thread 0x637a5800 nmethod 2906 0xa795eb48 code [0xa795ec40, 0xa795ecb0]
Event: 9.650 Thread 0x637a5800 2968  s    4       java.util.Hashtable::putAll (52 bytes)
Event: 9.650 Thread 0x637a6c00 nmethod 2969 0xa796fc08 code [0xa7970040, 0xa7971bb4]
Event: 9.650 Thread 0x637a6c00 2970       3       org.codehaus.plexus.util.xml.pull.MXParser::parseXmlDeclWithVersion (835 bytes)
Event: 9.659 Thread 0x637a6c00 nmethod 2970 0xa7972b48 code [0xa79737e0, 0xa7979994]
Event: 9.664 Thread 0x637a6c00 2972       3       org.apache.maven.model.io.xpp3.MavenXpp3Reader::parseBuild (857 bytes)

GC Heap History (10 events):
Event: 1.694 GC heap before
{Heap before GC invocations=2 (full 0):
 PSYoungGen      total 19200K, used 19191K [0x916c0000, 0x92c00000, 0xa6c00000)
  eden space 16640K, 100% used [0x916c0000,0x92700000,0x92700000)
  from space 2560K, 99% used [0x92700000,0x9297dcf0,0x92980000)
  to   space 2560K, 0% used [0x92980000,0x92980000,0x92c00000)
 ParOldGen       total 43776K, used 796K [0x66c00000, 0x696c0000, 0x916c0000)
  object space 43776K, 1% used [0x66c00000,0x66cc7338,0x696c0000)
 Metaspace       used 5282K, capacity 5322K, committed 5400K, reserved 5424K
Event: 1.707 GC heap after
Heap after GC invocations=2 (full 0):
 PSYoungGen      total 19200K, used 2551K [0x916c0000, 0x93c40000, 0xa6c00000)
  eden space 16640K, 0% used [0x916c0000,0x916c0000,0x92700000)
  from space 2560K, 99% used [0x92980000,0x92bfdf98,0x92c00000)
  to   space 2560K, 0% used [0x92700000,0x92700000,0x92980000)
 ParOldGen       total 43776K, used 870K [0x66c00000, 0x696c0000, 0x916c0000)
  object space 43776K, 1% used [0x66c00000,0x66cd9960,0x696c0000)
 Metaspace       used 5282K, capacity 5322K, committed 5400K, reserved 5424K
}
Event: 2.156 GC heap before
{Heap before GC invocations=3 (full 0):
 PSYoungGen      total 19200K, used 19191K [0x916c0000, 0x93c40000, 0xa6c00000)
  eden space 16640K, 100% used [0x916c0000,0x92700000,0x92700000)
  from space 2560K, 99% used [0x92980000,0x92bfdf98,0x92c00000)
  to   space 2560K, 0% used [0x92700000,0x92700000,0x92980000)
 ParOldGen       total 43776K, used 870K [0x66c00000, 0x696c0000, 0x916c0000)
  object space 43776K, 1% used [0x66c00000,0x66cd9960,0x696c0000)
 Metaspace       used 6649K, capacity 6711K, committed 6808K, reserved 7472K
Event: 2.169 GC heap after
Heap after GC invocations=3 (full 0):
 PSYoungGen      total 19200K, used 2547K [0x916c0000, 0x93c40000, 0xa6c00000)
  eden space 16640K, 0% used [0x916c0000,0x916c0000,0x92700000)
  from space 2560K, 99% used [0x92700000,0x9297ce70,0x92980000)
  to   space 2560K, 0% used [0x939c0000,0x939c0000,0x93c40000)
 ParOldGen       total 43776K, used 2331K [0x66c00000, 0x696c0000, 0x916c0000)
  object space 43776K, 5% used [0x66c00000,0x66e46ce8,0x696c0000)
 Metaspace       used 6649K, capacity 6711K, committed 6808K, reserved 7472K
}
Event: 2.796 GC heap before
{Heap before GC invocations=4 (full 0):
 PSYoungGen      total 19200K, used 19187K [0x916c0000, 0x93c40000, 0xa6c00000)
  eden space 16640K, 100% used [0x916c0000,0x92700000,0x92700000)
  from space 2560K, 99% used [0x92700000,0x9297ce70,0x92980000)
  to   space 2560K, 0% used [0x939c0000,0x939c0000,0x93c40000)
 ParOldGen       total 43776K, used 2331K [0x66c00000, 0x696c0000, 0x916c0000)
  object space 43776K, 5% used [0x66c00000,0x66e46ce8,0x696c0000)
 Metaspace       used 8089K, capacity 8156K, committed 8216K, reserved 8496K
Event: 2.824 GC heap after
Heap after GC invocations=4 (full 0):
 PSYoungGen      total 35840K, used 2544K [0x916c0000, 0x93c40000, 0xa6c00000)
  eden space 33280K, 0% used [0x916c0000,0x916c0000,0x93740000)
  from space 2560K, 99% used [0x939c0000,0x93c3c070,0x93c40000)
  to   space 2560K, 0% used [0x93740000,0x93740000,0x939c0000)
 ParOldGen       total 43776K, used 4391K [0x66c00000, 0x696c0000, 0x916c0000)
  object space 43776K, 10% used [0x66c00000,0x67049fb0,0x696c0000)
 Metaspace       used 8089K, capacity 8156K, committed 8216K, reserved 8496K
}
Event: 5.738 GC heap before
{Heap before GC invocations=5 (full 0):
 PSYoungGen      total 35840K, used 35824K [0x916c0000, 0x93c40000, 0xa6c00000)
  eden space 33280K, 100% used [0x916c0000,0x93740000,0x93740000)
  from space 2560K, 99% used [0x939c0000,0x93c3c070,0x93c40000)
  to   space 2560K, 0% used [0x93740000,0x93740000,0x939c0000)
 ParOldGen       total 43776K, used 4391K [0x66c00000, 0x696c0000, 0x916c0000)
  object space 43776K, 10% used [0x66c00000,0x67049fb0,0x696c0000)
 Metaspace       used 9981K, capacity 10075K, committed 10136K, reserved 10544K
Event: 5.773 GC heap after
Heap after GC invocations=5 (full 0):
 PSYoungGen      total 35840K, used 2546K [0x916c0000, 0x962c0000, 0xa6c00000)
  eden space 33280K, 0% used [0x916c0000,0x916c0000,0x93740000)
  from space 2560K, 99% used [0x93740000,0x939bc880,0x939c0000)
  to   space 5632K, 0% used [0x95d40000,0x95d40000,0x962c0000)
 ParOldGen       total 43776K, used 6515K [0x66c00000, 0x696c0000, 0x916c0000)
  object space 43776K, 14% used [0x66c00000,0x6725cc90,0x696c0000)
 Metaspace       used 9981K, capacity 10075K, committed 10136K, reserved 10544K
}
Event: 8.041 GC heap before
{Heap before GC invocations=6 (full 0):
 PSYoungGen      total 35840K, used 35826K [0x916c0000, 0x962c0000, 0xa6c00000)
  eden space 33280K, 100% used [0x916c0000,0x93740000,0x93740000)
  from space 2560K, 99% used [0x93740000,0x939bc880,0x939c0000)
  to   space 5632K, 0% used [0x95d40000,0x95d40000,0x962c0000)
 ParOldGen       total 43776K, used 6515K [0x66c00000, 0x696c0000, 0x916c0000)
  object space 43776K, 14% used [0x66c00000,0x6725cc90,0x696c0000)
 Metaspace       used 10822K, capacity 10924K, committed 11032K, reserved 11568K
Event: 8.072 GC heap after
Heap after GC invocations=6 (full 0):
 PSYoungGen      total 71680K, used 5222K [0x916c0000, 0x963c0000, 0xa6c00000)
  eden space 66048K, 0% used [0x916c0000,0x916c0000,0x95740000)
  from space 5632K, 92% used [0x95d40000,0x96259a58,0x962c0000)
  to   space 6144K, 0% used [0x95740000,0x95740000,0x95d40000)
 ParOldGen       total 43776K, used 6519K [0x66c00000, 0x696c0000, 0x916c0000)
  object space 43776K, 14% used [0x66c00000,0x6725dc90,0x696c0000)
 Metaspace       used 10822K, capacity 10924K, committed 11032K, reserved 11568K
}

Deoptimization events (10 events):
Event: 7.419 Thread 0xb6208400 Uncommon trap: reason=class_check action=maybe_recompile pc=0xa7670554 method=java.util.regex.Pattern$7.isSatisfiedBy(I)Z @ 16
Event: 7.419 Thread 0xb6208400 Uncommon trap: reason=class_check action=maybe_recompile pc=0xa7670568 method=java.util.regex.Pattern$CharProperty$1.isSatisfiedBy(I)Z @ 5
Event: 7.419 Thread 0xb6208400 Uncommon trap: reason=class_check action=maybe_recompile pc=0xa7670554 method=java.util.regex.Pattern$7.isSatisfiedBy(I)Z @ 16
Event: 7.419 Thread 0xb6208400 Uncommon trap: reason=class_check action=maybe_recompile pc=0xa7670554 method=java.util.regex.Pattern$7.isSatisfiedBy(I)Z @ 16
Event: 7.446 Thread 0xb6208400 Uncommon trap: reason=bimorphic action=maybe_recompile pc=0xa770dd2c method=java.util.regex.Pattern$Slice.match(Ljava/util/regex/Matcher;ILjava/lang/CharSequence;)Z @ 75
Event: 7.446 Thread 0xb6208400 Uncommon trap: reason=bimorphic action=maybe_recompile pc=0xa770dd2c method=java.util.regex.Pattern$Slice.match(Ljava/util/regex/Matcher;ILjava/lang/CharSequence;)Z @ 75
Event: 7.474 Thread 0xb6208400 Uncommon trap: reason=unstable_if action=reinterpret pc=0xa73360bc method=java.nio.charset.CoderResult.isOverflow()Z @ 5
Event: 8.471 Thread 0xb6208400 Uncommon trap: reason=unstable_if action=reinterpret pc=0xa78446cc method=java.lang.String.regionMatches(ZILjava/lang/String;II)Z @ 25
Event: 8.576 Thread 0xb6208400 Uncommon trap: reason=unstable_if action=reinterpret pc=0xa7831668 method=java.util.LinkedHashMap.afterNodeInsertion(Z)V @ 18
Event: 8.979 Thread 0xb6208400 Uncommon trap: reason=unstable_if action=reinterpret pc=0xa78ce408 method=java.util.regex.Pattern$Curly.match(Ljava/util/regex/Matcher;ILjava/lang/CharSequence;)Z @ 45

Classes redefined (0 events):
No events

Internal exceptions (10 events):
Event: 5.382 Thread 0xb6208400 Exception <a 'java/lang/NullPointerException'> (0x933f3248) thrown at [/build/openjdk-8-2Hm3Za/openjdk-8-8u162-b12/src/hotspot/src/share/vm/interpreter/linkResolver.cpp, line 1185]
Event: 5.382 Thread 0xb6208400 Exception <a 'java/lang/NullPointerException'> (0x933f3458) thrown at [/build/openjdk-8-2Hm3Za/openjdk-8-8u162-b12/src/hotspot/src/share/vm/interpreter/linkResolver.cpp, line 1185]
Event: 5.385 Thread 0xb6208400 Exception <a 'java/lang/NullPointerException'> (0x933fbc30) thrown at [/build/openjdk-8-2Hm3Za/openjdk-8-8u162-b12/src/hotspot/src/share/vm/interpreter/linkResolver.cpp, line 1185]
Event: 5.385 Thread 0xb6208400 Exception <a 'java/lang/NullPointerException'> (0x933fbe40) thrown at [/build/openjdk-8-2Hm3Za/openjdk-8-8u162-b12/src/hotspot/src/share/vm/interpreter/linkResolver.cpp, line 1185]
Event: 5.385 Thread 0xb6208400 Exception <a 'java/lang/NullPointerException'> (0x933fc050) thrown at [/build/openjdk-8-2Hm3Za/openjdk-8-8u162-b12/src/hotspot/src/share/vm/interpreter/linkResolver.cpp, line 1185]
Event: 6.901 Thread 0xb6208400 Implicit null exception at 0xa73a603e to 0xa73a61d5
Event: 6.901 Thread 0xb6208400 Implicit null exception at 0xa742b80b to 0xa742b850
Event: 7.145 Thread 0xb6208400 Implicit null exception at 0xa771408b to 0xa7714791
Event: 7.328 Thread 0xb6208400 Implicit null exception at 0xa7681d43 to 0xa76820dd
Event: 7.330 Thread 0xb6208400 Implicit null exception at 0xa759df7f to 0xa759e2c5

Events (10 events):
Event: 9.234 Thread 0xb6208400 DEOPT PACKING pc=0xa779098d sp=0xb6386820
Event: 9.234 Thread 0xb6208400 DEOPT UNPACKING pc=0xa71df61a sp=0xb638673c mode 0
Event: 9.234 Thread 0xb6208400 DEOPT PACKING pc=0xa779098d sp=0xb6386860
Event: 9.234 Thread 0xb6208400 DEOPT UNPACKING pc=0xa71df61a sp=0xb638677c mode 0
Event: 9.240 Thread 0xb6208400 DEOPT PACKING pc=0xa779098d sp=0xb63868a0
Event: 9.240 Thread 0xb6208400 DEOPT UNPACKING pc=0xa71df61a sp=0xb63867bc mode 0
Event: 9.244 Thread 0xb6208400 DEOPT PACKING pc=0xa779098d sp=0xb63868f0
Event: 9.244 Thread 0xb6208400 DEOPT UNPACKING pc=0xa71df61a sp=0xb638680c mode 0
Event: 9.244 Thread 0xb6208400 DEOPT PACKING pc=0xa779098d sp=0xb63868b0
Event: 9.244 Thread 0xb6208400 DEOPT UNPACKING pc=0xa71df61a sp=0xb63867cc mode 0


Dynamic libraries:
08048000-08049000 r-xp 00000000 08:01 1693449    /usr/lib/jvm/java-8-openjdk-i386/jre/bin/java
08049000-0804a000 r--p 00000000 08:01 1693449    /usr/lib/jvm/java-8-openjdk-i386/jre/bin/java
0804a000-0804b000 rw-p 00001000 08:01 1693449    /usr/lib/jvm/java-8-openjdk-i386/jre/bin/java
09cf7000-09da1000 rw-p 00000000 00:00 0          [heap]
5f600000-5f666000 rw-p 00000000 00:00 0 
5f666000-5f700000 ---p 00000000 00:00 0 
5f800000-5f8f9000 rw-p 00000000 00:00 0 
5f8f9000-5f900000 ---p 00000000 00:00 0 
5f900000-5f9fc000 rw-p 00000000 00:00 0 
5f9fc000-5fa00000 ---p 00000000 00:00 0 
5fa00000-5fad0000 rw-p 00000000 00:00 0 
5fad0000-5fb00000 ---p 00000000 00:00 0 
5fc00000-5fce2000 rw-p 00000000 00:00 0 
5fce2000-5fd00000 ---p 00000000 00:00 0 
5fd00000-5fdf9000 rw-p 00000000 00:00 0 
5fdf9000-5fe00000 ---p 00000000 00:00 0 
5fe00000-5fef9000 rw-p 00000000 00:00 0 
5fef9000-5ff00000 ---p 00000000 00:00 0 
5ffff000-61cc0000 rw-p 00000000 00:00 0 
61cc0000-61d00000 ---p 00000000 00:00 0 
61d00000-61e00000 rw-p 00000000 00:00 0 
61e00000-61f00000 rw-p 00000000 00:00 0 
61f00000-61ffe000 rw-p 00000000 00:00 0 
61ffe000-62000000 ---p 00000000 00:00 0 
62000000-620fd000 rw-p 00000000 00:00 0 
620fd000-62100000 ---p 00000000 00:00 0 
62100000-62200000 rw-p 00000000 00:00 0 
62200000-622a3000 rw-p 00000000 00:00 0 
622a3000-62300000 ---p 00000000 00:00 0 
62300000-62400000 rw-p 00000000 00:00 0 
62400000-624fd000 rw-p 00000000 00:00 0 
624fd000-62500000 ---p 00000000 00:00 0 
62500000-62600000 rw-p 00000000 00:00 0 
62600000-626fd000 rw-p 00000000 00:00 0 
626fd000-62700000 ---p 00000000 00:00 0 
62700000-62800000 rw-p 00000000 00:00 0 
62800000-62900000 rw-p 00000000 00:00 0 
62900000-629ff000 rw-p 00000000 00:00 0 
629ff000-62a00000 ---p 00000000 00:00 0 
62a00000-62b00000 rw-p 00000000 00:00 0 
62b00000-62c00000 rw-p 00000000 00:00 0 
62c00000-62d00000 rw-p 00000000 00:00 0 
62d00000-62dfc000 rw-p 00000000 00:00 0 
62dfc000-62e00000 ---p 00000000 00:00 0 
62e86000-62e97000 r-xp 00000000 08:01 1693431    /usr/lib/jvm/java-8-openjdk-i386/jre/lib/i386/libnio.so
62e97000-62e98000 r--p 00010000 08:01 1693431    /usr/lib/jvm/java-8-openjdk-i386/jre/lib/i386/libnio.so
62e98000-62e99000 rw-p 00011000 08:01 1693431    /usr/lib/jvm/java-8-openjdk-i386/jre/lib/i386/libnio.so
62e99000-62eaf000 r-xp 00000000 08:01 1693426    /usr/lib/jvm/java-8-openjdk-i386/jre/lib/i386/libnet.so
62eaf000-62eb0000 r--p 00015000 08:01 1693426    /usr/lib/jvm/java-8-openjdk-i386/jre/lib/i386/libnet.so
62eb0000-62eb1000 rw-p 00016000 08:01 1693426    /usr/lib/jvm/java-8-openjdk-i386/jre/lib/i386/libnet.so
62eb1000-62eb6000 r--s 0009d000 08:01 1692599    /usr/lib/jvm/java-8-openjdk-i386/jre/lib/jsse.jar
62eb6000-62ec3000 r--s 0008d000 08:01 1149531    /usr/share/java/maven3-core-3.3.9.jar
62ec3000-62ec4000 r--s 00001000 08:01 1149511    /usr/share/java/wagon-file-2.x.jar
62ec4000-62ec7000 r--s 00007000 08:01 1149537    /usr/share/java/maven3-settings-builder-3.3.9.jar
62ec7000-62ec9000 r--s 0000d000 08:01 1149536    /usr/share/java/maven3-aether-provider-3.3.9.jar
62ec9000-62ed0000 r--s 0002c000 08:01 1149509    /usr/share/java/sisu-plexus.jar
62ed0000-62ed4000 r--s 00027000 08:01 1145546    /usr/share/java/commons-io-2.4.jar
62ed4000-62f00000 r--s 00208000 08:01 1148516    /usr/share/java/guava.jar
62f00000-62ffb000 rw-p 00000000 00:00 0 
62ffb000-63000000 ---p 00000000 00:00 0 
63000000-63008000 r--s 00054000 08:01 1149507    /usr/share/java/sisu-inject.jar
63008000-6300f000 r--s 0005d000 08:01 1149254    /usr/share/java/commons-lang3.jar
6300f000-63010000 r--s 00004000 08:01 1145398    /usr/share/java/atinject-jsr330-tck-1.0.jar
63010000-63012000 r--s 0000e000 08:01 1149271    /usr/share/java/plexus-interpolation.jar
63012000-63014000 r--s 00006000 08:01 1149372    /usr/share/java/eclipse-aether-spi.jar
63014000-63015000 r--s 00008000 08:01 1149370    /usr/share/java/eclipse-aether-connector-basic.jar
63015000-63019000 r--s 00027000 08:01 1149367    /usr/share/java/eclipse-aether-impl.jar
63019000-6301b000 r--s 00005000 08:01 1149373    /usr/share/java/eclipse-aether-transport-wagon.jar
6301b000-6301d000 r--s 00001000 08:01 1149403    /usr/share/java/aopalliance-1.0.jar
6301d000-6301f000 r--s 00001000 08:01 1149538    /usr/share/java/maven3-builder-support-3.3.9.jar
6301f000-63024000 r--s 0001d000 08:01 1149374    /usr/share/java/eclipse-aether-api.jar
63024000-63026000 r--s 00002000 08:01 1149449    /usr/share/java/plexus-cipher.jar
63026000-63027000 r--s 00002000 08:01 1149066    /usr/share/java/slf4j-simple.jar
63027000-63029000 r--s 00013000 08:01 1149534    /usr/share/java/maven3-embedder-3.3.9.jar
63029000-6305a000 r--s 00207000 08:01 1149515    /usr/share/java/wagon-http-shaded-2.x.jar
6305a000-6305b000 ---p 00000000 00:00 0 
6305b000-630db000 rw-p 00000000 00:00 0 
630db000-630de000 ---p 00000000 00:00 0 
630de000-6312c000 rw-p 00000000 00:00 0 
6312c000-6312f000 ---p 00000000 00:00 0 
6312f000-631ad000 rw-p 00000000 00:00 0 
631ad000-631b0000 ---p 00000000 00:00 0 
631b0000-6322e000 rw-p 00000000 00:00 0 
6322e000-63231000 ---p 00000000 00:00 0 
63231000-632af000 rw-p 00000000 00:00 0 
632af000-632b2000 ---p 00000000 00:00 0 
632b2000-63300000 rw-p 00000000 00:00 0 
63300000-63500000 r--p 00000000 08:01 1110568    /usr/lib/locale/locale-archive
63500000-63600000 rw-p 00000000 00:00 0 
63600000-63621000 rw-p 00000000 00:00 0 
63621000-63700000 ---p 00000000 00:00 0 
63700000-637fe000 rw-p 00000000 00:00 0 
637fe000-63800000 ---p 00000000 00:00 0 
63800000-63802000 r--s 00027000 08:01 1149535    /usr/share/java/maven3-model-3.3.9.jar
63802000-63804000 r--s 0000a000 08:01 1147016    /usr/share/java/commons-cli-1.3.1.jar
63804000-63806000 r--s 0000a000 08:01 1149512    /usr/share/java/wagon-provider-api-2.x.jar
63806000-63809000 r--s 0000a000 08:01 1149539    /usr/share/java/maven3-artifact-3.3.9.jar
63809000-6380d000 r--s 00020000 08:01 1149392    /usr/share/java/eclipse-aether-util.jar
6380d000-6380e000 r--s 00006000 08:01 1149532    /usr/share/java/maven3-repository-metadata-3.3.9.jar
6380e000-63810000 r--s 00007000 08:01 1149069    /usr/share/java/slf4j-api.jar
63810000-63814000 r--s 00038000 08:01 1149495    /usr/share/java/plexus-utils2.jar
63814000-63817000 ---p 00000000 00:00 0 
63817000-63865000 rw-p 00000000 00:00 0 
63865000-63866000 ---p 00000000 00:00 0 
63866000-638e6000 rw-p 00000000 00:00 0 
638e6000-63ab4000 r--s 03c2c000 08:01 1692598    /usr/lib/jvm/java-8-openjdk-i386/jre/lib/rt.jar
63ab4000-63efa000 rw-p 00000000 00:00 0 
63efa000-63f00000 ---p 00000000 00:00 0 
63f00000-66300000 rw-p 00000000 00:00 0 
66300000-663fa000 rw-p 00000000 00:00 0 
663fa000-66400000 ---p 00000000 00:00 0 
66400000-66401000 r--s 0000a000 08:01 1149528    /usr/share/java/maven3-settings-3.3.9.jar
66401000-66402000 r--s 00001000 08:01 1149518    /usr/share/java/wagon-http-shared-2.x.jar
66402000-66403000 r--s 00006000 08:01 1149451    /usr/share/java/plexus-sec-dispatcher.jar
66403000-66409000 r--s 00048000 08:01 1149288    /usr/share/java/jsoup.jar
66409000-6640e000 r--s 00025000 08:01 1149533    /usr/share/java/maven3-model-builder-3.3.9.jar
6640e000-66413000 r--s 00040000 08:01 1145678    /usr/share/java/commons-lang-2.6.jar
66413000-6642e000 r--s 00394000 08:01 1692580    /usr/lib/jvm/java-8-openjdk-i386/jre/lib/ext/cldrdata.jar
6642e000-66431000 ---p 00000000 00:00 0 
66431000-6647f000 rw-p 00000000 00:00 0 
6647f000-66480000 ---p 00000000 00:00 0 
66480000-66500000 rw-p 00000000 00:00 0 
66500000-665fc000 rw-p 00000000 00:00 0 
665fc000-66600000 ---p 00000000 00:00 0 
66600000-66621000 rw-p 00000000 00:00 0 
66621000-66700000 ---p 00000000 00:00 0 
66700000-66702000 r--s 0000a000 08:01 1149529    /usr/share/java/maven3-plugin-api-3.3.9.jar
66702000-66704000 r--s 00000000 08:01 1149499    /usr/share/java/plexus-component-annotations-1.5.jar
66704000-66705000 r--s 00000000 08:01 1149240    /usr/share/java/geronimo-interceptor-3.0-spec-1.0.1.jar
66705000-66708000 r--s 00008000 08:01 1149246    /usr/share/java/cdi-api-1.0.jar
66708000-66716000 r--s 00095000 08:01 1149408    /usr/share/java/guice.jar
66716000-66731000 r--s 001d6000 08:01 1692582    /usr/lib/jvm/java-8-openjdk-i386/jre/lib/ext/nashorn.jar
66731000-6677f000 rw-p 00000000 00:00 0 
6677f000-66780000 ---p 00000000 00:00 0 
66780000-66800000 rw-p 00000000 00:00 0 
66800000-66821000 rw-p 00000000 00:00 0 
66821000-66900000 ---p 00000000 00:00 0 
66900000-66902000 r--s 00012000 08:01 1144777    /usr/share/java/el-api-3.0.jar
66902000-66909000 r--s 00041000 08:01 1149530    /usr/share/java/maven3-compat-3.3.9.jar
66909000-6690b000 r--s 0000a000 08:01 1149493    /usr/share/java/plexus-classworlds2-2.5.2.jar
6690b000-6697e000 rw-p 00000000 00:00 0 
6697e000-6697f000 ---p 00000000 00:00 0 
6697f000-66a15000 rw-p 00000000 00:00 0 
66a15000-66b54000 ---p 00000000 00:00 0 
66b54000-66b7b000 rw-p 00000000 00:00 0 
66b7b000-66bff000 ---p 00000000 00:00 0 
66bff000-696c0000 rw-p 00000000 00:00 0 
696c0000-916c0000 ---p 00000000 00:00 0 
916c0000-963c0000 rw-p 00000000 00:00 0 
963c0000-a6c00000 ---p 00000000 00:00 0 
a6c00000-a6c02000 r--s 00008000 08:01 1692578    /usr/lib/jvm/java-8-openjdk-i386/jre/lib/ext/sunec.jar
a6c02000-a6c0c000 r--s 00116000 08:01 1692574    /usr/lib/jvm/java-8-openjdk-i386/jre/lib/ext/localedata.jar
a6c0c000-a6c0d000 ---p 00000000 00:00 0 
a6c0d000-a6ca3000 rw-p 00000000 00:00 0 
a6ca3000-a6de3000 ---p 00000000 00:00 0 
a6de3000-a6e03000 rw-p 00000000 00:00 0 
a6e03000-a71a3000 ---p 00000000 00:00 0 
a71a3000-a7983000 rwxp 00000000 00:00 0 
a798b000-b61a3000 ---p 00000000 00:00 0 
b61a3000-b61ae000 r-xp 00000000 08:01 3402889    /lib/i386-linux-gnu/libnss_files-2.23.so
b61ae000-b61af000 r--p 0000a000 08:01 3402889    /lib/i386-linux-gnu/libnss_files-2.23.so
b61af000-b61b0000 rw-p 0000b000 08:01 3402889    /lib/i386-linux-gnu/libnss_files-2.23.so
b61b0000-b61b6000 rw-p 00000000 00:00 0 
b61b6000-b61c1000 r-xp 00000000 08:01 3402895    /lib/i386-linux-gnu/libnss_nis-2.23.so
b61c1000-b61c2000 r--p 0000a000 08:01 3402895    /lib/i386-linux-gnu/libnss_nis-2.23.so
b61c2000-b61c3000 rw-p 0000b000 08:01 3402895    /lib/i386-linux-gnu/libnss_nis-2.23.so
b61c3000-b61da000 r-xp 00000000 08:01 3402652    /lib/i386-linux-gnu/libnsl-2.23.so
b61da000-b61db000 r--p 00016000 08:01 3402652    /lib/i386-linux-gnu/libnsl-2.23.so
b61db000-b61dc000 rw-p 00017000 08:01 3402652    /lib/i386-linux-gnu/libnsl-2.23.so
b61dc000-b61de000 rw-p 00000000 00:00 0 
b61de000-b61e6000 r-xp 00000000 08:01 3402720    /lib/i386-linux-gnu/libnss_compat-2.23.so
b61e6000-b61e7000 r--p 00007000 08:01 3402720    /lib/i386-linux-gnu/libnss_compat-2.23.so
b61e7000-b61e8000 rw-p 00008000 08:01 3402720    /lib/i386-linux-gnu/libnss_compat-2.23.so
b61e8000-b61e9000 r--s 00000000 08:01 1145399    /usr/share/java/atinject-jsr330-api-1.0.jar
b61e9000-b61ee000 r--s 0003b000 08:01 1692576    /usr/lib/jvm/java-8-openjdk-i386/jre/lib/ext/sunjce_provider.jar
b61ee000-b61f6000 r-xp 00000000 08:01 1693413    /usr/lib/jvm/java-8-openjdk-i386/jre/lib/i386/libzip.so
b61f6000-b61f7000 r--p 00007000 08:01 1693413    /usr/lib/jvm/java-8-openjdk-i386/jre/lib/i386/libzip.so
b61f7000-b61f8000 rw-p 00008000 08:01 1693413    /usr/lib/jvm/java-8-openjdk-i386/jre/lib/i386/libzip.so
b61f8000-b6200000 rw-s 00000000 08:01 2576723    /tmp/hsperfdata_sarnobat/32005
b6200000-b62fc000 rw-p 00000000 00:00 0 
b62fc000-b6300000 ---p 00000000 00:00 0 
b6300000-b6302000 r--s 00001000 08:01 1692579    /usr/lib/jvm/java-8-openjdk-i386/jre/lib/ext/dnsns.jar
b6302000-b6305000 r--s 0000f000 08:01 1692575    /usr/lib/jvm/java-8-openjdk-i386/jre/lib/ext/icedtea-sound.jar
b6305000-b632d000 r-xp 00000000 08:01 1693416    /usr/lib/jvm/java-8-openjdk-i386/jre/lib/i386/libjava.so
b632d000-b632e000 r--p 00027000 08:01 1693416    /usr/lib/jvm/java-8-openjdk-i386/jre/lib/i386/libjava.so
b632e000-b632f000 rw-p 00028000 08:01 1693416    /usr/lib/jvm/java-8-openjdk-i386/jre/lib/i386/libjava.so
b632f000-b6336000 r-xp 00000000 08:01 3402905    /lib/i386-linux-gnu/librt-2.23.so
b6336000-b6337000 r--p 00006000 08:01 3402905    /lib/i386-linux-gnu/librt-2.23.so
b6337000-b6338000 rw-p 00007000 08:01 3402905    /lib/i386-linux-gnu/librt-2.23.so
b6338000-b633b000 ---p 00000000 00:00 0 
b633b000-b6389000 rw-p 00000000 00:00 0 
b6389000-b63a5000 r-xp 00000000 08:01 3402590    /lib/i386-linux-gnu/libgcc_s.so.1
b63a5000-b63a6000 rw-p 0001b000 08:01 3402590    /lib/i386-linux-gnu/libgcc_s.so.1
b63a6000-b63f9000 r-xp 00000000 08:01 3402651    /lib/i386-linux-gnu/libm-2.23.so
b63f9000-b63fa000 r--p 00052000 08:01 3402651    /lib/i386-linux-gnu/libm-2.23.so
b63fa000-b63fb000 rw-p 00053000 08:01 3402651    /lib/i386-linux-gnu/libm-2.23.so
b63fb000-b6568000 r-xp 00000000 08:01 1104849    /usr/lib/i386-linux-gnu/libstdc++.so.6.0.21
b6568000-b6569000 ---p 0016d000 08:01 1104849    /usr/lib/i386-linux-gnu/libstdc++.so.6.0.21
b6569000-b656e000 r--p 0016d000 08:01 1104849    /usr/lib/i386-linux-gnu/libstdc++.so.6.0.21
b656e000-b656f000 rw-p 00172000 08:01 1104849    /usr/lib/i386-linux-gnu/libstdc++.so.6.0.21
b656f000-b6572000 rw-p 00000000 00:00 0 
b6572000-b7048000 r-xp 00000000 08:01 1693411    /usr/lib/jvm/java-8-openjdk-i386/jre/lib/i386/server/libjvm.so
b7048000-b708e000 r--p 00ad5000 08:01 1693411    /usr/lib/jvm/java-8-openjdk-i386/jre/lib/i386/server/libjvm.so
b708e000-b70a5000 rw-p 00b1b000 08:01 1693411    /usr/lib/jvm/java-8-openjdk-i386/jre/lib/i386/server/libjvm.so
b70a5000-b74c5000 rw-p 00000000 00:00 0 
b74c5000-b74de000 r-xp 00000000 08:01 3402662    /lib/i386-linux-gnu/libpthread-2.23.so
b74de000-b74df000 r--p 00018000 08:01 3402662    /lib/i386-linux-gnu/libpthread-2.23.so
b74df000-b74e0000 rw-p 00019000 08:01 3402662    /lib/i386-linux-gnu/libpthread-2.23.so
b74e0000-b74e2000 rw-p 00000000 00:00 0 
b74e2000-b74e5000 r-xp 00000000 08:01 3402697    /lib/i386-linux-gnu/libdl-2.23.so
b74e5000-b74e6000 r--p 00002000 08:01 3402697    /lib/i386-linux-gnu/libdl-2.23.so
b74e6000-b74e7000 rw-p 00003000 08:01 3402697    /lib/i386-linux-gnu/libdl-2.23.so
b74e7000-b74e8000 rw-p 00000000 00:00 0 
b74e8000-b7501000 r-xp 00000000 08:01 3402741    /lib/i386-linux-gnu/libz.so.1.2.8
b7501000-b7502000 r--p 00018000 08:01 3402741    /lib/i386-linux-gnu/libz.so.1.2.8
b7502000-b7503000 rw-p 00019000 08:01 3402741    /lib/i386-linux-gnu/libz.so.1.2.8
b7503000-b76b3000 r-xp 00000000 08:01 3402663    /lib/i386-linux-gnu/libc-2.23.so
b76b3000-b76b5000 r--p 001af000 08:01 3402663    /lib/i386-linux-gnu/libc-2.23.so
b76b5000-b76b6000 rw-p 001b1000 08:01 3402663    /lib/i386-linux-gnu/libc-2.23.so
b76b6000-b76b9000 rw-p 00000000 00:00 0 
b76b9000-b76ba000 r--s 00010000 08:01 1692581    /usr/lib/jvm/java-8-openjdk-i386/jre/lib/ext/zipfs.jar
b76ba000-b76bb000 r--s 0000a000 08:01 1692577    /usr/lib/jvm/java-8-openjdk-i386/jre/lib/ext/jaccess.jar
b76bb000-b76be000 r--s 00038000 08:01 1692573    /usr/lib/jvm/java-8-openjdk-i386/jre/lib/ext/sunpkcs11.jar
b76be000-b76bf000 r--p 002d4000 08:01 1110568    /usr/lib/locale/locale-archive
b76bf000-b76c0000 rw-p 00000000 00:00 0 
b76c0000-b76c1000 r--p 00000000 00:00 0 
b76c1000-b76cf000 r-xp 00000000 08:01 1693425    /usr/lib/jvm/java-8-openjdk-i386/jre/lib/i386/libverify.so
b76cf000-b76d0000 r--p 0000d000 08:01 1693425    /usr/lib/jvm/java-8-openjdk-i386/jre/lib/i386/libverify.so
b76d0000-b76d1000 rw-p 0000e000 08:01 1693425    /usr/lib/jvm/java-8-openjdk-i386/jre/lib/i386/libverify.so
b76d1000-b76de000 r-xp 00000000 08:01 1693421    /usr/lib/jvm/java-8-openjdk-i386/jre/lib/i386/jli/libjli.so
b76de000-b76df000 r--p 0000c000 08:01 1693421    /usr/lib/jvm/java-8-openjdk-i386/jre/lib/i386/jli/libjli.so
b76df000-b76e0000 rw-p 0000d000 08:01 1693421    /usr/lib/jvm/java-8-openjdk-i386/jre/lib/i386/jli/libjli.so
b76e0000-b76e1000 rw-p 00000000 00:00 0 
b76e1000-b76e4000 r--p 00000000 00:00 0          [vvar]
b76e4000-b76e5000 r-xp 00000000 00:00 0          [vdso]
b76e5000-b7708000 r-xp 00000000 08:01 3402661    /lib/i386-linux-gnu/ld-2.23.so
b7708000-b7709000 r--p 00022000 08:01 3402661    /lib/i386-linux-gnu/ld-2.23.so
b7709000-b770a000 rw-p 00023000 08:01 3402661    /lib/i386-linux-gnu/ld-2.23.so
bfc1b000-bfc3c000 rw-p 00000000 00:00 0          [stack]

VM Arguments:
jvm_args: -Dclassworlds.conf=/usr/share/maven/bin/m2.conf -Dmaven.home=/usr/share/maven -Dmaven.multiModuleProjectDirectory=/home/sarnobat/github/maven_project 
java_command: org.codehaus.plexus.classworlds.launcher.Launcher --quiet --settings /home/sarnobat/sarnobat.git/mac/.m2/settings.xml install exec:java -Dexec.mainClass=Md5RoList -Dexec.args=4485
java_class_path (initial): /usr/share/maven/boot/plexus-classworlds-2.x.jar
Launcher Type: SUN_STANDARD

Environment Variables:
JAVA_HOME=/usr/lib/jvm/java-8-openjdk-i386
PATH=/usr/bin:/bin
SHELL=/bin/sh

Signal Handlers:
SIGSEGV: [libjvm.so+0x8db350], sa_mask[0]=11111111011111111101111111111110, sa_flags=SA_RESTART|SA_SIGINFO
SIGBUS: [libjvm.so+0x8db350], sa_mask[0]=11111111011111111101111111111110, sa_flags=SA_RESTART|SA_SIGINFO
SIGFPE: [libjvm.so+0x73fd00], sa_mask[0]=11111111011111111101111111111110, sa_flags=SA_RESTART|SA_SIGINFO
SIGPIPE: [libjvm.so+0x73fd00], sa_mask[0]=11111111011111111101111111111110, sa_flags=SA_RESTART|SA_SIGINFO
SIGXFSZ: [libjvm.so+0x73fd00], sa_mask[0]=11111111011111111101111111111110, sa_flags=SA_RESTART|SA_SIGINFO
SIGILL: [libjvm.so+0x73fd00], sa_mask[0]=11111111011111111101111111111110, sa_flags=SA_RESTART|SA_SIGINFO
SIGUSR1: SIG_DFL, sa_mask[0]=00000000000000000000000000000000, sa_flags=none
SIGUSR2: [libjvm.so+0x73fb40], sa_mask[0]=00000000000000000000000000000000, sa_flags=SA_RESTART|SA_SIGINFO
SIGHUP: [libjvm.so+0x7402d0], sa_mask[0]=11111111011111111101111111111110, sa_flags=SA_RESTART|SA_SIGINFO
SIGINT: [libjvm.so+0x7402d0], sa_mask[0]=11111111011111111101111111111110, sa_flags=SA_RESTART|SA_SIGINFO
SIGTERM: [libjvm.so+0x7402d0], sa_mask[0]=11111111011111111101111111111110, sa_flags=SA_RESTART|SA_SIGINFO
SIGQUIT: [libjvm.so+0x7402d0], sa_mask[0]=11111111011111111101111111111110, sa_flags=SA_RESTART|SA_SIGINFO


---------------  S Y S T E M  ---------------

OS:DISTRIB_ID=Ubuntu
DISTRIB_RELEASE=16.04
DISTRIB_CODENAME=xenial
DISTRIB_DESCRIPTION="Ubuntu 16.04.1 LTS"

uname:Linux 4.4.0-116-generic #140-Ubuntu SMP Mon Feb 12 21:22:43 UTC 2018 i686
libc:glibc 2.23 NPTL 2.23 
rlimit: STACK 8192k, CORE 0k, NPROC 63055, NOFILE 1048576, AS infinity
load average:3.32 3.00 3.06

/proc/meminfo:
MemTotal:        8107396 kB
MemFree:          332776 kB
MemAvailable:          0 kB
Buffers:           14444 kB
Cached:           196752 kB
SwapCached:        13052 kB
Active:          6264604 kB
Inactive:        1294444 kB
Active(anon):    6211400 kB
Inactive(anon):  1241216 kB
Active(file):      53204 kB
Inactive(file):    53228 kB
Unevictable:           0 kB
Mlocked:               0 kB
HighTotal:       7292552 kB
HighFree:          37140 kB
LowTotal:         814844 kB
LowFree:          295636 kB
SwapTotal:       4007932 kB
SwapFree:              0 kB
Dirty:              1176 kB
Writeback:             0 kB
AnonPages:       7334948 kB
Mapped:            59536 kB
Shmem:            104636 kB
Slab:              84084 kB
SReclaimable:      34356 kB
SUnreclaim:        49728 kB
KernelStack:       23552 kB
PageTables:        53576 kB
NFS_Unstable:          0 kB
Bounce:                0 kB
WritebackTmp:          0 kB
CommitLimit:     8061628 kB
Committed_AS:   31373704 kB
VmallocTotal:     122880 kB
VmallocUsed:           0 kB
VmallocChunk:          0 kB
AnonHugePages:   5001216 kB
CmaTotal:              0 kB
CmaFree:               0 kB
HugePages_Total:       0
HugePages_Free:        0
HugePages_Rsvd:        0
HugePages_Surp:        0
Hugepagesize:       2048 kB
DirectMap4k:       55288 kB
DirectMap2M:      856064 kB


CPU:total 4 (initial active 4) (2 cores per cpu, 2 threads per core) family 6 model 58 stepping 9, cmov, cx8, fxsr, mmx, sse, sse2, sse3, ssse3, sse4.1, sse4.2, popcnt, avx, aes, clmul, erms, ht, tsc, tscinvbit, tscinv

/proc/cpuinfo:
processor	: 0
vendor_id	: GenuineIntel
cpu family	: 6
model		: 58
model name	: Intel(R) Core(TM) i5-3427U CPU @ 1.80GHz
stepping	: 9
microcode	: 0x17
cpu MHz		: 2599.988
cache size	: 3072 KB
physical id	: 0
siblings	: 4
core id		: 0
cpu cores	: 2
apicid		: 0
initial apicid	: 0
fdiv_bug	: no
f00f_bug	: no
coma_bug	: no
fpu		: yes
fpu_exception	: yes
cpuid level	: 13
wp		: yes
flags		: fpu vme de pse tsc msr pae mce cx8 apic sep mtrr pge mca cmov pat pse36 clflush dts acpi mmx fxsr sse sse2 ss ht tm pbe nx rdtscp lm constant_tsc arch_perfmon pebs bts xtopology nonstop_tsc aperfmperf eagerfpu pni pclmulqdq dtes64 monitor ds_cpl vmx smx est tm2 ssse3 cx16 xtpr pdcm sse4_1 sse4_2 x2apic popcnt tsc_deadline_timer aes xsave avx f16c rdrand lahf_lm epb retpoline tpr_shadow vnmi flexpriority ept vpid fsgsbase smep erms xsaveopt dtherm ida arat pln pts
bugs		: cpu_meltdown spectre_v1 spectre_v2
bogomips	: 4589.71
clflush size	: 64
cache_alignment	: 64
address sizes	: 36 bits physical, 48 bits virtual
power management:

processor	: 1
vendor_id	: GenuineIntel
cpu family	: 6
model		: 58
model name	: Intel(R) Core(TM) i5-3427U CPU @ 1.80GHz
stepping	: 9
microcode	: 0x17
cpu MHz		: 2599.988
cache size	: 3072 KB
physical id	: 0
siblings	: 4
core id		: 1
cpu cores	: 2
apicid		: 2
initial apicid	: 2
fdiv_bug	: no
f00f_bug	: no
coma_bug	: no
fpu		: yes
fpu_exception	: yes
cpuid level	: 13
wp		: yes
flags		: fpu vme de pse tsc msr pae mce cx8 apic sep mtrr pge mca cmov pat pse36 clflush dts acpi mmx fxsr sse sse2 ss ht tm pbe nx rdtscp lm constant_tsc arch_perfmon pebs bts xtopology nonstop_tsc aperfmperf eagerfpu pni pclmulqdq dtes64 monitor ds_cpl vmx smx est tm2 ssse3 cx16 xtpr pdcm sse4_1 sse4_2 x2apic popcnt tsc_deadline_timer aes xsave avx f16c rdrand lahf_lm epb retpoline tpr_shadow vnmi flexpriority ept vpid fsgsbase smep erms xsaveopt dtherm ida arat pln pts
bugs		: cpu_meltdown spectre_v1 spectre_v2
bogomips	: 4589.71
clflush size	: 64
cache_alignment	: 64
address sizes	: 36 bits physical, 48 bits virtual
power management:

processor	: 2
vendor_id	: GenuineIntel
cpu family	: 6
model		: 58
model name	: Intel(R) Core(TM) i5-3427U CPU @ 1.80GHz
stepping	: 9
microcode	: 0x17
cpu MHz		: 2599.988
cache size	: 3072 KB
physical id	: 0
siblings	: 4
core id		: 0
cpu cores	: 2
apicid		: 1
initial apicid	: 1
fdiv_bug	: no
f00f_bug	: no
coma_bug	: no
fpu		: yes
fpu_exception	: yes
cpuid level	: 13
wp		: yes
flags		: fpu vme de pse tsc msr pae mce cx8 apic sep mtrr pge mca cmov pat pse36 clflush dts acpi mmx fxsr sse sse2 ss ht tm pbe nx rdtscp lm constant_tsc arch_perfmon pebs bts xtopology nonstop_tsc aperfmperf eagerfpu pni pclmulqdq dtes64 monitor ds_cpl vmx smx est tm2 ssse3 cx16 xtpr pdcm sse4_1 sse4_2 x2apic popcnt tsc_deadline_timer aes xsave avx f16c rdrand lahf_lm epb retpoline tpr_shadow vnmi flexpriority ept vpid fsgsbase smep erms xsaveopt dtherm ida arat pln pts
bugs		: cpu_meltdown spectre_v1 spectre_v2
bogomips	: 4589.71
clflush size	: 64
cache_alignment	: 64
address sizes	: 36 bits physical, 48 bits virtual
power management:

processor	: 3
vendor_id	: GenuineIntel
cpu family	: 6
model		: 58
model name	: Intel(R) Core(TM) i5-3427U CPU @ 1.80GHz
stepping	: 9
microcode	: 0x17
cpu MHz		: 2599.988
cache size	: 3072 KB
physical id	: 0
siblings	: 4
core id		: 1
cpu cores	: 2
apicid		: 3
initial apicid	: 3
fdiv_bug	: no
f00f_bug	: no
coma_bug	: no
fpu		: yes
fpu_exception	: yes
cpuid level	: 13
wp		: yes
flags		: fpu vme de pse tsc msr pae mce cx8 apic sep mtrr pge mca cmov pat pse36 clflush dts acpi mmx fxsr sse sse2 ss ht tm pbe nx rdtscp lm constant_tsc arch_perfmon pebs bts xtopology nonstop_tsc aperfmperf eagerfpu pni pclmulqdq dtes64 monitor ds_cpl vmx smx est tm2 ssse3 cx16 xtpr pdcm sse4_1 sse4_2 x2apic popcnt tsc_deadline_timer aes xsave avx f16c rdrand lahf_lm epb retpoline tpr_shadow vnmi flexpriority ept vpid fsgsbase smep erms xsaveopt dtherm ida arat pln pts
bugs		: cpu_meltdown spectre_v1 spectre_v2
bogomips	: 4589.71
clflush size	: 64
cache_alignment	: 64
address sizes	: 36 bits physical, 48 bits virtual
power management:



Memory: 4k page, physical 8107396k(332776k free), swap 4007932k(0k free)

vm_info: OpenJDK Server VM (25.162-b12) for linux-x86 JRE (1.8.0_162-8u162-b12-0ubuntu0.16.04.2-b12), built on Mar 14 2018 12:07:04 by "buildd" with gcc 5.4.0 20160609

time: Thu Apr 12 15:24:11 2018
elapsed time: 9 seconds (0d 0h 0m 9s)

