#
# There is insufficient memory for the Java Runtime Environment to continue.
# Native memory allocation (mmap) failed to map 70254592 bytes for committing reserved memory.
# Possible reasons:
#   The system is out of physical RAM or swap space
#   In 32 bit mode, the process size limit was hit
# Possible solutions:
#   Reduce memory load on the system
#   Increase physical memory or swap space
#   Check if swap backing store is full
#   Use 64 bit Java on a 64 bit OS
#   Decrease Java heap size (-Xmx/-Xms)
#   Decrease number of Java threads
#   Decrease Java thread stack sizes (-Xss)
#   Set larger code cache with -XX:ReservedCodeCacheSize=
# This output file may be truncated or incomplete.
#
#  Out of Memory Error (os_linux.cpp:2643), pid=29960, tid=0x638e4b40
#
# JRE version: OpenJDK Runtime Environment (8.0_151-b12) (build 1.8.0_151-8u151-b12-0ubuntu0.16.04.2-b12)
# Java VM: OpenJDK Server VM (25.151-b12 mixed mode linux-x86 )
# Failed to write core dump. Core dumps have been disabled. To enable core dumping, try "ulimit -c unlimited" before starting Java again
#

---------------  T H R E A D  ---------------

Current thread (0x63781000):  VMThread [stack: 0x63864000,0x638e5000] [id=30023]

Stack: [0x63864000,0x638e5000],  sp=0x638e3b40,  free space=510k
Native frames: (J=compiled Java code, j=interpreted, Vv=VM code, C=native code)
V  [libjvm.so+0x8d6834]
V  [libjvm.so+0x3a7c76]
V  [libjvm.so+0x7420c0]
V  [libjvm.so+0x73c013]
V  [libjvm.so+0x7ad98c]
V  [libjvm.so+0x7ae9cb]
V  [libjvm.so+0x7ab487]
V  [libjvm.so+0x7abcd3]
V  [libjvm.so+0x764c75]
V  [libjvm.so+0x8d83f9]
V  [libjvm.so+0x8dd466]
V  [libjvm.so+0x8db620]
V  [libjvm.so+0x8dbd75]
V  [libjvm.so+0x8dc37b]
V  [libjvm.so+0x73f2b5]
C  [libpthread.so.0+0x6295]  start_thread+0xe5

VM_Operation (0xb63df8a0): ParallelGCFailedAllocation, mode: safepoint, requested by thread 0xb6207800


---------------  P R O C E S S  ---------------

Java Threads: ( => current thread )
  0x637aa000 JavaThread "Service Thread" daemon [_thread_blocked, id=30036, stack(0x630db000,0x6312c000)]
  0x637a7000 JavaThread "C1 CompilerThread2" daemon [_thread_blocked, id=30034, stack(0x6312c000,0x631ad000)]
  0x637a5c00 JavaThread "C2 CompilerThread1" daemon [_thread_blocked, id=30031, stack(0x631ad000,0x6322e000)]
  0x637a3c00 JavaThread "C2 CompilerThread0" daemon [_thread_in_native, id=30030, stack(0x6322e000,0x632af000)]
  0x637a2400 JavaThread "Signal Dispatcher" daemon [_thread_blocked, id=30029, stack(0x632af000,0x63300000)]
  0x63788800 JavaThread "Finalizer" daemon [_thread_blocked, id=30026, stack(0x63813000,0x63864000)]
  0x63785800 JavaThread "Reference Handler" daemon [_thread_blocked, id=30025, stack(0x6642e000,0x6647f000)]
  0xb6207800 JavaThread "main" [_thread_blocked, id=30012, stack(0xb6391000,0xb63e2000)]

Other Threads:
=>0x63781000 VMThread [stack: 0x63864000,0x638e5000] [id=30023]
  0x637abc00 WatcherThread [stack: 0x6305a000,0x630db000] [id=30038]

VM state:at safepoint (normal execution)

VM Mutex/Monitor currently owned by a thread:  ([mutex/lock_event])
[0xb6204f20] Threads_lock - owner thread: 0x63781000
[0xb6205330] Heap_lock - owner thread: 0xb6207800

Heap:
 PSYoungGen      total 72192K, used 6138K [0x918c0000, 0x965c0000, 0xa6e00000)
  eden space 66048K, 0% used [0x918c0000,0x918c0000,0x95940000)
  from space 6144K, 99% used [0x95940000,0x95f3e830,0x95f40000)
  to   space 5632K, 0% used [0x95f40000,0x95f40000,0x964c0000)
 ParOldGen       total 43776K, used 7830K [0x66e00000, 0x698c0000, 0x918c0000)
  object space 43776K, 17% used [0x66e00000,0x675a5bb8,0x698c0000)
 Metaspace       used 11048K, capacity 11165K, committed 11288K, reserved 11568K

Card table byte_map: [0x66bff000,0x66e00000] byte_map_base: 0x668c8000

Marking Bits: (ParMarkBitMap*) 0xb7107880
 Begin Bits: [0x64300000, 0x65300000)
 End Bits:   [0x65300000, 0x66300000)

Polling page: 0xb7714000

CodeCache: size=245760Kb used=7529Kb max_used=7529Kb free=238230Kb
 bounds [0xa7200000, 0xa7960000, 0xb6200000]
 total_blobs=3085 nmethods=2904 adapters=95
 compilation: enabled

Compilation events (10 events):
Event: 9.013 Thread 0x637a7000 nmethod 2924 0xa795b048 code [0xa795b200, 0xa795bcb8]
Event: 9.013 Thread 0x637a7000 2926       3       org.apache.maven.model.merge.ModelMerger::mergeModelBase_Reporting (49 bytes)
Event: 9.015 Thread 0x637a7000 nmethod 2926 0xa795c0c8 code [0xa795c240, 0xa795c904]
Event: 9.015 Thread 0x637a7000 2927       3       org.apache.maven.model.merge.ModelMerger::mergeModelBase_DependencyManagement (49 bytes)
Event: 9.016 Thread 0x637a7000 nmethod 2927 0xa795cbc8 code [0xa795cd20, 0xa795d26c]
Event: 9.016 Thread 0x637a7000 2922       3       org.apache.maven.model.merge.ModelMerger::mergeScm (37 bytes)
Event: 9.017 Thread 0x637a7000 nmethod 2922 0xa795d4c8 code [0xa795d600, 0xa795d9b0]
Event: 9.017 Thread 0x637a7000 2923       3       org.apache.maven.model.merge.MavenModelMerger::mergeScm_Url (68 bytes)
Event: 9.043 Thread 0x637a7000 nmethod 2923 0xa795dac8 code [0xa795dd00, 0xa795ea3c]
Event: 9.043 Thread 0x637a7000 2932       2       org.apache.maven.model.io.xpp3.MavenXpp3Reader::parseBuild (857 bytes)

GC Heap History (10 events):
Event: 1.901 GC heap after
Heap after GC invocations=2 (full 0):
 PSYoungGen      total 19200K, used 2556K [0x918c0000, 0x92e00000, 0xa6e00000)
  eden space 16640K, 0% used [0x918c0000,0x918c0000,0x92900000)
  from space 2560K, 99% used [0x92b80000,0x92dff260,0x92e00000)
  to   space 2560K, 0% used [0x92900000,0x92900000,0x92b80000)
 ParOldGen       total 43776K, used 832K [0x66e00000, 0x698c0000, 0x918c0000)
  object space 43776K, 1% used [0x66e00000,0x66ed0370,0x698c0000)
 Metaspace       used 5302K, capacity 5354K, committed 5400K, reserved 5424K
}
Event: 2.388 GC heap before
{Heap before GC invocations=3 (full 0):
 PSYoungGen      total 19200K, used 19196K [0x918c0000, 0x92e00000, 0xa6e00000)
  eden space 16640K, 100% used [0x918c0000,0x92900000,0x92900000)
  from space 2560K, 99% used [0x92b80000,0x92dff260,0x92e00000)
  to   space 2560K, 0% used [0x92900000,0x92900000,0x92b80000)
 ParOldGen       total 43776K, used 832K [0x66e00000, 0x698c0000, 0x918c0000)
  object space 43776K, 1% used [0x66e00000,0x66ed0370,0x698c0000)
 Metaspace       used 6658K, capacity 6711K, committed 6808K, reserved 7472K
Event: 2.407 GC heap after
Heap after GC invocations=3 (full 0):
 PSYoungGen      total 19200K, used 2557K [0x918c0000, 0x93e40000, 0xa6e00000)
  eden space 16640K, 0% used [0x918c0000,0x918c0000,0x92900000)
  from space 2560K, 99% used [0x92900000,0x92b7f550,0x92b80000)
  to   space 2560K, 0% used [0x93bc0000,0x93bc0000,0x93e40000)
 ParOldGen       total 43776K, used 2290K [0x66e00000, 0x698c0000, 0x918c0000)
  object space 43776K, 5% used [0x66e00000,0x6703cba8,0x698c0000)
 Metaspace       used 6658K, capacity 6711K, committed 6808K, reserved 7472K
}
Event: 3.008 GC heap before
{Heap before GC invocations=4 (full 0):
 PSYoungGen      total 19200K, used 19197K [0x918c0000, 0x93e40000, 0xa6e00000)
  eden space 16640K, 100% used [0x918c0000,0x92900000,0x92900000)
  from space 2560K, 99% used [0x92900000,0x92b7f550,0x92b80000)
  to   space 2560K, 0% used [0x93bc0000,0x93bc0000,0x93e40000)
 ParOldGen       total 43776K, used 2290K [0x66e00000, 0x698c0000, 0x918c0000)
  object space 43776K, 5% used [0x66e00000,0x6703cba8,0x698c0000)
 Metaspace       used 8084K, capacity 8158K, committed 8216K, reserved 8496K
Event: 3.031 GC heap after
Heap after GC invocations=4 (full 0):
 PSYoungGen      total 35840K, used 2554K [0x918c0000, 0x93e40000, 0xa6e00000)
  eden space 33280K, 0% used [0x918c0000,0x918c0000,0x93940000)
  from space 2560K, 99% used [0x93bc0000,0x93e3e880,0x93e40000)
  to   space 2560K, 0% used [0x93940000,0x93940000,0x93bc0000)
 ParOldGen       total 43776K, used 4341K [0x66e00000, 0x698c0000, 0x918c0000)
  object space 43776K, 9% used [0x66e00000,0x6723d760,0x698c0000)
 Metaspace       used 8084K, capacity 8158K, committed 8216K, reserved 8496K
}
Event: 5.251 GC heap before
{Heap before GC invocations=5 (full 0):
 PSYoungGen      total 35840K, used 35834K [0x918c0000, 0x93e40000, 0xa6e00000)
  eden space 33280K, 100% used [0x918c0000,0x93940000,0x93940000)
  from space 2560K, 99% used [0x93bc0000,0x93e3e880,0x93e40000)
  to   space 2560K, 0% used [0x93940000,0x93940000,0x93bc0000)
 ParOldGen       total 43776K, used 4341K [0x66e00000, 0x698c0000, 0x918c0000)
  object space 43776K, 9% used [0x66e00000,0x6723d760,0x698c0000)
 Metaspace       used 9978K, capacity 10075K, committed 10136K, reserved 10544K
Event: 5.280 GC heap after
Heap after GC invocations=5 (full 0):
 PSYoungGen      total 35840K, used 2546K [0x918c0000, 0x964c0000, 0xa6e00000)
  eden space 33280K, 0% used [0x918c0000,0x918c0000,0x93940000)
  from space 2560K, 99% used [0x93940000,0x93bbc880,0x93bc0000)
  to   space 5632K, 0% used [0x95f40000,0x95f40000,0x964c0000)
 ParOldGen       total 43776K, used 6474K [0x66e00000, 0x698c0000, 0x918c0000)
  object space 43776K, 14% used [0x66e00000,0x67452938,0x698c0000)
 Metaspace       used 9978K, capacity 10075K, committed 10136K, reserved 10544K
}
Event: 6.348 GC heap before
{Heap before GC invocations=6 (full 0):
 PSYoungGen      total 35840K, used 35826K [0x918c0000, 0x964c0000, 0xa6e00000)
  eden space 33280K, 100% used [0x918c0000,0x93940000,0x93940000)
  from space 2560K, 99% used [0x93940000,0x93bbc880,0x93bc0000)
  to   space 5632K, 0% used [0x95f40000,0x95f40000,0x964c0000)
 ParOldGen       total 43776K, used 6474K [0x66e00000, 0x698c0000, 0x918c0000)
  object space 43776K, 14% used [0x66e00000,0x67452938,0x698c0000)
 Metaspace       used 10750K, capacity 10860K, committed 11032K, reserved 11568K
Event: 6.398 GC heap after
Heap after GC invocations=6 (full 0):
 PSYoungGen      total 71680K, used 5151K [0x918c0000, 0x965c0000, 0xa6e00000)
  eden space 66048K, 0% used [0x918c0000,0x918c0000,0x95940000)
  from space 5632K, 91% used [0x95f40000,0x96447cd0,0x964c0000)
  to   space 6144K, 0% used [0x95940000,0x95940000,0x95f40000)
 ParOldGen       total 43776K, used 6474K [0x66e00000, 0x698c0000, 0x918c0000)
  object space 43776K, 14% used [0x66e00000,0x67452938,0x698c0000)
 Metaspace       used 10750K, capacity 10860K, committed 11032K, reserved 11568K
}
Event: 9.058 GC heap before
{Heap before GC invocations=7 (full 0):
 PSYoungGen      total 71680K, used 71199K [0x918c0000, 0x965c0000, 0xa6e00000)
  eden space 66048K, 100% used [0x918c0000,0x95940000,0x95940000)
  from space 5632K, 91% used [0x95f40000,0x96447cd0,0x964c0000)
  to   space 6144K, 0% used [0x95940000,0x95940000,0x95f40000)
 ParOldGen       total 43776K, used 6474K [0x66e00000, 0x698c0000, 0x918c0000)
  object space 43776K, 14% used [0x66e00000,0x67452938,0x698c0000)
 Metaspace       used 11048K, capacity 11165K, committed 11288K, reserved 11568K

Deoptimization events (10 events):
Event: 5.747 Thread 0xb6207800 Uncommon trap: reason=unstable_if action=reinterpret pc=0xa772d110 method=org.codehaus.plexus.util.xml.pull.MXParser.nextImpl()I @ 924
Event: 5.832 Thread 0xb6207800 Uncommon trap: reason=unstable_if action=reinterpret pc=0xa76944ac method=java.util.HashMap.hash(Ljava/lang/Object;)I @ 1
Event: 5.835 Thread 0xb6207800 Uncommon trap: reason=unstable_if action=reinterpret pc=0xa74ef094 method=java.util.HashMap.hash(Ljava/lang/Object;)I @ 1
Event: 5.883 Thread 0xb6207800 Uncommon trap: reason=class_check action=maybe_recompile pc=0xa76b8d54 method=java.util.regex.Pattern$7.isSatisfiedBy(I)Z @ 16
Event: 5.883 Thread 0xb6207800 Uncommon trap: reason=class_check action=maybe_recompile pc=0xa76b8d54 method=java.util.regex.Pattern$7.isSatisfiedBy(I)Z @ 16
Event: 5.883 Thread 0xb6207800 Uncommon trap: reason=class_check action=maybe_recompile pc=0xa76b8d68 method=java.util.regex.Pattern$CharProperty$1.isSatisfiedBy(I)Z @ 5
Event: 5.883 Thread 0xb6207800 Uncommon trap: reason=class_check action=maybe_recompile pc=0xa76b8d54 method=java.util.regex.Pattern$7.isSatisfiedBy(I)Z @ 16
Event: 5.883 Thread 0xb6207800 Uncommon trap: reason=class_check action=maybe_recompile pc=0xa76b8d54 method=java.util.regex.Pattern$7.isSatisfiedBy(I)Z @ 16
Event: 6.054 Thread 0xb6207800 Uncommon trap: reason=null_check action=make_not_entrant pc=0xa77dc5c0 method=org.apache.maven.model.io.xpp3.MavenXpp3Reader.checkFieldWithDuplicate(Lorg/codehaus/plexus/util/xml/pull/XmlPullParser;Ljava/lang/String;Ljava/lang/String;Ljava/util/Set;)Z @ 2
Event: 6.055 Thread 0xb6207800 Uncommon trap: reason=unstable_if action=reinterpret pc=0xa77837b0 method=org.codehaus.plexus.util.xml.pull.MXParser.nextImpl()I @ 280

Internal exceptions (10 events):
Event: 5.052 Thread 0xb6207800 Exception <a 'java/lang/NullPointerException'> (0x935f07b8) thrown at [/build/openjdk-8-Y4imzb/openjdk-8-8u151-b12/src/hotspot/src/share/vm/interpreter/linkResolver.cpp, line 1183]
Event: 5.052 Thread 0xb6207800 Exception <a 'java/lang/NullPointerException'> (0x935f09c8) thrown at [/build/openjdk-8-Y4imzb/openjdk-8-8u151-b12/src/hotspot/src/share/vm/interpreter/linkResolver.cpp, line 1183]
Event: 5.053 Thread 0xb6207800 Exception <a 'java/lang/NullPointerException'> (0x935f91a0) thrown at [/build/openjdk-8-Y4imzb/openjdk-8-8u151-b12/src/hotspot/src/share/vm/interpreter/linkResolver.cpp, line 1183]
Event: 5.053 Thread 0xb6207800 Exception <a 'java/lang/NullPointerException'> (0x935f93b0) thrown at [/build/openjdk-8-Y4imzb/openjdk-8-8u151-b12/src/hotspot/src/share/vm/interpreter/linkResolver.cpp, line 1183]
Event: 5.053 Thread 0xb6207800 Exception <a 'java/lang/NullPointerException'> (0x935f95c0) thrown at [/build/openjdk-8-Y4imzb/openjdk-8-8u151-b12/src/hotspot/src/share/vm/interpreter/linkResolver.cpp, line 1183]
Event: 5.637 Thread 0xb6207800 Implicit null exception at 0xa76bfc7d to 0xa76bfe55
Event: 5.694 Thread 0xb6207800 Implicit null exception at 0xa73974be to 0xa7397655
Event: 5.832 Thread 0xb6207800 Implicit null exception at 0xa7694103 to 0xa769449d
Event: 5.835 Thread 0xb6207800 Implicit null exception at 0xa74eed3f to 0xa74ef085
Event: 6.054 Thread 0xb6207800 Implicit null exception at 0xa77dbdcb to 0xa77dc5b5

Events (10 events):
Event: 8.249 Thread 0xb6207800 DEOPT UNPACKING pc=0xa723c5d0 sp=0xb63df2ec mode 0
Event: 8.250 Thread 0xb6207800 DEOPT PACKING pc=0xa77c988d sp=0xb63df2a0
Event: 8.250 Thread 0xb6207800 DEOPT UNPACKING pc=0xa723c5d0 sp=0xb63df1bc mode 0
Event: 8.251 Thread 0xb6207800 DEOPT PACKING pc=0xa77c988d sp=0xb63df400
Event: 8.251 Thread 0xb6207800 DEOPT UNPACKING pc=0xa723c5d0 sp=0xb63df31c mode 0
Event: 8.252 Thread 0xb6207800 DEOPT PACKING pc=0xa77c988d sp=0xb63df310
Event: 8.252 Thread 0xb6207800 DEOPT UNPACKING pc=0xa723c5d0 sp=0xb63df22c mode 0
Event: 8.394 Thread 0xb6207800 DEOPT PACKING pc=0xa78a3307 sp=0xb63dfbb0
Event: 8.394 Thread 0xb6207800 DEOPT UNPACKING pc=0xa723c5d0 sp=0xb63dfa5c mode 0
Event: 9.058 Executing VM operation: ParallelGCFailedAllocation


Dynamic libraries:
08048000-08049000 r-xp 00000000 08:01 1693306    /usr/lib/jvm/java-8-openjdk-i386/jre/bin/java
08049000-0804a000 r--p 00000000 08:01 1693306    /usr/lib/jvm/java-8-openjdk-i386/jre/bin/java
0804a000-0804b000 rw-p 00001000 08:01 1693306    /usr/lib/jvm/java-8-openjdk-i386/jre/bin/java
0873d000-08765000 rw-p 00000000 00:00 0          [heap]
60800000-60845000 rw-p 00000000 00:00 0 
60845000-60900000 ---p 00000000 00:00 0 
60900000-609f8000 rw-p 00000000 00:00 0 
609f8000-60a00000 ---p 00000000 00:00 0 
60a00000-60afe000 rw-p 00000000 00:00 0 
60afe000-60b00000 ---p 00000000 00:00 0 
60c00000-60c31000 rw-p 00000000 00:00 0 
60c31000-60d00000 ---p 00000000 00:00 0 
60e00000-60efe000 rw-p 00000000 00:00 0 
60efe000-60f00000 ---p 00000000 00:00 0 
60f00000-60ffd000 rw-p 00000000 00:00 0 
60ffd000-61000000 ---p 00000000 00:00 0 
61000000-610ff000 rw-p 00000000 00:00 0 
610ff000-61100000 ---p 00000000 00:00 0 
61200000-61300000 rw-p 00000000 00:00 0 
61314000-61325000 r-xp 00000000 08:01 1693283    /usr/lib/jvm/java-8-openjdk-i386/jre/lib/i386/libnio.so
61325000-61326000 r--p 00010000 08:01 1693283    /usr/lib/jvm/java-8-openjdk-i386/jre/lib/i386/libnio.so
61326000-61327000 rw-p 00011000 08:01 1693283    /usr/lib/jvm/java-8-openjdk-i386/jre/lib/i386/libnio.so
61327000-614e8000 rw-p 00000000 00:00 0 
614e8000-614fe000 r-xp 00000000 08:01 1693270    /usr/lib/jvm/java-8-openjdk-i386/jre/lib/i386/libnet.so
614fe000-614ff000 r--p 00015000 08:01 1693270    /usr/lib/jvm/java-8-openjdk-i386/jre/lib/i386/libnet.so
614ff000-61500000 rw-p 00016000 08:01 1693270    /usr/lib/jvm/java-8-openjdk-i386/jre/lib/i386/libnet.so
61500000-615e2000 rw-p 00000000 00:00 0 
615e2000-61600000 ---p 00000000 00:00 0 
61600000-616f9000 rw-p 00000000 00:00 0 
616f9000-61700000 ---p 00000000 00:00 0 
61700000-617d3000 rw-p 00000000 00:00 0 
617d3000-61800000 ---p 00000000 00:00 0 
61800000-618fe000 rw-p 00000000 00:00 0 
618fe000-61900000 ---p 00000000 00:00 0 
61900000-619fc000 rw-p 00000000 00:00 0 
619fc000-61a00000 ---p 00000000 00:00 0 
61a00000-61b00000 rw-p 00000000 00:00 0 
61b00000-61bf9000 rw-p 00000000 00:00 0 
61bf9000-61c00000 ---p 00000000 00:00 0 
61c00000-61cc0000 rw-p 00000000 00:00 0 
61cc0000-61d00000 ---p 00000000 00:00 0 
61d00000-61db9000 rw-p 00000000 00:00 0 
61db9000-61e00000 ---p 00000000 00:00 0 
61e00000-61eff000 rw-p 00000000 00:00 0 
61eff000-61f00000 ---p 00000000 00:00 0 
61f00000-61ff9000 rw-p 00000000 00:00 0 
61ff9000-62000000 ---p 00000000 00:00 0 
62000000-62100000 rw-p 00000000 00:00 0 
62100000-62200000 rw-p 00000000 00:00 0 
62200000-62300000 rw-p 00000000 00:00 0 
62300000-62400000 rw-p 00000000 00:00 0 
62400000-62500000 rw-p 00000000 00:00 0 
62500000-625f8000 rw-p 00000000 00:00 0 
625f8000-62600000 ---p 00000000 00:00 0 
62600000-62700000 rw-p 00000000 00:00 0 
62700000-627fe000 rw-p 00000000 00:00 0 
627fe000-62800000 ---p 00000000 00:00 0 
62800000-62900000 rw-p 00000000 00:00 0 
62900000-629ff000 rw-p 00000000 00:00 0 
629ff000-62a00000 ---p 00000000 00:00 0 
62a00000-62afd000 rw-p 00000000 00:00 0 
62afd000-62b00000 ---p 00000000 00:00 0 
62b00000-62bf9000 rw-p 00000000 00:00 0 
62bf9000-62c00000 ---p 00000000 00:00 0 
62c00000-62d00000 rw-p 00000000 00:00 0 
62d00000-62f00000 rw-p 00000000 00:00 0 
62f00000-62ffb000 rw-p 00000000 00:00 0 
62ffb000-63000000 ---p 00000000 00:00 0 
63008000-6300d000 r--s 0009a000 08:01 1693288    /usr/lib/jvm/java-8-openjdk-i386/jre/lib/jsse.jar
6300d000-6301a000 r--s 0008d000 08:01 1149531    /usr/share/java/maven3-core-3.3.9.jar
6301a000-6301d000 r--s 00007000 08:01 1149537    /usr/share/java/maven3-settings-builder-3.3.9.jar
6301d000-6301f000 r--s 0000d000 08:01 1149536    /usr/share/java/maven3-aether-provider-3.3.9.jar
6301f000-63026000 r--s 0002c000 08:01 1149509    /usr/share/java/sisu-plexus.jar
63026000-6302e000 r--s 00054000 08:01 1149507    /usr/share/java/sisu-inject.jar
6302e000-6305a000 r--s 00208000 08:01 1148516    /usr/share/java/guava.jar
6305a000-6305b000 ---p 00000000 00:00 0 
6305b000-630db000 rw-p 00000000 00:00 0 
630db000-630de000 ---p 00000000 00:00 0 
630de000-6312c000 rw-p 00000000 00:00 0 
6312c000-6312f000 ---p 00000000 00:00 0 
6312f000-631ad000 rw-p 00000000 00:00 0 
631ad000-631b0000 ---p 00000000 00:00 0 
631b0000-6322e000 rw-p 00000000 00:00 0 
6322e000-63231000 ---p 00000000 00:00 0 
63231000-632af000 rw-p 00000000 00:00 0 
632af000-632b2000 ---p 00000000 00:00 0 
632b2000-63300000 rw-p 00000000 00:00 0 
63300000-63500000 r--p 00000000 08:01 1105218    /usr/lib/locale/locale-archive
63500000-635ff000 rw-p 00000000 00:00 0 
635ff000-63600000 ---p 00000000 00:00 0 
63600000-63621000 rw-p 00000000 00:00 0 
63621000-63700000 ---p 00000000 00:00 0 
63700000-637fd000 rw-p 00000000 00:00 0 
637fd000-63800000 ---p 00000000 00:00 0 
63800000-63801000 r--s 00001000 08:01 1149511    /usr/share/java/wagon-file-2.x.jar
63801000-63805000 r--s 00027000 08:01 1145546    /usr/share/java/commons-io-2.4.jar
63805000-6380c000 r--s 0005d000 08:01 1149254    /usr/share/java/commons-lang3.jar
6380c000-6380d000 r--s 00004000 08:01 1145398    /usr/share/java/atinject-jsr330-tck-1.0.jar
6380d000-6380f000 r--s 0000e000 08:01 1149271    /usr/share/java/plexus-interpolation.jar
6380f000-63813000 r--s 00027000 08:01 1149367    /usr/share/java/eclipse-aether-impl.jar
63813000-63816000 ---p 00000000 00:00 0 
63816000-63864000 rw-p 00000000 00:00 0 
63864000-63865000 ---p 00000000 00:00 0 
63865000-638e5000 rw-p 00000000 00:00 0 
638e5000-63ab4000 r--s 03c21000 08:01 1693223    /usr/lib/jvm/java-8-openjdk-i386/jre/lib/rt.jar
63ab4000-63efa000 rw-p 00000000 00:00 0 
63efa000-63f00000 ---p 00000000 00:00 0 
63f00000-66300000 rw-p 00000000 00:00 0 
66300000-663f8000 rw-p 00000000 00:00 0 
663f8000-66400000 ---p 00000000 00:00 0 
66400000-66402000 r--s 00006000 08:01 1149372    /usr/share/java/eclipse-aether-spi.jar
66402000-66403000 r--s 00008000 08:01 1149370    /usr/share/java/eclipse-aether-connector-basic.jar
66403000-66405000 r--s 00005000 08:01 1149373    /usr/share/java/eclipse-aether-transport-wagon.jar
66405000-66407000 r--s 00001000 08:01 1149403    /usr/share/java/aopalliance-1.0.jar
66407000-66409000 r--s 00001000 08:01 1149538    /usr/share/java/maven3-builder-support-3.3.9.jar
66409000-6640e000 r--s 0001d000 08:01 1149374    /usr/share/java/eclipse-aether-api.jar
6640e000-66410000 r--s 00002000 08:01 1149449    /usr/share/java/plexus-cipher.jar
66410000-66411000 r--s 00002000 08:01 1149066    /usr/share/java/slf4j-simple.jar
66411000-66413000 r--s 00013000 08:01 1149534    /usr/share/java/maven3-embedder-3.3.9.jar
66413000-66415000 r--s 00027000 08:01 1149535    /usr/share/java/maven3-model-3.3.9.jar
66415000-66417000 r--s 0000a000 08:01 1147016    /usr/share/java/commons-cli-1.3.1.jar
66417000-66419000 r--s 0000a000 08:01 1149512    /usr/share/java/wagon-provider-api-2.x.jar
66419000-6641c000 r--s 0000a000 08:01 1149539    /usr/share/java/maven3-artifact-3.3.9.jar
6641c000-66420000 r--s 00020000 08:01 1149392    /usr/share/java/eclipse-aether-util.jar
66420000-66421000 r--s 00006000 08:01 1149532    /usr/share/java/maven3-repository-metadata-3.3.9.jar
66421000-66423000 r--s 00007000 08:01 1149069    /usr/share/java/slf4j-api.jar
66423000-66424000 r--s 0000a000 08:01 1149528    /usr/share/java/maven3-settings-3.3.9.jar
66424000-66428000 r--s 00038000 08:01 1149495    /usr/share/java/plexus-utils2.jar
66428000-6642e000 r--s 00048000 08:01 1149288    /usr/share/java/jsoup.jar
6642e000-66431000 ---p 00000000 00:00 0 
66431000-6647f000 rw-p 00000000 00:00 0 
6647f000-66480000 ---p 00000000 00:00 0 
66480000-66500000 rw-p 00000000 00:00 0 
66500000-665fb000 rw-p 00000000 00:00 0 
665fb000-66600000 ---p 00000000 00:00 0 
66600000-66631000 r--s 00207000 08:01 1149515    /usr/share/java/wagon-http-shaded-2.x.jar
66631000-6667f000 rw-p 00000000 00:00 0 
6667f000-66680000 ---p 00000000 00:00 0 
66680000-66700000 rw-p 00000000 00:00 0 
66700000-66721000 rw-p 00000000 00:00 0 
66721000-66800000 ---p 00000000 00:00 0 
66800000-66801000 r--s 00001000 08:01 1149518    /usr/share/java/wagon-http-shared-2.x.jar
66801000-66802000 r--s 00006000 08:01 1149451    /usr/share/java/plexus-sec-dispatcher.jar
66802000-66804000 r--s 0000a000 08:01 1149529    /usr/share/java/maven3-plugin-api-3.3.9.jar
66804000-66809000 r--s 00025000 08:01 1149533    /usr/share/java/maven3-model-builder-3.3.9.jar
66809000-66824000 r--s 00394000 08:01 1693228    /usr/lib/jvm/java-8-openjdk-i386/jre/lib/ext/cldrdata.jar
66824000-6687f000 rw-p 00000000 00:00 0 
6687f000-66880000 ---p 00000000 00:00 0 
66880000-66900000 rw-p 00000000 00:00 0 
66900000-66921000 rw-p 00000000 00:00 0 
66921000-66a00000 ---p 00000000 00:00 0 
66a00000-66a05000 r--s 00040000 08:01 1145678    /usr/share/java/commons-lang-2.6.jar
66a05000-66a07000 r--s 00000000 08:01 1149499    /usr/share/java/plexus-component-annotations-1.5.jar
66a07000-66a08000 r--s 00000000 08:01 1149240    /usr/share/java/geronimo-interceptor-3.0-spec-1.0.1.jar
66a08000-66a0a000 r--s 00012000 08:01 1149243    /usr/share/java/el-api-3.0.jar
66a0a000-66a0d000 r--s 00008000 08:01 1149246    /usr/share/java/cdi-api-1.0.jar
66a0d000-66a28000 r--s 001d6000 08:01 1693230    /usr/lib/jvm/java-8-openjdk-i386/jre/lib/ext/nashorn.jar
66a28000-66a29000 ---p 00000000 00:00 0 
66a29000-66abf000 rw-p 00000000 00:00 0 
66abf000-66bff000 ---p 00000000 00:00 0 
66bff000-66c15000 rw-p 00000000 00:00 0 
66c15000-66d54000 ---p 00000000 00:00 0 
66d54000-66d7b000 rw-p 00000000 00:00 0 
66d7b000-66dff000 ---p 00000000 00:00 0 
66dff000-698c0000 rw-p 00000000 00:00 0 
698c0000-918c0000 ---p 00000000 00:00 0 
918c0000-965c0000 rw-p 00000000 00:00 0 
9a8c0000-a6e00000 ---p 00000000 00:00 0 
a6e00000-a6e01000 r--s 00000000 08:01 1145399    /usr/share/java/atinject-jsr330-api-1.0.jar
a6e01000-a6e08000 r--s 00041000 08:01 1149530    /usr/share/java/maven3-compat-3.3.9.jar
a6e08000-a6e16000 r--s 00095000 08:01 1149408    /usr/share/java/guice.jar
a6e16000-a6e18000 r--s 0000a000 08:01 1149493    /usr/share/java/plexus-classworlds2-2.5.2.jar
a6e18000-a6e1e000 r--s 0003a000 08:01 1693231    /usr/lib/jvm/java-8-openjdk-i386/jre/lib/ext/sunjce_provider.jar
a6e1e000-a6e28000 r--s 00116000 08:01 1693233    /usr/lib/jvm/java-8-openjdk-i386/jre/lib/ext/localedata.jar
a6e28000-a6e5e000 rw-p 00000000 00:00 0 
a6e5e000-a7200000 ---p 00000000 00:00 0 
a7200000-a7960000 rwxp 00000000 00:00 0 
a7960000-b6200000 ---p 00000000 00:00 0 
b6200000-b62fb000 rw-p 00000000 00:00 0 
b62fb000-b6300000 ---p 00000000 00:00 0 
b6300000-b6302000 r--s 00008000 08:01 1693232    /usr/lib/jvm/java-8-openjdk-i386/jre/lib/ext/sunec.jar
b6302000-b630d000 r-xp 00000000 08:01 3401300    /lib/i386-linux-gnu/libnss_files-2.23.so
b630d000-b630e000 r--p 0000a000 08:01 3401300    /lib/i386-linux-gnu/libnss_files-2.23.so
b630e000-b630f000 rw-p 0000b000 08:01 3401300    /lib/i386-linux-gnu/libnss_files-2.23.so
b630f000-b6315000 rw-p 00000000 00:00 0 
b6315000-b6320000 r-xp 00000000 08:01 3401303    /lib/i386-linux-gnu/libnss_nis-2.23.so
b6320000-b6321000 r--p 0000a000 08:01 3401303    /lib/i386-linux-gnu/libnss_nis-2.23.so
b6321000-b6322000 rw-p 0000b000 08:01 3401303    /lib/i386-linux-gnu/libnss_nis-2.23.so
b6322000-b6339000 r-xp 00000000 08:01 3401221    /lib/i386-linux-gnu/libnsl-2.23.so
b6339000-b633a000 r--p 00016000 08:01 3401221    /lib/i386-linux-gnu/libnsl-2.23.so
b633a000-b633b000 rw-p 00017000 08:01 3401221    /lib/i386-linux-gnu/libnsl-2.23.so
b633b000-b633d000 rw-p 00000000 00:00 0 
b633d000-b6345000 r-xp 00000000 08:01 3401309    /lib/i386-linux-gnu/libnss_compat-2.23.so
b6345000-b6346000 r--p 00007000 08:01 3401309    /lib/i386-linux-gnu/libnss_compat-2.23.so
b6346000-b6347000 rw-p 00008000 08:01 3401309    /lib/i386-linux-gnu/libnss_compat-2.23.so
b6347000-b6348000 r--s 00010000 08:01 1693229    /usr/lib/jvm/java-8-openjdk-i386/jre/lib/ext/zipfs.jar
b6348000-b634a000 r--s 00001000 08:01 1693236    /usr/lib/jvm/java-8-openjdk-i386/jre/lib/ext/dnsns.jar
b634a000-b634d000 r--s 0000f000 08:01 1693227    /usr/lib/jvm/java-8-openjdk-i386/jre/lib/ext/icedtea-sound.jar
b634d000-b6355000 r-xp 00000000 08:01 1693277    /usr/lib/jvm/java-8-openjdk-i386/jre/lib/i386/libzip.so
b6355000-b6356000 r--p 00007000 08:01 1693277    /usr/lib/jvm/java-8-openjdk-i386/jre/lib/i386/libzip.so
b6356000-b6357000 rw-p 00008000 08:01 1693277    /usr/lib/jvm/java-8-openjdk-i386/jre/lib/i386/libzip.so
b6357000-b635f000 rw-s 00000000 08:01 2575868    /tmp/hsperfdata_sarnobat/29960
b635f000-b6386000 r-xp 00000000 08:01 1693258    /usr/lib/jvm/java-8-openjdk-i386/jre/lib/i386/libjava.so
b6386000-b6387000 r--p 00026000 08:01 1693258    /usr/lib/jvm/java-8-openjdk-i386/jre/lib/i386/libjava.so
b6387000-b6388000 rw-p 00027000 08:01 1693258    /usr/lib/jvm/java-8-openjdk-i386/jre/lib/i386/libjava.so
b6388000-b638f000 r-xp 00000000 08:01 3401305    /lib/i386-linux-gnu/librt-2.23.so
b638f000-b6390000 r--p 00006000 08:01 3401305    /lib/i386-linux-gnu/librt-2.23.so
b6390000-b6391000 rw-p 00007000 08:01 3401305    /lib/i386-linux-gnu/librt-2.23.so
b6391000-b6394000 ---p 00000000 00:00 0 
b6394000-b63e2000 rw-p 00000000 00:00 0 
b63e2000-b63fe000 r-xp 00000000 08:01 3402590    /lib/i386-linux-gnu/libgcc_s.so.1
b63fe000-b63ff000 rw-p 0001b000 08:01 3402590    /lib/i386-linux-gnu/libgcc_s.so.1
b63ff000-b6452000 r-xp 00000000 08:01 3401314    /lib/i386-linux-gnu/libm-2.23.so
b6452000-b6453000 r--p 00052000 08:01 3401314    /lib/i386-linux-gnu/libm-2.23.so
b6453000-b6454000 rw-p 00053000 08:01 3401314    /lib/i386-linux-gnu/libm-2.23.so
b6454000-b65c1000 r-xp 00000000 08:01 1110301    /usr/lib/i386-linux-gnu/libstdc++.so.6.0.21
b65c1000-b65c2000 ---p 0016d000 08:01 1110301    /usr/lib/i386-linux-gnu/libstdc++.so.6.0.21
b65c2000-b65c7000 r--p 0016d000 08:01 1110301    /usr/lib/i386-linux-gnu/libstdc++.so.6.0.21
b65c7000-b65c8000 rw-p 00172000 08:01 1110301    /usr/lib/i386-linux-gnu/libstdc++.so.6.0.21
b65c8000-b65cb000 rw-p 00000000 00:00 0 
b65cb000-b709c000 r-xp 00000000 08:01 1693269    /usr/lib/jvm/java-8-openjdk-i386/jre/lib/i386/server/libjvm.so
b709c000-b70e2000 r--p 00ad0000 08:01 1693269    /usr/lib/jvm/java-8-openjdk-i386/jre/lib/i386/server/libjvm.so
b70e2000-b70f9000 rw-p 00b16000 08:01 1693269    /usr/lib/jvm/java-8-openjdk-i386/jre/lib/i386/server/libjvm.so
b70f9000-b751a000 rw-p 00000000 00:00 0 
b751a000-b7533000 r-xp 00000000 08:01 3401302    /lib/i386-linux-gnu/libpthread-2.23.so
b7533000-b7534000 r--p 00018000 08:01 3401302    /lib/i386-linux-gnu/libpthread-2.23.so
b7534000-b7535000 rw-p 00019000 08:01 3401302    /lib/i386-linux-gnu/libpthread-2.23.so
b7535000-b7537000 rw-p 00000000 00:00 0 
b7537000-b753a000 r-xp 00000000 08:01 3401308    /lib/i386-linux-gnu/libdl-2.23.so
b753a000-b753b000 r--p 00002000 08:01 3401308    /lib/i386-linux-gnu/libdl-2.23.so
b753b000-b753c000 rw-p 00003000 08:01 3401308    /lib/i386-linux-gnu/libdl-2.23.so
b753c000-b7555000 r-xp 00000000 08:01 3402741    /lib/i386-linux-gnu/libz.so.1.2.8
b7555000-b7556000 r--p 00018000 08:01 3402741    /lib/i386-linux-gnu/libz.so.1.2.8
b7556000-b7557000 rw-p 00019000 08:01 3402741    /lib/i386-linux-gnu/libz.so.1.2.8
b7557000-b7707000 r-xp 00000000 08:01 3402570    /lib/i386-linux-gnu/libc-2.23.so
b7707000-b7709000 r--p 001af000 08:01 3402570    /lib/i386-linux-gnu/libc-2.23.so
b7709000-b770a000 rw-p 001b1000 08:01 3402570    /lib/i386-linux-gnu/libc-2.23.so
b770a000-b770d000 rw-p 00000000 00:00 0 
b770d000-b770e000 r--s 0000a000 08:01 1693235    /usr/lib/jvm/java-8-openjdk-i386/jre/lib/ext/jaccess.jar
b770e000-b7712000 r--s 00037000 08:01 1693234    /usr/lib/jvm/java-8-openjdk-i386/jre/lib/ext/sunpkcs11.jar
b7712000-b7713000 r--p 002d4000 08:01 1105218    /usr/lib/locale/locale-archive
b7713000-b7714000 rw-p 00000000 00:00 0 
b7714000-b7715000 ---p 00000000 00:00 0 
b7715000-b7723000 r-xp 00000000 08:01 1693275    /usr/lib/jvm/java-8-openjdk-i386/jre/lib/i386/libverify.so
b7723000-b7724000 r--p 0000d000 08:01 1693275    /usr/lib/jvm/java-8-openjdk-i386/jre/lib/i386/libverify.so
b7724000-b7725000 rw-p 0000e000 08:01 1693275    /usr/lib/jvm/java-8-openjdk-i386/jre/lib/i386/libverify.so
b7725000-b7732000 r-xp 00000000 08:01 1693273    /usr/lib/jvm/java-8-openjdk-i386/jre/lib/i386/jli/libjli.so
b7732000-b7733000 r--p 0000c000 08:01 1693273    /usr/lib/jvm/java-8-openjdk-i386/jre/lib/i386/jli/libjli.so
b7733000-b7734000 rw-p 0000d000 08:01 1693273    /usr/lib/jvm/java-8-openjdk-i386/jre/lib/i386/jli/libjli.so
b7734000-b7736000 rw-p 00000000 00:00 0 
b7736000-b7738000 r--p 00000000 00:00 0          [vvar]
b7738000-b7739000 r-xp 00000000 00:00 0          [vdso]
b7739000-b775b000 r-xp 00000000 08:01 3401231    /lib/i386-linux-gnu/ld-2.23.so
b775b000-b775c000 rw-p 00000000 00:00 0 
b775c000-b775d000 r--p 00022000 08:01 3401231    /lib/i386-linux-gnu/ld-2.23.so
b775d000-b775e000 rw-p 00023000 08:01 3401231    /lib/i386-linux-gnu/ld-2.23.so
bfbab000-bfbcc000 rw-p 00000000 00:00 0          [stack]

VM Arguments:
jvm_args: -Dclassworlds.conf=/usr/share/maven/bin/m2.conf -Dmaven.home=/usr/share/maven -Dmaven.multiModuleProjectDirectory=/home/sarnobat/github/maven_project 
java_command: org.codehaus.plexus.classworlds.launcher.Launcher --quiet --settings /home/sarnobat/sarnobat.git/mac/.m2/settings.xml install exec:java -Dexec.mainClass=Md5RoCopyFile -Dexec.args=4486 ~/sarnobat.git/db/md5ro/md5_files.txt
java_class_path (initial): /usr/share/maven/boot/plexus-classworlds-2.x.jar
Launcher Type: SUN_STANDARD

Environment Variables:
JAVA_HOME=/usr/lib/jvm/java-8-openjdk-i386
PATH=/usr/bin:/bin
SHELL=/bin/sh

Signal Handlers:
SIGSEGV: [libjvm.so+0x8d7370], sa_mask[0]=11111111011111111101111111111110, sa_flags=SA_RESTART|SA_SIGINFO
SIGBUS: [libjvm.so+0x8d7370], sa_mask[0]=11111111011111111101111111111110, sa_flags=SA_RESTART|SA_SIGINFO
SIGFPE: [libjvm.so+0x73d1c0], sa_mask[0]=11111111011111111101111111111110, sa_flags=SA_RESTART|SA_SIGINFO
SIGPIPE: [libjvm.so+0x73d1c0], sa_mask[0]=11111111011111111101111111111110, sa_flags=SA_RESTART|SA_SIGINFO
SIGXFSZ: [libjvm.so+0x73d1c0], sa_mask[0]=11111111011111111101111111111110, sa_flags=SA_RESTART|SA_SIGINFO
SIGILL: [libjvm.so+0x73d1c0], sa_mask[0]=11111111011111111101111111111110, sa_flags=SA_RESTART|SA_SIGINFO
SIGUSR1: SIG_DFL, sa_mask[0]=00000000000000000000000000000000, sa_flags=none
SIGUSR2: [libjvm.so+0x73d000], sa_mask[0]=00000000000000000000000000000000, sa_flags=SA_RESTART|SA_SIGINFO
SIGHUP: [libjvm.so+0x73d790], sa_mask[0]=11111111011111111101111111111110, sa_flags=SA_RESTART|SA_SIGINFO
SIGINT: [libjvm.so+0x73d790], sa_mask[0]=11111111011111111101111111111110, sa_flags=SA_RESTART|SA_SIGINFO
SIGTERM: [libjvm.so+0x73d790], sa_mask[0]=11111111011111111101111111111110, sa_flags=SA_RESTART|SA_SIGINFO
SIGQUIT: [libjvm.so+0x73d790], sa_mask[0]=11111111011111111101111111111110, sa_flags=SA_RESTART|SA_SIGINFO


---------------  S Y S T E M  ---------------

OS:DISTRIB_ID=Ubuntu
DISTRIB_RELEASE=16.04
DISTRIB_CODENAME=xenial
DISTRIB_DESCRIPTION="Ubuntu 16.04.1 LTS"

uname:Linux 4.4.0-104-generic #127-Ubuntu SMP Mon Dec 11 12:16:50 UTC 2017 i686
libc:glibc 2.23 NPTL 2.23 
rlimit: STACK 8192k, CORE 0k, NPROC 63057, NOFILE 65536, AS infinity
load average:55.07 55.02 55.19

/proc/meminfo:
MemTotal:        8107456 kB
MemFree:          409864 kB
MemAvailable:          0 kB
Buffers:           12204 kB
Cached:           362004 kB
SwapCached:         5892 kB
Active:          6177508 kB
Inactive:        1338184 kB
Active(anon):    6135668 kB
Inactive(anon):  1281052 kB
Active(file):      41840 kB
Inactive(file):    57132 kB
Unevictable:           0 kB
Mlocked:               0 kB
HighTotal:       7292552 kB
HighFree:         117252 kB
LowTotal:         814904 kB
LowFree:          292612 kB
SwapTotal:       4007932 kB
SwapFree:             12 kB
Dirty:               736 kB
Writeback:             0 kB
AnonPages:       7138248 kB
Mapped:           246992 kB
Shmem:            274736 kB
Slab:              66464 kB
SReclaimable:      23652 kB
SUnreclaim:        42812 kB
KernelStack:       14328 kB
PageTables:        43376 kB
NFS_Unstable:          0 kB
Bounce:                0 kB
WritebackTmp:          0 kB
CommitLimit:     8061660 kB
Committed_AS:   21965528 kB
VmallocTotal:     122880 kB
VmallocUsed:           0 kB
VmallocChunk:          0 kB
AnonHugePages:   4294656 kB
CmaTotal:              0 kB
CmaFree:               0 kB
HugePages_Total:       0
HugePages_Free:        0
HugePages_Rsvd:        0
HugePages_Surp:        0
Hugepagesize:       2048 kB
DirectMap4k:       40952 kB
DirectMap2M:      870400 kB


CPU:total 4 (initial active 4) (2 cores per cpu, 2 threads per core) family 6 model 58 stepping 9, cmov, cx8, fxsr, mmx, sse, sse2, sse3, ssse3, sse4.1, sse4.2, popcnt, avx, aes, clmul, erms, ht, tsc, tscinvbit, tscinv

/proc/cpuinfo:
processor	: 0
vendor_id	: GenuineIntel
cpu family	: 6
model		: 58
model name	: Intel(R) Core(TM) i5-3427U CPU @ 1.80GHz
stepping	: 9
microcode	: 0x17
cpu MHz		: 999.960
cache size	: 3072 KB
physical id	: 0
siblings	: 4
core id		: 0
cpu cores	: 2
apicid		: 0
initial apicid	: 0
fdiv_bug	: no
f00f_bug	: no
coma_bug	: no
fpu		: yes
fpu_exception	: yes
cpuid level	: 13
wp		: yes
flags		: fpu vme de pse tsc msr pae mce cx8 apic sep mtrr pge mca cmov pat pse36 clflush dts acpi mmx fxsr sse sse2 ss ht tm pbe nx rdtscp lm constant_tsc arch_perfmon pebs bts xtopology nonstop_tsc aperfmperf eagerfpu pni pclmulqdq dtes64 monitor ds_cpl vmx smx est tm2 ssse3 cx16 xtpr pdcm pcid sse4_1 sse4_2 x2apic popcnt tsc_deadline_timer aes xsave avx f16c rdrand lahf_lm epb tpr_shadow vnmi flexpriority ept vpid fsgsbase smep erms xsaveopt dtherm ida arat pln pts
bugs		:
bogomips	: 4589.45
clflush size	: 64
cache_alignment	: 64
address sizes	: 36 bits physical, 48 bits virtual
power management:

processor	: 1
vendor_id	: GenuineIntel
cpu family	: 6
model		: 58
model name	: Intel(R) Core(TM) i5-3427U CPU @ 1.80GHz
stepping	: 9
microcode	: 0x17
cpu MHz		: 999.960
cache size	: 3072 KB
physical id	: 0
siblings	: 4
core id		: 1
cpu cores	: 2
apicid		: 2
initial apicid	: 2
fdiv_bug	: no
f00f_bug	: no
coma_bug	: no
fpu		: yes
fpu_exception	: yes
cpuid level	: 13
wp		: yes
flags		: fpu vme de pse tsc msr pae mce cx8 apic sep mtrr pge mca cmov pat pse36 clflush dts acpi mmx fxsr sse sse2 ss ht tm pbe nx rdtscp lm constant_tsc arch_perfmon pebs bts xtopology nonstop_tsc aperfmperf eagerfpu pni pclmulqdq dtes64 monitor ds_cpl vmx smx est tm2 ssse3 cx16 xtpr pdcm pcid sse4_1 sse4_2 x2apic popcnt tsc_deadline_timer aes xsave avx f16c rdrand lahf_lm epb tpr_shadow vnmi flexpriority ept vpid fsgsbase smep erms xsaveopt dtherm ida arat pln pts
bugs		:
bogomips	: 4589.45
clflush size	: 64
cache_alignment	: 64
address sizes	: 36 bits physical, 48 bits virtual
power management:

processor	: 2
vendor_id	: GenuineIntel
cpu family	: 6
model		: 58
model name	: Intel(R) Core(TM) i5-3427U CPU @ 1.80GHz
stepping	: 9
microcode	: 0x17
cpu MHz		: 999.960
cache size	: 3072 KB
physical id	: 0
siblings	: 4
core id		: 0
cpu cores	: 2
apicid		: 1
initial apicid	: 1
fdiv_bug	: no
f00f_bug	: no
coma_bug	: no
fpu		: yes
fpu_exception	: yes
cpuid level	: 13
wp		: yes
flags		: fpu vme de pse tsc msr pae mce cx8 apic sep mtrr pge mca cmov pat pse36 clflush dts acpi mmx fxsr sse sse2 ss ht tm pbe nx rdtscp lm constant_tsc arch_perfmon pebs bts xtopology nonstop_tsc aperfmperf eagerfpu pni pclmulqdq dtes64 monitor ds_cpl vmx smx est tm2 ssse3 cx16 xtpr pdcm pcid sse4_1 sse4_2 x2apic popcnt tsc_deadline_timer aes xsave avx f16c rdrand lahf_lm epb tpr_shadow vnmi flexpriority ept vpid fsgsbase smep erms xsaveopt dtherm ida arat pln pts
bugs		:
bogomips	: 4589.45
clflush size	: 64
cache_alignment	: 64
address sizes	: 36 bits physical, 48 bits virtual
power management:

processor	: 3
vendor_id	: GenuineIntel
cpu family	: 6
model		: 58
model name	: Intel(R) Core(TM) i5-3427U CPU @ 1.80GHz
stepping	: 9
microcode	: 0x17
cpu MHz		: 999.960
cache size	: 3072 KB
physical id	: 0
siblings	: 4
core id		: 1
cpu cores	: 2
apicid		: 3
initial apicid	: 3
fdiv_bug	: no
f00f_bug	: no
coma_bug	: no
fpu		: yes
fpu_exception	: yes
cpuid level	: 13
wp		: yes
flags		: fpu vme de pse tsc msr pae mce cx8 apic sep mtrr pge mca cmov pat pse36 clflush dts acpi mmx fxsr sse sse2 ss ht tm pbe nx rdtscp lm constant_tsc arch_perfmon pebs bts xtopology nonstop_tsc aperfmperf eagerfpu pni pclmulqdq dtes64 monitor ds_cpl vmx smx est tm2 ssse3 cx16 xtpr pdcm pcid sse4_1 sse4_2 x2apic popcnt tsc_deadline_timer aes xsave avx f16c rdrand lahf_lm epb tpr_shadow vnmi flexpriority ept vpid fsgsbase smep erms xsaveopt dtherm ida arat pln pts
bugs		:
bogomips	: 4589.45
clflush size	: 64
cache_alignment	: 64
address sizes	: 36 bits physical, 48 bits virtual
power management:



Memory: 4k page, physical 8107456k(409864k free), swap 4007932k(12k free)

vm_info: OpenJDK Server VM (25.151-b12) for linux-x86 JRE (1.8.0_151-8u151-b12-0ubuntu0.16.04.2-b12), built on Oct 27 2017 22:05:04 by "buildd" with gcc 5.4.0 20160609

time: Sun Jan  7 17:08:11 2018
elapsed time: 9 seconds (0d 0h 0m 9s)

