#
# There is insufficient memory for the Java Runtime Environment to continue.
# Native memory allocation (mmap) failed to map 17039360 bytes for committing reserved memory.
# Possible reasons:
#   The system is out of physical RAM or swap space
#   In 32 bit mode, the process size limit was hit
# Possible solutions:
#   Reduce memory load on the system
#   Increase physical memory or swap space
#   Check if swap backing store is full
#   Use 64 bit Java on a 64 bit OS
#   Decrease Java heap size (-Xmx/-Xms)
#   Decrease number of Java threads
#   Decrease Java thread stack sizes (-Xss)
#   Set larger code cache with -XX:ReservedCodeCacheSize=
# This output file may be truncated or incomplete.
#
#  Out of Memory Error (os_linux.cpp:2643), pid=2278, tid=0x639e4b40
#
# JRE version: OpenJDK Runtime Environment (8.0_151-b12) (build 1.8.0_151-8u151-b12-0ubuntu0.16.04.2-b12)
# Java VM: OpenJDK Server VM (25.151-b12 mixed mode linux-x86 )
# Failed to write core dump. Core dumps have been disabled. To enable core dumping, try "ulimit -c unlimited" before starting Java again
#

---------------  T H R E A D  ---------------

Current thread (0x63881000):  VMThread [stack: 0x63964000,0x639e5000] [id=2348]

Stack: [0x63964000,0x639e5000],  sp=0x639e3b40,  free space=510k
Native frames: (J=compiled Java code, j=interpreted, Vv=VM code, C=native code)
V  [libjvm.so+0x8d6834]
V  [libjvm.so+0x3a7c76]
V  [libjvm.so+0x7420c0]
V  [libjvm.so+0x73c013]
V  [libjvm.so+0x7ad98c]
V  [libjvm.so+0x7ae9cb]
V  [libjvm.so+0x7ab487]
V  [libjvm.so+0x7abcd3]
V  [libjvm.so+0x764c75]
V  [libjvm.so+0x8d83f9]
V  [libjvm.so+0x8dd466]
V  [libjvm.so+0x8db620]
V  [libjvm.so+0x8dbd75]
V  [libjvm.so+0x8dc37b]
V  [libjvm.so+0x73f2b5]
C  [libpthread.so.0+0x6295]  start_thread+0xe5

VM_Operation (0xb647f614): ParallelGCFailedAllocation, mode: safepoint, requested by thread 0xb6307800


---------------  P R O C E S S  ---------------

Java Threads: ( => current thread )
  0x638aa400 JavaThread "Service Thread" daemon [_thread_blocked, id=2365, stack(0x6318a000,0x631db000)]
  0x638a7000 JavaThread "C1 CompilerThread2" daemon [_thread_blocked, id=2363, stack(0x631db000,0x6325c000)]
  0x638a5c00 JavaThread "C2 CompilerThread1" daemon [_thread_blocked, id=2361, stack(0x6325c000,0x632dd000)]
  0x638a3c00 JavaThread "C2 CompilerThread0" daemon [_thread_blocked, id=2356, stack(0x632dd000,0x6335e000)]
  0x638a2400 JavaThread "Signal Dispatcher" daemon [_thread_blocked, id=2353, stack(0x6335e000,0x633af000)]
  0x63888400 JavaThread "Finalizer" daemon [_thread_blocked, id=2352, stack(0x635af000,0x63600000)]
  0x63885800 JavaThread "Reference Handler" daemon [_thread_blocked, id=2349, stack(0x63913000,0x63964000)]
  0xb6307800 JavaThread "main" [_thread_blocked, id=2337, stack(0xb6432000,0xb6483000)]

Other Threads:
=>0x63881000 VMThread [stack: 0x63964000,0x639e5000] [id=2348]
  0x638ac000 WatcherThread [stack: 0x63109000,0x6318a000] [id=2368]

VM state:at safepoint (normal execution)

VM Mutex/Monitor currently owned by a thread:  ([mutex/lock_event])
[0xb6304ed0] Threads_lock - owner thread: 0x63881000
[0xb63052e0] Heap_lock - owner thread: 0xb6307800

Heap:
 PSYoungGen      total 19200K, used 2551K [0x918c0000, 0x92e00000, 0xa6e00000)
  eden space 16640K, 0% used [0x918c0000,0x918c0000,0x92900000)
  from space 2560K, 99% used [0x92900000,0x92b7dea8,0x92b80000)
  to   space 2560K, 0% used [0x92b80000,0x92b80000,0x92e00000)
 ParOldGen       total 43776K, used 2324K [0x66e00000, 0x698c0000, 0x918c0000)
  object space 43776K, 5% used [0x66e00000,0x67045270,0x698c0000)
 Metaspace       used 6648K, capacity 6711K, committed 6808K, reserved 7472K

Card table byte_map: [0x66bff000,0x66e00000] byte_map_base: 0x668c8000

Marking Bits: (ParMarkBitMap*) 0xb71a8880
 Begin Bits: [0x64400000, 0x65400000)
 End Bits:   [0x65400000, 0x66400000)

Polling page: 0xb77b5000

CodeCache: size=245760Kb used=2599Kb max_used=2599Kb free=243160Kb
 bounds [0xa72a3000, 0xa7533000, 0xb62a3000]
 total_blobs=1044 nmethods=876 adapters=82
 compilation: enabled

Compilation events (10 events):
Event: 3.907 Thread 0x638a7000  873       3       java.lang.reflect.AccessibleObject::getAnnotations (5 bytes)
Event: 3.907 Thread 0x638a7000 nmethod 873 0xa752c088 code [0xa752c1a0, 0xa752c30c]
Event: 3.907 Thread 0x638a7000  874   !   3       org.eclipse.sisu.space.URLClassSpace::loadClass (31 bytes)
Event: 3.907 Thread 0x638a7000 nmethod 874 0xa752c388 code [0xa752c500, 0xa752c844]
Event: 3.907 Thread 0x638a7000  875       3       java.lang.String::lastIndexOf (11 bytes)
Event: 3.907 Thread 0x638a7000 nmethod 875 0xa752ca48 code [0xa752cb60, 0xa752cd4c]
Event: 3.907 Thread 0x638a7000  876       3       java.lang.String::lastIndexOf (25 bytes)
Event: 3.908 Thread 0x638a7000 nmethod 876 0xa752ce88 code [0xa752cfa0, 0xa752d0cc]
Event: 3.910 Thread 0x638a7000  877       3       java.lang.Class::copyFields (36 bytes)
Event: 3.911 Thread 0x638a7000 nmethod 877 0xa752d448 code [0xa752d600, 0xa752dd78]

GC Heap History (5 events):
Event: 2.167 GC heap before
{Heap before GC invocations=1 (full 0):
 PSYoungGen      total 19200K, used 16640K [0x918c0000, 0x92e00000, 0xa6e00000)
  eden space 16640K, 100% used [0x918c0000,0x92900000,0x92900000)
  from space 2560K, 0% used [0x92b80000,0x92b80000,0x92e00000)
  to   space 2560K, 0% used [0x92900000,0x92900000,0x92b80000)
 ParOldGen       total 43776K, used 0K [0x66e00000, 0x698c0000, 0x918c0000)
  object space 43776K, 0% used [0x66e00000,0x66e00000,0x698c0000)
 Metaspace       used 4672K, capacity 4714K, committed 4760K, reserved 5424K
Event: 2.177 GC heap after
Heap after GC invocations=1 (full 0):
 PSYoungGen      total 19200K, used 2555K [0x918c0000, 0x92e00000, 0xa6e00000)
  eden space 16640K, 0% used [0x918c0000,0x918c0000,0x92900000)
  from space 2560K, 99% used [0x92900000,0x92b7eca0,0x92b80000)
  to   space 2560K, 0% used [0x92b80000,0x92b80000,0x92e00000)
 ParOldGen       total 43776K, used 801K [0x66e00000, 0x698c0000, 0x918c0000)
  object space 43776K, 1% used [0x66e00000,0x66ec8598,0x698c0000)
 Metaspace       used 4672K, capacity 4714K, committed 4760K, reserved 5424K
}
Event: 3.460 GC heap before
{Heap before GC invocations=2 (full 0):
 PSYoungGen      total 19200K, used 19195K [0x918c0000, 0x92e00000, 0xa6e00000)
  eden space 16640K, 100% used [0x918c0000,0x92900000,0x92900000)
  from space 2560K, 99% used [0x92900000,0x92b7eca0,0x92b80000)
  to   space 2560K, 0% used [0x92b80000,0x92b80000,0x92e00000)
 ParOldGen       total 43776K, used 801K [0x66e00000, 0x698c0000, 0x918c0000)
  object space 43776K, 1% used [0x66e00000,0x66ec8598,0x698c0000)
 Metaspace       used 5290K, capacity 5322K, committed 5400K, reserved 5424K
Event: 3.468 GC heap after
Heap after GC invocations=2 (full 0):
 PSYoungGen      total 19200K, used 2548K [0x918c0000, 0x92e00000, 0xa6e00000)
  eden space 16640K, 0% used [0x918c0000,0x918c0000,0x92900000)
  from space 2560K, 99% used [0x92b80000,0x92dfd250,0x92e00000)
  to   space 2560K, 0% used [0x92900000,0x92900000,0x92b80000)
 ParOldGen       total 43776K, used 888K [0x66e00000, 0x698c0000, 0x918c0000)
  object space 43776K, 2% used [0x66e00000,0x66ede020,0x698c0000)
 Metaspace       used 5290K, capacity 5322K, committed 5400K, reserved 5424K
}
Event: 3.911 GC heap before
{Heap before GC invocations=3 (full 0):
 PSYoungGen      total 19200K, used 19188K [0x918c0000, 0x92e00000, 0xa6e00000)
  eden space 16640K, 100% used [0x918c0000,0x92900000,0x92900000)
  from space 2560K, 99% used [0x92b80000,0x92dfd250,0x92e00000)
  to   space 2560K, 0% used [0x92900000,0x92900000,0x92b80000)
 ParOldGen       total 43776K, used 888K [0x66e00000, 0x698c0000, 0x918c0000)
  object space 43776K, 2% used [0x66e00000,0x66ede020,0x698c0000)
 Metaspace       used 6648K, capacity 6711K, committed 6808K, reserved 7472K

Deoptimization events (6 events):
Event: 1.052 Thread 0xb6307800 Uncommon trap: reason=unstable_if action=reinterpret pc=0xa73a8144 method=org.codehaus.plexus.util.xml.pull.MXParser.more()C @ 8
Event: 2.275 Thread 0xb6307800 Uncommon trap: reason=unstable_if action=reinterpret pc=0xa742d488 method=java.util.HashMap.getNode(ILjava/lang/Object;)Ljava/util/HashMap$Node; @ 129
Event: 2.300 Thread 0xb6307800 Uncommon trap: reason=range_check action=make_not_entrant pc=0xa742ac44 method=sun.reflect.generics.parser.SignatureParser.current()C @ 34
Event: 2.437 Thread 0xb6307800 Uncommon trap: reason=unstable_if action=reinterpret pc=0xa7444abc method=java.nio.charset.CoderResult.isOverflow()Z @ 5
Event: 2.681 Thread 0xb6307800 Uncommon trap: reason=unstable_if action=reinterpret pc=0xa746d870 method=java.nio.charset.CoderResult.isOverflow()Z @ 5
Event: 2.838 Thread 0xb6307800 Uncommon trap: reason=unstable_if action=reinterpret pc=0xa747e290 method=sun.nio.cs.StreamDecoder.implRead([CII)I @ 71

Internal exceptions (10 events):
Event: 2.293 Thread 0xb6307800 Exception <a 'java/lang/ArrayIndexOutOfBoundsException'> (0x919f4a98) thrown at [/build/openjdk-8-Y4imzb/openjdk-8-8u151-b12/src/hotspot/src/share/vm/runtime/sharedRuntime.cpp, line 605]
Event: 2.295 Thread 0xb6307800 Exception <a 'java/lang/ArrayIndexOutOfBoundsException'> (0x919f5670) thrown at [/build/openjdk-8-Y4imzb/openjdk-8-8u151-b12/src/hotspot/src/share/vm/runtime/sharedRuntime.cpp, line 605]
Event: 2.295 Thread 0xb6307800 Exception <a 'java/lang/ArrayIndexOutOfBoundsException'> (0x919f6b98) thrown at [/build/openjdk-8-Y4imzb/openjdk-8-8u151-b12/src/hotspot/src/share/vm/runtime/sharedRuntime.cpp, line 605]
Event: 2.296 Thread 0xb6307800 Exception <a 'java/lang/ArrayIndexOutOfBoundsException'> (0x919f8b30) thrown at [/build/openjdk-8-Y4imzb/openjdk-8-8u151-b12/src/hotspot/src/share/vm/runtime/sharedRuntime.cpp, line 605]
Event: 2.296 Thread 0xb6307800 Exception <a 'java/lang/ArrayIndexOutOfBoundsException'> (0x919f9e90) thrown at [/build/openjdk-8-Y4imzb/openjdk-8-8u151-b12/src/hotspot/src/share/vm/runtime/sharedRuntime.cpp, line 605]
Event: 2.297 Thread 0xb6307800 Exception <a 'java/lang/ArrayIndexOutOfBoundsException'> (0x919fb348) thrown at [/build/openjdk-8-Y4imzb/openjdk-8-8u151-b12/src/hotspot/src/share/vm/runtime/sharedRuntime.cpp, line 605]
Event: 2.297 Thread 0xb6307800 Exception <a 'java/lang/ArrayIndexOutOfBoundsException'> (0x919fcce0) thrown at [/build/openjdk-8-Y4imzb/openjdk-8-8u151-b12/src/hotspot/src/share/vm/runtime/sharedRuntime.cpp, line 605]
Event: 2.297 Thread 0xb6307800 Exception <a 'java/lang/ArrayIndexOutOfBoundsException'> (0x919fdfe0) thrown at [/build/openjdk-8-Y4imzb/openjdk-8-8u151-b12/src/hotspot/src/share/vm/runtime/sharedRuntime.cpp, line 605]
Event: 2.300 Thread 0xb6307800 Exception <a 'java/lang/ArrayIndexOutOfBoundsException': 79> (0x919ff5b8) thrown at [/build/openjdk-8-Y4imzb/openjdk-8-8u151-b12/src/hotspot/src/share/vm/interpreter/interpreterRuntime.cpp, line 366]
Event: 2.301 Thread 0xb6307800 Exception <a 'java/lang/ArrayIndexOutOfBoundsException': 85> (0x91a00998) thrown at [/build/openjdk-8-Y4imzb/openjdk-8-8u151-b12/src/hotspot/src/share/vm/interpreter/interpreterRuntime.cpp, line 366]

Events (10 events):
Event: 3.908 loading class org/apache/maven/model/PluginExecution done
Event: 3.909 loading class org/apache/maven/model/io/DefaultModelWriter
Event: 3.909 loading class org/apache/maven/model/io/DefaultModelWriter done
Event: 3.909 loading class org/codehaus/plexus/util/xml/XmlStreamWriter
Event: 3.909 loading class org/codehaus/plexus/util/xml/XmlStreamWriter done
Event: 3.910 loading class org/apache/maven/exception/DefaultExceptionHandler
Event: 3.910 loading class org/apache/maven/exception/DefaultExceptionHandler done
Event: 3.911 loading class org/apache/maven/model/building/ModelProblem$Severity
Event: 3.911 loading class org/apache/maven/model/building/ModelProblem$Severity done
Event: 3.911 Executing VM operation: ParallelGCFailedAllocation


Dynamic libraries:
08048000-08049000 r-xp 00000000 08:01 1693306    /usr/lib/jvm/java-8-openjdk-i386/jre/bin/java
08049000-0804a000 r--p 00000000 08:01 1693306    /usr/lib/jvm/java-8-openjdk-i386/jre/bin/java
0804a000-0804b000 rw-p 00001000 08:01 1693306    /usr/lib/jvm/java-8-openjdk-i386/jre/bin/java
09df7000-09e18000 rw-p 00000000 00:00 0          [heap]
62500000-62566000 rw-p 00000000 00:00 0 
62566000-62600000 ---p 00000000 00:00 0 
62600000-62660000 rw-p 00000000 00:00 0 
62660000-62700000 ---p 00000000 00:00 0 
62700000-627ba000 rw-p 00000000 00:00 0 
627ba000-62800000 ---p 00000000 00:00 0 
62800000-62900000 rw-p 00000000 00:00 0 
62900000-629fe000 rw-p 00000000 00:00 0 
629fe000-62a00000 ---p 00000000 00:00 0 
62a00000-62aa0000 rw-p 00000000 00:00 0 
62aa0000-62b00000 ---p 00000000 00:00 0 
62b00000-62c00000 rw-p 00000000 00:00 0 
62c00000-62cfe000 rw-p 00000000 00:00 0 
62cfe000-62d00000 ---p 00000000 00:00 0 
62d00000-62dff000 rw-p 00000000 00:00 0 
62dff000-62e00000 ---p 00000000 00:00 0 
62e00000-62f00000 rw-p 00000000 00:00 0 
62fae000-62fbb000 r--s 0008d000 08:01 1149531    /usr/share/java/maven3-core-3.3.9.jar
62fbb000-62fbc000 r--s 00001000 08:01 1149511    /usr/share/java/wagon-file-2.x.jar
62fbc000-62fbf000 r--s 00007000 08:01 1149537    /usr/share/java/maven3-settings-builder-3.3.9.jar
62fbf000-62fc1000 r--s 0000d000 08:01 1149536    /usr/share/java/maven3-aether-provider-3.3.9.jar
62fc1000-62fc8000 r--s 0002c000 08:01 1149509    /usr/share/java/sisu-plexus.jar
62fc8000-62fcc000 r--s 00027000 08:01 1145546    /usr/share/java/commons-io-2.4.jar
62fcc000-62fd4000 r--s 00054000 08:01 1149507    /usr/share/java/sisu-inject.jar
62fd4000-63000000 r--s 00208000 08:01 1148516    /usr/share/java/guava.jar
63000000-630ff000 rw-p 00000000 00:00 0 
630ff000-63100000 ---p 00000000 00:00 0 
63100000-63107000 r--s 0005d000 08:01 1149254    /usr/share/java/commons-lang3.jar
63107000-63109000 r--s 0000e000 08:01 1149271    /usr/share/java/plexus-interpolation.jar
63109000-6310a000 ---p 00000000 00:00 0 
6310a000-6318a000 rw-p 00000000 00:00 0 
6318a000-6318d000 ---p 00000000 00:00 0 
6318d000-631db000 rw-p 00000000 00:00 0 
631db000-631de000 ---p 00000000 00:00 0 
631de000-6325c000 rw-p 00000000 00:00 0 
6325c000-6325f000 ---p 00000000 00:00 0 
6325f000-632dd000 rw-p 00000000 00:00 0 
632dd000-632e0000 ---p 00000000 00:00 0 
632e0000-6335e000 rw-p 00000000 00:00 0 
6335e000-63361000 ---p 00000000 00:00 0 
63361000-633af000 rw-p 00000000 00:00 0 
633af000-635af000 r--p 00000000 08:01 1110568    /usr/lib/locale/locale-archive
635af000-635b2000 ---p 00000000 00:00 0 
635b2000-63600000 rw-p 00000000 00:00 0 
63600000-636fe000 rw-p 00000000 00:00 0 
636fe000-63700000 ---p 00000000 00:00 0 
63700000-63721000 rw-p 00000000 00:00 0 
63721000-63800000 ---p 00000000 00:00 0 
63800000-638fe000 rw-p 00000000 00:00 0 
638fe000-63900000 ---p 00000000 00:00 0 
63900000-63901000 r--s 00004000 08:01 1145398    /usr/share/java/atinject-jsr330-tck-1.0.jar
63901000-63903000 r--s 00006000 08:01 1149372    /usr/share/java/eclipse-aether-spi.jar
63903000-63904000 r--s 00008000 08:01 1149370    /usr/share/java/eclipse-aether-connector-basic.jar
63904000-63908000 r--s 00027000 08:01 1149367    /usr/share/java/eclipse-aether-impl.jar
63908000-6390a000 r--s 00005000 08:01 1149373    /usr/share/java/eclipse-aether-transport-wagon.jar
6390a000-6390c000 r--s 00001000 08:01 1149403    /usr/share/java/aopalliance-1.0.jar
6390c000-6390e000 r--s 00001000 08:01 1149538    /usr/share/java/maven3-builder-support-3.3.9.jar
6390e000-63913000 r--s 0001d000 08:01 1149374    /usr/share/java/eclipse-aether-api.jar
63913000-63916000 ---p 00000000 00:00 0 
63916000-63964000 rw-p 00000000 00:00 0 
63964000-63965000 ---p 00000000 00:00 0 
63965000-639e5000 rw-p 00000000 00:00 0 
639e5000-63bb4000 r--s 03c21000 08:01 1693223    /usr/lib/jvm/java-8-openjdk-i386/jre/lib/rt.jar
63bb4000-63ffa000 rw-p 00000000 00:00 0 
63ffa000-64000000 ---p 00000000 00:00 0 
64000000-66400000 rw-p 00000000 00:00 0 
66400000-66500000 rw-p 00000000 00:00 0 
66500000-66531000 r--s 00207000 08:01 1149515    /usr/share/java/wagon-http-shaded-2.x.jar
66531000-6657f000 rw-p 00000000 00:00 0 
6657f000-66580000 ---p 00000000 00:00 0 
66580000-66600000 rw-p 00000000 00:00 0 
66600000-666fb000 rw-p 00000000 00:00 0 
666fb000-66700000 ---p 00000000 00:00 0 
66700000-66721000 rw-p 00000000 00:00 0 
66721000-66800000 ---p 00000000 00:00 0 
66800000-66802000 r--s 00002000 08:01 1149449    /usr/share/java/plexus-cipher.jar
66802000-66803000 r--s 00002000 08:01 1149066    /usr/share/java/slf4j-simple.jar
66803000-66805000 r--s 00013000 08:01 1149534    /usr/share/java/maven3-embedder-3.3.9.jar
66805000-66807000 r--s 00027000 08:01 1149535    /usr/share/java/maven3-model-3.3.9.jar
66807000-66809000 r--s 0000a000 08:01 1147016    /usr/share/java/commons-cli-1.3.1.jar
66809000-6680b000 r--s 0000a000 08:01 1149512    /usr/share/java/wagon-provider-api-2.x.jar
6680b000-6680e000 r--s 0000a000 08:01 1149539    /usr/share/java/maven3-artifact-3.3.9.jar
6680e000-66812000 r--s 00020000 08:01 1149392    /usr/share/java/eclipse-aether-util.jar
66812000-66813000 r--s 00006000 08:01 1149532    /usr/share/java/maven3-repository-metadata-3.3.9.jar
66813000-66815000 r--s 00007000 08:01 1149069    /usr/share/java/slf4j-api.jar
66815000-66816000 r--s 0000a000 08:01 1149528    /usr/share/java/maven3-settings-3.3.9.jar
66816000-66817000 r--s 00001000 08:01 1149518    /usr/share/java/wagon-http-shared-2.x.jar
66817000-66818000 r--s 00006000 08:01 1149451    /usr/share/java/plexus-sec-dispatcher.jar
66818000-6681c000 r--s 00038000 08:01 1149495    /usr/share/java/plexus-utils2.jar
6681c000-66822000 r--s 00048000 08:01 1149288    /usr/share/java/jsoup.jar
66822000-66824000 r--s 0000a000 08:01 1149529    /usr/share/java/maven3-plugin-api-3.3.9.jar
66824000-6687f000 rw-p 00000000 00:00 0 
6687f000-66880000 ---p 00000000 00:00 0 
66880000-66900000 rw-p 00000000 00:00 0 
66900000-66921000 rw-p 00000000 00:00 0 
66921000-66a00000 ---p 00000000 00:00 0 
66a00000-66a05000 r--s 00025000 08:01 1149533    /usr/share/java/maven3-model-builder-3.3.9.jar
66a05000-66a0a000 r--s 00040000 08:01 1145678    /usr/share/java/commons-lang-2.6.jar
66a0a000-66a0c000 r--s 00000000 08:01 1149499    /usr/share/java/plexus-component-annotations-1.5.jar
66a0c000-66a0d000 r--s 00000000 08:01 1149240    /usr/share/java/geronimo-interceptor-3.0-spec-1.0.1.jar
66a0d000-66a0f000 r--s 00012000 08:01 1144777    /usr/share/java/el-api-3.0.jar
66a0f000-66a10000 r--s 00000000 08:01 1145399    /usr/share/java/atinject-jsr330-api-1.0.jar
66a10000-66a13000 r--s 00008000 08:01 1149246    /usr/share/java/cdi-api-1.0.jar
66a13000-66a1a000 r--s 00041000 08:01 1149530    /usr/share/java/maven3-compat-3.3.9.jar
66a1a000-66a28000 r--s 00095000 08:01 1149408    /usr/share/java/guice.jar
66a28000-66a29000 ---p 00000000 00:00 0 
66a29000-66abf000 rw-p 00000000 00:00 0 
66abf000-66bff000 ---p 00000000 00:00 0 
66bff000-66c15000 rw-p 00000000 00:00 0 
66c15000-66d54000 ---p 00000000 00:00 0 
66d54000-66d5f000 rw-p 00000000 00:00 0 
66d5f000-66dff000 ---p 00000000 00:00 0 
66dff000-698c0000 rw-p 00000000 00:00 0 
698c0000-918c0000 ---p 00000000 00:00 0 
918c0000-92e00000 rw-p 00000000 00:00 0 
93e40000-a6e00000 ---p 00000000 00:00 0 
a6e00000-a6e02000 r--s 0000a000 08:01 1149493    /usr/share/java/plexus-classworlds2-2.5.2.jar
a6e02000-a6e04000 r--s 00008000 08:01 1693232    /usr/lib/jvm/java-8-openjdk-i386/jre/lib/ext/sunec.jar
a6e04000-a6e1f000 r--s 00394000 08:01 1693228    /usr/lib/jvm/java-8-openjdk-i386/jre/lib/ext/cldrdata.jar
a6e1f000-a6e3a000 r--s 001d6000 08:01 1693230    /usr/lib/jvm/java-8-openjdk-i386/jre/lib/ext/nashorn.jar
a6e3a000-a6e40000 r--s 0003a000 08:01 1693231    /usr/lib/jvm/java-8-openjdk-i386/jre/lib/ext/sunjce_provider.jar
a6e40000-a6e4a000 r--s 00116000 08:01 1693233    /usr/lib/jvm/java-8-openjdk-i386/jre/lib/ext/localedata.jar
a6e4a000-a6e62000 rw-p 00000000 00:00 0 
a6e62000-a6e63000 ---p 00000000 00:00 0 
a6e63000-a6eee000 rw-p 00000000 00:00 0 
a6eee000-a72a3000 ---p 00000000 00:00 0 
a72a3000-a7533000 rwxp 00000000 00:00 0 
a7533000-b62a3000 ---p 00000000 00:00 0 
b62a3000-b62ae000 r-xp 00000000 08:01 3402889    /lib/i386-linux-gnu/libnss_files-2.23.so
b62ae000-b62af000 r--p 0000a000 08:01 3402889    /lib/i386-linux-gnu/libnss_files-2.23.so
b62af000-b62b0000 rw-p 0000b000 08:01 3402889    /lib/i386-linux-gnu/libnss_files-2.23.so
b62b0000-b62b6000 rw-p 00000000 00:00 0 
b62b6000-b62c1000 r-xp 00000000 08:01 3402895    /lib/i386-linux-gnu/libnss_nis-2.23.so
b62c1000-b62c2000 r--p 0000a000 08:01 3402895    /lib/i386-linux-gnu/libnss_nis-2.23.so
b62c2000-b62c3000 rw-p 0000b000 08:01 3402895    /lib/i386-linux-gnu/libnss_nis-2.23.so
b62c3000-b62da000 r-xp 00000000 08:01 3402652    /lib/i386-linux-gnu/libnsl-2.23.so
b62da000-b62db000 r--p 00016000 08:01 3402652    /lib/i386-linux-gnu/libnsl-2.23.so
b62db000-b62dc000 rw-p 00017000 08:01 3402652    /lib/i386-linux-gnu/libnsl-2.23.so
b62dc000-b62de000 rw-p 00000000 00:00 0 
b62de000-b62e6000 r-xp 00000000 08:01 3402720    /lib/i386-linux-gnu/libnss_compat-2.23.so
b62e6000-b62e7000 r--p 00007000 08:01 3402720    /lib/i386-linux-gnu/libnss_compat-2.23.so
b62e7000-b62e8000 rw-p 00008000 08:01 3402720    /lib/i386-linux-gnu/libnss_compat-2.23.so
b62e8000-b62e9000 r--s 00010000 08:01 1693229    /usr/lib/jvm/java-8-openjdk-i386/jre/lib/ext/zipfs.jar
b62e9000-b62eb000 r--s 00001000 08:01 1693236    /usr/lib/jvm/java-8-openjdk-i386/jre/lib/ext/dnsns.jar
b62eb000-b62ee000 r--s 0000f000 08:01 1693227    /usr/lib/jvm/java-8-openjdk-i386/jre/lib/ext/icedtea-sound.jar
b62ee000-b62f6000 r-xp 00000000 08:01 1693277    /usr/lib/jvm/java-8-openjdk-i386/jre/lib/i386/libzip.so
b62f6000-b62f7000 r--p 00007000 08:01 1693277    /usr/lib/jvm/java-8-openjdk-i386/jre/lib/i386/libzip.so
b62f7000-b62f8000 rw-p 00008000 08:01 1693277    /usr/lib/jvm/java-8-openjdk-i386/jre/lib/i386/libzip.so
b62f8000-b6300000 rw-s 00000000 08:01 2577447    /tmp/hsperfdata_sarnobat/2278
b6300000-b63fb000 rw-p 00000000 00:00 0 
b63fb000-b6400000 ---p 00000000 00:00 0 
b6400000-b6427000 r-xp 00000000 08:01 1693258    /usr/lib/jvm/java-8-openjdk-i386/jre/lib/i386/libjava.so
b6427000-b6428000 r--p 00026000 08:01 1693258    /usr/lib/jvm/java-8-openjdk-i386/jre/lib/i386/libjava.so
b6428000-b6429000 rw-p 00027000 08:01 1693258    /usr/lib/jvm/java-8-openjdk-i386/jre/lib/i386/libjava.so
b6429000-b6430000 r-xp 00000000 08:01 3402905    /lib/i386-linux-gnu/librt-2.23.so
b6430000-b6431000 r--p 00006000 08:01 3402905    /lib/i386-linux-gnu/librt-2.23.so
b6431000-b6432000 rw-p 00007000 08:01 3402905    /lib/i386-linux-gnu/librt-2.23.so
b6432000-b6435000 ---p 00000000 00:00 0 
b6435000-b6483000 rw-p 00000000 00:00 0 
b6483000-b649f000 r-xp 00000000 08:01 3402590    /lib/i386-linux-gnu/libgcc_s.so.1
b649f000-b64a0000 rw-p 0001b000 08:01 3402590    /lib/i386-linux-gnu/libgcc_s.so.1
b64a0000-b64f3000 r-xp 00000000 08:01 3402651    /lib/i386-linux-gnu/libm-2.23.so
b64f3000-b64f4000 r--p 00052000 08:01 3402651    /lib/i386-linux-gnu/libm-2.23.so
b64f4000-b64f5000 rw-p 00053000 08:01 3402651    /lib/i386-linux-gnu/libm-2.23.so
b64f5000-b6662000 r-xp 00000000 08:01 1104849    /usr/lib/i386-linux-gnu/libstdc++.so.6.0.21
b6662000-b6663000 ---p 0016d000 08:01 1104849    /usr/lib/i386-linux-gnu/libstdc++.so.6.0.21
b6663000-b6668000 r--p 0016d000 08:01 1104849    /usr/lib/i386-linux-gnu/libstdc++.so.6.0.21
b6668000-b6669000 rw-p 00172000 08:01 1104849    /usr/lib/i386-linux-gnu/libstdc++.so.6.0.21
b6669000-b666c000 rw-p 00000000 00:00 0 
b666c000-b713d000 r-xp 00000000 08:01 1693269    /usr/lib/jvm/java-8-openjdk-i386/jre/lib/i386/server/libjvm.so
b713d000-b7183000 r--p 00ad0000 08:01 1693269    /usr/lib/jvm/java-8-openjdk-i386/jre/lib/i386/server/libjvm.so
b7183000-b719a000 rw-p 00b16000 08:01 1693269    /usr/lib/jvm/java-8-openjdk-i386/jre/lib/i386/server/libjvm.so
b719a000-b75ba000 rw-p 00000000 00:00 0 
b75ba000-b75d3000 r-xp 00000000 08:01 3402662    /lib/i386-linux-gnu/libpthread-2.23.so
b75d3000-b75d4000 r--p 00018000 08:01 3402662    /lib/i386-linux-gnu/libpthread-2.23.so
b75d4000-b75d5000 rw-p 00019000 08:01 3402662    /lib/i386-linux-gnu/libpthread-2.23.so
b75d5000-b75d7000 rw-p 00000000 00:00 0 
b75d7000-b75da000 r-xp 00000000 08:01 3402697    /lib/i386-linux-gnu/libdl-2.23.so
b75da000-b75db000 r--p 00002000 08:01 3402697    /lib/i386-linux-gnu/libdl-2.23.so
b75db000-b75dc000 rw-p 00003000 08:01 3402697    /lib/i386-linux-gnu/libdl-2.23.so
b75dc000-b75dd000 rw-p 00000000 00:00 0 
b75dd000-b75f6000 r-xp 00000000 08:01 3402741    /lib/i386-linux-gnu/libz.so.1.2.8
b75f6000-b75f7000 r--p 00018000 08:01 3402741    /lib/i386-linux-gnu/libz.so.1.2.8
b75f7000-b75f8000 rw-p 00019000 08:01 3402741    /lib/i386-linux-gnu/libz.so.1.2.8
b75f8000-b77a8000 r-xp 00000000 08:01 3402663    /lib/i386-linux-gnu/libc-2.23.so
b77a8000-b77aa000 r--p 001af000 08:01 3402663    /lib/i386-linux-gnu/libc-2.23.so
b77aa000-b77ab000 rw-p 001b1000 08:01 3402663    /lib/i386-linux-gnu/libc-2.23.so
b77ab000-b77ae000 rw-p 00000000 00:00 0 
b77ae000-b77af000 r--s 0000a000 08:01 1693235    /usr/lib/jvm/java-8-openjdk-i386/jre/lib/ext/jaccess.jar
b77af000-b77b3000 r--s 00037000 08:01 1693234    /usr/lib/jvm/java-8-openjdk-i386/jre/lib/ext/sunpkcs11.jar
b77b3000-b77b4000 r--p 002d4000 08:01 1110568    /usr/lib/locale/locale-archive
b77b4000-b77b5000 rw-p 00000000 00:00 0 
b77b5000-b77b6000 ---p 00000000 00:00 0 
b77b6000-b77c4000 r-xp 00000000 08:01 1693275    /usr/lib/jvm/java-8-openjdk-i386/jre/lib/i386/libverify.so
b77c4000-b77c5000 r--p 0000d000 08:01 1693275    /usr/lib/jvm/java-8-openjdk-i386/jre/lib/i386/libverify.so
b77c5000-b77c6000 rw-p 0000e000 08:01 1693275    /usr/lib/jvm/java-8-openjdk-i386/jre/lib/i386/libverify.so
b77c6000-b77d3000 r-xp 00000000 08:01 1693273    /usr/lib/jvm/java-8-openjdk-i386/jre/lib/i386/jli/libjli.so
b77d3000-b77d4000 r--p 0000c000 08:01 1693273    /usr/lib/jvm/java-8-openjdk-i386/jre/lib/i386/jli/libjli.so
b77d4000-b77d5000 rw-p 0000d000 08:01 1693273    /usr/lib/jvm/java-8-openjdk-i386/jre/lib/i386/jli/libjli.so
b77d5000-b77d6000 rw-p 00000000 00:00 0 
b77d6000-b77d8000 r--p 00000000 00:00 0          [vvar]
b77d8000-b77d9000 r-xp 00000000 00:00 0          [vdso]
b77d9000-b77fc000 r-xp 00000000 08:01 3402661    /lib/i386-linux-gnu/ld-2.23.so
b77fc000-b77fd000 r--p 00022000 08:01 3402661    /lib/i386-linux-gnu/ld-2.23.so
b77fd000-b77fe000 rw-p 00023000 08:01 3402661    /lib/i386-linux-gnu/ld-2.23.so
bfbb7000-bfbd8000 rw-p 00000000 00:00 0          [stack]

VM Arguments:
jvm_args: -Dclassworlds.conf=/usr/share/maven/bin/m2.conf -Dmaven.home=/usr/share/maven -Dmaven.multiModuleProjectDirectory=/home/sarnobat/github/maven_project 
java_command: org.codehaus.plexus.classworlds.launcher.Launcher --quiet --settings /home/sarnobat/sarnobat.git/mac/.m2/settings.xml install exec:java -Dexec.mainClass=Md5RoList -Dexec.args=4485
java_class_path (initial): /usr/share/maven/boot/plexus-classworlds-2.x.jar
Launcher Type: SUN_STANDARD

Environment Variables:
JAVA_HOME=/usr/lib/jvm/java-8-openjdk-i386
PATH=/usr/bin:/bin
SHELL=/bin/sh

Signal Handlers:
SIGSEGV: [libjvm.so+0x8d7370], sa_mask[0]=11111111011111111101111111111110, sa_flags=SA_RESTART|SA_SIGINFO
SIGBUS: [libjvm.so+0x8d7370], sa_mask[0]=11111111011111111101111111111110, sa_flags=SA_RESTART|SA_SIGINFO
SIGFPE: [libjvm.so+0x73d1c0], sa_mask[0]=11111111011111111101111111111110, sa_flags=SA_RESTART|SA_SIGINFO
SIGPIPE: [libjvm.so+0x73d1c0], sa_mask[0]=11111111011111111101111111111110, sa_flags=SA_RESTART|SA_SIGINFO
SIGXFSZ: [libjvm.so+0x73d1c0], sa_mask[0]=11111111011111111101111111111110, sa_flags=SA_RESTART|SA_SIGINFO
SIGILL: [libjvm.so+0x73d1c0], sa_mask[0]=11111111011111111101111111111110, sa_flags=SA_RESTART|SA_SIGINFO
SIGUSR1: SIG_DFL, sa_mask[0]=00000000000000000000000000000000, sa_flags=none
SIGUSR2: [libjvm.so+0x73d000], sa_mask[0]=00000000000000000000000000000000, sa_flags=SA_RESTART|SA_SIGINFO
SIGHUP: [libjvm.so+0x73d790], sa_mask[0]=11111111011111111101111111111110, sa_flags=SA_RESTART|SA_SIGINFO
SIGINT: [libjvm.so+0x73d790], sa_mask[0]=11111111011111111101111111111110, sa_flags=SA_RESTART|SA_SIGINFO
SIGTERM: [libjvm.so+0x73d790], sa_mask[0]=11111111011111111101111111111110, sa_flags=SA_RESTART|SA_SIGINFO
SIGQUIT: [libjvm.so+0x73d790], sa_mask[0]=11111111011111111101111111111110, sa_flags=SA_RESTART|SA_SIGINFO


---------------  S Y S T E M  ---------------

OS:DISTRIB_ID=Ubuntu
DISTRIB_RELEASE=16.04
DISTRIB_CODENAME=xenial
DISTRIB_DESCRIPTION="Ubuntu 16.04.1 LTS"

uname:Linux 4.4.0-104-generic #127-Ubuntu SMP Mon Dec 11 12:16:50 UTC 2017 i686
libc:glibc 2.23 NPTL 2.23 
rlimit: STACK 8192k, CORE 0k, NPROC 63057, NOFILE 1048576, AS infinity
load average:2.70 2.43 2.37

/proc/meminfo:
MemTotal:        8107456 kB
MemFree:          342380 kB
MemAvailable:          0 kB
Buffers:            9904 kB
Cached:           255752 kB
SwapCached:        13196 kB
Active:          6149444 kB
Inactive:        1407052 kB
Active(anon):    6115276 kB
Inactive(anon):  1347108 kB
Active(file):      34168 kB
Inactive(file):    59944 kB
Unevictable:           0 kB
Mlocked:               0 kB
HighTotal:       7292552 kB
HighFree:          51908 kB
LowTotal:         814904 kB
LowFree:          290472 kB
SwapTotal:       4007932 kB
SwapFree:            180 kB
Dirty:               792 kB
Writeback:             0 kB
AnonPages:       7277768 kB
Mapped:            56856 kB
Shmem:            171644 kB
Slab:              98556 kB
SReclaimable:      51340 kB
SUnreclaim:        47216 kB
KernelStack:       16576 kB
PageTables:        46136 kB
NFS_Unstable:          0 kB
Bounce:                0 kB
WritebackTmp:          0 kB
CommitLimit:     8061660 kB
Committed_AS:   25923132 kB
VmallocTotal:     122880 kB
VmallocUsed:           0 kB
VmallocChunk:          0 kB
AnonHugePages:   4356096 kB
CmaTotal:              0 kB
CmaFree:               0 kB
HugePages_Total:       0
HugePages_Free:        0
HugePages_Rsvd:        0
HugePages_Surp:        0
Hugepagesize:       2048 kB
DirectMap4k:       34808 kB
DirectMap2M:      876544 kB


CPU:total 4 (initial active 4) (2 cores per cpu, 2 threads per core) family 6 model 58 stepping 9, cmov, cx8, fxsr, mmx, sse, sse2, sse3, ssse3, sse4.1, sse4.2, popcnt, avx, aes, clmul, erms, ht, tsc, tscinvbit, tscinv

/proc/cpuinfo:
processor	: 0
vendor_id	: GenuineIntel
cpu family	: 6
model		: 58
model name	: Intel(R) Core(TM) i5-3427U CPU @ 1.80GHz
stepping	: 9
microcode	: 0x17
cpu MHz		: 2599.988
cache size	: 3072 KB
physical id	: 0
siblings	: 4
core id		: 0
cpu cores	: 2
apicid		: 0
initial apicid	: 0
fdiv_bug	: no
f00f_bug	: no
coma_bug	: no
fpu		: yes
fpu_exception	: yes
cpuid level	: 13
wp		: yes
flags		: fpu vme de pse tsc msr pae mce cx8 apic sep mtrr pge mca cmov pat pse36 clflush dts acpi mmx fxsr sse sse2 ss ht tm pbe nx rdtscp lm constant_tsc arch_perfmon pebs bts xtopology nonstop_tsc aperfmperf eagerfpu pni pclmulqdq dtes64 monitor ds_cpl vmx smx est tm2 ssse3 cx16 xtpr pdcm pcid sse4_1 sse4_2 x2apic popcnt tsc_deadline_timer aes xsave avx f16c rdrand lahf_lm epb tpr_shadow vnmi flexpriority ept vpid fsgsbase smep erms xsaveopt dtherm ida arat pln pts
bugs		:
bogomips	: 4589.86
clflush size	: 64
cache_alignment	: 64
address sizes	: 36 bits physical, 48 bits virtual
power management:

processor	: 1
vendor_id	: GenuineIntel
cpu family	: 6
model		: 58
model name	: Intel(R) Core(TM) i5-3427U CPU @ 1.80GHz
stepping	: 9
microcode	: 0x17
cpu MHz		: 2599.988
cache size	: 3072 KB
physical id	: 0
siblings	: 4
core id		: 1
cpu cores	: 2
apicid		: 2
initial apicid	: 2
fdiv_bug	: no
f00f_bug	: no
coma_bug	: no
fpu		: yes
fpu_exception	: yes
cpuid level	: 13
wp		: yes
flags		: fpu vme de pse tsc msr pae mce cx8 apic sep mtrr pge mca cmov pat pse36 clflush dts acpi mmx fxsr sse sse2 ss ht tm pbe nx rdtscp lm constant_tsc arch_perfmon pebs bts xtopology nonstop_tsc aperfmperf eagerfpu pni pclmulqdq dtes64 monitor ds_cpl vmx smx est tm2 ssse3 cx16 xtpr pdcm pcid sse4_1 sse4_2 x2apic popcnt tsc_deadline_timer aes xsave avx f16c rdrand lahf_lm epb tpr_shadow vnmi flexpriority ept vpid fsgsbase smep erms xsaveopt dtherm ida arat pln pts
bugs		:
bogomips	: 4589.86
clflush size	: 64
cache_alignment	: 64
address sizes	: 36 bits physical, 48 bits virtual
power management:

processor	: 2
vendor_id	: GenuineIntel
cpu family	: 6
model		: 58
model name	: Intel(R) Core(TM) i5-3427U CPU @ 1.80GHz
stepping	: 9
microcode	: 0x17
cpu MHz		: 2599.988
cache size	: 3072 KB
physical id	: 0
siblings	: 4
core id		: 0
cpu cores	: 2
apicid		: 1
initial apicid	: 1
fdiv_bug	: no
f00f_bug	: no
coma_bug	: no
fpu		: yes
fpu_exception	: yes
cpuid level	: 13
wp		: yes
flags		: fpu vme de pse tsc msr pae mce cx8 apic sep mtrr pge mca cmov pat pse36 clflush dts acpi mmx fxsr sse sse2 ss ht tm pbe nx rdtscp lm constant_tsc arch_perfmon pebs bts xtopology nonstop_tsc aperfmperf eagerfpu pni pclmulqdq dtes64 monitor ds_cpl vmx smx est tm2 ssse3 cx16 xtpr pdcm pcid sse4_1 sse4_2 x2apic popcnt tsc_deadline_timer aes xsave avx f16c rdrand lahf_lm epb tpr_shadow vnmi flexpriority ept vpid fsgsbase smep erms xsaveopt dtherm ida arat pln pts
bugs		:
bogomips	: 4589.86
clflush size	: 64
cache_alignment	: 64
address sizes	: 36 bits physical, 48 bits virtual
power management:

processor	: 3
vendor_id	: GenuineIntel
cpu family	: 6
model		: 58
model name	: Intel(R) Core(TM) i5-3427U CPU @ 1.80GHz
stepping	: 9
microcode	: 0x17
cpu MHz		: 2599.988
cache size	: 3072 KB
physical id	: 0
siblings	: 4
core id		: 1
cpu cores	: 2
apicid		: 3
initial apicid	: 3
fdiv_bug	: no
f00f_bug	: no
coma_bug	: no
fpu		: yes
fpu_exception	: yes
cpuid level	: 13
wp		: yes
flags		: fpu vme de pse tsc msr pae mce cx8 apic sep mtrr pge mca cmov pat pse36 clflush dts acpi mmx fxsr sse sse2 ss ht tm pbe nx rdtscp lm constant_tsc arch_perfmon pebs bts xtopology nonstop_tsc aperfmperf eagerfpu pni pclmulqdq dtes64 monitor ds_cpl vmx smx est tm2 ssse3 cx16 xtpr pdcm pcid sse4_1 sse4_2 x2apic popcnt tsc_deadline_timer aes xsave avx f16c rdrand lahf_lm epb tpr_shadow vnmi flexpriority ept vpid fsgsbase smep erms xsaveopt dtherm ida arat pln pts
bugs		:
bogomips	: 4589.86
clflush size	: 64
cache_alignment	: 64
address sizes	: 36 bits physical, 48 bits virtual
power management:



Memory: 4k page, physical 8107456k(342380k free), swap 4007932k(180k free)

vm_info: OpenJDK Server VM (25.151-b12) for linux-x86 JRE (1.8.0_151-8u151-b12-0ubuntu0.16.04.2-b12), built on Oct 27 2017 22:05:04 by "buildd" with gcc 5.4.0 20160609

time: Sat Mar 24 06:48:05 2018
elapsed time: 3 seconds (0d 0h 0m 3s)

