#
# There is insufficient memory for the Java Runtime Environment to continue.
# Native memory allocation (mmap) failed to map 131072 bytes for committing reserved memory.
# Possible reasons:
#   The system is out of physical RAM or swap space
#   In 32 bit mode, the process size limit was hit
# Possible solutions:
#   Reduce memory load on the system
#   Increase physical memory or swap space
#   Check if swap backing store is full
#   Use 64 bit Java on a 64 bit OS
#   Decrease Java heap size (-Xmx/-Xms)
#   Decrease number of Java threads
#   Decrease Java thread stack sizes (-Xss)
#   Set larger code cache with -XX:ReservedCodeCacheSize=
# This output file may be truncated or incomplete.
#
#  Out of Memory Error (os_linux.cpp:2643), pid=17989, tid=0xb63a0b40
#
# JRE version: OpenJDK Runtime Environment (8.0_151-b12) (build 1.8.0_151-8u151-b12-0ubuntu0.16.04.2-b12)
# Java VM: OpenJDK Server VM (25.151-b12 mixed mode linux-x86 )
# Failed to write core dump. Core dumps have been disabled. To enable core dumping, try "ulimit -c unlimited" before starting Java again
#

---------------  T H R E A D  ---------------

Current thread (0xb6207800):  JavaThread "main" [_thread_in_vm, id=18044, stack(0xb6350000,0xb63a1000)]

Stack: [0xb6350000,0xb63a1000],  sp=0xb639d920,  free space=310k
Native frames: (J=compiled Java code, j=interpreted, Vv=VM code, C=native code)
V  [libjvm.so+0x8d6834]
V  [libjvm.so+0x3a7c76]
V  [libjvm.so+0x7420c0]
V  [libjvm.so+0x73c013]
V  [libjvm.so+0x8d3264]
V  [libjvm.so+0x6cdd63]
V  [libjvm.so+0x6cdf7a]
V  [libjvm.so+0x6ceb05]
V  [libjvm.so+0x6cec5a]
V  [libjvm.so+0x6cfc9a]
V  [libjvm.so+0x6cfe8d]
V  [libjvm.so+0x39895f]
V  [libjvm.so+0x6d542e]
V  [libjvm.so+0x317bdf]
V  [libjvm.so+0x3183b3]
V  [libjvm.so+0x31a202]
V  [libjvm.so+0x320d96]
V  [libjvm.so+0x853dd4]
V  [libjvm.so+0x8528ff]
V  [libjvm.so+0x85437c]
V  [libjvm.so+0x55d312]  JVM_FindClassFromBootLoader+0xb2
C  [libjava.so+0xb7ca]  Java_java_lang_ClassLoader_findBootstrapClass+0xaa
J 250  java.lang.ClassLoader.findBootstrapClass(Ljava/lang/String;)Ljava/lang/Class; (0 bytes) @ 0xa72cbc7b [0xa72cbbe0+0x9b]
J 1686 C1 java.lang.ClassLoader.loadClass(Ljava/lang/String;Z)Ljava/lang/Class; (122 bytes) @ 0xa7647f74 [0xa7647da0+0x1d4]
J 1686 C1 java.lang.ClassLoader.loadClass(Ljava/lang/String;Z)Ljava/lang/Class; (122 bytes) @ 0xa7647f44 [0xa7647da0+0x1a4]
J 228 C1 sun.misc.Launcher$AppClassLoader.loadClass(Ljava/lang/String;Z)Ljava/lang/Class; (85 bytes) @ 0xa72c5488 [0xa72c4ce0+0x7a8]
J 1686 C1 java.lang.ClassLoader.loadClass(Ljava/lang/String;Z)Ljava/lang/Class; (122 bytes) @ 0xa7647f44 [0xa7647da0+0x1a4]
J 264 C1 org.codehaus.plexus.classworlds.realm.ClassRealm.loadClass(Ljava/lang/String;)Ljava/lang/Class; (7 bytes) @ 0xa72d5600 [0xa72d5500+0x100]
v  ~StubRoutines::call_stub
V  [libjvm.so+0x51faad]
V  [libjvm.so+0x746985]
V  [libjvm.so+0x51d586]
V  [libjvm.so+0x51dafb]
V  [libjvm.so+0x853e83]
V  [libjvm.so+0x8528ff]
V  [libjvm.so+0x854906]
V  [libjvm.so+0x39b0be]
V  [libjvm.so+0x50e3d6]
j  org.apache.maven.artifact.versioning.ComparableVersion$IntegerItem.<clinit>()V+0
v  ~StubRoutines::call_stub
V  [libjvm.so+0x51faad]
V  [libjvm.so+0x746985]
V  [libjvm.so+0x51ebea]
V  [libjvm.so+0x4ebfb8]
V  [libjvm.so+0x4ec367]
V  [libjvm.so+0x4ec7aa]
V  [libjvm.so+0x50e79f]
j  org.apache.maven.artifact.versioning.ComparableVersion.parseItem(ZLjava/lang/String;)Lorg/apache/maven/artifact/versioning/ComparableVersion$Item;+4
j  org.apache.maven.artifact.versioning.ComparableVersion.parseVersion(Ljava/lang/String;)V+106
j  org.apache.maven.artifact.versioning.ComparableVersion.<init>(Ljava/lang/String;)V+6
j  org.apache.maven.artifact.versioning.DefaultArtifactVersion.parseVersion(Ljava/lang/String;)V+6
j  org.apache.maven.artifact.versioning.DefaultArtifactVersion.<init>(Ljava/lang/String;)V+6
j  org.apache.maven.artifact.versioning.VersionRange.createFromVersion(Ljava/lang/String;)Lorg/apache/maven/artifact/versioning/VersionRange;+13
j  org.apache.maven.bridge.MavenRepositorySystem.XcreateArtifact(Ljava/lang/String;Ljava/lang/String;Ljava/lang/String;Ljava/lang/String;Ljava/lang/String;Ljava/lang/String;Ljava/lang/String;)Lorg/apache/maven/artifact/Artifact;+8
j  org.apache.maven.bridge.MavenRepositorySystem.XcreateArtifact(Ljava/lang/String;Ljava/lang/String;Ljava/lang/String;Ljava/lang/String;Ljava/lang/String;)Lorg/apache/maven/artifact/Artifact;+10
j  org.apache.maven.bridge.MavenRepositorySystem.createArtifact(Ljava/lang/String;Ljava/lang/String;Ljava/lang/String;Ljava/lang/String;Ljava/lang/String;)Lorg/apache/maven/artifact/Artifact;+8
j  org.apache.maven.project.DefaultProjectBuilder.initProject(Lorg/apache/maven/project/MavenProject;Ljava/util/Map;Lorg/apache/maven/model/building/ModelBuildingResult;Ljava/util/Map;Lorg/apache/maven/project/ProjectBuildingRequest;)V+282
j  org.apache.maven.project.DefaultProjectBuilder.build(Ljava/util/List;Ljava/util/List;Ljava/util/Map;Ljava/util/List;Lorg/apache/maven/project/ProjectBuildingRequest;Ljava/util/Map;)Z+75
j  org.apache.maven.project.DefaultProjectBuilder.build(Ljava/util/List;ZLorg/apache/maven/project/ProjectBuildingRequest;)Ljava/util/List;+114
j  org.apache.maven.graph.DefaultGraphBuilder.collectProjects(Ljava/util/List;Ljava/util/List;Lorg/apache/maven/execution/MavenExecutionRequest;)V+21
j  org.apache.maven.graph.DefaultGraphBuilder.getProjectsForMavenReactor(Lorg/apache/maven/execution/MavenSession;)Ljava/util/List;+130
j  org.apache.maven.graph.DefaultGraphBuilder.build(Lorg/apache/maven/execution/MavenSession;)Lorg/apache/maven/model/building/Result;+29
j  org.apache.maven.DefaultMaven.buildGraph(Lorg/apache/maven/execution/MavenSession;Lorg/apache/maven/execution/MavenExecutionResult;)Lorg/apache/maven/model/building/Result;+5
j  org.apache.maven.DefaultMaven.doExecute(Lorg/apache/maven/execution/MavenExecutionRequest;Lorg/apache/maven/execution/MavenSession;Lorg/apache/maven/execution/MavenExecutionResult;Lorg/eclipse/aether/DefaultRepositorySystemSession;)Lorg/apache/maven/execution/MavenExecutionResult;+75
j  org.apache.maven.DefaultMaven.doExecute(Lorg/apache/maven/execution/MavenExecutionRequest;)Lorg/apache/maven/execution/MavenExecutionResult;+99
j  org.apache.maven.DefaultMaven.execute(Lorg/apache/maven/execution/MavenExecutionRequest;)Lorg/apache/maven/execution/MavenExecutionResult;+2
j  org.apache.maven.cli.MavenCli.execute(Lorg/apache/maven/cli/CliRequest;)I+27
j  org.apache.maven.cli.MavenCli.doMain(Lorg/apache/maven/cli/CliRequest;)I+66
j  org.apache.maven.cli.MavenCli.main([Ljava/lang/String;Lorg/codehaus/plexus/classworlds/ClassWorld;)I+18
v  ~StubRoutines::call_stub
V  [libjvm.so+0x51faad]
V  [libjvm.so+0x746985]
V  [libjvm.so+0x51ebea]
V  [libjvm.so+0x7b8d25]
V  [libjvm.so+0x7baa5e]
V  [libjvm.so+0x565ade]  JVM_InvokeMethod+0x10e
C  [libjava.so+0xcf53]  Java_sun_reflect_NativeMethodAccessorImpl_invoke0+0x23
j  sun.reflect.NativeMethodAccessorImpl.invoke0(Ljava/lang/reflect/Method;Ljava/lang/Object;[Ljava/lang/Object;)Ljava/lang/Object;+0
j  sun.reflect.NativeMethodAccessorImpl.invoke(Ljava/lang/Object;[Ljava/lang/Object;)Ljava/lang/Object;+100
j  sun.reflect.DelegatingMethodAccessorImpl.invoke(Ljava/lang/Object;[Ljava/lang/Object;)Ljava/lang/Object;+6
j  java.lang.reflect.Method.invoke(Ljava/lang/Object;[Ljava/lang/Object;)Ljava/lang/Object;+56
j  org.codehaus.plexus.classworlds.launcher.Launcher.launchEnhanced([Ljava/lang/String;)V+45
j  org.codehaus.plexus.classworlds.launcher.Launcher.launch([Ljava/lang/String;)V+2
j  org.codehaus.plexus.classworlds.launcher.Launcher.mainWithExitCode([Ljava/lang/String;)I+101
j  org.codehaus.plexus.classworlds.launcher.Launcher.main([Ljava/lang/String;)V+1
v  ~StubRoutines::call_stub
V  [libjvm.so+0x51faad]
V  [libjvm.so+0x746985]
V  [libjvm.so+0x51ebea]
V  [libjvm.so+0x53eaf4]
V  [libjvm.so+0x540abb]
C  [libjli.so+0x2c30]
C  [libjli.so+0x69fe]
C  [libpthread.so.0+0x6295]  start_thread+0xe5
C  [libc.so.6+0xe70ae]  clone+0x6e

Java frames: (J=compiled Java code, j=interpreted, Vv=VM code)
J 250  java.lang.ClassLoader.findBootstrapClass(Ljava/lang/String;)Ljava/lang/Class; (0 bytes) @ 0xa72cbc37 [0xa72cbbe0+0x57]
J 1686 C1 java.lang.ClassLoader.loadClass(Ljava/lang/String;Z)Ljava/lang/Class; (122 bytes) @ 0xa7647f74 [0xa7647da0+0x1d4]
J 1686 C1 java.lang.ClassLoader.loadClass(Ljava/lang/String;Z)Ljava/lang/Class; (122 bytes) @ 0xa7647f44 [0xa7647da0+0x1a4]
J 228 C1 sun.misc.Launcher$AppClassLoader.loadClass(Ljava/lang/String;Z)Ljava/lang/Class; (85 bytes) @ 0xa72c5488 [0xa72c4ce0+0x7a8]
J 1686 C1 java.lang.ClassLoader.loadClass(Ljava/lang/String;Z)Ljava/lang/Class; (122 bytes) @ 0xa7647f44 [0xa7647da0+0x1a4]
J 264 C1 org.codehaus.plexus.classworlds.realm.ClassRealm.loadClass(Ljava/lang/String;)Ljava/lang/Class; (7 bytes) @ 0xa72d5600 [0xa72d5500+0x100]
v  ~StubRoutines::call_stub
j  org.apache.maven.artifact.versioning.ComparableVersion$IntegerItem.<clinit>()V+0
v  ~StubRoutines::call_stub
j  org.apache.maven.artifact.versioning.ComparableVersion.parseItem(ZLjava/lang/String;)Lorg/apache/maven/artifact/versioning/ComparableVersion$Item;+4
j  org.apache.maven.artifact.versioning.ComparableVersion.parseVersion(Ljava/lang/String;)V+106
j  org.apache.maven.artifact.versioning.ComparableVersion.<init>(Ljava/lang/String;)V+6
j  org.apache.maven.artifact.versioning.DefaultArtifactVersion.parseVersion(Ljava/lang/String;)V+6
j  org.apache.maven.artifact.versioning.DefaultArtifactVersion.<init>(Ljava/lang/String;)V+6
j  org.apache.maven.artifact.versioning.VersionRange.createFromVersion(Ljava/lang/String;)Lorg/apache/maven/artifact/versioning/VersionRange;+13
j  org.apache.maven.bridge.MavenRepositorySystem.XcreateArtifact(Ljava/lang/String;Ljava/lang/String;Ljava/lang/String;Ljava/lang/String;Ljava/lang/String;Ljava/lang/String;Ljava/lang/String;)Lorg/apache/maven/artifact/Artifact;+8
j  org.apache.maven.bridge.MavenRepositorySystem.XcreateArtifact(Ljava/lang/String;Ljava/lang/String;Ljava/lang/String;Ljava/lang/String;Ljava/lang/String;)Lorg/apache/maven/artifact/Artifact;+10
j  org.apache.maven.bridge.MavenRepositorySystem.createArtifact(Ljava/lang/String;Ljava/lang/String;Ljava/lang/String;Ljava/lang/String;Ljava/lang/String;)Lorg/apache/maven/artifact/Artifact;+8
j  org.apache.maven.project.DefaultProjectBuilder.initProject(Lorg/apache/maven/project/MavenProject;Ljava/util/Map;Lorg/apache/maven/model/building/ModelBuildingResult;Ljava/util/Map;Lorg/apache/maven/project/ProjectBuildingRequest;)V+282
j  org.apache.maven.project.DefaultProjectBuilder.build(Ljava/util/List;Ljava/util/List;Ljava/util/Map;Ljava/util/List;Lorg/apache/maven/project/ProjectBuildingRequest;Ljava/util/Map;)Z+75
j  org.apache.maven.project.DefaultProjectBuilder.build(Ljava/util/List;ZLorg/apache/maven/project/ProjectBuildingRequest;)Ljava/util/List;+114
j  org.apache.maven.graph.DefaultGraphBuilder.collectProjects(Ljava/util/List;Ljava/util/List;Lorg/apache/maven/execution/MavenExecutionRequest;)V+21
j  org.apache.maven.graph.DefaultGraphBuilder.getProjectsForMavenReactor(Lorg/apache/maven/execution/MavenSession;)Ljava/util/List;+130
j  org.apache.maven.graph.DefaultGraphBuilder.build(Lorg/apache/maven/execution/MavenSession;)Lorg/apache/maven/model/building/Result;+29
j  org.apache.maven.DefaultMaven.buildGraph(Lorg/apache/maven/execution/MavenSession;Lorg/apache/maven/execution/MavenExecutionResult;)Lorg/apache/maven/model/building/Result;+5
j  org.apache.maven.DefaultMaven.doExecute(Lorg/apache/maven/execution/MavenExecutionRequest;Lorg/apache/maven/execution/MavenSession;Lorg/apache/maven/execution/MavenExecutionResult;Lorg/eclipse/aether/DefaultRepositorySystemSession;)Lorg/apache/maven/execution/MavenExecutionResult;+75
j  org.apache.maven.DefaultMaven.doExecute(Lorg/apache/maven/execution/MavenExecutionRequest;)Lorg/apache/maven/execution/MavenExecutionResult;+99
j  org.apache.maven.DefaultMaven.execute(Lorg/apache/maven/execution/MavenExecutionRequest;)Lorg/apache/maven/execution/MavenExecutionResult;+2
j  org.apache.maven.cli.MavenCli.execute(Lorg/apache/maven/cli/CliRequest;)I+27
j  org.apache.maven.cli.MavenCli.doMain(Lorg/apache/maven/cli/CliRequest;)I+66
j  org.apache.maven.cli.MavenCli.main([Ljava/lang/String;Lorg/codehaus/plexus/classworlds/ClassWorld;)I+18
v  ~StubRoutines::call_stub
j  sun.reflect.NativeMethodAccessorImpl.invoke0(Ljava/lang/reflect/Method;Ljava/lang/Object;[Ljava/lang/Object;)Ljava/lang/Object;+0
j  sun.reflect.NativeMethodAccessorImpl.invoke(Ljava/lang/Object;[Ljava/lang/Object;)Ljava/lang/Object;+100
j  sun.reflect.DelegatingMethodAccessorImpl.invoke(Ljava/lang/Object;[Ljava/lang/Object;)Ljava/lang/Object;+6
j  java.lang.reflect.Method.invoke(Ljava/lang/Object;[Ljava/lang/Object;)Ljava/lang/Object;+56
j  org.codehaus.plexus.classworlds.launcher.Launcher.launchEnhanced([Ljava/lang/String;)V+45
j  org.codehaus.plexus.classworlds.launcher.Launcher.launch([Ljava/lang/String;)V+2
j  org.codehaus.plexus.classworlds.launcher.Launcher.mainWithExitCode([Ljava/lang/String;)I+101
j  org.codehaus.plexus.classworlds.launcher.Launcher.main([Ljava/lang/String;)V+1
v  ~StubRoutines::call_stub

---------------  P R O C E S S  ---------------

Java Threads: ( => current thread )
  0x637aa400 JavaThread "Service Thread" daemon [_thread_blocked, id=18069, stack(0x630db000,0x6312c000)]
  0x637a7000 JavaThread "C1 CompilerThread2" daemon [_thread_blocked, id=18068, stack(0x6312c000,0x631ad000)]
  0x637a5c00 JavaThread "C2 CompilerThread1" daemon [_thread_in_native, id=18066, stack(0x631ad000,0x6322e000)]
  0x637a3c00 JavaThread "C2 CompilerThread0" daemon [_thread_in_native, id=18064, stack(0x6322e000,0x632af000)]
  0x637a2400 JavaThread "Signal Dispatcher" daemon [_thread_blocked, id=18062, stack(0x632af000,0x63300000)]
  0x63788400 JavaThread "Finalizer" daemon [_thread_blocked, id=18060, stack(0x63813000,0x63864000)]
  0x63785800 JavaThread "Reference Handler" daemon [_thread_blocked, id=18058, stack(0x6642e000,0x6647f000)]
=>0xb6207800 JavaThread "main" [_thread_in_vm, id=18044, stack(0xb6350000,0xb63a1000)]

Other Threads:
  0x63781000 VMThread [stack: 0x63864000,0x638e5000] [id=18056]
  0x637ac000 WatcherThread [stack: 0x6305a000,0x630db000] [id=18071]

VM state:not at safepoint (normal execution)

VM Mutex/Monitor currently owned by a thread: None

Heap:
 PSYoungGen      total 38400K, used 5365K [0x916c0000, 0x94140000, 0xa6c00000)
  eden space 33280K, 3% used [0x916c0000,0x9180a808,0x93740000)
  from space 5120K, 78% used [0x93c40000,0x94032fe0,0x94140000)
  to   space 5120K, 0% used [0x93740000,0x93740000,0x93c40000)
 ParOldGen       total 43776K, used 5376K [0x66c00000, 0x696c0000, 0x916c0000)
  object space 43776K, 12% used [0x66c00000,0x67140050,0x696c0000)
 Metaspace       used 10128K, capacity 10205K, committed 10264K, reserved 10544K

Card table byte_map: [0x669ff000,0x66c00000] byte_map_base: 0x666c9000

Marking Bits: (ParMarkBitMap*) 0xb70c6880
 Begin Bits: [0x64300000, 0x65300000)
 End Bits:   [0x65300000, 0x66300000)

Polling page: 0xb76d3000

CodeCache: size=245760Kb used=5152Kb max_used=5152Kb free=240608Kb
 bounds [0xa71bb000, 0xa76cb000, 0xb61bb000]
 total_blobs=2043 nmethods=1865 adapters=92
 compilation: enabled

Compilation events (10 events):
Event: 6.225 Thread 0x637a7000 1868       3       java.util.regex.Matcher::match (109 bytes)
Event: 6.226 Thread 0x637a7000 nmethod 1868 0xa76c2788 code [0xa76c28c0, 0xa76c2bac]
Event: 6.226 Thread 0x637a7000 1869       3       org.apache.maven.model.Dependency::getManagementKey (94 bytes)
Event: 6.229 Thread 0x637a7000 nmethod 1869 0xa76c3648 code [0xa76c38c0, 0xa76c4738]
Event: 6.230 Thread 0x637a7000 1870   !   3       java.util.regex.Pattern::matcher (44 bytes)
Event: 6.231 Thread 0x637a7000 nmethod 1870 0xa76c21c8 code [0xa76c2320, 0xa76c2678]
Event: 6.231 Thread 0x637a7000 1871       3       java.util.regex.Pattern$LastNode::match (45 bytes)
Event: 6.232 Thread 0x637a7000 nmethod 1871 0xa76c0a48 code [0xa76c0b60, 0xa76c0ce0]
Event: 6.232 Thread 0x637a7000 1873       3       java.util.regex.Matcher::matches (10 bytes)
Event: 6.233 Thread 0x637a7000 nmethod 1873 0xa76c1e88 code [0xa76c1fa0, 0xa76c210c]

GC Heap History (10 events):
Event: 2.695 GC heap before
{Heap before GC invocations=2 (full 0):
 PSYoungGen      total 19200K, used 19198K [0x916c0000, 0x92c00000, 0xa6c00000)
  eden space 16640K, 100% used [0x916c0000,0x92700000,0x92700000)
  from space 2560K, 99% used [0x92700000,0x9297f918,0x92980000)
  to   space 2560K, 0% used [0x92980000,0x92980000,0x92c00000)
 ParOldGen       total 43776K, used 789K [0x66c00000, 0x696c0000, 0x916c0000)
  object space 43776K, 1% used [0x66c00000,0x66cc5718,0x696c0000)
 Metaspace       used 5407K, capacity 5452K, committed 5528K, reserved 6448K
Event: 2.702 GC heap after
Heap after GC invocations=2 (full 0):
 PSYoungGen      total 19200K, used 2547K [0x916c0000, 0x92c00000, 0xa6c00000)
  eden space 16640K, 0% used [0x916c0000,0x916c0000,0x92700000)
  from space 2560K, 99% used [0x92980000,0x92bfcca8,0x92c00000)
  to   space 2560K, 0% used [0x92700000,0x92700000,0x92980000)
 ParOldGen       total 43776K, used 1030K [0x66c00000, 0x696c0000, 0x916c0000)
  object space 43776K, 2% used [0x66c00000,0x66d019a0,0x696c0000)
 Metaspace       used 5407K, capacity 5452K, committed 5528K, reserved 6448K
}
Event: 3.213 GC heap before
{Heap before GC invocations=3 (full 0):
 PSYoungGen      total 19200K, used 19185K [0x916c0000, 0x92c00000, 0xa6c00000)
  eden space 16640K, 99% used [0x916c0000,0x926ff930,0x92700000)
  from space 2560K, 99% used [0x92980000,0x92bfcca8,0x92c00000)
  to   space 2560K, 0% used [0x92700000,0x92700000,0x92980000)
 ParOldGen       total 43776K, used 1030K [0x66c00000, 0x696c0000, 0x916c0000)
  object space 43776K, 2% used [0x66c00000,0x66d019a0,0x696c0000)
 Metaspace       used 6743K, capacity 6809K, committed 6936K, reserved 7472K
Event: 3.223 GC heap after
Heap after GC invocations=3 (full 0):
 PSYoungGen      total 19200K, used 2559K [0x916c0000, 0x92c00000, 0xa6c00000)
  eden space 16640K, 0% used [0x916c0000,0x916c0000,0x92700000)
  from space 2560K, 99% used [0x92700000,0x9297ff80,0x92980000)
  to   space 2560K, 0% used [0x92980000,0x92980000,0x92c00000)
 ParOldGen       total 43776K, used 2438K [0x66c00000, 0x696c0000, 0x916c0000)
  object space 43776K, 5% used [0x66c00000,0x66e61be8,0x696c0000)
 Metaspace       used 6743K, capacity 6809K, committed 6936K, reserved 7472K
}
Event: 4.063 GC heap before
{Heap before GC invocations=4 (full 0):
 PSYoungGen      total 19200K, used 19199K [0x916c0000, 0x92c00000, 0xa6c00000)
  eden space 16640K, 100% used [0x916c0000,0x92700000,0x92700000)
  from space 2560K, 99% used [0x92700000,0x9297ff80,0x92980000)
  to   space 2560K, 0% used [0x92980000,0x92980000,0x92c00000)
 ParOldGen       total 43776K, used 2438K [0x66c00000, 0x696c0000, 0x916c0000)
  object space 43776K, 5% used [0x66c00000,0x66e61be8,0x696c0000)
 Metaspace       used 8158K, capacity 8222K, committed 8344K, reserved 8496K
Event: 4.103 GC heap after
Heap after GC invocations=4 (full 0):
 PSYoungGen      total 19200K, used 2546K [0x916c0000, 0x93c40000, 0xa6c00000)
  eden space 16640K, 0% used [0x916c0000,0x916c0000,0x92700000)
  from space 2560K, 99% used [0x92980000,0x92bfc890,0x92c00000)
  to   space 2560K, 0% used [0x92700000,0x92700000,0x92980000)
 ParOldGen       total 43776K, used 4589K [0x66c00000, 0x696c0000, 0x916c0000)
  object space 43776K, 10% used [0x66c00000,0x6707b660,0x696c0000)
 Metaspace       used 8158K, capacity 8222K, committed 8344K, reserved 8496K
}
Event: 5.061 GC heap before
{Heap before GC invocations=5 (full 0):
 PSYoungGen      total 19200K, used 19186K [0x916c0000, 0x93c40000, 0xa6c00000)
  eden space 16640K, 100% used [0x916c0000,0x92700000,0x92700000)
  from space 2560K, 99% used [0x92980000,0x92bfc890,0x92c00000)
  to   space 2560K, 0% used [0x92700000,0x92700000,0x92980000)
 ParOldGen       total 43776K, used 4589K [0x66c00000, 0x696c0000, 0x916c0000)
  object space 43776K, 10% used [0x66c00000,0x6707b660,0x696c0000)
 Metaspace       used 8915K, capacity 8963K, committed 9112K, reserved 9520K
Event: 5.080 GC heap after
Heap after GC invocations=5 (full 0):
 PSYoungGen      total 19200K, used 2552K [0x916c0000, 0x94140000, 0xa6c00000)
  eden space 16640K, 0% used [0x916c0000,0x916c0000,0x92700000)
  from space 2560K, 99% used [0x92700000,0x9297e080,0x92980000)
  to   space 5120K, 0% used [0x93c40000,0x93c40000,0x94140000)
 ParOldGen       total 43776K, used 5376K [0x66c00000, 0x696c0000, 0x916c0000)
  object space 43776K, 12% used [0x66c00000,0x67140050,0x696c0000)
 Metaspace       used 8915K, capacity 8963K, committed 9112K, reserved 9520K
}
Event: 6.116 GC heap before
{Heap before GC invocations=6 (full 0):
 PSYoungGen      total 19200K, used 19192K [0x916c0000, 0x94140000, 0xa6c00000)
  eden space 16640K, 100% used [0x916c0000,0x92700000,0x92700000)
  from space 2560K, 99% used [0x92700000,0x9297e080,0x92980000)
  to   space 5120K, 0% used [0x93c40000,0x93c40000,0x94140000)
 ParOldGen       total 43776K, used 5376K [0x66c00000, 0x696c0000, 0x916c0000)
  object space 43776K, 12% used [0x66c00000,0x67140050,0x696c0000)
 Metaspace       used 10066K, capacity 10173K, committed 10264K, reserved 10544K
Event: 6.183 GC heap after
Heap after GC invocations=6 (full 0):
 PSYoungGen      total 38400K, used 4043K [0x916c0000, 0x94140000, 0xa6c00000)
  eden space 33280K, 0% used [0x916c0000,0x916c0000,0x93740000)
  from space 5120K, 78% used [0x93c40000,0x94032fe0,0x94140000)
  to   space 5120K, 0% used [0x93740000,0x93740000,0x93c40000)
 ParOldGen       total 43776K, used 5376K [0x66c00000, 0x696c0000, 0x916c0000)
  object space 43776K, 12% used [0x66c00000,0x67140050,0x696c0000)
 Metaspace       used 10066K, capacity 10173K, committed 10264K, reserved 10544K
}

Deoptimization events (10 events):
Event: 4.568 Thread 0xb6207800 Uncommon trap: reason=unstable_if action=reinterpret pc=0xa755737c method=com.google.inject.internal.asm.$Type.a(Ljava/lang/StringBuffer;Ljava/lang/Class;)V @ 127
Event: 4.658 Thread 0xb6207800 Uncommon trap: reason=unstable_if action=reinterpret pc=0xa7439ea0 method=java.util.concurrent.ConcurrentHashMap.putVal(Ljava/lang/Object;Ljava/lang/Object;Z)Ljava/lang/Object; @ 206
Event: 5.081 Thread 0xb6207800 Uncommon trap: reason=unstable_if action=reinterpret pc=0xa7541a60 method=com.google.inject.internal.asm.$Item.a(Lcom/google/inject/internal/asm/$Item;)Z @ 345
Event: 5.261 Thread 0xb6207800 Uncommon trap: reason=bimorphic action=maybe_recompile pc=0xa74ee9ac method=java.lang.ClassLoader.loadClass(Ljava/lang/String;Z)Ljava/lang/Class; @ 38
Event: 5.264 Thread 0xb6207800 Uncommon trap: reason=bimorphic action=maybe_recompile pc=0xa74ee9ac method=java.lang.ClassLoader.loadClass(Ljava/lang/String;Z)Ljava/lang/Class; @ 38
Event: 5.264 Thread 0xb6207800 Uncommon trap: reason=bimorphic action=maybe_recompile pc=0xa74ee9ac method=java.lang.ClassLoader.loadClass(Ljava/lang/String;Z)Ljava/lang/Class; @ 38
Event: 5.264 Thread 0xb6207800 Uncommon trap: reason=bimorphic action=maybe_recompile pc=0xa74ee9ac method=java.lang.ClassLoader.loadClass(Ljava/lang/String;Z)Ljava/lang/Class; @ 38
Event: 5.482 Thread 0xb6207800 Uncommon trap: reason=unstable_if action=reinterpret pc=0xa7680ee0 method=com.google.inject.internal.cglib.core.$CodeEmitter.emit_invoke(ILcom/google/inject/internal/asm/$Type;Lcom/google/inject/internal/cglib/core/$Signature;)V @ 24
Event: 5.498 Thread 0xb6207800 Uncommon trap: reason=unstable_if action=reinterpret pc=0xa73db4bc method=org.codehaus.plexus.util.xml.pull.MXParser.parseStartTag()I @ 443
Event: 5.507 Thread 0xb6207800 Uncommon trap: reason=unstable_if action=reinterpret pc=0xa73bf090 method=org.codehaus.plexus.util.xml.pull.MXParser.isS(C)Z @ 21

Internal exceptions (10 events):
Event: 1.976 Thread 0xb6207800 Exception <a 'java/lang/ArrayIndexOutOfBoundsException': 71> (0x917fdc70) thrown at [/build/openjdk-8-Y4imzb/openjdk-8-8u151-b12/src/hotspot/src/share/vm/interpreter/interpreterRuntime.cpp, line 366]
Event: 4.721 Thread 0xb6207800 Exception <a 'java/lang/NoClassDefFoundError': com/google/inject/servlet/ServletModuleTargetVisitor> (0x91f8edc8) thrown at [/build/openjdk-8-Y4imzb/openjdk-8-8u151-b12/src/hotspot/src/share/vm/classfile/systemDictionary.cpp, line 199]
Event: 4.721 Thread 0xb6207800 Exception <a 'java/lang/NoClassDefFoundError'> (0x91f8edc8) thrown at [/build/openjdk-8-Y4imzb/openjdk-8-8u151-b12/src/hotspot/src/share/vm/prims/jvm.cpp, line 1394]
Event: 4.721 Thread 0xb6207800 Exception <a 'java/lang/NoClassDefFoundError': javax/annotation/Priority> (0x91f93dd0) thrown at [/build/openjdk-8-Y4imzb/openjdk-8-8u151-b12/src/hotspot/src/share/vm/classfile/systemDictionary.cpp, line 199]
Event: 5.678 Thread 0xb6207800 Exception <a 'java/lang/NullPointerException'> (0x9225c3a0) thrown at [/build/openjdk-8-Y4imzb/openjdk-8-8u151-b12/src/hotspot/src/share/vm/interpreter/linkResolver.cpp, line 1183]
Event: 5.678 Thread 0xb6207800 Exception <a 'java/lang/NullPointerException'> (0x9225c5b0) thrown at [/build/openjdk-8-Y4imzb/openjdk-8-8u151-b12/src/hotspot/src/share/vm/interpreter/linkResolver.cpp, line 1183]
Event: 5.678 Thread 0xb6207800 Exception <a 'java/lang/NullPointerException'> (0x9225c7c0) thrown at [/build/openjdk-8-Y4imzb/openjdk-8-8u151-b12/src/hotspot/src/share/vm/interpreter/linkResolver.cpp, line 1183]
Event: 5.689 Thread 0xb6207800 Exception <a 'java/lang/NullPointerException'> (0x92264f98) thrown at [/build/openjdk-8-Y4imzb/openjdk-8-8u151-b12/src/hotspot/src/share/vm/interpreter/linkResolver.cpp, line 1183]
Event: 5.689 Thread 0xb6207800 Exception <a 'java/lang/NullPointerException'> (0x922651a8) thrown at [/build/openjdk-8-Y4imzb/openjdk-8-8u151-b12/src/hotspot/src/share/vm/interpreter/linkResolver.cpp, line 1183]
Event: 5.689 Thread 0xb6207800 Exception <a 'java/lang/NullPointerException'> (0x922653b8) thrown at [/build/openjdk-8-Y4imzb/openjdk-8-8u151-b12/src/hotspot/src/share/vm/interpreter/linkResolver.cpp, line 1183]

Events (10 events):
Event: 6.242 loading class org/apache/maven/artifact/versioning/DefaultArtifactVersion done
Event: 6.244 loading class org/apache/maven/artifact/versioning/ComparableVersion
Event: 6.244 loading class org/apache/maven/artifact/versioning/ComparableVersion done
Event: 6.247 loading class org/apache/maven/artifact/versioning/ComparableVersion$Item
Event: 6.247 loading class org/apache/maven/artifact/versioning/ComparableVersion$Item done
Event: 6.248 loading class org/apache/maven/artifact/versioning/ComparableVersion$ListItem
Event: 6.248 loading class org/apache/maven/artifact/versioning/ComparableVersion$ListItem done
Event: 6.249 loading class org/apache/maven/artifact/versioning/ComparableVersion$IntegerItem
Event: 6.249 loading class org/apache/maven/artifact/versioning/ComparableVersion$IntegerItem done
Event: 6.254 loading class java/math/BigInteger


Dynamic libraries:
08048000-08049000 r-xp 00000000 08:01 1693306    /usr/lib/jvm/java-8-openjdk-i386/jre/bin/java
08049000-0804a000 r--p 00000000 08:01 1693306    /usr/lib/jvm/java-8-openjdk-i386/jre/bin/java
0804a000-0804b000 rw-p 00001000 08:01 1693306    /usr/lib/jvm/java-8-openjdk-i386/jre/bin/java
0816e000-0818f000 rw-p 00000000 00:00 0          [heap]
61c00000-61c5b000 rw-p 00000000 00:00 0 
61c5b000-61d00000 ---p 00000000 00:00 0 
61d00000-61dc0000 rw-p 00000000 00:00 0 
61de0000-61e00000 ---p 00000000 00:00 0 
61e00000-61eb8000 rw-p 00000000 00:00 0 
61eb8000-61f00000 ---p 00000000 00:00 0 
61f00000-61f80000 rw-p 00000000 00:00 0 
61f80000-62000000 ---p 00000000 00:00 0 
62000000-620fc000 rw-p 00000000 00:00 0 
620fc000-62100000 ---p 00000000 00:00 0 
62100000-621e3000 rw-p 00000000 00:00 0 
621e3000-62200000 ---p 00000000 00:00 0 
62200000-62300000 rw-p 00000000 00:00 0 
62300000-62400000 rw-p 00000000 00:00 0 
62400000-62500000 rw-p 00000000 00:00 0 
62500000-62600000 rw-p 00000000 00:00 0 
62600000-62700000 rw-p 00000000 00:00 0 
62700000-62800000 rw-p 00000000 00:00 0 
62800000-62900000 rw-p 00000000 00:00 0 
62900000-629f4000 rw-p 00000000 00:00 0 
629f4000-62a00000 ---p 00000000 00:00 0 
62a00000-62b00000 rw-p 00000000 00:00 0 
62b00000-62bfe000 rw-p 00000000 00:00 0 
62bfe000-62c00000 ---p 00000000 00:00 0 
62c00000-62d00000 rw-p 00000000 00:00 0 
62d00000-62e00000 rw-p 00000000 00:00 0 
62ec7000-62ed4000 r--s 0008d000 08:01 1149531    /usr/share/java/maven3-core-3.3.9.jar
62ed4000-62f00000 r--s 00208000 08:01 1148516    /usr/share/java/guava.jar
62f00000-62ffb000 rw-p 00000000 00:00 0 
62ffb000-63000000 ---p 00000000 00:00 0 
63000000-63005000 r--s 0009a000 08:01 1693288    /usr/lib/jvm/java-8-openjdk-i386/jre/lib/jsse.jar
63005000-63006000 r--s 00001000 08:01 1149511    /usr/share/java/wagon-file-2.x.jar
63006000-63009000 r--s 00007000 08:01 1149537    /usr/share/java/maven3-settings-builder-3.3.9.jar
63009000-6300b000 r--s 0000d000 08:01 1149536    /usr/share/java/maven3-aether-provider-3.3.9.jar
6300b000-63012000 r--s 0002c000 08:01 1149509    /usr/share/java/sisu-plexus.jar
63012000-63016000 r--s 00027000 08:01 1145546    /usr/share/java/commons-io-2.4.jar
63016000-6301e000 r--s 00054000 08:01 1149507    /usr/share/java/sisu-inject.jar
6301e000-63025000 r--s 0005d000 08:01 1149254    /usr/share/java/commons-lang3.jar
63025000-63027000 r--s 0000e000 08:01 1149271    /usr/share/java/plexus-interpolation.jar
63027000-63029000 r--s 00006000 08:01 1149372    /usr/share/java/eclipse-aether-spi.jar
63029000-6305a000 r--s 00207000 08:01 1149515    /usr/share/java/wagon-http-shaded-2.x.jar
6305a000-6305b000 ---p 00000000 00:00 0 
6305b000-630db000 rw-p 00000000 00:00 0 
630db000-630de000 ---p 00000000 00:00 0 
630de000-6312c000 rw-p 00000000 00:00 0 
6312c000-6312f000 ---p 00000000 00:00 0 
6312f000-631ad000 rw-p 00000000 00:00 0 
631ad000-631b0000 ---p 00000000 00:00 0 
631b0000-6322e000 rw-p 00000000 00:00 0 
6322e000-63231000 ---p 00000000 00:00 0 
63231000-632af000 rw-p 00000000 00:00 0 
632af000-632b2000 ---p 00000000 00:00 0 
632b2000-63300000 rw-p 00000000 00:00 0 
63300000-63500000 r--p 00000000 08:01 1110568    /usr/lib/locale/locale-archive
63500000-635fa000 rw-p 00000000 00:00 0 
635fa000-63600000 ---p 00000000 00:00 0 
63600000-63621000 rw-p 00000000 00:00 0 
63621000-63700000 ---p 00000000 00:00 0 
63700000-637fe000 rw-p 00000000 00:00 0 
637fe000-63800000 ---p 00000000 00:00 0 
63800000-63801000 r--s 00004000 08:01 1145398    /usr/share/java/atinject-jsr330-tck-1.0.jar
63801000-63802000 r--s 00008000 08:01 1149370    /usr/share/java/eclipse-aether-connector-basic.jar
63802000-63806000 r--s 00027000 08:01 1149367    /usr/share/java/eclipse-aether-impl.jar
63806000-63808000 r--s 00005000 08:01 1149373    /usr/share/java/eclipse-aether-transport-wagon.jar
63808000-6380a000 r--s 00001000 08:01 1149403    /usr/share/java/aopalliance-1.0.jar
6380a000-6380c000 r--s 00001000 08:01 1149538    /usr/share/java/maven3-builder-support-3.3.9.jar
6380c000-63811000 r--s 0001d000 08:01 1149374    /usr/share/java/eclipse-aether-api.jar
63811000-63813000 r--s 00002000 08:01 1149449    /usr/share/java/plexus-cipher.jar
63813000-63816000 ---p 00000000 00:00 0 
63816000-63864000 rw-p 00000000 00:00 0 
63864000-63865000 ---p 00000000 00:00 0 
63865000-638e5000 rw-p 00000000 00:00 0 
638e5000-63ab4000 r--s 03c21000 08:01 1693223    /usr/lib/jvm/java-8-openjdk-i386/jre/lib/rt.jar
63ab4000-63efa000 rw-p 00000000 00:00 0 
63efa000-63f00000 ---p 00000000 00:00 0 
63f00000-66300000 rw-p 00000000 00:00 0 
66300000-663f6000 rw-p 00000000 00:00 0 
663f6000-66400000 ---p 00000000 00:00 0 
66400000-66401000 r--s 00002000 08:01 1149066    /usr/share/java/slf4j-simple.jar
66401000-66403000 r--s 00013000 08:01 1149534    /usr/share/java/maven3-embedder-3.3.9.jar
66403000-66405000 r--s 00027000 08:01 1149535    /usr/share/java/maven3-model-3.3.9.jar
66405000-66407000 r--s 0000a000 08:01 1147016    /usr/share/java/commons-cli-1.3.1.jar
66407000-66409000 r--s 0000a000 08:01 1149512    /usr/share/java/wagon-provider-api-2.x.jar
66409000-6640c000 r--s 0000a000 08:01 1149539    /usr/share/java/maven3-artifact-3.3.9.jar
6640c000-66410000 r--s 00020000 08:01 1149392    /usr/share/java/eclipse-aether-util.jar
66410000-66411000 r--s 00006000 08:01 1149532    /usr/share/java/maven3-repository-metadata-3.3.9.jar
66411000-66413000 r--s 00007000 08:01 1149069    /usr/share/java/slf4j-api.jar
66413000-66414000 r--s 0000a000 08:01 1149528    /usr/share/java/maven3-settings-3.3.9.jar
66414000-66415000 r--s 00001000 08:01 1149518    /usr/share/java/wagon-http-shared-2.x.jar
66415000-66416000 r--s 00006000 08:01 1149451    /usr/share/java/plexus-sec-dispatcher.jar
66416000-6641a000 r--s 00038000 08:01 1149495    /usr/share/java/plexus-utils2.jar
6641a000-66420000 r--s 00048000 08:01 1149288    /usr/share/java/jsoup.jar
66420000-66422000 r--s 0000a000 08:01 1149529    /usr/share/java/maven3-plugin-api-3.3.9.jar
66422000-66427000 r--s 00025000 08:01 1149533    /usr/share/java/maven3-model-builder-3.3.9.jar
66427000-6642c000 r--s 00040000 08:01 1145678    /usr/share/java/commons-lang-2.6.jar
6642c000-6642e000 r--s 00000000 08:01 1149499    /usr/share/java/plexus-component-annotations-1.5.jar
6642e000-66431000 ---p 00000000 00:00 0 
66431000-6647f000 rw-p 00000000 00:00 0 
6647f000-66480000 ---p 00000000 00:00 0 
66480000-66500000 rw-p 00000000 00:00 0 
66500000-665fb000 rw-p 00000000 00:00 0 
665fb000-66600000 ---p 00000000 00:00 0 
66600000-66621000 rw-p 00000000 00:00 0 
66621000-66700000 ---p 00000000 00:00 0 
66700000-66701000 r--s 00000000 08:01 1149240    /usr/share/java/geronimo-interceptor-3.0-spec-1.0.1.jar
66701000-66708000 r--s 00041000 08:01 1149530    /usr/share/java/maven3-compat-3.3.9.jar
66708000-66716000 r--s 00095000 08:01 1149408    /usr/share/java/guice.jar
66716000-66731000 r--s 00394000 08:01 1693228    /usr/lib/jvm/java-8-openjdk-i386/jre/lib/ext/cldrdata.jar
66731000-6677f000 rw-p 00000000 00:00 0 
6677f000-66780000 ---p 00000000 00:00 0 
66780000-66800000 rw-p 00000000 00:00 0 
66800000-66821000 rw-p 00000000 00:00 0 
66821000-66900000 ---p 00000000 00:00 0 
66900000-66902000 r--s 00012000 08:01 1144777    /usr/share/java/el-api-3.0.jar
66902000-66903000 r--s 00000000 08:01 1145399    /usr/share/java/atinject-jsr330-api-1.0.jar
66903000-66906000 r--s 00008000 08:01 1149246    /usr/share/java/cdi-api-1.0.jar
66906000-66908000 r--s 0000a000 08:01 1149493    /usr/share/java/plexus-classworlds2-2.5.2.jar
66908000-66923000 r--s 001d6000 08:01 1693230    /usr/lib/jvm/java-8-openjdk-i386/jre/lib/ext/nashorn.jar
66923000-6697e000 rw-p 00000000 00:00 0 
6697e000-6697f000 ---p 00000000 00:00 0 
6697f000-66a15000 rw-p 00000000 00:00 0 
66a15000-66b54000 ---p 00000000 00:00 0 
66b54000-66b6a000 rw-p 00000000 00:00 0 
66b6a000-66bff000 ---p 00000000 00:00 0 
66bff000-696c0000 rw-p 00000000 00:00 0 
696c0000-916c0000 ---p 00000000 00:00 0 
916c0000-94140000 rw-p 00000000 00:00 0 
94140000-a6c00000 ---p 00000000 00:00 0 
a6c00000-a6c02000 r--s 00008000 08:01 1693232    /usr/lib/jvm/java-8-openjdk-i386/jre/lib/ext/sunec.jar
a6c02000-a6c03000 r--s 00010000 08:01 1693229    /usr/lib/jvm/java-8-openjdk-i386/jre/lib/ext/zipfs.jar
a6c03000-a6c09000 r--s 0003a000 08:01 1693231    /usr/lib/jvm/java-8-openjdk-i386/jre/lib/ext/sunjce_provider.jar
a6c09000-a6c0c000 r--s 0000f000 08:01 1693227    /usr/lib/jvm/java-8-openjdk-i386/jre/lib/ext/icedtea-sound.jar
a6c0c000-a6c24000 rw-p 00000000 00:00 0 
a6c24000-a6c25000 ---p 00000000 00:00 0 
a6c25000-a6cbb000 rw-p 00000000 00:00 0 
a6cbb000-a6dfb000 ---p 00000000 00:00 0 
a6dfb000-a6e10000 rw-p 00000000 00:00 0 
a6e10000-a71bb000 ---p 00000000 00:00 0 
a71bb000-a76cb000 rwxp 00000000 00:00 0 
a76d3000-b61bb000 ---p 00000000 00:00 0 
b61bb000-b61c6000 r-xp 00000000 08:01 3402889    /lib/i386-linux-gnu/libnss_files-2.23.so
b61c6000-b61c7000 r--p 0000a000 08:01 3402889    /lib/i386-linux-gnu/libnss_files-2.23.so
b61c7000-b61c8000 rw-p 0000b000 08:01 3402889    /lib/i386-linux-gnu/libnss_files-2.23.so
b61c8000-b61ce000 rw-p 00000000 00:00 0 
b61ce000-b61d9000 r-xp 00000000 08:01 3402895    /lib/i386-linux-gnu/libnss_nis-2.23.so
b61d9000-b61da000 r--p 0000a000 08:01 3402895    /lib/i386-linux-gnu/libnss_nis-2.23.so
b61da000-b61db000 rw-p 0000b000 08:01 3402895    /lib/i386-linux-gnu/libnss_nis-2.23.so
b61db000-b61f2000 r-xp 00000000 08:01 3402652    /lib/i386-linux-gnu/libnsl-2.23.so
b61f2000-b61f3000 r--p 00016000 08:01 3402652    /lib/i386-linux-gnu/libnsl-2.23.so
b61f3000-b61f4000 rw-p 00017000 08:01 3402652    /lib/i386-linux-gnu/libnsl-2.23.so
b61f4000-b61f6000 rw-p 00000000 00:00 0 
b61f6000-b61fe000 r-xp 00000000 08:01 3402720    /lib/i386-linux-gnu/libnss_compat-2.23.so
b61fe000-b61ff000 r--p 00007000 08:01 3402720    /lib/i386-linux-gnu/libnss_compat-2.23.so
b61ff000-b6200000 rw-p 00008000 08:01 3402720    /lib/i386-linux-gnu/libnss_compat-2.23.so
b6200000-b62fb000 rw-p 00000000 00:00 0 
b62fb000-b6300000 ---p 00000000 00:00 0 
b6300000-b6302000 r--s 00001000 08:01 1693236    /usr/lib/jvm/java-8-openjdk-i386/jre/lib/ext/dnsns.jar
b6302000-b630c000 r--s 00116000 08:01 1693233    /usr/lib/jvm/java-8-openjdk-i386/jre/lib/ext/localedata.jar
b630c000-b6314000 r-xp 00000000 08:01 1693277    /usr/lib/jvm/java-8-openjdk-i386/jre/lib/i386/libzip.so
b6314000-b6315000 r--p 00007000 08:01 1693277    /usr/lib/jvm/java-8-openjdk-i386/jre/lib/i386/libzip.so
b6315000-b6316000 rw-p 00008000 08:01 1693277    /usr/lib/jvm/java-8-openjdk-i386/jre/lib/i386/libzip.so
b6316000-b631e000 rw-s 00000000 08:01 2577041    /tmp/hsperfdata_sarnobat/17989
b631e000-b6345000 r-xp 00000000 08:01 1693258    /usr/lib/jvm/java-8-openjdk-i386/jre/lib/i386/libjava.so
b6345000-b6346000 r--p 00026000 08:01 1693258    /usr/lib/jvm/java-8-openjdk-i386/jre/lib/i386/libjava.so
b6346000-b6347000 rw-p 00027000 08:01 1693258    /usr/lib/jvm/java-8-openjdk-i386/jre/lib/i386/libjava.so
b6347000-b634e000 r-xp 00000000 08:01 3402905    /lib/i386-linux-gnu/librt-2.23.so
b634e000-b634f000 r--p 00006000 08:01 3402905    /lib/i386-linux-gnu/librt-2.23.so
b634f000-b6350000 rw-p 00007000 08:01 3402905    /lib/i386-linux-gnu/librt-2.23.so
b6350000-b6353000 ---p 00000000 00:00 0 
b6353000-b63a1000 rw-p 00000000 00:00 0 
b63a1000-b63bd000 r-xp 00000000 08:01 3402590    /lib/i386-linux-gnu/libgcc_s.so.1
b63bd000-b63be000 rw-p 0001b000 08:01 3402590    /lib/i386-linux-gnu/libgcc_s.so.1
b63be000-b6411000 r-xp 00000000 08:01 3402651    /lib/i386-linux-gnu/libm-2.23.so
b6411000-b6412000 r--p 00052000 08:01 3402651    /lib/i386-linux-gnu/libm-2.23.so
b6412000-b6413000 rw-p 00053000 08:01 3402651    /lib/i386-linux-gnu/libm-2.23.so
b6413000-b6580000 r-xp 00000000 08:01 1104849    /usr/lib/i386-linux-gnu/libstdc++.so.6.0.21
b6580000-b6581000 ---p 0016d000 08:01 1104849    /usr/lib/i386-linux-gnu/libstdc++.so.6.0.21
b6581000-b6586000 r--p 0016d000 08:01 1104849    /usr/lib/i386-linux-gnu/libstdc++.so.6.0.21
b6586000-b6587000 rw-p 00172000 08:01 1104849    /usr/lib/i386-linux-gnu/libstdc++.so.6.0.21
b6587000-b658a000 rw-p 00000000 00:00 0 
b658a000-b705b000 r-xp 00000000 08:01 1693269    /usr/lib/jvm/java-8-openjdk-i386/jre/lib/i386/server/libjvm.so
b705b000-b70a1000 r--p 00ad0000 08:01 1693269    /usr/lib/jvm/java-8-openjdk-i386/jre/lib/i386/server/libjvm.so
b70a1000-b70b8000 rw-p 00b16000 08:01 1693269    /usr/lib/jvm/java-8-openjdk-i386/jre/lib/i386/server/libjvm.so
b70b8000-b74d8000 rw-p 00000000 00:00 0 
b74d8000-b74f1000 r-xp 00000000 08:01 3402662    /lib/i386-linux-gnu/libpthread-2.23.so
b74f1000-b74f2000 r--p 00018000 08:01 3402662    /lib/i386-linux-gnu/libpthread-2.23.so
b74f2000-b74f3000 rw-p 00019000 08:01 3402662    /lib/i386-linux-gnu/libpthread-2.23.so
b74f3000-b74f5000 rw-p 00000000 00:00 0 
b74f5000-b74f8000 r-xp 00000000 08:01 3402697    /lib/i386-linux-gnu/libdl-2.23.so
b74f8000-b74f9000 r--p 00002000 08:01 3402697    /lib/i386-linux-gnu/libdl-2.23.so
b74f9000-b74fa000 rw-p 00003000 08:01 3402697    /lib/i386-linux-gnu/libdl-2.23.so
b74fa000-b74fb000 rw-p 00000000 00:00 0 
b74fb000-b7514000 r-xp 00000000 08:01 3402741    /lib/i386-linux-gnu/libz.so.1.2.8
b7514000-b7515000 r--p 00018000 08:01 3402741    /lib/i386-linux-gnu/libz.so.1.2.8
b7515000-b7516000 rw-p 00019000 08:01 3402741    /lib/i386-linux-gnu/libz.so.1.2.8
b7516000-b76c6000 r-xp 00000000 08:01 3402663    /lib/i386-linux-gnu/libc-2.23.so
b76c6000-b76c8000 r--p 001af000 08:01 3402663    /lib/i386-linux-gnu/libc-2.23.so
b76c8000-b76c9000 rw-p 001b1000 08:01 3402663    /lib/i386-linux-gnu/libc-2.23.so
b76c9000-b76cc000 rw-p 00000000 00:00 0 
b76cc000-b76cd000 r--s 0000a000 08:01 1693235    /usr/lib/jvm/java-8-openjdk-i386/jre/lib/ext/jaccess.jar
b76cd000-b76d1000 r--s 00037000 08:01 1693234    /usr/lib/jvm/java-8-openjdk-i386/jre/lib/ext/sunpkcs11.jar
b76d1000-b76d2000 r--p 002d4000 08:01 1110568    /usr/lib/locale/locale-archive
b76d2000-b76d3000 rw-p 00000000 00:00 0 
b76d3000-b76d4000 r--p 00000000 00:00 0 
b76d4000-b76e2000 r-xp 00000000 08:01 1693275    /usr/lib/jvm/java-8-openjdk-i386/jre/lib/i386/libverify.so
b76e2000-b76e3000 r--p 0000d000 08:01 1693275    /usr/lib/jvm/java-8-openjdk-i386/jre/lib/i386/libverify.so
b76e3000-b76e4000 rw-p 0000e000 08:01 1693275    /usr/lib/jvm/java-8-openjdk-i386/jre/lib/i386/libverify.so
b76e4000-b76f1000 r-xp 00000000 08:01 1693273    /usr/lib/jvm/java-8-openjdk-i386/jre/lib/i386/jli/libjli.so
b76f1000-b76f2000 r--p 0000c000 08:01 1693273    /usr/lib/jvm/java-8-openjdk-i386/jre/lib/i386/jli/libjli.so
b76f2000-b76f3000 rw-p 0000d000 08:01 1693273    /usr/lib/jvm/java-8-openjdk-i386/jre/lib/i386/jli/libjli.so
b76f3000-b76f4000 rw-p 00000000 00:00 0 
b76f4000-b76f6000 r--p 00000000 00:00 0          [vvar]
b76f6000-b76f7000 r-xp 00000000 00:00 0          [vdso]
b76f7000-b771a000 r-xp 00000000 08:01 3402661    /lib/i386-linux-gnu/ld-2.23.so
b771a000-b771b000 r--p 00022000 08:01 3402661    /lib/i386-linux-gnu/ld-2.23.so
b771b000-b771c000 rw-p 00023000 08:01 3402661    /lib/i386-linux-gnu/ld-2.23.so
bf9c8000-bf9e9000 rw-p 00000000 00:00 0          [stack]

VM Arguments:
jvm_args: -Dclassworlds.conf=/usr/share/maven/bin/m2.conf -Dmaven.home=/usr/share/maven -Dmaven.multiModuleProjectDirectory=/home/sarnobat/github/maven_project 
java_command: org.codehaus.plexus.classworlds.launcher.Launcher --quiet --settings /home/sarnobat/sarnobat.git/mac/.m2/settings.xml install exec:java -Dexec.mainClass=Md5RoList -Dexec.args=4485
java_class_path (initial): /usr/share/maven/boot/plexus-classworlds-2.x.jar
Launcher Type: SUN_STANDARD

Environment Variables:
JAVA_HOME=/usr/lib/jvm/java-8-openjdk-i386
PATH=/usr/bin:/bin
SHELL=/bin/sh

Signal Handlers:
SIGSEGV: [libjvm.so+0x8d7370], sa_mask[0]=11111111011111111101111111111110, sa_flags=SA_RESTART|SA_SIGINFO
SIGBUS: [libjvm.so+0x8d7370], sa_mask[0]=11111111011111111101111111111110, sa_flags=SA_RESTART|SA_SIGINFO
SIGFPE: [libjvm.so+0x73d1c0], sa_mask[0]=11111111011111111101111111111110, sa_flags=SA_RESTART|SA_SIGINFO
SIGPIPE: [libjvm.so+0x73d1c0], sa_mask[0]=11111111011111111101111111111110, sa_flags=SA_RESTART|SA_SIGINFO
SIGXFSZ: [libjvm.so+0x73d1c0], sa_mask[0]=11111111011111111101111111111110, sa_flags=SA_RESTART|SA_SIGINFO
SIGILL: [libjvm.so+0x73d1c0], sa_mask[0]=11111111011111111101111111111110, sa_flags=SA_RESTART|SA_SIGINFO
SIGUSR1: SIG_DFL, sa_mask[0]=00000000000000000000000000000000, sa_flags=none
SIGUSR2: [libjvm.so+0x73d000], sa_mask[0]=00000000000000000000000000000000, sa_flags=SA_RESTART|SA_SIGINFO
SIGHUP: [libjvm.so+0x73d790], sa_mask[0]=11111111011111111101111111111110, sa_flags=SA_RESTART|SA_SIGINFO
SIGINT: [libjvm.so+0x73d790], sa_mask[0]=11111111011111111101111111111110, sa_flags=SA_RESTART|SA_SIGINFO
SIGTERM: [libjvm.so+0x73d790], sa_mask[0]=11111111011111111101111111111110, sa_flags=SA_RESTART|SA_SIGINFO
SIGQUIT: [libjvm.so+0x73d790], sa_mask[0]=11111111011111111101111111111110, sa_flags=SA_RESTART|SA_SIGINFO


---------------  S Y S T E M  ---------------

OS:DISTRIB_ID=Ubuntu
DISTRIB_RELEASE=16.04
DISTRIB_CODENAME=xenial
DISTRIB_DESCRIPTION="Ubuntu 16.04.1 LTS"

uname:Linux 4.4.0-104-generic #127-Ubuntu SMP Mon Dec 11 12:16:50 UTC 2017 i686
libc:glibc 2.23 NPTL 2.23 
rlimit: STACK 8192k, CORE 0k, NPROC 63057, NOFILE 1048576, AS infinity
load average:2.70 2.44 2.37

/proc/meminfo:
MemTotal:        8107456 kB
MemFree:          376276 kB
MemAvailable:          0 kB
Buffers:            8640 kB
Cached:           221252 kB
SwapCached:         5220 kB
Active:          6034744 kB
Inactive:        1484272 kB
Active(anon):    6009076 kB
Inactive(anon):  1457716 kB
Active(file):      25668 kB
Inactive(file):    26556 kB
Unevictable:           0 kB
Mlocked:               0 kB
HighTotal:       7292552 kB
HighFree:          85780 kB
LowTotal:         814904 kB
LowFree:          290496 kB
SwapTotal:       4007932 kB
SwapFree:              0 kB
Dirty:               776 kB
Writeback:             0 kB
AnonPages:       7284808 kB
Mapped:            39988 kB
Shmem:            176892 kB
Slab:              98640 kB
SReclaimable:      51212 kB
SUnreclaim:        47428 kB
KernelStack:       16736 kB
PageTables:        46524 kB
NFS_Unstable:          0 kB
Bounce:                0 kB
WritebackTmp:          0 kB
CommitLimit:     8061660 kB
Committed_AS:   25683728 kB
VmallocTotal:     122880 kB
VmallocUsed:           0 kB
VmallocChunk:          0 kB
AnonHugePages:   4300800 kB
CmaTotal:              0 kB
CmaFree:               0 kB
HugePages_Total:       0
HugePages_Free:        0
HugePages_Rsvd:        0
HugePages_Surp:        0
Hugepagesize:       2048 kB
DirectMap4k:       34808 kB
DirectMap2M:      876544 kB


CPU:total 4 (initial active 4) (2 cores per cpu, 2 threads per core) family 6 model 58 stepping 9, cmov, cx8, fxsr, mmx, sse, sse2, sse3, ssse3, sse4.1, sse4.2, popcnt, avx, aes, clmul, erms, ht, tsc, tscinvbit, tscinv

/proc/cpuinfo:
processor	: 0
vendor_id	: GenuineIntel
cpu family	: 6
model		: 58
model name	: Intel(R) Core(TM) i5-3427U CPU @ 1.80GHz
stepping	: 9
microcode	: 0x17
cpu MHz		: 1099.957
cache size	: 3072 KB
physical id	: 0
siblings	: 4
core id		: 0
cpu cores	: 2
apicid		: 0
initial apicid	: 0
fdiv_bug	: no
f00f_bug	: no
coma_bug	: no
fpu		: yes
fpu_exception	: yes
cpuid level	: 13
wp		: yes
flags		: fpu vme de pse tsc msr pae mce cx8 apic sep mtrr pge mca cmov pat pse36 clflush dts acpi mmx fxsr sse sse2 ss ht tm pbe nx rdtscp lm constant_tsc arch_perfmon pebs bts xtopology nonstop_tsc aperfmperf eagerfpu pni pclmulqdq dtes64 monitor ds_cpl vmx smx est tm2 ssse3 cx16 xtpr pdcm pcid sse4_1 sse4_2 x2apic popcnt tsc_deadline_timer aes xsave avx f16c rdrand lahf_lm epb tpr_shadow vnmi flexpriority ept vpid fsgsbase smep erms xsaveopt dtherm ida arat pln pts
bugs		:
bogomips	: 4589.86
clflush size	: 64
cache_alignment	: 64
address sizes	: 36 bits physical, 48 bits virtual
power management:

processor	: 1
vendor_id	: GenuineIntel
cpu family	: 6
model		: 58
model name	: Intel(R) Core(TM) i5-3427U CPU @ 1.80GHz
stepping	: 9
microcode	: 0x17
cpu MHz		: 1099.957
cache size	: 3072 KB
physical id	: 0
siblings	: 4
core id		: 1
cpu cores	: 2
apicid		: 2
initial apicid	: 2
fdiv_bug	: no
f00f_bug	: no
coma_bug	: no
fpu		: yes
fpu_exception	: yes
cpuid level	: 13
wp		: yes
flags		: fpu vme de pse tsc msr pae mce cx8 apic sep mtrr pge mca cmov pat pse36 clflush dts acpi mmx fxsr sse sse2 ss ht tm pbe nx rdtscp lm constant_tsc arch_perfmon pebs bts xtopology nonstop_tsc aperfmperf eagerfpu pni pclmulqdq dtes64 monitor ds_cpl vmx smx est tm2 ssse3 cx16 xtpr pdcm pcid sse4_1 sse4_2 x2apic popcnt tsc_deadline_timer aes xsave avx f16c rdrand lahf_lm epb tpr_shadow vnmi flexpriority ept vpid fsgsbase smep erms xsaveopt dtherm ida arat pln pts
bugs		:
bogomips	: 4589.86
clflush size	: 64
cache_alignment	: 64
address sizes	: 36 bits physical, 48 bits virtual
power management:

processor	: 2
vendor_id	: GenuineIntel
cpu family	: 6
model		: 58
model name	: Intel(R) Core(TM) i5-3427U CPU @ 1.80GHz
stepping	: 9
microcode	: 0x17
cpu MHz		: 1099.957
cache size	: 3072 KB
physical id	: 0
siblings	: 4
core id		: 0
cpu cores	: 2
apicid		: 1
initial apicid	: 1
fdiv_bug	: no
f00f_bug	: no
coma_bug	: no
fpu		: yes
fpu_exception	: yes
cpuid level	: 13
wp		: yes
flags		: fpu vme de pse tsc msr pae mce cx8 apic sep mtrr pge mca cmov pat pse36 clflush dts acpi mmx fxsr sse sse2 ss ht tm pbe nx rdtscp lm constant_tsc arch_perfmon pebs bts xtopology nonstop_tsc aperfmperf eagerfpu pni pclmulqdq dtes64 monitor ds_cpl vmx smx est tm2 ssse3 cx16 xtpr pdcm pcid sse4_1 sse4_2 x2apic popcnt tsc_deadline_timer aes xsave avx f16c rdrand lahf_lm epb tpr_shadow vnmi flexpriority ept vpid fsgsbase smep erms xsaveopt dtherm ida arat pln pts
bugs		:
bogomips	: 4589.86
clflush size	: 64
cache_alignment	: 64
address sizes	: 36 bits physical, 48 bits virtual
power management:

processor	: 3
vendor_id	: GenuineIntel
cpu family	: 6
model		: 58
model name	: Intel(R) Core(TM) i5-3427U CPU @ 1.80GHz
stepping	: 9
microcode	: 0x17
cpu MHz		: 1099.957
cache size	: 3072 KB
physical id	: 0
siblings	: 4
core id		: 1
cpu cores	: 2
apicid		: 3
initial apicid	: 3
fdiv_bug	: no
f00f_bug	: no
coma_bug	: no
fpu		: yes
fpu_exception	: yes
cpuid level	: 13
wp		: yes
flags		: fpu vme de pse tsc msr pae mce cx8 apic sep mtrr pge mca cmov pat pse36 clflush dts acpi mmx fxsr sse sse2 ss ht tm pbe nx rdtscp lm constant_tsc arch_perfmon pebs bts xtopology nonstop_tsc aperfmperf eagerfpu pni pclmulqdq dtes64 monitor ds_cpl vmx smx est tm2 ssse3 cx16 xtpr pdcm pcid sse4_1 sse4_2 x2apic popcnt tsc_deadline_timer aes xsave avx f16c rdrand lahf_lm epb tpr_shadow vnmi flexpriority ept vpid fsgsbase smep erms xsaveopt dtherm ida arat pln pts
bugs		:
bogomips	: 4589.86
clflush size	: 64
cache_alignment	: 64
address sizes	: 36 bits physical, 48 bits virtual
power management:



Memory: 4k page, physical 8107456k(376276k free), swap 4007932k(0k free)

vm_info: OpenJDK Server VM (25.151-b12) for linux-x86 JRE (1.8.0_151-8u151-b12-0ubuntu0.16.04.2-b12), built on Oct 27 2017 22:05:04 by "buildd" with gcc 5.4.0 20160609

time: Thu Mar 22 23:02:07 2018
elapsed time: 6 seconds (0d 0h 0m 6s)

