#
# There is insufficient memory for the Java Runtime Environment to continue.
# Native memory allocation (mmap) failed to map 32768 bytes for committing reserved memory.
# Possible reasons:
#   The system is out of physical RAM or swap space
#   In 32 bit mode, the process size limit was hit
# Possible solutions:
#   Reduce memory load on the system
#   Increase physical memory or swap space
#   Check if swap backing store is full
#   Use 64 bit Java on a 64 bit OS
#   Decrease Java heap size (-Xmx/-Xms)
#   Decrease number of Java threads
#   Decrease Java thread stack sizes (-Xss)
#   Set larger code cache with -XX:ReservedCodeCacheSize=
# This output file may be truncated or incomplete.
#
#  Out of Memory Error (os_linux.cpp:2643), pid=24861, tid=0x631acb40
#
# JRE version: OpenJDK Runtime Environment (8.0_151-b12) (build 1.8.0_151-8u151-b12-0ubuntu0.16.04.2-b12)
# Java VM: OpenJDK Server VM (25.151-b12 mixed mode linux-x86 )
# Failed to write core dump. Core dumps have been disabled. To enable core dumping, try "ulimit -c unlimited" before starting Java again
#

---------------  T H R E A D  ---------------

Current thread (0x637a7000):  JavaThread "C1 CompilerThread2" daemon [_thread_in_vm, id=24941, stack(0x6312c000,0x631ad000)]

Stack: [0x6312c000,0x631ad000],  sp=0x631ab810,  free space=510k
Native frames: (J=compiled Java code, j=interpreted, Vv=VM code, C=native code)
V  [libjvm.so+0x8d6834]
V  [libjvm.so+0x3a7c76]
V  [libjvm.so+0x7420c0]
V  [libjvm.so+0x73c013]
V  [libjvm.so+0x8d3264]
V  [libjvm.so+0x4ba943]
V  [libjvm.so+0x335e73]
V  [libjvm.so+0x716ae0]
V  [libjvm.so+0x2d0cdb]
V  [libjvm.so+0x21eed8]
V  [libjvm.so+0x21f1c8]
V  [libjvm.so+0x21feb0]
V  [libjvm.so+0x360d41]
V  [libjvm.so+0x3624fa]
V  [libjvm.so+0x878977]
V  [libjvm.so+0x88198b]
V  [libjvm.so+0x881e5e]
V  [libjvm.so+0x73f2b5]
C  [libpthread.so.0+0x6295]  start_thread+0xe5
C  [libc.so.6+0xe70ae]  clone+0x6e


Current CompileTask:
C1:  11188 2789       3       org.apache.maven.repository.internal.ArtifactDescriptorReaderDelegate::populateResult (426 bytes)


---------------  P R O C E S S  ---------------

Java Threads: ( => current thread )
  0x637aa400 JavaThread "Service Thread" daemon [_thread_blocked, id=24946, stack(0x630db000,0x6312c000)]
=>0x637a7000 JavaThread "C1 CompilerThread2" daemon [_thread_in_vm, id=24941, stack(0x6312c000,0x631ad000)]
  0x637a5c00 JavaThread "C2 CompilerThread1" daemon [_thread_in_vm, id=24939, stack(0x631ad000,0x6322e000)]
  0x637a3c00 JavaThread "C2 CompilerThread0" daemon [_thread_in_native, id=24938, stack(0x6322e000,0x632af000)]
  0x637a2400 JavaThread "Signal Dispatcher" daemon [_thread_blocked, id=24936, stack(0x632af000,0x63300000)]
  0x63788800 JavaThread "Finalizer" daemon [_thread_blocked, id=24934, stack(0x63813000,0x63864000)]
  0x63785800 JavaThread "Reference Handler" daemon [_thread_blocked, id=24932, stack(0x6642e000,0x6647f000)]
  0xb6207800 JavaThread "main" [_thread_in_native, id=24918, stack(0xb63e2000,0xb6433000)]

Other Threads:
  0x63781000 VMThread [stack: 0x63864000,0x638e5000] [id=24929]
  0x637ac000 WatcherThread [stack: 0x6305a000,0x630db000] [id=24947]

VM state:not at safepoint (normal execution)

VM Mutex/Monitor currently owned by a thread:  ([mutex/lock_event])
[0xb62044f8] CodeCache_lock - owner thread: 0x637a7000
[0xb6205740] Compile_lock - owner thread: 0x637a7000
[0xb6205810] MethodCompileQueue_lock - owner thread: 0x637a7000

Heap:
 PSYoungGen      total 71680K, used 43488K [0x918c0000, 0x965c0000, 0xa6e00000)
  eden space 66048K, 57% used [0x918c0000,0x93e1c6f8,0x95940000)
  from space 5632K, 92% used [0x95f40000,0x9645b910,0x964c0000)
  to   space 6144K, 0% used [0x95940000,0x95940000,0x95f40000)
 ParOldGen       total 43776K, used 6528K [0x66e00000, 0x698c0000, 0x918c0000)
  object space 43776K, 14% used [0x66e00000,0x67460320,0x698c0000)
 Metaspace       used 10960K, capacity 11057K, committed 11160K, reserved 11568K

Card table byte_map: [0x66bff000,0x66e00000] byte_map_base: 0x668c8000

Marking Bits: (ParMarkBitMap*) 0xb7158880
 Begin Bits: [0x64300000, 0x65300000)
 End Bits:   [0x65300000, 0x66300000)

Polling page: 0xb7765000

CodeCache: size=245760Kb used=7685Kb max_used=7691Kb free=238074Kb
 bounds [0xa7200000, 0xa7988000, 0xb6200000]
 total_blobs=2944 nmethods=2761 adapters=95
 compilation: enabled

Compilation events (10 events):
Event: 11.109 Thread 0x637a7000 nmethod 2787 0xa7983148 code [0xa7983260, 0xa798336c]
Event: 11.111 Thread 0x637a7000 2788       3       org.apache.maven.model.inheritance.DefaultInheritanceAssembler$InheritanceModelMerger::extrapolateChildUrl (52 bytes)
Event: 11.113 Thread 0x637a7000 nmethod 2788 0xa7982908 code [0xa7982a80, 0xa7982f48]
Event: 11.120 Thread 0x637a7000 2789       3       org.apache.maven.repository.internal.ArtifactDescriptorReaderDelegate::populateResult (426 bytes)
Event: 11.137 Thread 0x637a5c00 nmethod 2726 0xa7975e08 code [0xa7975f20, 0xa7976190]
Event: 11.137 Thread 0x637a5c00 2456       4       org.codehaus.plexus.util.xml.pull.MXParser::isNameStartChar (63 bytes)
Event: 11.157 Thread 0x637a5c00 nmethod 2456 0xa7975b88 code [0xa7975c80, 0xa7975d30]
Event: 11.157 Thread 0x637a5c00 2733       4       java.util.HashMap::tableSizeFor (59 bytes)
Event: 11.159 Thread 0x637a5c00 nmethod 2733 0xa7984008 code [0xa7984100, 0xa7984190]
Event: 11.159 Thread 0x637a5c00 2746       4       java.lang.ref.Reference::<init> (25 bytes)

GC Heap History (10 events):
Event: 2.507 GC heap before
{Heap before GC invocations=2 (full 0):
 PSYoungGen      total 19200K, used 19195K [0x918c0000, 0x92e00000, 0xa6e00000)
  eden space 16640K, 100% used [0x918c0000,0x92900000,0x92900000)
  from space 2560K, 99% used [0x92900000,0x92b7ecc0,0x92b80000)
  to   space 2560K, 0% used [0x92b80000,0x92b80000,0x92e00000)
 ParOldGen       total 43776K, used 818K [0x66e00000, 0x698c0000, 0x918c0000)
  object space 43776K, 1% used [0x66e00000,0x66eccaf8,0x698c0000)
 Metaspace       used 5291K, capacity 5354K, committed 5400K, reserved 5424K
Event: 2.520 GC heap after
Heap after GC invocations=2 (full 0):
 PSYoungGen      total 19200K, used 2553K [0x918c0000, 0x92e00000, 0xa6e00000)
  eden space 16640K, 0% used [0x918c0000,0x918c0000,0x92900000)
  from space 2560K, 99% used [0x92b80000,0x92dfe760,0x92e00000)
  to   space 2560K, 0% used [0x92900000,0x92900000,0x92b80000)
 ParOldGen       total 43776K, used 913K [0x66e00000, 0x698c0000, 0x918c0000)
  object space 43776K, 2% used [0x66e00000,0x66ee47c0,0x698c0000)
 Metaspace       used 5291K, capacity 5354K, committed 5400K, reserved 5424K
}
Event: 3.504 GC heap before
{Heap before GC invocations=3 (full 0):
 PSYoungGen      total 19200K, used 19193K [0x918c0000, 0x92e00000, 0xa6e00000)
  eden space 16640K, 100% used [0x918c0000,0x92900000,0x92900000)
  from space 2560K, 99% used [0x92b80000,0x92dfe760,0x92e00000)
  to   space 2560K, 0% used [0x92900000,0x92900000,0x92b80000)
 ParOldGen       total 43776K, used 913K [0x66e00000, 0x698c0000, 0x918c0000)
  object space 43776K, 2% used [0x66e00000,0x66ee47c0,0x698c0000)
 Metaspace       used 6652K, capacity 6711K, committed 6808K, reserved 7472K
Event: 3.525 GC heap after
Heap after GC invocations=3 (full 0):
 PSYoungGen      total 19200K, used 2547K [0x918c0000, 0x93e40000, 0xa6e00000)
  eden space 16640K, 0% used [0x918c0000,0x918c0000,0x92900000)
  from space 2560K, 99% used [0x92900000,0x92b7ce70,0x92b80000)
  to   space 2560K, 0% used [0x93bc0000,0x93bc0000,0x93e40000)
 ParOldGen       total 43776K, used 2373K [0x66e00000, 0x698c0000, 0x918c0000)
  object space 43776K, 5% used [0x66e00000,0x67051410,0x698c0000)
 Metaspace       used 6652K, capacity 6711K, committed 6808K, reserved 7472K
}
Event: 4.883 GC heap before
{Heap before GC invocations=4 (full 0):
 PSYoungGen      total 19200K, used 19187K [0x918c0000, 0x93e40000, 0xa6e00000)
  eden space 16640K, 100% used [0x918c0000,0x92900000,0x92900000)
  from space 2560K, 99% used [0x92900000,0x92b7ce70,0x92b80000)
  to   space 2560K, 0% used [0x93bc0000,0x93bc0000,0x93e40000)
 ParOldGen       total 43776K, used 2373K [0x66e00000, 0x698c0000, 0x918c0000)
  object space 43776K, 5% used [0x66e00000,0x67051410,0x698c0000)
 Metaspace       used 8083K, capacity 8156K, committed 8216K, reserved 8496K
Event: 4.925 GC heap after
Heap after GC invocations=4 (full 0):
 PSYoungGen      total 35840K, used 2554K [0x918c0000, 0x93e40000, 0xa6e00000)
  eden space 33280K, 0% used [0x918c0000,0x918c0000,0x93940000)
  from space 2560K, 99% used [0x93bc0000,0x93e3e880,0x93e40000)
  to   space 2560K, 0% used [0x93940000,0x93940000,0x93bc0000)
 ParOldGen       total 43776K, used 4429K [0x66e00000, 0x698c0000, 0x918c0000)
  object space 43776K, 10% used [0x66e00000,0x672536a8,0x698c0000)
 Metaspace       used 8083K, capacity 8156K, committed 8216K, reserved 8496K
}
Event: 6.692 GC heap before
{Heap before GC invocations=5 (full 0):
 PSYoungGen      total 35840K, used 35834K [0x918c0000, 0x93e40000, 0xa6e00000)
  eden space 33280K, 100% used [0x918c0000,0x93940000,0x93940000)
  from space 2560K, 99% used [0x93bc0000,0x93e3e880,0x93e40000)
  to   space 2560K, 0% used [0x93940000,0x93940000,0x93bc0000)
 ParOldGen       total 43776K, used 4429K [0x66e00000, 0x698c0000, 0x918c0000)
  object space 43776K, 10% used [0x66e00000,0x672536a8,0x698c0000)
 Metaspace       used 9968K, capacity 10043K, committed 10136K, reserved 10544K
Event: 6.705 GC heap after
Heap after GC invocations=5 (full 0):
 PSYoungGen      total 35840K, used 2552K [0x918c0000, 0x964c0000, 0xa6e00000)
  eden space 33280K, 0% used [0x918c0000,0x918c0000,0x93940000)
  from space 2560K, 99% used [0x93940000,0x93bbe070,0x93bc0000)
  to   space 5632K, 0% used [0x95f40000,0x95f40000,0x964c0000)
 ParOldGen       total 43776K, used 6528K [0x66e00000, 0x698c0000, 0x918c0000)
  object space 43776K, 14% used [0x66e00000,0x67460320,0x698c0000)
 Metaspace       used 9968K, capacity 10043K, committed 10136K, reserved 10544K
}
Event: 8.650 GC heap before
{Heap before GC invocations=6 (full 0):
 PSYoungGen      total 35840K, used 35832K [0x918c0000, 0x964c0000, 0xa6e00000)
  eden space 33280K, 100% used [0x918c0000,0x93940000,0x93940000)
  from space 2560K, 99% used [0x93940000,0x93bbe070,0x93bc0000)
  to   space 5632K, 0% used [0x95f40000,0x95f40000,0x964c0000)
 ParOldGen       total 43776K, used 6528K [0x66e00000, 0x698c0000, 0x918c0000)
  object space 43776K, 14% used [0x66e00000,0x67460320,0x698c0000)
 Metaspace       used 10760K, capacity 10860K, committed 11032K, reserved 11568K
Event: 8.708 GC heap after
Heap after GC invocations=6 (full 0):
 PSYoungGen      total 71680K, used 5230K [0x918c0000, 0x965c0000, 0xa6e00000)
  eden space 66048K, 0% used [0x918c0000,0x918c0000,0x95940000)
  from space 5632K, 92% used [0x95f40000,0x9645b910,0x964c0000)
  to   space 6144K, 0% used [0x95940000,0x95940000,0x95f40000)
 ParOldGen       total 43776K, used 6528K [0x66e00000, 0x698c0000, 0x918c0000)
  object space 43776K, 14% used [0x66e00000,0x67460320,0x698c0000)
 Metaspace       used 10760K, capacity 10860K, committed 11032K, reserved 11568K
}

Deoptimization events (10 events):
Event: 7.751 Thread 0xb6207800 Uncommon trap: reason=class_check action=maybe_recompile pc=0xa76c15ac method=java.util.regex.Pattern$CharProperty$1.isSatisfiedBy(I)Z @ 5
Event: 8.128 Thread 0xb6207800 Uncommon trap: reason=unstable_if action=reinterpret pc=0xa778adb0 method=org.codehaus.plexus.util.xml.pull.MXParser.nextImpl()I @ 280
Event: 9.791 Thread 0xb6207800 Uncommon trap: reason=unstable_if action=reinterpret pc=0xa77f87e8 method=java.util.LinkedHashMap.afterNodeInsertion(Z)V @ 18
Event: 10.989 Thread 0xb6207800 Uncommon trap: reason=speculate_class_check action=maybe_recompile pc=0xa78edfe4 method=java.nio.charset.CharsetDecoder.decode(Ljava/nio/ByteBuffer;Ljava/nio/CharBuffer;Z)Ljava/nio/charset/CoderResult; @ 57
Event: 11.002 Thread 0xb6207800 Uncommon trap: reason=speculate_class_check action=maybe_recompile pc=0xa78edfe4 method=java.nio.charset.CharsetDecoder.decode(Ljava/nio/ByteBuffer;Ljava/nio/CharBuffer;Z)Ljava/nio/charset/CoderResult; @ 57
Event: 11.004 Thread 0xb6207800 Uncommon trap: reason=speculate_class_check action=maybe_recompile pc=0xa78edfe4 method=java.nio.charset.CharsetDecoder.decode(Ljava/nio/ByteBuffer;Ljava/nio/CharBuffer;Z)Ljava/nio/charset/CoderResult; @ 57
Event: 11.030 Thread 0xb6207800 Uncommon trap: reason=speculate_class_check action=maybe_recompile pc=0xa78edfe4 method=java.nio.charset.CharsetDecoder.decode(Ljava/nio/ByteBuffer;Ljava/nio/CharBuffer;Z)Ljava/nio/charset/CoderResult; @ 57
Event: 11.144 Thread 0xb6207800 Uncommon trap: reason=class_check action=maybe_recompile pc=0xa7933c80 method=org.codehaus.plexus.interpolation.MapBasedValueSource.getValue(Ljava/lang/String;)Ljava/lang/Object; @ 16
Event: 11.144 Thread 0xb6207800 Uncommon trap: reason=class_check action=maybe_recompile pc=0xa7933c80 method=org.codehaus.plexus.interpolation.MapBasedValueSource.getValue(Ljava/lang/String;)Ljava/lang/Object; @ 16
Event: 11.144 Thread 0xb6207800 Uncommon trap: reason=class_check action=maybe_recompile pc=0xa7933c80 method=org.codehaus.plexus.interpolation.MapBasedValueSource.getValue(Ljava/lang/String;)Ljava/lang/Object; @ 16

Internal exceptions (10 events):
Event: 6.440 Thread 0xb6207800 Exception <a 'java/lang/NullPointerException'> (0x9360c4b0) thrown at [/build/openjdk-8-Y4imzb/openjdk-8-8u151-b12/src/hotspot/src/share/vm/interpreter/linkResolver.cpp, line 1183]
Event: 6.440 Thread 0xb6207800 Exception <a 'java/lang/NullPointerException'> (0x9360c6c0) thrown at [/build/openjdk-8-Y4imzb/openjdk-8-8u151-b12/src/hotspot/src/share/vm/interpreter/linkResolver.cpp, line 1183]
Event: 6.441 Thread 0xb6207800 Exception <a 'java/lang/NullPointerException'> (0x93614e98) thrown at [/build/openjdk-8-Y4imzb/openjdk-8-8u151-b12/src/hotspot/src/share/vm/interpreter/linkResolver.cpp, line 1183]
Event: 6.441 Thread 0xb6207800 Exception <a 'java/lang/NullPointerException'> (0x936150a8) thrown at [/build/openjdk-8-Y4imzb/openjdk-8-8u151-b12/src/hotspot/src/share/vm/interpreter/linkResolver.cpp, line 1183]
Event: 6.441 Thread 0xb6207800 Exception <a 'java/lang/NullPointerException'> (0x936152b8) thrown at [/build/openjdk-8-Y4imzb/openjdk-8-8u151-b12/src/hotspot/src/share/vm/interpreter/linkResolver.cpp, line 1183]
Event: 7.385 Thread 0xb6207800 Implicit null exception at 0xa741d7be to 0xa741d955
Event: 7.385 Thread 0xb6207800 Implicit null exception at 0xa741060b to 0xa7410650
Event: 7.645 Thread 0xb6207800 Implicit null exception at 0xa768bd03 to 0xa768c09d
Event: 7.654 Thread 0xb6207800 Implicit null exception at 0xa75253ff to 0xa7525745
Event: 7.734 Thread 0xb6207800 Implicit null exception at 0xa77b8bcb to 0xa77b92d1

Events (10 events):
Event: 11.030 Thread 0xb6207800 DEOPT UNPACKING pc=0xa723abd5 sp=0xb6430abc mode 2
Event: 11.144 Thread 0xb6207800 Uncommon trap: trap_request=0xffffffde fr.pc=0xa7933c80
Event: 11.144 Thread 0xb6207800 DEOPT PACKING pc=0xa7933c80 sp=0xb6430820
Event: 11.144 Thread 0xb6207800 DEOPT UNPACKING pc=0xa723abd5 sp=0xb6430810 mode 2
Event: 11.144 Thread 0xb6207800 Uncommon trap: trap_request=0xffffffde fr.pc=0xa7933c80
Event: 11.144 Thread 0xb6207800 DEOPT PACKING pc=0xa7933c80 sp=0xb6430820
Event: 11.144 Thread 0xb6207800 DEOPT UNPACKING pc=0xa723abd5 sp=0xb6430810 mode 2
Event: 11.144 Thread 0xb6207800 Uncommon trap: trap_request=0xffffffde fr.pc=0xa7933c80
Event: 11.144 Thread 0xb6207800 DEOPT PACKING pc=0xa7933c80 sp=0xb6430820
Event: 11.144 Thread 0xb6207800 DEOPT UNPACKING pc=0xa723abd5 sp=0xb6430810 mode 2


Dynamic libraries:
08048000-08049000 r-xp 00000000 08:01 1693306    /usr/lib/jvm/java-8-openjdk-i386/jre/bin/java
08049000-0804a000 r--p 00000000 08:01 1693306    /usr/lib/jvm/java-8-openjdk-i386/jre/bin/java
0804a000-0804b000 rw-p 00001000 08:01 1693306    /usr/lib/jvm/java-8-openjdk-i386/jre/bin/java
08ded000-08ed6000 rw-p 00000000 00:00 0          [heap]
5f800000-5f8f3000 rw-p 00000000 00:00 0 
5f8f3000-5f900000 ---p 00000000 00:00 0 
5fa00000-5faf9000 rw-p 00000000 00:00 0 
5faf9000-5fb00000 ---p 00000000 00:00 0 
5fb00000-5fb31000 rw-p 00000000 00:00 0 
5fb31000-5fc00000 ---p 00000000 00:00 0 
5fc00000-5fcbf000 rw-p 00000000 00:00 0 
5fcbf000-5fd00000 ---p 00000000 00:00 0 
5fe00000-5ff00000 rw-p 00000000 00:00 0 
5ffff000-61c00000 rw-p 00000000 00:00 0 
61c00000-61d00000 rw-p 00000000 00:00 0 
61d00000-61da0000 rw-p 00000000 00:00 0 
61da0000-61e00000 ---p 00000000 00:00 0 
61e00000-61efa000 rw-p 00000000 00:00 0 
61efa000-61f00000 ---p 00000000 00:00 0 
61f00000-62000000 rw-p 00000000 00:00 0 
62000000-620a8000 rw-p 00000000 00:00 0 
620a8000-62100000 ---p 00000000 00:00 0 
62100000-62200000 rw-p 00000000 00:00 0 
62200000-622fc000 rw-p 00000000 00:00 0 
622fc000-62300000 ---p 00000000 00:00 0 
62300000-623fd000 rw-p 00000000 00:00 0 
623fd000-62400000 ---p 00000000 00:00 0 
62400000-62500000 rw-p 00000000 00:00 0 
62500000-62600000 rw-p 00000000 00:00 0 
62600000-626fb000 rw-p 00000000 00:00 0 
626fb000-62700000 ---p 00000000 00:00 0 
62700000-62800000 rw-p 00000000 00:00 0 
62800000-628fe000 rw-p 00000000 00:00 0 
628fe000-62900000 ---p 00000000 00:00 0 
62900000-62a00000 rw-p 00000000 00:00 0 
62a00000-62b00000 rw-p 00000000 00:00 0 
62b00000-62bff000 rw-p 00000000 00:00 0 
62bff000-62c00000 ---p 00000000 00:00 0 
62c00000-62d00000 rw-p 00000000 00:00 0 
62d00000-62efe000 rw-p 00000000 00:00 0 
62efe000-62f00000 ---p 00000000 00:00 0 
62f00000-63000000 rw-p 00000000 00:00 0 
6302a000-6303b000 r-xp 00000000 08:01 1693283    /usr/lib/jvm/java-8-openjdk-i386/jre/lib/i386/libnio.so
6303b000-6303c000 r--p 00010000 08:01 1693283    /usr/lib/jvm/java-8-openjdk-i386/jre/lib/i386/libnio.so
6303c000-6303d000 rw-p 00011000 08:01 1693283    /usr/lib/jvm/java-8-openjdk-i386/jre/lib/i386/libnio.so
6303d000-63053000 r-xp 00000000 08:01 1693270    /usr/lib/jvm/java-8-openjdk-i386/jre/lib/i386/libnet.so
63053000-63054000 r--p 00015000 08:01 1693270    /usr/lib/jvm/java-8-openjdk-i386/jre/lib/i386/libnet.so
63054000-63055000 rw-p 00016000 08:01 1693270    /usr/lib/jvm/java-8-openjdk-i386/jre/lib/i386/libnet.so
63055000-6305a000 r--s 0009a000 08:01 1693288    /usr/lib/jvm/java-8-openjdk-i386/jre/lib/jsse.jar
6305a000-6305b000 ---p 00000000 00:00 0 
6305b000-630db000 rw-p 00000000 00:00 0 
630db000-630de000 ---p 00000000 00:00 0 
630de000-6312c000 rw-p 00000000 00:00 0 
6312c000-6312f000 ---p 00000000 00:00 0 
6312f000-631ad000 rw-p 00000000 00:00 0 
631ad000-631b0000 ---p 00000000 00:00 0 
631b0000-6322e000 rw-p 00000000 00:00 0 
6322e000-63231000 ---p 00000000 00:00 0 
63231000-632af000 rw-p 00000000 00:00 0 
632af000-632b2000 ---p 00000000 00:00 0 
632b2000-63300000 rw-p 00000000 00:00 0 
63300000-63500000 r--p 00000000 08:01 1110568    /usr/lib/locale/locale-archive
63500000-63600000 rw-p 00000000 00:00 0 
63600000-63621000 rw-p 00000000 00:00 0 
63621000-63700000 ---p 00000000 00:00 0 
63700000-637fd000 rw-p 00000000 00:00 0 
637fd000-63800000 ---p 00000000 00:00 0 
63803000-63810000 r--s 0008d000 08:01 1149531    /usr/share/java/maven3-core-3.3.9.jar
63810000-63813000 r--s 00007000 08:01 1149537    /usr/share/java/maven3-settings-builder-3.3.9.jar
63813000-63816000 ---p 00000000 00:00 0 
63816000-63864000 rw-p 00000000 00:00 0 
63864000-63865000 ---p 00000000 00:00 0 
63865000-638e5000 rw-p 00000000 00:00 0 
638e5000-63ab4000 r--s 03c21000 08:01 1693223    /usr/lib/jvm/java-8-openjdk-i386/jre/lib/rt.jar
63ab4000-63efa000 rw-p 00000000 00:00 0 
63efa000-63f00000 ---p 00000000 00:00 0 
63f00000-66300000 rw-p 00000000 00:00 0 
66300000-663f8000 rw-p 00000000 00:00 0 
663f8000-66400000 ---p 00000000 00:00 0 
66401000-66402000 r--s 00001000 08:01 1149511    /usr/share/java/wagon-file-2.x.jar
66402000-6642e000 r--s 00208000 08:01 1148516    /usr/share/java/guava.jar
6642e000-66431000 ---p 00000000 00:00 0 
66431000-6647f000 rw-p 00000000 00:00 0 
6647f000-66480000 ---p 00000000 00:00 0 
66480000-66500000 rw-p 00000000 00:00 0 
66500000-665fc000 rw-p 00000000 00:00 0 
665fc000-66600000 ---p 00000000 00:00 0 
66600000-66631000 r--s 00207000 08:01 1149515    /usr/share/java/wagon-http-shaded-2.x.jar
66631000-6667f000 rw-p 00000000 00:00 0 
6667f000-66680000 ---p 00000000 00:00 0 
66680000-66700000 rw-p 00000000 00:00 0 
66700000-66721000 rw-p 00000000 00:00 0 
66721000-66800000 ---p 00000000 00:00 0 
66800000-66802000 r--s 0000d000 08:01 1149536    /usr/share/java/maven3-aether-provider-3.3.9.jar
66802000-66809000 r--s 0002c000 08:01 1149509    /usr/share/java/sisu-plexus.jar
66809000-6680d000 r--s 00027000 08:01 1145546    /usr/share/java/commons-io-2.4.jar
6680d000-66815000 r--s 00054000 08:01 1149507    /usr/share/java/sisu-inject.jar
66815000-6681c000 r--s 0005d000 08:01 1149254    /usr/share/java/commons-lang3.jar
6681c000-6681e000 r--s 0000e000 08:01 1149271    /usr/share/java/plexus-interpolation.jar
6681e000-66820000 r--s 00006000 08:01 1149372    /usr/share/java/eclipse-aether-spi.jar
66820000-66824000 r--s 00027000 08:01 1149367    /usr/share/java/eclipse-aether-impl.jar
66824000-6687f000 rw-p 00000000 00:00 0 
6687f000-66880000 ---p 00000000 00:00 0 
66880000-66900000 rw-p 00000000 00:00 0 
66900000-66921000 rw-p 00000000 00:00 0 
66921000-66a00000 ---p 00000000 00:00 0 
66a00000-66a01000 r--s 00004000 08:01 1145398    /usr/share/java/atinject-jsr330-tck-1.0.jar
66a01000-66a02000 r--s 00008000 08:01 1149370    /usr/share/java/eclipse-aether-connector-basic.jar
66a02000-66a04000 r--s 00005000 08:01 1149373    /usr/share/java/eclipse-aether-transport-wagon.jar
66a04000-66a06000 r--s 00001000 08:01 1149403    /usr/share/java/aopalliance-1.0.jar
66a06000-66a08000 r--s 00001000 08:01 1149538    /usr/share/java/maven3-builder-support-3.3.9.jar
66a08000-66a0d000 r--s 0001d000 08:01 1149374    /usr/share/java/eclipse-aether-api.jar
66a0d000-66a0f000 r--s 00002000 08:01 1149449    /usr/share/java/plexus-cipher.jar
66a0f000-66a10000 r--s 00002000 08:01 1149066    /usr/share/java/slf4j-simple.jar
66a10000-66a12000 r--s 00013000 08:01 1149534    /usr/share/java/maven3-embedder-3.3.9.jar
66a12000-66a14000 r--s 00027000 08:01 1149535    /usr/share/java/maven3-model-3.3.9.jar
66a14000-66a16000 r--s 0000a000 08:01 1147016    /usr/share/java/commons-cli-1.3.1.jar
66a16000-66a18000 r--s 0000a000 08:01 1149512    /usr/share/java/wagon-provider-api-2.x.jar
66a18000-66a1b000 r--s 0000a000 08:01 1149539    /usr/share/java/maven3-artifact-3.3.9.jar
66a1b000-66a1f000 r--s 00020000 08:01 1149392    /usr/share/java/eclipse-aether-util.jar
66a1f000-66a20000 r--s 00006000 08:01 1149532    /usr/share/java/maven3-repository-metadata-3.3.9.jar
66a20000-66a22000 r--s 00007000 08:01 1149069    /usr/share/java/slf4j-api.jar
66a22000-66a23000 r--s 0000a000 08:01 1149528    /usr/share/java/maven3-settings-3.3.9.jar
66a23000-66a24000 r--s 00001000 08:01 1149518    /usr/share/java/wagon-http-shared-2.x.jar
66a24000-66a28000 r--s 00038000 08:01 1149495    /usr/share/java/plexus-utils2.jar
66a28000-66a29000 ---p 00000000 00:00 0 
66a29000-66abf000 rw-p 00000000 00:00 0 
66abf000-66bff000 ---p 00000000 00:00 0 
66bff000-66c15000 rw-p 00000000 00:00 0 
66c15000-66d54000 ---p 00000000 00:00 0 
66d54000-66d7b000 rw-p 00000000 00:00 0 
66d7b000-66dff000 ---p 00000000 00:00 0 
66dff000-698c0000 rw-p 00000000 00:00 0 
698c0000-918c0000 ---p 00000000 00:00 0 
918c0000-965c0000 rw-p 00000000 00:00 0 
965c0000-a6e00000 ---p 00000000 00:00 0 
a6e00000-a6e01000 r--s 00006000 08:01 1149451    /usr/share/java/plexus-sec-dispatcher.jar
a6e01000-a6e07000 r--s 00048000 08:01 1149288    /usr/share/java/jsoup.jar
a6e07000-a6e09000 r--s 0000a000 08:01 1149529    /usr/share/java/maven3-plugin-api-3.3.9.jar
a6e09000-a6e0e000 r--s 00025000 08:01 1149533    /usr/share/java/maven3-model-builder-3.3.9.jar
a6e0e000-a6e13000 r--s 00040000 08:01 1145678    /usr/share/java/commons-lang-2.6.jar
a6e13000-a6e15000 r--s 00000000 08:01 1149499    /usr/share/java/plexus-component-annotations-1.5.jar
a6e15000-a6e17000 r--s 00012000 08:01 1144777    /usr/share/java/el-api-3.0.jar
a6e17000-a6e25000 r--s 00095000 08:01 1149408    /usr/share/java/guice.jar
a6e25000-a6e40000 r--s 00394000 08:01 1693228    /usr/lib/jvm/java-8-openjdk-i386/jre/lib/ext/cldrdata.jar
a6e40000-a6e5f000 rw-p 00000000 00:00 0 
a6e5f000-a7200000 ---p 00000000 00:00 0 
a7200000-a7988000 rwxp 00000000 00:00 0 
a7990000-b6200000 ---p 00000000 00:00 0 
b6200000-b62fb000 rw-p 00000000 00:00 0 
b62fb000-b6300000 ---p 00000000 00:00 0 
b6300000-b6301000 r--s 00000000 08:01 1149240    /usr/share/java/geronimo-interceptor-3.0-spec-1.0.1.jar
b6301000-b6302000 r--s 00000000 08:01 1145399    /usr/share/java/atinject-jsr330-api-1.0.jar
b6302000-b6305000 r--s 00008000 08:01 1149246    /usr/share/java/cdi-api-1.0.jar
b6305000-b630c000 r--s 00041000 08:01 1149530    /usr/share/java/maven3-compat-3.3.9.jar
b630c000-b630e000 r--s 0000a000 08:01 1149493    /usr/share/java/plexus-classworlds2-2.5.2.jar
b630e000-b6310000 r--s 00008000 08:01 1693232    /usr/lib/jvm/java-8-openjdk-i386/jre/lib/ext/sunec.jar
b6310000-b632b000 r--s 001d6000 08:01 1693230    /usr/lib/jvm/java-8-openjdk-i386/jre/lib/ext/nashorn.jar
b632b000-b6331000 r--s 0003a000 08:01 1693231    /usr/lib/jvm/java-8-openjdk-i386/jre/lib/ext/sunjce_provider.jar
b6331000-b633b000 r--s 00116000 08:01 1693233    /usr/lib/jvm/java-8-openjdk-i386/jre/lib/ext/localedata.jar
b633b000-b6353000 rw-p 00000000 00:00 0 
b6353000-b635e000 r-xp 00000000 08:01 3402889    /lib/i386-linux-gnu/libnss_files-2.23.so
b635e000-b635f000 r--p 0000a000 08:01 3402889    /lib/i386-linux-gnu/libnss_files-2.23.so
b635f000-b6360000 rw-p 0000b000 08:01 3402889    /lib/i386-linux-gnu/libnss_files-2.23.so
b6360000-b6366000 rw-p 00000000 00:00 0 
b6366000-b6371000 r-xp 00000000 08:01 3402895    /lib/i386-linux-gnu/libnss_nis-2.23.so
b6371000-b6372000 r--p 0000a000 08:01 3402895    /lib/i386-linux-gnu/libnss_nis-2.23.so
b6372000-b6373000 rw-p 0000b000 08:01 3402895    /lib/i386-linux-gnu/libnss_nis-2.23.so
b6373000-b638a000 r-xp 00000000 08:01 3402652    /lib/i386-linux-gnu/libnsl-2.23.so
b638a000-b638b000 r--p 00016000 08:01 3402652    /lib/i386-linux-gnu/libnsl-2.23.so
b638b000-b638c000 rw-p 00017000 08:01 3402652    /lib/i386-linux-gnu/libnsl-2.23.so
b638c000-b638e000 rw-p 00000000 00:00 0 
b638e000-b6396000 r-xp 00000000 08:01 3402720    /lib/i386-linux-gnu/libnss_compat-2.23.so
b6396000-b6397000 r--p 00007000 08:01 3402720    /lib/i386-linux-gnu/libnss_compat-2.23.so
b6397000-b6398000 rw-p 00008000 08:01 3402720    /lib/i386-linux-gnu/libnss_compat-2.23.so
b6398000-b6399000 r--s 00010000 08:01 1693229    /usr/lib/jvm/java-8-openjdk-i386/jre/lib/ext/zipfs.jar
b6399000-b639b000 r--s 00001000 08:01 1693236    /usr/lib/jvm/java-8-openjdk-i386/jre/lib/ext/dnsns.jar
b639b000-b639e000 r--s 0000f000 08:01 1693227    /usr/lib/jvm/java-8-openjdk-i386/jre/lib/ext/icedtea-sound.jar
b639e000-b63a6000 r-xp 00000000 08:01 1693277    /usr/lib/jvm/java-8-openjdk-i386/jre/lib/i386/libzip.so
b63a6000-b63a7000 r--p 00007000 08:01 1693277    /usr/lib/jvm/java-8-openjdk-i386/jre/lib/i386/libzip.so
b63a7000-b63a8000 rw-p 00008000 08:01 1693277    /usr/lib/jvm/java-8-openjdk-i386/jre/lib/i386/libzip.so
b63a8000-b63b0000 rw-s 00000000 08:01 2576974    /tmp/hsperfdata_sarnobat/24861
b63b0000-b63d7000 r-xp 00000000 08:01 1693258    /usr/lib/jvm/java-8-openjdk-i386/jre/lib/i386/libjava.so
b63d7000-b63d8000 r--p 00026000 08:01 1693258    /usr/lib/jvm/java-8-openjdk-i386/jre/lib/i386/libjava.so
b63d8000-b63d9000 rw-p 00027000 08:01 1693258    /usr/lib/jvm/java-8-openjdk-i386/jre/lib/i386/libjava.so
b63d9000-b63e0000 r-xp 00000000 08:01 3402905    /lib/i386-linux-gnu/librt-2.23.so
b63e0000-b63e1000 r--p 00006000 08:01 3402905    /lib/i386-linux-gnu/librt-2.23.so
b63e1000-b63e2000 rw-p 00007000 08:01 3402905    /lib/i386-linux-gnu/librt-2.23.so
b63e2000-b63e5000 ---p 00000000 00:00 0 
b63e5000-b6433000 rw-p 00000000 00:00 0 
b6433000-b644f000 r-xp 00000000 08:01 3402590    /lib/i386-linux-gnu/libgcc_s.so.1
b644f000-b6450000 rw-p 0001b000 08:01 3402590    /lib/i386-linux-gnu/libgcc_s.so.1
b6450000-b64a3000 r-xp 00000000 08:01 3402651    /lib/i386-linux-gnu/libm-2.23.so
b64a3000-b64a4000 r--p 00052000 08:01 3402651    /lib/i386-linux-gnu/libm-2.23.so
b64a4000-b64a5000 rw-p 00053000 08:01 3402651    /lib/i386-linux-gnu/libm-2.23.so
b64a5000-b6612000 r-xp 00000000 08:01 1104849    /usr/lib/i386-linux-gnu/libstdc++.so.6.0.21
b6612000-b6613000 ---p 0016d000 08:01 1104849    /usr/lib/i386-linux-gnu/libstdc++.so.6.0.21
b6613000-b6618000 r--p 0016d000 08:01 1104849    /usr/lib/i386-linux-gnu/libstdc++.so.6.0.21
b6618000-b6619000 rw-p 00172000 08:01 1104849    /usr/lib/i386-linux-gnu/libstdc++.so.6.0.21
b6619000-b661c000 rw-p 00000000 00:00 0 
b661c000-b70ed000 r-xp 00000000 08:01 1693269    /usr/lib/jvm/java-8-openjdk-i386/jre/lib/i386/server/libjvm.so
b70ed000-b7133000 r--p 00ad0000 08:01 1693269    /usr/lib/jvm/java-8-openjdk-i386/jre/lib/i386/server/libjvm.so
b7133000-b714a000 rw-p 00b16000 08:01 1693269    /usr/lib/jvm/java-8-openjdk-i386/jre/lib/i386/server/libjvm.so
b714a000-b756a000 rw-p 00000000 00:00 0 
b756a000-b7583000 r-xp 00000000 08:01 3402662    /lib/i386-linux-gnu/libpthread-2.23.so
b7583000-b7584000 r--p 00018000 08:01 3402662    /lib/i386-linux-gnu/libpthread-2.23.so
b7584000-b7585000 rw-p 00019000 08:01 3402662    /lib/i386-linux-gnu/libpthread-2.23.so
b7585000-b7587000 rw-p 00000000 00:00 0 
b7587000-b758a000 r-xp 00000000 08:01 3402697    /lib/i386-linux-gnu/libdl-2.23.so
b758a000-b758b000 r--p 00002000 08:01 3402697    /lib/i386-linux-gnu/libdl-2.23.so
b758b000-b758c000 rw-p 00003000 08:01 3402697    /lib/i386-linux-gnu/libdl-2.23.so
b758c000-b758d000 rw-p 00000000 00:00 0 
b758d000-b75a6000 r-xp 00000000 08:01 3402741    /lib/i386-linux-gnu/libz.so.1.2.8
b75a6000-b75a7000 r--p 00018000 08:01 3402741    /lib/i386-linux-gnu/libz.so.1.2.8
b75a7000-b75a8000 rw-p 00019000 08:01 3402741    /lib/i386-linux-gnu/libz.so.1.2.8
b75a8000-b7758000 r-xp 00000000 08:01 3402663    /lib/i386-linux-gnu/libc-2.23.so
b7758000-b775a000 r--p 001af000 08:01 3402663    /lib/i386-linux-gnu/libc-2.23.so
b775a000-b775b000 rw-p 001b1000 08:01 3402663    /lib/i386-linux-gnu/libc-2.23.so
b775b000-b775e000 rw-p 00000000 00:00 0 
b775e000-b775f000 r--s 0000a000 08:01 1693235    /usr/lib/jvm/java-8-openjdk-i386/jre/lib/ext/jaccess.jar
b775f000-b7763000 r--s 00037000 08:01 1693234    /usr/lib/jvm/java-8-openjdk-i386/jre/lib/ext/sunpkcs11.jar
b7763000-b7764000 r--p 002d4000 08:01 1110568    /usr/lib/locale/locale-archive
b7764000-b7765000 rw-p 00000000 00:00 0 
b7765000-b7766000 r--p 00000000 00:00 0 
b7766000-b7774000 r-xp 00000000 08:01 1693275    /usr/lib/jvm/java-8-openjdk-i386/jre/lib/i386/libverify.so
b7774000-b7775000 r--p 0000d000 08:01 1693275    /usr/lib/jvm/java-8-openjdk-i386/jre/lib/i386/libverify.so
b7775000-b7776000 rw-p 0000e000 08:01 1693275    /usr/lib/jvm/java-8-openjdk-i386/jre/lib/i386/libverify.so
b7776000-b7783000 r-xp 00000000 08:01 1693273    /usr/lib/jvm/java-8-openjdk-i386/jre/lib/i386/jli/libjli.so
b7783000-b7784000 r--p 0000c000 08:01 1693273    /usr/lib/jvm/java-8-openjdk-i386/jre/lib/i386/jli/libjli.so
b7784000-b7785000 rw-p 0000d000 08:01 1693273    /usr/lib/jvm/java-8-openjdk-i386/jre/lib/i386/jli/libjli.so
b7785000-b7786000 rw-p 00000000 00:00 0 
b7786000-b7788000 r--p 00000000 00:00 0          [vvar]
b7788000-b7789000 r-xp 00000000 00:00 0          [vdso]
b7789000-b77ac000 r-xp 00000000 08:01 3402661    /lib/i386-linux-gnu/ld-2.23.so
b77ac000-b77ad000 r--p 00022000 08:01 3402661    /lib/i386-linux-gnu/ld-2.23.so
b77ad000-b77ae000 rw-p 00023000 08:01 3402661    /lib/i386-linux-gnu/ld-2.23.so
bf9d5000-bf9f6000 rw-p 00000000 00:00 0          [stack]

VM Arguments:
jvm_args: -Dclassworlds.conf=/usr/share/maven/bin/m2.conf -Dmaven.home=/usr/share/maven -Dmaven.multiModuleProjectDirectory=/home/sarnobat/github/maven_project 
java_command: org.codehaus.plexus.classworlds.launcher.Launcher --quiet --settings /home/sarnobat/sarnobat.git/mac/.m2/settings.xml install exec:java -Dexec.mainClass=Md5RoCopyFile -Dexec.args=4486 ~/sarnobat.git/db/md5ro/md5_files.txt
java_class_path (initial): /usr/share/maven/boot/plexus-classworlds-2.x.jar
Launcher Type: SUN_STANDARD

Environment Variables:
JAVA_HOME=/usr/lib/jvm/java-8-openjdk-i386
PATH=/usr/bin:/bin
SHELL=/bin/sh

Signal Handlers:
SIGSEGV: [libjvm.so+0x8d7370], sa_mask[0]=11111111011111111101111111111110, sa_flags=SA_RESTART|SA_SIGINFO
SIGBUS: [libjvm.so+0x8d7370], sa_mask[0]=11111111011111111101111111111110, sa_flags=SA_RESTART|SA_SIGINFO
SIGFPE: [libjvm.so+0x73d1c0], sa_mask[0]=11111111011111111101111111111110, sa_flags=SA_RESTART|SA_SIGINFO
SIGPIPE: [libjvm.so+0x73d1c0], sa_mask[0]=11111111011111111101111111111110, sa_flags=SA_RESTART|SA_SIGINFO
SIGXFSZ: [libjvm.so+0x73d1c0], sa_mask[0]=11111111011111111101111111111110, sa_flags=SA_RESTART|SA_SIGINFO
SIGILL: [libjvm.so+0x73d1c0], sa_mask[0]=11111111011111111101111111111110, sa_flags=SA_RESTART|SA_SIGINFO
SIGUSR1: SIG_DFL, sa_mask[0]=00000000000000000000000000000000, sa_flags=none
SIGUSR2: [libjvm.so+0x73d000], sa_mask[0]=00000000000000000000000000000000, sa_flags=SA_RESTART|SA_SIGINFO
SIGHUP: [libjvm.so+0x73d790], sa_mask[0]=11111111011111111101111111111110, sa_flags=SA_RESTART|SA_SIGINFO
SIGINT: [libjvm.so+0x73d790], sa_mask[0]=11111111011111111101111111111110, sa_flags=SA_RESTART|SA_SIGINFO
SIGTERM: [libjvm.so+0x73d790], sa_mask[0]=11111111011111111101111111111110, sa_flags=SA_RESTART|SA_SIGINFO
SIGQUIT: [libjvm.so+0x73d790], sa_mask[0]=11111111011111111101111111111110, sa_flags=SA_RESTART|SA_SIGINFO


---------------  S Y S T E M  ---------------

OS:DISTRIB_ID=Ubuntu
DISTRIB_RELEASE=16.04
DISTRIB_CODENAME=xenial
DISTRIB_DESCRIPTION="Ubuntu 16.04.1 LTS"

uname:Linux 4.4.0-104-generic #127-Ubuntu SMP Mon Dec 11 12:16:50 UTC 2017 i686
libc:glibc 2.23 NPTL 2.23 
rlimit: STACK 8192k, CORE 0k, NPROC 63057, NOFILE 1048576, AS infinity
load average:3.07 2.56 2.57

/proc/meminfo:
MemTotal:        8107456 kB
MemFree:          408528 kB
MemAvailable:          0 kB
Buffers:            3348 kB
Cached:           198412 kB
SwapCached:         5120 kB
Active:          6012316 kB
Inactive:        1475172 kB
Active(anon):    6000256 kB
Inactive(anon):  1462888 kB
Active(file):      12060 kB
Inactive(file):    12284 kB
Unevictable:           0 kB
Mlocked:               0 kB
HighTotal:       7292552 kB
HighFree:         111756 kB
LowTotal:         814904 kB
LowFree:          296772 kB
SwapTotal:       4007932 kB
SwapFree:              0 kB
Dirty:               716 kB
Writeback:             0 kB
AnonPages:       7280660 kB
Mapped:            25104 kB
Shmem:            177432 kB
Slab:              98056 kB
SReclaimable:      51044 kB
SUnreclaim:        47012 kB
KernelStack:       16720 kB
PageTables:        46748 kB
NFS_Unstable:          0 kB
Bounce:                0 kB
WritebackTmp:          0 kB
CommitLimit:     8061660 kB
Committed_AS:   25757060 kB
VmallocTotal:     122880 kB
VmallocUsed:           0 kB
VmallocChunk:          0 kB
AnonHugePages:   4272128 kB
CmaTotal:              0 kB
CmaFree:               0 kB
HugePages_Total:       0
HugePages_Free:        0
HugePages_Rsvd:        0
HugePages_Surp:        0
Hugepagesize:       2048 kB
DirectMap4k:       34808 kB
DirectMap2M:      876544 kB


CPU:total 4 (initial active 4) (2 cores per cpu, 2 threads per core) family 6 model 58 stepping 9, cmov, cx8, fxsr, mmx, sse, sse2, sse3, ssse3, sse4.1, sse4.2, popcnt, avx, aes, clmul, erms, ht, tsc, tscinvbit, tscinv

/proc/cpuinfo:
processor	: 0
vendor_id	: GenuineIntel
cpu family	: 6
model		: 58
model name	: Intel(R) Core(TM) i5-3427U CPU @ 1.80GHz
stepping	: 9
microcode	: 0x17
cpu MHz		: 1099.957
cache size	: 3072 KB
physical id	: 0
siblings	: 4
core id		: 0
cpu cores	: 2
apicid		: 0
initial apicid	: 0
fdiv_bug	: no
f00f_bug	: no
coma_bug	: no
fpu		: yes
fpu_exception	: yes
cpuid level	: 13
wp		: yes
flags		: fpu vme de pse tsc msr pae mce cx8 apic sep mtrr pge mca cmov pat pse36 clflush dts acpi mmx fxsr sse sse2 ss ht tm pbe nx rdtscp lm constant_tsc arch_perfmon pebs bts xtopology nonstop_tsc aperfmperf eagerfpu pni pclmulqdq dtes64 monitor ds_cpl vmx smx est tm2 ssse3 cx16 xtpr pdcm pcid sse4_1 sse4_2 x2apic popcnt tsc_deadline_timer aes xsave avx f16c rdrand lahf_lm epb tpr_shadow vnmi flexpriority ept vpid fsgsbase smep erms xsaveopt dtherm ida arat pln pts
bugs		:
bogomips	: 4589.86
clflush size	: 64
cache_alignment	: 64
address sizes	: 36 bits physical, 48 bits virtual
power management:

processor	: 1
vendor_id	: GenuineIntel
cpu family	: 6
model		: 58
model name	: Intel(R) Core(TM) i5-3427U CPU @ 1.80GHz
stepping	: 9
microcode	: 0x17
cpu MHz		: 1099.957
cache size	: 3072 KB
physical id	: 0
siblings	: 4
core id		: 1
cpu cores	: 2
apicid		: 2
initial apicid	: 2
fdiv_bug	: no
f00f_bug	: no
coma_bug	: no
fpu		: yes
fpu_exception	: yes
cpuid level	: 13
wp		: yes
flags		: fpu vme de pse tsc msr pae mce cx8 apic sep mtrr pge mca cmov pat pse36 clflush dts acpi mmx fxsr sse sse2 ss ht tm pbe nx rdtscp lm constant_tsc arch_perfmon pebs bts xtopology nonstop_tsc aperfmperf eagerfpu pni pclmulqdq dtes64 monitor ds_cpl vmx smx est tm2 ssse3 cx16 xtpr pdcm pcid sse4_1 sse4_2 x2apic popcnt tsc_deadline_timer aes xsave avx f16c rdrand lahf_lm epb tpr_shadow vnmi flexpriority ept vpid fsgsbase smep erms xsaveopt dtherm ida arat pln pts
bugs		:
bogomips	: 4589.86
clflush size	: 64
cache_alignment	: 64
address sizes	: 36 bits physical, 48 bits virtual
power management:

processor	: 2
vendor_id	: GenuineIntel
cpu family	: 6
model		: 58
model name	: Intel(R) Core(TM) i5-3427U CPU @ 1.80GHz
stepping	: 9
microcode	: 0x17
cpu MHz		: 1099.957
cache size	: 3072 KB
physical id	: 0
siblings	: 4
core id		: 0
cpu cores	: 2
apicid		: 1
initial apicid	: 1
fdiv_bug	: no
f00f_bug	: no
coma_bug	: no
fpu		: yes
fpu_exception	: yes
cpuid level	: 13
wp		: yes
flags		: fpu vme de pse tsc msr pae mce cx8 apic sep mtrr pge mca cmov pat pse36 clflush dts acpi mmx fxsr sse sse2 ss ht tm pbe nx rdtscp lm constant_tsc arch_perfmon pebs bts xtopology nonstop_tsc aperfmperf eagerfpu pni pclmulqdq dtes64 monitor ds_cpl vmx smx est tm2 ssse3 cx16 xtpr pdcm pcid sse4_1 sse4_2 x2apic popcnt tsc_deadline_timer aes xsave avx f16c rdrand lahf_lm epb tpr_shadow vnmi flexpriority ept vpid fsgsbase smep erms xsaveopt dtherm ida arat pln pts
bugs		:
bogomips	: 4589.86
clflush size	: 64
cache_alignment	: 64
address sizes	: 36 bits physical, 48 bits virtual
power management:

processor	: 3
vendor_id	: GenuineIntel
cpu family	: 6
model		: 58
model name	: Intel(R) Core(TM) i5-3427U CPU @ 1.80GHz
stepping	: 9
microcode	: 0x17
cpu MHz		: 1099.957
cache size	: 3072 KB
physical id	: 0
siblings	: 4
core id		: 1
cpu cores	: 2
apicid		: 3
initial apicid	: 3
fdiv_bug	: no
f00f_bug	: no
coma_bug	: no
fpu		: yes
fpu_exception	: yes
cpuid level	: 13
wp		: yes
flags		: fpu vme de pse tsc msr pae mce cx8 apic sep mtrr pge mca cmov pat pse36 clflush dts acpi mmx fxsr sse sse2 ss ht tm pbe nx rdtscp lm constant_tsc arch_perfmon pebs bts xtopology nonstop_tsc aperfmperf eagerfpu pni pclmulqdq dtes64 monitor ds_cpl vmx smx est tm2 ssse3 cx16 xtpr pdcm pcid sse4_1 sse4_2 x2apic popcnt tsc_deadline_timer aes xsave avx f16c rdrand lahf_lm epb tpr_shadow vnmi flexpriority ept vpid fsgsbase smep erms xsaveopt dtherm ida arat pln pts
bugs		:
bogomips	: 4589.86
clflush size	: 64
cache_alignment	: 64
address sizes	: 36 bits physical, 48 bits virtual
power management:



Memory: 4k page, physical 8107456k(408156k free), swap 4007932k(0k free)

vm_info: OpenJDK Server VM (25.151-b12) for linux-x86 JRE (1.8.0_151-8u151-b12-0ubuntu0.16.04.2-b12), built on Oct 27 2017 22:05:04 by "buildd" with gcc 5.4.0 20160609

time: Thu Mar 22 17:38:12 2018
elapsed time: 11 seconds (0d 0h 0m 11s)

