#
# There is insufficient memory for the Java Runtime Environment to continue.
# Native memory allocation (mmap) failed to map 40370176 bytes for committing reserved memory.
# Possible reasons:
#   The system is out of physical RAM or swap space
#   In 32 bit mode, the process size limit was hit
# Possible solutions:
#   Reduce memory load on the system
#   Increase physical memory or swap space
#   Check if swap backing store is full
#   Use 64 bit Java on a 64 bit OS
#   Decrease Java heap size (-Xmx/-Xms)
#   Decrease number of Java threads
#   Decrease Java thread stack sizes (-Xss)
#   Set larger code cache with -XX:ReservedCodeCacheSize=
# This output file may be truncated or incomplete.
#
#  Out of Memory Error (os_linux.cpp:2643), pid=5601, tid=0x639e5b40
#
# JRE version: OpenJDK Runtime Environment (8.0_162-b12) (build 1.8.0_162-8u162-b12-0ubuntu0.16.04.2-b12)
# Java VM: OpenJDK Server VM (25.162-b12 mixed mode linux-x86 )
# Failed to write core dump. Core dumps have been disabled. To enable core dumping, try "ulimit -c unlimited" before starting Java again
#

---------------  T H R E A D  ---------------

Current thread (0x63880c00):  VMThread [stack: 0x63965000,0x639e6000] [id=5682]

Stack: [0x63965000,0x639e6000],  sp=0x639e4b40,  free space=510k
Native frames: (J=compiled Java code, j=interpreted, Vv=VM code, C=native code)
V  [libjvm.so+0x8da814]
V  [libjvm.so+0x3a9046]
V  [libjvm.so+0x744ce0]
V  [libjvm.so+0x73eb53]
V  [libjvm.so+0x7b0e1c]
V  [libjvm.so+0x7b1e5b]
V  [libjvm.so+0x7ae917]
V  [libjvm.so+0x7af163]
V  [libjvm.so+0x767f15]
V  [libjvm.so+0x8dc3d9]
V  [libjvm.so+0x8e1536]
V  [libjvm.so+0x8df620]
V  [libjvm.so+0x8dfd75]
V  [libjvm.so+0x8e037b]
V  [libjvm.so+0x741e15]
C  [libpthread.so.0+0x6295]  start_thread+0xe5

VM_Operation (0xb646cf74): ParallelGCFailedAllocation, mode: safepoint, requested by thread 0xb6308400


---------------  P R O C E S S  ---------------

Java Threads: ( => current thread )
  0x638a9c00 JavaThread "Service Thread" daemon [_thread_blocked, id=5698, stack(0x6318a000,0x631db000)]
  0x638a6800 JavaThread "C1 CompilerThread2" daemon [_thread_blocked, id=5695, stack(0x631db000,0x6325c000)]
  0x638a5800 JavaThread "C2 CompilerThread1" daemon [_thread_blocked, id=5694, stack(0x6325c000,0x632dd000)]
  0x638a3800 JavaThread "C2 CompilerThread0" daemon [_thread_blocked, id=5691, stack(0x632dd000,0x6335e000)]
  0x638a2000 JavaThread "Signal Dispatcher" daemon [_thread_blocked, id=5687, stack(0x6335e000,0x633af000)]
  0x63888000 JavaThread "Finalizer" daemon [_thread_blocked, id=5686, stack(0x635af000,0x63600000)]
  0x63885400 JavaThread "Reference Handler" daemon [_thread_blocked, id=5684, stack(0x63914000,0x63965000)]
  0xb6308400 JavaThread "main" [_thread_blocked, id=5671, stack(0xb641f000,0xb6470000)]

Other Threads:
=>0x63880c00 VMThread [stack: 0x63965000,0x639e6000] [id=5682]
  0x638ab800 WatcherThread [stack: 0x63109000,0x6318a000] [id=5699]

VM state:at safepoint (normal execution)

VM Mutex/Monitor currently owned by a thread:  ([mutex/lock_event])
[0xb6305a48] Threads_lock - owner thread: 0x63880c00
[0xb6305e58] Heap_lock - owner thread: 0xb6308400

Heap:
 PSYoungGen      total 35840K, used 2552K [0x918c0000, 0x93e40000, 0xa6e00000)
  eden space 33280K, 0% used [0x918c0000,0x918c0000,0x93940000)
  from space 2560K, 99% used [0x93940000,0x93bbe080,0x93bc0000)
  to   space 2560K, 0% used [0x93bc0000,0x93bc0000,0x93e40000)
 ParOldGen       total 43776K, used 6527K [0x66e00000, 0x698c0000, 0x918c0000)
  object space 43776K, 14% used [0x66e00000,0x6745fdd8,0x698c0000)
 Metaspace       used 9985K, capacity 10075K, committed 10136K, reserved 10544K

Card table byte_map: [0x66bff000,0x66e00000] byte_map_base: 0x668c8000

Marking Bits: (ParMarkBitMap*) 0xb719a8a0
 Begin Bits: [0x64400000, 0x65400000)
 End Bits:   [0x65400000, 0x66400000)

Polling page: 0xb77a7000

CodeCache: size=245760Kb used=5015Kb max_used=5024Kb free=240744Kb
 bounds [0xa7283000, 0xa7773000, 0xb6283000]
 total_blobs=2003 nmethods=1825 adapters=92
 compilation: enabled

Compilation events (10 events):
Event: 3.331 Thread 0x638a6800 nmethod 1826 0xa7759008 code [0xa7759140, 0xa77592e0]
Event: 3.335 Thread 0x638a5800 nmethod 1815 0xa775ffc8 code [0xa7760120, 0xa7760550]
Event: 3.335 Thread 0x638a5800 1817       4       java.lang.Character::codePointAt (51 bytes)
Event: 3.338 Thread 0x638a5800 nmethod 1817 0xa776d0c8 code [0xa776d1e0, 0xa776d370]
Event: 3.338 Thread 0x638a5800 1818       4       java.util.regex.Pattern$BitClass::isSatisfiedBy (22 bytes)
Event: 3.338 Thread 0x638a5800 nmethod 1818 0xa775e688 code [0xa775e780, 0xa775e810]
Event: 3.338 Thread 0x638a6800 1827       3       com.google.common.base.Preconditions::checkElementIndex (8 bytes)
Event: 3.339 Thread 0x638a6800 nmethod 1827 0xa7761bc8 code [0xa7761d00, 0xa7761f18]
Event: 3.346 Thread 0x638a6800 1828       3       java.util.Calendar::internalSet (8 bytes)
Event: 3.346 Thread 0x638a6800 nmethod 1828 0xa77618c8 code [0xa77619e0, 0xa7761ae0]

GC Heap History (9 events):
Event: 0.755 GC heap before
{Heap before GC invocations=1 (full 0):
 PSYoungGen      total 19200K, used 16640K [0x918c0000, 0x92e00000, 0xa6e00000)
  eden space 16640K, 100% used [0x918c0000,0x92900000,0x92900000)
  from space 2560K, 0% used [0x92b80000,0x92b80000,0x92e00000)
  to   space 2560K, 0% used [0x92900000,0x92900000,0x92b80000)
 ParOldGen       total 43776K, used 0K [0x66e00000, 0x698c0000, 0x918c0000)
  object space 43776K, 0% used [0x66e00000,0x66e00000,0x698c0000)
 Metaspace       used 4674K, capacity 4714K, committed 4760K, reserved 5424K
Event: 0.759 GC heap after
Heap after GC invocations=1 (full 0):
 PSYoungGen      total 19200K, used 2555K [0x918c0000, 0x92e00000, 0xa6e00000)
  eden space 16640K, 0% used [0x918c0000,0x918c0000,0x92900000)
  from space 2560K, 99% used [0x92900000,0x92b7ecc0,0x92b80000)
  to   space 2560K, 0% used [0x92b80000,0x92b80000,0x92e00000)
 ParOldGen       total 43776K, used 800K [0x66e00000, 0x698c0000, 0x918c0000)
  object space 43776K, 1% used [0x66e00000,0x66ec8338,0x698c0000)
 Metaspace       used 4674K, capacity 4714K, committed 4760K, reserved 5424K
}
Event: 1.180 GC heap before
{Heap before GC invocations=2 (full 0):
 PSYoungGen      total 19200K, used 19195K [0x918c0000, 0x92e00000, 0xa6e00000)
  eden space 16640K, 100% used [0x918c0000,0x92900000,0x92900000)
  from space 2560K, 99% used [0x92900000,0x92b7ecc0,0x92b80000)
  to   space 2560K, 0% used [0x92b80000,0x92b80000,0x92e00000)
 ParOldGen       total 43776K, used 800K [0x66e00000, 0x698c0000, 0x918c0000)
  object space 43776K, 1% used [0x66e00000,0x66ec8338,0x698c0000)
 Metaspace       used 5309K, capacity 5386K, committed 5400K, reserved 5424K
Event: 1.188 GC heap after
Heap after GC invocations=2 (full 0):
 PSYoungGen      total 19200K, used 2548K [0x918c0000, 0x93e40000, 0xa6e00000)
  eden space 16640K, 0% used [0x918c0000,0x918c0000,0x92900000)
  from space 2560K, 99% used [0x92b80000,0x92dfd310,0x92e00000)
  to   space 2560K, 0% used [0x92900000,0x92900000,0x92b80000)
 ParOldGen       total 43776K, used 900K [0x66e00000, 0x698c0000, 0x918c0000)
  object space 43776K, 2% used [0x66e00000,0x66ee1160,0x698c0000)
 Metaspace       used 5309K, capacity 5386K, committed 5400K, reserved 5424K
}
Event: 1.480 GC heap before
{Heap before GC invocations=3 (full 0):
 PSYoungGen      total 19200K, used 19188K [0x918c0000, 0x93e40000, 0xa6e00000)
  eden space 16640K, 100% used [0x918c0000,0x92900000,0x92900000)
  from space 2560K, 99% used [0x92b80000,0x92dfd310,0x92e00000)
  to   space 2560K, 0% used [0x92900000,0x92900000,0x92b80000)
 ParOldGen       total 43776K, used 900K [0x66e00000, 0x698c0000, 0x918c0000)
  object space 43776K, 2% used [0x66e00000,0x66ee1160,0x698c0000)
 Metaspace       used 6642K, capacity 6711K, committed 6808K, reserved 7472K
Event: 1.484 GC heap after
Heap after GC invocations=3 (full 0):
 PSYoungGen      total 19200K, used 2559K [0x918c0000, 0x93e40000, 0xa6e00000)
  eden space 16640K, 0% used [0x918c0000,0x918c0000,0x92900000)
  from space 2560K, 99% used [0x92900000,0x92b7fc20,0x92b80000)
  to   space 2560K, 0% used [0x93bc0000,0x93bc0000,0x93e40000)
 ParOldGen       total 43776K, used 2351K [0x66e00000, 0x698c0000, 0x918c0000)
  object space 43776K, 5% used [0x66e00000,0x6704bcc8,0x698c0000)
 Metaspace       used 6642K, capacity 6711K, committed 6808K, reserved 7472K
}
Event: 1.845 GC heap before
{Heap before GC invocations=4 (full 0):
 PSYoungGen      total 19200K, used 19199K [0x918c0000, 0x93e40000, 0xa6e00000)
  eden space 16640K, 100% used [0x918c0000,0x92900000,0x92900000)
  from space 2560K, 99% used [0x92900000,0x92b7fc20,0x92b80000)
  to   space 2560K, 0% used [0x93bc0000,0x93bc0000,0x93e40000)
 ParOldGen       total 43776K, used 2351K [0x66e00000, 0x698c0000, 0x918c0000)
  object space 43776K, 5% used [0x66e00000,0x6704bcc8,0x698c0000)
 Metaspace       used 8077K, capacity 8158K, committed 8216K, reserved 8496K
Event: 1.853 GC heap after
Heap after GC invocations=4 (full 0):
 PSYoungGen      total 35840K, used 2554K [0x918c0000, 0x93e40000, 0xa6e00000)
  eden space 33280K, 0% used [0x918c0000,0x918c0000,0x93940000)
  from space 2560K, 99% used [0x93bc0000,0x93e3e880,0x93e40000)
  to   space 2560K, 0% used [0x93940000,0x93940000,0x93bc0000)
 ParOldGen       total 43776K, used 4391K [0x66e00000, 0x698c0000, 0x918c0000)
  object space 43776K, 10% used [0x66e00000,0x67249f08,0x698c0000)
 Metaspace       used 8077K, capacity 8158K, committed 8216K, reserved 8496K
}
Event: 3.352 GC heap before
{Heap before GC invocations=5 (full 0):
 PSYoungGen      total 35840K, used 35834K [0x918c0000, 0x93e40000, 0xa6e00000)
  eden space 33280K, 100% used [0x918c0000,0x93940000,0x93940000)
  from space 2560K, 99% used [0x93bc0000,0x93e3e880,0x93e40000)
  to   space 2560K, 0% used [0x93940000,0x93940000,0x93bc0000)
 ParOldGen       total 43776K, used 4391K [0x66e00000, 0x698c0000, 0x918c0000)
  object space 43776K, 10% used [0x66e00000,0x67249f08,0x698c0000)
 Metaspace       used 9985K, capacity 10075K, committed 10136K, reserved 10544K

Deoptimization events (10 events):
Event: 0.965 Thread 0xb6308400 Uncommon trap: reason=unstable_if action=reinterpret pc=0xa7451664 method=java.io.Reader.read()I @ 12
Event: 2.244 Thread 0xb6308400 Uncommon trap: reason=unstable_if action=reinterpret pc=0xa76069f8 method=com.google.inject.internal.asm.$Type.a(Ljava/lang/StringBuffer;Ljava/lang/Class;)V @ 127
Event: 2.330 Thread 0xb6308400 Uncommon trap: reason=unstable_if action=reinterpret pc=0xa74feda0 method=java.util.concurrent.ConcurrentHashMap.putVal(Ljava/lang/Object;Ljava/lang/Object;Z)Ljava/lang/Object; @ 206
Event: 2.642 Thread 0xb6308400 Uncommon trap: reason=unstable_if action=reinterpret pc=0xa75fefa0 method=com.google.inject.internal.asm.$Item.a(Lcom/google/inject/internal/asm/$Item;)Z @ 345
Event: 2.836 Thread 0xb6308400 Uncommon trap: reason=bimorphic action=maybe_recompile pc=0xa75af4ec method=java.lang.ClassLoader.loadClass(Ljava/lang/String;Z)Ljava/lang/Class; @ 38
Event: 2.836 Thread 0xb6308400 Uncommon trap: reason=bimorphic action=maybe_recompile pc=0xa75af4ec method=java.lang.ClassLoader.loadClass(Ljava/lang/String;Z)Ljava/lang/Class; @ 38
Event: 2.836 Thread 0xb6308400 Uncommon trap: reason=bimorphic action=maybe_recompile pc=0xa75af4ec method=java.lang.ClassLoader.loadClass(Ljava/lang/String;Z)Ljava/lang/Class; @ 38
Event: 2.836 Thread 0xb6308400 Uncommon trap: reason=bimorphic action=maybe_recompile pc=0xa75af4ec method=java.lang.ClassLoader.loadClass(Ljava/lang/String;Z)Ljava/lang/Class; @ 38
Event: 3.119 Thread 0xb6308400 Uncommon trap: reason=unstable_if action=reinterpret pc=0xa74b3620 method=org.codehaus.plexus.util.xml.pull.MXParser.nextImpl()I @ 269
Event: 3.171 Thread 0xb6308400 Uncommon trap: reason=unstable_if action=reinterpret pc=0xa7747fec method=java.util.regex.Pattern$Slice.match(Ljava/util/regex/Matcher;ILjava/lang/CharSequence;)Z @ 29

Classes redefined (0 events):
No events

Internal exceptions (10 events):
Event: 0.796 Thread 0xb6308400 Exception <a 'java/lang/ArrayIndexOutOfBoundsException': 85> (0x91a03478) thrown at [/build/openjdk-8-2Hm3Za/openjdk-8-8u162-b12/src/hotspot/src/share/vm/interpreter/interpreterRuntime.cpp, line 366]
Event: 2.382 Thread 0xb6308400 Exception <a 'java/lang/NoClassDefFoundError': com/google/inject/servlet/ServletModuleTargetVisitor> (0x922e3828) thrown at [/build/openjdk-8-2Hm3Za/openjdk-8-8u162-b12/src/hotspot/src/share/vm/classfile/systemDictionary.cpp, line 199]
Event: 2.382 Thread 0xb6308400 Exception <a 'java/lang/NoClassDefFoundError'> (0x922e3828) thrown at [/build/openjdk-8-2Hm3Za/openjdk-8-8u162-b12/src/hotspot/src/share/vm/prims/jvm.cpp, line 1394]
Event: 2.382 Thread 0xb6308400 Exception <a 'java/lang/NoClassDefFoundError': javax/annotation/Priority> (0x922e8830) thrown at [/build/openjdk-8-2Hm3Za/openjdk-8-8u162-b12/src/hotspot/src/share/vm/classfile/systemDictionary.cpp, line 199]
Event: 3.208 Thread 0xb6308400 Exception <a 'java/lang/NullPointerException'> (0x935f5650) thrown at [/build/openjdk-8-2Hm3Za/openjdk-8-8u162-b12/src/hotspot/src/share/vm/interpreter/linkResolver.cpp, line 1185]
Event: 3.208 Thread 0xb6308400 Exception <a 'java/lang/NullPointerException'> (0x935f5860) thrown at [/build/openjdk-8-2Hm3Za/openjdk-8-8u162-b12/src/hotspot/src/share/vm/interpreter/linkResolver.cpp, line 1185]
Event: 3.208 Thread 0xb6308400 Exception <a 'java/lang/NullPointerException'> (0x935f5a70) thrown at [/build/openjdk-8-2Hm3Za/openjdk-8-8u162-b12/src/hotspot/src/share/vm/interpreter/linkResolver.cpp, line 1185]
Event: 3.209 Thread 0xb6308400 Exception <a 'java/lang/NullPointerException'> (0x935fe248) thrown at [/build/openjdk-8-2Hm3Za/openjdk-8-8u162-b12/src/hotspot/src/share/vm/interpreter/linkResolver.cpp, line 1185]
Event: 3.209 Thread 0xb6308400 Exception <a 'java/lang/NullPointerException'> (0x935fe458) thrown at [/build/openjdk-8-2Hm3Za/openjdk-8-8u162-b12/src/hotspot/src/share/vm/interpreter/linkResolver.cpp, line 1185]
Event: 3.209 Thread 0xb6308400 Exception <a 'java/lang/NullPointerException'> (0x935fe668) thrown at [/build/openjdk-8-2Hm3Za/openjdk-8-8u162-b12/src/hotspot/src/share/vm/interpreter/linkResolver.cpp, line 1185]

Events (10 events):
Event: 3.350 loading class org/apache/maven/model/Prerequisites done
Event: 3.351 loading class org/apache/maven/model/Scm
Event: 3.351 loading class org/apache/maven/model/Scm done
Event: 3.351 loading class org/apache/maven/model/IssueManagement
Event: 3.351 loading class org/apache/maven/model/IssueManagement done
Event: 3.352 loading class org/apache/maven/model/CiManagement
Event: 3.352 loading class org/apache/maven/model/CiManagement done
Event: 3.352 loading class org/apache/maven/model/interpolation/StringSearchModelInterpolator$InterpolateObjectAction$StringField
Event: 3.352 loading class org/apache/maven/model/interpolation/StringSearchModelInterpolator$InterpolateObjectAction$StringField done
Event: 3.352 Executing VM operation: ParallelGCFailedAllocation


Dynamic libraries:
08048000-08049000 r-xp 00000000 08:01 1693449    /usr/lib/jvm/java-8-openjdk-i386/jre/bin/java
08049000-0804a000 r--p 00000000 08:01 1693449    /usr/lib/jvm/java-8-openjdk-i386/jre/bin/java
0804a000-0804b000 rw-p 00001000 08:01 1693449    /usr/lib/jvm/java-8-openjdk-i386/jre/bin/java
0926d000-0928e000 rw-p 00000000 00:00 0          [heap]
61e00000-61ece000 rw-p 00000000 00:00 0 
61ece000-61f00000 ---p 00000000 00:00 0 
61f00000-61fa0000 rw-p 00000000 00:00 0 
61fa0000-62000000 ---p 00000000 00:00 0 
62000000-62100000 rw-p 00000000 00:00 0 
62100000-62199000 rw-p 00000000 00:00 0 
62199000-62200000 ---p 00000000 00:00 0 
62200000-62300000 rw-p 00000000 00:00 0 
62300000-623ce000 rw-p 00000000 00:00 0 
623ce000-62400000 ---p 00000000 00:00 0 
62400000-62500000 rw-p 00000000 00:00 0 
62500000-62598000 rw-p 00000000 00:00 0 
62598000-62600000 ---p 00000000 00:00 0 
62600000-62700000 rw-p 00000000 00:00 0 
62700000-62800000 rw-p 00000000 00:00 0 
62800000-62900000 rw-p 00000000 00:00 0 
62900000-629fa000 rw-p 00000000 00:00 0 
629fa000-62a00000 ---p 00000000 00:00 0 
62a00000-62afc000 rw-p 00000000 00:00 0 
62afc000-62b00000 ---p 00000000 00:00 0 
62b00000-62c00000 rw-p 00000000 00:00 0 
62c00000-62cff000 rw-p 00000000 00:00 0 
62cff000-62d00000 ---p 00000000 00:00 0 
62d00000-62e00000 rw-p 00000000 00:00 0 
62e00000-62f00000 rw-p 00000000 00:00 0 
62f98000-62f9d000 r--s 0009d000 08:01 1692599    /usr/lib/jvm/java-8-openjdk-i386/jre/lib/jsse.jar
62f9d000-62faa000 r--s 0008d000 08:01 1149531    /usr/share/java/maven3-core-3.3.9.jar
62faa000-62fab000 r--s 00001000 08:01 1149511    /usr/share/java/wagon-file-2.x.jar
62fab000-62fae000 r--s 00007000 08:01 1149537    /usr/share/java/maven3-settings-builder-3.3.9.jar
62fae000-62fb0000 r--s 0000d000 08:01 1149536    /usr/share/java/maven3-aether-provider-3.3.9.jar
62fb0000-62fb7000 r--s 0002c000 08:01 1149509    /usr/share/java/sisu-plexus.jar
62fb7000-62fbb000 r--s 00027000 08:01 1145546    /usr/share/java/commons-io-2.4.jar
62fbb000-62fc3000 r--s 00054000 08:01 1149507    /usr/share/java/sisu-inject.jar
62fc3000-62fca000 r--s 0005d000 08:01 1149254    /usr/share/java/commons-lang3.jar
62fca000-62fcb000 r--s 00004000 08:01 1145398    /usr/share/java/atinject-jsr330-tck-1.0.jar
62fcb000-62fcd000 r--s 0000e000 08:01 1149271    /usr/share/java/plexus-interpolation.jar
62fcd000-62fcf000 r--s 00006000 08:01 1149372    /usr/share/java/eclipse-aether-spi.jar
62fcf000-62fd0000 r--s 00008000 08:01 1149370    /usr/share/java/eclipse-aether-connector-basic.jar
62fd0000-62fd4000 r--s 00027000 08:01 1149367    /usr/share/java/eclipse-aether-impl.jar
62fd4000-63000000 r--s 00208000 08:01 1148516    /usr/share/java/guava.jar
63000000-63100000 rw-p 00000000 00:00 0 
63100000-63102000 r--s 00005000 08:01 1149373    /usr/share/java/eclipse-aether-transport-wagon.jar
63102000-63104000 r--s 00001000 08:01 1149403    /usr/share/java/aopalliance-1.0.jar
63104000-63109000 r--s 0001d000 08:01 1149374    /usr/share/java/eclipse-aether-api.jar
63109000-6310a000 ---p 00000000 00:00 0 
6310a000-6318a000 rw-p 00000000 00:00 0 
6318a000-6318d000 ---p 00000000 00:00 0 
6318d000-631db000 rw-p 00000000 00:00 0 
631db000-631de000 ---p 00000000 00:00 0 
631de000-6325c000 rw-p 00000000 00:00 0 
6325c000-6325f000 ---p 00000000 00:00 0 
6325f000-632dd000 rw-p 00000000 00:00 0 
632dd000-632e0000 ---p 00000000 00:00 0 
632e0000-6335e000 rw-p 00000000 00:00 0 
6335e000-63361000 ---p 00000000 00:00 0 
63361000-633af000 rw-p 00000000 00:00 0 
633af000-635af000 r--p 00000000 08:01 1110568    /usr/lib/locale/locale-archive
635af000-635b2000 ---p 00000000 00:00 0 
635b2000-63600000 rw-p 00000000 00:00 0 
63600000-636fe000 rw-p 00000000 00:00 0 
636fe000-63700000 ---p 00000000 00:00 0 
63700000-63721000 rw-p 00000000 00:00 0 
63721000-63800000 ---p 00000000 00:00 0 
63800000-638fb000 rw-p 00000000 00:00 0 
638fb000-63900000 ---p 00000000 00:00 0 
63900000-63902000 r--s 00001000 08:01 1149538    /usr/share/java/maven3-builder-support-3.3.9.jar
63902000-63904000 r--s 00002000 08:01 1149449    /usr/share/java/plexus-cipher.jar
63904000-63905000 r--s 00002000 08:01 1149066    /usr/share/java/slf4j-simple.jar
63905000-63907000 r--s 00013000 08:01 1149534    /usr/share/java/maven3-embedder-3.3.9.jar
63907000-63909000 r--s 00027000 08:01 1149535    /usr/share/java/maven3-model-3.3.9.jar
63909000-6390b000 r--s 0000a000 08:01 1147016    /usr/share/java/commons-cli-1.3.1.jar
6390b000-6390d000 r--s 0000a000 08:01 1149512    /usr/share/java/wagon-provider-api-2.x.jar
6390d000-63910000 r--s 0000a000 08:01 1149539    /usr/share/java/maven3-artifact-3.3.9.jar
63910000-63914000 r--s 00020000 08:01 1149392    /usr/share/java/eclipse-aether-util.jar
63914000-63917000 ---p 00000000 00:00 0 
63917000-63965000 rw-p 00000000 00:00 0 
63965000-63966000 ---p 00000000 00:00 0 
63966000-639e6000 rw-p 00000000 00:00 0 
639e6000-63bb4000 r--s 03c2c000 08:01 1692598    /usr/lib/jvm/java-8-openjdk-i386/jre/lib/rt.jar
63bb4000-63ffa000 rw-p 00000000 00:00 0 
63ffa000-64000000 ---p 00000000 00:00 0 
64000000-66400000 rw-p 00000000 00:00 0 
66400000-664fc000 rw-p 00000000 00:00 0 
664fc000-66500000 ---p 00000000 00:00 0 
66500000-66531000 r--s 00207000 08:01 1149515    /usr/share/java/wagon-http-shaded-2.x.jar
66531000-6657f000 rw-p 00000000 00:00 0 
6657f000-66580000 ---p 00000000 00:00 0 
66580000-66600000 rw-p 00000000 00:00 0 
66600000-666fc000 rw-p 00000000 00:00 0 
666fc000-66700000 ---p 00000000 00:00 0 
66700000-66721000 rw-p 00000000 00:00 0 
66721000-66800000 ---p 00000000 00:00 0 
66800000-66801000 r--s 00006000 08:01 1149532    /usr/share/java/maven3-repository-metadata-3.3.9.jar
66801000-66803000 r--s 00007000 08:01 1149069    /usr/share/java/slf4j-api.jar
66803000-66804000 r--s 0000a000 08:01 1149528    /usr/share/java/maven3-settings-3.3.9.jar
66804000-66805000 r--s 00001000 08:01 1149518    /usr/share/java/wagon-http-shared-2.x.jar
66805000-66809000 r--s 00038000 08:01 1149495    /usr/share/java/plexus-utils2.jar
66809000-6680f000 r--s 00048000 08:01 1149288    /usr/share/java/jsoup.jar
6680f000-66811000 r--s 0000a000 08:01 1149529    /usr/share/java/maven3-plugin-api-3.3.9.jar
66811000-66816000 r--s 00025000 08:01 1149533    /usr/share/java/maven3-model-builder-3.3.9.jar
66816000-66824000 r--s 00095000 08:01 1149408    /usr/share/java/guice.jar
66824000-6687f000 rw-p 00000000 00:00 0 
6687f000-66880000 ---p 00000000 00:00 0 
66880000-66900000 rw-p 00000000 00:00 0 
66900000-66921000 rw-p 00000000 00:00 0 
66921000-66a00000 ---p 00000000 00:00 0 
66a00000-66a01000 r--s 00006000 08:01 1149451    /usr/share/java/plexus-sec-dispatcher.jar
66a01000-66a06000 r--s 00040000 08:01 1145678    /usr/share/java/commons-lang-2.6.jar
66a06000-66a08000 r--s 00000000 08:01 1149499    /usr/share/java/plexus-component-annotations-1.5.jar
66a08000-66a0a000 r--s 00012000 08:01 1144777    /usr/share/java/el-api-3.0.jar
66a0a000-66a0d000 r--s 00008000 08:01 1149246    /usr/share/java/cdi-api-1.0.jar
66a0d000-66a28000 r--s 00394000 08:01 1692580    /usr/lib/jvm/java-8-openjdk-i386/jre/lib/ext/cldrdata.jar
66a28000-66a29000 ---p 00000000 00:00 0 
66a29000-66abf000 rw-p 00000000 00:00 0 
66abf000-66bff000 ---p 00000000 00:00 0 
66bff000-66c15000 rw-p 00000000 00:00 0 
66c15000-66d54000 ---p 00000000 00:00 0 
66d54000-66d68000 rw-p 00000000 00:00 0 
66d68000-66dff000 ---p 00000000 00:00 0 
66dff000-698c0000 rw-p 00000000 00:00 0 
698c0000-918c0000 ---p 00000000 00:00 0 
918c0000-93e40000 rw-p 00000000 00:00 0 
964c0000-a6e00000 ---p 00000000 00:00 0 
a6e00000-a6e01000 r--s 00000000 08:01 1149240    /usr/share/java/geronimo-interceptor-3.0-spec-1.0.1.jar
a6e01000-a6e08000 r--s 00041000 08:01 1149530    /usr/share/java/maven3-compat-3.3.9.jar
a6e08000-a6e0a000 r--s 0000a000 08:01 1149493    /usr/share/java/plexus-classworlds2-2.5.2.jar
a6e0a000-a6e25000 r--s 001d6000 08:01 1692582    /usr/lib/jvm/java-8-openjdk-i386/jre/lib/ext/nashorn.jar
a6e25000-a6e2a000 r--s 0003b000 08:01 1692576    /usr/lib/jvm/java-8-openjdk-i386/jre/lib/ext/sunjce_provider.jar
a6e2a000-a6e42000 rw-p 00000000 00:00 0 
a6e42000-a6e43000 ---p 00000000 00:00 0 
a6e43000-a6ed7000 rw-p 00000000 00:00 0 
a6ed7000-a7283000 ---p 00000000 00:00 0 
a7283000-a7773000 rwxp 00000000 00:00 0 
a7773000-b6283000 ---p 00000000 00:00 0 
b6283000-b628e000 r-xp 00000000 08:01 3402889    /lib/i386-linux-gnu/libnss_files-2.23.so
b628e000-b628f000 r--p 0000a000 08:01 3402889    /lib/i386-linux-gnu/libnss_files-2.23.so
b628f000-b6290000 rw-p 0000b000 08:01 3402889    /lib/i386-linux-gnu/libnss_files-2.23.so
b6290000-b6296000 rw-p 00000000 00:00 0 
b6296000-b62a1000 r-xp 00000000 08:01 3402895    /lib/i386-linux-gnu/libnss_nis-2.23.so
b62a1000-b62a2000 r--p 0000a000 08:01 3402895    /lib/i386-linux-gnu/libnss_nis-2.23.so
b62a2000-b62a3000 rw-p 0000b000 08:01 3402895    /lib/i386-linux-gnu/libnss_nis-2.23.so
b62a3000-b62ba000 r-xp 00000000 08:01 3402652    /lib/i386-linux-gnu/libnsl-2.23.so
b62ba000-b62bb000 r--p 00016000 08:01 3402652    /lib/i386-linux-gnu/libnsl-2.23.so
b62bb000-b62bc000 rw-p 00017000 08:01 3402652    /lib/i386-linux-gnu/libnsl-2.23.so
b62bc000-b62be000 rw-p 00000000 00:00 0 
b62be000-b62c0000 r--s 00008000 08:01 1692578    /usr/lib/jvm/java-8-openjdk-i386/jre/lib/ext/sunec.jar
b62c0000-b62c2000 r--s 00001000 08:01 1692579    /usr/lib/jvm/java-8-openjdk-i386/jre/lib/ext/dnsns.jar
b62c2000-b62cc000 r--s 00116000 08:01 1692574    /usr/lib/jvm/java-8-openjdk-i386/jre/lib/ext/localedata.jar
b62cc000-b62d4000 r-xp 00000000 08:01 1693413    /usr/lib/jvm/java-8-openjdk-i386/jre/lib/i386/libzip.so
b62d4000-b62d5000 r--p 00007000 08:01 1693413    /usr/lib/jvm/java-8-openjdk-i386/jre/lib/i386/libzip.so
b62d5000-b62d6000 rw-p 00008000 08:01 1693413    /usr/lib/jvm/java-8-openjdk-i386/jre/lib/i386/libzip.so
b62d6000-b62fe000 r-xp 00000000 08:01 1693416    /usr/lib/jvm/java-8-openjdk-i386/jre/lib/i386/libjava.so
b62fe000-b62ff000 r--p 00027000 08:01 1693416    /usr/lib/jvm/java-8-openjdk-i386/jre/lib/i386/libjava.so
b62ff000-b6300000 rw-p 00028000 08:01 1693416    /usr/lib/jvm/java-8-openjdk-i386/jre/lib/i386/libjava.so
b6300000-b63fc000 rw-p 00000000 00:00 0 
b63fc000-b6400000 ---p 00000000 00:00 0 
b6400000-b6401000 r--s 00000000 08:01 1145399    /usr/share/java/atinject-jsr330-api-1.0.jar
b6401000-b6404000 r--s 0000f000 08:01 1692575    /usr/lib/jvm/java-8-openjdk-i386/jre/lib/ext/icedtea-sound.jar
b6404000-b640c000 rw-s 00000000 08:01 2576626    /tmp/hsperfdata_sarnobat/5601
b640c000-b6414000 r-xp 00000000 08:01 3402720    /lib/i386-linux-gnu/libnss_compat-2.23.so
b6414000-b6415000 r--p 00007000 08:01 3402720    /lib/i386-linux-gnu/libnss_compat-2.23.so
b6415000-b6416000 rw-p 00008000 08:01 3402720    /lib/i386-linux-gnu/libnss_compat-2.23.so
b6416000-b641d000 r-xp 00000000 08:01 3402905    /lib/i386-linux-gnu/librt-2.23.so
b641d000-b641e000 r--p 00006000 08:01 3402905    /lib/i386-linux-gnu/librt-2.23.so
b641e000-b641f000 rw-p 00007000 08:01 3402905    /lib/i386-linux-gnu/librt-2.23.so
b641f000-b6422000 ---p 00000000 00:00 0 
b6422000-b6470000 rw-p 00000000 00:00 0 
b6470000-b648c000 r-xp 00000000 08:01 3402590    /lib/i386-linux-gnu/libgcc_s.so.1
b648c000-b648d000 rw-p 0001b000 08:01 3402590    /lib/i386-linux-gnu/libgcc_s.so.1
b648d000-b64e0000 r-xp 00000000 08:01 3402651    /lib/i386-linux-gnu/libm-2.23.so
b64e0000-b64e1000 r--p 00052000 08:01 3402651    /lib/i386-linux-gnu/libm-2.23.so
b64e1000-b64e2000 rw-p 00053000 08:01 3402651    /lib/i386-linux-gnu/libm-2.23.so
b64e2000-b664f000 r-xp 00000000 08:01 1104849    /usr/lib/i386-linux-gnu/libstdc++.so.6.0.21
b664f000-b6650000 ---p 0016d000 08:01 1104849    /usr/lib/i386-linux-gnu/libstdc++.so.6.0.21
b6650000-b6655000 r--p 0016d000 08:01 1104849    /usr/lib/i386-linux-gnu/libstdc++.so.6.0.21
b6655000-b6656000 rw-p 00172000 08:01 1104849    /usr/lib/i386-linux-gnu/libstdc++.so.6.0.21
b6656000-b6659000 rw-p 00000000 00:00 0 
b6659000-b712f000 r-xp 00000000 08:01 1693411    /usr/lib/jvm/java-8-openjdk-i386/jre/lib/i386/server/libjvm.so
b712f000-b7175000 r--p 00ad5000 08:01 1693411    /usr/lib/jvm/java-8-openjdk-i386/jre/lib/i386/server/libjvm.so
b7175000-b718c000 rw-p 00b1b000 08:01 1693411    /usr/lib/jvm/java-8-openjdk-i386/jre/lib/i386/server/libjvm.so
b718c000-b75ac000 rw-p 00000000 00:00 0 
b75ac000-b75c5000 r-xp 00000000 08:01 3402662    /lib/i386-linux-gnu/libpthread-2.23.so
b75c5000-b75c6000 r--p 00018000 08:01 3402662    /lib/i386-linux-gnu/libpthread-2.23.so
b75c6000-b75c7000 rw-p 00019000 08:01 3402662    /lib/i386-linux-gnu/libpthread-2.23.so
b75c7000-b75c9000 rw-p 00000000 00:00 0 
b75c9000-b75cc000 r-xp 00000000 08:01 3402697    /lib/i386-linux-gnu/libdl-2.23.so
b75cc000-b75cd000 r--p 00002000 08:01 3402697    /lib/i386-linux-gnu/libdl-2.23.so
b75cd000-b75ce000 rw-p 00003000 08:01 3402697    /lib/i386-linux-gnu/libdl-2.23.so
b75ce000-b75cf000 rw-p 00000000 00:00 0 
b75cf000-b75e8000 r-xp 00000000 08:01 3402741    /lib/i386-linux-gnu/libz.so.1.2.8
b75e8000-b75e9000 r--p 00018000 08:01 3402741    /lib/i386-linux-gnu/libz.so.1.2.8
b75e9000-b75ea000 rw-p 00019000 08:01 3402741    /lib/i386-linux-gnu/libz.so.1.2.8
b75ea000-b779a000 r-xp 00000000 08:01 3402663    /lib/i386-linux-gnu/libc-2.23.so
b779a000-b779c000 r--p 001af000 08:01 3402663    /lib/i386-linux-gnu/libc-2.23.so
b779c000-b779d000 rw-p 001b1000 08:01 3402663    /lib/i386-linux-gnu/libc-2.23.so
b779d000-b77a0000 rw-p 00000000 00:00 0 
b77a0000-b77a1000 r--s 00010000 08:01 1692581    /usr/lib/jvm/java-8-openjdk-i386/jre/lib/ext/zipfs.jar
b77a1000-b77a2000 r--s 0000a000 08:01 1692577    /usr/lib/jvm/java-8-openjdk-i386/jre/lib/ext/jaccess.jar
b77a2000-b77a5000 r--s 00038000 08:01 1692573    /usr/lib/jvm/java-8-openjdk-i386/jre/lib/ext/sunpkcs11.jar
b77a5000-b77a6000 r--p 002d4000 08:01 1110568    /usr/lib/locale/locale-archive
b77a6000-b77a7000 rw-p 00000000 00:00 0 
b77a7000-b77a8000 ---p 00000000 00:00 0 
b77a8000-b77b6000 r-xp 00000000 08:01 1693425    /usr/lib/jvm/java-8-openjdk-i386/jre/lib/i386/libverify.so
b77b6000-b77b7000 r--p 0000d000 08:01 1693425    /usr/lib/jvm/java-8-openjdk-i386/jre/lib/i386/libverify.so
b77b7000-b77b8000 rw-p 0000e000 08:01 1693425    /usr/lib/jvm/java-8-openjdk-i386/jre/lib/i386/libverify.so
b77b8000-b77c5000 r-xp 00000000 08:01 1693421    /usr/lib/jvm/java-8-openjdk-i386/jre/lib/i386/jli/libjli.so
b77c5000-b77c6000 r--p 0000c000 08:01 1693421    /usr/lib/jvm/java-8-openjdk-i386/jre/lib/i386/jli/libjli.so
b77c6000-b77c7000 rw-p 0000d000 08:01 1693421    /usr/lib/jvm/java-8-openjdk-i386/jre/lib/i386/jli/libjli.so
b77c7000-b77c8000 rw-p 00000000 00:00 0 
b77c8000-b77cb000 r--p 00000000 00:00 0          [vvar]
b77cb000-b77cc000 r-xp 00000000 00:00 0          [vdso]
b77cc000-b77ef000 r-xp 00000000 08:01 3402661    /lib/i386-linux-gnu/ld-2.23.so
b77ef000-b77f0000 r--p 00022000 08:01 3402661    /lib/i386-linux-gnu/ld-2.23.so
b77f0000-b77f1000 rw-p 00023000 08:01 3402661    /lib/i386-linux-gnu/ld-2.23.so
bfc77000-bfc98000 rw-p 00000000 00:00 0          [stack]

VM Arguments:
jvm_args: -Dclassworlds.conf=/usr/share/maven/bin/m2.conf -Dmaven.home=/usr/share/maven -Dmaven.multiModuleProjectDirectory=/home/sarnobat/github/maven_project 
java_command: org.codehaus.plexus.classworlds.launcher.Launcher --quiet --settings /home/sarnobat/sarnobat.git/mac/.m2/settings.xml install exec:java -Dexec.mainClass=Md5RoCopyFile -Dexec.args=4486 ~/sarnobat.git/db/md5ro/md5_files.txt
java_class_path (initial): /usr/share/maven/boot/plexus-classworlds-2.x.jar
Launcher Type: SUN_STANDARD

Environment Variables:
JAVA_HOME=/usr/lib/jvm/java-8-openjdk-i386
PATH=/usr/bin:/bin
SHELL=/bin/sh

Signal Handlers:
SIGSEGV: [libjvm.so+0x8db350], sa_mask[0]=11111111011111111101111111111110, sa_flags=SA_RESTART|SA_SIGINFO
SIGBUS: [libjvm.so+0x8db350], sa_mask[0]=11111111011111111101111111111110, sa_flags=SA_RESTART|SA_SIGINFO
SIGFPE: [libjvm.so+0x73fd00], sa_mask[0]=11111111011111111101111111111110, sa_flags=SA_RESTART|SA_SIGINFO
SIGPIPE: [libjvm.so+0x73fd00], sa_mask[0]=11111111011111111101111111111110, sa_flags=SA_RESTART|SA_SIGINFO
SIGXFSZ: [libjvm.so+0x73fd00], sa_mask[0]=11111111011111111101111111111110, sa_flags=SA_RESTART|SA_SIGINFO
SIGILL: [libjvm.so+0x73fd00], sa_mask[0]=11111111011111111101111111111110, sa_flags=SA_RESTART|SA_SIGINFO
SIGUSR1: SIG_DFL, sa_mask[0]=00000000000000000000000000000000, sa_flags=none
SIGUSR2: [libjvm.so+0x73fb40], sa_mask[0]=00000000000000000000000000000000, sa_flags=SA_RESTART|SA_SIGINFO
SIGHUP: [libjvm.so+0x7402d0], sa_mask[0]=11111111011111111101111111111110, sa_flags=SA_RESTART|SA_SIGINFO
SIGINT: [libjvm.so+0x7402d0], sa_mask[0]=11111111011111111101111111111110, sa_flags=SA_RESTART|SA_SIGINFO
SIGTERM: [libjvm.so+0x7402d0], sa_mask[0]=11111111011111111101111111111110, sa_flags=SA_RESTART|SA_SIGINFO
SIGQUIT: [libjvm.so+0x7402d0], sa_mask[0]=11111111011111111101111111111110, sa_flags=SA_RESTART|SA_SIGINFO


---------------  S Y S T E M  ---------------

OS:DISTRIB_ID=Ubuntu
DISTRIB_RELEASE=16.04
DISTRIB_CODENAME=xenial
DISTRIB_DESCRIPTION="Ubuntu 16.04.1 LTS"

uname:Linux 4.4.0-119-generic #143-Ubuntu SMP Mon Apr 2 16:08:22 UTC 2018 i686
libc:glibc 2.23 NPTL 2.23 
rlimit: STACK 8192k, CORE 0k, NPROC 63044, NOFILE 1048576, AS infinity
load average:0.38 0.39 0.50

/proc/meminfo:
MemTotal:        8107396 kB
MemFree:          447996 kB
MemAvailable:          0 kB
Buffers:            2624 kB
Cached:            54784 kB
SwapCached:         6628 kB
Active:          6308296 kB
Inactive:        1137160 kB
Active(anon):    6295136 kB
Inactive(anon):  1127864 kB
Active(file):      13160 kB
Inactive(file):     9296 kB
Unevictable:           0 kB
Mlocked:               0 kB
HighTotal:       7292552 kB
HighFree:         142040 kB
LowTotal:         814844 kB
LowFree:          305956 kB
SwapTotal:       4007932 kB
SwapFree:              0 kB
Dirty:              1328 kB
Writeback:             0 kB
AnonPages:       7381924 kB
Mapped:            20488 kB
Shmem:             34688 kB
Slab:              74644 kB
SReclaimable:      24732 kB
SUnreclaim:        49912 kB
KernelStack:       25368 kB
PageTables:        59756 kB
NFS_Unstable:          0 kB
Bounce:                0 kB
WritebackTmp:          0 kB
CommitLimit:     8061628 kB
Committed_AS:   35197812 kB
VmallocTotal:     122880 kB
VmallocUsed:           0 kB
VmallocChunk:          0 kB
AnonHugePages:      2048 kB
CmaTotal:              0 kB
CmaFree:               0 kB
HugePages_Total:       0
HugePages_Free:        0
HugePages_Rsvd:        0
HugePages_Surp:        0
Hugepagesize:       2048 kB
DirectMap4k:       20472 kB
DirectMap2M:      890880 kB


CPU:total 4 (initial active 4) (2 cores per cpu, 2 threads per core) family 6 model 58 stepping 9, cmov, cx8, fxsr, mmx, sse, sse2, sse3, ssse3, sse4.1, sse4.2, popcnt, avx, aes, clmul, erms, ht, tsc, tscinvbit, tscinv

/proc/cpuinfo:
processor	: 0
vendor_id	: GenuineIntel
cpu family	: 6
model		: 58
model name	: Intel(R) Core(TM) i5-3427U CPU @ 1.80GHz
stepping	: 9
microcode	: 0x17
cpu MHz		: 2599.988
cache size	: 3072 KB
physical id	: 0
siblings	: 4
core id		: 0
cpu cores	: 2
apicid		: 0
initial apicid	: 0
fdiv_bug	: no
f00f_bug	: no
coma_bug	: no
fpu		: yes
fpu_exception	: yes
cpuid level	: 13
wp		: yes
flags		: fpu vme de pse tsc msr pae mce cx8 apic sep mtrr pge mca cmov pat pse36 clflush dts acpi mmx fxsr sse sse2 ss ht tm pbe nx rdtscp lm constant_tsc arch_perfmon pebs bts xtopology nonstop_tsc aperfmperf eagerfpu pni pclmulqdq dtes64 monitor ds_cpl vmx smx est tm2 ssse3 cx16 xtpr pdcm sse4_1 sse4_2 x2apic popcnt tsc_deadline_timer aes xsave avx f16c rdrand lahf_lm epb retpoline tpr_shadow vnmi flexpriority ept vpid fsgsbase smep erms xsaveopt dtherm ida arat pln pts
bugs		: cpu_meltdown spectre_v1 spectre_v2
bogomips	: 4589.71
clflush size	: 64
cache_alignment	: 64
address sizes	: 36 bits physical, 48 bits virtual
power management:

processor	: 1
vendor_id	: GenuineIntel
cpu family	: 6
model		: 58
model name	: Intel(R) Core(TM) i5-3427U CPU @ 1.80GHz
stepping	: 9
microcode	: 0x17
cpu MHz		: 2599.988
cache size	: 3072 KB
physical id	: 0
siblings	: 4
core id		: 1
cpu cores	: 2
apicid		: 2
initial apicid	: 2
fdiv_bug	: no
f00f_bug	: no
coma_bug	: no
fpu		: yes
fpu_exception	: yes
cpuid level	: 13
wp		: yes
flags		: fpu vme de pse tsc msr pae mce cx8 apic sep mtrr pge mca cmov pat pse36 clflush dts acpi mmx fxsr sse sse2 ss ht tm pbe nx rdtscp lm constant_tsc arch_perfmon pebs bts xtopology nonstop_tsc aperfmperf eagerfpu pni pclmulqdq dtes64 monitor ds_cpl vmx smx est tm2 ssse3 cx16 xtpr pdcm sse4_1 sse4_2 x2apic popcnt tsc_deadline_timer aes xsave avx f16c rdrand lahf_lm epb retpoline tpr_shadow vnmi flexpriority ept vpid fsgsbase smep erms xsaveopt dtherm ida arat pln pts
bugs		: cpu_meltdown spectre_v1 spectre_v2
bogomips	: 4589.71
clflush size	: 64
cache_alignment	: 64
address sizes	: 36 bits physical, 48 bits virtual
power management:

processor	: 2
vendor_id	: GenuineIntel
cpu family	: 6
model		: 58
model name	: Intel(R) Core(TM) i5-3427U CPU @ 1.80GHz
stepping	: 9
microcode	: 0x17
cpu MHz		: 2599.988
cache size	: 3072 KB
physical id	: 0
siblings	: 4
core id		: 0
cpu cores	: 2
apicid		: 1
initial apicid	: 1
fdiv_bug	: no
f00f_bug	: no
coma_bug	: no
fpu		: yes
fpu_exception	: yes
cpuid level	: 13
wp		: yes
flags		: fpu vme de pse tsc msr pae mce cx8 apic sep mtrr pge mca cmov pat pse36 clflush dts acpi mmx fxsr sse sse2 ss ht tm pbe nx rdtscp lm constant_tsc arch_perfmon pebs bts xtopology nonstop_tsc aperfmperf eagerfpu pni pclmulqdq dtes64 monitor ds_cpl vmx smx est tm2 ssse3 cx16 xtpr pdcm sse4_1 sse4_2 x2apic popcnt tsc_deadline_timer aes xsave avx f16c rdrand lahf_lm epb retpoline tpr_shadow vnmi flexpriority ept vpid fsgsbase smep erms xsaveopt dtherm ida arat pln pts
bugs		: cpu_meltdown spectre_v1 spectre_v2
bogomips	: 4589.71
clflush size	: 64
cache_alignment	: 64
address sizes	: 36 bits physical, 48 bits virtual
power management:

processor	: 3
vendor_id	: GenuineIntel
cpu family	: 6
model		: 58
model name	: Intel(R) Core(TM) i5-3427U CPU @ 1.80GHz
stepping	: 9
microcode	: 0x17
cpu MHz		: 2599.988
cache size	: 3072 KB
physical id	: 0
siblings	: 4
core id		: 1
cpu cores	: 2
apicid		: 3
initial apicid	: 3
fdiv_bug	: no
f00f_bug	: no
coma_bug	: no
fpu		: yes
fpu_exception	: yes
cpuid level	: 13
wp		: yes
flags		: fpu vme de pse tsc msr pae mce cx8 apic sep mtrr pge mca cmov pat pse36 clflush dts acpi mmx fxsr sse sse2 ss ht tm pbe nx rdtscp lm constant_tsc arch_perfmon pebs bts xtopology nonstop_tsc aperfmperf eagerfpu pni pclmulqdq dtes64 monitor ds_cpl vmx smx est tm2 ssse3 cx16 xtpr pdcm sse4_1 sse4_2 x2apic popcnt tsc_deadline_timer aes xsave avx f16c rdrand lahf_lm epb retpoline tpr_shadow vnmi flexpriority ept vpid fsgsbase smep erms xsaveopt dtherm ida arat pln pts
bugs		: cpu_meltdown spectre_v1 spectre_v2
bogomips	: 4589.71
clflush size	: 64
cache_alignment	: 64
address sizes	: 36 bits physical, 48 bits virtual
power management:



Memory: 4k page, physical 8107396k(447996k free), swap 4007932k(0k free)

vm_info: OpenJDK Server VM (25.162-b12) for linux-x86 JRE (1.8.0_162-8u162-b12-0ubuntu0.16.04.2-b12), built on Mar 14 2018 12:07:04 by "buildd" with gcc 5.4.0 20160609

time: Sat Apr 14 22:12:04 2018
elapsed time: 3 seconds (0d 0h 0m 3s)

