#
# There is insufficient memory for the Java Runtime Environment to continue.
# Native memory allocation (mmap) failed to map 34603008 bytes for committing reserved memory.
# Possible reasons:
#   The system is out of physical RAM or swap space
#   In 32 bit mode, the process size limit was hit
# Possible solutions:
#   Reduce memory load on the system
#   Increase physical memory or swap space
#   Check if swap backing store is full
#   Use 64 bit Java on a 64 bit OS
#   Decrease Java heap size (-Xmx/-Xms)
#   Decrease number of Java threads
#   Decrease Java thread stack sizes (-Xss)
#   Set larger code cache with -XX:ReservedCodeCacheSize=
# This output file may be truncated or incomplete.
#
#  Out of Memory Error (os_linux.cpp:2643), pid=5220, tid=0x638e4b40
#
# JRE version: OpenJDK Runtime Environment (8.0_151-b12) (build 1.8.0_151-8u151-b12-0ubuntu0.16.04.2-b12)
# Java VM: OpenJDK Server VM (25.151-b12 mixed mode linux-x86 )
# Failed to write core dump. Core dumps have been disabled. To enable core dumping, try "ulimit -c unlimited" before starting Java again
#

---------------  T H R E A D  ---------------

Current thread (0x63781000):  VMThread [stack: 0x63864000,0x638e5000] [id=5284]

Stack: [0x63864000,0x638e5000],  sp=0x638e3b40,  free space=510k
Native frames: (J=compiled Java code, j=interpreted, Vv=VM code, C=native code)
V  [libjvm.so+0x8d6834]
V  [libjvm.so+0x3a7c76]
V  [libjvm.so+0x7420c0]
V  [libjvm.so+0x73c013]
V  [libjvm.so+0x7ad98c]
V  [libjvm.so+0x7ae9cb]
V  [libjvm.so+0x7ab487]
V  [libjvm.so+0x7abcd3]
V  [libjvm.so+0x764c75]
V  [libjvm.so+0x8d83f9]
V  [libjvm.so+0x8dd466]
V  [libjvm.so+0x8db620]
V  [libjvm.so+0x8dbd75]
V  [libjvm.so+0x8dc37b]
V  [libjvm.so+0x73f2b5]
C  [libpthread.so.0+0x6295]  start_thread+0xe5

VM_Operation (0xb63f3bc0): ParallelGCFailedAllocation, mode: safepoint, requested by thread 0xb6207800


---------------  P R O C E S S  ---------------

Java Threads: ( => current thread )
  0x637aa400 JavaThread "Service Thread" daemon [_thread_blocked, id=5298, stack(0x630db000,0x6312c000)]
  0x637a7000 JavaThread "C1 CompilerThread2" daemon [_thread_blocked, id=5296, stack(0x6312c000,0x631ad000)]
  0x637a5c00 JavaThread "C2 CompilerThread1" daemon [_thread_blocked, id=5295, stack(0x631ad000,0x6322e000)]
  0x637a3c00 JavaThread "C2 CompilerThread0" daemon [_thread_blocked, id=5293, stack(0x6322e000,0x632af000)]
  0x637a2400 JavaThread "Signal Dispatcher" daemon [_thread_blocked, id=5290, stack(0x632af000,0x63300000)]
  0x63788400 JavaThread "Finalizer" daemon [_thread_blocked, id=5288, stack(0x63813000,0x63864000)]
  0x63785800 JavaThread "Reference Handler" daemon [_thread_blocked, id=5287, stack(0x6642e000,0x6647f000)]
  0xb6207800 JavaThread "main" [_thread_blocked, id=5275, stack(0xb63a5000,0xb63f6000)]

Other Threads:
=>0x63781000 VMThread [stack: 0x63864000,0x638e5000] [id=5284]
  0x637ac400 WatcherThread [stack: 0x6305a000,0x630db000] [id=5300]

VM state:at safepoint (normal execution)

VM Mutex/Monitor currently owned by a thread:  ([mutex/lock_event])
[0xb6204ed0] Threads_lock - owner thread: 0x63781000
[0xb62052e0] Heap_lock - owner thread: 0xb6207800

Heap:
 PSYoungGen      total 38144K, used 4433K [0x918c0000, 0x942c0000, 0xa6e00000)
  eden space 33280K, 0% used [0x918c0000,0x918c0000,0x93940000)
  from space 4864K, 91% used [0x93940000,0x93d94748,0x93e00000)
  to   space 4864K, 0% used [0x93e00000,0x93e00000,0x942c0000)
 ParOldGen       total 43776K, used 6707K [0x66e00000, 0x698c0000, 0x918c0000)
  object space 43776K, 15% used [0x66e00000,0x6748cdb8,0x698c0000)
 Metaspace       used 10768K, capacity 10860K, committed 11032K, reserved 11568K

Card table byte_map: [0x66bff000,0x66e00000] byte_map_base: 0x668c8000

Marking Bits: (ParMarkBitMap*) 0xb711b880
 Begin Bits: [0x64300000, 0x65300000)
 End Bits:   [0x65300000, 0x66300000)

Polling page: 0xb7728000

CodeCache: size=245760Kb used=6430Kb max_used=6443Kb free=239329Kb
 bounds [0xa7200000, 0xa7850000, 0xb6200000]
 total_blobs=2615 nmethods=2434 adapters=95
 compilation: enabled

Compilation events (10 events):
Event: 5.864 Thread 0x637a7000 2470       2       org.apache.maven.model.normalization.DefaultModelNormalizer::injectDependencyDefaults (46 bytes)
Event: 5.864 Thread 0x637a7000 nmethod 2470 0xa7823048 code [0xa78231a0, 0xa78233b0]
Event: 5.866 Thread 0x637a7000 2471       2       org.apache.maven.model.building.ModelData::getArtifactId (17 bytes)
Event: 5.866 Thread 0x637a7000 nmethod 2471 0xa7822dc8 code [0xa7822ee0, 0xa7822fc0]
Event: 5.866 Thread 0x637a7000 2472       2       java.util.regex.Pattern::closure (477 bytes)
Event: 5.870 Thread 0x637a7000 nmethod 2472 0xa7820588 code [0xa78208c0, 0xa7821a24]
Event: 5.872 Thread 0x637a7000 2473       2       org.eclipse.aether.internal.impl.DataPool$GraphKey::eq (22 bytes)
Event: 5.872 Thread 0x637a7000 nmethod 2473 0xa7820308 code [0xa7820420, 0xa782050c]
Event: 5.873 Thread 0x637a7000 2474       2       org.eclipse.aether.DefaultRepositoryCache::get (11 bytes)
Event: 5.873 Thread 0x637a7000 nmethod 2474 0xa7820088 code [0xa78201a0, 0xa782028c]

GC Heap History (10 events):
Event: 2.672 GC heap after
Heap after GC invocations=2 (full 0):
 PSYoungGen      total 19200K, used 2552K [0x918c0000, 0x92e00000, 0xa6e00000)
  eden space 16640K, 0% used [0x918c0000,0x918c0000,0x92900000)
  from space 2560K, 99% used [0x92b80000,0x92dfe250,0x92e00000)
  to   space 2560K, 0% used [0x92900000,0x92900000,0x92b80000)
 ParOldGen       total 43776K, used 937K [0x66e00000, 0x698c0000, 0x918c0000)
  object space 43776K, 2% used [0x66e00000,0x66eea6f0,0x698c0000)
 Metaspace       used 5298K, capacity 5354K, committed 5400K, reserved 5424K
}
Event: 2.929 GC heap before
{Heap before GC invocations=3 (full 0):
 PSYoungGen      total 19200K, used 19192K [0x918c0000, 0x92e00000, 0xa6e00000)
  eden space 16640K, 100% used [0x918c0000,0x92900000,0x92900000)
  from space 2560K, 99% used [0x92b80000,0x92dfe250,0x92e00000)
  to   space 2560K, 0% used [0x92900000,0x92900000,0x92b80000)
 ParOldGen       total 43776K, used 937K [0x66e00000, 0x698c0000, 0x918c0000)
  object space 43776K, 2% used [0x66e00000,0x66eea6f0,0x698c0000)
 Metaspace       used 6648K, capacity 6711K, committed 6808K, reserved 7472K
Event: 2.934 GC heap after
Heap after GC invocations=3 (full 0):
 PSYoungGen      total 19200K, used 2548K [0x918c0000, 0x92e00000, 0xa6e00000)
  eden space 16640K, 0% used [0x918c0000,0x918c0000,0x92900000)
  from space 2560K, 99% used [0x92900000,0x92b7d0a8,0x92b80000)
  to   space 2560K, 0% used [0x92b80000,0x92b80000,0x92e00000)
 ParOldGen       total 43776K, used 2371K [0x66e00000, 0x698c0000, 0x918c0000)
  object space 43776K, 5% used [0x66e00000,0x67050f20,0x698c0000)
 Metaspace       used 6648K, capacity 6711K, committed 6808K, reserved 7472K
}
Event: 3.312 GC heap before
{Heap before GC invocations=4 (full 0):
 PSYoungGen      total 19200K, used 19188K [0x918c0000, 0x92e00000, 0xa6e00000)
  eden space 16640K, 100% used [0x918c0000,0x92900000,0x92900000)
  from space 2560K, 99% used [0x92900000,0x92b7d0a8,0x92b80000)
  to   space 2560K, 0% used [0x92b80000,0x92b80000,0x92e00000)
 ParOldGen       total 43776K, used 2371K [0x66e00000, 0x698c0000, 0x918c0000)
  object space 43776K, 5% used [0x66e00000,0x67050f20,0x698c0000)
 Metaspace       used 8079K, capacity 8158K, committed 8216K, reserved 8496K
Event: 3.321 GC heap after
Heap after GC invocations=4 (full 0):
 PSYoungGen      total 19200K, used 2554K [0x918c0000, 0x93e40000, 0xa6e00000)
  eden space 16640K, 0% used [0x918c0000,0x918c0000,0x92900000)
  from space 2560K, 99% used [0x92b80000,0x92dfe880,0x92e00000)
  to   space 2560K, 0% used [0x92900000,0x92900000,0x92b80000)
 ParOldGen       total 43776K, used 4426K [0x66e00000, 0x698c0000, 0x918c0000)
  object space 43776K, 10% used [0x66e00000,0x67252a80,0x698c0000)
 Metaspace       used 8079K, capacity 8158K, committed 8216K, reserved 8496K
}
Event: 3.929 GC heap before
{Heap before GC invocations=5 (full 0):
 PSYoungGen      total 19200K, used 19194K [0x918c0000, 0x93e40000, 0xa6e00000)
  eden space 16640K, 100% used [0x918c0000,0x92900000,0x92900000)
  from space 2560K, 99% used [0x92b80000,0x92dfe880,0x92e00000)
  to   space 2560K, 0% used [0x92900000,0x92900000,0x92b80000)
 ParOldGen       total 43776K, used 4426K [0x66e00000, 0x698c0000, 0x918c0000)
  object space 43776K, 10% used [0x66e00000,0x67252a80,0x698c0000)
 Metaspace       used 8834K, capacity 8899K, committed 8984K, reserved 9520K
Event: 3.936 GC heap after
Heap after GC invocations=5 (full 0):
 PSYoungGen      total 19200K, used 2546K [0x918c0000, 0x942c0000, 0xa6e00000)
  eden space 16640K, 0% used [0x918c0000,0x918c0000,0x92900000)
  from space 2560K, 99% used [0x92900000,0x92b7c8a0,0x92b80000)
  to   space 4864K, 0% used [0x93e00000,0x93e00000,0x942c0000)
 ParOldGen       total 43776K, used 5503K [0x66e00000, 0x698c0000, 0x918c0000)
  object space 43776K, 12% used [0x66e00000,0x6735fd78,0x698c0000)
 Metaspace       used 8834K, capacity 8899K, committed 8984K, reserved 9520K
}
Event: 4.509 GC heap before
{Heap before GC invocations=6 (full 0):
 PSYoungGen      total 19200K, used 19186K [0x918c0000, 0x942c0000, 0xa6e00000)
  eden space 16640K, 100% used [0x918c0000,0x92900000,0x92900000)
  from space 2560K, 99% used [0x92900000,0x92b7c8a0,0x92b80000)
  to   space 4864K, 0% used [0x93e00000,0x93e00000,0x942c0000)
 ParOldGen       total 43776K, used 5503K [0x66e00000, 0x698c0000, 0x918c0000)
  object space 43776K, 12% used [0x66e00000,0x6735fd78,0x698c0000)
 Metaspace       used 9979K, capacity 10075K, committed 10136K, reserved 10544K
Event: 4.525 GC heap after
Heap after GC invocations=6 (full 0):
 PSYoungGen      total 38144K, used 3637K [0x918c0000, 0x942c0000, 0xa6e00000)
  eden space 33280K, 0% used [0x918c0000,0x918c0000,0x93940000)
  from space 4864K, 74% used [0x93e00000,0x9418d468,0x942c0000)
  to   space 4864K, 0% used [0x93940000,0x93940000,0x93e00000)
 ParOldGen       total 43776K, used 5507K [0x66e00000, 0x698c0000, 0x918c0000)
  object space 43776K, 12% used [0x66e00000,0x67360d78,0x698c0000)
 Metaspace       used 9979K, capacity 10075K, committed 10136K, reserved 10544K
}
Event: 5.874 GC heap before
{Heap before GC invocations=7 (full 0):
 PSYoungGen      total 38144K, used 36917K [0x918c0000, 0x942c0000, 0xa6e00000)
  eden space 33280K, 100% used [0x918c0000,0x93940000,0x93940000)
  from space 4864K, 74% used [0x93e00000,0x9418d468,0x942c0000)
  to   space 4864K, 0% used [0x93940000,0x93940000,0x93e00000)
 ParOldGen       total 43776K, used 5507K [0x66e00000, 0x698c0000, 0x918c0000)
  object space 43776K, 12% used [0x66e00000,0x67360d78,0x698c0000)
 Metaspace       used 10768K, capacity 10860K, committed 11032K, reserved 11568K

Deoptimization events (10 events):
Event: 5.227 Thread 0xb6207800 Uncommon trap: reason=unstable_if action=reinterpret pc=0xa77767c4 method=org.codehaus.plexus.util.xml.pull.MXParser.nextImpl()I @ 924
Event: 5.262 Thread 0xb6207800 Uncommon trap: reason=unstable_if action=reinterpret pc=0xa76a03ec method=java.util.HashMap.hash(Ljava/lang/Object;)I @ 1
Event: 5.264 Thread 0xb6207800 Uncommon trap: reason=unstable_if action=reinterpret pc=0xa74dfc54 method=java.util.HashMap.hash(Ljava/lang/Object;)I @ 1
Event: 5.320 Thread 0xb6207800 Uncommon trap: reason=class_check action=maybe_recompile pc=0xa76cda94 method=java.util.regex.Pattern$7.isSatisfiedBy(I)Z @ 16
Event: 5.320 Thread 0xb6207800 Uncommon trap: reason=class_check action=maybe_recompile pc=0xa76cda94 method=java.util.regex.Pattern$7.isSatisfiedBy(I)Z @ 16
Event: 5.320 Thread 0xb6207800 Uncommon trap: reason=class_check action=maybe_recompile pc=0xa76cdaa8 method=java.util.regex.Pattern$CharProperty$1.isSatisfiedBy(I)Z @ 5
Event: 5.320 Thread 0xb6207800 Uncommon trap: reason=class_check action=maybe_recompile pc=0xa76cda94 method=java.util.regex.Pattern$7.isSatisfiedBy(I)Z @ 16
Event: 5.320 Thread 0xb6207800 Uncommon trap: reason=class_check action=maybe_recompile pc=0xa76cda94 method=java.util.regex.Pattern$7.isSatisfiedBy(I)Z @ 16
Event: 5.341 Thread 0xb6207800 Uncommon trap: reason=null_check action=make_not_entrant pc=0xa779fd00 method=org.apache.maven.model.io.xpp3.MavenXpp3Reader.checkFieldWithDuplicate(Lorg/codehaus/plexus/util/xml/pull/XmlPullParser;Ljava/lang/String;Ljava/lang/String;Ljava/util/Set;)Z @ 2
Event: 5.521 Thread 0xb6207800 Uncommon trap: reason=unstable_if action=reinterpret pc=0xa77bc108 method=org.codehaus.plexus.util.xml.pull.MXParser.nextImpl()I @ 280

Internal exceptions (10 events):
Event: 4.392 Thread 0xb6207800 Exception <a 'java/lang/NullPointerException'> (0x92598738) thrown at [/build/openjdk-8-Y4imzb/openjdk-8-8u151-b12/src/hotspot/src/share/vm/interpreter/linkResolver.cpp, line 1183]
Event: 4.392 Thread 0xb6207800 Exception <a 'java/lang/NullPointerException'> (0x92598948) thrown at [/build/openjdk-8-Y4imzb/openjdk-8-8u151-b12/src/hotspot/src/share/vm/interpreter/linkResolver.cpp, line 1183]
Event: 4.393 Thread 0xb6207800 Exception <a 'java/lang/NullPointerException'> (0x925a1120) thrown at [/build/openjdk-8-Y4imzb/openjdk-8-8u151-b12/src/hotspot/src/share/vm/interpreter/linkResolver.cpp, line 1183]
Event: 4.393 Thread 0xb6207800 Exception <a 'java/lang/NullPointerException'> (0x925a1330) thrown at [/build/openjdk-8-Y4imzb/openjdk-8-8u151-b12/src/hotspot/src/share/vm/interpreter/linkResolver.cpp, line 1183]
Event: 4.393 Thread 0xb6207800 Exception <a 'java/lang/NullPointerException'> (0x925a1540) thrown at [/build/openjdk-8-Y4imzb/openjdk-8-8u151-b12/src/hotspot/src/share/vm/interpreter/linkResolver.cpp, line 1183]
Event: 5.044 Thread 0xb6207800 Implicit null exception at 0xa73b29be to 0xa73b2b55
Event: 5.052 Thread 0xb6207800 Implicit null exception at 0xa743858b to 0xa74385d0
Event: 5.262 Thread 0xb6207800 Implicit null exception at 0xa76a0043 to 0xa76a03dd
Event: 5.264 Thread 0xb6207800 Implicit null exception at 0xa74df8ff to 0xa74dfc45
Event: 5.340 Thread 0xb6207800 Implicit null exception at 0xa779f50b to 0xa779fcf5

Events (10 events):
Event: 5.629 Thread 0xb6207800 DEOPT UNPACKING pc=0xa723c5d0 sp=0xb63f3430 mode 0
Event: 5.629 Thread 0xb6207800 DEOPT PACKING pc=0xa77073aa sp=0xb63f3520
Event: 5.629 Thread 0xb6207800 DEOPT UNPACKING pc=0xa723c5d0 sp=0xb63f3440 mode 0
Event: 5.648 Thread 0xb6207800 DEOPT PACKING pc=0xa77073aa sp=0xb63f3840
Event: 5.648 Thread 0xb6207800 DEOPT UNPACKING pc=0xa723c5d0 sp=0xb63f3760 mode 0
Event: 5.664 Thread 0xb6207800 DEOPT PACKING pc=0xa77073aa sp=0xb63f39f0
Event: 5.664 Thread 0xb6207800 DEOPT UNPACKING pc=0xa723c5d0 sp=0xb63f3910 mode 0
Event: 5.681 Thread 0xb6207800 DEOPT PACKING pc=0xa77073aa sp=0xb63f39f0
Event: 5.681 Thread 0xb6207800 DEOPT UNPACKING pc=0xa723c5d0 sp=0xb63f3910 mode 0
Event: 5.874 Executing VM operation: ParallelGCFailedAllocation


Dynamic libraries:
08048000-08049000 r-xp 00000000 08:01 1693306    /usr/lib/jvm/java-8-openjdk-i386/jre/bin/java
08049000-0804a000 r--p 00000000 08:01 1693306    /usr/lib/jvm/java-8-openjdk-i386/jre/bin/java
0804a000-0804b000 rw-p 00001000 08:01 1693306    /usr/lib/jvm/java-8-openjdk-i386/jre/bin/java
0900d000-09067000 rw-p 00000000 00:00 0          [heap]
5ea00000-5ea22000 rw-p 00000000 00:00 0 
5ea22000-5eb00000 ---p 00000000 00:00 0 
5ec00000-5ed00000 rw-p 00000000 00:00 0 
5ed00000-5ed8f000 rw-p 00000000 00:00 0 
5ed8f000-5ee00000 ---p 00000000 00:00 0 
5ee00000-5eefe000 rw-p 00000000 00:00 0 
5eefe000-5ef00000 ---p 00000000 00:00 0 
5f200000-5f377000 rw-p 00000000 00:00 0 
5f377000-5f400000 ---p 00000000 00:00 0 
5f400000-5f4ff000 rw-p 00000000 00:00 0 
5f4ff000-5f500000 ---p 00000000 00:00 0 
5f500000-5f5fc000 rw-p 00000000 00:00 0 
5f5fc000-5f600000 ---p 00000000 00:00 0 
5f600000-5f700000 rw-p 00000000 00:00 0 
5f7ff000-61400000 rw-p 00000000 00:00 0 
61400000-61600000 rw-p 00000000 00:00 0 
61600000-61680000 rw-p 00000000 00:00 0 
61680000-61700000 ---p 00000000 00:00 0 
61700000-617fe000 rw-p 00000000 00:00 0 
617fe000-61800000 ---p 00000000 00:00 0 
61800000-618c3000 rw-p 00000000 00:00 0 
618c3000-61900000 ---p 00000000 00:00 0 
61900000-619d2000 rw-p 00000000 00:00 0 
619d2000-61a00000 ---p 00000000 00:00 0 
61a00000-61a48000 rw-p 00000000 00:00 0 
61a48000-61b00000 ---p 00000000 00:00 0 
61b00000-61bf7000 rw-p 00000000 00:00 0 
61bf7000-61c00000 ---p 00000000 00:00 0 
61c00000-61cfd000 rw-p 00000000 00:00 0 
61cfd000-61d00000 ---p 00000000 00:00 0 
61d6c000-61d7d000 r-xp 00000000 08:01 1693283    /usr/lib/jvm/java-8-openjdk-i386/jre/lib/i386/libnio.so
61d7d000-61d7e000 r--p 00010000 08:01 1693283    /usr/lib/jvm/java-8-openjdk-i386/jre/lib/i386/libnio.so
61d7e000-61d7f000 rw-p 00011000 08:01 1693283    /usr/lib/jvm/java-8-openjdk-i386/jre/lib/i386/libnio.so
61e00000-61efb000 rw-p 00000000 00:00 0 
61efb000-61f00000 ---p 00000000 00:00 0 
61f00000-61fff000 rw-p 00000000 00:00 0 
61fff000-62000000 ---p 00000000 00:00 0 
62000000-62100000 rw-p 00000000 00:00 0 
62100000-62200000 rw-p 00000000 00:00 0 
62200000-62300000 rw-p 00000000 00:00 0 
62300000-62400000 rw-p 00000000 00:00 0 
62400000-62500000 rw-p 00000000 00:00 0 
62500000-62600000 rw-p 00000000 00:00 0 
62600000-626fe000 rw-p 00000000 00:00 0 
626fe000-62700000 ---p 00000000 00:00 0 
62700000-62800000 rw-p 00000000 00:00 0 
62800000-628fc000 rw-p 00000000 00:00 0 
628fc000-62900000 ---p 00000000 00:00 0 
62900000-629fe000 rw-p 00000000 00:00 0 
629fe000-62a00000 ---p 00000000 00:00 0 
62a00000-62afd000 rw-p 00000000 00:00 0 
62afd000-62b00000 ---p 00000000 00:00 0 
62b00000-62bff000 rw-p 00000000 00:00 0 
62bff000-62c00000 ---p 00000000 00:00 0 
62c00000-62d00000 rw-p 00000000 00:00 0 
62d00000-62f00000 rw-p 00000000 00:00 0 
62f00000-62ffb000 rw-p 00000000 00:00 0 
62ffb000-63000000 ---p 00000000 00:00 0 
63004000-6301a000 r-xp 00000000 08:01 1693270    /usr/lib/jvm/java-8-openjdk-i386/jre/lib/i386/libnet.so
6301a000-6301b000 r--p 00015000 08:01 1693270    /usr/lib/jvm/java-8-openjdk-i386/jre/lib/i386/libnet.so
6301b000-6301c000 rw-p 00016000 08:01 1693270    /usr/lib/jvm/java-8-openjdk-i386/jre/lib/i386/libnet.so
6301c000-63021000 r--s 0009a000 08:01 1693288    /usr/lib/jvm/java-8-openjdk-i386/jre/lib/jsse.jar
63021000-6302e000 r--s 0008d000 08:01 1149531    /usr/share/java/maven3-core-3.3.9.jar
6302e000-6302f000 r--s 00001000 08:01 1149511    /usr/share/java/wagon-file-2.x.jar
6302f000-63032000 r--s 00007000 08:01 1149537    /usr/share/java/maven3-settings-builder-3.3.9.jar
63032000-63034000 r--s 0000d000 08:01 1149536    /usr/share/java/maven3-aether-provider-3.3.9.jar
63034000-6303b000 r--s 0002c000 08:01 1149509    /usr/share/java/sisu-plexus.jar
6303b000-6303f000 r--s 00027000 08:01 1145546    /usr/share/java/commons-io-2.4.jar
6303f000-63047000 r--s 00054000 08:01 1149507    /usr/share/java/sisu-inject.jar
63047000-6304e000 r--s 0005d000 08:01 1149254    /usr/share/java/commons-lang3.jar
6304e000-6304f000 r--s 00004000 08:01 1145398    /usr/share/java/atinject-jsr330-tck-1.0.jar
6304f000-63051000 r--s 0000e000 08:01 1149271    /usr/share/java/plexus-interpolation.jar
63051000-63053000 r--s 00006000 08:01 1149372    /usr/share/java/eclipse-aether-spi.jar
63053000-63054000 r--s 00008000 08:01 1149370    /usr/share/java/eclipse-aether-connector-basic.jar
63054000-63058000 r--s 00027000 08:01 1149367    /usr/share/java/eclipse-aether-impl.jar
63058000-6305a000 r--s 00005000 08:01 1149373    /usr/share/java/eclipse-aether-transport-wagon.jar
6305a000-6305b000 ---p 00000000 00:00 0 
6305b000-630db000 rw-p 00000000 00:00 0 
630db000-630de000 ---p 00000000 00:00 0 
630de000-6312c000 rw-p 00000000 00:00 0 
6312c000-6312f000 ---p 00000000 00:00 0 
6312f000-631ad000 rw-p 00000000 00:00 0 
631ad000-631b0000 ---p 00000000 00:00 0 
631b0000-6322e000 rw-p 00000000 00:00 0 
6322e000-63231000 ---p 00000000 00:00 0 
63231000-632af000 rw-p 00000000 00:00 0 
632af000-632b2000 ---p 00000000 00:00 0 
632b2000-63300000 rw-p 00000000 00:00 0 
63300000-63500000 r--p 00000000 08:01 1110568    /usr/lib/locale/locale-archive
63500000-635f0000 rw-p 00000000 00:00 0 
635f0000-63600000 ---p 00000000 00:00 0 
63600000-63621000 rw-p 00000000 00:00 0 
63621000-63700000 ---p 00000000 00:00 0 
63700000-637fe000 rw-p 00000000 00:00 0 
637fe000-63800000 ---p 00000000 00:00 0 
63800000-63802000 r--s 00001000 08:01 1149403    /usr/share/java/aopalliance-1.0.jar
63802000-63804000 r--s 00001000 08:01 1149538    /usr/share/java/maven3-builder-support-3.3.9.jar
63804000-63809000 r--s 0001d000 08:01 1149374    /usr/share/java/eclipse-aether-api.jar
63809000-6380b000 r--s 00002000 08:01 1149449    /usr/share/java/plexus-cipher.jar
6380b000-6380c000 r--s 00002000 08:01 1149066    /usr/share/java/slf4j-simple.jar
6380c000-6380e000 r--s 00013000 08:01 1149534    /usr/share/java/maven3-embedder-3.3.9.jar
6380e000-63810000 r--s 00027000 08:01 1149535    /usr/share/java/maven3-model-3.3.9.jar
63810000-63813000 r--s 0000a000 08:01 1149539    /usr/share/java/maven3-artifact-3.3.9.jar
63813000-63816000 ---p 00000000 00:00 0 
63816000-63864000 rw-p 00000000 00:00 0 
63864000-63865000 ---p 00000000 00:00 0 
63865000-638e5000 rw-p 00000000 00:00 0 
638e5000-63ab4000 r--s 03c21000 08:01 1693223    /usr/lib/jvm/java-8-openjdk-i386/jre/lib/rt.jar
63ab4000-63efa000 rw-p 00000000 00:00 0 
63efa000-63f00000 ---p 00000000 00:00 0 
63f00000-66300000 rw-p 00000000 00:00 0 
66300000-663fc000 rw-p 00000000 00:00 0 
663fc000-66400000 ---p 00000000 00:00 0 
66400000-66402000 r--s 0000a000 08:01 1147016    /usr/share/java/commons-cli-1.3.1.jar
66402000-6642e000 r--s 00208000 08:01 1148516    /usr/share/java/guava.jar
6642e000-66431000 ---p 00000000 00:00 0 
66431000-6647f000 rw-p 00000000 00:00 0 
6647f000-66480000 ---p 00000000 00:00 0 
66480000-66500000 rw-p 00000000 00:00 0 
66500000-665fb000 rw-p 00000000 00:00 0 
665fb000-66600000 ---p 00000000 00:00 0 
66600000-66631000 r--s 00207000 08:01 1149515    /usr/share/java/wagon-http-shaded-2.x.jar
66631000-6667f000 rw-p 00000000 00:00 0 
6667f000-66680000 ---p 00000000 00:00 0 
66680000-66700000 rw-p 00000000 00:00 0 
66700000-66721000 rw-p 00000000 00:00 0 
66721000-66800000 ---p 00000000 00:00 0 
66800000-66802000 r--s 0000a000 08:01 1149512    /usr/share/java/wagon-provider-api-2.x.jar
66802000-66806000 r--s 00020000 08:01 1149392    /usr/share/java/eclipse-aether-util.jar
66806000-66807000 r--s 00006000 08:01 1149532    /usr/share/java/maven3-repository-metadata-3.3.9.jar
66807000-66809000 r--s 00007000 08:01 1149069    /usr/share/java/slf4j-api.jar
66809000-6680a000 r--s 0000a000 08:01 1149528    /usr/share/java/maven3-settings-3.3.9.jar
6680a000-6680e000 r--s 00038000 08:01 1149495    /usr/share/java/plexus-utils2.jar
6680e000-66814000 r--s 00048000 08:01 1149288    /usr/share/java/jsoup.jar
66814000-66816000 r--s 0000a000 08:01 1149529    /usr/share/java/maven3-plugin-api-3.3.9.jar
66816000-66824000 r--s 00095000 08:01 1149408    /usr/share/java/guice.jar
66824000-6687f000 rw-p 00000000 00:00 0 
6687f000-66880000 ---p 00000000 00:00 0 
66880000-66900000 rw-p 00000000 00:00 0 
66900000-66921000 rw-p 00000000 00:00 0 
66921000-66a00000 ---p 00000000 00:00 0 
66a00000-66a01000 r--s 00001000 08:01 1149518    /usr/share/java/wagon-http-shared-2.x.jar
66a01000-66a06000 r--s 00025000 08:01 1149533    /usr/share/java/maven3-model-builder-3.3.9.jar
66a06000-66a0b000 r--s 00040000 08:01 1145678    /usr/share/java/commons-lang-2.6.jar
66a0b000-66a0d000 r--s 00000000 08:01 1149499    /usr/share/java/plexus-component-annotations-1.5.jar
66a0d000-66a28000 r--s 00394000 08:01 1693228    /usr/lib/jvm/java-8-openjdk-i386/jre/lib/ext/cldrdata.jar
66a28000-66a29000 ---p 00000000 00:00 0 
66a29000-66abf000 rw-p 00000000 00:00 0 
66abf000-66bff000 ---p 00000000 00:00 0 
66bff000-66c15000 rw-p 00000000 00:00 0 
66c15000-66d54000 ---p 00000000 00:00 0 
66d54000-66d6a000 rw-p 00000000 00:00 0 
66d6a000-66dff000 ---p 00000000 00:00 0 
66dff000-698c0000 rw-p 00000000 00:00 0 
698c0000-918c0000 ---p 00000000 00:00 0 
918c0000-942c0000 rw-p 00000000 00:00 0 
963c0000-a6e00000 ---p 00000000 00:00 0 
a6e00000-a6e01000 r--s 00006000 08:01 1149451    /usr/share/java/plexus-sec-dispatcher.jar
a6e01000-a6e03000 r--s 00012000 08:01 1144777    /usr/share/java/el-api-3.0.jar
a6e03000-a6e06000 r--s 00008000 08:01 1149246    /usr/share/java/cdi-api-1.0.jar
a6e06000-a6e0d000 r--s 00041000 08:01 1149530    /usr/share/java/maven3-compat-3.3.9.jar
a6e0d000-a6e28000 r--s 001d6000 08:01 1693230    /usr/lib/jvm/java-8-openjdk-i386/jre/lib/ext/nashorn.jar
a6e28000-a6e5a000 rw-p 00000000 00:00 0 
a6e5a000-a7200000 ---p 00000000 00:00 0 
a7200000-a7850000 rwxp 00000000 00:00 0 
a7850000-b6200000 ---p 00000000 00:00 0 
b6200000-b62fb000 rw-p 00000000 00:00 0 
b62fb000-b6300000 ---p 00000000 00:00 0 
b6300000-b6301000 r--s 00000000 08:01 1149240    /usr/share/java/geronimo-interceptor-3.0-spec-1.0.1.jar
b6301000-b6302000 r--s 00000000 08:01 1145399    /usr/share/java/atinject-jsr330-api-1.0.jar
b6302000-b6304000 r--s 0000a000 08:01 1149493    /usr/share/java/plexus-classworlds2-2.5.2.jar
b6304000-b6306000 r--s 00008000 08:01 1693232    /usr/lib/jvm/java-8-openjdk-i386/jre/lib/ext/sunec.jar
b6306000-b630c000 r--s 0003a000 08:01 1693231    /usr/lib/jvm/java-8-openjdk-i386/jre/lib/ext/sunjce_provider.jar
b630c000-b6316000 r--s 00116000 08:01 1693233    /usr/lib/jvm/java-8-openjdk-i386/jre/lib/ext/localedata.jar
b6316000-b6321000 r-xp 00000000 08:01 3402889    /lib/i386-linux-gnu/libnss_files-2.23.so
b6321000-b6322000 r--p 0000a000 08:01 3402889    /lib/i386-linux-gnu/libnss_files-2.23.so
b6322000-b6323000 rw-p 0000b000 08:01 3402889    /lib/i386-linux-gnu/libnss_files-2.23.so
b6323000-b6329000 rw-p 00000000 00:00 0 
b6329000-b6334000 r-xp 00000000 08:01 3402895    /lib/i386-linux-gnu/libnss_nis-2.23.so
b6334000-b6335000 r--p 0000a000 08:01 3402895    /lib/i386-linux-gnu/libnss_nis-2.23.so
b6335000-b6336000 rw-p 0000b000 08:01 3402895    /lib/i386-linux-gnu/libnss_nis-2.23.so
b6336000-b634d000 r-xp 00000000 08:01 3402652    /lib/i386-linux-gnu/libnsl-2.23.so
b634d000-b634e000 r--p 00016000 08:01 3402652    /lib/i386-linux-gnu/libnsl-2.23.so
b634e000-b634f000 rw-p 00017000 08:01 3402652    /lib/i386-linux-gnu/libnsl-2.23.so
b634f000-b6351000 rw-p 00000000 00:00 0 
b6351000-b6359000 r-xp 00000000 08:01 3402720    /lib/i386-linux-gnu/libnss_compat-2.23.so
b6359000-b635a000 r--p 00007000 08:01 3402720    /lib/i386-linux-gnu/libnss_compat-2.23.so
b635a000-b635b000 rw-p 00008000 08:01 3402720    /lib/i386-linux-gnu/libnss_compat-2.23.so
b635b000-b635c000 r--s 00010000 08:01 1693229    /usr/lib/jvm/java-8-openjdk-i386/jre/lib/ext/zipfs.jar
b635c000-b635e000 r--s 00001000 08:01 1693236    /usr/lib/jvm/java-8-openjdk-i386/jre/lib/ext/dnsns.jar
b635e000-b6361000 r--s 0000f000 08:01 1693227    /usr/lib/jvm/java-8-openjdk-i386/jre/lib/ext/icedtea-sound.jar
b6361000-b6369000 r-xp 00000000 08:01 1693277    /usr/lib/jvm/java-8-openjdk-i386/jre/lib/i386/libzip.so
b6369000-b636a000 r--p 00007000 08:01 1693277    /usr/lib/jvm/java-8-openjdk-i386/jre/lib/i386/libzip.so
b636a000-b636b000 rw-p 00008000 08:01 1693277    /usr/lib/jvm/java-8-openjdk-i386/jre/lib/i386/libzip.so
b636b000-b6373000 rw-s 00000000 08:01 2577473    /tmp/hsperfdata_sarnobat/5220
b6373000-b639a000 r-xp 00000000 08:01 1693258    /usr/lib/jvm/java-8-openjdk-i386/jre/lib/i386/libjava.so
b639a000-b639b000 r--p 00026000 08:01 1693258    /usr/lib/jvm/java-8-openjdk-i386/jre/lib/i386/libjava.so
b639b000-b639c000 rw-p 00027000 08:01 1693258    /usr/lib/jvm/java-8-openjdk-i386/jre/lib/i386/libjava.so
b639c000-b63a3000 r-xp 00000000 08:01 3402905    /lib/i386-linux-gnu/librt-2.23.so
b63a3000-b63a4000 r--p 00006000 08:01 3402905    /lib/i386-linux-gnu/librt-2.23.so
b63a4000-b63a5000 rw-p 00007000 08:01 3402905    /lib/i386-linux-gnu/librt-2.23.so
b63a5000-b63a8000 ---p 00000000 00:00 0 
b63a8000-b63f6000 rw-p 00000000 00:00 0 
b63f6000-b6412000 r-xp 00000000 08:01 3402590    /lib/i386-linux-gnu/libgcc_s.so.1
b6412000-b6413000 rw-p 0001b000 08:01 3402590    /lib/i386-linux-gnu/libgcc_s.so.1
b6413000-b6466000 r-xp 00000000 08:01 3402651    /lib/i386-linux-gnu/libm-2.23.so
b6466000-b6467000 r--p 00052000 08:01 3402651    /lib/i386-linux-gnu/libm-2.23.so
b6467000-b6468000 rw-p 00053000 08:01 3402651    /lib/i386-linux-gnu/libm-2.23.so
b6468000-b65d5000 r-xp 00000000 08:01 1104849    /usr/lib/i386-linux-gnu/libstdc++.so.6.0.21
b65d5000-b65d6000 ---p 0016d000 08:01 1104849    /usr/lib/i386-linux-gnu/libstdc++.so.6.0.21
b65d6000-b65db000 r--p 0016d000 08:01 1104849    /usr/lib/i386-linux-gnu/libstdc++.so.6.0.21
b65db000-b65dc000 rw-p 00172000 08:01 1104849    /usr/lib/i386-linux-gnu/libstdc++.so.6.0.21
b65dc000-b65df000 rw-p 00000000 00:00 0 
b65df000-b70b0000 r-xp 00000000 08:01 1693269    /usr/lib/jvm/java-8-openjdk-i386/jre/lib/i386/server/libjvm.so
b70b0000-b70f6000 r--p 00ad0000 08:01 1693269    /usr/lib/jvm/java-8-openjdk-i386/jre/lib/i386/server/libjvm.so
b70f6000-b710d000 rw-p 00b16000 08:01 1693269    /usr/lib/jvm/java-8-openjdk-i386/jre/lib/i386/server/libjvm.so
b710d000-b752d000 rw-p 00000000 00:00 0 
b752d000-b7546000 r-xp 00000000 08:01 3402662    /lib/i386-linux-gnu/libpthread-2.23.so
b7546000-b7547000 r--p 00018000 08:01 3402662    /lib/i386-linux-gnu/libpthread-2.23.so
b7547000-b7548000 rw-p 00019000 08:01 3402662    /lib/i386-linux-gnu/libpthread-2.23.so
b7548000-b754a000 rw-p 00000000 00:00 0 
b754a000-b754d000 r-xp 00000000 08:01 3402697    /lib/i386-linux-gnu/libdl-2.23.so
b754d000-b754e000 r--p 00002000 08:01 3402697    /lib/i386-linux-gnu/libdl-2.23.so
b754e000-b754f000 rw-p 00003000 08:01 3402697    /lib/i386-linux-gnu/libdl-2.23.so
b754f000-b7550000 rw-p 00000000 00:00 0 
b7550000-b7569000 r-xp 00000000 08:01 3402741    /lib/i386-linux-gnu/libz.so.1.2.8
b7569000-b756a000 r--p 00018000 08:01 3402741    /lib/i386-linux-gnu/libz.so.1.2.8
b756a000-b756b000 rw-p 00019000 08:01 3402741    /lib/i386-linux-gnu/libz.so.1.2.8
b756b000-b771b000 r-xp 00000000 08:01 3402663    /lib/i386-linux-gnu/libc-2.23.so
b771b000-b771d000 r--p 001af000 08:01 3402663    /lib/i386-linux-gnu/libc-2.23.so
b771d000-b771e000 rw-p 001b1000 08:01 3402663    /lib/i386-linux-gnu/libc-2.23.so
b771e000-b7721000 rw-p 00000000 00:00 0 
b7721000-b7722000 r--s 0000a000 08:01 1693235    /usr/lib/jvm/java-8-openjdk-i386/jre/lib/ext/jaccess.jar
b7722000-b7726000 r--s 00037000 08:01 1693234    /usr/lib/jvm/java-8-openjdk-i386/jre/lib/ext/sunpkcs11.jar
b7726000-b7727000 r--p 002d4000 08:01 1110568    /usr/lib/locale/locale-archive
b7727000-b7728000 rw-p 00000000 00:00 0 
b7728000-b7729000 ---p 00000000 00:00 0 
b7729000-b7737000 r-xp 00000000 08:01 1693275    /usr/lib/jvm/java-8-openjdk-i386/jre/lib/i386/libverify.so
b7737000-b7738000 r--p 0000d000 08:01 1693275    /usr/lib/jvm/java-8-openjdk-i386/jre/lib/i386/libverify.so
b7738000-b7739000 rw-p 0000e000 08:01 1693275    /usr/lib/jvm/java-8-openjdk-i386/jre/lib/i386/libverify.so
b7739000-b7746000 r-xp 00000000 08:01 1693273    /usr/lib/jvm/java-8-openjdk-i386/jre/lib/i386/jli/libjli.so
b7746000-b7747000 r--p 0000c000 08:01 1693273    /usr/lib/jvm/java-8-openjdk-i386/jre/lib/i386/jli/libjli.so
b7747000-b7748000 rw-p 0000d000 08:01 1693273    /usr/lib/jvm/java-8-openjdk-i386/jre/lib/i386/jli/libjli.so
b7748000-b7749000 rw-p 00000000 00:00 0 
b7749000-b774b000 r--p 00000000 00:00 0          [vvar]
b774b000-b774c000 r-xp 00000000 00:00 0          [vdso]
b774c000-b776f000 r-xp 00000000 08:01 3402661    /lib/i386-linux-gnu/ld-2.23.so
b776f000-b7770000 r--p 00022000 08:01 3402661    /lib/i386-linux-gnu/ld-2.23.so
b7770000-b7771000 rw-p 00023000 08:01 3402661    /lib/i386-linux-gnu/ld-2.23.so
bfe9a000-bfebb000 rw-p 00000000 00:00 0          [stack]

VM Arguments:
jvm_args: -Dclassworlds.conf=/usr/share/maven/bin/m2.conf -Dmaven.home=/usr/share/maven -Dmaven.multiModuleProjectDirectory=/home/sarnobat/github/maven_project 
java_command: org.codehaus.plexus.classworlds.launcher.Launcher --quiet --settings /home/sarnobat/sarnobat.git/mac/.m2/settings.xml install exec:java -Dexec.mainClass=Md5RoList -Dexec.args=4485
java_class_path (initial): /usr/share/maven/boot/plexus-classworlds-2.x.jar
Launcher Type: SUN_STANDARD

Environment Variables:
JAVA_HOME=/usr/lib/jvm/java-8-openjdk-i386
PATH=/usr/bin:/bin
SHELL=/bin/sh

Signal Handlers:
SIGSEGV: [libjvm.so+0x8d7370], sa_mask[0]=11111111011111111101111111111110, sa_flags=SA_RESTART|SA_SIGINFO
SIGBUS: [libjvm.so+0x8d7370], sa_mask[0]=11111111011111111101111111111110, sa_flags=SA_RESTART|SA_SIGINFO
SIGFPE: [libjvm.so+0x73d1c0], sa_mask[0]=11111111011111111101111111111110, sa_flags=SA_RESTART|SA_SIGINFO
SIGPIPE: [libjvm.so+0x73d1c0], sa_mask[0]=11111111011111111101111111111110, sa_flags=SA_RESTART|SA_SIGINFO
SIGXFSZ: [libjvm.so+0x73d1c0], sa_mask[0]=11111111011111111101111111111110, sa_flags=SA_RESTART|SA_SIGINFO
SIGILL: [libjvm.so+0x73d1c0], sa_mask[0]=11111111011111111101111111111110, sa_flags=SA_RESTART|SA_SIGINFO
SIGUSR1: SIG_DFL, sa_mask[0]=00000000000000000000000000000000, sa_flags=none
SIGUSR2: [libjvm.so+0x73d000], sa_mask[0]=00000000000000000000000000000000, sa_flags=SA_RESTART|SA_SIGINFO
SIGHUP: [libjvm.so+0x73d790], sa_mask[0]=11111111011111111101111111111110, sa_flags=SA_RESTART|SA_SIGINFO
SIGINT: [libjvm.so+0x73d790], sa_mask[0]=11111111011111111101111111111110, sa_flags=SA_RESTART|SA_SIGINFO
SIGTERM: [libjvm.so+0x73d790], sa_mask[0]=11111111011111111101111111111110, sa_flags=SA_RESTART|SA_SIGINFO
SIGQUIT: [libjvm.so+0x73d790], sa_mask[0]=11111111011111111101111111111110, sa_flags=SA_RESTART|SA_SIGINFO


---------------  S Y S T E M  ---------------

OS:DISTRIB_ID=Ubuntu
DISTRIB_RELEASE=16.04
DISTRIB_CODENAME=xenial
DISTRIB_DESCRIPTION="Ubuntu 16.04.1 LTS"

uname:Linux 4.4.0-104-generic #127-Ubuntu SMP Mon Dec 11 12:16:50 UTC 2017 i686
libc:glibc 2.23 NPTL 2.23 
rlimit: STACK 8192k, CORE 0k, NPROC 63057, NOFILE 1048576, AS infinity
load average:2.85 2.41 2.27

/proc/meminfo:
MemTotal:        8107456 kB
MemFree:          403804 kB
MemAvailable:          0 kB
Buffers:            4820 kB
Cached:           197592 kB
SwapCached:        10732 kB
Active:          6138792 kB
Inactive:        1354964 kB
Active(anon):    6122048 kB
Inactive(anon):  1342452 kB
Active(file):      16744 kB
Inactive(file):    12512 kB
Unevictable:           0 kB
Mlocked:               0 kB
HighTotal:       7292552 kB
HighFree:          92976 kB
LowTotal:         814904 kB
LowFree:          310828 kB
SwapTotal:       4007932 kB
SwapFree:              0 kB
Dirty:               860 kB
Writeback:             0 kB
AnonPages:       7280996 kB
Mapped:            30992 kB
Shmem:            172864 kB
Slab:              98640 kB
SReclaimable:      51428 kB
SUnreclaim:        47212 kB
KernelStack:       16440 kB
PageTables:        45944 kB
NFS_Unstable:          0 kB
Bounce:                0 kB
WritebackTmp:          0 kB
CommitLimit:     8061660 kB
Committed_AS:   25828452 kB
VmallocTotal:     122880 kB
VmallocUsed:           0 kB
VmallocChunk:          0 kB
AnonHugePages:   4339712 kB
CmaTotal:              0 kB
CmaFree:               0 kB
HugePages_Total:       0
HugePages_Free:        0
HugePages_Rsvd:        0
HugePages_Surp:        0
Hugepagesize:       2048 kB
DirectMap4k:       34808 kB
DirectMap2M:      876544 kB


CPU:total 4 (initial active 4) (2 cores per cpu, 2 threads per core) family 6 model 58 stepping 9, cmov, cx8, fxsr, mmx, sse, sse2, sse3, ssse3, sse4.1, sse4.2, popcnt, avx, aes, clmul, erms, ht, tsc, tscinvbit, tscinv

/proc/cpuinfo:
processor	: 0
vendor_id	: GenuineIntel
cpu family	: 6
model		: 58
model name	: Intel(R) Core(TM) i5-3427U CPU @ 1.80GHz
stepping	: 9
microcode	: 0x17
cpu MHz		: 2599.988
cache size	: 3072 KB
physical id	: 0
siblings	: 4
core id		: 0
cpu cores	: 2
apicid		: 0
initial apicid	: 0
fdiv_bug	: no
f00f_bug	: no
coma_bug	: no
fpu		: yes
fpu_exception	: yes
cpuid level	: 13
wp		: yes
flags		: fpu vme de pse tsc msr pae mce cx8 apic sep mtrr pge mca cmov pat pse36 clflush dts acpi mmx fxsr sse sse2 ss ht tm pbe nx rdtscp lm constant_tsc arch_perfmon pebs bts xtopology nonstop_tsc aperfmperf eagerfpu pni pclmulqdq dtes64 monitor ds_cpl vmx smx est tm2 ssse3 cx16 xtpr pdcm pcid sse4_1 sse4_2 x2apic popcnt tsc_deadline_timer aes xsave avx f16c rdrand lahf_lm epb tpr_shadow vnmi flexpriority ept vpid fsgsbase smep erms xsaveopt dtherm ida arat pln pts
bugs		:
bogomips	: 4589.86
clflush size	: 64
cache_alignment	: 64
address sizes	: 36 bits physical, 48 bits virtual
power management:

processor	: 1
vendor_id	: GenuineIntel
cpu family	: 6
model		: 58
model name	: Intel(R) Core(TM) i5-3427U CPU @ 1.80GHz
stepping	: 9
microcode	: 0x17
cpu MHz		: 2599.988
cache size	: 3072 KB
physical id	: 0
siblings	: 4
core id		: 1
cpu cores	: 2
apicid		: 2
initial apicid	: 2
fdiv_bug	: no
f00f_bug	: no
coma_bug	: no
fpu		: yes
fpu_exception	: yes
cpuid level	: 13
wp		: yes
flags		: fpu vme de pse tsc msr pae mce cx8 apic sep mtrr pge mca cmov pat pse36 clflush dts acpi mmx fxsr sse sse2 ss ht tm pbe nx rdtscp lm constant_tsc arch_perfmon pebs bts xtopology nonstop_tsc aperfmperf eagerfpu pni pclmulqdq dtes64 monitor ds_cpl vmx smx est tm2 ssse3 cx16 xtpr pdcm pcid sse4_1 sse4_2 x2apic popcnt tsc_deadline_timer aes xsave avx f16c rdrand lahf_lm epb tpr_shadow vnmi flexpriority ept vpid fsgsbase smep erms xsaveopt dtherm ida arat pln pts
bugs		:
bogomips	: 4589.86
clflush size	: 64
cache_alignment	: 64
address sizes	: 36 bits physical, 48 bits virtual
power management:

processor	: 2
vendor_id	: GenuineIntel
cpu family	: 6
model		: 58
model name	: Intel(R) Core(TM) i5-3427U CPU @ 1.80GHz
stepping	: 9
microcode	: 0x17
cpu MHz		: 2599.988
cache size	: 3072 KB
physical id	: 0
siblings	: 4
core id		: 0
cpu cores	: 2
apicid		: 1
initial apicid	: 1
fdiv_bug	: no
f00f_bug	: no
coma_bug	: no
fpu		: yes
fpu_exception	: yes
cpuid level	: 13
wp		: yes
flags		: fpu vme de pse tsc msr pae mce cx8 apic sep mtrr pge mca cmov pat pse36 clflush dts acpi mmx fxsr sse sse2 ss ht tm pbe nx rdtscp lm constant_tsc arch_perfmon pebs bts xtopology nonstop_tsc aperfmperf eagerfpu pni pclmulqdq dtes64 monitor ds_cpl vmx smx est tm2 ssse3 cx16 xtpr pdcm pcid sse4_1 sse4_2 x2apic popcnt tsc_deadline_timer aes xsave avx f16c rdrand lahf_lm epb tpr_shadow vnmi flexpriority ept vpid fsgsbase smep erms xsaveopt dtherm ida arat pln pts
bugs		:
bogomips	: 4589.86
clflush size	: 64
cache_alignment	: 64
address sizes	: 36 bits physical, 48 bits virtual
power management:

processor	: 3
vendor_id	: GenuineIntel
cpu family	: 6
model		: 58
model name	: Intel(R) Core(TM) i5-3427U CPU @ 1.80GHz
stepping	: 9
microcode	: 0x17
cpu MHz		: 2599.988
cache size	: 3072 KB
physical id	: 0
siblings	: 4
core id		: 1
cpu cores	: 2
apicid		: 3
initial apicid	: 3
fdiv_bug	: no
f00f_bug	: no
coma_bug	: no
fpu		: yes
fpu_exception	: yes
cpuid level	: 13
wp		: yes
flags		: fpu vme de pse tsc msr pae mce cx8 apic sep mtrr pge mca cmov pat pse36 clflush dts acpi mmx fxsr sse sse2 ss ht tm pbe nx rdtscp lm constant_tsc arch_perfmon pebs bts xtopology nonstop_tsc aperfmperf eagerfpu pni pclmulqdq dtes64 monitor ds_cpl vmx smx est tm2 ssse3 cx16 xtpr pdcm pcid sse4_1 sse4_2 x2apic popcnt tsc_deadline_timer aes xsave avx f16c rdrand lahf_lm epb tpr_shadow vnmi flexpriority ept vpid fsgsbase smep erms xsaveopt dtherm ida arat pln pts
bugs		:
bogomips	: 4589.86
clflush size	: 64
cache_alignment	: 64
address sizes	: 36 bits physical, 48 bits virtual
power management:



Memory: 4k page, physical 8107456k(403804k free), swap 4007932k(0k free)

vm_info: OpenJDK Server VM (25.151-b12) for linux-x86 JRE (1.8.0_151-8u151-b12-0ubuntu0.16.04.2-b12), built on Oct 27 2017 22:05:04 by "buildd" with gcc 5.4.0 20160609

time: Sat Mar 24 07:26:07 2018
elapsed time: 5 seconds (0d 0h 0m 5s)

