#
# There is insufficient memory for the Java Runtime Environment to continue.
# Native memory allocation (mmap) failed to map 87293952 bytes for committing reserved memory.
# Possible reasons:
#   The system is out of physical RAM or swap space
#   In 32 bit mode, the process size limit was hit
# Possible solutions:
#   Reduce memory load on the system
#   Increase physical memory or swap space
#   Check if swap backing store is full
#   Use 64 bit Java on a 64 bit OS
#   Decrease Java heap size (-Xmx/-Xms)
#   Decrease number of Java threads
#   Decrease Java thread stack sizes (-Xss)
#   Set larger code cache with -XX:ReservedCodeCacheSize=
# This output file may be truncated or incomplete.
#
#  Out of Memory Error (os_linux.cpp:2643), pid=25774, tid=0x638e5b40
#
# JRE version: OpenJDK Runtime Environment (8.0_162-b12) (build 1.8.0_162-8u162-b12-0ubuntu0.16.04.2-b12)
# Java VM: OpenJDK Server VM (25.162-b12 mixed mode linux-x86 )
# Failed to write core dump. Core dumps have been disabled. To enable core dumping, try "ulimit -c unlimited" before starting Java again
#

---------------  T H R E A D  ---------------

Current thread (0x63780c00):  VMThread [stack: 0x63865000,0x638e6000] [id=25842]

Stack: [0x63865000,0x638e6000],  sp=0x638e4b40,  free space=510k
Native frames: (J=compiled Java code, j=interpreted, Vv=VM code, C=native code)
V  [libjvm.so+0x8da814]
V  [libjvm.so+0x3a9046]
V  [libjvm.so+0x744ce0]
V  [libjvm.so+0x73eb53]
V  [libjvm.so+0x7b0e1c]
V  [libjvm.so+0x7b1e5b]
V  [libjvm.so+0x7ae917]
V  [libjvm.so+0x7af163]
V  [libjvm.so+0x767f15]
V  [libjvm.so+0x8dc3d9]
V  [libjvm.so+0x8e1536]
V  [libjvm.so+0x8df620]
V  [libjvm.so+0x8dfd75]
V  [libjvm.so+0x8e037b]
V  [libjvm.so+0x741e15]
C  [libpthread.so.0+0x6295]  start_thread+0xe5

VM_Operation (0x60079634): ParallelGCFailedAllocation, mode: safepoint, requested by thread 0x5ee13c00


---------------  P R O C E S S  ---------------

Java Threads: ( => current thread )
  0x5ee13c00 JavaThread "Md5RoCopyFile.main()" [_thread_blocked, id=25866, stack(0x6002b000,0x6007c000)]
  0x637aa000 JavaThread "Service Thread" daemon [_thread_blocked, id=25861, stack(0x630db000,0x6312c000)]
  0x637a6c00 JavaThread "C1 CompilerThread2" daemon [_thread_blocked, id=25859, stack(0x6312c000,0x631ad000)]
  0x637a5800 JavaThread "C2 CompilerThread1" daemon [_thread_in_native, id=25855, stack(0x631ad000,0x6322e000)]
  0x637a3800 JavaThread "C2 CompilerThread0" daemon [_thread_in_native, id=25853, stack(0x6322e000,0x632af000)]
  0x637a2000 JavaThread "Signal Dispatcher" daemon [_thread_blocked, id=25851, stack(0x632af000,0x63300000)]
  0x63788000 JavaThread "Finalizer" daemon [_thread_blocked, id=25848, stack(0x63814000,0x63865000)]
  0x63785400 JavaThread "Reference Handler" daemon [_thread_blocked, id=25845, stack(0x6642e000,0x6647f000)]
  0xb6208400 JavaThread "main" [_thread_blocked, id=25832, stack(0xb6395000,0xb63e6000)]

Other Threads:
=>0x63780c00 VMThread [stack: 0x63865000,0x638e6000] [id=25842]
  0x637ac000 WatcherThread [stack: 0x6305a000,0x630db000] [id=25862]

VM state:at safepoint (normal execution)

VM Mutex/Monitor currently owned by a thread:  ([mutex/lock_event])
[0xb6205a48] Threads_lock - owner thread: 0x63780c00
[0xb6205e58] Heap_lock - owner thread: 0x5ee13c00

Heap:
 PSYoungGen      total 139776K, used 9466K [0x918c0000, 0x9ac40000, 0xa6e00000)
  eden space 130304K, 0% used [0x918c0000,0x918c0000,0x99800000)
  from space 9472K, 99% used [0x99800000,0x9a13eb78,0x9a140000)
  to   space 7680K, 0% used [0x9a140000,0x9a140000,0x9a8c0000)
 ParOldGen       total 43776K, used 17706K [0x66e00000, 0x698c0000, 0x918c0000)
  object space 43776K, 40% used [0x66e00000,0x67f4a820,0x698c0000)
 Metaspace       used 15859K, capacity 16159K, committed 16280K, reserved 16688K

Card table byte_map: [0x66bff000,0x66e00000] byte_map_base: 0x668c8000

Marking Bits: (ParMarkBitMap*) 0xb71108a0
 Begin Bits: [0x64300000, 0x65300000)
 End Bits:   [0x65300000, 0x66300000)

Polling page: 0xb771d000

CodeCache: size=245760Kb used=9704Kb max_used=9705Kb free=236055Kb
 bounds [0xa7200000, 0xa7b90000, 0xb6200000]
 total_blobs=3940 nmethods=3749 adapters=104
 compilation: enabled

Compilation events (10 events):
Event: 15.747 Thread 0x637a6c00 4206       1       org.glassfish.jersey.uri.internal.UriTemplateParser::getTemplate (5 bytes)
Event: 15.747 Thread 0x637a6c00 nmethod 4206 0xa773be48 code [0xa773bf40, 0xa773bfe0]
Event: 15.747 Thread 0x637a6c00 4207       1       org.glassfish.jersey.uri.internal.UriTemplateParser::getPattern (5 bytes)
Event: 15.747 Thread 0x637a6c00 nmethod 4207 0xa773bc48 code [0xa773bd40, 0xa773bde0]
Event: 15.747 Thread 0x637a6c00 4208       1       org.glassfish.jersey.uri.internal.UriTemplateParser::getNumberOfExplicitRegexes (5 bytes)
Event: 15.748 Thread 0x637a6c00 nmethod 4208 0xa773ba48 code [0xa773bb40, 0xa773bbe0]
Event: 15.748 Thread 0x637a6c00 4209       1       org.glassfish.jersey.uri.internal.UriTemplateParser::getNumberOfLiteralCharacters (5 bytes)
Event: 15.748 Thread 0x637a6c00 nmethod 4209 0xa773b848 code [0xa773b940, 0xa773b9e0]
Event: 15.748 Thread 0x637a6c00 4210       1       org.glassfish.jersey.uri.internal.UriTemplateParser::getNames (5 bytes)
Event: 15.748 Thread 0x637a6c00 nmethod 4210 0xa773b648 code [0xa773b740, 0xa773b7e0]

GC Heap History (10 events):
Event: 2.434 GC heap after
Heap after GC invocations=4 (full 0):
 PSYoungGen      total 35840K, used 2546K [0x918c0000, 0x93e40000, 0xa6e00000)
  eden space 33280K, 0% used [0x918c0000,0x918c0000,0x93940000)
  from space 2560K, 99% used [0x93bc0000,0x93e3c890,0x93e40000)
  to   space 2560K, 0% used [0x93940000,0x93940000,0x93bc0000)
 ParOldGen       total 43776K, used 4400K [0x66e00000, 0x698c0000, 0x918c0000)
  object space 43776K, 10% used [0x66e00000,0x6724c268,0x698c0000)
 Metaspace       used 8082K, capacity 8156K, committed 8216K, reserved 8496K
}
Event: 4.053 GC heap before
{Heap before GC invocations=5 (full 0):
 PSYoungGen      total 35840K, used 35826K [0x918c0000, 0x93e40000, 0xa6e00000)
  eden space 33280K, 100% used [0x918c0000,0x93940000,0x93940000)
  from space 2560K, 99% used [0x93bc0000,0x93e3c890,0x93e40000)
  to   space 2560K, 0% used [0x93940000,0x93940000,0x93bc0000)
 ParOldGen       total 43776K, used 4400K [0x66e00000, 0x698c0000, 0x918c0000)
  object space 43776K, 10% used [0x66e00000,0x6724c268,0x698c0000)
 Metaspace       used 9989K, capacity 10075K, committed 10136K, reserved 10544K
Event: 4.090 GC heap after
Heap after GC invocations=5 (full 0):
 PSYoungGen      total 35840K, used 2544K [0x918c0000, 0x964c0000, 0xa6e00000)
  eden space 33280K, 0% used [0x918c0000,0x918c0000,0x93940000)
  from space 2560K, 99% used [0x93940000,0x93bbc060,0x93bc0000)
  to   space 5632K, 0% used [0x95f40000,0x95f40000,0x964c0000)
 ParOldGen       total 43776K, used 6533K [0x66e00000, 0x698c0000, 0x918c0000)
  object space 43776K, 14% used [0x66e00000,0x67461428,0x698c0000)
 Metaspace       used 9989K, capacity 10075K, committed 10136K, reserved 10544K
}
Event: 7.056 GC heap before
{Heap before GC invocations=6 (full 0):
 PSYoungGen      total 35840K, used 35824K [0x918c0000, 0x964c0000, 0xa6e00000)
  eden space 33280K, 100% used [0x918c0000,0x93940000,0x93940000)
  from space 2560K, 99% used [0x93940000,0x93bbc060,0x93bc0000)
  to   space 5632K, 0% used [0x95f40000,0x95f40000,0x964c0000)
 ParOldGen       total 43776K, used 6533K [0x66e00000, 0x698c0000, 0x918c0000)
  object space 43776K, 14% used [0x66e00000,0x67461428,0x698c0000)
 Metaspace       used 10827K, capacity 10924K, committed 11032K, reserved 11568K
Event: 7.114 GC heap after
Heap after GC invocations=6 (full 0):
 PSYoungGen      total 71680K, used 5249K [0x918c0000, 0x965c0000, 0xa6e00000)
  eden space 66048K, 0% used [0x918c0000,0x918c0000,0x95940000)
  from space 5632K, 93% used [0x95f40000,0x96460600,0x964c0000)
  to   space 6144K, 0% used [0x95940000,0x95940000,0x95f40000)
 ParOldGen       total 43776K, used 6537K [0x66e00000, 0x698c0000, 0x918c0000)
  object space 43776K, 14% used [0x66e00000,0x67462428,0x698c0000)
 Metaspace       used 10827K, capacity 10924K, committed 11032K, reserved 11568K
}
Event: 10.484 GC heap before
{Heap before GC invocations=7 (full 0):
 PSYoungGen      total 71680K, used 71297K [0x918c0000, 0x965c0000, 0xa6e00000)
  eden space 66048K, 100% used [0x918c0000,0x95940000,0x95940000)
  from space 5632K, 93% used [0x95f40000,0x96460600,0x964c0000)
  to   space 6144K, 0% used [0x95940000,0x95940000,0x95f40000)
 ParOldGen       total 43776K, used 6537K [0x66e00000, 0x698c0000, 0x918c0000)
  object space 43776K, 14% used [0x66e00000,0x67462428,0x698c0000)
 Metaspace       used 11122K, capacity 11229K, committed 11288K, reserved 11568K
Event: 10.550 GC heap after
Heap after GC invocations=7 (full 0):
 PSYoungGen      total 72192K, used 6138K [0x918c0000, 0x9a8c0000, 0xa6e00000)
  eden space 66048K, 0% used [0x918c0000,0x918c0000,0x95940000)
  from space 6144K, 99% used [0x95940000,0x95f3e830,0x95f40000)
  to   space 7680K, 0% used [0x9a140000,0x9a140000,0x9a8c0000)
 ParOldGen       total 43776K, used 7817K [0x66e00000, 0x698c0000, 0x918c0000)
  object space 43776K, 17% used [0x66e00000,0x675a25b0,0x698c0000)
 Metaspace       used 11122K, capacity 11229K, committed 11288K, reserved 11568K
}
Event: 12.658 GC heap before
{Heap before GC invocations=8 (full 0):
 PSYoungGen      total 72192K, used 72186K [0x918c0000, 0x9a8c0000, 0xa6e00000)
  eden space 66048K, 100% used [0x918c0000,0x95940000,0x95940000)
  from space 6144K, 99% used [0x95940000,0x95f3e830,0x95f40000)
  to   space 7680K, 0% used [0x9a140000,0x9a140000,0x9a8c0000)
 ParOldGen       total 43776K, used 7817K [0x66e00000, 0x698c0000, 0x918c0000)
  object space 43776K, 17% used [0x66e00000,0x675a25b0,0x698c0000)
 Metaspace       used 11430K, capacity 11562K, committed 11672K, reserved 12592K
Event: 12.680 GC heap after
Heap after GC invocations=8 (full 0):
 PSYoungGen      total 137984K, used 7680K [0x918c0000, 0x9ac40000, 0xa6e00000)
  eden space 130304K, 0% used [0x918c0000,0x918c0000,0x99800000)
  from space 7680K, 100% used [0x9a140000,0x9a8c0000,0x9a8c0000)
  to   space 9472K, 0% used [0x99800000,0x99800000,0x9a140000)
 ParOldGen       total 43776K, used 9580K [0x66e00000, 0x698c0000, 0x918c0000)
  object space 43776K, 21% used [0x66e00000,0x6775b0f8,0x698c0000)
 Metaspace       used 11430K, capacity 11562K, committed 11672K, reserved 12592K
}
Event: 15.748 GC heap before
{Heap before GC invocations=9 (full 0):
 PSYoungGen      total 137984K, used 137984K [0x918c0000, 0x9ac40000, 0xa6e00000)
  eden space 130304K, 100% used [0x918c0000,0x99800000,0x99800000)
  from space 7680K, 100% used [0x9a140000,0x9a8c0000,0x9a8c0000)
  to   space 9472K, 0% used [0x99800000,0x99800000,0x9a140000)
 ParOldGen       total 43776K, used 9580K [0x66e00000, 0x698c0000, 0x918c0000)
  object space 43776K, 21% used [0x66e00000,0x6775b0f8,0x698c0000)
 Metaspace       used 15859K, capacity 16159K, committed 16280K, reserved 16688K

Deoptimization events (10 events):
Event: 14.980 Thread 0x5ee13c00 Uncommon trap: reason=class_check action=maybe_recompile pc=0xa7548f64 method=java.lang.reflect.Method.equals(Ljava/lang/Object;)Z @ 5
Event: 15.128 Thread 0x5ee13c00 Uncommon trap: reason=class_check action=maybe_recompile pc=0xa7548f64 method=java.lang.reflect.Method.equals(Ljava/lang/Object;)Z @ 5
Event: 15.172 Thread 0x5ee13c00 Uncommon trap: reason=unstable_if action=reinterpret pc=0xa741a50c method=sun.net.www.ParseUtil.encodePath(Ljava/lang/String;Z)Ljava/lang/String; @ 109
Event: 15.385 Thread 0x5ee13c00 Uncommon trap: reason=class_check action=maybe_recompile pc=0xa7548f64 method=java.lang.reflect.Method.equals(Ljava/lang/Object;)Z @ 5
Event: 15.442 Thread 0x5ee13c00 Uncommon trap: reason=unstable_if action=reinterpret pc=0xa7a16e98 method=java.util.concurrent.ConcurrentHashMap.replaceNode(Ljava/lang/Object;Ljava/lang/Object;Ljava/lang/Object;)Ljava/lang/Object; @ 136
Event: 15.601 Thread 0x5ee13c00 Uncommon trap: reason=unstable_if action=reinterpret pc=0xa7a465e4 method=java.util.concurrent.ConcurrentHashMap.get(Ljava/lang/Object;)Ljava/lang/Object; @ 76
Event: 15.601 Thread 0x5ee13c00 Uncommon trap: reason=class_check action=maybe_recompile pc=0xa76b04ec method=java.util.concurrent.ConcurrentHashMap.putVal(Ljava/lang/Object;Ljava/lang/Object;Z)Ljava/lang/Object; @ 192
Event: 15.610 Thread 0x5ee13c00 Uncommon trap: reason=class_check action=maybe_recompile pc=0xa76b04ec method=java.util.concurrent.ConcurrentHashMap.putVal(Ljava/lang/Object;Ljava/lang/Object;Z)Ljava/lang/Object; @ 192
Event: 15.612 Thread 0x5ee13c00 Uncommon trap: reason=class_check action=maybe_recompile pc=0xa76b04ec method=java.util.concurrent.ConcurrentHashMap.putVal(Ljava/lang/Object;Ljava/lang/Object;Z)Ljava/lang/Object; @ 192
Event: 15.615 Thread 0x5ee13c00 Uncommon trap: reason=class_check action=maybe_recompile pc=0xa76b04ec method=java.util.concurrent.ConcurrentHashMap.putVal(Ljava/lang/Object;Ljava/lang/Object;Z)Ljava/lang/Object; @ 192

Classes redefined (0 events):
No events

Internal exceptions (10 events):
Event: 14.664 Thread 0x5ee13c00 Exception <a 'java/security/PrivilegedActionException'> (0x95fb4388) thrown at [/build/openjdk-8-2Hm3Za/openjdk-8-8u162-b12/src/hotspot/src/share/vm/prims/jvm.cpp, line 1390]
Event: 14.664 Thread 0x5ee13c00 Exception <a 'java/security/PrivilegedActionException'> (0x95fb4768) thrown at [/build/openjdk-8-2Hm3Za/openjdk-8-8u162-b12/src/hotspot/src/share/vm/prims/jvm.cpp, line 1390]
Event: 14.664 Thread 0x5ee13c00 Exception <a 'java/security/PrivilegedActionException'> (0x95fb5930) thrown at [/build/openjdk-8-2Hm3Za/openjdk-8-8u162-b12/src/hotspot/src/share/vm/prims/jvm.cpp, line 1390]
Event: 14.664 Thread 0x5ee13c00 Exception <a 'java/security/PrivilegedActionException'> (0x95fb5d10) thrown at [/build/openjdk-8-2Hm3Za/openjdk-8-8u162-b12/src/hotspot/src/share/vm/prims/jvm.cpp, line 1390]
Event: 14.664 Thread 0x5ee13c00 Exception <a 'java/security/PrivilegedActionException'> (0x95fb6ea8) thrown at [/build/openjdk-8-2Hm3Za/openjdk-8-8u162-b12/src/hotspot/src/share/vm/prims/jvm.cpp, line 1390]
Event: 14.664 Thread 0x5ee13c00 Exception <a 'java/security/PrivilegedActionException'> (0x95fb7288) thrown at [/build/openjdk-8-2Hm3Za/openjdk-8-8u162-b12/src/hotspot/src/share/vm/prims/jvm.cpp, line 1390]
Event: 14.664 Thread 0x5ee13c00 Exception <a 'java/security/PrivilegedActionException'> (0x95fb8450) thrown at [/build/openjdk-8-2Hm3Za/openjdk-8-8u162-b12/src/hotspot/src/share/vm/prims/jvm.cpp, line 1390]
Event: 14.664 Thread 0x5ee13c00 Exception <a 'java/security/PrivilegedActionException'> (0x95fb8830) thrown at [/build/openjdk-8-2Hm3Za/openjdk-8-8u162-b12/src/hotspot/src/share/vm/prims/jvm.cpp, line 1390]
Event: 14.664 Thread 0x5ee13c00 Exception <a 'java/security/PrivilegedActionException'> (0x95fb9898) thrown at [/build/openjdk-8-2Hm3Za/openjdk-8-8u162-b12/src/hotspot/src/share/vm/prims/jvm.cpp, line 1390]
Event: 14.664 Thread 0x5ee13c00 Exception <a 'java/security/PrivilegedActionException'> (0x95fb9c78) thrown at [/build/openjdk-8-2Hm3Za/openjdk-8-8u162-b12/src/hotspot/src/share/vm/prims/jvm.cpp, line 1390]

Events (10 events):
Event: 15.744 loading class org/glassfish/jersey/message/AbstractEntityProviderModel done
Event: 15.744 loading class org/glassfish/jersey/message/ReaderModel
Event: 15.744 loading class org/glassfish/jersey/message/ReaderModel done
Event: 15.745 loading class org/glassfish/jersey/message/internal/TracingLogger$Event
Event: 15.745 loading class org/glassfish/jersey/message/internal/TracingLogger$Event done
Event: 15.745 loading class org/glassfish/jersey/message/WriterModel
Event: 15.745 loading class org/glassfish/jersey/message/WriterModel done
Event: 15.746 loading class org/glassfish/jersey/internal/util/collection/KeyComparator
Event: 15.746 loading class org/glassfish/jersey/internal/util/collection/KeyComparator done
Event: 15.748 Executing VM operation: ParallelGCFailedAllocation


Dynamic libraries:
08048000-08049000 r-xp 00000000 08:01 1693449    /usr/lib/jvm/java-8-openjdk-i386/jre/bin/java
08049000-0804a000 r--p 00000000 08:01 1693449    /usr/lib/jvm/java-8-openjdk-i386/jre/bin/java
0804a000-0804b000 rw-p 00001000 08:01 1693449    /usr/lib/jvm/java-8-openjdk-i386/jre/bin/java
08248000-08337000 rw-p 00000000 00:00 0          [heap]
5c200000-5c230000 rw-p 00000000 00:00 0 
5c230000-5c300000 ---p 00000000 00:00 0 
5c3ed000-5c600000 rw-p 00000000 00:00 0 
5c600000-5c6fb000 rw-p 00000000 00:00 0 
5c6fb000-5c700000 ---p 00000000 00:00 0 
5c700000-5c729000 rw-p 00000000 00:00 0 
5c729000-5c800000 ---p 00000000 00:00 0 
5c800000-5c900000 rw-p 00000000 00:00 0 
5c900000-5c9b0000 rw-p 00000000 00:00 0 
5c9b0000-5ca00000 ---p 00000000 00:00 0 
5ca00000-5cb00000 rw-p 00000000 00:00 0 
5cb00000-5cb7f000 rw-p 00000000 00:00 0 
5cb7f000-5cc00000 ---p 00000000 00:00 0 
5cc00000-5ccf0000 rw-p 00000000 00:00 0 
5ccf0000-5cd00000 ---p 00000000 00:00 0 
5cdd1000-5cf00000 rw-p 00000000 00:00 0 
5cf00000-5cfff000 rw-p 00000000 00:00 0 
5cfff000-5d000000 ---p 00000000 00:00 0 
5d0e0000-5d200000 rw-p 00000000 00:00 0 
5d200000-5d2e6000 rw-p 00000000 00:00 0 
5d2e6000-5d300000 ---p 00000000 00:00 0 
5d400000-5d4fa000 rw-p 00000000 00:00 0 
5d4fa000-5d500000 ---p 00000000 00:00 0 
5d500000-5d5fa000 rw-p 00000000 00:00 0 
5d5fa000-5d600000 ---p 00000000 00:00 0 
5d600000-5d700000 rw-p 00000000 00:00 0 
5d700000-5d7f0000 rw-p 00000000 00:00 0 
5d7f0000-5d800000 ---p 00000000 00:00 0 
5d800000-5d8e6000 rw-p 00000000 00:00 0 
5d8e6000-5d900000 ---p 00000000 00:00 0 
5d900000-5d9f9000 rw-p 00000000 00:00 0 
5d9f9000-5da00000 ---p 00000000 00:00 0 
5da00000-5db00000 rw-p 00000000 00:00 0 
5db00000-5dba0000 rw-p 00000000 00:00 0 
5dba0000-5dc00000 ---p 00000000 00:00 0 
5dc00000-5dd00000 rw-p 00000000 00:00 0 
5dd00000-5ddfd000 rw-p 00000000 00:00 0 
5ddfd000-5de00000 ---p 00000000 00:00 0 
5de00000-5defa000 rw-p 00000000 00:00 0 
5defa000-5df00000 ---p 00000000 00:00 0 
5df68000-5dfda000 r--s 0065a000 08:01 2733069    /home/sarnobat/.m2/repository/org/scala-lang/scala-library/2.10.4/scala-library-2.10.4.jar
5dfda000-5e000000 r--s 00257000 08:01 2733064    /home/sarnobat/.m2/repository/com/typesafe/akka/akka-actor_2.10/2.3.10/akka-actor_2.10-2.3.10.jar
5e000000-5e100000 rw-p 00000000 00:00 0 
5e100000-5e200000 rw-p 00000000 00:00 0 
5e204000-5e206000 r--s 0000c000 08:01 2733077    /home/sarnobat/.m2/repository/org/apache/commons/commons-exec/1.3/commons-exec-1.3.jar
5e206000-5e20a000 r--s 0002f000 08:01 2709306    /home/sarnobat/.m2/repository/com/fasterxml/jackson/core/jackson-core/2.1.3/jackson-core-2.1.3.jar
5e20a000-5e20b000 r--s 00001000 08:01 2733072    /home/sarnobat/.m2/repository/com/google/http-client/google-http-client-jackson2/1.19.0/google-http-client-jackson2-1.19.0.jar
5e20b000-5e20f000 r--s 00032000 08:01 2733067    /home/sarnobat/.m2/repository/com/typesafe/config/1.2.1/config-1.2.1.jar
5e20f000-5e211000 r--s 00003000 08:01 2733066    /home/sarnobat/.m2/repository/org/kevoree/tools/org.kevoree.tools.annotation.api/2.0.5/org.kevoree.tools.annotation.api-2.0.5.jar
5e211000-5e218000 r--s 00028000 08:01 2733063    /home/sarnobat/.m2/repository/org/jetbrains/kotlin/kotlin-runtime/0.5.998/kotlin-runtime-0.5.998.jar
5e218000-5e21d000 r--s 0004b000 08:01 2733061    /home/sarnobat/.m2/repository/org/jetbrains/kotlin/kotlin-stdlib/0.5.998/kotlin-stdlib-0.5.998.jar
5e21d000-5e21e000 r--s 00001000 08:01 2733055    /home/sarnobat/.m2/repository/org/kevoree/org.kevoree.log/2.0.5/org.kevoree.log-2.0.5.jar
5e21e000-5e220000 r--s 00007000 08:01 2733058    /home/sarnobat/.m2/repository/org/kevoree/org.kevoree.kcl/2.0.5/org.kevoree.kcl-2.0.5.jar
5e220000-5e222000 r--s 0000c000 08:01 2733056    /home/sarnobat/.m2/repository/org/kevoree/org.kevoree.adaptation.model/2.0.5/org.kevoree.adaptation.model-2.0.5.jar
5e222000-5e225000 r--s 00020000 08:01 2733054    /home/sarnobat/.m2/repository/org/kevoree/org.kevoree.model.context/2.0.5/org.kevoree.model.context-2.0.5.jar
5e225000-5e227000 r--s 00008000 08:01 2733053    /home/sarnobat/.m2/repository/fr/inria/jfilter/jfilter-library/1.3/jfilter-library-1.3.jar
5e227000-5e229000 r--s 00007000 08:01 2733048    /home/sarnobat/.m2/repository/org/kevoree/modeling/org.kevoree.modeling.microframework/1.4.4/org.kevoree.modeling.microframework-1.4.4.jar
5e229000-5e22e000 r--s 000a1000 08:01 2733044    /home/sarnobat/.m2/repository/org/kevoree/org.kevoree.model/2.0.5/org.kevoree.model-2.0.5.jar
5e22e000-5e230000 r--s 00002000 08:01 2733042    /home/sarnobat/.m2/repository/org/kevoree/org.kevoree.api/2.0.5/org.kevoree.api-2.0.5.jar
5e230000-5e232000 r--s 0000a000 08:01 2733046    /home/sarnobat/.m2/repository/org/kevoree/org.kevoree.framework/2.0.5/org.kevoree.framework-2.0.5.jar
5e232000-5e234000 r--s 0000c000 08:01 2733043    /home/sarnobat/.m2/repository/org/kevoree/tools/org.kevoree.tools.javase.framework/2.0.5/org.kevoree.tools.javase.framework-2.0.5.jar
5e234000-5e235000 r--s 00002000 08:01 2733037    /home/sarnobat/.m2/repository/org/slf4j/slf4j-simple/1.7.5/slf4j-simple-1.7.5.jar
5e235000-5e236000 r--s 00009000 08:01 2733040    /home/sarnobat/.m2/repository/org/kevoree/corelibrary/javase/org.kevoree.library.javase.nanohttp/2.0.2/org.kevoree.library.javase.nanohttp-2.0.2.jar
5e236000-5e23b000 r--s 0002a000 08:01 2733032    /home/sarnobat/.m2/repository/com/google/code/gson/gson/2.2.4/gson-2.2.4.jar
5e23b000-5e23c000 r--s 00002000 08:01 2733033    /home/sarnobat/.m2/repository/com/github/axet/threads/0.0.2/threads-0.0.2.jar
5e23c000-5e23e000 r--s 00005000 08:01 2701036    /home/sarnobat/.m2/repository/xpp3/xpp3_min/1.1.4c/xpp3_min-1.1.4c.jar
5e23e000-5e23f000 r--s 00001000 08:01 2701035    /home/sarnobat/.m2/repository/xmlpull/xmlpull/1.1.3.1/xmlpull-1.1.3.1.jar
5e23f000-5e24b000 r--s 0006a000 08:01 2733504    /home/sarnobat/.m2/repository/com/thoughtworks/xstream/xstream/1.4.2/xstream-1.4.2.jar
5e24b000-5e24d000 r--s 00009000 08:01 2733031    /home/sarnobat/.m2/repository/com/github/axet/wget/1.2.11/wget-1.2.11.jar
5e24d000-5e24f000 r--s 00008000 08:01 2733035    /home/sarnobat/.m2/repository/com/github/axet/vget/1.1.10/vget-1.1.10.jar
5e24f000-5e250000 r--s 00004000 08:01 2733020    /home/sarnobat/.m2/repository/javax/json/javax.json-api/1.0/javax.json-api-1.0.jar
5e250000-5e261000 r--s 000c6000 08:01 2733016    /home/sarnobat/.m2/repository/org/glassfish/grizzly/grizzly-framework/2.3.16/grizzly-framework-2.3.16.jar
5e261000-5e266000 r--s 0004c000 08:01 2733015    /home/sarnobat/.m2/repository/org/glassfish/grizzly/grizzly-http/2.3.16/grizzly-http-2.3.16.jar
5e266000-5e26c000 r--s 0003f000 08:01 2733013    /home/sarnobat/.m2/repository/org/glassfish/grizzly/grizzly-http-server/2.3.16/grizzly-http-server-2.3.16.jar
5e26c000-5e26e000 r--s 00005000 08:01 2733011    /home/sarnobat/.m2/repository/org/glassfish/jersey/containers/jersey-container-grizzly2-http/2.13/jersey-container-grizzly2-http-2.13.jar
5e26e000-5e274000 r--s 00042000 08:01 2733012    /home/sarnobat/.m2/repository/org/jsoup/jsoup/1.7.2/jsoup-1.7.2.jar
5e274000-5e296000 r--s 0015f000 08:01 2733018    /home/sarnobat/.m2/repository/com/ui4j/ui4j-all/2.0.0/ui4j-all-2.0.0.jar
5e296000-5e29a000 r--s 0003c000 08:01 2701080    /home/sarnobat/.m2/repository/commons-lang/commons-lang/2.4/commons-lang-2.4.jar
5e29a000-5e29e000 r--s 00029000 08:01 2714578    /home/sarnobat/.m2/repository/org/glassfish/jersey/core/jersey-client/2.26/jersey-client-2.26.jar
5e29e000-5e2a3000 r--s 00046000 08:01 2732990    /home/sarnobat/.m2/repository/org/apache/commons/commons-lang3/3.0/commons-lang3-3.0.jar
5e2a3000-5e2a5000 r--s 0000a000 08:01 2732988    /home/sarnobat/.m2/repository/javax/ws/rs/jsr311-api/1.1.1/jsr311-api-1.1.1.jar
5e2a5000-5e2a9000 r--s 0002f000 08:01 2772051    /home/sarnobat/.m2/repository/commons-io/commons-io/2.5/commons-io-2.5.jar
5e2a9000-5e2af000 r--s 00045000 08:01 2717567    /home/sarnobat/.m2/repository/commons-httpclient/commons-httpclient/3.1/commons-httpclient-3.1.jar
5e2af000-5e2b1000 r--s 0000e000 08:01 2701078    /home/sarnobat/.m2/repository/javax/activation/activation/1.1/activation-1.1.jar
5e2b1000-5e2b8000 r--s 00064000 08:01 2732986    /home/sarnobat/.m2/repository/javax/mail/mail/1.4.2/mail-1.4.2.jar
5e2b8000-5e2bb000 r--s 00023000 08:01 2732985    /home/sarnobat/.m2/repository/jdom/jdom/1.0/jdom-1.0.jar
5e2bb000-5e2bf000 r--s 00032000 08:01 2732981    /home/sarnobat/.m2/repository/net/java/dev/rome/rome/1.0.0/rome-1.0.0.jar
5e2bf000-5e2c0000 r--s 0000a000 08:01 2495669    /home/sarnobat/.m2/repository/commons-logging/commons-logging-api/1.1/commons-logging-api-1.1.jar
5e2c0000-5e2c2000 r--s 00008000 08:01 2732980    /home/sarnobat/.m2/repository/com/googlecode/gmail4j/gmail4j/0.4/gmail4j-0.4.jar
5e2c2000-5e300000 r--s 0025e000 08:01 2732970    /home/sarnobat/.m2/repository/org/bouncycastle/bcprov-jdk15on/1.50/bcprov-jdk15on-1.50.jar
5e300000-5e3ff000 rw-p 00000000 00:00 0 
5e3ff000-5e400000 ---p 00000000 00:00 0 
5e400000-5e500000 rw-p 00000000 00:00 0 
5e500000-5e5ff000 rw-p 00000000 00:00 0 
5e5ff000-5e600000 ---p 00000000 00:00 0 
5e600000-5e604000 r--s 00025000 08:01 2732973    /home/sarnobat/.m2/repository/com/google/api-client/google-api-client/1.17.0-rc/google-api-client-1.17.0-rc.jar
5e604000-5e607000 r--s 00006000 08:01 2717565    /home/sarnobat/.m2/repository/com/google/code/findbugs/jsr305/1.3.9/jsr305-1.3.9.jar
5e607000-5e60d000 r--s 0003c000 08:01 2733397    /home/sarnobat/.m2/repository/com/google/http-client/google-http-client/1.17.0-rc/google-http-client-1.17.0-rc.jar
5e60d000-5e60f000 r--s 0000d000 08:01 2732978    /home/sarnobat/.m2/repository/com/google/oauth-client/google-oauth-client/1.17.0-rc/google-oauth-client-1.17.0-rc.jar
5e60f000-5e611000 r--s 00282000 08:01 2732971    /home/sarnobat/.m2/repository/org/seleniumhq/selenium/selenium-firefox-driver/2.45.0/selenium-firefox-driver-2.45.0.jar
5e611000-5e613000 r--s 0000e000 08:01 2733431    /home/sarnobat/.m2/repository/org/json/json/20171018/json-20171018.jar
5e613000-5e620000 r--s 000a2000 08:01 2733085    /home/sarnobat/.m2/repository/org/apache/commons/commons-imaging/1.0-R1480221/commons-imaging-1.0-R1480221.jar
5e620000-5e630000 r--s 00083000 08:01 2732963    /home/sarnobat/.m2/repository/org/bouncycastle/bcpkix-jdk15on/1.50/bcpkix-jdk15on-1.50.jar
5e630000-5e638000 r--s 00052000 08:01 2732961    /home/sarnobat/.m2/repository/net/schmizz/sshj/0.10.0/sshj-0.10.0.jar
5e638000-5e645000 r--s 0008e000 08:01 2732962    /home/sarnobat/.m2/repository/org/apache/mina/mina-core/2.0.9/mina-core-2.0.9.jar
5e645000-5e654000 r--s 00095000 08:01 2732958    /home/sarnobat/.m2/repository/org/apache/sshd/sshd-core/0.14.0/sshd-core-0.14.0.jar
5e654000-5e662000 r--s 00154000 08:01 2732960    /home/sarnobat/.m2/repository/org/apache/openjpa/openjpa-jdbc/2.4.0/openjpa-jdbc-2.4.0.jar
5e662000-5e666000 r--s 00022000 08:01 2732952    /home/sarnobat/.m2/repository/org/apache/openjpa/openjpa-persistence-jdbc/2.4.0/openjpa-persistence-jdbc-2.4.0.jar
5e666000-5e673000 r--s 000bf000 08:01 2732953    /home/sarnobat/.m2/repository/org/apache/openjpa/openjpa-persistence/2.4.0/openjpa-persistence-2.4.0.jar
5e673000-5e67c000 r--s 0006b000 08:01 2732950    /home/sarnobat/.m2/repository/org/apache/openjpa/openjpa-lib/2.4.0/openjpa-lib-2.4.0.jar
5e67c000-5e68d000 r--s 00154000 08:01 2732951    /home/sarnobat/.m2/repository/org/apache/openjpa/openjpa-kernel/2.4.0/openjpa-kernel-2.4.0.jar
5e68d000-5e690000 r--s 00034000 08:01 2732949    /home/sarnobat/.m2/repository/org/apache/openjpa/openjpa-jest/2.4.0/openjpa-jest-2.4.0.jar
5e690000-5e695000 r--s 00019000 08:01 2732944    /home/sarnobat/.m2/repository/org/apache/geronimo/specs/geronimo-jpa_2.0_spec/1.1/geronimo-jpa_2.0_spec-1.1.jar
5e695000-5e697000 r--s 00004000 08:01 2701076    /home/sarnobat/.m2/repository/javax/xml/stream/stax-api/1.0-2/stax-api-1.0-2.jar
5e697000-5e69b000 r--s 00020000 08:01 2732943    /home/sarnobat/.m2/repository/org/apache/xbean/xbean-asm5-shaded/3.17/xbean-asm5-shaded-3.17.jar
5e69b000-5e69e000 r--s 00015000 08:01 2732942    /home/sarnobat/.m2/repository/commons-pool/commons-pool/1.5.4/commons-pool-1.5.4.jar
5e69e000-5e69f000 r--s 00003000 08:01 2732938    /home/sarnobat/.m2/repository/org/apache/geronimo/specs/geronimo-jta_1.1_spec/1.1.1/geronimo-jta_1.1_spec-1.1.1.jar
5e69f000-5e6a1000 r--s 00006000 08:01 2732937    /home/sarnobat/.m2/repository/org/apache/geronimo/specs/geronimo-jms_1.1_spec/1.1.1/geronimo-jms_1.1_spec-1.1.1.jar
5e6a1000-5e6a4000 r--s 00032000 08:01 2732936    /home/sarnobat/.m2/repository/net/sourceforge/serp/serp/1.15.1/serp-1.15.1.jar
5e6a4000-5e6b2000 r--s 0007f000 08:01 2701074    /home/sarnobat/.m2/repository/commons-collections/commons-collections/3.2.1/commons-collections-3.2.1.jar
5e6b2000-5e6ea000 r--s 00447000 08:01 2732933    /home/sarnobat/.m2/repository/org/apache/openjpa/openjpa/2.4.0/openjpa-2.4.0.jar
5e6ea000-5e6ed000 r--s 00012000 08:01 2732930    /home/sarnobat/.m2/repository/org/glassfish/javax.json/1.0.4/javax.json-1.0.4.jar
5e6ed000-5e6f1000 r--s 00017000 08:01 2732928    /home/sarnobat/.m2/repository/net/coobird/thumbnailator/0.4.8/thumbnailator-0.4.8.jar
5e6f1000-5e6f3000 r--s 00000000 08:01 2732927    /home/sarnobat/.m2/repository/com/jcraft/jsch.agentproxy.jsch/0.0.6/jsch.agentproxy.jsch-0.0.6.jar
5e6f3000-5e6f4000 r--s 00001000 08:01 2732923    /home/sarnobat/.m2/repository/com/jcraft/jsch.agentproxy.pageant/0.0.6/jsch.agentproxy.pageant-0.0.6.jar
5e6f4000-5e6fa000 r--s 00061000 08:01 2772143    /home/sarnobat/.m2/repository/org/eclipse/jetty/jetty-server/9.2.14.v20151106/jetty-server-9.2.14.v20151106.jar
5e6fa000-5e6fc000 r--s 00005000 08:01 2733496    /home/sarnobat/.m2/repository/org/glassfish/jersey/containers/jersey-container-jetty-http/2.25/jersey-container-jetty-http-2.25.jar
5e6fc000-5e700000 r--s 00019000 08:01 2733494    /home/sarnobat/.m2/repository/javax/ws/rs/javax.ws.rs-api/2.0.1/javax.ws.rs-api-2.0.1.jar
5e700000-5e7fe000 rw-p 00000000 00:00 0 
5e7fe000-5e800000 ---p 00000000 00:00 0 
5e800000-5e900000 rw-p 00000000 00:00 0 
5e900000-5e9fd000 rw-p 00000000 00:00 0 
5e9fd000-5ea00000 ---p 00000000 00:00 0 
5ea00000-5ea02000 r--s 00000000 08:01 2732922    /home/sarnobat/.m2/repository/com/jcraft/jsch.agentproxy.sshagent/0.0.6/jsch.agentproxy.sshagent-0.0.6.jar
5ea02000-5ea03000 r--s 00001000 08:01 2732921    /home/sarnobat/.m2/repository/com/jcraft/jsch.agentproxy.usocket-nc/0.0.6/jsch.agentproxy.usocket-nc-0.0.6.jar
5ea03000-5ea04000 r--s 00001000 08:01 2732917    /home/sarnobat/.m2/repository/com/jcraft/jsch.agentproxy.usocket-jna/0.0.6/jsch.agentproxy.usocket-jna-0.0.6.jar
5ea04000-5ea06000 r--s 00001000 08:01 2732916    /home/sarnobat/.m2/repository/com/jcraft/jsch.agentproxy.core/0.0.6/jsch.agentproxy.core-0.0.6.jar
5ea06000-5ea07000 r--s 00002000 08:01 2732915    /home/sarnobat/.m2/repository/com/jcraft/jsch.agentproxy.connector-factory/0.0.6/jsch.agentproxy.connector-factory-0.0.6.jar
5ea07000-5ea09000 r--s 00011000 08:01 2732911    /home/sarnobat/.m2/repository/com/pastdev/jsch-extension/0.1.3/jsch-extension-0.1.3.jar
5ea09000-5ea0b000 r--s 00006000 08:01 2733503    /home/sarnobat/.m2/repository/org/slf4j/slf4j-api/1.7.7/slf4j-api-1.7.7.jar
5ea0b000-5ea0d000 r--s 0000d000 08:01 2732908    /home/sarnobat/.m2/repository/com/pastdev/jsch-nio/0.1.5/jsch-nio-0.1.5.jar
5ea0d000-5ea0e000 r--s 00025000 08:01 2733418    /home/sarnobat/.m2/repository/org/bytedeco/javacpp-presets/artoolkitplus/2.3.0-0.8/artoolkitplus-2.3.0-0.8-linux-x86.jar
5ea0e000-5ea0f000 r--s 00000000 08:01 2733417    /home/sarnobat/.m2/repository/org/bytedeco/javacpp-presets/videoinput/0.200-0.8/videoinput-0.200-0.8-linux-x86.jar
5ea0f000-5ea10000 r--s 00012000 08:01 2733413    /home/sarnobat/.m2/repository/org/bytedeco/javacpp-presets/libfreenect/0.4-0.8/libfreenect-0.4-0.8-linux-x86.jar
5ea10000-5ea11000 r--s 00026000 08:01 2733411    /home/sarnobat/.m2/repository/org/bytedeco/javacpp-presets/libdc1394/2.2.2-0.8/libdc1394-2.2.2-0.8-linux-x86.jar
5ea11000-5ea12000 r--s 00000000 08:01 2733409    /home/sarnobat/.m2/repository/org/bytedeco/javacpp-presets/flycapture/1.7.17-0.8/flycapture-1.7.17-0.8-linux-x86.jar
5ea12000-5ea14000 r--s 005f9000 08:01 2733407    /home/sarnobat/.m2/repository/org/bytedeco/javacpp-presets/ffmpeg/2.2.1-0.8/ffmpeg-2.2.1-0.8-linux-x86.jar
5ea14000-5ea17000 r--s 00760000 08:01 2733405    /home/sarnobat/.m2/repository/org/bytedeco/javacpp-presets/opencv/2.4.9-0.8/opencv-2.4.9-0.8-linux-x86.jar
5ea17000-5ea18000 r--s 00005000 08:01 2732894    /home/sarnobat/.m2/repository/org/bytedeco/javacpp-presets/artoolkitplus/2.3.0-0.8/artoolkitplus-2.3.0-0.8.jar
5ea18000-5ea19000 r--s 00003000 08:01 2732893    /home/sarnobat/.m2/repository/org/bytedeco/javacpp-presets/videoinput/0.200-0.8/videoinput-0.200-0.8.jar
5ea19000-5ea1b000 r--s 00004000 08:01 2732890    /home/sarnobat/.m2/repository/org/bytedeco/javacpp-presets/libfreenect/0.4-0.8/libfreenect-0.4-0.8.jar
5ea1b000-5ea1d000 r--s 00006000 08:01 2732891    /home/sarnobat/.m2/repository/org/bytedeco/javacpp-presets/libdc1394/2.2.2-0.8/libdc1394-2.2.2-0.8.jar
5ea1d000-5ea1f000 r--s 00004000 08:01 2732887    /home/sarnobat/.m2/repository/org/bytedeco/javacpp-presets/flycapture/1.7.17-0.8/flycapture-1.7.17-0.8.jar
5ea1f000-5ea25000 r--s 0002e000 08:01 2732883    /home/sarnobat/.m2/repository/org/bytedeco/javacpp-presets/ffmpeg/2.2.1-0.8/ffmpeg-2.2.1-0.8.jar
5ea25000-5ea37000 r--s 000b2000 08:01 2732882    /home/sarnobat/.m2/repository/org/bytedeco/javacpp-presets/opencv/2.4.9-0.8/opencv-2.4.9-0.8.jar
5ea37000-5ea3b000 r--s 0002a000 08:01 2732881    /home/sarnobat/.m2/repository/org/bytedeco/javacpp/0.8/javacpp-0.8.jar
5ea3b000-5ea40000 r--s 0004c000 08:01 2732880    /home/sarnobat/.m2/repository/org/bytedeco/javacv/0.8/javacv-0.8.jar
5ea40000-5ea41000 r--s 00009000 08:01 2494045    /home/sarnobat/.m2/repository/org/apache/commons/commons-csv/1.4/commons-csv-1.4.jar
5ea41000-5ea43000 r--s 0000c000 08:01 2494041    /home/sarnobat/.m2/repository/commons-cli/commons-cli/1.4/commons-cli-1.4.jar
5ea43000-5ea48000 r--s 00025000 08:01 2739591    /home/sarnobat/.m2/repository/org/seleniumhq/selenium/selenium-support/2.53.0/selenium-support-2.53.0.jar
5ea48000-5ea4a000 r--s 0000e000 08:01 2534898    /home/sarnobat/.m2/repository/commons-logging/commons-logging/1.1.3/commons-logging-1.1.3.jar
5ea4a000-5ea55000 r--s 00085000 08:01 2717464    /home/sarnobat/.m2/repository/org/apache/httpcomponents/httpclient/4.3.3/httpclient-4.3.3.jar
5ea55000-5ea60000 r--s 000d5000 08:01 2717463    /home/sarnobat/.m2/repository/net/java/dev/jna/platform/3.4.0/platform-3.4.0.jar
5ea60000-5ea64000 r--s 000f3000 08:01 2717457    /home/sarnobat/.m2/repository/net/java/dev/jna/jna/3.4.0/jna-3.4.0.jar
5ea64000-5ea8f000 r--s 001fc000 08:01 2714577    /home/sarnobat/.m2/repository/com/google/guava/guava/18.0/guava-18.0.jar
5ea8f000-5ea94000 r--s 0001d000 08:01 2717456    /home/sarnobat/.m2/repository/org/seleniumhq/selenium/selenium-api/2.45.0/selenium-api-2.45.0.jar
5ea94000-5ea9b000 r--s 00049000 08:01 2717455    /home/sarnobat/.m2/repository/cglib/cglib-nodep/2.1_3/cglib-nodep-2.1_3.jar
5ea9b000-5eaa1000 r--s 00033000 08:01 2717452    /home/sarnobat/.m2/repository/org/seleniumhq/selenium/selenium-remote-driver/2.45.0/selenium-remote-driver-2.45.0.jar
5eaa1000-5eaa2000 r--s 00002000 08:01 2717450    /home/sarnobat/.m2/repository/org/seleniumhq/selenium/selenium-chrome-driver/2.45.0/selenium-chrome-driver-2.45.0.jar
5eaa2000-5eaa6000 r--s 00034000 08:01 2717447    /home/sarnobat/.m2/repository/com/jcraft/jsch/0.1.48/jsch-0.1.48.jar
5eaa6000-5eaa7000 r--s 00002000 08:01 2717449    /home/sarnobat/.m2/repository/no/uis/nio/nio-fs-sftp/1.1.0/nio-fs-sftp-1.1.0.jar
5eaa7000-5eaae000 r--s 00048000 08:01 2717444    /home/sarnobat/.m2/repository/org/apache/httpcomponents/httpcore/4.4.1/httpcore-4.4.1.jar
5eaae000-5eab5000 r--s 00050000 08:01 2717443    /home/sarnobat/.m2/repository/org/apache/httpcomponents/httpcore-nio/4.4.1/httpcore-nio-4.4.1.jar
5eab5000-5eab9000 r--s 0000c000 08:01 2717440    /home/sarnobat/.m2/repository/javax/validation/validation-api/1.1.0.Final/validation-api-1.1.0.Final.jar
5eab9000-5eac3000 r--s 000ae000 08:01 2733500    /home/sarnobat/.m2/repository/org/javassist/javassist/3.20.0-GA/javassist-3.20.0-GA.jar
5eac3000-5eac6000 r--s 0002b000 08:01 2714574    /home/sarnobat/.m2/repository/org/glassfish/hk2/hk2-locator/2.5.0-b30/hk2-locator-2.5.0-b30.jar
5eac6000-5eac8000 r--s 00002000 08:01 2733498    /home/sarnobat/.m2/repository/org/glassfish/hk2/external/aopalliance-repackaged/2.5.0-b30/aopalliance-repackaged-2.5.0-b30.jar
5eac8000-5eacb000 r--s 0001e000 08:01 2714572    /home/sarnobat/.m2/repository/org/glassfish/hk2/hk2-utils/2.5.0-b30/hk2-utils-2.5.0-b30.jar
5eacb000-5ead1000 r--s 00028000 08:01 2707556    /home/sarnobat/.m2/repository/org/glassfish/hk2/hk2-api/2.5.0-b30/hk2-api-2.5.0-b30.jar
5ead1000-5ead3000 r--s 00005000 08:01 2709293    /home/sarnobat/.m2/repository/javax/annotation/javax.annotation-api/1.2/javax.annotation-api-1.2.jar
5ead3000-5ead5000 r--s 00010000 08:01 2707554    /home/sarnobat/.m2/repository/org/glassfish/jersey/media/jersey-media-jaxb/2.25/jersey-media-jaxb-2.25.jar
5ead5000-5eaea000 r--s 000d1000 08:01 2707553    /home/sarnobat/.m2/repository/org/glassfish/jersey/core/jersey-server/2.25/jersey-server-2.25.jar
5eaea000-5eaf1000 r--s 0005b000 08:01 2709287    /home/sarnobat/.m2/repository/org/mongodb/mongo-java-driver/2.10.1/mongo-java-driver-2.10.1.jar
5eaf1000-5eaf2000 r--s 00003000 08:01 2772145    /home/sarnobat/.m2/repository/org/eclipse/jetty/jetty-continuation/9.2.14.v20151106/jetty-continuation-9.2.14.v20151106.jar
5eaf2000-5eaf8000 r--s 00053000 08:01 2707550    /home/sarnobat/.m2/repository/org/eclipse/jetty/jetty-util/9.2.14.v20151106/jetty-util-9.2.14.v20151106.jar
5eaf8000-5eafb000 r--s 00018000 08:01 2707549    /home/sarnobat/.m2/repository/org/eclipse/jetty/jetty-io/9.2.14.v20151106/jetty-io-9.2.14.v20151106.jar
5eafb000-5eafd000 r--s 00018000 08:01 2707546    /home/sarnobat/.m2/repository/org/eclipse/jetty/jetty-http/9.2.14.v20151106/jetty-http-9.2.14.v20151106.jar
5eafd000-5eb00000 r--s 00015000 08:01 2714570    /home/sarnobat/.m2/repository/javax/servlet/javax.servlet-api/3.1.0/javax.servlet-api-3.1.0.jar
5eb00000-5ebfd000 rw-p 00000000 00:00 0 
5ebfd000-5ec00000 ---p 00000000 00:00 0 
5ec00000-5ecfa000 rw-p 00000000 00:00 0 
5ecfa000-5ed00000 ---p 00000000 00:00 0 
5ed00000-5ed01000 r--s 00001000 08:01 2714568    /home/sarnobat/.m2/repository/org/glassfish/hk2/external/javax.inject/2.5.0-b30/javax.inject-2.5.0-b30.jar
5ed01000-5ed19000 r--s 000d6000 08:01 2733492    /home/sarnobat/.m2/repository/org/glassfish/jersey/bundles/repackaged/jersey-guava/2.25/jersey-guava-2.25.jar
5ed19000-5ed27000 r--s 000a1000 08:01 2707544    /home/sarnobat/.m2/repository/org/glassfish/jersey/core/jersey-common/2.25/jersey-common-2.25.jar
5ed27000-5ed29000 r--s 00004000 08:01 2733490    /home/sarnobat/.m2/repository/org/glassfish/jersey/containers/jersey-container-jdk-http/2.25/jersey-container-jdk-http-2.25.jar
5ed29000-5ed36000 r--s 00075000 08:01 2701020    /home/sarnobat/.m2/repository/com/amazonaws/aws-java-sdk-swf-libraries/1.11.22/aws-java-sdk-swf-libraries-1.11.22.jar
5ed36000-5ed3a000 r--s 008be000 08:01 2701019    /home/sarnobat/.m2/repository/com/amazonaws/aws-java-sdk-models/1.11.56/aws-java-sdk-models-1.11.56.jar
5ed3a000-5ed4a000 r--s 00088000 08:01 2701017    /home/sarnobat/.m2/repository/joda-time/joda-time/2.8.1/joda-time-2.8.1.jar
5ed4a000-5ed4d000 r--s 00009000 08:01 2701012    /home/sarnobat/.m2/repository/com/fasterxml/jackson/core/jackson-annotations/2.6.0/jackson-annotations-2.6.0.jar
5ed4d000-5ed5e000 r--s 0010d000 08:01 2701011    /home/sarnobat/.m2/repository/com/fasterxml/jackson/core/jackson-databind/2.6.6/jackson-databind-2.6.6.jar
5ed5e000-5ed67000 r--s 00081000 08:01 2701010    /home/sarnobat/.m2/repository/software/amazon/ion/ion-java/1.0.1/ion-java-1.0.1.jar
5ed67000-5ed79000 r--s 000a4000 08:01 2701007    /home/sarnobat/.m2/repository/com/amazonaws/aws-java-sdk-core/1.11.56/aws-java-sdk-core-1.11.56.jar
5ed79000-5ed7d000 r--s 00030000 08:01 2701004    /home/sarnobat/.m2/repository/com/amazonaws/aws-java-sdk-snowball/1.11.56/aws-java-sdk-snowball-1.11.56.jar
5ed7d000-5ed81000 r--s 00028000 08:01 2701003    /home/sarnobat/.m2/repository/com/amazonaws/aws-java-sdk-applicationautoscaling/1.11.56/aws-java-sdk-applicationautoscaling-1.11.56.jar
5ed81000-5ed85000 r--s 0002b000 08:01 2701001    /home/sarnobat/.m2/repository/com/amazonaws/aws-java-sdk-discovery/1.11.56/aws-java-sdk-discovery-1.11.56.jar
5ed85000-5ed92000 r--s 000b5000 08:01 2700248    /home/sarnobat/.m2/repository/com/amazonaws/aws-java-sdk-cognitoidp/1.11.56/aws-java-sdk-cognitoidp-1.11.56.jar
5ed92000-5ed94000 r--s 00007000 08:01 2700247    /home/sarnobat/.m2/repository/com/amazonaws/aws-java-sdk-marketplacemeteringservice/1.11.56/aws-java-sdk-marketplacemeteringservice-1.11.56.jar
5ed94000-5ed9e000 r--s 00078000 08:01 2700245    /home/sarnobat/.m2/repository/com/amazonaws/aws-java-sdk-dms/1.11.56/aws-java-sdk-dms-1.11.56.jar
5ed9e000-5eda8000 r--s 00094000 08:01 2700246    /home/sarnobat/.m2/repository/com/amazonaws/aws-java-sdk-gamelift/1.11.56/aws-java-sdk-gamelift-1.11.56.jar
5eda8000-5edad000 r--s 00027000 08:01 2700241    /home/sarnobat/.m2/repository/com/amazonaws/aws-java-sdk-acm/1.11.56/aws-java-sdk-acm-1.11.56.jar
5edad000-5edbf000 r--s 0013f000 08:01 2700240    /home/sarnobat/.m2/repository/com/amazonaws/aws-java-sdk-api-gateway/1.11.56/aws-java-sdk-api-gateway-1.11.56.jar
5edbf000-5edcd000 r--s 000b4000 08:01 2700237    /home/sarnobat/.m2/repository/com/amazonaws/aws-java-sdk-iot/1.11.56/aws-java-sdk-iot-1.11.56.jar
5edcd000-5edd7000 r--s 00082000 08:01 2700235    /home/sarnobat/.m2/repository/com/amazonaws/aws-java-sdk-inspector/1.11.56/aws-java-sdk-inspector-1.11.56.jar
5edd7000-5ede1000 r--s 00092000 08:01 2700231    /home/sarnobat/.m2/repository/com/amazonaws/aws-java-sdk-waf/1.11.56/aws-java-sdk-waf-1.11.56.jar
5ede1000-5ede6000 r--s 00031000 08:01 2700228    /home/sarnobat/.m2/repository/com/amazonaws/aws-java-sdk-elasticsearch/1.11.56/aws-java-sdk-elasticsearch-1.11.56.jar
5ede6000-5edf1000 r--s 0009e000 08:01 2700226    /home/sarnobat/.m2/repository/com/amazonaws/aws-java-sdk-devicefarm/1.11.56/aws-java-sdk-devicefarm-1.11.56.jar
5edf1000-5edf6000 r--s 00035000 08:01 2700227    /home/sarnobat/.m2/repository/com/amazonaws/aws-java-sdk-codecommit/1.11.56/aws-java-sdk-codecommit-1.11.56.jar
5edf6000-5ee00000 r--s 0007e000 08:01 2700223    /home/sarnobat/.m2/repository/com/amazonaws/aws-java-sdk-directory/1.11.56/aws-java-sdk-directory-1.11.56.jar
5ee00000-5eefc000 rw-p 00000000 00:00 0 
5eefc000-5ef00000 ---p 00000000 00:00 0 
5ef00000-5ef02000 r--s 0000c000 08:01 2700233    /home/sarnobat/.m2/repository/com/amazonaws/aws-java-sdk-marketplacecommerceanalytics/1.11.56/aws-java-sdk-marketplacecommerceanalytics-1.11.56.jar
5ef02000-5ef06000 r--s 0002b000 08:01 2700221    /home/sarnobat/.m2/repository/com/amazonaws/aws-java-sdk-efs/1.11.56/aws-java-sdk-efs-1.11.56.jar
5ef06000-5ef0f000 r--s 00086000 08:01 2700219    /home/sarnobat/.m2/repository/com/amazonaws/aws-java-sdk-machinelearning/1.11.56/aws-java-sdk-machinelearning-1.11.56.jar
5ef0f000-5ef15000 r--s 00040000 08:01 2700222    /home/sarnobat/.m2/repository/com/amazonaws/aws-java-sdk-workspaces/1.11.56/aws-java-sdk-workspaces-1.11.56.jar
5ef15000-5ef1f000 r--s 00071000 08:01 2700213    /home/sarnobat/.m2/repository/com/amazonaws/aws-java-sdk-ssm/1.11.56/aws-java-sdk-ssm-1.11.56.jar
5ef1f000-5ef24000 r--s 00035000 08:01 2700210    /home/sarnobat/.m2/repository/com/amazonaws/aws-java-sdk-cloudhsm/1.11.56/aws-java-sdk-cloudhsm-1.11.56.jar
5ef24000-5ef29000 r--s 00040000 08:01 2700214    /home/sarnobat/.m2/repository/com/amazonaws/aws-java-sdk-ecr/1.11.56/aws-java-sdk-ecr-1.11.56.jar
5ef29000-5ef31000 r--s 0008e000 08:01 2700211    /home/sarnobat/.m2/repository/com/amazonaws/aws-java-sdk-ecs/1.11.56/aws-java-sdk-ecs-1.11.56.jar
5ef31000-5ef37000 r--s 00060000 08:01 2700206    /home/sarnobat/.m2/repository/com/amazonaws/aws-java-sdk-lambda/1.11.56/aws-java-sdk-lambda-1.11.56.jar
5ef37000-5ef40000 r--s 00072000 08:01 2700205    /home/sarnobat/.m2/repository/com/amazonaws/aws-java-sdk-config/1.11.56/aws-java-sdk-config-1.11.56.jar
5ef40000-5ef48000 r--s 00062000 08:01 2700202    /home/sarnobat/.m2/repository/com/amazonaws/aws-java-sdk-kms/1.11.56/aws-java-sdk-kms-1.11.56.jar
5ef48000-5ef53000 r--s 0007f000 08:01 2700203    /home/sarnobat/.m2/repository/com/amazonaws/aws-java-sdk-codepipeline/1.11.56/aws-java-sdk-codepipeline-1.11.56.jar
5ef53000-5ef5f000 r--s 00090000 08:01 2700198    /home/sarnobat/.m2/repository/com/amazonaws/aws-java-sdk-codedeploy/1.11.56/aws-java-sdk-codedeploy-1.11.56.jar
5ef5f000-5ef61000 r--s 0000a000 08:01 2700196    /home/sarnobat/.m2/repository/com/amazonaws/aws-java-sdk-cloudwatchmetrics/1.11.56/aws-java-sdk-cloudwatchmetrics-1.11.56.jar
5ef61000-5ef6a000 r--s 0007b000 08:01 2700193    /home/sarnobat/.m2/repository/com/amazonaws/aws-java-sdk-cloudsearch/1.11.56/aws-java-sdk-cloudsearch-1.11.56.jar
5ef6a000-5ef76000 r--s 000a8000 08:01 2700195    /home/sarnobat/.m2/repository/com/amazonaws/aws-java-sdk-autoscaling/1.11.56/aws-java-sdk-autoscaling-1.11.56.jar
5ef76000-5ef83000 r--s 000a0000 08:01 2700191    /home/sarnobat/.m2/repository/com/amazonaws/aws-java-sdk-ses/1.11.56/aws-java-sdk-ses-1.11.56.jar
5ef83000-5ef94000 r--s 00111000 08:01 2700188    /home/sarnobat/.m2/repository/com/amazonaws/aws-java-sdk-opsworks/1.11.56/aws-java-sdk-opsworks-1.11.56.jar
5ef94000-5efa5000 r--s 000d5000 08:01 2700187    /home/sarnobat/.m2/repository/com/amazonaws/aws-java-sdk-kinesis/1.11.56/aws-java-sdk-kinesis-1.11.56.jar
5efa5000-5efb2000 r--s 000a9000 08:01 2700185    /home/sarnobat/.m2/repository/com/amazonaws/aws-java-sdk-cloudfront/1.11.56/aws-java-sdk-cloudfront-1.11.56.jar
5efb2000-5efbb000 r--s 00072000 08:01 2700182    /home/sarnobat/.m2/repository/com/amazonaws/aws-java-sdk-cloudformation/1.11.56/aws-java-sdk-cloudformation-1.11.56.jar
5efbb000-5efc2000 r--s 00057000 08:01 2700181    /home/sarnobat/.m2/repository/com/amazonaws/aws-java-sdk-directconnect/1.11.56/aws-java-sdk-directconnect-1.11.56.jar
5efc2000-5efc7000 r--s 00039000 08:01 2700178    /home/sarnobat/.m2/repository/com/amazonaws/aws-java-sdk-cognitosync/1.11.56/aws-java-sdk-cognitosync-1.11.56.jar
5efc7000-5efcc000 r--s 0003e000 08:01 2700177    /home/sarnobat/.m2/repository/com/amazonaws/aws-java-sdk-cognitoidentity/1.11.56/aws-java-sdk-cognitoidentity-1.11.56.jar
5efcc000-5efd0000 r--s 00029000 08:01 2700174    /home/sarnobat/.m2/repository/com/amazonaws/aws-java-sdk-events/1.11.56/aws-java-sdk-events-1.11.56.jar
5efd0000-5efd7000 r--s 00053000 08:01 2700172    /home/sarnobat/.m2/repository/com/amazonaws/aws-java-sdk-logs/1.11.56/aws-java-sdk-logs-1.11.56.jar
5efd7000-5efdc000 r--s 00033000 08:01 2700171    /home/sarnobat/.m2/repository/com/amazonaws/aws-java-sdk-cloudwatch/1.11.56/aws-java-sdk-cloudwatch-1.11.56.jar
5efdc000-5efe1000 r--s 00036000 08:01 2700168    /home/sarnobat/.m2/repository/com/amazonaws/aws-java-sdk-cloudtrail/1.11.56/aws-java-sdk-cloudtrail-1.11.56.jar
5efe1000-5efe8000 r--s 00051000 08:01 2700165    /home/sarnobat/.m2/repository/com/amazonaws/aws-java-sdk-sns/1.11.56/aws-java-sdk-sns-1.11.56.jar
5efe8000-5f000000 r--s 0013d000 08:01 2700162    /home/sarnobat/.m2/repository/com/amazonaws/aws-java-sdk-dynamodb/1.11.56/aws-java-sdk-dynamodb-1.11.56.jar
5f000000-5f100000 rw-p 00000000 00:00 0 
5f100000-5f101000 r--s 00004000 08:01 2717429    /home/sarnobat/.m2/repository/org/glassfish/hk2/osgi-resource-locator/1.0.1/osgi-resource-locator-1.0.1.jar
5f101000-5f106000 r--s 0002a000 08:01 2700167    /home/sarnobat/.m2/repository/com/amazonaws/aws-java-sdk-budgets/1.11.56/aws-java-sdk-budgets-1.11.56.jar
5f106000-5f138000 r--s 00356000 08:01 2700161    /home/sarnobat/.m2/repository/com/amazonaws/aws-java-sdk-ec2/1.11.56/aws-java-sdk-ec2-1.11.56.jar
5f138000-5f13f000 r--s 0007e000 08:01 2700158    /home/sarnobat/.m2/repository/com/amazonaws/aws-java-sdk-elastictranscoder/1.11.56/aws-java-sdk-elastictranscoder-1.11.56.jar
5f13f000-5f14b000 r--s 000a9000 08:01 2700156    /home/sarnobat/.m2/repository/com/amazonaws/aws-java-sdk-elasticache/1.11.56/aws-java-sdk-elasticache-1.11.56.jar
5f14b000-5f157000 r--s 0009b000 08:01 2700155    /home/sarnobat/.m2/repository/com/amazonaws/aws-java-sdk-emr/1.11.56/aws-java-sdk-emr-1.11.56.jar
5f157000-5f161000 r--s 0006c000 08:01 2700154    /home/sarnobat/.m2/repository/com/amazonaws/aws-java-sdk-elasticloadbalancingv2/1.11.56/aws-java-sdk-elasticloadbalancingv2-1.11.56.jar
5f161000-5f16b000 r--s 00067000 08:01 2700150    /home/sarnobat/.m2/repository/com/amazonaws/aws-java-sdk-elasticloadbalancing/1.11.56/aws-java-sdk-elasticloadbalancing-1.11.56.jar
5f16b000-5f171000 r--s 00049000 08:01 2700147    /home/sarnobat/.m2/repository/com/amazonaws/aws-java-sdk-datapipeline/1.11.56/aws-java-sdk-datapipeline-1.11.56.jar
5f171000-5f189000 r--s 0013b000 08:01 2700148    /home/sarnobat/.m2/repository/com/amazonaws/aws-java-sdk-iam/1.11.56/aws-java-sdk-iam-1.11.56.jar
5f189000-5f191000 r--s 0006b000 08:01 2700142    /home/sarnobat/.m2/repository/com/amazonaws/aws-java-sdk-glacier/1.11.56/aws-java-sdk-glacier-1.11.56.jar
5f191000-5f19c000 r--s 000a0000 08:01 2700141    /home/sarnobat/.m2/repository/com/amazonaws/aws-java-sdk-elasticbeanstalk/1.11.56/aws-java-sdk-elasticbeanstalk-1.11.56.jar
5f19c000-5f1ad000 r--s 000f3000 08:01 2700143    /home/sarnobat/.m2/repository/com/amazonaws/aws-java-sdk-redshift/1.11.56/aws-java-sdk-redshift-1.11.56.jar
5f1ad000-5f1c1000 r--s 00159000 08:01 2700144    /home/sarnobat/.m2/repository/com/amazonaws/aws-java-sdk-rds/1.11.56/aws-java-sdk-rds-1.11.56.jar
5f1c1000-5f1c8000 r--s 0004f000 08:01 2700136    /home/sarnobat/.m2/repository/com/amazonaws/aws-java-sdk-sqs/1.11.56/aws-java-sdk-sqs-1.11.56.jar
5f1c8000-5f1cc000 r--s 00027000 08:01 2700135    /home/sarnobat/.m2/repository/com/amazonaws/aws-java-sdk-sts/1.11.56/aws-java-sdk-sts-1.11.56.jar
5f1cc000-5f1d0000 r--s 0001c000 08:01 2700132    /home/sarnobat/.m2/repository/com/amazonaws/aws-java-sdk-importexport/1.11.56/aws-java-sdk-importexport-1.11.56.jar
5f1d0000-5f1dd000 r--s 00093000 08:01 2700128    /home/sarnobat/.m2/repository/com/amazonaws/aws-java-sdk-s3/1.11.56/aws-java-sdk-s3-1.11.56.jar
5f1dd000-5f1f0000 r--s 00113000 08:01 2700129    /home/sarnobat/.m2/repository/com/amazonaws/aws-java-sdk-route53/1.11.56/aws-java-sdk-route53-1.11.56.jar
5f1f0000-5f200000 r--s 000e9000 08:01 2700125    /home/sarnobat/.m2/repository/com/amazonaws/aws-java-sdk-simpleworkflow/1.11.56/aws-java-sdk-simpleworkflow-1.11.56.jar
5f200000-5f300000 rw-p 00000000 00:00 0 
5f300000-5f3ff000 rw-p 00000000 00:00 0 
5f3ff000-5f400000 ---p 00000000 00:00 0 
5f400000-5f4f9000 rw-p 00000000 00:00 0 
5f4f9000-5f500000 ---p 00000000 00:00 0 
5f500000-5f600000 rw-p 00000000 00:00 0 
5f600000-5f700000 rw-p 00000000 00:00 0 
5f700000-5f7f9000 rw-p 00000000 00:00 0 
5f7f9000-5f800000 ---p 00000000 00:00 0 
5f800000-5f900000 rw-p 00000000 00:00 0 
5f900000-5f9fb000 rw-p 00000000 00:00 0 
5f9fb000-5fa00000 ---p 00000000 00:00 0 
5fa00000-5faf3000 rw-p 00000000 00:00 0 
5faf3000-5fb00000 ---p 00000000 00:00 0 
5fb00000-5fbfb000 rw-p 00000000 00:00 0 
5fbfb000-5fc00000 ---p 00000000 00:00 0 
5fc00000-5fd00000 rw-p 00000000 00:00 0 
5fd00000-5fdf5000 rw-p 00000000 00:00 0 
5fdf5000-5fe00000 ---p 00000000 00:00 0 
5fe00000-5fef9000 rw-p 00000000 00:00 0 
5fef9000-5ff00000 ---p 00000000 00:00 0 
5ff00000-5fffb000 rw-p 00000000 00:00 0 
5fffb000-60000000 ---p 00000000 00:00 0 
60000000-60001000 r--s 0000b000 08:01 2701015    /home/sarnobat/.m2/repository/com/fasterxml/jackson/dataformat/jackson-dataformat-cbor/2.6.6/jackson-dataformat-cbor-2.6.6.jar
60001000-6000d000 r--s 0009f000 08:01 2700130    /home/sarnobat/.m2/repository/com/amazonaws/aws-java-sdk-storagegateway/1.11.56/aws-java-sdk-storagegateway-1.11.56.jar
6000d000-60012000 r--s 00028000 08:01 2700121    /home/sarnobat/.m2/repository/com/amazonaws/aws-java-sdk-servermigration/1.11.56/aws-java-sdk-servermigration-1.11.56.jar
60012000-6001e000 r--s 00097000 08:01 2700120    /home/sarnobat/.m2/repository/com/amazonaws/aws-java-sdk-servicecatalog/1.11.56/aws-java-sdk-servicecatalog-1.11.56.jar
6001e000-60022000 r--s 00029000 08:01 2700118    /home/sarnobat/.m2/repository/com/amazonaws/aws-java-sdk-simpledb/1.11.56/aws-java-sdk-simpledb-1.11.56.jar
60022000-60024000 r--s 00005000 08:01 2700117    /home/sarnobat/.m2/repository/com/amazonaws/jmespath-java/1.11.56/jmespath-java-1.11.56.jar
60024000-6002a000 r--s 00041000 08:01 2700123    /home/sarnobat/.m2/repository/com/amazonaws/aws-java-sdk-support/1.11.56/aws-java-sdk-support-1.11.56.jar
6002a000-6002b000 r--s 00000000 08:01 2699240    /home/sarnobat/.m2/repository/com/amazonaws/aws-java-sdk/1.11.56/aws-java-sdk-1.11.56.jar
6002b000-6002e000 ---p 00000000 00:00 0 
6002e000-6007c000 rw-p 00000000 00:00 0 
6007c000-6007d000 r--s 00006000 08:01 2771830    /home/sarnobat/.m2/repository/org/codehaus/mojo/exec-maven-plugin/1.1/exec-maven-plugin-1.1.jar
6007d000-60081000 r--s 00037000 08:01 2518386    /home/sarnobat/.m2/repository/org/codehaus/plexus/plexus-utils/3.0.15/plexus-utils-3.0.15.jar
60081000-60083000 r--s 00006000 08:01 2796287    /home/sarnobat/.m2/repository/com/google/code/findbugs/jsr305/2.0.1/jsr305-2.0.1.jar
60083000-60086000 r--s 00023000 08:01 2518381    /home/sarnobat/.m2/repository/org/apache/maven/shared/maven-shared-utils/0.4/maven-shared-utils-0.4.jar
60086000-6008c000 r--s 00033000 08:01 2717468    /home/sarnobat/.m2/repository/commons-codec/commons-codec/1.6/commons-codec-1.6.jar
6008c000-60094000 r--s 00049000 08:01 2733169    /home/sarnobat/.m2/repository/backport-util-concurrent/backport-util-concurrent/3.1/backport-util-concurrent-3.1.jar
60094000-60096000 r--s 0000b000 08:01 2535037    /home/sarnobat/.m2/repository/org/codehaus/plexus/plexus-interpolation/1.11/plexus-interpolation-1.11.jar
60096000-60098000 r--s 00007000 08:01 2502009    /home/sarnobat/.m2/repository/org/apache/maven/plugins/maven-install-plugin/2.5.2/maven-install-plugin-2.5.2.jar
60098000-6009c000 r--s 00034000 08:01 2518358    /home/sarnobat/.m2/repository/org/codehaus/plexus/plexus-utils/3.0/plexus-utils-3.0.jar
6009c000-600a0000 r--s 0002f000 08:01 2796277    /home/sarnobat/.m2/repository/commons-lang/commons-lang/2.1/commons-lang-2.1.jar
600a0000-600a3000 r--s 0000c000 08:01 2518355    /home/sarnobat/.m2/repository/org/codehaus/plexus/plexus-io/2.0.2/plexus-io-2.0.2.jar
600a3000-600a8000 r--s 00029000 08:01 2518351    /home/sarnobat/.m2/repository/org/codehaus/plexus/plexus-archiver/2.1/plexus-archiver-2.1.jar
600a8000-600aa000 r--s 0000d000 08:01 2518353    /home/sarnobat/.m2/repository/org/codehaus/plexus/plexus-interpolation/1.15/plexus-interpolation-1.15.jar
600aa000-600ac000 r--s 00004000 08:01 2518349    /home/sarnobat/.m2/repository/org/apache/maven/maven-archiver/2.5/maven-archiver-2.5.jar
600ac000-600ae000 r--s 00007000 08:01 2501991    /home/sarnobat/.m2/repository/org/apache/maven/plugins/maven-jar-plugin/2.4/maven-jar-plugin-2.4.jar
600ae000-600af000 r--s 00003000 08:01 2510172    /home/sarnobat/.m2/repository/org/apache/maven/plugin-tools/maven-plugin-annotations/3.2/maven-plugin-annotations-3.2.jar
600af000-600b3000 r--s 00020000 08:01 2510164    /home/sarnobat/.m2/repository/org/apache/maven/surefire/surefire-api/2.17/surefire-api-2.17.jar
600b3000-600b9000 r--s 00048000 08:01 2698094    /home/sarnobat/.m2/repository/org/apache/commons/commons-lang3/3.1/commons-lang3-3.1.jar
600b9000-600ba000 r--s 00002000 08:01 2518298    /home/sarnobat/.m2/repository/org/apache/maven/reporting/maven-reporting-api/2.0.9/maven-reporting-api-2.0.9.jar
600ba000-600be000 r--s 00030000 08:01 2494200    /home/sarnobat/.m2/repository/org/codehaus/plexus/plexus-utils/1.5.1/plexus-utils-1.5.1.jar
600be000-600c0000 r--s 00008000 08:01 2510162    /home/sarnobat/.m2/repository/org/apache/maven/surefire/surefire-booter/2.17/surefire-booter-2.17.jar
600c0000-600c5000 r--s 0003c000 08:01 2510160    /home/sarnobat/.m2/repository/org/apache/maven/surefire/maven-surefire-common/2.17/maven-surefire-common-2.17.jar
600c5000-600c7000 r--s 00007000 08:01 2501983    /home/sarnobat/.m2/repository/org/apache/maven/plugins/maven-surefire-plugin/2.17/maven-surefire-plugin-2.17.jar
600c7000-600c9000 r--s 00002000 08:01 2535096    /home/sarnobat/.m2/repository/org/codehaus/plexus/plexus-compiler-javac/1.8.1/plexus-compiler-javac-1.8.1.jar
600c9000-600cb000 r--s 00000000 08:01 2535098    /home/sarnobat/.m2/repository/org/codehaus/plexus/plexus-compiler-manager/1.8.1/plexus-compiler-manager-1.8.1.jar
600cb000-600cc000 r--s 00004000 08:01 2535100    /home/sarnobat/.m2/repository/org/codehaus/plexus/plexus-compiler-api/1.8.1/plexus-compiler-api-1.8.1.jar
600cc000-600ce000 r--s 00006000 08:01 2699238    /home/sarnobat/.m2/repository/org/apache/maven/plugins/maven-compiler-plugin/2.3.2/maven-compiler-plugin-2.3.2.jar
600ce000-600d0000 r--s 0000d000 08:01 2502054    /home/sarnobat/.m2/repository/org/codehaus/plexus/plexus-interpolation/1.13/plexus-interpolation-1.13.jar
600d0000-600d4000 r--s 00033000 08:01 2535097    /home/sarnobat/.m2/repository/org/codehaus/plexus/plexus-utils/2.0.5/plexus-utils-2.0.5.jar
600d4000-600e5000 r-xp 00000000 08:01 1693431    /usr/lib/jvm/java-8-openjdk-i386/jre/lib/i386/libnio.so
600e5000-600e6000 r--p 00010000 08:01 1693431    /usr/lib/jvm/java-8-openjdk-i386/jre/lib/i386/libnio.so
600e6000-600e7000 rw-p 00011000 08:01 1693431    /usr/lib/jvm/java-8-openjdk-i386/jre/lib/i386/libnio.so
600e7000-61ce8000 rw-p 00000000 00:00 0 
61ce8000-61cfe000 r-xp 00000000 08:01 1693426    /usr/lib/jvm/java-8-openjdk-i386/jre/lib/i386/libnet.so
61cfe000-61cff000 r--p 00015000 08:01 1693426    /usr/lib/jvm/java-8-openjdk-i386/jre/lib/i386/libnet.so
61cff000-61d00000 rw-p 00016000 08:01 1693426    /usr/lib/jvm/java-8-openjdk-i386/jre/lib/i386/libnet.so
61d00000-61dfa000 rw-p 00000000 00:00 0 
61dfa000-61e00000 ---p 00000000 00:00 0 
61e00000-61f00000 rw-p 00000000 00:00 0 
61f00000-62000000 rw-p 00000000 00:00 0 
62000000-62100000 rw-p 00000000 00:00 0 
62100000-62200000 rw-p 00000000 00:00 0 
62200000-622fa000 rw-p 00000000 00:00 0 
622fa000-62300000 ---p 00000000 00:00 0 
62300000-62400000 rw-p 00000000 00:00 0 
62400000-62500000 rw-p 00000000 00:00 0 
62500000-62600000 rw-p 00000000 00:00 0 
62600000-626fe000 rw-p 00000000 00:00 0 
626fe000-62700000 ---p 00000000 00:00 0 
62700000-62800000 rw-p 00000000 00:00 0 
62800000-62900000 rw-p 00000000 00:00 0 
62900000-62a00000 rw-p 00000000 00:00 0 
62a00000-62b00000 rw-p 00000000 00:00 0 
62b00000-62bff000 rw-p 00000000 00:00 0 
62bff000-62c00000 ---p 00000000 00:00 0 
62c00000-62d00000 rw-p 00000000 00:00 0 
62d00000-62dfe000 rw-p 00000000 00:00 0 
62dfe000-62e00000 ---p 00000000 00:00 0 
62e00000-62f00000 rw-p 00000000 00:00 0 
62f00000-62ffd000 rw-p 00000000 00:00 0 
62ffd000-63000000 ---p 00000000 00:00 0 
63000000-63001000 r--s 00001000 08:01 2772078    /home/sarnobat/.m2/repository/org/sonatype/plexus/plexus-build-api/0.0.4/plexus-build-api-0.0.4.jar
63001000-63003000 r--s 00009000 08:01 2502051    /home/sarnobat/.m2/repository/org/apache/maven/shared/maven-filtering/1.1/maven-filtering-1.1.jar
63003000-63006000 r--s 0001b000 08:01 2478604    /home/sarnobat/.m2/repository/junit/junit/3.8.1/junit-3.8.1.jar
63006000-63008000 r--s 00002000 08:01 2478781    /home/sarnobat/.m2/repository/org/codehaus/plexus/plexus-interactivity-api/1.0-alpha-4/plexus-interactivity-api-1.0-alpha-4.jar
63008000-6300a000 r--s 00006000 08:01 2478775    /home/sarnobat/.m2/repository/commons-cli/commons-cli/1.0/commons-cli-1.0.jar
6300a000-6300b000 r--s 00001000 08:01 2478777    /home/sarnobat/.m2/repository/org/apache/maven/doxia/doxia-sink-api/1.0-alpha-7/doxia-sink-api-1.0-alpha-7.jar
6300b000-6300c000 r--s 00002000 08:01 2478776    /home/sarnobat/.m2/repository/org/apache/maven/reporting/maven-reporting-api/2.0.6/maven-reporting-api-2.0.6.jar
6300c000-6300e000 r--s 00006000 08:01 2501965    /home/sarnobat/.m2/repository/org/apache/maven/plugins/maven-resources-plugin/2.6/maven-resources-plugin-2.6.jar
6300e000-63013000 r--s 0009d000 08:01 1692599    /usr/lib/jvm/java-8-openjdk-i386/jre/lib/jsse.jar
63013000-63020000 r--s 0008d000 08:01 1149531    /usr/share/java/maven3-core-3.3.9.jar
63020000-63023000 r--s 00007000 08:01 1149537    /usr/share/java/maven3-settings-builder-3.3.9.jar
63023000-6302a000 r--s 0002c000 08:01 1149509    /usr/share/java/sisu-plexus.jar
6302a000-6302e000 r--s 00027000 08:01 1145546    /usr/share/java/commons-io-2.4.jar
6302e000-6305a000 r--s 00208000 08:01 1148516    /usr/share/java/guava.jar
6305a000-6305b000 ---p 00000000 00:00 0 
6305b000-630db000 rw-p 00000000 00:00 0 
630db000-630de000 ---p 00000000 00:00 0 
630de000-6312c000 rw-p 00000000 00:00 0 
6312c000-6312f000 ---p 00000000 00:00 0 
6312f000-631ad000 rw-p 00000000 00:00 0 
631ad000-631b0000 ---p 00000000 00:00 0 
631b0000-6322e000 rw-p 00000000 00:00 0 
6322e000-63231000 ---p 00000000 00:00 0 
63231000-632af000 rw-p 00000000 00:00 0 
632af000-632b2000 ---p 00000000 00:00 0 
632b2000-63300000 rw-p 00000000 00:00 0 
63300000-63500000 r--p 00000000 08:01 1110568    /usr/lib/locale/locale-archive
63500000-635f7000 rw-p 00000000 00:00 0 
635f7000-63600000 ---p 00000000 00:00 0 
63600000-63621000 rw-p 00000000 00:00 0 
63621000-63700000 ---p 00000000 00:00 0 
63700000-637fd000 rw-p 00000000 00:00 0 
637fd000-63800000 ---p 00000000 00:00 0 
63800000-63801000 r--s 00001000 08:01 1149511    /usr/share/java/wagon-file-2.x.jar
63801000-63803000 r--s 0000d000 08:01 1149536    /usr/share/java/maven3-aether-provider-3.3.9.jar
63803000-6380b000 r--s 00054000 08:01 1149507    /usr/share/java/sisu-inject.jar
6380b000-63812000 r--s 0005d000 08:01 1149254    /usr/share/java/commons-lang3.jar
63812000-63814000 r--s 0000e000 08:01 1149271    /usr/share/java/plexus-interpolation.jar
63814000-63817000 ---p 00000000 00:00 0 
63817000-63865000 rw-p 00000000 00:00 0 
63865000-63866000 ---p 00000000 00:00 0 
63866000-638e6000 rw-p 00000000 00:00 0 
638e6000-63ab4000 r--s 03c2c000 08:01 1692598    /usr/lib/jvm/java-8-openjdk-i386/jre/lib/rt.jar
63ab4000-63efa000 rw-p 00000000 00:00 0 
63efa000-63f00000 ---p 00000000 00:00 0 
63f00000-66300000 rw-p 00000000 00:00 0 
66300000-663fd000 rw-p 00000000 00:00 0 
663fd000-66400000 ---p 00000000 00:00 0 
66400000-66401000 r--s 00004000 08:01 1145398    /usr/share/java/atinject-jsr330-tck-1.0.jar
66401000-66403000 r--s 00006000 08:01 1149372    /usr/share/java/eclipse-aether-spi.jar
66403000-66404000 r--s 00008000 08:01 1149370    /usr/share/java/eclipse-aether-connector-basic.jar
66404000-66408000 r--s 00027000 08:01 1149367    /usr/share/java/eclipse-aether-impl.jar
66408000-6640a000 r--s 00005000 08:01 1149373    /usr/share/java/eclipse-aether-transport-wagon.jar
6640a000-6640c000 r--s 00001000 08:01 1149403    /usr/share/java/aopalliance-1.0.jar
6640c000-6640e000 r--s 00001000 08:01 1149538    /usr/share/java/maven3-builder-support-3.3.9.jar
6640e000-66413000 r--s 0001d000 08:01 1149374    /usr/share/java/eclipse-aether-api.jar
66413000-66415000 r--s 00002000 08:01 1149449    /usr/share/java/plexus-cipher.jar
66415000-66416000 r--s 00002000 08:01 1149066    /usr/share/java/slf4j-simple.jar
66416000-66418000 r--s 00013000 08:01 1149534    /usr/share/java/maven3-embedder-3.3.9.jar
66418000-6641a000 r--s 00027000 08:01 1149535    /usr/share/java/maven3-model-3.3.9.jar
6641a000-6641c000 r--s 0000a000 08:01 1147016    /usr/share/java/commons-cli-1.3.1.jar
6641c000-6641e000 r--s 0000a000 08:01 1149512    /usr/share/java/wagon-provider-api-2.x.jar
6641e000-66421000 r--s 0000a000 08:01 1149539    /usr/share/java/maven3-artifact-3.3.9.jar
66421000-66425000 r--s 00020000 08:01 1149392    /usr/share/java/eclipse-aether-util.jar
66425000-66426000 r--s 00006000 08:01 1149532    /usr/share/java/maven3-repository-metadata-3.3.9.jar
66426000-66428000 r--s 00007000 08:01 1149069    /usr/share/java/slf4j-api.jar
66428000-66429000 r--s 0000a000 08:01 1149528    /usr/share/java/maven3-settings-3.3.9.jar
66429000-6642a000 r--s 00001000 08:01 1149518    /usr/share/java/wagon-http-shared-2.x.jar
6642a000-6642e000 r--s 00038000 08:01 1149495    /usr/share/java/plexus-utils2.jar
6642e000-66431000 ---p 00000000 00:00 0 
66431000-6647f000 rw-p 00000000 00:00 0 
6647f000-66480000 ---p 00000000 00:00 0 
66480000-66500000 rw-p 00000000 00:00 0 
66500000-665f9000 rw-p 00000000 00:00 0 
665f9000-66600000 ---p 00000000 00:00 0 
66600000-66631000 r--s 00207000 08:01 1149515    /usr/share/java/wagon-http-shaded-2.x.jar
66631000-6667f000 rw-p 00000000 00:00 0 
6667f000-66680000 ---p 00000000 00:00 0 
66680000-66700000 rw-p 00000000 00:00 0 
66700000-66721000 rw-p 00000000 00:00 0 
66721000-66800000 ---p 00000000 00:00 0 
66800000-66806000 r--s 00048000 08:01 1149288    /usr/share/java/jsoup.jar
66806000-66808000 r--s 0000a000 08:01 1149529    /usr/share/java/maven3-plugin-api-3.3.9.jar
66808000-6680d000 r--s 00025000 08:01 1149533    /usr/share/java/maven3-model-builder-3.3.9.jar
6680d000-66812000 r--s 00040000 08:01 1145678    /usr/share/java/commons-lang-2.6.jar
66812000-66814000 r--s 00000000 08:01 1149499    /usr/share/java/plexus-component-annotations-1.5.jar
66814000-66816000 r--s 00012000 08:01 1144777    /usr/share/java/el-api-3.0.jar
66816000-66824000 r--s 00095000 08:01 1149408    /usr/share/java/guice.jar
66824000-6687f000 rw-p 00000000 00:00 0 
6687f000-66880000 ---p 00000000 00:00 0 
66880000-66900000 rw-p 00000000 00:00 0 
66900000-66921000 rw-p 00000000 00:00 0 
66921000-66a00000 ---p 00000000 00:00 0 
66a00000-66a01000 r--s 00006000 08:01 1149451    /usr/share/java/plexus-sec-dispatcher.jar
66a01000-66a04000 r--s 00008000 08:01 1149246    /usr/share/java/cdi-api-1.0.jar
66a04000-66a0b000 r--s 00041000 08:01 1149530    /usr/share/java/maven3-compat-3.3.9.jar
66a0b000-66a0d000 r--s 0000a000 08:01 1149493    /usr/share/java/plexus-classworlds2-2.5.2.jar
66a0d000-66a28000 r--s 00394000 08:01 1692580    /usr/lib/jvm/java-8-openjdk-i386/jre/lib/ext/cldrdata.jar
66a28000-66a29000 ---p 00000000 00:00 0 
66a29000-66abf000 rw-p 00000000 00:00 0 
66abf000-66bff000 ---p 00000000 00:00 0 
66bff000-66c15000 rw-p 00000000 00:00 0 
66c15000-66d54000 ---p 00000000 00:00 0 
66d54000-66d9f000 rw-p 00000000 00:00 0 
66d9f000-66dff000 ---p 00000000 00:00 0 
66dff000-698c0000 rw-p 00000000 00:00 0 
698c0000-918c0000 ---p 00000000 00:00 0 
918c0000-9ac40000 rw-p 00000000 00:00 0 
9ff80000-a6e00000 ---p 00000000 00:00 0 
a6e00000-a6e01000 r--s 00000000 08:01 1149240    /usr/share/java/geronimo-interceptor-3.0-spec-1.0.1.jar
a6e01000-a6e03000 r--s 00008000 08:01 1692578    /usr/lib/jvm/java-8-openjdk-i386/jre/lib/ext/sunec.jar
a6e03000-a6e1e000 r--s 001d6000 08:01 1692582    /usr/lib/jvm/java-8-openjdk-i386/jre/lib/ext/nashorn.jar
a6e1e000-a6e28000 r--s 00116000 08:01 1692574    /usr/lib/jvm/java-8-openjdk-i386/jre/lib/ext/localedata.jar
a6e28000-a6e67000 rw-p 00000000 00:00 0 
a6e67000-a7200000 ---p 00000000 00:00 0 
a7200000-a7b90000 rwxp 00000000 00:00 0 
a7b90000-b6200000 ---p 00000000 00:00 0 
b6200000-b62fc000 rw-p 00000000 00:00 0 
b62fc000-b6300000 ---p 00000000 00:00 0 
b6300000-b6305000 r--s 0003b000 08:01 1692576    /usr/lib/jvm/java-8-openjdk-i386/jre/lib/ext/sunjce_provider.jar
b6305000-b6310000 r-xp 00000000 08:01 3402889    /lib/i386-linux-gnu/libnss_files-2.23.so
b6310000-b6311000 r--p 0000a000 08:01 3402889    /lib/i386-linux-gnu/libnss_files-2.23.so
b6311000-b6312000 rw-p 0000b000 08:01 3402889    /lib/i386-linux-gnu/libnss_files-2.23.so
b6312000-b6318000 rw-p 00000000 00:00 0 
b6318000-b6323000 r-xp 00000000 08:01 3402895    /lib/i386-linux-gnu/libnss_nis-2.23.so
b6323000-b6324000 r--p 0000a000 08:01 3402895    /lib/i386-linux-gnu/libnss_nis-2.23.so
b6324000-b6325000 rw-p 0000b000 08:01 3402895    /lib/i386-linux-gnu/libnss_nis-2.23.so
b6325000-b633c000 r-xp 00000000 08:01 3402652    /lib/i386-linux-gnu/libnsl-2.23.so
b633c000-b633d000 r--p 00016000 08:01 3402652    /lib/i386-linux-gnu/libnsl-2.23.so
b633d000-b633e000 rw-p 00017000 08:01 3402652    /lib/i386-linux-gnu/libnsl-2.23.so
b633e000-b6340000 rw-p 00000000 00:00 0 
b6340000-b6348000 r-xp 00000000 08:01 3402720    /lib/i386-linux-gnu/libnss_compat-2.23.so
b6348000-b6349000 r--p 00007000 08:01 3402720    /lib/i386-linux-gnu/libnss_compat-2.23.so
b6349000-b634a000 rw-p 00008000 08:01 3402720    /lib/i386-linux-gnu/libnss_compat-2.23.so
b634a000-b634b000 r--s 00000000 08:01 1145399    /usr/share/java/atinject-jsr330-api-1.0.jar
b634b000-b634d000 r--s 00001000 08:01 1692579    /usr/lib/jvm/java-8-openjdk-i386/jre/lib/ext/dnsns.jar
b634d000-b6350000 r--s 0000f000 08:01 1692575    /usr/lib/jvm/java-8-openjdk-i386/jre/lib/ext/icedtea-sound.jar
b6350000-b6358000 r-xp 00000000 08:01 1693413    /usr/lib/jvm/java-8-openjdk-i386/jre/lib/i386/libzip.so
b6358000-b6359000 r--p 00007000 08:01 1693413    /usr/lib/jvm/java-8-openjdk-i386/jre/lib/i386/libzip.so
b6359000-b635a000 rw-p 00008000 08:01 1693413    /usr/lib/jvm/java-8-openjdk-i386/jre/lib/i386/libzip.so
b635a000-b6362000 rw-s 00000000 08:01 2576886    /tmp/hsperfdata_sarnobat/25774
b6362000-b638a000 r-xp 00000000 08:01 1693416    /usr/lib/jvm/java-8-openjdk-i386/jre/lib/i386/libjava.so
b638a000-b638b000 r--p 00027000 08:01 1693416    /usr/lib/jvm/java-8-openjdk-i386/jre/lib/i386/libjava.so
b638b000-b638c000 rw-p 00028000 08:01 1693416    /usr/lib/jvm/java-8-openjdk-i386/jre/lib/i386/libjava.so
b638c000-b6393000 r-xp 00000000 08:01 3402905    /lib/i386-linux-gnu/librt-2.23.so
b6393000-b6394000 r--p 00006000 08:01 3402905    /lib/i386-linux-gnu/librt-2.23.so
b6394000-b6395000 rw-p 00007000 08:01 3402905    /lib/i386-linux-gnu/librt-2.23.so
b6395000-b6398000 ---p 00000000 00:00 0 
b6398000-b63e6000 rw-p 00000000 00:00 0 
b63e6000-b6402000 r-xp 00000000 08:01 3402590    /lib/i386-linux-gnu/libgcc_s.so.1
b6402000-b6403000 rw-p 0001b000 08:01 3402590    /lib/i386-linux-gnu/libgcc_s.so.1
b6403000-b6456000 r-xp 00000000 08:01 3402651    /lib/i386-linux-gnu/libm-2.23.so
b6456000-b6457000 r--p 00052000 08:01 3402651    /lib/i386-linux-gnu/libm-2.23.so
b6457000-b6458000 rw-p 00053000 08:01 3402651    /lib/i386-linux-gnu/libm-2.23.so
b6458000-b65c5000 r-xp 00000000 08:01 1104849    /usr/lib/i386-linux-gnu/libstdc++.so.6.0.21
b65c5000-b65c6000 ---p 0016d000 08:01 1104849    /usr/lib/i386-linux-gnu/libstdc++.so.6.0.21
b65c6000-b65cb000 r--p 0016d000 08:01 1104849    /usr/lib/i386-linux-gnu/libstdc++.so.6.0.21
b65cb000-b65cc000 rw-p 00172000 08:01 1104849    /usr/lib/i386-linux-gnu/libstdc++.so.6.0.21
b65cc000-b65cf000 rw-p 00000000 00:00 0 
b65cf000-b70a5000 r-xp 00000000 08:01 1693411    /usr/lib/jvm/java-8-openjdk-i386/jre/lib/i386/server/libjvm.so
b70a5000-b70eb000 r--p 00ad5000 08:01 1693411    /usr/lib/jvm/java-8-openjdk-i386/jre/lib/i386/server/libjvm.so
b70eb000-b7102000 rw-p 00b1b000 08:01 1693411    /usr/lib/jvm/java-8-openjdk-i386/jre/lib/i386/server/libjvm.so
b7102000-b7522000 rw-p 00000000 00:00 0 
b7522000-b753b000 r-xp 00000000 08:01 3402662    /lib/i386-linux-gnu/libpthread-2.23.so
b753b000-b753c000 r--p 00018000 08:01 3402662    /lib/i386-linux-gnu/libpthread-2.23.so
b753c000-b753d000 rw-p 00019000 08:01 3402662    /lib/i386-linux-gnu/libpthread-2.23.so
b753d000-b753f000 rw-p 00000000 00:00 0 
b753f000-b7542000 r-xp 00000000 08:01 3402697    /lib/i386-linux-gnu/libdl-2.23.so
b7542000-b7543000 r--p 00002000 08:01 3402697    /lib/i386-linux-gnu/libdl-2.23.so
b7543000-b7544000 rw-p 00003000 08:01 3402697    /lib/i386-linux-gnu/libdl-2.23.so
b7544000-b7545000 rw-p 00000000 00:00 0 
b7545000-b755e000 r-xp 00000000 08:01 3402741    /lib/i386-linux-gnu/libz.so.1.2.8
b755e000-b755f000 r--p 00018000 08:01 3402741    /lib/i386-linux-gnu/libz.so.1.2.8
b755f000-b7560000 rw-p 00019000 08:01 3402741    /lib/i386-linux-gnu/libz.so.1.2.8
b7560000-b7710000 r-xp 00000000 08:01 3402663    /lib/i386-linux-gnu/libc-2.23.so
b7710000-b7712000 r--p 001af000 08:01 3402663    /lib/i386-linux-gnu/libc-2.23.so
b7712000-b7713000 rw-p 001b1000 08:01 3402663    /lib/i386-linux-gnu/libc-2.23.so
b7713000-b7716000 rw-p 00000000 00:00 0 
b7716000-b7717000 r--s 00010000 08:01 1692581    /usr/lib/jvm/java-8-openjdk-i386/jre/lib/ext/zipfs.jar
b7717000-b7718000 r--s 0000a000 08:01 1692577    /usr/lib/jvm/java-8-openjdk-i386/jre/lib/ext/jaccess.jar
b7718000-b771b000 r--s 00038000 08:01 1692573    /usr/lib/jvm/java-8-openjdk-i386/jre/lib/ext/sunpkcs11.jar
b771b000-b771c000 r--p 002d4000 08:01 1110568    /usr/lib/locale/locale-archive
b771c000-b771d000 rw-p 00000000 00:00 0 
b771d000-b771e000 ---p 00000000 00:00 0 
b771e000-b772c000 r-xp 00000000 08:01 1693425    /usr/lib/jvm/java-8-openjdk-i386/jre/lib/i386/libverify.so
b772c000-b772d000 r--p 0000d000 08:01 1693425    /usr/lib/jvm/java-8-openjdk-i386/jre/lib/i386/libverify.so
b772d000-b772e000 rw-p 0000e000 08:01 1693425    /usr/lib/jvm/java-8-openjdk-i386/jre/lib/i386/libverify.so
b772e000-b773b000 r-xp 00000000 08:01 1693421    /usr/lib/jvm/java-8-openjdk-i386/jre/lib/i386/jli/libjli.so
b773b000-b773c000 r--p 0000c000 08:01 1693421    /usr/lib/jvm/java-8-openjdk-i386/jre/lib/i386/jli/libjli.so
b773c000-b773d000 rw-p 0000d000 08:01 1693421    /usr/lib/jvm/java-8-openjdk-i386/jre/lib/i386/jli/libjli.so
b773d000-b773e000 rw-p 00000000 00:00 0 
b773e000-b7741000 r--p 00000000 00:00 0          [vvar]
b7741000-b7742000 r-xp 00000000 00:00 0          [vdso]
b7742000-b7765000 r-xp 00000000 08:01 3402661    /lib/i386-linux-gnu/ld-2.23.so
b7765000-b7766000 r--p 00022000 08:01 3402661    /lib/i386-linux-gnu/ld-2.23.so
b7766000-b7767000 rw-p 00023000 08:01 3402661    /lib/i386-linux-gnu/ld-2.23.so
bf8e8000-bf909000 rw-p 00000000 00:00 0          [stack]

VM Arguments:
jvm_args: -Dclassworlds.conf=/usr/share/maven/bin/m2.conf -Dmaven.home=/usr/share/maven -Dmaven.multiModuleProjectDirectory=/home/sarnobat/github/maven_project 
java_command: org.codehaus.plexus.classworlds.launcher.Launcher --quiet --settings /home/sarnobat/sarnobat.git/mac/.m2/settings.xml install exec:java -Dexec.mainClass=Md5RoCopyFile -Dexec.args=4486 ~/sarnobat.git/db/md5ro/md5_files.txt
java_class_path (initial): /usr/share/maven/boot/plexus-classworlds-2.x.jar
Launcher Type: SUN_STANDARD

Environment Variables:
JAVA_HOME=/usr/lib/jvm/java-8-openjdk-i386
PATH=/usr/bin:/bin
SHELL=/bin/sh

Signal Handlers:
SIGSEGV: [libjvm.so+0x8db350], sa_mask[0]=11111111011111111101111111111110, sa_flags=SA_RESTART|SA_SIGINFO
SIGBUS: [libjvm.so+0x8db350], sa_mask[0]=11111111011111111101111111111110, sa_flags=SA_RESTART|SA_SIGINFO
SIGFPE: [libjvm.so+0x73fd00], sa_mask[0]=11111111011111111101111111111110, sa_flags=SA_RESTART|SA_SIGINFO
SIGPIPE: [libjvm.so+0x73fd00], sa_mask[0]=11111111011111111101111111111110, sa_flags=SA_RESTART|SA_SIGINFO
SIGXFSZ: [libjvm.so+0x73fd00], sa_mask[0]=11111111011111111101111111111110, sa_flags=SA_RESTART|SA_SIGINFO
SIGILL: [libjvm.so+0x73fd00], sa_mask[0]=11111111011111111101111111111110, sa_flags=SA_RESTART|SA_SIGINFO
SIGUSR1: SIG_DFL, sa_mask[0]=00000000000000000000000000000000, sa_flags=none
SIGUSR2: [libjvm.so+0x73fb40], sa_mask[0]=00000000000000000000000000000000, sa_flags=SA_RESTART|SA_SIGINFO
SIGHUP: [libjvm.so+0x7402d0], sa_mask[0]=11111111011111111101111111111110, sa_flags=SA_RESTART|SA_SIGINFO
SIGINT: [libjvm.so+0x7402d0], sa_mask[0]=11111111011111111101111111111110, sa_flags=SA_RESTART|SA_SIGINFO
SIGTERM: [libjvm.so+0x7402d0], sa_mask[0]=11111111011111111101111111111110, sa_flags=SA_RESTART|SA_SIGINFO
SIGQUIT: [libjvm.so+0x7402d0], sa_mask[0]=11111111011111111101111111111110, sa_flags=SA_RESTART|SA_SIGINFO


---------------  S Y S T E M  ---------------

OS:DISTRIB_ID=Ubuntu
DISTRIB_RELEASE=16.04
DISTRIB_CODENAME=xenial
DISTRIB_DESCRIPTION="Ubuntu 16.04.1 LTS"

uname:Linux 4.4.0-116-generic #140-Ubuntu SMP Mon Feb 12 21:22:43 UTC 2018 i686
libc:glibc 2.23 NPTL 2.23 
rlimit: STACK 8192k, CORE 0k, NPROC 63055, NOFILE 1048576, AS infinity
load average:3.26 2.80 2.76

/proc/meminfo:
MemTotal:        8107396 kB
MemFree:          394332 kB
MemAvailable:          0 kB
Buffers:           15148 kB
Cached:           149232 kB
SwapCached:        29616 kB
Active:          6256520 kB
Inactive:        1241696 kB
Active(anon):    6219560 kB
Inactive(anon):  1219280 kB
Active(file):      36960 kB
Inactive(file):    22416 kB
Unevictable:           0 kB
Mlocked:               0 kB
HighTotal:       7292552 kB
HighFree:          90312 kB
LowTotal:         814844 kB
LowFree:          304020 kB
SwapTotal:       4007932 kB
SwapFree:              0 kB
Dirty:              1524 kB
Writeback:             0 kB
AnonPages:       7304820 kB
Mapped:            30936 kB
Shmem:            104696 kB
Slab:              84644 kB
SReclaimable:      33988 kB
SUnreclaim:        50656 kB
KernelStack:       24064 kB
PageTables:        53196 kB
NFS_Unstable:          0 kB
Bounce:                0 kB
WritebackTmp:          0 kB
CommitLimit:     8061628 kB
Committed_AS:   32035348 kB
VmallocTotal:     122880 kB
VmallocUsed:           0 kB
VmallocChunk:          0 kB
AnonHugePages:   4726784 kB
CmaTotal:              0 kB
CmaFree:               0 kB
HugePages_Total:       0
HugePages_Free:        0
HugePages_Rsvd:        0
HugePages_Surp:        0
Hugepagesize:       2048 kB
DirectMap4k:       55288 kB
DirectMap2M:      856064 kB


CPU:total 4 (initial active 4) (2 cores per cpu, 2 threads per core) family 6 model 58 stepping 9, cmov, cx8, fxsr, mmx, sse, sse2, sse3, ssse3, sse4.1, sse4.2, popcnt, avx, aes, clmul, erms, ht, tsc, tscinvbit, tscinv

/proc/cpuinfo:
processor	: 0
vendor_id	: GenuineIntel
cpu family	: 6
model		: 58
model name	: Intel(R) Core(TM) i5-3427U CPU @ 1.80GHz
stepping	: 9
microcode	: 0x17
cpu MHz		: 2599.988
cache size	: 3072 KB
physical id	: 0
siblings	: 4
core id		: 0
cpu cores	: 2
apicid		: 0
initial apicid	: 0
fdiv_bug	: no
f00f_bug	: no
coma_bug	: no
fpu		: yes
fpu_exception	: yes
cpuid level	: 13
wp		: yes
flags		: fpu vme de pse tsc msr pae mce cx8 apic sep mtrr pge mca cmov pat pse36 clflush dts acpi mmx fxsr sse sse2 ss ht tm pbe nx rdtscp lm constant_tsc arch_perfmon pebs bts xtopology nonstop_tsc aperfmperf eagerfpu pni pclmulqdq dtes64 monitor ds_cpl vmx smx est tm2 ssse3 cx16 xtpr pdcm sse4_1 sse4_2 x2apic popcnt tsc_deadline_timer aes xsave avx f16c rdrand lahf_lm epb retpoline tpr_shadow vnmi flexpriority ept vpid fsgsbase smep erms xsaveopt dtherm ida arat pln pts
bugs		: cpu_meltdown spectre_v1 spectre_v2
bogomips	: 4589.71
clflush size	: 64
cache_alignment	: 64
address sizes	: 36 bits physical, 48 bits virtual
power management:

processor	: 1
vendor_id	: GenuineIntel
cpu family	: 6
model		: 58
model name	: Intel(R) Core(TM) i5-3427U CPU @ 1.80GHz
stepping	: 9
microcode	: 0x17
cpu MHz		: 2599.988
cache size	: 3072 KB
physical id	: 0
siblings	: 4
core id		: 1
cpu cores	: 2
apicid		: 2
initial apicid	: 2
fdiv_bug	: no
f00f_bug	: no
coma_bug	: no
fpu		: yes
fpu_exception	: yes
cpuid level	: 13
wp		: yes
flags		: fpu vme de pse tsc msr pae mce cx8 apic sep mtrr pge mca cmov pat pse36 clflush dts acpi mmx fxsr sse sse2 ss ht tm pbe nx rdtscp lm constant_tsc arch_perfmon pebs bts xtopology nonstop_tsc aperfmperf eagerfpu pni pclmulqdq dtes64 monitor ds_cpl vmx smx est tm2 ssse3 cx16 xtpr pdcm sse4_1 sse4_2 x2apic popcnt tsc_deadline_timer aes xsave avx f16c rdrand lahf_lm epb retpoline tpr_shadow vnmi flexpriority ept vpid fsgsbase smep erms xsaveopt dtherm ida arat pln pts
bugs		: cpu_meltdown spectre_v1 spectre_v2
bogomips	: 4589.71
clflush size	: 64
cache_alignment	: 64
address sizes	: 36 bits physical, 48 bits virtual
power management:

processor	: 2
vendor_id	: GenuineIntel
cpu family	: 6
model		: 58
model name	: Intel(R) Core(TM) i5-3427U CPU @ 1.80GHz
stepping	: 9
microcode	: 0x17
cpu MHz		: 2599.988
cache size	: 3072 KB
physical id	: 0
siblings	: 4
core id		: 0
cpu cores	: 2
apicid		: 1
initial apicid	: 1
fdiv_bug	: no
f00f_bug	: no
coma_bug	: no
fpu		: yes
fpu_exception	: yes
cpuid level	: 13
wp		: yes
flags		: fpu vme de pse tsc msr pae mce cx8 apic sep mtrr pge mca cmov pat pse36 clflush dts acpi mmx fxsr sse sse2 ss ht tm pbe nx rdtscp lm constant_tsc arch_perfmon pebs bts xtopology nonstop_tsc aperfmperf eagerfpu pni pclmulqdq dtes64 monitor ds_cpl vmx smx est tm2 ssse3 cx16 xtpr pdcm sse4_1 sse4_2 x2apic popcnt tsc_deadline_timer aes xsave avx f16c rdrand lahf_lm epb retpoline tpr_shadow vnmi flexpriority ept vpid fsgsbase smep erms xsaveopt dtherm ida arat pln pts
bugs		: cpu_meltdown spectre_v1 spectre_v2
bogomips	: 4589.71
clflush size	: 64
cache_alignment	: 64
address sizes	: 36 bits physical, 48 bits virtual
power management:

processor	: 3
vendor_id	: GenuineIntel
cpu family	: 6
model		: 58
model name	: Intel(R) Core(TM) i5-3427U CPU @ 1.80GHz
stepping	: 9
microcode	: 0x17
cpu MHz		: 2599.988
cache size	: 3072 KB
physical id	: 0
siblings	: 4
core id		: 1
cpu cores	: 2
apicid		: 3
initial apicid	: 3
fdiv_bug	: no
f00f_bug	: no
coma_bug	: no
fpu		: yes
fpu_exception	: yes
cpuid level	: 13
wp		: yes
flags		: fpu vme de pse tsc msr pae mce cx8 apic sep mtrr pge mca cmov pat pse36 clflush dts acpi mmx fxsr sse sse2 ss ht tm pbe nx rdtscp lm constant_tsc arch_perfmon pebs bts xtopology nonstop_tsc aperfmperf eagerfpu pni pclmulqdq dtes64 monitor ds_cpl vmx smx est tm2 ssse3 cx16 xtpr pdcm sse4_1 sse4_2 x2apic popcnt tsc_deadline_timer aes xsave avx f16c rdrand lahf_lm epb retpoline tpr_shadow vnmi flexpriority ept vpid fsgsbase smep erms xsaveopt dtherm ida arat pln pts
bugs		: cpu_meltdown spectre_v1 spectre_v2
bogomips	: 4589.71
clflush size	: 64
cache_alignment	: 64
address sizes	: 36 bits physical, 48 bits virtual
power management:



Memory: 4k page, physical 8107396k(394208k free), swap 4007932k(0k free)

vm_info: OpenJDK Server VM (25.162-b12) for linux-x86 JRE (1.8.0_162-8u162-b12-0ubuntu0.16.04.2-b12), built on Mar 14 2018 12:07:04 by "buildd" with gcc 5.4.0 20160609

time: Thu Apr 12 20:18:17 2018
elapsed time: 15 seconds (0d 0h 0m 15s)

