#
# There is insufficient memory for the Java Runtime Environment to continue.
# Native memory allocation (mmap) failed to map 17039360 bytes for committing reserved memory.
# Possible reasons:
#   The system is out of physical RAM or swap space
#   In 32 bit mode, the process size limit was hit
# Possible solutions:
#   Reduce memory load on the system
#   Increase physical memory or swap space
#   Check if swap backing store is full
#   Use 64 bit Java on a 64 bit OS
#   Decrease Java heap size (-Xmx/-Xms)
#   Decrease number of Java threads
#   Decrease Java thread stack sizes (-Xss)
#   Set larger code cache with -XX:ReservedCodeCacheSize=
# This output file may be truncated or incomplete.
#
#  Out of Memory Error (os_linux.cpp:2643), pid=11587, tid=0x639e4b40
#
# JRE version: OpenJDK Runtime Environment (8.0_151-b12) (build 1.8.0_151-8u151-b12-0ubuntu0.16.04.2-b12)
# Java VM: OpenJDK Server VM (25.151-b12 mixed mode linux-x86 )
# Failed to write core dump. Core dumps have been disabled. To enable core dumping, try "ulimit -c unlimited" before starting Java again
#

---------------  T H R E A D  ---------------

Current thread (0x63881000):  VMThread [stack: 0x63964000,0x639e5000] [id=11653]

Stack: [0x63964000,0x639e5000],  sp=0x639e3b40,  free space=510k
Native frames: (J=compiled Java code, j=interpreted, Vv=VM code, C=native code)
V  [libjvm.so+0x8d6834]
V  [libjvm.so+0x3a7c76]
V  [libjvm.so+0x7420c0]
V  [libjvm.so+0x73c013]
V  [libjvm.so+0x7ad98c]
V  [libjvm.so+0x7ae9cb]
V  [libjvm.so+0x7ab487]
V  [libjvm.so+0x7abcd3]
V  [libjvm.so+0x764c75]
V  [libjvm.so+0x8d83f9]
V  [libjvm.so+0x8dd466]
V  [libjvm.so+0x8db620]
V  [libjvm.so+0x8dbd75]
V  [libjvm.so+0x8dc37b]
V  [libjvm.so+0x73f2b5]
C  [libpthread.so.0+0x6295]  start_thread+0xe5

VM_Operation (0xb647a3e4): ParallelGCFailedAllocation, mode: safepoint, requested by thread 0xb6307800


---------------  P R O C E S S  ---------------

Java Threads: ( => current thread )
  0x638aa000 JavaThread "Service Thread" daemon [_thread_blocked, id=11667, stack(0x6318a000,0x631db000)]
  0x638a7000 JavaThread "C1 CompilerThread2" daemon [_thread_blocked, id=11666, stack(0x631db000,0x6325c000)]
  0x638a5c00 JavaThread "C2 CompilerThread1" daemon [_thread_blocked, id=11664, stack(0x6325c000,0x632dd000)]
  0x638a3c00 JavaThread "C2 CompilerThread0" daemon [_thread_blocked, id=11662, stack(0x632dd000,0x6335e000)]
  0x638a2400 JavaThread "Signal Dispatcher" daemon [_thread_blocked, id=11660, stack(0x6335e000,0x633af000)]
  0x63888800 JavaThread "Finalizer" daemon [_thread_blocked, id=11657, stack(0x635af000,0x63600000)]
  0x63885800 JavaThread "Reference Handler" daemon [_thread_blocked, id=11656, stack(0x63913000,0x63964000)]
  0xb6307800 JavaThread "main" [_thread_blocked, id=11644, stack(0xb642c000,0xb647d000)]

Other Threads:
=>0x63881000 VMThread [stack: 0x63964000,0x639e5000] [id=11653]
  0x638abc00 WatcherThread [stack: 0x63109000,0x6318a000] [id=11669]

VM state:at safepoint (normal execution)

VM Mutex/Monitor currently owned by a thread:  ([mutex/lock_event])
[0xb6304f20] Threads_lock - owner thread: 0x63881000
[0xb6305330] Heap_lock - owner thread: 0xb6307800

Heap:
 PSYoungGen      total 19200K, used 2559K [0x918c0000, 0x92e00000, 0xa6e00000)
  eden space 16640K, 0% used [0x918c0000,0x918c0000,0x92900000)
  from space 2560K, 99% used [0x92900000,0x92b7fc20,0x92b80000)
  to   space 2560K, 0% used [0x92b80000,0x92b80000,0x92e00000)
 ParOldGen       total 43776K, used 2302K [0x66e00000, 0x698c0000, 0x918c0000)
  object space 43776K, 5% used [0x66e00000,0x6703f8e0,0x698c0000)
 Metaspace       used 6656K, capacity 6711K, committed 6808K, reserved 7472K

Card table byte_map: [0x66bff000,0x66e00000] byte_map_base: 0x668c8000

Marking Bits: (ParMarkBitMap*) 0xb71a2880
 Begin Bits: [0x64400000, 0x65400000)
 End Bits:   [0x65400000, 0x66400000)

Polling page: 0xb77af000

CodeCache: size=245760Kb used=2550Kb max_used=2561Kb free=243209Kb
 bounds [0xa729c000, 0xa7524000, 0xb629c000]
 total_blobs=1034 nmethods=866 adapters=82
 compilation: enabled

Compilation events (10 events):
Event: 4.712 Thread 0x638a7000  864       3       java.lang.reflect.AccessibleObject::getAnnotations (5 bytes)
Event: 4.712 Thread 0x638a7000 nmethod 864 0xa7519c08 code [0xa7519d20, 0xa7519e8c]
Event: 4.712 Thread 0x638a7000  865   !   3       org.eclipse.sisu.space.URLClassSpace::loadClass (31 bytes)
Event: 4.713 Thread 0x638a7000 nmethod 865 0xa7519548 code [0xa75196c0, 0xa7519a04]
Event: 4.713 Thread 0x638a7000  866       3       java.lang.String::lastIndexOf (11 bytes)
Event: 4.714 Thread 0x638a7000 nmethod 866 0xa7519108 code [0xa7519220, 0xa751940c]
Event: 4.719 Thread 0x638a3c00  867       4       java.util.ArrayList::get (11 bytes)
Event: 4.720 Thread 0x638a3c00 nmethod 867 0xa7518e88 code [0xa7518f80, 0xa7519010]
Event: 4.721 Thread 0x638a3c00  868       4       java.util.zip.Inflater::ensureOpen (47 bytes)
Event: 4.721 Thread 0x638a3c00 nmethod 868 0xa7518c88 code [0xa7518d80, 0xa7518e10]

GC Heap History (5 events):
Event: 3.548 GC heap before
{Heap before GC invocations=1 (full 0):
 PSYoungGen      total 19200K, used 16640K [0x918c0000, 0x92e00000, 0xa6e00000)
  eden space 16640K, 100% used [0x918c0000,0x92900000,0x92900000)
  from space 2560K, 0% used [0x92b80000,0x92b80000,0x92e00000)
  to   space 2560K, 0% used [0x92900000,0x92900000,0x92b80000)
 ParOldGen       total 43776K, used 0K [0x66e00000, 0x698c0000, 0x918c0000)
  object space 43776K, 0% used [0x66e00000,0x66e00000,0x698c0000)
 Metaspace       used 4682K, capacity 4746K, committed 4760K, reserved 5424K
Event: 3.558 GC heap after
Heap after GC invocations=1 (full 0):
 PSYoungGen      total 19200K, used 2558K [0x918c0000, 0x92e00000, 0xa6e00000)
  eden space 16640K, 0% used [0x918c0000,0x918c0000,0x92900000)
  from space 2560K, 99% used [0x92900000,0x92b7f918,0x92b80000)
  to   space 2560K, 0% used [0x92b80000,0x92b80000,0x92e00000)
 ParOldGen       total 43776K, used 785K [0x66e00000, 0x698c0000, 0x918c0000)
  object space 43776K, 1% used [0x66e00000,0x66ec46a8,0x698c0000)
 Metaspace       used 4682K, capacity 4746K, committed 4760K, reserved 5424K
}
Event: 4.109 GC heap before
{Heap before GC invocations=2 (full 0):
 PSYoungGen      total 19200K, used 19198K [0x918c0000, 0x92e00000, 0xa6e00000)
  eden space 16640K, 100% used [0x918c0000,0x92900000,0x92900000)
  from space 2560K, 99% used [0x92900000,0x92b7f918,0x92b80000)
  to   space 2560K, 0% used [0x92b80000,0x92b80000,0x92e00000)
 ParOldGen       total 43776K, used 785K [0x66e00000, 0x698c0000, 0x918c0000)
  object space 43776K, 1% used [0x66e00000,0x66ec46a8,0x698c0000)
 Metaspace       used 5295K, capacity 5322K, committed 5400K, reserved 5424K
Event: 4.118 GC heap after
Heap after GC invocations=2 (full 0):
 PSYoungGen      total 19200K, used 2544K [0x918c0000, 0x92e00000, 0xa6e00000)
  eden space 16640K, 0% used [0x918c0000,0x918c0000,0x92900000)
  from space 2560K, 99% used [0x92b80000,0x92dfc120,0x92e00000)
  to   space 2560K, 0% used [0x92900000,0x92900000,0x92b80000)
 ParOldGen       total 43776K, used 850K [0x66e00000, 0x698c0000, 0x918c0000)
  object space 43776K, 1% used [0x66e00000,0x66ed4b48,0x698c0000)
 Metaspace       used 5295K, capacity 5322K, committed 5400K, reserved 5424K
}
Event: 4.722 GC heap before
{Heap before GC invocations=3 (full 0):
 PSYoungGen      total 19200K, used 19184K [0x918c0000, 0x92e00000, 0xa6e00000)
  eden space 16640K, 100% used [0x918c0000,0x92900000,0x92900000)
  from space 2560K, 99% used [0x92b80000,0x92dfc120,0x92e00000)
  to   space 2560K, 0% used [0x92900000,0x92900000,0x92b80000)
 ParOldGen       total 43776K, used 850K [0x66e00000, 0x698c0000, 0x918c0000)
  object space 43776K, 1% used [0x66e00000,0x66ed4b48,0x698c0000)
 Metaspace       used 6656K, capacity 6711K, committed 6808K, reserved 7472K

Deoptimization events (6 events):
Event: 1.419 Thread 0xb6307800 Uncommon trap: reason=unstable_if action=reinterpret pc=0xa73a0b44 method=org.codehaus.plexus.util.xml.pull.MXParser.more()C @ 8
Event: 3.608 Thread 0xb6307800 Uncommon trap: reason=unstable_if action=reinterpret pc=0xa7428ac8 method=java.util.HashMap.getNode(ILjava/lang/Object;)Ljava/util/HashMap$Node; @ 129
Event: 3.620 Thread 0xb6307800 Uncommon trap: reason=range_check action=make_not_entrant pc=0xa74266c4 method=sun.reflect.generics.parser.SignatureParser.current()C @ 34
Event: 3.802 Thread 0xb6307800 Uncommon trap: reason=unstable_if action=reinterpret pc=0xa746c34c method=java.nio.charset.CoderResult.isOverflow()Z @ 5
Event: 3.803 Thread 0xb6307800 Uncommon trap: reason=unstable_if action=reinterpret pc=0xa7463e30 method=java.nio.charset.CoderResult.isOverflow()Z @ 5
Event: 3.970 Thread 0xb6307800 Uncommon trap: reason=unstable_if action=reinterpret pc=0xa747f0a4 method=java.io.Reader.read()I @ 12

Internal exceptions (10 events):
Event: 3.618 Thread 0xb6307800 Exception <a 'java/lang/ArrayIndexOutOfBoundsException'> (0x919f80d8) thrown at [/build/openjdk-8-Y4imzb/openjdk-8-8u151-b12/src/hotspot/src/share/vm/runtime/sharedRuntime.cpp, line 605]
Event: 3.618 Thread 0xb6307800 Exception <a 'java/lang/ArrayIndexOutOfBoundsException'> (0x919f99b0) thrown at [/build/openjdk-8-Y4imzb/openjdk-8-8u151-b12/src/hotspot/src/share/vm/runtime/sharedRuntime.cpp, line 605]
Event: 3.618 Thread 0xb6307800 Exception <a 'java/lang/ArrayIndexOutOfBoundsException'> (0x919fb3a0) thrown at [/build/openjdk-8-Y4imzb/openjdk-8-8u151-b12/src/hotspot/src/share/vm/runtime/sharedRuntime.cpp, line 605]
Event: 3.618 Thread 0xb6307800 Exception <a 'java/lang/ArrayIndexOutOfBoundsException'> (0x919fc888) thrown at [/build/openjdk-8-Y4imzb/openjdk-8-8u151-b12/src/hotspot/src/share/vm/runtime/sharedRuntime.cpp, line 605]
Event: 3.619 Thread 0xb6307800 Exception <a 'java/lang/ArrayIndexOutOfBoundsException'> (0x919fe220) thrown at [/build/openjdk-8-Y4imzb/openjdk-8-8u151-b12/src/hotspot/src/share/vm/runtime/sharedRuntime.cpp, line 605]
Event: 3.619 Thread 0xb6307800 Exception <a 'java/lang/ArrayIndexOutOfBoundsException'> (0x919ff520) thrown at [/build/openjdk-8-Y4imzb/openjdk-8-8u151-b12/src/hotspot/src/share/vm/runtime/sharedRuntime.cpp, line 605]
Event: 3.619 Thread 0xb6307800 Exception <a 'java/lang/ArrayIndexOutOfBoundsException'> (0x91a00c18) thrown at [/build/openjdk-8-Y4imzb/openjdk-8-8u151-b12/src/hotspot/src/share/vm/runtime/sharedRuntime.cpp, line 605]
Event: 3.620 Thread 0xb6307800 Exception <a 'java/lang/ArrayIndexOutOfBoundsException': 85> (0x91a01ff8) thrown at [/build/openjdk-8-Y4imzb/openjdk-8-8u151-b12/src/hotspot/src/share/vm/interpreter/interpreterRuntime.cpp, line 366]
Event: 3.974 Thread 0xb6307800 Exception <a 'java/lang/ArrayIndexOutOfBoundsException': 73> (0x925116c0) thrown at [/build/openjdk-8-Y4imzb/openjdk-8-8u151-b12/src/hotspot/src/share/vm/interpreter/interpreterRuntime.cpp, line 366]
Event: 3.974 Thread 0xb6307800 Exception <a 'java/lang/ArrayIndexOutOfBoundsException': 131> (0x92512da8) thrown at [/build/openjdk-8-Y4imzb/openjdk-8-8u151-b12/src/hotspot/src/share/vm/interpreter/interpreterRuntime.cpp, line 366]

Events (10 events):
Event: 4.716 loading class org/apache/maven/model/io/DefaultModelWriter done
Event: 4.717 loading class org/codehaus/plexus/util/xml/XmlStreamWriter
Event: 4.717 loading class org/codehaus/plexus/util/xml/XmlStreamWriter done
Event: 4.718 loading class org/apache/maven/exception/DefaultExceptionHandler
Event: 4.718 loading class org/apache/maven/exception/DefaultExceptionHandler done
Event: 4.720 loading class org/apache/maven/model/building/ModelProblem$Severity
Event: 4.720 loading class org/apache/maven/model/building/ModelProblem$Severity done
Event: 4.722 loading class org/apache/maven/exception/ExceptionSummary
Event: 4.722 loading class org/apache/maven/exception/ExceptionSummary done
Event: 4.722 Executing VM operation: ParallelGCFailedAllocation


Dynamic libraries:
08048000-08049000 r-xp 00000000 08:01 1693306    /usr/lib/jvm/java-8-openjdk-i386/jre/bin/java
08049000-0804a000 r--p 00000000 08:01 1693306    /usr/lib/jvm/java-8-openjdk-i386/jre/bin/java
0804a000-0804b000 rw-p 00001000 08:01 1693306    /usr/lib/jvm/java-8-openjdk-i386/jre/bin/java
08672000-08693000 rw-p 00000000 00:00 0          [heap]
62400000-62460000 rw-p 00000000 00:00 0 
62460000-62500000 ---p 00000000 00:00 0 
62500000-625b0000 rw-p 00000000 00:00 0 
625b0000-62600000 ---p 00000000 00:00 0 
62600000-62700000 rw-p 00000000 00:00 0 
62700000-627bc000 rw-p 00000000 00:00 0 
627bc000-62800000 ---p 00000000 00:00 0 
62800000-6284c000 rw-p 00000000 00:00 0 
6284c000-62900000 ---p 00000000 00:00 0 
62900000-629fa000 rw-p 00000000 00:00 0 
629fa000-62a00000 ---p 00000000 00:00 0 
62a00000-62a9f000 rw-p 00000000 00:00 0 
62a9f000-62b00000 ---p 00000000 00:00 0 
62b00000-62c00000 rw-p 00000000 00:00 0 
62c00000-62cfe000 rw-p 00000000 00:00 0 
62cfe000-62d00000 ---p 00000000 00:00 0 
62d00000-62df9000 rw-p 00000000 00:00 0 
62df9000-62e00000 ---p 00000000 00:00 0 
62e00000-62eff000 rw-p 00000000 00:00 0 
62eff000-62f00000 ---p 00000000 00:00 0 
62fa8000-62fb5000 r--s 0008d000 08:01 1149531    /usr/share/java/maven3-core-3.3.9.jar
62fb5000-62fb8000 r--s 00007000 08:01 1149537    /usr/share/java/maven3-settings-builder-3.3.9.jar
62fb8000-62fba000 r--s 0000d000 08:01 1149536    /usr/share/java/maven3-aether-provider-3.3.9.jar
62fba000-62fc1000 r--s 0002c000 08:01 1149509    /usr/share/java/sisu-plexus.jar
62fc1000-62fc5000 r--s 00027000 08:01 1145546    /usr/share/java/commons-io-2.4.jar
62fc5000-62fcd000 r--s 00054000 08:01 1149507    /usr/share/java/sisu-inject.jar
62fcd000-62fd4000 r--s 0005d000 08:01 1149254    /usr/share/java/commons-lang3.jar
62fd4000-63000000 r--s 00208000 08:01 1148516    /usr/share/java/guava.jar
63000000-630fe000 rw-p 00000000 00:00 0 
630fe000-63100000 ---p 00000000 00:00 0 
63100000-63101000 r--s 00001000 08:01 1149511    /usr/share/java/wagon-file-2.x.jar
63101000-63103000 r--s 0000e000 08:01 1149271    /usr/share/java/plexus-interpolation.jar
63103000-63105000 r--s 00006000 08:01 1149372    /usr/share/java/eclipse-aether-spi.jar
63105000-63109000 r--s 00027000 08:01 1149367    /usr/share/java/eclipse-aether-impl.jar
63109000-6310a000 ---p 00000000 00:00 0 
6310a000-6318a000 rw-p 00000000 00:00 0 
6318a000-6318d000 ---p 00000000 00:00 0 
6318d000-631db000 rw-p 00000000 00:00 0 
631db000-631de000 ---p 00000000 00:00 0 
631de000-6325c000 rw-p 00000000 00:00 0 
6325c000-6325f000 ---p 00000000 00:00 0 
6325f000-632dd000 rw-p 00000000 00:00 0 
632dd000-632e0000 ---p 00000000 00:00 0 
632e0000-6335e000 rw-p 00000000 00:00 0 
6335e000-63361000 ---p 00000000 00:00 0 
63361000-633af000 rw-p 00000000 00:00 0 
633af000-635af000 r--p 00000000 08:01 1110568    /usr/lib/locale/locale-archive
635af000-635b2000 ---p 00000000 00:00 0 
635b2000-63600000 rw-p 00000000 00:00 0 
63600000-636fc000 rw-p 00000000 00:00 0 
636fc000-63700000 ---p 00000000 00:00 0 
63700000-63721000 rw-p 00000000 00:00 0 
63721000-63800000 ---p 00000000 00:00 0 
63800000-63900000 rw-p 00000000 00:00 0 
63900000-63901000 r--s 00004000 08:01 1145398    /usr/share/java/atinject-jsr330-tck-1.0.jar
63901000-63902000 r--s 00008000 08:01 1149370    /usr/share/java/eclipse-aether-connector-basic.jar
63902000-63904000 r--s 00005000 08:01 1149373    /usr/share/java/eclipse-aether-transport-wagon.jar
63904000-63906000 r--s 00001000 08:01 1149403    /usr/share/java/aopalliance-1.0.jar
63906000-63908000 r--s 00001000 08:01 1149538    /usr/share/java/maven3-builder-support-3.3.9.jar
63908000-6390d000 r--s 0001d000 08:01 1149374    /usr/share/java/eclipse-aether-api.jar
6390d000-6390f000 r--s 00002000 08:01 1149449    /usr/share/java/plexus-cipher.jar
6390f000-63911000 r--s 00013000 08:01 1149534    /usr/share/java/maven3-embedder-3.3.9.jar
63911000-63913000 r--s 00027000 08:01 1149535    /usr/share/java/maven3-model-3.3.9.jar
63913000-63916000 ---p 00000000 00:00 0 
63916000-63964000 rw-p 00000000 00:00 0 
63964000-63965000 ---p 00000000 00:00 0 
63965000-639e5000 rw-p 00000000 00:00 0 
639e5000-63bb4000 r--s 03c21000 08:01 1693223    /usr/lib/jvm/java-8-openjdk-i386/jre/lib/rt.jar
63bb4000-63ffa000 rw-p 00000000 00:00 0 
63ffa000-64000000 ---p 00000000 00:00 0 
64000000-66400000 rw-p 00000000 00:00 0 
66400000-664f6000 rw-p 00000000 00:00 0 
664f6000-66500000 ---p 00000000 00:00 0 
66500000-66531000 r--s 00207000 08:01 1149515    /usr/share/java/wagon-http-shaded-2.x.jar
66531000-6657f000 rw-p 00000000 00:00 0 
6657f000-66580000 ---p 00000000 00:00 0 
66580000-66600000 rw-p 00000000 00:00 0 
66600000-666fb000 rw-p 00000000 00:00 0 
666fb000-66700000 ---p 00000000 00:00 0 
66700000-66721000 rw-p 00000000 00:00 0 
66721000-66800000 ---p 00000000 00:00 0 
66800000-66801000 r--s 00002000 08:01 1149066    /usr/share/java/slf4j-simple.jar
66801000-66803000 r--s 0000a000 08:01 1147016    /usr/share/java/commons-cli-1.3.1.jar
66803000-66805000 r--s 0000a000 08:01 1149512    /usr/share/java/wagon-provider-api-2.x.jar
66805000-66808000 r--s 0000a000 08:01 1149539    /usr/share/java/maven3-artifact-3.3.9.jar
66808000-6680c000 r--s 00020000 08:01 1149392    /usr/share/java/eclipse-aether-util.jar
6680c000-6680d000 r--s 00006000 08:01 1149532    /usr/share/java/maven3-repository-metadata-3.3.9.jar
6680d000-6680f000 r--s 00007000 08:01 1149069    /usr/share/java/slf4j-api.jar
6680f000-66810000 r--s 0000a000 08:01 1149528    /usr/share/java/maven3-settings-3.3.9.jar
66810000-66814000 r--s 00038000 08:01 1149495    /usr/share/java/plexus-utils2.jar
66814000-6681a000 r--s 00048000 08:01 1149288    /usr/share/java/jsoup.jar
6681a000-6681f000 r--s 00025000 08:01 1149533    /usr/share/java/maven3-model-builder-3.3.9.jar
6681f000-66824000 r--s 00040000 08:01 1145678    /usr/share/java/commons-lang-2.6.jar
66824000-6687f000 rw-p 00000000 00:00 0 
6687f000-66880000 ---p 00000000 00:00 0 
66880000-66900000 rw-p 00000000 00:00 0 
66900000-66921000 rw-p 00000000 00:00 0 
66921000-66a00000 ---p 00000000 00:00 0 
66a00000-66a01000 r--s 00001000 08:01 1149518    /usr/share/java/wagon-http-shared-2.x.jar
66a01000-66a02000 r--s 00006000 08:01 1149451    /usr/share/java/plexus-sec-dispatcher.jar
66a02000-66a04000 r--s 0000a000 08:01 1149529    /usr/share/java/maven3-plugin-api-3.3.9.jar
66a04000-66a06000 r--s 00000000 08:01 1149499    /usr/share/java/plexus-component-annotations-1.5.jar
66a06000-66a0d000 r--s 00041000 08:01 1149530    /usr/share/java/maven3-compat-3.3.9.jar
66a0d000-66a28000 r--s 00394000 08:01 1693228    /usr/lib/jvm/java-8-openjdk-i386/jre/lib/ext/cldrdata.jar
66a28000-66a29000 ---p 00000000 00:00 0 
66a29000-66abf000 rw-p 00000000 00:00 0 
66abf000-66bff000 ---p 00000000 00:00 0 
66bff000-66c15000 rw-p 00000000 00:00 0 
66c15000-66d54000 ---p 00000000 00:00 0 
66d54000-66d5f000 rw-p 00000000 00:00 0 
66d5f000-66dff000 ---p 00000000 00:00 0 
66dff000-698c0000 rw-p 00000000 00:00 0 
698c0000-918c0000 ---p 00000000 00:00 0 
918c0000-92e00000 rw-p 00000000 00:00 0 
93e40000-a6e00000 ---p 00000000 00:00 0 
a6e00000-a6e01000 r--s 00000000 08:01 1149240    /usr/share/java/geronimo-interceptor-3.0-spec-1.0.1.jar
a6e01000-a6e03000 r--s 00012000 08:01 1144777    /usr/share/java/el-api-3.0.jar
a6e03000-a6e06000 r--s 00008000 08:01 1149246    /usr/share/java/cdi-api-1.0.jar
a6e06000-a6e14000 r--s 00095000 08:01 1149408    /usr/share/java/guice.jar
a6e14000-a6e16000 r--s 0000a000 08:01 1149493    /usr/share/java/plexus-classworlds2-2.5.2.jar
a6e16000-a6e18000 r--s 00008000 08:01 1693232    /usr/lib/jvm/java-8-openjdk-i386/jre/lib/ext/sunec.jar
a6e18000-a6e33000 r--s 001d6000 08:01 1693230    /usr/lib/jvm/java-8-openjdk-i386/jre/lib/ext/nashorn.jar
a6e33000-a6e39000 r--s 0003a000 08:01 1693231    /usr/lib/jvm/java-8-openjdk-i386/jre/lib/ext/sunjce_provider.jar
a6e39000-a6e43000 r--s 00116000 08:01 1693233    /usr/lib/jvm/java-8-openjdk-i386/jre/lib/ext/localedata.jar
a6e43000-a6e5b000 rw-p 00000000 00:00 0 
a6e5b000-a6e5c000 ---p 00000000 00:00 0 
a6e5c000-a6ee7000 rw-p 00000000 00:00 0 
a6ee7000-a729c000 ---p 00000000 00:00 0 
a729c000-a7524000 rwxp 00000000 00:00 0 
a7524000-b629c000 ---p 00000000 00:00 0 
b629c000-b62a7000 r-xp 00000000 08:01 3402889    /lib/i386-linux-gnu/libnss_files-2.23.so
b62a7000-b62a8000 r--p 0000a000 08:01 3402889    /lib/i386-linux-gnu/libnss_files-2.23.so
b62a8000-b62a9000 rw-p 0000b000 08:01 3402889    /lib/i386-linux-gnu/libnss_files-2.23.so
b62a9000-b62af000 rw-p 00000000 00:00 0 
b62af000-b62ba000 r-xp 00000000 08:01 3402895    /lib/i386-linux-gnu/libnss_nis-2.23.so
b62ba000-b62bb000 r--p 0000a000 08:01 3402895    /lib/i386-linux-gnu/libnss_nis-2.23.so
b62bb000-b62bc000 rw-p 0000b000 08:01 3402895    /lib/i386-linux-gnu/libnss_nis-2.23.so
b62bc000-b62d3000 r-xp 00000000 08:01 3402652    /lib/i386-linux-gnu/libnsl-2.23.so
b62d3000-b62d4000 r--p 00016000 08:01 3402652    /lib/i386-linux-gnu/libnsl-2.23.so
b62d4000-b62d5000 rw-p 00017000 08:01 3402652    /lib/i386-linux-gnu/libnsl-2.23.so
b62d5000-b62d7000 rw-p 00000000 00:00 0 
b62d7000-b62fe000 r-xp 00000000 08:01 1693258    /usr/lib/jvm/java-8-openjdk-i386/jre/lib/i386/libjava.so
b62fe000-b62ff000 r--p 00026000 08:01 1693258    /usr/lib/jvm/java-8-openjdk-i386/jre/lib/i386/libjava.so
b62ff000-b6300000 rw-p 00027000 08:01 1693258    /usr/lib/jvm/java-8-openjdk-i386/jre/lib/i386/libjava.so
b6300000-b63fb000 rw-p 00000000 00:00 0 
b63fb000-b6400000 ---p 00000000 00:00 0 
b6400000-b6401000 r--s 00000000 08:01 1145399    /usr/share/java/atinject-jsr330-api-1.0.jar
b6401000-b6409000 r-xp 00000000 08:01 3402720    /lib/i386-linux-gnu/libnss_compat-2.23.so
b6409000-b640a000 r--p 00007000 08:01 3402720    /lib/i386-linux-gnu/libnss_compat-2.23.so
b640a000-b640b000 rw-p 00008000 08:01 3402720    /lib/i386-linux-gnu/libnss_compat-2.23.so
b640b000-b640c000 r--s 00010000 08:01 1693229    /usr/lib/jvm/java-8-openjdk-i386/jre/lib/ext/zipfs.jar
b640c000-b640e000 r--s 00001000 08:01 1693236    /usr/lib/jvm/java-8-openjdk-i386/jre/lib/ext/dnsns.jar
b640e000-b6411000 r--s 0000f000 08:01 1693227    /usr/lib/jvm/java-8-openjdk-i386/jre/lib/ext/icedtea-sound.jar
b6411000-b6419000 r-xp 00000000 08:01 1693277    /usr/lib/jvm/java-8-openjdk-i386/jre/lib/i386/libzip.so
b6419000-b641a000 r--p 00007000 08:01 1693277    /usr/lib/jvm/java-8-openjdk-i386/jre/lib/i386/libzip.so
b641a000-b641b000 rw-p 00008000 08:01 1693277    /usr/lib/jvm/java-8-openjdk-i386/jre/lib/i386/libzip.so
b641b000-b6423000 rw-s 00000000 08:01 2576540    /tmp/hsperfdata_sarnobat/11587
b6423000-b642a000 r-xp 00000000 08:01 3402905    /lib/i386-linux-gnu/librt-2.23.so
b642a000-b642b000 r--p 00006000 08:01 3402905    /lib/i386-linux-gnu/librt-2.23.so
b642b000-b642c000 rw-p 00007000 08:01 3402905    /lib/i386-linux-gnu/librt-2.23.so
b642c000-b642f000 ---p 00000000 00:00 0 
b642f000-b647d000 rw-p 00000000 00:00 0 
b647d000-b6499000 r-xp 00000000 08:01 3402590    /lib/i386-linux-gnu/libgcc_s.so.1
b6499000-b649a000 rw-p 0001b000 08:01 3402590    /lib/i386-linux-gnu/libgcc_s.so.1
b649a000-b64ed000 r-xp 00000000 08:01 3402651    /lib/i386-linux-gnu/libm-2.23.so
b64ed000-b64ee000 r--p 00052000 08:01 3402651    /lib/i386-linux-gnu/libm-2.23.so
b64ee000-b64ef000 rw-p 00053000 08:01 3402651    /lib/i386-linux-gnu/libm-2.23.so
b64ef000-b665c000 r-xp 00000000 08:01 1104849    /usr/lib/i386-linux-gnu/libstdc++.so.6.0.21
b665c000-b665d000 ---p 0016d000 08:01 1104849    /usr/lib/i386-linux-gnu/libstdc++.so.6.0.21
b665d000-b6662000 r--p 0016d000 08:01 1104849    /usr/lib/i386-linux-gnu/libstdc++.so.6.0.21
b6662000-b6663000 rw-p 00172000 08:01 1104849    /usr/lib/i386-linux-gnu/libstdc++.so.6.0.21
b6663000-b6666000 rw-p 00000000 00:00 0 
b6666000-b7137000 r-xp 00000000 08:01 1693269    /usr/lib/jvm/java-8-openjdk-i386/jre/lib/i386/server/libjvm.so
b7137000-b717d000 r--p 00ad0000 08:01 1693269    /usr/lib/jvm/java-8-openjdk-i386/jre/lib/i386/server/libjvm.so
b717d000-b7194000 rw-p 00b16000 08:01 1693269    /usr/lib/jvm/java-8-openjdk-i386/jre/lib/i386/server/libjvm.so
b7194000-b75b4000 rw-p 00000000 00:00 0 
b75b4000-b75cd000 r-xp 00000000 08:01 3402662    /lib/i386-linux-gnu/libpthread-2.23.so
b75cd000-b75ce000 r--p 00018000 08:01 3402662    /lib/i386-linux-gnu/libpthread-2.23.so
b75ce000-b75cf000 rw-p 00019000 08:01 3402662    /lib/i386-linux-gnu/libpthread-2.23.so
b75cf000-b75d1000 rw-p 00000000 00:00 0 
b75d1000-b75d4000 r-xp 00000000 08:01 3402697    /lib/i386-linux-gnu/libdl-2.23.so
b75d4000-b75d5000 r--p 00002000 08:01 3402697    /lib/i386-linux-gnu/libdl-2.23.so
b75d5000-b75d6000 rw-p 00003000 08:01 3402697    /lib/i386-linux-gnu/libdl-2.23.so
b75d6000-b75d7000 rw-p 00000000 00:00 0 
b75d7000-b75f0000 r-xp 00000000 08:01 3402741    /lib/i386-linux-gnu/libz.so.1.2.8
b75f0000-b75f1000 r--p 00018000 08:01 3402741    /lib/i386-linux-gnu/libz.so.1.2.8
b75f1000-b75f2000 rw-p 00019000 08:01 3402741    /lib/i386-linux-gnu/libz.so.1.2.8
b75f2000-b77a2000 r-xp 00000000 08:01 3402663    /lib/i386-linux-gnu/libc-2.23.so
b77a2000-b77a4000 r--p 001af000 08:01 3402663    /lib/i386-linux-gnu/libc-2.23.so
b77a4000-b77a5000 rw-p 001b1000 08:01 3402663    /lib/i386-linux-gnu/libc-2.23.so
b77a5000-b77a8000 rw-p 00000000 00:00 0 
b77a8000-b77a9000 r--s 0000a000 08:01 1693235    /usr/lib/jvm/java-8-openjdk-i386/jre/lib/ext/jaccess.jar
b77a9000-b77ad000 r--s 00037000 08:01 1693234    /usr/lib/jvm/java-8-openjdk-i386/jre/lib/ext/sunpkcs11.jar
b77ad000-b77ae000 r--p 002d4000 08:01 1110568    /usr/lib/locale/locale-archive
b77ae000-b77af000 rw-p 00000000 00:00 0 
b77af000-b77b0000 ---p 00000000 00:00 0 
b77b0000-b77be000 r-xp 00000000 08:01 1693275    /usr/lib/jvm/java-8-openjdk-i386/jre/lib/i386/libverify.so
b77be000-b77bf000 r--p 0000d000 08:01 1693275    /usr/lib/jvm/java-8-openjdk-i386/jre/lib/i386/libverify.so
b77bf000-b77c0000 rw-p 0000e000 08:01 1693275    /usr/lib/jvm/java-8-openjdk-i386/jre/lib/i386/libverify.so
b77c0000-b77cd000 r-xp 00000000 08:01 1693273    /usr/lib/jvm/java-8-openjdk-i386/jre/lib/i386/jli/libjli.so
b77cd000-b77ce000 r--p 0000c000 08:01 1693273    /usr/lib/jvm/java-8-openjdk-i386/jre/lib/i386/jli/libjli.so
b77ce000-b77cf000 rw-p 0000d000 08:01 1693273    /usr/lib/jvm/java-8-openjdk-i386/jre/lib/i386/jli/libjli.so
b77cf000-b77d0000 rw-p 00000000 00:00 0 
b77d0000-b77d2000 r--p 00000000 00:00 0          [vvar]
b77d2000-b77d3000 r-xp 00000000 00:00 0          [vdso]
b77d3000-b77f6000 r-xp 00000000 08:01 3402661    /lib/i386-linux-gnu/ld-2.23.so
b77f6000-b77f7000 r--p 00022000 08:01 3402661    /lib/i386-linux-gnu/ld-2.23.so
b77f7000-b77f8000 rw-p 00023000 08:01 3402661    /lib/i386-linux-gnu/ld-2.23.so
bfec3000-bfee4000 rw-p 00000000 00:00 0          [stack]

VM Arguments:
jvm_args: -Dclassworlds.conf=/usr/share/maven/bin/m2.conf -Dmaven.home=/usr/share/maven -Dmaven.multiModuleProjectDirectory=/home/sarnobat/github/maven_project 
java_command: org.codehaus.plexus.classworlds.launcher.Launcher --quiet --settings /home/sarnobat/sarnobat.git/mac/.m2/settings.xml install exec:java -Dexec.mainClass=Md5RoCopyFile -Dexec.args=4486 ~/sarnobat.git/db/md5ro/md5_files.txt
java_class_path (initial): /usr/share/maven/boot/plexus-classworlds-2.x.jar
Launcher Type: SUN_STANDARD

Environment Variables:
JAVA_HOME=/usr/lib/jvm/java-8-openjdk-i386
PATH=/usr/bin:/bin
SHELL=/bin/sh

Signal Handlers:
SIGSEGV: [libjvm.so+0x8d7370], sa_mask[0]=11111111011111111101111111111110, sa_flags=SA_RESTART|SA_SIGINFO
SIGBUS: [libjvm.so+0x8d7370], sa_mask[0]=11111111011111111101111111111110, sa_flags=SA_RESTART|SA_SIGINFO
SIGFPE: [libjvm.so+0x73d1c0], sa_mask[0]=11111111011111111101111111111110, sa_flags=SA_RESTART|SA_SIGINFO
SIGPIPE: [libjvm.so+0x73d1c0], sa_mask[0]=11111111011111111101111111111110, sa_flags=SA_RESTART|SA_SIGINFO
SIGXFSZ: [libjvm.so+0x73d1c0], sa_mask[0]=11111111011111111101111111111110, sa_flags=SA_RESTART|SA_SIGINFO
SIGILL: [libjvm.so+0x73d1c0], sa_mask[0]=11111111011111111101111111111110, sa_flags=SA_RESTART|SA_SIGINFO
SIGUSR1: SIG_DFL, sa_mask[0]=00000000000000000000000000000000, sa_flags=none
SIGUSR2: [libjvm.so+0x73d000], sa_mask[0]=00000000000000000000000000000000, sa_flags=SA_RESTART|SA_SIGINFO
SIGHUP: [libjvm.so+0x73d790], sa_mask[0]=11111111011111111101111111111110, sa_flags=SA_RESTART|SA_SIGINFO
SIGINT: [libjvm.so+0x73d790], sa_mask[0]=11111111011111111101111111111110, sa_flags=SA_RESTART|SA_SIGINFO
SIGTERM: [libjvm.so+0x73d790], sa_mask[0]=11111111011111111101111111111110, sa_flags=SA_RESTART|SA_SIGINFO
SIGQUIT: [libjvm.so+0x73d790], sa_mask[0]=11111111011111111101111111111110, sa_flags=SA_RESTART|SA_SIGINFO


---------------  S Y S T E M  ---------------

OS:DISTRIB_ID=Ubuntu
DISTRIB_RELEASE=16.04
DISTRIB_CODENAME=xenial
DISTRIB_DESCRIPTION="Ubuntu 16.04.1 LTS"

uname:Linux 4.4.0-104-generic #127-Ubuntu SMP Mon Dec 11 12:16:50 UTC 2017 i686
libc:glibc 2.23 NPTL 2.23 
rlimit: STACK 8192k, CORE 0k, NPROC 63057, NOFILE 1048576, AS infinity
load average:3.89 3.59 3.02

/proc/meminfo:
MemTotal:        8107456 kB
MemFree:          404824 kB
MemAvailable:          0 kB
Buffers:            5708 kB
Cached:           294188 kB
SwapCached:        11500 kB
Active:          5939904 kB
Inactive:        1545264 kB
Active(anon):    5922088 kB
Inactive(anon):  1531372 kB
Active(file):      17816 kB
Inactive(file):    13892 kB
Unevictable:           0 kB
Mlocked:               0 kB
HighTotal:       7292552 kB
HighFree:          89380 kB
LowTotal:         814904 kB
LowFree:          315444 kB
SwapTotal:       4007932 kB
SwapFree:              0 kB
Dirty:               840 kB
Writeback:             0 kB
AnonPages:       7174668 kB
Mapped:            57036 kB
Shmem:            267400 kB
Slab:              99552 kB
SReclaimable:      51960 kB
SUnreclaim:        47592 kB
KernelStack:       20592 kB
PageTables:        47112 kB
NFS_Unstable:          0 kB
Bounce:                0 kB
WritebackTmp:          0 kB
CommitLimit:     8061660 kB
Committed_AS:   26476876 kB
VmallocTotal:     122880 kB
VmallocUsed:           0 kB
VmallocChunk:          0 kB
AnonHugePages:   4792320 kB
CmaTotal:              0 kB
CmaFree:               0 kB
HugePages_Total:       0
HugePages_Free:        0
HugePages_Rsvd:        0
HugePages_Surp:        0
Hugepagesize:       2048 kB
DirectMap4k:       34808 kB
DirectMap2M:      876544 kB


CPU:total 4 (initial active 4) (2 cores per cpu, 2 threads per core) family 6 model 58 stepping 9, cmov, cx8, fxsr, mmx, sse, sse2, sse3, ssse3, sse4.1, sse4.2, popcnt, avx, aes, clmul, erms, ht, tsc, tscinvbit, tscinv

/proc/cpuinfo:
processor	: 0
vendor_id	: GenuineIntel
cpu family	: 6
model		: 58
model name	: Intel(R) Core(TM) i5-3427U CPU @ 1.80GHz
stepping	: 9
microcode	: 0x17
cpu MHz		: 2599.988
cache size	: 3072 KB
physical id	: 0
siblings	: 4
core id		: 0
cpu cores	: 2
apicid		: 0
initial apicid	: 0
fdiv_bug	: no
f00f_bug	: no
coma_bug	: no
fpu		: yes
fpu_exception	: yes
cpuid level	: 13
wp		: yes
flags		: fpu vme de pse tsc msr pae mce cx8 apic sep mtrr pge mca cmov pat pse36 clflush dts acpi mmx fxsr sse sse2 ss ht tm pbe nx rdtscp lm constant_tsc arch_perfmon pebs bts xtopology nonstop_tsc aperfmperf eagerfpu pni pclmulqdq dtes64 monitor ds_cpl vmx smx est tm2 ssse3 cx16 xtpr pdcm pcid sse4_1 sse4_2 x2apic popcnt tsc_deadline_timer aes xsave avx f16c rdrand lahf_lm epb tpr_shadow vnmi flexpriority ept vpid fsgsbase smep erms xsaveopt dtherm ida arat pln pts
bugs		:
bogomips	: 4589.86
clflush size	: 64
cache_alignment	: 64
address sizes	: 36 bits physical, 48 bits virtual
power management:

processor	: 1
vendor_id	: GenuineIntel
cpu family	: 6
model		: 58
model name	: Intel(R) Core(TM) i5-3427U CPU @ 1.80GHz
stepping	: 9
microcode	: 0x17
cpu MHz		: 2599.988
cache size	: 3072 KB
physical id	: 0
siblings	: 4
core id		: 1
cpu cores	: 2
apicid		: 2
initial apicid	: 2
fdiv_bug	: no
f00f_bug	: no
coma_bug	: no
fpu		: yes
fpu_exception	: yes
cpuid level	: 13
wp		: yes
flags		: fpu vme de pse tsc msr pae mce cx8 apic sep mtrr pge mca cmov pat pse36 clflush dts acpi mmx fxsr sse sse2 ss ht tm pbe nx rdtscp lm constant_tsc arch_perfmon pebs bts xtopology nonstop_tsc aperfmperf eagerfpu pni pclmulqdq dtes64 monitor ds_cpl vmx smx est tm2 ssse3 cx16 xtpr pdcm pcid sse4_1 sse4_2 x2apic popcnt tsc_deadline_timer aes xsave avx f16c rdrand lahf_lm epb tpr_shadow vnmi flexpriority ept vpid fsgsbase smep erms xsaveopt dtherm ida arat pln pts
bugs		:
bogomips	: 4589.86
clflush size	: 64
cache_alignment	: 64
address sizes	: 36 bits physical, 48 bits virtual
power management:

processor	: 2
vendor_id	: GenuineIntel
cpu family	: 6
model		: 58
model name	: Intel(R) Core(TM) i5-3427U CPU @ 1.80GHz
stepping	: 9
microcode	: 0x17
cpu MHz		: 2599.988
cache size	: 3072 KB
physical id	: 0
siblings	: 4
core id		: 0
cpu cores	: 2
apicid		: 1
initial apicid	: 1
fdiv_bug	: no
f00f_bug	: no
coma_bug	: no
fpu		: yes
fpu_exception	: yes
cpuid level	: 13
wp		: yes
flags		: fpu vme de pse tsc msr pae mce cx8 apic sep mtrr pge mca cmov pat pse36 clflush dts acpi mmx fxsr sse sse2 ss ht tm pbe nx rdtscp lm constant_tsc arch_perfmon pebs bts xtopology nonstop_tsc aperfmperf eagerfpu pni pclmulqdq dtes64 monitor ds_cpl vmx smx est tm2 ssse3 cx16 xtpr pdcm pcid sse4_1 sse4_2 x2apic popcnt tsc_deadline_timer aes xsave avx f16c rdrand lahf_lm epb tpr_shadow vnmi flexpriority ept vpid fsgsbase smep erms xsaveopt dtherm ida arat pln pts
bugs		:
bogomips	: 4589.86
clflush size	: 64
cache_alignment	: 64
address sizes	: 36 bits physical, 48 bits virtual
power management:

processor	: 3
vendor_id	: GenuineIntel
cpu family	: 6
model		: 58
model name	: Intel(R) Core(TM) i5-3427U CPU @ 1.80GHz
stepping	: 9
microcode	: 0x17
cpu MHz		: 2599.988
cache size	: 3072 KB
physical id	: 0
siblings	: 4
core id		: 1
cpu cores	: 2
apicid		: 3
initial apicid	: 3
fdiv_bug	: no
f00f_bug	: no
coma_bug	: no
fpu		: yes
fpu_exception	: yes
cpuid level	: 13
wp		: yes
flags		: fpu vme de pse tsc msr pae mce cx8 apic sep mtrr pge mca cmov pat pse36 clflush dts acpi mmx fxsr sse sse2 ss ht tm pbe nx rdtscp lm constant_tsc arch_perfmon pebs bts xtopology nonstop_tsc aperfmperf eagerfpu pni pclmulqdq dtes64 monitor ds_cpl vmx smx est tm2 ssse3 cx16 xtpr pdcm pcid sse4_1 sse4_2 x2apic popcnt tsc_deadline_timer aes xsave avx f16c rdrand lahf_lm epb tpr_shadow vnmi flexpriority ept vpid fsgsbase smep erms xsaveopt dtherm ida arat pln pts
bugs		:
bogomips	: 4589.86
clflush size	: 64
cache_alignment	: 64
address sizes	: 36 bits physical, 48 bits virtual
power management:



Memory: 4k page, physical 8107456k(404824k free), swap 4007932k(0k free)

vm_info: OpenJDK Server VM (25.151-b12) for linux-x86 JRE (1.8.0_151-8u151-b12-0ubuntu0.16.04.2-b12), built on Oct 27 2017 22:05:04 by "buildd" with gcc 5.4.0 20160609

time: Mon Mar 19 00:06:06 2018
elapsed time: 4 seconds (0d 0h 0m 4s)

