#
# There is insufficient memory for the Java Runtime Environment to continue.
# Native memory allocation (mmap) failed to map 131072 bytes for committing reserved memory.
# Possible reasons:
#   The system is out of physical RAM or swap space
#   In 32 bit mode, the process size limit was hit
# Possible solutions:
#   Reduce memory load on the system
#   Increase physical memory or swap space
#   Check if swap backing store is full
#   Use 64 bit Java on a 64 bit OS
#   Decrease Java heap size (-Xmx/-Xms)
#   Decrease number of Java threads
#   Decrease Java thread stack sizes (-Xss)
#   Set larger code cache with -XX:ReservedCodeCacheSize=
# This output file may be truncated or incomplete.
#
#  Out of Memory Error (os_linux.cpp:2643), pid=3016, tid=0xb6407b40
#
# JRE version: OpenJDK Runtime Environment (8.0_162-b12) (build 1.8.0_162-8u162-b12-0ubuntu0.16.04.2-b12)
# Java VM: OpenJDK Server VM (25.162-b12 mixed mode linux-x86 )
# Failed to write core dump. Core dumps have been disabled. To enable core dumping, try "ulimit -c unlimited" before starting Java again
#

---------------  T H R E A D  ---------------

Current thread (0xb6208400):  JavaThread "main" [_thread_in_vm, id=3074, stack(0xb63b7000,0xb6408000)]

Stack: [0xb63b7000,0xb6408000],  sp=0xb6403df0,  free space=307k
Native frames: (J=compiled Java code, j=interpreted, Vv=VM code, C=native code)
V  [libjvm.so+0x8da814]
V  [libjvm.so+0x3a9046]
V  [libjvm.so+0x744ce0]
V  [libjvm.so+0x73eb53]
V  [libjvm.so+0x8d7234]
V  [libjvm.so+0x6d0423]
V  [libjvm.so+0x6d063a]
V  [libjvm.so+0x6d11c5]
V  [libjvm.so+0x6d131a]
V  [libjvm.so+0x6d235a]
V  [libjvm.so+0x6d254d]
V  [libjvm.so+0x399c6f]
V  [libjvm.so+0x6d7c2e]
V  [libjvm.so+0x318a3f]
V  [libjvm.so+0x319213]
V  [libjvm.so+0x31b082]
V  [libjvm.so+0x851329]
V  [libjvm.so+0x55e03a]
V  [libjvm.so+0x55f4dc]  JVM_DefineClassWithSource+0x9c
C  [libjava.so+0xb28b]  Java_java_lang_ClassLoader_defineClass1+0x17b
J 563  java.lang.ClassLoader.defineClass1(Ljava/lang/String;[BIILjava/security/ProtectionDomain;Ljava/lang/String;)Ljava/lang/Class; (0 bytes) @ 0xa73d0d4b [0xa73d0c60+0xeb]
J 433 C1 java.lang.ClassLoader.defineClass(Ljava/lang/String;[BIILjava/security/ProtectionDomain;)Ljava/lang/Class; (43 bytes) @ 0xa737e214 [0xa737dd60+0x4b4]
J 363 C1 java.net.URLClassLoader.defineClass(Ljava/lang/String;Lsun/misc/Resource;)Ljava/lang/Class; (142 bytes) @ 0xa7360478 [0xa735eda0+0x16d8]
J 243 C1 java.net.URLClassLoader$1.run()Ljava/lang/Class; (63 bytes) @ 0xa730f400 [0xa730f1c0+0x240]
J 242 C1 java.net.URLClassLoader$1.run()Ljava/lang/Object; (5 bytes) @ 0xa730f9d0 [0xa730f960+0x70]
v  ~StubRoutines::call_stub
V  [libjvm.so+0x521a6d]
V  [libjvm.so+0x749c05]
V  [libjvm.so+0x520baa]
V  [libjvm.so+0x56da24]  JVM_DoPrivileged+0x434
C  [libjava.so+0x9e15]  Java_java_security_AccessController_doPrivileged__Ljava_security_PrivilegedExceptionAction_2Ljava_security_AccessControlContext_2+0x25
J 149  java.security.AccessController.doPrivileged(Ljava/security/PrivilegedExceptionAction;Ljava/security/AccessControlContext;)Ljava/lang/Object; (0 bytes) @ 0xa72e3a8c [0xa72e39e0+0xac]
J 1779 C2 java.net.URLClassLoader.findClass(Ljava/lang/String;)Ljava/lang/Class; (47 bytes) @ 0xa76b076c [0xa76b0700+0x6c]
J 366 C1 org.codehaus.plexus.classworlds.realm.ClassRealm.loadClassFromSelf(Ljava/lang/String;)Ljava/lang/Class; (40 bytes) @ 0xa7365240 [0xa7364f60+0x2e0]
J 324 C1 org.codehaus.plexus.classworlds.strategy.SelfFirstStrategy.loadClass(Ljava/lang/String;)Ljava/lang/Class; (50 bytes) @ 0xa733a608 [0xa733a400+0x208]
J 260 C1 org.codehaus.plexus.classworlds.realm.ClassRealm.loadClass(Ljava/lang/String;)Ljava/lang/Class; (7 bytes) @ 0xa73115bc [0xa7311400+0x1bc]
v  ~StubRoutines::call_stub
V  [libjvm.so+0x521a6d]
V  [libjvm.so+0x749c05]
V  [libjvm.so+0x51f546]
V  [libjvm.so+0x51fabb]
V  [libjvm.so+0x857ca3]
V  [libjvm.so+0x85671f]
V  [libjvm.so+0x858726]
V  [libjvm.so+0x7b98b2]
V  [libjvm.so+0x7ba0fc]
V  [libjvm.so+0x56e811]
V  [libjvm.so+0x56ea27]  JVM_GetClassDeclaredMethods+0xa7
J 979  java.lang.Class.getDeclaredMethods0(Z)[Ljava/lang/reflect/Method; (0 bytes) @ 0xa74bc1e8 [0xa74bc160+0x88]
J 654 C1 java.lang.Class.privateGetDeclaredMethods(Z)[Ljava/lang/reflect/Method; (67 bytes) @ 0xa7403208 [0xa7402fc0+0x248]
j  java.lang.Class.privateGetPublicMethods()[Ljava/lang/reflect/Method;+33
j  java.lang.Class.getMethods()[Ljava/lang/reflect/Method;+10
j  org.codehaus.plexus.interpolation.reflection.ClassMap.getAccessibleMethods(Ljava/lang/Class;)[Ljava/lang/reflect/Method;+1
j  org.codehaus.plexus.interpolation.reflection.ClassMap.populateMethodCache()V+4
j  org.codehaus.plexus.interpolation.reflection.ClassMap.<init>(Ljava/lang/Class;)V+32
j  org.codehaus.plexus.interpolation.reflection.ReflectionValueExtractor.getClassMap(Ljava/lang/Class;)Lorg/codehaus/plexus/interpolation/reflection/ClassMap;+34
j  org.codehaus.plexus.interpolation.reflection.ReflectionValueExtractor.evaluate(Ljava/lang/String;Ljava/lang/Object;Z)Ljava/lang/Object;+56
j  org.codehaus.plexus.interpolation.ObjectBasedValueSource.getValue(Ljava/lang/String;)Ljava/lang/Object;+23
j  org.codehaus.plexus.interpolation.PrefixedValueSourceWrapper.getValue(Ljava/lang/String;)Ljava/lang/Object;+33
j  org.codehaus.plexus.interpolation.AbstractDelegatingValueSource.getValue(Ljava/lang/String;)Ljava/lang/Object;+5
j  org.apache.maven.model.interpolation.ProblemDetectingValueSource.getValue(Ljava/lang/String;)Ljava/lang/Object;+5
j  org.codehaus.plexus.interpolation.StringSearchInterpolator.interpolate(Ljava/lang/String;Lorg/codehaus/plexus/interpolation/RecursionInterceptor;Ljava/util/Set;)Ljava/lang/String;+355
j  org.codehaus.plexus.interpolation.StringSearchInterpolator.interpolate(Ljava/lang/String;Lorg/codehaus/plexus/interpolation/RecursionInterceptor;)Ljava/lang/String;+10
j  org.apache.maven.model.interpolation.AbstractStringBasedModelInterpolator.interpolateInternal(Ljava/lang/String;Ljava/util/List;Ljava/util/List;Lorg/apache/maven/model/building/ModelProblemCollector;)Ljava/lang/String;+117
j  org.apache.maven.model.interpolation.StringSearchModelInterpolator$InterpolateObjectAction.interpolate(Ljava/lang/String;)Ljava/lang/String;+17
j  org.apache.maven.model.interpolation.StringSearchModelInterpolator$InterpolateObjectAction.access$300(Lorg/apache/maven/model/interpolation/StringSearchModelInterpolator$InterpolateObjectAction;Ljava/lang/String;)Ljava/lang/String;+2
j  org.apache.maven.model.interpolation.StringSearchModelInterpolator$InterpolateObjectAction$StringField.doInterpolate(Ljava/lang/Object;Lorg/apache/maven/model/interpolation/StringSearchModelInterpolator$InterpolateObjectAction;)V+19
j  org.apache.maven.model.interpolation.StringSearchModelInterpolator$InterpolateObjectAction$CacheField.interpolate(Ljava/lang/Object;Lorg/apache/maven/model/interpolation/StringSearchModelInterpolator$InterpolateObjectAction;)V+27
j  org.apache.maven.model.interpolation.StringSearchModelInterpolator$InterpolateObjectAction$CacheItem.interpolate(Ljava/lang/Object;Lorg/apache/maven/model/interpolation/StringSearchModelInterpolator$InterpolateObjectAction;)V+29
j  org.apache.maven.model.interpolation.StringSearchModelInterpolator$InterpolateObjectAction.traverseObjectWithParents(Ljava/lang/Class;Ljava/lang/Object;)V+36
j  org.apache.maven.model.interpolation.StringSearchModelInterpolator$InterpolateObjectAction.run()Ljava/lang/Object;+24
v  ~StubRoutines::call_stub
V  [libjvm.so+0x521a6d]
V  [libjvm.so+0x749c05]
V  [libjvm.so+0x520baa]
V  [libjvm.so+0x56da24]  JVM_DoPrivileged+0x434
C  [libjava.so+0x9d84]  Java_java_security_AccessController_doPrivileged__Ljava_security_PrivilegedAction_2+0x24
J 756  java.security.AccessController.doPrivileged(Ljava/security/PrivilegedAction;)Ljava/lang/Object; (0 bytes) @ 0xa743c835 [0xa743c7a0+0x95]
j  org.apache.maven.model.interpolation.StringSearchModelInterpolator.interpolateObject(Ljava/lang/Object;Lorg/apache/maven/model/Model;Ljava/io/File;Lorg/apache/maven/model/building/ModelBuildingRequest;Lorg/apache/maven/model/building/ModelProblemCollector;)V+41
j  org.apache.maven.model.interpolation.StringSearchModelInterpolator.interpolateModel(Lorg/apache/maven/model/Model;Ljava/io/File;Lorg/apache/maven/model/building/ModelBuildingRequest;Lorg/apache/maven/model/building/ModelProblemCollector;)Lorg/apache/maven/model/Model;+7
j  org.apache.maven.model.building.DefaultModelBuilder.interpolateModel(Lorg/apache/maven/model/Model;Lorg/apache/maven/model/building/ModelBuildingRequest;Lorg/apache/maven/model/building/ModelProblemCollector;)Lorg/apache/maven/model/Model;+19
j  org.apache.maven.model.building.DefaultModelBuilder.build(Lorg/apache/maven/model/building/ModelBuildingRequest;)Lorg/apache/maven/model/building/ModelBuildingResult;+808
j  org.apache.maven.project.DefaultProjectBuilder.build(Ljava/util/List;Ljava/util/List;Ljava/util/Map;Ljava/io/File;Ljava/util/Set;ZZLorg/apache/maven/project/DefaultProjectBuilder$InternalConfig;)Z+84
j  org.apache.maven.project.DefaultProjectBuilder.build(Ljava/util/List;Ljava/util/List;Ljava/util/Map;Ljava/util/List;Ljava/util/Set;ZZLorg/apache/maven/project/DefaultProjectBuilder$InternalConfig;)Z+58
j  org.apache.maven.project.DefaultProjectBuilder.build(Ljava/util/List;ZLorg/apache/maven/project/ProjectBuildingRequest;)Ljava/util/List;+71
j  org.apache.maven.graph.DefaultGraphBuilder.collectProjects(Ljava/util/List;Ljava/util/List;Lorg/apache/maven/execution/MavenExecutionRequest;)V+21
j  org.apache.maven.graph.DefaultGraphBuilder.getProjectsForMavenReactor(Lorg/apache/maven/execution/MavenSession;)Ljava/util/List;+130
j  org.apache.maven.graph.DefaultGraphBuilder.build(Lorg/apache/maven/execution/MavenSession;)Lorg/apache/maven/model/building/Result;+29
j  org.apache.maven.DefaultMaven.buildGraph(Lorg/apache/maven/execution/MavenSession;Lorg/apache/maven/execution/MavenExecutionResult;)Lorg/apache/maven/model/building/Result;+5
j  org.apache.maven.DefaultMaven.doExecute(Lorg/apache/maven/execution/MavenExecutionRequest;Lorg/apache/maven/execution/MavenSession;Lorg/apache/maven/execution/MavenExecutionResult;Lorg/eclipse/aether/DefaultRepositorySystemSession;)Lorg/apache/maven/execution/MavenExecutionResult;+75
j  org.apache.maven.DefaultMaven.doExecute(Lorg/apache/maven/execution/MavenExecutionRequest;)Lorg/apache/maven/execution/MavenExecutionResult;+99
j  org.apache.maven.DefaultMaven.execute(Lorg/apache/maven/execution/MavenExecutionRequest;)Lorg/apache/maven/execution/MavenExecutionResult;+2
j  org.apache.maven.cli.MavenCli.execute(Lorg/apache/maven/cli/CliRequest;)I+27
j  org.apache.maven.cli.MavenCli.doMain(Lorg/apache/maven/cli/CliRequest;)I+66
j  org.apache.maven.cli.MavenCli.main([Ljava/lang/String;Lorg/codehaus/plexus/classworlds/ClassWorld;)I+18
v  ~StubRoutines::call_stub
V  [libjvm.so+0x521a6d]
V  [libjvm.so+0x749c05]
V  [libjvm.so+0x520baa]
V  [libjvm.so+0x7bc195]
...<more frames>...

Java frames: (J=compiled Java code, j=interpreted, Vv=VM code)
J 563  java.lang.ClassLoader.defineClass1(Ljava/lang/String;[BIILjava/security/ProtectionDomain;Ljava/lang/String;)Ljava/lang/Class; (0 bytes) @ 0xa73d0d07 [0xa73d0c60+0xa7]
J 433 C1 java.lang.ClassLoader.defineClass(Ljava/lang/String;[BIILjava/security/ProtectionDomain;)Ljava/lang/Class; (43 bytes) @ 0xa737e214 [0xa737dd60+0x4b4]
J 363 C1 java.net.URLClassLoader.defineClass(Ljava/lang/String;Lsun/misc/Resource;)Ljava/lang/Class; (142 bytes) @ 0xa7360478 [0xa735eda0+0x16d8]
J 243 C1 java.net.URLClassLoader$1.run()Ljava/lang/Class; (63 bytes) @ 0xa730f400 [0xa730f1c0+0x240]
J 242 C1 java.net.URLClassLoader$1.run()Ljava/lang/Object; (5 bytes) @ 0xa730f9d0 [0xa730f960+0x70]
v  ~StubRoutines::call_stub
J 149  java.security.AccessController.doPrivileged(Ljava/security/PrivilegedExceptionAction;Ljava/security/AccessControlContext;)Ljava/lang/Object; (0 bytes) @ 0xa72e3a48 [0xa72e39e0+0x68]
J 1779 C2 java.net.URLClassLoader.findClass(Ljava/lang/String;)Ljava/lang/Class; (47 bytes) @ 0xa76b076c [0xa76b0700+0x6c]
J 366 C1 org.codehaus.plexus.classworlds.realm.ClassRealm.loadClassFromSelf(Ljava/lang/String;)Ljava/lang/Class; (40 bytes) @ 0xa7365240 [0xa7364f60+0x2e0]
J 324 C1 org.codehaus.plexus.classworlds.strategy.SelfFirstStrategy.loadClass(Ljava/lang/String;)Ljava/lang/Class; (50 bytes) @ 0xa733a608 [0xa733a400+0x208]
J 260 C1 org.codehaus.plexus.classworlds.realm.ClassRealm.loadClass(Ljava/lang/String;)Ljava/lang/Class; (7 bytes) @ 0xa73115bc [0xa7311400+0x1bc]
v  ~StubRoutines::call_stub
J 979  java.lang.Class.getDeclaredMethods0(Z)[Ljava/lang/reflect/Method; (0 bytes) @ 0xa74bc1a4 [0xa74bc160+0x44]
J 654 C1 java.lang.Class.privateGetDeclaredMethods(Z)[Ljava/lang/reflect/Method; (67 bytes) @ 0xa7403208 [0xa7402fc0+0x248]
j  java.lang.Class.privateGetPublicMethods()[Ljava/lang/reflect/Method;+33
j  java.lang.Class.getMethods()[Ljava/lang/reflect/Method;+10
j  org.codehaus.plexus.interpolation.reflection.ClassMap.getAccessibleMethods(Ljava/lang/Class;)[Ljava/lang/reflect/Method;+1
j  org.codehaus.plexus.interpolation.reflection.ClassMap.populateMethodCache()V+4
j  org.codehaus.plexus.interpolation.reflection.ClassMap.<init>(Ljava/lang/Class;)V+32
j  org.codehaus.plexus.interpolation.reflection.ReflectionValueExtractor.getClassMap(Ljava/lang/Class;)Lorg/codehaus/plexus/interpolation/reflection/ClassMap;+34
j  org.codehaus.plexus.interpolation.reflection.ReflectionValueExtractor.evaluate(Ljava/lang/String;Ljava/lang/Object;Z)Ljava/lang/Object;+56
j  org.codehaus.plexus.interpolation.ObjectBasedValueSource.getValue(Ljava/lang/String;)Ljava/lang/Object;+23
j  org.codehaus.plexus.interpolation.PrefixedValueSourceWrapper.getValue(Ljava/lang/String;)Ljava/lang/Object;+33
j  org.codehaus.plexus.interpolation.AbstractDelegatingValueSource.getValue(Ljava/lang/String;)Ljava/lang/Object;+5
j  org.apache.maven.model.interpolation.ProblemDetectingValueSource.getValue(Ljava/lang/String;)Ljava/lang/Object;+5
j  org.codehaus.plexus.interpolation.StringSearchInterpolator.interpolate(Ljava/lang/String;Lorg/codehaus/plexus/interpolation/RecursionInterceptor;Ljava/util/Set;)Ljava/lang/String;+355
j  org.codehaus.plexus.interpolation.StringSearchInterpolator.interpolate(Ljava/lang/String;Lorg/codehaus/plexus/interpolation/RecursionInterceptor;)Ljava/lang/String;+10
j  org.apache.maven.model.interpolation.AbstractStringBasedModelInterpolator.interpolateInternal(Ljava/lang/String;Ljava/util/List;Ljava/util/List;Lorg/apache/maven/model/building/ModelProblemCollector;)Ljava/lang/String;+117
j  org.apache.maven.model.interpolation.StringSearchModelInterpolator$InterpolateObjectAction.interpolate(Ljava/lang/String;)Ljava/lang/String;+17
j  org.apache.maven.model.interpolation.StringSearchModelInterpolator$InterpolateObjectAction.access$300(Lorg/apache/maven/model/interpolation/StringSearchModelInterpolator$InterpolateObjectAction;Ljava/lang/String;)Ljava/lang/String;+2
j  org.apache.maven.model.interpolation.StringSearchModelInterpolator$InterpolateObjectAction$StringField.doInterpolate(Ljava/lang/Object;Lorg/apache/maven/model/interpolation/StringSearchModelInterpolator$InterpolateObjectAction;)V+19
j  org.apache.maven.model.interpolation.StringSearchModelInterpolator$InterpolateObjectAction$CacheField.interpolate(Ljava/lang/Object;Lorg/apache/maven/model/interpolation/StringSearchModelInterpolator$InterpolateObjectAction;)V+27
j  org.apache.maven.model.interpolation.StringSearchModelInterpolator$InterpolateObjectAction$CacheItem.interpolate(Ljava/lang/Object;Lorg/apache/maven/model/interpolation/StringSearchModelInterpolator$InterpolateObjectAction;)V+29
j  org.apache.maven.model.interpolation.StringSearchModelInterpolator$InterpolateObjectAction.traverseObjectWithParents(Ljava/lang/Class;Ljava/lang/Object;)V+36
j  org.apache.maven.model.interpolation.StringSearchModelInterpolator$InterpolateObjectAction.run()Ljava/lang/Object;+24
v  ~StubRoutines::call_stub
J 756  java.security.AccessController.doPrivileged(Ljava/security/PrivilegedAction;)Ljava/lang/Object; (0 bytes) @ 0xa743c7f1 [0xa743c7a0+0x51]
j  org.apache.maven.model.interpolation.StringSearchModelInterpolator.interpolateObject(Ljava/lang/Object;Lorg/apache/maven/model/Model;Ljava/io/File;Lorg/apache/maven/model/building/ModelBuildingRequest;Lorg/apache/maven/model/building/ModelProblemCollector;)V+41
j  org.apache.maven.model.interpolation.StringSearchModelInterpolator.interpolateModel(Lorg/apache/maven/model/Model;Ljava/io/File;Lorg/apache/maven/model/building/ModelBuildingRequest;Lorg/apache/maven/model/building/ModelProblemCollector;)Lorg/apache/maven/model/Model;+7
j  org.apache.maven.model.building.DefaultModelBuilder.interpolateModel(Lorg/apache/maven/model/Model;Lorg/apache/maven/model/building/ModelBuildingRequest;Lorg/apache/maven/model/building/ModelProblemCollector;)Lorg/apache/maven/model/Model;+19
j  org.apache.maven.model.building.DefaultModelBuilder.build(Lorg/apache/maven/model/building/ModelBuildingRequest;)Lorg/apache/maven/model/building/ModelBuildingResult;+808
j  org.apache.maven.project.DefaultProjectBuilder.build(Ljava/util/List;Ljava/util/List;Ljava/util/Map;Ljava/io/File;Ljava/util/Set;ZZLorg/apache/maven/project/DefaultProjectBuilder$InternalConfig;)Z+84
j  org.apache.maven.project.DefaultProjectBuilder.build(Ljava/util/List;Ljava/util/List;Ljava/util/Map;Ljava/util/List;Ljava/util/Set;ZZLorg/apache/maven/project/DefaultProjectBuilder$InternalConfig;)Z+58
j  org.apache.maven.project.DefaultProjectBuilder.build(Ljava/util/List;ZLorg/apache/maven/project/ProjectBuildingRequest;)Ljava/util/List;+71
j  org.apache.maven.graph.DefaultGraphBuilder.collectProjects(Ljava/util/List;Ljava/util/List;Lorg/apache/maven/execution/MavenExecutionRequest;)V+21
j  org.apache.maven.graph.DefaultGraphBuilder.getProjectsForMavenReactor(Lorg/apache/maven/execution/MavenSession;)Ljava/util/List;+130
j  org.apache.maven.graph.DefaultGraphBuilder.build(Lorg/apache/maven/execution/MavenSession;)Lorg/apache/maven/model/building/Result;+29
j  org.apache.maven.DefaultMaven.buildGraph(Lorg/apache/maven/execution/MavenSession;Lorg/apache/maven/execution/MavenExecutionResult;)Lorg/apache/maven/model/building/Result;+5
j  org.apache.maven.DefaultMaven.doExecute(Lorg/apache/maven/execution/MavenExecutionRequest;Lorg/apache/maven/execution/MavenSession;Lorg/apache/maven/execution/MavenExecutionResult;Lorg/eclipse/aether/DefaultRepositorySystemSession;)Lorg/apache/maven/execution/MavenExecutionResult;+75
j  org.apache.maven.DefaultMaven.doExecute(Lorg/apache/maven/execution/MavenExecutionRequest;)Lorg/apache/maven/execution/MavenExecutionResult;+99
j  org.apache.maven.DefaultMaven.execute(Lorg/apache/maven/execution/MavenExecutionRequest;)Lorg/apache/maven/execution/MavenExecutionResult;+2
j  org.apache.maven.cli.MavenCli.execute(Lorg/apache/maven/cli/CliRequest;)I+27
j  org.apache.maven.cli.MavenCli.doMain(Lorg/apache/maven/cli/CliRequest;)I+66
j  org.apache.maven.cli.MavenCli.main([Ljava/lang/String;Lorg/codehaus/plexus/classworlds/ClassWorld;)I+18
v  ~StubRoutines::call_stub
j  sun.reflect.NativeMethodAccessorImpl.invoke0(Ljava/lang/reflect/Method;Ljava/lang/Object;[Ljava/lang/Object;)Ljava/lang/Object;+0
j  sun.reflect.NativeMethodAccessorImpl.invoke(Ljava/lang/Object;[Ljava/lang/Object;)Ljava/lang/Object;+100
j  sun.reflect.DelegatingMethodAccessorImpl.invoke(Ljava/lang/Object;[Ljava/lang/Object;)Ljava/lang/Object;+6
j  java.lang.reflect.Method.invoke(Ljava/lang/Object;[Ljava/lang/Object;)Ljava/lang/Object;+56
j  org.codehaus.plexus.classworlds.launcher.Launcher.launchEnhanced([Ljava/lang/String;)V+45
j  org.codehaus.plexus.classworlds.launcher.Launcher.launch([Ljava/lang/String;)V+2
j  org.codehaus.plexus.classworlds.launcher.Launcher.mainWithExitCode([Ljava/lang/String;)I+101
j  org.codehaus.plexus.classworlds.launcher.Launcher.main([Ljava/lang/String;)V+1
v  ~StubRoutines::call_stub

---------------  P R O C E S S  ---------------

Java Threads: ( => current thread )
  0x637aa000 JavaThread "Service Thread" daemon [_thread_blocked, id=3105, stack(0x630db000,0x6312c000)]
  0x637a6c00 JavaThread "C1 CompilerThread2" daemon [_thread_blocked, id=3103, stack(0x6312c000,0x631ad000)]
  0x637a5800 JavaThread "C2 CompilerThread1" daemon [_thread_in_native, id=3102, stack(0x631ad000,0x6322e000)]
  0x637a3800 JavaThread "C2 CompilerThread0" daemon [_thread_blocked, id=3099, stack(0x6322e000,0x632af000)]
  0x637a2000 JavaThread "Signal Dispatcher" daemon [_thread_blocked, id=3094, stack(0x632af000,0x63300000)]
  0x63788000 JavaThread "Finalizer" daemon [_thread_blocked, id=3092, stack(0x63814000,0x63865000)]
  0x63785400 JavaThread "Reference Handler" daemon [_thread_blocked, id=3091, stack(0x6642e000,0x6647f000)]
=>0xb6208400 JavaThread "main" [_thread_in_vm, id=3074, stack(0xb63b7000,0xb6408000)]

Other Threads:
  0x63780c00 VMThread [stack: 0x63865000,0x638e6000] [id=3087]
  0x637abc00 WatcherThread [stack: 0x6305a000,0x630db000] [id=3106]

VM state:not at safepoint (normal execution)

VM Mutex/Monitor currently owned by a thread: None

Heap:
 PSYoungGen      total 38144K, used 4485K [0x918c0000, 0x942c0000, 0xa6e00000)
  eden space 33280K, 2% used [0x918c0000,0x91966b50,0x93940000)
  from space 4864K, 78% used [0x93e00000,0x941baba8,0x942c0000)
  to   space 4864K, 0% used [0x93940000,0x93940000,0x93e00000)
 ParOldGen       total 43776K, used 5508K [0x66e00000, 0x698c0000, 0x918c0000)
  object space 43776K, 12% used [0x66e00000,0x673610a8,0x698c0000)
 Metaspace       used 10004K, capacity 10075K, committed 10136K, reserved 10544K

Card table byte_map: [0x66bff000,0x66e00000] byte_map_base: 0x668c8000

Marking Bits: (ParMarkBitMap*) 0xb71328a0
 Begin Bits: [0x64300000, 0x65300000)
 End Bits:   [0x65300000, 0x66300000)

Polling page: 0xb773f000

CodeCache: size=245760Kb used=4882Kb max_used=4895Kb free=240877Kb
 bounds [0xa7200000, 0xa76d0000, 0xb6200000]
 total_blobs=1993 nmethods=1814 adapters=92
 compilation: enabled

Compilation events (10 events):
Event: 3.820 Thread 0x637a6c00 1815       3       com.google.common.base.Preconditions::checkElementIndex (8 bytes)
Event: 3.821 Thread 0x637a6c00 nmethod 1815 0xa76b4c88 code [0xa76b4dc0, 0xa76b4fd8]
Event: 3.825 Thread 0x637a6c00 1816       3       java.util.HashMap::<init> (8 bytes)
Event: 3.825 Thread 0x637a6c00 nmethod 1816 0xa76b49c8 code [0xa76b4b00, 0xa76b4bec]
Event: 3.836 Thread 0x637a6c00 1817       3       java.util.Calendar::internalSet (8 bytes)
Event: 3.836 Thread 0x637a6c00 nmethod 1817 0xa76b46c8 code [0xa76b47e0, 0xa76b48e0]
Event: 3.878 Thread 0x637a6c00 1818       3       sun.reflect.ReflectionFactory::checkInitted (19 bytes)
Event: 3.879 Thread 0x637a6c00 nmethod 1818 0xa76b42c8 code [0xa76b4400, 0xa76b45cc]
Event: 3.884 Thread 0x637a3800 1819   !   4       java.util.WeakHashMap::expungeStaleEntries (139 bytes)
Event: 3.906 Thread 0x637a3800 nmethod 1819 0xa76ca2c8 code [0xa76ca460, 0xa76cac24]

GC Heap History (10 events):
Event: 1.221 GC heap before
{Heap before GC invocations=2 (full 0):
 PSYoungGen      total 19200K, used 19192K [0x918c0000, 0x92e00000, 0xa6e00000)
  eden space 16640K, 100% used [0x918c0000,0x92900000,0x92900000)
  from space 2560K, 99% used [0x92900000,0x92b7e258,0x92b80000)
  to   space 2560K, 0% used [0x92b80000,0x92b80000,0x92e00000)
 ParOldGen       total 43776K, used 850K [0x66e00000, 0x698c0000, 0x918c0000)
  object space 43776K, 1% used [0x66e00000,0x66ed4b48,0x698c0000)
 Metaspace       used 5302K, capacity 5386K, committed 5400K, reserved 5424K
Event: 1.225 GC heap after
Heap after GC invocations=2 (full 0):
 PSYoungGen      total 19200K, used 2558K [0x918c0000, 0x92e00000, 0xa6e00000)
  eden space 16640K, 0% used [0x918c0000,0x918c0000,0x92900000)
  from space 2560K, 99% used [0x92b80000,0x92dff9a0,0x92e00000)
  to   space 2560K, 0% used [0x92900000,0x92900000,0x92b80000)
 ParOldGen       total 43776K, used 913K [0x66e00000, 0x698c0000, 0x918c0000)
  object space 43776K, 2% used [0x66e00000,0x66ee4470,0x698c0000)
 Metaspace       used 5302K, capacity 5386K, committed 5400K, reserved 5424K
}
Event: 1.611 GC heap before
{Heap before GC invocations=3 (full 0):
 PSYoungGen      total 19200K, used 19198K [0x918c0000, 0x92e00000, 0xa6e00000)
  eden space 16640K, 100% used [0x918c0000,0x92900000,0x92900000)
  from space 2560K, 99% used [0x92b80000,0x92dff9a0,0x92e00000)
  to   space 2560K, 0% used [0x92900000,0x92900000,0x92b80000)
 ParOldGen       total 43776K, used 913K [0x66e00000, 0x698c0000, 0x918c0000)
  object space 43776K, 2% used [0x66e00000,0x66ee4470,0x698c0000)
 Metaspace       used 6654K, capacity 6711K, committed 6808K, reserved 7472K
Event: 1.616 GC heap after
Heap after GC invocations=3 (full 0):
 PSYoungGen      total 19200K, used 2547K [0x918c0000, 0x92e00000, 0xa6e00000)
  eden space 16640K, 0% used [0x918c0000,0x918c0000,0x92900000)
  from space 2560K, 99% used [0x92900000,0x92b7ce50,0x92b80000)
  to   space 2560K, 0% used [0x92b80000,0x92b80000,0x92e00000)
 ParOldGen       total 43776K, used 2371K [0x66e00000, 0x698c0000, 0x918c0000)
  object space 43776K, 5% used [0x66e00000,0x67050fa0,0x698c0000)
 Metaspace       used 6654K, capacity 6711K, committed 6808K, reserved 7472K
}
Event: 2.081 GC heap before
{Heap before GC invocations=4 (full 0):
 PSYoungGen      total 19200K, used 19187K [0x918c0000, 0x92e00000, 0xa6e00000)
  eden space 16640K, 100% used [0x918c0000,0x92900000,0x92900000)
  from space 2560K, 99% used [0x92900000,0x92b7ce50,0x92b80000)
  to   space 2560K, 0% used [0x92b80000,0x92b80000,0x92e00000)
 ParOldGen       total 43776K, used 2371K [0x66e00000, 0x698c0000, 0x918c0000)
  object space 43776K, 5% used [0x66e00000,0x67050fa0,0x698c0000)
 Metaspace       used 8082K, capacity 8156K, committed 8216K, reserved 8496K
Event: 2.096 GC heap after
Heap after GC invocations=4 (full 0):
 PSYoungGen      total 19200K, used 2544K [0x918c0000, 0x93e40000, 0xa6e00000)
  eden space 16640K, 0% used [0x918c0000,0x918c0000,0x92900000)
  from space 2560K, 99% used [0x92b80000,0x92dfc070,0x92e00000)
  to   space 2560K, 0% used [0x92900000,0x92900000,0x92b80000)
 ParOldGen       total 43776K, used 4425K [0x66e00000, 0x698c0000, 0x918c0000)
  object space 43776K, 10% used [0x66e00000,0x67252630,0x698c0000)
 Metaspace       used 8082K, capacity 8156K, committed 8216K, reserved 8496K
}
Event: 3.026 GC heap before
{Heap before GC invocations=5 (full 0):
 PSYoungGen      total 19200K, used 19184K [0x918c0000, 0x93e40000, 0xa6e00000)
  eden space 16640K, 100% used [0x918c0000,0x92900000,0x92900000)
  from space 2560K, 99% used [0x92b80000,0x92dfc070,0x92e00000)
  to   space 2560K, 0% used [0x92900000,0x92900000,0x92b80000)
 ParOldGen       total 43776K, used 4425K [0x66e00000, 0x698c0000, 0x918c0000)
  object space 43776K, 10% used [0x66e00000,0x67252630,0x698c0000)
 Metaspace       used 8829K, capacity 8899K, committed 8984K, reserved 9520K
Event: 3.045 GC heap after
Heap after GC invocations=5 (full 0):
 PSYoungGen      total 19200K, used 2546K [0x918c0000, 0x942c0000, 0xa6e00000)
  eden space 16640K, 0% used [0x918c0000,0x918c0000,0x92900000)
  from space 2560K, 99% used [0x92900000,0x92b7c860,0x92b80000)
  to   space 4864K, 0% used [0x93e00000,0x93e00000,0x942c0000)
 ParOldGen       total 43776K, used 5500K [0x66e00000, 0x698c0000, 0x918c0000)
  object space 43776K, 12% used [0x66e00000,0x6735f0a8,0x698c0000)
 Metaspace       used 8829K, capacity 8899K, committed 8984K, reserved 9520K
}
Event: 3.856 GC heap before
{Heap before GC invocations=6 (full 0):
 PSYoungGen      total 19200K, used 19186K [0x918c0000, 0x942c0000, 0xa6e00000)
  eden space 16640K, 100% used [0x918c0000,0x92900000,0x92900000)
  from space 2560K, 99% used [0x92900000,0x92b7c860,0x92b80000)
  to   space 4864K, 0% used [0x93e00000,0x93e00000,0x942c0000)
 ParOldGen       total 43776K, used 5500K [0x66e00000, 0x698c0000, 0x918c0000)
  object space 43776K, 12% used [0x66e00000,0x6735f0a8,0x698c0000)
 Metaspace       used 9965K, capacity 10043K, committed 10136K, reserved 10544K
Event: 3.875 GC heap after
Heap after GC invocations=6 (full 0):
 PSYoungGen      total 38144K, used 3818K [0x918c0000, 0x942c0000, 0xa6e00000)
  eden space 33280K, 0% used [0x918c0000,0x918c0000,0x93940000)
  from space 4864K, 78% used [0x93e00000,0x941baba8,0x942c0000)
  to   space 4864K, 0% used [0x93940000,0x93940000,0x93e00000)
 ParOldGen       total 43776K, used 5508K [0x66e00000, 0x698c0000, 0x918c0000)
  object space 43776K, 12% used [0x66e00000,0x673610a8,0x698c0000)
 Metaspace       used 9965K, capacity 10043K, committed 10136K, reserved 10544K
}

Deoptimization events (10 events):
Event: 2.501 Thread 0xb6208400 Uncommon trap: reason=unstable_if action=reinterpret pc=0xa7571c10 method=com.google.inject.internal.asm.$Type.a(Ljava/lang/StringBuffer;Ljava/lang/Class;)V @ 127
Event: 2.627 Thread 0xb6208400 Uncommon trap: reason=unstable_if action=reinterpret pc=0xa7469f20 method=java.util.concurrent.ConcurrentHashMap.putVal(Ljava/lang/Object;Ljava/lang/Object;Z)Ljava/lang/Object; @ 206
Event: 3.095 Thread 0xb6208400 Uncommon trap: reason=unstable_if action=reinterpret pc=0xa7538b20 method=com.google.inject.internal.asm.$Item.a(Lcom/google/inject/internal/asm/$Item;)Z @ 345
Event: 3.331 Thread 0xb6208400 Uncommon trap: reason=unstable_if action=reinterpret pc=0xa759a748 method=com.google.inject.internal.asm.$Frame.a(IILcom/google/inject/internal/asm/$ClassWriter;Lcom/google/inject/internal/asm/$Item;)V @ 2207
Event: 3.332 Thread 0xb6208400 Uncommon trap: reason=bimorphic action=maybe_recompile pc=0xa75120ec method=java.lang.ClassLoader.loadClass(Ljava/lang/String;Z)Ljava/lang/Class; @ 38
Event: 3.332 Thread 0xb6208400 Uncommon trap: reason=bimorphic action=maybe_recompile pc=0xa75120ec method=java.lang.ClassLoader.loadClass(Ljava/lang/String;Z)Ljava/lang/Class; @ 38
Event: 3.332 Thread 0xb6208400 Uncommon trap: reason=bimorphic action=maybe_recompile pc=0xa75120ec method=java.lang.ClassLoader.loadClass(Ljava/lang/String;Z)Ljava/lang/Class; @ 38
Event: 3.332 Thread 0xb6208400 Uncommon trap: reason=bimorphic action=maybe_recompile pc=0xa75120ec method=java.lang.ClassLoader.loadClass(Ljava/lang/String;Z)Ljava/lang/Class; @ 38
Event: 3.551 Thread 0xb6208400 Uncommon trap: reason=unstable_if action=reinterpret pc=0xa73d79e4 method=org.codehaus.plexus.util.xml.pull.MXParser.nextImpl()I @ 269
Event: 3.610 Thread 0xb6208400 Uncommon trap: reason=unstable_if action=reinterpret pc=0xa76a5c6c method=java.util.regex.Pattern$Slice.match(Ljava/util/regex/Matcher;ILjava/lang/CharSequence;)Z @ 29

Classes redefined (0 events):
No events

Internal exceptions (10 events):
Event: 1.065 Thread 0xb6208400 Exception <a 'java/lang/ArrayIndexOutOfBoundsException': 131> (0x92515780) thrown at [/build/openjdk-8-2Hm3Za/openjdk-8-8u162-b12/src/hotspot/src/share/vm/interpreter/interpreterRuntime.cpp, line 366]
Event: 2.693 Thread 0xb6208400 Exception <a 'java/lang/NoClassDefFoundError': com/google/inject/servlet/ServletModuleTargetVisitor> (0x922ddf20) thrown at [/build/openjdk-8-2Hm3Za/openjdk-8-8u162-b12/src/hotspot/src/share/vm/classfile/systemDictionary.cpp, line 199]
Event: 2.693 Thread 0xb6208400 Exception <a 'java/lang/NoClassDefFoundError'> (0x922ddf20) thrown at [/build/openjdk-8-2Hm3Za/openjdk-8-8u162-b12/src/hotspot/src/share/vm/prims/jvm.cpp, line 1394]
Event: 2.693 Thread 0xb6208400 Exception <a 'java/lang/NoClassDefFoundError': javax/annotation/Priority> (0x922e2f28) thrown at [/build/openjdk-8-2Hm3Za/openjdk-8-8u162-b12/src/hotspot/src/share/vm/classfile/systemDictionary.cpp, line 199]
Event: 3.674 Thread 0xb6208400 Exception <a 'java/lang/NullPointerException'> (0x925a5328) thrown at [/build/openjdk-8-2Hm3Za/openjdk-8-8u162-b12/src/hotspot/src/share/vm/interpreter/linkResolver.cpp, line 1185]
Event: 3.674 Thread 0xb6208400 Exception <a 'java/lang/NullPointerException'> (0x925a5538) thrown at [/build/openjdk-8-2Hm3Za/openjdk-8-8u162-b12/src/hotspot/src/share/vm/interpreter/linkResolver.cpp, line 1185]
Event: 3.674 Thread 0xb6208400 Exception <a 'java/lang/NullPointerException'> (0x925a5748) thrown at [/build/openjdk-8-2Hm3Za/openjdk-8-8u162-b12/src/hotspot/src/share/vm/interpreter/linkResolver.cpp, line 1185]
Event: 3.676 Thread 0xb6208400 Exception <a 'java/lang/NullPointerException'> (0x925adf20) thrown at [/build/openjdk-8-2Hm3Za/openjdk-8-8u162-b12/src/hotspot/src/share/vm/interpreter/linkResolver.cpp, line 1185]
Event: 3.676 Thread 0xb6208400 Exception <a 'java/lang/NullPointerException'> (0x925ae130) thrown at [/build/openjdk-8-2Hm3Za/openjdk-8-8u162-b12/src/hotspot/src/share/vm/interpreter/linkResolver.cpp, line 1185]
Event: 3.676 Thread 0xb6208400 Exception <a 'java/lang/NullPointerException'> (0x925ae340) thrown at [/build/openjdk-8-2Hm3Za/openjdk-8-8u162-b12/src/hotspot/src/share/vm/interpreter/linkResolver.cpp, line 1185]

Events (10 events):
Event: 3.901 loading class org/codehaus/plexus/interpolation/reflection/MethodMap$AmbiguousException
Event: 3.901 loading class org/codehaus/plexus/interpolation/reflection/MethodMap$AmbiguousException done
Event: 3.902 loading class org/codehaus/plexus/interpolation/reflection/ClassMap$CacheMiss
Event: 3.902 loading class org/codehaus/plexus/interpolation/reflection/ClassMap$CacheMiss done
Event: 3.902 loading class org/codehaus/plexus/interpolation/reflection/MethodMap
Event: 3.902 loading class org/codehaus/plexus/interpolation/reflection/MethodMap done
Event: 3.906 loading class org/apache/maven/model/MailingList
Event: 3.906 loading class org/apache/maven/model/MailingList done
Event: 3.907 loading class org/apache/maven/model/License
Event: 3.907 loading class org/apache/maven/model/License done


Dynamic libraries:
08048000-08049000 r-xp 00000000 08:01 1693449    /usr/lib/jvm/java-8-openjdk-i386/jre/bin/java
08049000-0804a000 r--p 00000000 08:01 1693449    /usr/lib/jvm/java-8-openjdk-i386/jre/bin/java
0804a000-0804b000 rw-p 00001000 08:01 1693449    /usr/lib/jvm/java-8-openjdk-i386/jre/bin/java
0913e000-0915f000 rw-p 00000000 00:00 0          [heap]
61d00000-61df1000 rw-p 00000000 00:00 0 
61df1000-61e00000 ---p 00000000 00:00 0 
61e00000-61e8c000 rw-p 00000000 00:00 0 
61e8c000-61f00000 ---p 00000000 00:00 0 
61f00000-62000000 rw-p 00000000 00:00 0 
62000000-620a0000 rw-p 00000000 00:00 0 
620c0000-62100000 ---p 00000000 00:00 0 
62100000-6219a000 rw-p 00000000 00:00 0 
6219a000-62200000 ---p 00000000 00:00 0 
62200000-62300000 rw-p 00000000 00:00 0 
62300000-62400000 rw-p 00000000 00:00 0 
62400000-624f3000 rw-p 00000000 00:00 0 
624f3000-62500000 ---p 00000000 00:00 0 
62500000-62600000 rw-p 00000000 00:00 0 
62600000-62700000 rw-p 00000000 00:00 0 
62700000-62800000 rw-p 00000000 00:00 0 
62800000-628f9000 rw-p 00000000 00:00 0 
628f9000-62900000 ---p 00000000 00:00 0 
62900000-62a00000 rw-p 00000000 00:00 0 
62a00000-62b00000 rw-p 00000000 00:00 0 
62b00000-62bfd000 rw-p 00000000 00:00 0 
62bfd000-62c00000 ---p 00000000 00:00 0 
62c00000-62d00000 rw-p 00000000 00:00 0 
62d00000-62f00000 rw-p 00000000 00:00 0 
62f00000-63000000 rw-p 00000000 00:00 0 
63030000-63035000 r--s 0009d000 08:01 1692599    /usr/lib/jvm/java-8-openjdk-i386/jre/lib/jsse.jar
63035000-63042000 r--s 0008d000 08:01 1149531    /usr/share/java/maven3-core-3.3.9.jar
63042000-63045000 r--s 00007000 08:01 1149537    /usr/share/java/maven3-settings-builder-3.3.9.jar
63045000-63047000 r--s 0000d000 08:01 1149536    /usr/share/java/maven3-aether-provider-3.3.9.jar
63047000-6304e000 r--s 0002c000 08:01 1149509    /usr/share/java/sisu-plexus.jar
6304e000-63052000 r--s 00027000 08:01 1145546    /usr/share/java/commons-io-2.4.jar
63052000-6305a000 r--s 00054000 08:01 1149507    /usr/share/java/sisu-inject.jar
6305a000-6305b000 ---p 00000000 00:00 0 
6305b000-630db000 rw-p 00000000 00:00 0 
630db000-630de000 ---p 00000000 00:00 0 
630de000-6312c000 rw-p 00000000 00:00 0 
6312c000-6312f000 ---p 00000000 00:00 0 
6312f000-631ad000 rw-p 00000000 00:00 0 
631ad000-631b0000 ---p 00000000 00:00 0 
631b0000-6322e000 rw-p 00000000 00:00 0 
6322e000-63231000 ---p 00000000 00:00 0 
63231000-632af000 rw-p 00000000 00:00 0 
632af000-632b2000 ---p 00000000 00:00 0 
632b2000-63300000 rw-p 00000000 00:00 0 
63300000-63500000 r--p 00000000 08:01 1110568    /usr/lib/locale/locale-archive
63500000-635fa000 rw-p 00000000 00:00 0 
635fa000-63600000 ---p 00000000 00:00 0 
63600000-63621000 rw-p 00000000 00:00 0 
63621000-63700000 ---p 00000000 00:00 0 
63700000-637fb000 rw-p 00000000 00:00 0 
637fb000-63800000 ---p 00000000 00:00 0 
63800000-63801000 r--s 00001000 08:01 1149511    /usr/share/java/wagon-file-2.x.jar
63801000-63808000 r--s 0005d000 08:01 1149254    /usr/share/java/commons-lang3.jar
63808000-63809000 r--s 00004000 08:01 1145398    /usr/share/java/atinject-jsr330-tck-1.0.jar
63809000-6380b000 r--s 0000e000 08:01 1149271    /usr/share/java/plexus-interpolation.jar
6380b000-6380d000 r--s 00006000 08:01 1149372    /usr/share/java/eclipse-aether-spi.jar
6380d000-6380e000 r--s 00008000 08:01 1149370    /usr/share/java/eclipse-aether-connector-basic.jar
6380e000-63812000 r--s 00027000 08:01 1149367    /usr/share/java/eclipse-aether-impl.jar
63812000-63814000 r--s 00005000 08:01 1149373    /usr/share/java/eclipse-aether-transport-wagon.jar
63814000-63817000 ---p 00000000 00:00 0 
63817000-63865000 rw-p 00000000 00:00 0 
63865000-63866000 ---p 00000000 00:00 0 
63866000-638e6000 rw-p 00000000 00:00 0 
638e6000-63ab4000 r--s 03c2c000 08:01 1692598    /usr/lib/jvm/java-8-openjdk-i386/jre/lib/rt.jar
63ab4000-63efa000 rw-p 00000000 00:00 0 
63efa000-63f00000 ---p 00000000 00:00 0 
63f00000-66300000 rw-p 00000000 00:00 0 
66300000-663fa000 rw-p 00000000 00:00 0 
663fa000-66400000 ---p 00000000 00:00 0 
66400000-66402000 r--s 00001000 08:01 1149403    /usr/share/java/aopalliance-1.0.jar
66402000-6642e000 r--s 00208000 08:01 1148516    /usr/share/java/guava.jar
6642e000-66431000 ---p 00000000 00:00 0 
66431000-6647f000 rw-p 00000000 00:00 0 
6647f000-66480000 ---p 00000000 00:00 0 
66480000-66500000 rw-p 00000000 00:00 0 
66500000-66600000 rw-p 00000000 00:00 0 
66600000-66631000 r--s 00207000 08:01 1149515    /usr/share/java/wagon-http-shaded-2.x.jar
66631000-6667f000 rw-p 00000000 00:00 0 
6667f000-66680000 ---p 00000000 00:00 0 
66680000-66700000 rw-p 00000000 00:00 0 
66700000-66721000 rw-p 00000000 00:00 0 
66721000-66800000 ---p 00000000 00:00 0 
66800000-66802000 r--s 00001000 08:01 1149538    /usr/share/java/maven3-builder-support-3.3.9.jar
66802000-66807000 r--s 0001d000 08:01 1149374    /usr/share/java/eclipse-aether-api.jar
66807000-66809000 r--s 00002000 08:01 1149449    /usr/share/java/plexus-cipher.jar
66809000-6680a000 r--s 00002000 08:01 1149066    /usr/share/java/slf4j-simple.jar
6680a000-6680c000 r--s 00013000 08:01 1149534    /usr/share/java/maven3-embedder-3.3.9.jar
6680c000-6680e000 r--s 00027000 08:01 1149535    /usr/share/java/maven3-model-3.3.9.jar
6680e000-66810000 r--s 0000a000 08:01 1147016    /usr/share/java/commons-cli-1.3.1.jar
66810000-66812000 r--s 0000a000 08:01 1149512    /usr/share/java/wagon-provider-api-2.x.jar
66812000-66815000 r--s 0000a000 08:01 1149539    /usr/share/java/maven3-artifact-3.3.9.jar
66815000-66819000 r--s 00020000 08:01 1149392    /usr/share/java/eclipse-aether-util.jar
66819000-6681a000 r--s 00006000 08:01 1149532    /usr/share/java/maven3-repository-metadata-3.3.9.jar
6681a000-6681c000 r--s 00007000 08:01 1149069    /usr/share/java/slf4j-api.jar
6681c000-6681d000 r--s 0000a000 08:01 1149528    /usr/share/java/maven3-settings-3.3.9.jar
6681d000-6681e000 r--s 00001000 08:01 1149518    /usr/share/java/wagon-http-shared-2.x.jar
6681e000-66824000 r--s 00048000 08:01 1149288    /usr/share/java/jsoup.jar
66824000-6687f000 rw-p 00000000 00:00 0 
6687f000-66880000 ---p 00000000 00:00 0 
66880000-66900000 rw-p 00000000 00:00 0 
66900000-66921000 rw-p 00000000 00:00 0 
66921000-66a00000 ---p 00000000 00:00 0 
66a00000-66a01000 r--s 00006000 08:01 1149451    /usr/share/java/plexus-sec-dispatcher.jar
66a01000-66a05000 r--s 00038000 08:01 1149495    /usr/share/java/plexus-utils2.jar
66a05000-66a07000 r--s 0000a000 08:01 1149529    /usr/share/java/maven3-plugin-api-3.3.9.jar
66a07000-66a0c000 r--s 00025000 08:01 1149533    /usr/share/java/maven3-model-builder-3.3.9.jar
66a0c000-66a11000 r--s 00040000 08:01 1145678    /usr/share/java/commons-lang-2.6.jar
66a11000-66a13000 r--s 00000000 08:01 1149499    /usr/share/java/plexus-component-annotations-1.5.jar
66a13000-66a1a000 r--s 00041000 08:01 1149530    /usr/share/java/maven3-compat-3.3.9.jar
66a1a000-66a28000 r--s 00095000 08:01 1149408    /usr/share/java/guice.jar
66a28000-66a29000 ---p 00000000 00:00 0 
66a29000-66abf000 rw-p 00000000 00:00 0 
66abf000-66bff000 ---p 00000000 00:00 0 
66bff000-66c15000 rw-p 00000000 00:00 0 
66c15000-66d54000 ---p 00000000 00:00 0 
66d54000-66d6a000 rw-p 00000000 00:00 0 
66d6a000-66dff000 ---p 00000000 00:00 0 
66dff000-698c0000 rw-p 00000000 00:00 0 
698c0000-918c0000 ---p 00000000 00:00 0 
918c0000-942c0000 rw-p 00000000 00:00 0 
942c0000-a6e00000 ---p 00000000 00:00 0 
a6e00000-a6e01000 r--s 00000000 08:01 1149240    /usr/share/java/geronimo-interceptor-3.0-spec-1.0.1.jar
a6e01000-a6e03000 r--s 00012000 08:01 1144777    /usr/share/java/el-api-3.0.jar
a6e03000-a6e06000 r--s 00008000 08:01 1149246    /usr/share/java/cdi-api-1.0.jar
a6e06000-a6e08000 r--s 0000a000 08:01 1149493    /usr/share/java/plexus-classworlds2-2.5.2.jar
a6e08000-a6e0a000 r--s 00008000 08:01 1692578    /usr/lib/jvm/java-8-openjdk-i386/jre/lib/ext/sunec.jar
a6e0a000-a6e25000 r--s 00394000 08:01 1692580    /usr/lib/jvm/java-8-openjdk-i386/jre/lib/ext/cldrdata.jar
a6e25000-a6e40000 r--s 001d6000 08:01 1692582    /usr/lib/jvm/java-8-openjdk-i386/jre/lib/ext/nashorn.jar
a6e40000-a6e54000 rw-p 00000000 00:00 0 
a6e54000-a7200000 ---p 00000000 00:00 0 
a7200000-a76d0000 rwxp 00000000 00:00 0 
a76d0000-b6200000 ---p 00000000 00:00 0 
b6200000-b62fc000 rw-p 00000000 00:00 0 
b62fc000-b6300000 ---p 00000000 00:00 0 
b6300000-b6305000 r--s 0003b000 08:01 1692576    /usr/lib/jvm/java-8-openjdk-i386/jre/lib/ext/sunjce_provider.jar
b6305000-b630f000 r--s 00116000 08:01 1692574    /usr/lib/jvm/java-8-openjdk-i386/jre/lib/ext/localedata.jar
b630f000-b6327000 rw-p 00000000 00:00 0 
b6327000-b6332000 r-xp 00000000 08:01 3402889    /lib/i386-linux-gnu/libnss_files-2.23.so
b6332000-b6333000 r--p 0000a000 08:01 3402889    /lib/i386-linux-gnu/libnss_files-2.23.so
b6333000-b6334000 rw-p 0000b000 08:01 3402889    /lib/i386-linux-gnu/libnss_files-2.23.so
b6334000-b633a000 rw-p 00000000 00:00 0 
b633a000-b6345000 r-xp 00000000 08:01 3402895    /lib/i386-linux-gnu/libnss_nis-2.23.so
b6345000-b6346000 r--p 0000a000 08:01 3402895    /lib/i386-linux-gnu/libnss_nis-2.23.so
b6346000-b6347000 rw-p 0000b000 08:01 3402895    /lib/i386-linux-gnu/libnss_nis-2.23.so
b6347000-b635e000 r-xp 00000000 08:01 3402652    /lib/i386-linux-gnu/libnsl-2.23.so
b635e000-b635f000 r--p 00016000 08:01 3402652    /lib/i386-linux-gnu/libnsl-2.23.so
b635f000-b6360000 rw-p 00017000 08:01 3402652    /lib/i386-linux-gnu/libnsl-2.23.so
b6360000-b6362000 rw-p 00000000 00:00 0 
b6362000-b636a000 r-xp 00000000 08:01 3402720    /lib/i386-linux-gnu/libnss_compat-2.23.so
b636a000-b636b000 r--p 00007000 08:01 3402720    /lib/i386-linux-gnu/libnss_compat-2.23.so
b636b000-b636c000 rw-p 00008000 08:01 3402720    /lib/i386-linux-gnu/libnss_compat-2.23.so
b636c000-b636d000 r--s 00000000 08:01 1145399    /usr/share/java/atinject-jsr330-api-1.0.jar
b636d000-b636f000 r--s 00001000 08:01 1692579    /usr/lib/jvm/java-8-openjdk-i386/jre/lib/ext/dnsns.jar
b636f000-b6372000 r--s 0000f000 08:01 1692575    /usr/lib/jvm/java-8-openjdk-i386/jre/lib/ext/icedtea-sound.jar
b6372000-b637a000 r-xp 00000000 08:01 1693413    /usr/lib/jvm/java-8-openjdk-i386/jre/lib/i386/libzip.so
b637a000-b637b000 r--p 00007000 08:01 1693413    /usr/lib/jvm/java-8-openjdk-i386/jre/lib/i386/libzip.so
b637b000-b637c000 rw-p 00008000 08:01 1693413    /usr/lib/jvm/java-8-openjdk-i386/jre/lib/i386/libzip.so
b637c000-b6384000 rw-s 00000000 08:01 2576626    /tmp/hsperfdata_sarnobat/3016
b6384000-b63ac000 r-xp 00000000 08:01 1693416    /usr/lib/jvm/java-8-openjdk-i386/jre/lib/i386/libjava.so
b63ac000-b63ad000 r--p 00027000 08:01 1693416    /usr/lib/jvm/java-8-openjdk-i386/jre/lib/i386/libjava.so
b63ad000-b63ae000 rw-p 00028000 08:01 1693416    /usr/lib/jvm/java-8-openjdk-i386/jre/lib/i386/libjava.so
b63ae000-b63b5000 r-xp 00000000 08:01 3402905    /lib/i386-linux-gnu/librt-2.23.so
b63b5000-b63b6000 r--p 00006000 08:01 3402905    /lib/i386-linux-gnu/librt-2.23.so
b63b6000-b63b7000 rw-p 00007000 08:01 3402905    /lib/i386-linux-gnu/librt-2.23.so
b63b7000-b63ba000 ---p 00000000 00:00 0 
b63ba000-b6408000 rw-p 00000000 00:00 0 
b6408000-b6424000 r-xp 00000000 08:01 3402590    /lib/i386-linux-gnu/libgcc_s.so.1
b6424000-b6425000 rw-p 0001b000 08:01 3402590    /lib/i386-linux-gnu/libgcc_s.so.1
b6425000-b6478000 r-xp 00000000 08:01 3402651    /lib/i386-linux-gnu/libm-2.23.so
b6478000-b6479000 r--p 00052000 08:01 3402651    /lib/i386-linux-gnu/libm-2.23.so
b6479000-b647a000 rw-p 00053000 08:01 3402651    /lib/i386-linux-gnu/libm-2.23.so
b647a000-b65e7000 r-xp 00000000 08:01 1104849    /usr/lib/i386-linux-gnu/libstdc++.so.6.0.21
b65e7000-b65e8000 ---p 0016d000 08:01 1104849    /usr/lib/i386-linux-gnu/libstdc++.so.6.0.21
b65e8000-b65ed000 r--p 0016d000 08:01 1104849    /usr/lib/i386-linux-gnu/libstdc++.so.6.0.21
b65ed000-b65ee000 rw-p 00172000 08:01 1104849    /usr/lib/i386-linux-gnu/libstdc++.so.6.0.21
b65ee000-b65f1000 rw-p 00000000 00:00 0 
b65f1000-b70c7000 r-xp 00000000 08:01 1693411    /usr/lib/jvm/java-8-openjdk-i386/jre/lib/i386/server/libjvm.so
b70c7000-b710d000 r--p 00ad5000 08:01 1693411    /usr/lib/jvm/java-8-openjdk-i386/jre/lib/i386/server/libjvm.so
b710d000-b7124000 rw-p 00b1b000 08:01 1693411    /usr/lib/jvm/java-8-openjdk-i386/jre/lib/i386/server/libjvm.so
b7124000-b7544000 rw-p 00000000 00:00 0 
b7544000-b755d000 r-xp 00000000 08:01 3402662    /lib/i386-linux-gnu/libpthread-2.23.so
b755d000-b755e000 r--p 00018000 08:01 3402662    /lib/i386-linux-gnu/libpthread-2.23.so
b755e000-b755f000 rw-p 00019000 08:01 3402662    /lib/i386-linux-gnu/libpthread-2.23.so
b755f000-b7561000 rw-p 00000000 00:00 0 
b7561000-b7564000 r-xp 00000000 08:01 3402697    /lib/i386-linux-gnu/libdl-2.23.so
b7564000-b7565000 r--p 00002000 08:01 3402697    /lib/i386-linux-gnu/libdl-2.23.so
b7565000-b7566000 rw-p 00003000 08:01 3402697    /lib/i386-linux-gnu/libdl-2.23.so
b7566000-b7567000 rw-p 00000000 00:00 0 
b7567000-b7580000 r-xp 00000000 08:01 3402741    /lib/i386-linux-gnu/libz.so.1.2.8
b7580000-b7581000 r--p 00018000 08:01 3402741    /lib/i386-linux-gnu/libz.so.1.2.8
b7581000-b7582000 rw-p 00019000 08:01 3402741    /lib/i386-linux-gnu/libz.so.1.2.8
b7582000-b7732000 r-xp 00000000 08:01 3402663    /lib/i386-linux-gnu/libc-2.23.so
b7732000-b7734000 r--p 001af000 08:01 3402663    /lib/i386-linux-gnu/libc-2.23.so
b7734000-b7735000 rw-p 001b1000 08:01 3402663    /lib/i386-linux-gnu/libc-2.23.so
b7735000-b7738000 rw-p 00000000 00:00 0 
b7738000-b7739000 r--s 00010000 08:01 1692581    /usr/lib/jvm/java-8-openjdk-i386/jre/lib/ext/zipfs.jar
b7739000-b773a000 r--s 0000a000 08:01 1692577    /usr/lib/jvm/java-8-openjdk-i386/jre/lib/ext/jaccess.jar
b773a000-b773d000 r--s 00038000 08:01 1692573    /usr/lib/jvm/java-8-openjdk-i386/jre/lib/ext/sunpkcs11.jar
b773d000-b773e000 r--p 002d4000 08:01 1110568    /usr/lib/locale/locale-archive
b773e000-b773f000 rw-p 00000000 00:00 0 
b773f000-b7740000 r--p 00000000 00:00 0 
b7740000-b774e000 r-xp 00000000 08:01 1693425    /usr/lib/jvm/java-8-openjdk-i386/jre/lib/i386/libverify.so
b774e000-b774f000 r--p 0000d000 08:01 1693425    /usr/lib/jvm/java-8-openjdk-i386/jre/lib/i386/libverify.so
b774f000-b7750000 rw-p 0000e000 08:01 1693425    /usr/lib/jvm/java-8-openjdk-i386/jre/lib/i386/libverify.so
b7750000-b775d000 r-xp 00000000 08:01 1693421    /usr/lib/jvm/java-8-openjdk-i386/jre/lib/i386/jli/libjli.so
b775d000-b775e000 r--p 0000c000 08:01 1693421    /usr/lib/jvm/java-8-openjdk-i386/jre/lib/i386/jli/libjli.so
b775e000-b775f000 rw-p 0000d000 08:01 1693421    /usr/lib/jvm/java-8-openjdk-i386/jre/lib/i386/jli/libjli.so
b775f000-b7760000 rw-p 00000000 00:00 0 
b7760000-b7763000 r--p 00000000 00:00 0          [vvar]
b7763000-b7764000 r-xp 00000000 00:00 0          [vdso]
b7764000-b7787000 r-xp 00000000 08:01 3402661    /lib/i386-linux-gnu/ld-2.23.so
b7787000-b7788000 r--p 00022000 08:01 3402661    /lib/i386-linux-gnu/ld-2.23.so
b7788000-b7789000 rw-p 00023000 08:01 3402661    /lib/i386-linux-gnu/ld-2.23.so
bff6c000-bff8d000 rw-p 00000000 00:00 0          [stack]

VM Arguments:
jvm_args: -Dclassworlds.conf=/usr/share/maven/bin/m2.conf -Dmaven.home=/usr/share/maven -Dmaven.multiModuleProjectDirectory=/home/sarnobat/github/maven_project 
java_command: org.codehaus.plexus.classworlds.launcher.Launcher --quiet --settings /home/sarnobat/sarnobat.git/mac/.m2/settings.xml install exec:java -Dexec.mainClass=Md5RoCopyFile -Dexec.args=4486 ~/sarnobat.git/db/md5ro/md5_files.txt
java_class_path (initial): /usr/share/maven/boot/plexus-classworlds-2.x.jar
Launcher Type: SUN_STANDARD

Environment Variables:
JAVA_HOME=/usr/lib/jvm/java-8-openjdk-i386
PATH=/usr/bin:/bin
SHELL=/bin/sh

Signal Handlers:
SIGSEGV: [libjvm.so+0x8db350], sa_mask[0]=11111111011111111101111111111110, sa_flags=SA_RESTART|SA_SIGINFO
SIGBUS: [libjvm.so+0x8db350], sa_mask[0]=11111111011111111101111111111110, sa_flags=SA_RESTART|SA_SIGINFO
SIGFPE: [libjvm.so+0x73fd00], sa_mask[0]=11111111011111111101111111111110, sa_flags=SA_RESTART|SA_SIGINFO
SIGPIPE: [libjvm.so+0x73fd00], sa_mask[0]=11111111011111111101111111111110, sa_flags=SA_RESTART|SA_SIGINFO
SIGXFSZ: [libjvm.so+0x73fd00], sa_mask[0]=11111111011111111101111111111110, sa_flags=SA_RESTART|SA_SIGINFO
SIGILL: [libjvm.so+0x73fd00], sa_mask[0]=11111111011111111101111111111110, sa_flags=SA_RESTART|SA_SIGINFO
SIGUSR1: SIG_DFL, sa_mask[0]=00000000000000000000000000000000, sa_flags=none
SIGUSR2: [libjvm.so+0x73fb40], sa_mask[0]=00000000000000000000000000000000, sa_flags=SA_RESTART|SA_SIGINFO
SIGHUP: [libjvm.so+0x7402d0], sa_mask[0]=11111111011111111101111111111110, sa_flags=SA_RESTART|SA_SIGINFO
SIGINT: [libjvm.so+0x7402d0], sa_mask[0]=11111111011111111101111111111110, sa_flags=SA_RESTART|SA_SIGINFO
SIGTERM: [libjvm.so+0x7402d0], sa_mask[0]=11111111011111111101111111111110, sa_flags=SA_RESTART|SA_SIGINFO
SIGQUIT: [libjvm.so+0x7402d0], sa_mask[0]=11111111011111111101111111111110, sa_flags=SA_RESTART|SA_SIGINFO


---------------  S Y S T E M  ---------------

OS:DISTRIB_ID=Ubuntu
DISTRIB_RELEASE=16.04
DISTRIB_CODENAME=xenial
DISTRIB_DESCRIPTION="Ubuntu 16.04.1 LTS"

uname:Linux 4.4.0-119-generic #143-Ubuntu SMP Mon Apr 2 16:08:22 UTC 2018 i686
libc:glibc 2.23 NPTL 2.23 
rlimit: STACK 8192k, CORE 0k, NPROC 63044, NOFILE 1048576, AS infinity
load average:0.64 0.59 0.46

/proc/meminfo:
MemTotal:        8107396 kB
MemFree:          433364 kB
MemAvailable:          0 kB
Buffers:            4052 kB
Cached:            61336 kB
SwapCached:         6092 kB
Active:          6314944 kB
Inactive:        1133040 kB
Active(anon):    6297596 kB
Inactive(anon):  1119800 kB
Active(file):      17348 kB
Inactive(file):    13240 kB
Unevictable:           0 kB
Mlocked:               0 kB
HighTotal:       7292552 kB
HighFree:         126572 kB
LowTotal:         814844 kB
LowFree:          306792 kB
SwapTotal:       4007932 kB
SwapFree:              0 kB
Dirty:              1296 kB
Writeback:             0 kB
AnonPages:       7349028 kB
Mapped:            23992 kB
Shmem:             34560 kB
Slab:              76036 kB
SReclaimable:      24568 kB
SUnreclaim:        51468 kB
KernelStack:       25696 kB
PageTables:        62736 kB
NFS_Unstable:          0 kB
Bounce:                0 kB
WritebackTmp:          0 kB
CommitLimit:     8061628 kB
Committed_AS:   35440296 kB
VmallocTotal:     122880 kB
VmallocUsed:           0 kB
VmallocChunk:          0 kB
AnonHugePages:      2048 kB
CmaTotal:              0 kB
CmaFree:               0 kB
HugePages_Total:       0
HugePages_Free:        0
HugePages_Rsvd:        0
HugePages_Surp:        0
Hugepagesize:       2048 kB
DirectMap4k:       20472 kB
DirectMap2M:      890880 kB


CPU:total 4 (initial active 4) (2 cores per cpu, 2 threads per core) family 6 model 58 stepping 9, cmov, cx8, fxsr, mmx, sse, sse2, sse3, ssse3, sse4.1, sse4.2, popcnt, avx, aes, clmul, erms, ht, tsc, tscinvbit, tscinv

/proc/cpuinfo:
processor	: 0
vendor_id	: GenuineIntel
cpu family	: 6
model		: 58
model name	: Intel(R) Core(TM) i5-3427U CPU @ 1.80GHz
stepping	: 9
microcode	: 0x17
cpu MHz		: 2599.988
cache size	: 3072 KB
physical id	: 0
siblings	: 4
core id		: 0
cpu cores	: 2
apicid		: 0
initial apicid	: 0
fdiv_bug	: no
f00f_bug	: no
coma_bug	: no
fpu		: yes
fpu_exception	: yes
cpuid level	: 13
wp		: yes
flags		: fpu vme de pse tsc msr pae mce cx8 apic sep mtrr pge mca cmov pat pse36 clflush dts acpi mmx fxsr sse sse2 ss ht tm pbe nx rdtscp lm constant_tsc arch_perfmon pebs bts xtopology nonstop_tsc aperfmperf eagerfpu pni pclmulqdq dtes64 monitor ds_cpl vmx smx est tm2 ssse3 cx16 xtpr pdcm sse4_1 sse4_2 x2apic popcnt tsc_deadline_timer aes xsave avx f16c rdrand lahf_lm epb retpoline tpr_shadow vnmi flexpriority ept vpid fsgsbase smep erms xsaveopt dtherm ida arat pln pts
bugs		: cpu_meltdown spectre_v1 spectre_v2
bogomips	: 4589.71
clflush size	: 64
cache_alignment	: 64
address sizes	: 36 bits physical, 48 bits virtual
power management:

processor	: 1
vendor_id	: GenuineIntel
cpu family	: 6
model		: 58
model name	: Intel(R) Core(TM) i5-3427U CPU @ 1.80GHz
stepping	: 9
microcode	: 0x17
cpu MHz		: 2599.898
cache size	: 3072 KB
physical id	: 0
siblings	: 4
core id		: 1
cpu cores	: 2
apicid		: 2
initial apicid	: 2
fdiv_bug	: no
f00f_bug	: no
coma_bug	: no
fpu		: yes
fpu_exception	: yes
cpuid level	: 13
wp		: yes
flags		: fpu vme de pse tsc msr pae mce cx8 apic sep mtrr pge mca cmov pat pse36 clflush dts acpi mmx fxsr sse sse2 ss ht tm pbe nx rdtscp lm constant_tsc arch_perfmon pebs bts xtopology nonstop_tsc aperfmperf eagerfpu pni pclmulqdq dtes64 monitor ds_cpl vmx smx est tm2 ssse3 cx16 xtpr pdcm sse4_1 sse4_2 x2apic popcnt tsc_deadline_timer aes xsave avx f16c rdrand lahf_lm epb retpoline tpr_shadow vnmi flexpriority ept vpid fsgsbase smep erms xsaveopt dtherm ida arat pln pts
bugs		: cpu_meltdown spectre_v1 spectre_v2
bogomips	: 4589.71
clflush size	: 64
cache_alignment	: 64
address sizes	: 36 bits physical, 48 bits virtual
power management:

processor	: 2
vendor_id	: GenuineIntel
cpu family	: 6
model		: 58
model name	: Intel(R) Core(TM) i5-3427U CPU @ 1.80GHz
stepping	: 9
microcode	: 0x17
cpu MHz		: 2599.988
cache size	: 3072 KB
physical id	: 0
siblings	: 4
core id		: 0
cpu cores	: 2
apicid		: 1
initial apicid	: 1
fdiv_bug	: no
f00f_bug	: no
coma_bug	: no
fpu		: yes
fpu_exception	: yes
cpuid level	: 13
wp		: yes
flags		: fpu vme de pse tsc msr pae mce cx8 apic sep mtrr pge mca cmov pat pse36 clflush dts acpi mmx fxsr sse sse2 ss ht tm pbe nx rdtscp lm constant_tsc arch_perfmon pebs bts xtopology nonstop_tsc aperfmperf eagerfpu pni pclmulqdq dtes64 monitor ds_cpl vmx smx est tm2 ssse3 cx16 xtpr pdcm sse4_1 sse4_2 x2apic popcnt tsc_deadline_timer aes xsave avx f16c rdrand lahf_lm epb retpoline tpr_shadow vnmi flexpriority ept vpid fsgsbase smep erms xsaveopt dtherm ida arat pln pts
bugs		: cpu_meltdown spectre_v1 spectre_v2
bogomips	: 4589.71
clflush size	: 64
cache_alignment	: 64
address sizes	: 36 bits physical, 48 bits virtual
power management:

processor	: 3
vendor_id	: GenuineIntel
cpu family	: 6
model		: 58
model name	: Intel(R) Core(TM) i5-3427U CPU @ 1.80GHz
stepping	: 9
microcode	: 0x17
cpu MHz		: 2599.988
cache size	: 3072 KB
physical id	: 0
siblings	: 4
core id		: 1
cpu cores	: 2
apicid		: 3
initial apicid	: 3
fdiv_bug	: no
f00f_bug	: no
coma_bug	: no
fpu		: yes
fpu_exception	: yes
cpuid level	: 13
wp		: yes
flags		: fpu vme de pse tsc msr pae mce cx8 apic sep mtrr pge mca cmov pat pse36 clflush dts acpi mmx fxsr sse sse2 ss ht tm pbe nx rdtscp lm constant_tsc arch_perfmon pebs bts xtopology nonstop_tsc aperfmperf eagerfpu pni pclmulqdq dtes64 monitor ds_cpl vmx smx est tm2 ssse3 cx16 xtpr pdcm sse4_1 sse4_2 x2apic popcnt tsc_deadline_timer aes xsave avx f16c rdrand lahf_lm epb retpoline tpr_shadow vnmi flexpriority ept vpid fsgsbase smep erms xsaveopt dtherm ida arat pln pts
bugs		: cpu_meltdown spectre_v1 spectre_v2
bogomips	: 4589.71
clflush size	: 64
cache_alignment	: 64
address sizes	: 36 bits physical, 48 bits virtual
power management:



Memory: 4k page, physical 8107396k(443340k free), swap 4007932k(0k free)

vm_info: OpenJDK Server VM (25.162-b12) for linux-x86 JRE (1.8.0_162-8u162-b12-0ubuntu0.16.04.2-b12), built on Mar 14 2018 12:07:04 by "buildd" with gcc 5.4.0 20160609

time: Sat Apr 14 21:44:05 2018
elapsed time: 3 seconds (0d 0h 0m 3s)

