#
# There is insufficient memory for the Java Runtime Environment to continue.
# Native memory allocation (malloc) failed to allocate 558152 bytes for Chunk::new
# Possible reasons:
#   The system is out of physical RAM or swap space
#   In 32 bit mode, the process size limit was hit
# Possible solutions:
#   Reduce memory load on the system
#   Increase physical memory or swap space
#   Check if swap backing store is full
#   Use 64 bit Java on a 64 bit OS
#   Decrease Java heap size (-Xmx/-Xms)
#   Decrease number of Java threads
#   Decrease Java thread stack sizes (-Xss)
#   Set larger code cache with -XX:ReservedCodeCacheSize=
# This output file may be truncated or incomplete.
#
#  Out of Memory Error (allocation.cpp:390), pid=20208, tid=0x632aeb40
#
# JRE version: OpenJDK Runtime Environment (8.0_151-b12) (build 1.8.0_151-8u151-b12-0ubuntu0.16.04.2-b12)
# Java VM: OpenJDK Server VM (25.151-b12 mixed mode linux-x86 )
# Failed to write core dump. Core dumps have been disabled. To enable core dumping, try "ulimit -c unlimited" before starting Java again
#

---------------  T H R E A D  ---------------

Current thread (0x637a3c00):  JavaThread "C2 CompilerThread0" daemon [_thread_in_native, id=20279, stack(0x6322e000,0x632af000)]

Stack: [0x6322e000,0x632af000],  sp=0x632ac610,  free space=505k
Native frames: (J=compiled Java code, j=interpreted, Vv=VM code, C=native code)
V  [libjvm.so+0x8d6834]
V  [libjvm.so+0x3a7c76]
V  [libjvm.so+0x1c07c5]
V  [libjvm.so+0x7ca8bd]
V  [libjvm.so+0x4244b9]
V  [libjvm.so+0x655ed7]
V  [libjvm.so+0x356dde]
V  [libjvm.so+0x35435a]
V  [libjvm.so+0x355b2d]
V  [libjvm.so+0x2ad730]
V  [libjvm.so+0x360d41]
V  [libjvm.so+0x3624fa]
V  [libjvm.so+0x878977]
V  [libjvm.so+0x88198b]
V  [libjvm.so+0x881e5e]
V  [libjvm.so+0x73f2b5]
C  [libpthread.so.0+0x6295]  start_thread+0xe5
C  [libc.so.6+0xe70ae]  clone+0x6e


Current CompileTask:
C2:  15635 4041       4       java.net.URLClassLoader$1::run (5 bytes)


---------------  P R O C E S S  ---------------

Java Threads: ( => current thread )
  0x5f112c00 JavaThread "Md5RoCopyFile.main()" [_thread_in_vm, id=20295, stack(0x5ffae000,0x5ffff000)]
  0x637aa400 JavaThread "Service Thread" daemon [_thread_blocked, id=20287, stack(0x630db000,0x6312c000)]
  0x637a7000 JavaThread "C1 CompilerThread2" daemon [_thread_blocked, id=20284, stack(0x6312c000,0x631ad000)]
  0x637a5c00 JavaThread "C2 CompilerThread1" daemon [_thread_in_native, id=20281, stack(0x631ad000,0x6322e000)]
=>0x637a3c00 JavaThread "C2 CompilerThread0" daemon [_thread_in_native, id=20279, stack(0x6322e000,0x632af000)]
  0x637a2400 JavaThread "Signal Dispatcher" daemon [_thread_blocked, id=20278, stack(0x632af000,0x63300000)]
  0x63788800 JavaThread "Finalizer" daemon [_thread_blocked, id=20276, stack(0x63813000,0x63864000)]
  0x63785800 JavaThread "Reference Handler" daemon [_thread_blocked, id=20274, stack(0x6642e000,0x6647f000)]
  0xb6207800 JavaThread "main" [_thread_blocked, id=20262, stack(0xb6338000,0xb6389000)]

Other Threads:
  0x63781000 VMThread [stack: 0x63864000,0x638e5000] [id=20272]
  0x637ac000 WatcherThread [stack: 0x6305a000,0x630db000] [id=20288]

VM state:not at safepoint (normal execution)

VM Mutex/Monitor currently owned by a thread: None

Heap:
 PSYoungGen      total 140800K, used 129837K [0x916c0000, 0x9a8c0000, 0xa6c00000)
  eden space 132864K, 92% used [0x916c0000,0x98f40f30,0x99880000)
  from space 7936K, 81% used [0x9a080000,0x9a6ca870,0x9a840000)
  to   space 8192K, 0% used [0x99880000,0x99880000,0x9a080000)
 ParOldGen       total 43776K, used 11093K [0x66c00000, 0x696c0000, 0x916c0000)
  object space 43776K, 25% used [0x66c00000,0x676d5758,0x696c0000)
 Metaspace       used 14309K, capacity 14611K, committed 14616K, reserved 14640K

Card table byte_map: [0x669ff000,0x66c00000] byte_map_base: 0x666c9000

Marking Bits: (ParMarkBitMap*) 0xb70ae880
 Begin Bits: [0x64300000, 0x65300000)
 End Bits:   [0x65300000, 0x66300000)

Polling page: 0xb76bb000

CodeCache: size=245760Kb used=9840Kb max_used=9840Kb free=235919Kb
 bounds [0xa71a3000, 0xa7b4b000, 0xb61a3000]
 total_blobs=3962 nmethods=3776 adapters=100
 compilation: enabled

Compilation events (10 events):
Event: 15.409 Thread 0x637a7000 4051       3       sun.misc.ProxyGenerator::getParameterDescriptors (47 bytes)
Event: 15.412 Thread 0x637a7000 nmethod 4051 0xa7b42f48 code [0xa7b43160, 0xa7b43c68]
Event: 15.422 Thread 0x637a7000 4052       3       java.lang.Class::getMethods (17 bytes)
Event: 15.422 Thread 0x637a7000 nmethod 4052 0xa7b358c8 code [0xa7b35a00, 0xa7b35b70]
Event: 15.428 Thread 0x637a7000 4053       3       sun.reflect.DelegatingConstructorAccessorImpl::setDelegate (6 bytes)
Event: 15.428 Thread 0x637a7000 nmethod 4053 0xa7b346c8 code [0xa7b347e0, 0xa7b348c0]
Event: 15.428 Thread 0x637a7000 4055       3       java.lang.Class::privateGetMethodRecursive (130 bytes)
Event: 15.432 Thread 0x637a7000 nmethod 4055 0xa7b44448 code [0xa7b44600, 0xa7b44ca0]
Event: 15.433 Thread 0x637a7000 4054       3       java.lang.Class::getMethod0 (40 bytes)
Event: 15.434 Thread 0x637a7000 nmethod 4054 0xa7b45088 code [0xa7b451e0, 0xa7b45410]

GC Heap History (10 events):
Event: 2.896 GC heap before
{Heap before GC invocations=2 (full 0):
 PSYoungGen      total 19200K, used 19193K [0x916c0000, 0x93c40000, 0xa6c00000)
  eden space 16640K, 100% used [0x916c0000,0x92700000,0x92700000)
  from space 2560K, 99% used [0x92700000,0x9297e608,0x92980000)
  to   space 2560K, 0% used [0x939c0000,0x939c0000,0x93c40000)
 ParOldGen       total 43776K, used 842K [0x66c00000, 0x696c0000, 0x916c0000)
  object space 43776K, 1% used [0x66c00000,0x66cd2a68,0x696c0000)
 Metaspace       used 5299K, capacity 5354K, committed 5400K, reserved 5424K
Event: 2.909 GC heap after
Heap after GC invocations=2 (full 0):
 PSYoungGen      total 35840K, used 2554K [0x916c0000, 0x93c40000, 0xa6c00000)
  eden space 33280K, 0% used [0x916c0000,0x916c0000,0x93740000)
  from space 2560K, 99% used [0x939c0000,0x93c3e950,0x93c40000)
  to   space 2560K, 0% used [0x93740000,0x93740000,0x939c0000)
 ParOldGen       total 43776K, used 933K [0x66c00000, 0x696c0000, 0x916c0000)
  object space 43776K, 2% used [0x66c00000,0x66ce94f0,0x696c0000)
 Metaspace       used 5299K, capacity 5354K, committed 5400K, reserved 5424K
}
Event: 4.088 GC heap before
{Heap before GC invocations=3 (full 0):
 PSYoungGen      total 35840K, used 35834K [0x916c0000, 0x93c40000, 0xa6c00000)
  eden space 33280K, 100% used [0x916c0000,0x93740000,0x93740000)
  from space 2560K, 99% used [0x939c0000,0x93c3e950,0x93c40000)
  to   space 2560K, 0% used [0x93740000,0x93740000,0x939c0000)
 ParOldGen       total 43776K, used 933K [0x66c00000, 0x696c0000, 0x916c0000)
  object space 43776K, 2% used [0x66c00000,0x66ce94f0,0x696c0000)
 Metaspace       used 8093K, capacity 8156K, committed 8216K, reserved 8496K
Event: 4.105 GC heap after
Heap after GC invocations=3 (full 0):
 PSYoungGen      total 35840K, used 2554K [0x916c0000, 0x95cc0000, 0xa6c00000)
  eden space 33280K, 0% used [0x916c0000,0x916c0000,0x93740000)
  from space 2560K, 99% used [0x93740000,0x939be880,0x939c0000)
  to   space 2560K, 0% used [0x95a40000,0x95a40000,0x95cc0000)
 ParOldGen       total 43776K, used 5015K [0x66c00000, 0x696c0000, 0x916c0000)
  object space 43776K, 11% used [0x66c00000,0x670e5e18,0x696c0000)
 Metaspace       used 8093K, capacity 8156K, committed 8216K, reserved 8496K
}
Event: 5.695 GC heap before
{Heap before GC invocations=4 (full 0):
 PSYoungGen      total 35840K, used 35834K [0x916c0000, 0x95cc0000, 0xa6c00000)
  eden space 33280K, 100% used [0x916c0000,0x93740000,0x93740000)
  from space 2560K, 99% used [0x93740000,0x939be880,0x939c0000)
  to   space 2560K, 0% used [0x95a40000,0x95a40000,0x95cc0000)
 ParOldGen       total 43776K, used 5015K [0x66c00000, 0x696c0000, 0x916c0000)
  object space 43776K, 11% used [0x66c00000,0x670e5e18,0x696c0000)
 Metaspace       used 9981K, capacity 10075K, committed 10136K, reserved 10544K
Event: 5.715 GC heap after
Heap after GC invocations=4 (full 0):
 PSYoungGen      total 69120K, used 2546K [0x916c0000, 0x95cc0000, 0xa6c00000)
  eden space 66560K, 0% used [0x916c0000,0x916c0000,0x957c0000)
  from space 2560K, 99% used [0x95a40000,0x95cbc880,0x95cc0000)
  to   space 2560K, 0% used [0x957c0000,0x957c0000,0x95a40000)
 ParOldGen       total 43776K, used 7090K [0x66c00000, 0x696c0000, 0x916c0000)
  object space 43776K, 16% used [0x66c00000,0x672ec970,0x696c0000)
 Metaspace       used 9981K, capacity 10075K, committed 10136K, reserved 10544K
}
Event: 9.236 GC heap before
{Heap before GC invocations=5 (full 0):
 PSYoungGen      total 69120K, used 69106K [0x916c0000, 0x95cc0000, 0xa6c00000)
  eden space 66560K, 100% used [0x916c0000,0x957c0000,0x957c0000)
  from space 2560K, 99% used [0x95a40000,0x95cbc880,0x95cc0000)
  to   space 2560K, 0% used [0x957c0000,0x957c0000,0x95a40000)
 ParOldGen       total 43776K, used 7090K [0x66c00000, 0x696c0000, 0x916c0000)
  object space 43776K, 16% used [0x66c00000,0x672ec970,0x696c0000)
 Metaspace       used 10961K, capacity 11057K, committed 11160K, reserved 11568K
Event: 9.310 GC heap after
Heap after GC invocations=5 (full 0):
 PSYoungGen      total 69120K, used 2554K [0x916c0000, 0x9a840000, 0xa6c00000)
  eden space 66560K, 0% used [0x916c0000,0x916c0000,0x957c0000)
  from space 2560K, 99% used [0x957c0000,0x95a3e870,0x95a40000)
  to   space 7936K, 0% used [0x9a080000,0x9a080000,0x9a840000)
 ParOldGen       total 43776K, used 11089K [0x66c00000, 0x696c0000, 0x916c0000)
  object space 43776K, 25% used [0x66c00000,0x676d4758,0x696c0000)
 Metaspace       used 10961K, capacity 11057K, committed 11160K, reserved 11568K
}
Event: 11.035 GC heap before
{Heap before GC invocations=6 (full 0):
 PSYoungGen      total 69120K, used 69114K [0x916c0000, 0x9a840000, 0xa6c00000)
  eden space 66560K, 100% used [0x916c0000,0x957c0000,0x957c0000)
  from space 2560K, 99% used [0x957c0000,0x95a3e870,0x95a40000)
  to   space 7936K, 0% used [0x9a080000,0x9a080000,0x9a840000)
 ParOldGen       total 43776K, used 11089K [0x66c00000, 0x696c0000, 0x916c0000)
  object space 43776K, 25% used [0x66c00000,0x676d4758,0x696c0000)
 Metaspace       used 11151K, capacity 11266K, committed 11416K, reserved 11568K
Event: 11.065 GC heap after
Heap after GC invocations=6 (full 0):
 PSYoungGen      total 140800K, used 6442K [0x916c0000, 0x9a8c0000, 0xa6c00000)
  eden space 132864K, 0% used [0x916c0000,0x916c0000,0x99880000)
  from space 7936K, 81% used [0x9a080000,0x9a6ca870,0x9a840000)
  to   space 8192K, 0% used [0x99880000,0x99880000,0x9a080000)
 ParOldGen       total 43776K, used 11093K [0x66c00000, 0x696c0000, 0x916c0000)
  object space 43776K, 25% used [0x66c00000,0x676d5758,0x696c0000)
 Metaspace       used 11151K, capacity 11266K, committed 11416K, reserved 11568K
}

Deoptimization events (10 events):
Event: 12.669 Thread 0xb6207800 Uncommon trap: reason=unstable_if action=reinterpret pc=0xa754cb54 method=com.google.inject.internal.asm.$Type.getArgumentsAndReturnSizes(Ljava/lang/String;)I @ 130
Event: 12.678 Thread 0xb6207800 Uncommon trap: reason=unstable_if action=reinterpret pc=0xa7570320 method=com.google.inject.internal.InjectorImpl.callInContext(Lcom/google/inject/internal/ContextualCallable;)Ljava/lang/Object; @ 161
Event: 12.851 Thread 0xb6207800 Uncommon trap: reason=class_check action=maybe_recompile pc=0xa79f5244 method=org.eclipse.sisu.wire.EntryListAdapter$ValueIterator.hasNext()Z @ 4
Event: 13.125 Thread 0xb6207800 Uncommon trap: reason=bimorphic action=maybe_recompile pc=0xa767737c method=java.util.regex.Pattern$CharProperty.match(Ljava/util/regex/Matcher;ILjava/lang/CharSequence;)Z @ 37
Event: 13.557 Thread 0xb6207800 Uncommon trap: reason=unstable_if action=reinterpret pc=0xa7a65574 method=java.util.jar.Manifest$FastInputStream.readLine([BII)I @ 87
Event: 13.581 Thread 0xb6207800 Uncommon trap: reason=unstable_if action=reinterpret pc=0xa7544874 method=org.codehaus.plexus.classworlds.realm.Entry.matches(Ljava/lang/String;)Z @ 150
Event: 13.713 Thread 0xb6207800 Uncommon trap: reason=unstable_if action=reinterpret pc=0xa72a9604 method=java.util.StringTokenizer.setMaxDelimCodePoint()V @ 71
Event: 13.991 Thread 0x5f112c00 Uncommon trap: reason=unstable_if action=reinterpret pc=0xa78faffc method=java.lang.ThreadLocal$ThreadLocalMap.getEntry(Ljava/lang/ThreadLocal;)Ljava/lang/ThreadLocal$ThreadLocalMap$Entry; @ 29
Event: 14.247 Thread 0x5f112c00 Uncommon trap: reason=unstable_if action=reinterpret pc=0xa7a55374 method=java.net.URI.match(CJJ)Z @ 45
Event: 14.362 Thread 0x5f112c00 Uncommon trap: reason=unstable_if action=reinterpret pc=0xa7265668 method=java.util.StringTokenizer.setMaxDelimCodePoint()V @ 71

Internal exceptions (10 events):
Event: 14.415 Thread 0x5f112c00 Exception <a 'java/security/PrivilegedActionException'> (0x97e34298) thrown at [/build/openjdk-8-Y4imzb/openjdk-8-8u151-b12/src/hotspot/src/share/vm/prims/jvm.cpp, line 1390]
Event: 14.415 Thread 0x5f112c00 Exception <a 'java/security/PrivilegedActionException'> (0x97e34678) thrown at [/build/openjdk-8-Y4imzb/openjdk-8-8u151-b12/src/hotspot/src/share/vm/prims/jvm.cpp, line 1390]
Event: 14.415 Thread 0x5f112c00 Exception <a 'java/security/PrivilegedActionException'> (0x97e35840) thrown at [/build/openjdk-8-Y4imzb/openjdk-8-8u151-b12/src/hotspot/src/share/vm/prims/jvm.cpp, line 1390]
Event: 14.415 Thread 0x5f112c00 Exception <a 'java/security/PrivilegedActionException'> (0x97e35c20) thrown at [/build/openjdk-8-Y4imzb/openjdk-8-8u151-b12/src/hotspot/src/share/vm/prims/jvm.cpp, line 1390]
Event: 14.415 Thread 0x5f112c00 Exception <a 'java/security/PrivilegedActionException'> (0x97e36db8) thrown at [/build/openjdk-8-Y4imzb/openjdk-8-8u151-b12/src/hotspot/src/share/vm/prims/jvm.cpp, line 1390]
Event: 14.416 Thread 0x5f112c00 Exception <a 'java/security/PrivilegedActionException'> (0x97e37198) thrown at [/build/openjdk-8-Y4imzb/openjdk-8-8u151-b12/src/hotspot/src/share/vm/prims/jvm.cpp, line 1390]
Event: 14.416 Thread 0x5f112c00 Exception <a 'java/security/PrivilegedActionException'> (0x97e38360) thrown at [/build/openjdk-8-Y4imzb/openjdk-8-8u151-b12/src/hotspot/src/share/vm/prims/jvm.cpp, line 1390]
Event: 14.416 Thread 0x5f112c00 Exception <a 'java/security/PrivilegedActionException'> (0x97e38740) thrown at [/build/openjdk-8-Y4imzb/openjdk-8-8u151-b12/src/hotspot/src/share/vm/prims/jvm.cpp, line 1390]
Event: 14.416 Thread 0x5f112c00 Exception <a 'java/security/PrivilegedActionException'> (0x97e397a8) thrown at [/build/openjdk-8-Y4imzb/openjdk-8-8u151-b12/src/hotspot/src/share/vm/prims/jvm.cpp, line 1390]
Event: 14.416 Thread 0x5f112c00 Exception <a 'java/security/PrivilegedActionException'> (0x97e39b88) thrown at [/build/openjdk-8-Y4imzb/openjdk-8-8u151-b12/src/hotspot/src/share/vm/prims/jvm.cpp, line 1390]

Events (10 events):
Event: 15.599 loading class org/jvnet/hk2/internal/Collector
Event: 15.599 loading class org/jvnet/hk2/internal/Collector done
Event: 15.601 loading class org/jvnet/hk2/internal/ClazzCreator
Event: 15.601 loading class org/jvnet/hk2/internal/ClazzCreator done
Event: 15.605 loading class org/jvnet/hk2/internal/ConstructorAction
Event: 15.605 loading class org/jvnet/hk2/internal/ConstructorAction done
Event: 15.608 loading class org/jvnet/hk2/internal/Utilities$3
Event: 15.608 loading class org/jvnet/hk2/internal/Utilities$3 done
Event: 15.609 loading class org/glassfish/hk2/api/Populator
Event: 15.609 loading class org/glassfish/hk2/api/Populator done


Dynamic libraries:
08048000-08049000 r-xp 00000000 08:01 1693306    /usr/lib/jvm/java-8-openjdk-i386/jre/bin/java
08049000-0804a000 r--p 00000000 08:01 1693306    /usr/lib/jvm/java-8-openjdk-i386/jre/bin/java
0804a000-0804b000 rw-p 00001000 08:01 1693306    /usr/lib/jvm/java-8-openjdk-i386/jre/bin/java
08603000-08687000 rw-p 00000000 00:00 0          [heap]
5de00000-5deff000 rw-p 00000000 00:00 0 
5deff000-5df00000 ---p 00000000 00:00 0 
5df00000-5df4e000 rw-p 00000000 00:00 0 
5df4e000-5e000000 ---p 00000000 00:00 0 
5e000000-5e100000 rw-p 00000000 00:00 0 
5e10d000-5e10f000 r--s 0000c000 08:01 2733077    /home/sarnobat/.m2/repository/org/apache/commons/commons-exec/1.3/commons-exec-1.3.jar
5e10f000-5e113000 r--s 0002f000 08:01 2709306    /home/sarnobat/.m2/repository/com/fasterxml/jackson/core/jackson-core/2.1.3/jackson-core-2.1.3.jar
5e113000-5e114000 r--s 00001000 08:01 2733072    /home/sarnobat/.m2/repository/com/google/http-client/google-http-client-jackson2/1.19.0/google-http-client-jackson2-1.19.0.jar
5e114000-5e186000 r--s 0065a000 08:01 2733069    /home/sarnobat/.m2/repository/org/scala-lang/scala-library/2.10.4/scala-library-2.10.4.jar
5e186000-5e18a000 r--s 00032000 08:01 2733067    /home/sarnobat/.m2/repository/com/typesafe/config/1.2.1/config-1.2.1.jar
5e18a000-5e1b0000 r--s 00257000 08:01 2733064    /home/sarnobat/.m2/repository/com/typesafe/akka/akka-actor_2.10/2.3.10/akka-actor_2.10-2.3.10.jar
5e1b0000-5e1b2000 r--s 00003000 08:01 2733066    /home/sarnobat/.m2/repository/org/kevoree/tools/org.kevoree.tools.annotation.api/2.0.5/org.kevoree.tools.annotation.api-2.0.5.jar
5e1b2000-5e1b9000 r--s 00028000 08:01 2733063    /home/sarnobat/.m2/repository/org/jetbrains/kotlin/kotlin-runtime/0.5.998/kotlin-runtime-0.5.998.jar
5e1b9000-5e1be000 r--s 0004b000 08:01 2733061    /home/sarnobat/.m2/repository/org/jetbrains/kotlin/kotlin-stdlib/0.5.998/kotlin-stdlib-0.5.998.jar
5e1be000-5e1bf000 r--s 00001000 08:01 2733055    /home/sarnobat/.m2/repository/org/kevoree/org.kevoree.log/2.0.5/org.kevoree.log-2.0.5.jar
5e1bf000-5e1c1000 r--s 00007000 08:01 2733058    /home/sarnobat/.m2/repository/org/kevoree/org.kevoree.kcl/2.0.5/org.kevoree.kcl-2.0.5.jar
5e1c1000-5e1c3000 r--s 0000c000 08:01 2733056    /home/sarnobat/.m2/repository/org/kevoree/org.kevoree.adaptation.model/2.0.5/org.kevoree.adaptation.model-2.0.5.jar
5e1c3000-5e1c6000 r--s 00020000 08:01 2733054    /home/sarnobat/.m2/repository/org/kevoree/org.kevoree.model.context/2.0.5/org.kevoree.model.context-2.0.5.jar
5e1c6000-5e1c8000 r--s 00008000 08:01 2733053    /home/sarnobat/.m2/repository/fr/inria/jfilter/jfilter-library/1.3/jfilter-library-1.3.jar
5e1c8000-5e1ca000 r--s 00007000 08:01 2733048    /home/sarnobat/.m2/repository/org/kevoree/modeling/org.kevoree.modeling.microframework/1.4.4/org.kevoree.modeling.microframework-1.4.4.jar
5e1ca000-5e1cf000 r--s 000a1000 08:01 2733044    /home/sarnobat/.m2/repository/org/kevoree/org.kevoree.model/2.0.5/org.kevoree.model-2.0.5.jar
5e1cf000-5e1d1000 r--s 00002000 08:01 2733042    /home/sarnobat/.m2/repository/org/kevoree/org.kevoree.api/2.0.5/org.kevoree.api-2.0.5.jar
5e1d1000-5e1d3000 r--s 0000a000 08:01 2733046    /home/sarnobat/.m2/repository/org/kevoree/org.kevoree.framework/2.0.5/org.kevoree.framework-2.0.5.jar
5e1d3000-5e1d5000 r--s 0000c000 08:01 2733043    /home/sarnobat/.m2/repository/org/kevoree/tools/org.kevoree.tools.javase.framework/2.0.5/org.kevoree.tools.javase.framework-2.0.5.jar
5e1d5000-5e1d6000 r--s 00002000 08:01 2733037    /home/sarnobat/.m2/repository/org/slf4j/slf4j-simple/1.7.5/slf4j-simple-1.7.5.jar
5e1d6000-5e1d7000 r--s 00009000 08:01 2733040    /home/sarnobat/.m2/repository/org/kevoree/corelibrary/javase/org.kevoree.library.javase.nanohttp/2.0.2/org.kevoree.library.javase.nanohttp-2.0.2.jar
5e1d7000-5e1dc000 r--s 0002a000 08:01 2733032    /home/sarnobat/.m2/repository/com/google/code/gson/gson/2.2.4/gson-2.2.4.jar
5e1dc000-5e1dd000 r--s 00002000 08:01 2733033    /home/sarnobat/.m2/repository/com/github/axet/threads/0.0.2/threads-0.0.2.jar
5e1dd000-5e1df000 r--s 00005000 08:01 2701036    /home/sarnobat/.m2/repository/xpp3/xpp3_min/1.1.4c/xpp3_min-1.1.4c.jar
5e1df000-5e1eb000 r--s 0006a000 08:01 2733504    /home/sarnobat/.m2/repository/com/thoughtworks/xstream/xstream/1.4.2/xstream-1.4.2.jar
5e1eb000-5e1ed000 r--s 00009000 08:01 2733031    /home/sarnobat/.m2/repository/com/github/axet/wget/1.2.11/wget-1.2.11.jar
5e1ed000-5e1ef000 r--s 00008000 08:01 2733035    /home/sarnobat/.m2/repository/com/github/axet/vget/1.1.10/vget-1.1.10.jar
5e1ef000-5e200000 r--s 000c6000 08:01 2733016    /home/sarnobat/.m2/repository/org/glassfish/grizzly/grizzly-framework/2.3.16/grizzly-framework-2.3.16.jar
5e200000-5e300000 rw-p 00000000 00:00 0 
5e300000-5e301000 r--s 00001000 08:01 2701035    /home/sarnobat/.m2/repository/xmlpull/xmlpull/1.1.3.1/xmlpull-1.1.3.1.jar
5e301000-5e302000 r--s 00004000 08:01 2733020    /home/sarnobat/.m2/repository/javax/json/javax.json-api/1.0/javax.json-api-1.0.jar
5e302000-5e307000 r--s 0004c000 08:01 2733015    /home/sarnobat/.m2/repository/org/glassfish/grizzly/grizzly-http/2.3.16/grizzly-http-2.3.16.jar
5e307000-5e30d000 r--s 0003f000 08:01 2733013    /home/sarnobat/.m2/repository/org/glassfish/grizzly/grizzly-http-server/2.3.16/grizzly-http-server-2.3.16.jar
5e30d000-5e30f000 r--s 00005000 08:01 2733011    /home/sarnobat/.m2/repository/org/glassfish/jersey/containers/jersey-container-grizzly2-http/2.13/jersey-container-grizzly2-http-2.13.jar
5e30f000-5e315000 r--s 00042000 08:01 2733012    /home/sarnobat/.m2/repository/org/jsoup/jsoup/1.7.2/jsoup-1.7.2.jar
5e315000-5e337000 r--s 0015f000 08:01 2733018    /home/sarnobat/.m2/repository/com/ui4j/ui4j-all/2.0.0/ui4j-all-2.0.0.jar
5e337000-5e33b000 r--s 0003c000 08:01 2701080    /home/sarnobat/.m2/repository/commons-lang/commons-lang/2.4/commons-lang-2.4.jar
5e33b000-5e33f000 r--s 00029000 08:01 2714578    /home/sarnobat/.m2/repository/org/glassfish/jersey/core/jersey-client/2.26/jersey-client-2.26.jar
5e33f000-5e344000 r--s 00046000 08:01 2732990    /home/sarnobat/.m2/repository/org/apache/commons/commons-lang3/3.0/commons-lang3-3.0.jar
5e344000-5e346000 r--s 0000a000 08:01 2732988    /home/sarnobat/.m2/repository/javax/ws/rs/jsr311-api/1.1.1/jsr311-api-1.1.1.jar
5e346000-5e34a000 r--s 0002f000 08:01 2772051    /home/sarnobat/.m2/repository/commons-io/commons-io/2.5/commons-io-2.5.jar
5e34a000-5e350000 r--s 00045000 08:01 2717567    /home/sarnobat/.m2/repository/commons-httpclient/commons-httpclient/3.1/commons-httpclient-3.1.jar
5e350000-5e352000 r--s 0000e000 08:01 2701078    /home/sarnobat/.m2/repository/javax/activation/activation/1.1/activation-1.1.jar
5e352000-5e359000 r--s 00064000 08:01 2732986    /home/sarnobat/.m2/repository/javax/mail/mail/1.4.2/mail-1.4.2.jar
5e359000-5e35c000 r--s 00023000 08:01 2732985    /home/sarnobat/.m2/repository/jdom/jdom/1.0/jdom-1.0.jar
5e35c000-5e360000 r--s 00032000 08:01 2732981    /home/sarnobat/.m2/repository/net/java/dev/rome/rome/1.0.0/rome-1.0.0.jar
5e360000-5e362000 r--s 00008000 08:01 2732980    /home/sarnobat/.m2/repository/com/googlecode/gmail4j/gmail4j/0.4/gmail4j-0.4.jar
5e362000-5e366000 r--s 00025000 08:01 2732973    /home/sarnobat/.m2/repository/com/google/api-client/google-api-client/1.17.0-rc/google-api-client-1.17.0-rc.jar
5e366000-5e369000 r--s 00006000 08:01 2717565    /home/sarnobat/.m2/repository/com/google/code/findbugs/jsr305/1.3.9/jsr305-1.3.9.jar
5e369000-5e36f000 r--s 0003c000 08:01 2733397    /home/sarnobat/.m2/repository/com/google/http-client/google-http-client/1.17.0-rc/google-http-client-1.17.0-rc.jar
5e36f000-5e371000 r--s 0000d000 08:01 2732978    /home/sarnobat/.m2/repository/com/google/oauth-client/google-oauth-client/1.17.0-rc/google-oauth-client-1.17.0-rc.jar
5e371000-5e373000 r--s 00282000 08:01 2732971    /home/sarnobat/.m2/repository/org/seleniumhq/selenium/selenium-firefox-driver/2.45.0/selenium-firefox-driver-2.45.0.jar
5e373000-5e380000 r--s 000a2000 08:01 2733085    /home/sarnobat/.m2/repository/org/apache/commons/commons-imaging/1.0-R1480221/commons-imaging-1.0-R1480221.jar
5e380000-5e3be000 r--s 0025e000 08:01 2732970    /home/sarnobat/.m2/repository/org/bouncycastle/bcprov-jdk15on/1.50/bcprov-jdk15on-1.50.jar
5e3be000-5e3ce000 r--s 00083000 08:01 2732963    /home/sarnobat/.m2/repository/org/bouncycastle/bcpkix-jdk15on/1.50/bcpkix-jdk15on-1.50.jar
5e3ce000-5e3d6000 r--s 00052000 08:01 2732961    /home/sarnobat/.m2/repository/net/schmizz/sshj/0.10.0/sshj-0.10.0.jar
5e3d6000-5e3e3000 r--s 0008e000 08:01 2732962    /home/sarnobat/.m2/repository/org/apache/mina/mina-core/2.0.9/mina-core-2.0.9.jar
5e3e3000-5e3f2000 r--s 00095000 08:01 2732958    /home/sarnobat/.m2/repository/org/apache/sshd/sshd-core/0.14.0/sshd-core-0.14.0.jar
5e3f2000-5e400000 r--s 00154000 08:01 2732960    /home/sarnobat/.m2/repository/org/apache/openjpa/openjpa-jdbc/2.4.0/openjpa-jdbc-2.4.0.jar
5e400000-5e5ff000 rw-p 00000000 00:00 0 
5e5ff000-5e600000 ---p 00000000 00:00 0 
5e600000-5e6f9000 rw-p 00000000 00:00 0 
5e6f9000-5e700000 ---p 00000000 00:00 0 
5e700000-5e701000 r--s 0000a000 08:01 2495669    /home/sarnobat/.m2/repository/commons-logging/commons-logging-api/1.1/commons-logging-api-1.1.jar
5e701000-5e703000 r--s 0000e000 08:01 2733431    /home/sarnobat/.m2/repository/org/json/json/20171018/json-20171018.jar
5e703000-5e707000 r--s 00022000 08:01 2732952    /home/sarnobat/.m2/repository/org/apache/openjpa/openjpa-persistence-jdbc/2.4.0/openjpa-persistence-jdbc-2.4.0.jar
5e707000-5e714000 r--s 000bf000 08:01 2732953    /home/sarnobat/.m2/repository/org/apache/openjpa/openjpa-persistence/2.4.0/openjpa-persistence-2.4.0.jar
5e714000-5e71d000 r--s 0006b000 08:01 2732950    /home/sarnobat/.m2/repository/org/apache/openjpa/openjpa-lib/2.4.0/openjpa-lib-2.4.0.jar
5e71d000-5e72e000 r--s 00154000 08:01 2732951    /home/sarnobat/.m2/repository/org/apache/openjpa/openjpa-kernel/2.4.0/openjpa-kernel-2.4.0.jar
5e72e000-5e731000 r--s 00034000 08:01 2732949    /home/sarnobat/.m2/repository/org/apache/openjpa/openjpa-jest/2.4.0/openjpa-jest-2.4.0.jar
5e731000-5e736000 r--s 00019000 08:01 2732944    /home/sarnobat/.m2/repository/org/apache/geronimo/specs/geronimo-jpa_2.0_spec/1.1/geronimo-jpa_2.0_spec-1.1.jar
5e736000-5e738000 r--s 00004000 08:01 2701076    /home/sarnobat/.m2/repository/javax/xml/stream/stax-api/1.0-2/stax-api-1.0-2.jar
5e738000-5e73c000 r--s 00020000 08:01 2732943    /home/sarnobat/.m2/repository/org/apache/xbean/xbean-asm5-shaded/3.17/xbean-asm5-shaded-3.17.jar
5e73c000-5e73f000 r--s 00015000 08:01 2732942    /home/sarnobat/.m2/repository/commons-pool/commons-pool/1.5.4/commons-pool-1.5.4.jar
5e73f000-5e740000 r--s 00003000 08:01 2732938    /home/sarnobat/.m2/repository/org/apache/geronimo/specs/geronimo-jta_1.1_spec/1.1.1/geronimo-jta_1.1_spec-1.1.1.jar
5e740000-5e742000 r--s 00006000 08:01 2732937    /home/sarnobat/.m2/repository/org/apache/geronimo/specs/geronimo-jms_1.1_spec/1.1.1/geronimo-jms_1.1_spec-1.1.1.jar
5e742000-5e745000 r--s 00032000 08:01 2732936    /home/sarnobat/.m2/repository/net/sourceforge/serp/serp/1.15.1/serp-1.15.1.jar
5e745000-5e753000 r--s 0007f000 08:01 2701074    /home/sarnobat/.m2/repository/commons-collections/commons-collections/3.2.1/commons-collections-3.2.1.jar
5e753000-5e78b000 r--s 00447000 08:01 2732933    /home/sarnobat/.m2/repository/org/apache/openjpa/openjpa/2.4.0/openjpa-2.4.0.jar
5e78b000-5e78e000 r--s 00012000 08:01 2732930    /home/sarnobat/.m2/repository/org/glassfish/javax.json/1.0.4/javax.json-1.0.4.jar
5e78e000-5e792000 r--s 00017000 08:01 2732928    /home/sarnobat/.m2/repository/net/coobird/thumbnailator/0.4.8/thumbnailator-0.4.8.jar
5e792000-5e794000 r--s 00000000 08:01 2732927    /home/sarnobat/.m2/repository/com/jcraft/jsch.agentproxy.jsch/0.0.6/jsch.agentproxy.jsch-0.0.6.jar
5e794000-5e795000 r--s 00001000 08:01 2732923    /home/sarnobat/.m2/repository/com/jcraft/jsch.agentproxy.pageant/0.0.6/jsch.agentproxy.pageant-0.0.6.jar
5e795000-5e797000 r--s 00000000 08:01 2732922    /home/sarnobat/.m2/repository/com/jcraft/jsch.agentproxy.sshagent/0.0.6/jsch.agentproxy.sshagent-0.0.6.jar
5e797000-5e798000 r--s 00001000 08:01 2732921    /home/sarnobat/.m2/repository/com/jcraft/jsch.agentproxy.usocket-nc/0.0.6/jsch.agentproxy.usocket-nc-0.0.6.jar
5e798000-5e799000 r--s 00001000 08:01 2732917    /home/sarnobat/.m2/repository/com/jcraft/jsch.agentproxy.usocket-jna/0.0.6/jsch.agentproxy.usocket-jna-0.0.6.jar
5e799000-5e79b000 r--s 00001000 08:01 2732916    /home/sarnobat/.m2/repository/com/jcraft/jsch.agentproxy.core/0.0.6/jsch.agentproxy.core-0.0.6.jar
5e79b000-5e79c000 r--s 00002000 08:01 2732915    /home/sarnobat/.m2/repository/com/jcraft/jsch.agentproxy.connector-factory/0.0.6/jsch.agentproxy.connector-factory-0.0.6.jar
5e79c000-5e79e000 r--s 00011000 08:01 2732911    /home/sarnobat/.m2/repository/com/pastdev/jsch-extension/0.1.3/jsch-extension-0.1.3.jar
5e79e000-5e7a0000 r--s 00006000 08:01 2733503    /home/sarnobat/.m2/repository/org/slf4j/slf4j-api/1.7.7/slf4j-api-1.7.7.jar
5e7a0000-5e7a2000 r--s 0000d000 08:01 2732908    /home/sarnobat/.m2/repository/com/pastdev/jsch-nio/0.1.5/jsch-nio-0.1.5.jar
5e7a2000-5e7a3000 r--s 00025000 08:01 2733418    /home/sarnobat/.m2/repository/org/bytedeco/javacpp-presets/artoolkitplus/2.3.0-0.8/artoolkitplus-2.3.0-0.8-linux-x86.jar
5e7a3000-5e7a4000 r--s 00000000 08:01 2733417    /home/sarnobat/.m2/repository/org/bytedeco/javacpp-presets/videoinput/0.200-0.8/videoinput-0.200-0.8-linux-x86.jar
5e7a4000-5e7a5000 r--s 00012000 08:01 2733413    /home/sarnobat/.m2/repository/org/bytedeco/javacpp-presets/libfreenect/0.4-0.8/libfreenect-0.4-0.8-linux-x86.jar
5e7a5000-5e7a6000 r--s 00026000 08:01 2733411    /home/sarnobat/.m2/repository/org/bytedeco/javacpp-presets/libdc1394/2.2.2-0.8/libdc1394-2.2.2-0.8-linux-x86.jar
5e7a6000-5e7a7000 r--s 00000000 08:01 2733409    /home/sarnobat/.m2/repository/org/bytedeco/javacpp-presets/flycapture/1.7.17-0.8/flycapture-1.7.17-0.8-linux-x86.jar
5e7a7000-5e7a9000 r--s 005f9000 08:01 2733407    /home/sarnobat/.m2/repository/org/bytedeco/javacpp-presets/ffmpeg/2.2.1-0.8/ffmpeg-2.2.1-0.8-linux-x86.jar
5e7a9000-5e7ac000 r--s 00760000 08:01 2733405    /home/sarnobat/.m2/repository/org/bytedeco/javacpp-presets/opencv/2.4.9-0.8/opencv-2.4.9-0.8-linux-x86.jar
5e7ac000-5e7ad000 r--s 00005000 08:01 2732894    /home/sarnobat/.m2/repository/org/bytedeco/javacpp-presets/artoolkitplus/2.3.0-0.8/artoolkitplus-2.3.0-0.8.jar
5e7ad000-5e7ae000 r--s 00003000 08:01 2732893    /home/sarnobat/.m2/repository/org/bytedeco/javacpp-presets/videoinput/0.200-0.8/videoinput-0.200-0.8.jar
5e7ae000-5e7b0000 r--s 00004000 08:01 2732890    /home/sarnobat/.m2/repository/org/bytedeco/javacpp-presets/libfreenect/0.4-0.8/libfreenect-0.4-0.8.jar
5e7b0000-5e7b2000 r--s 00006000 08:01 2732891    /home/sarnobat/.m2/repository/org/bytedeco/javacpp-presets/libdc1394/2.2.2-0.8/libdc1394-2.2.2-0.8.jar
5e7b2000-5e7b4000 r--s 00004000 08:01 2732887    /home/sarnobat/.m2/repository/org/bytedeco/javacpp-presets/flycapture/1.7.17-0.8/flycapture-1.7.17-0.8.jar
5e7b4000-5e7ba000 r--s 0002e000 08:01 2732883    /home/sarnobat/.m2/repository/org/bytedeco/javacpp-presets/ffmpeg/2.2.1-0.8/ffmpeg-2.2.1-0.8.jar
5e7ba000-5e7cc000 r--s 000b2000 08:01 2732882    /home/sarnobat/.m2/repository/org/bytedeco/javacpp-presets/opencv/2.4.9-0.8/opencv-2.4.9-0.8.jar
5e7cc000-5e7d0000 r--s 0002a000 08:01 2732881    /home/sarnobat/.m2/repository/org/bytedeco/javacpp/0.8/javacpp-0.8.jar
5e7d0000-5e7d5000 r--s 0004c000 08:01 2732880    /home/sarnobat/.m2/repository/org/bytedeco/javacv/0.8/javacv-0.8.jar
5e7d5000-5e800000 r--s 001fc000 08:01 2714577    /home/sarnobat/.m2/repository/com/google/guava/guava/18.0/guava-18.0.jar
5e800000-5e8fd000 rw-p 00000000 00:00 0 
5e8fd000-5e900000 ---p 00000000 00:00 0 
5e900000-5e9ff000 rw-p 00000000 00:00 0 
5e9ff000-5ea00000 ---p 00000000 00:00 0 
5ea00000-5ea01000 r--s 00009000 08:01 2494045    /home/sarnobat/.m2/repository/org/apache/commons/commons-csv/1.4/commons-csv-1.4.jar
5ea01000-5ea03000 r--s 0000c000 08:01 2494041    /home/sarnobat/.m2/repository/commons-cli/commons-cli/1.4/commons-cli-1.4.jar
5ea03000-5ea08000 r--s 00025000 08:01 2739591    /home/sarnobat/.m2/repository/org/seleniumhq/selenium/selenium-support/2.53.0/selenium-support-2.53.0.jar
5ea08000-5ea0a000 r--s 0000e000 08:01 2534898    /home/sarnobat/.m2/repository/commons-logging/commons-logging/1.1.3/commons-logging-1.1.3.jar
5ea0a000-5ea15000 r--s 00085000 08:01 2717464    /home/sarnobat/.m2/repository/org/apache/httpcomponents/httpclient/4.3.3/httpclient-4.3.3.jar
5ea15000-5ea20000 r--s 000d5000 08:01 2717463    /home/sarnobat/.m2/repository/net/java/dev/jna/platform/3.4.0/platform-3.4.0.jar
5ea20000-5ea24000 r--s 000f3000 08:01 2717457    /home/sarnobat/.m2/repository/net/java/dev/jna/jna/3.4.0/jna-3.4.0.jar
5ea24000-5ea29000 r--s 0001d000 08:01 2717456    /home/sarnobat/.m2/repository/org/seleniumhq/selenium/selenium-api/2.45.0/selenium-api-2.45.0.jar
5ea29000-5ea30000 r--s 00049000 08:01 2717455    /home/sarnobat/.m2/repository/cglib/cglib-nodep/2.1_3/cglib-nodep-2.1_3.jar
5ea30000-5ea36000 r--s 00033000 08:01 2717452    /home/sarnobat/.m2/repository/org/seleniumhq/selenium/selenium-remote-driver/2.45.0/selenium-remote-driver-2.45.0.jar
5ea36000-5ea37000 r--s 00002000 08:01 2717450    /home/sarnobat/.m2/repository/org/seleniumhq/selenium/selenium-chrome-driver/2.45.0/selenium-chrome-driver-2.45.0.jar
5ea37000-5ea3b000 r--s 00034000 08:01 2717447    /home/sarnobat/.m2/repository/com/jcraft/jsch/0.1.48/jsch-0.1.48.jar
5ea3b000-5ea3c000 r--s 00002000 08:01 2717449    /home/sarnobat/.m2/repository/no/uis/nio/nio-fs-sftp/1.1.0/nio-fs-sftp-1.1.0.jar
5ea3c000-5ea43000 r--s 00048000 08:01 2717444    /home/sarnobat/.m2/repository/org/apache/httpcomponents/httpcore/4.4.1/httpcore-4.4.1.jar
5ea43000-5ea4a000 r--s 00050000 08:01 2717443    /home/sarnobat/.m2/repository/org/apache/httpcomponents/httpcore-nio/4.4.1/httpcore-nio-4.4.1.jar
5ea4a000-5ea4e000 r--s 0000c000 08:01 2717440    /home/sarnobat/.m2/repository/javax/validation/validation-api/1.1.0.Final/validation-api-1.1.0.Final.jar
5ea4e000-5ea58000 r--s 000ae000 08:01 2733500    /home/sarnobat/.m2/repository/org/javassist/javassist/3.20.0-GA/javassist-3.20.0-GA.jar
5ea58000-5ea5b000 r--s 0002b000 08:01 2714574    /home/sarnobat/.m2/repository/org/glassfish/hk2/hk2-locator/2.5.0-b30/hk2-locator-2.5.0-b30.jar
5ea5b000-5ea5d000 r--s 00002000 08:01 2733498    /home/sarnobat/.m2/repository/org/glassfish/hk2/external/aopalliance-repackaged/2.5.0-b30/aopalliance-repackaged-2.5.0-b30.jar
5ea5d000-5ea60000 r--s 0001e000 08:01 2714572    /home/sarnobat/.m2/repository/org/glassfish/hk2/hk2-utils/2.5.0-b30/hk2-utils-2.5.0-b30.jar
5ea60000-5ea66000 r--s 00028000 08:01 2707556    /home/sarnobat/.m2/repository/org/glassfish/hk2/hk2-api/2.5.0-b30/hk2-api-2.5.0-b30.jar
5ea66000-5ea68000 r--s 00005000 08:01 2709293    /home/sarnobat/.m2/repository/javax/annotation/javax.annotation-api/1.2/javax.annotation-api-1.2.jar
5ea68000-5ea6a000 r--s 00010000 08:01 2707554    /home/sarnobat/.m2/repository/org/glassfish/jersey/media/jersey-media-jaxb/2.25/jersey-media-jaxb-2.25.jar
5ea6a000-5ea7f000 r--s 000d1000 08:01 2707553    /home/sarnobat/.m2/repository/org/glassfish/jersey/core/jersey-server/2.25/jersey-server-2.25.jar
5ea7f000-5ea86000 r--s 0005b000 08:01 2709287    /home/sarnobat/.m2/repository/org/mongodb/mongo-java-driver/2.10.1/mongo-java-driver-2.10.1.jar
5ea86000-5ea87000 r--s 00003000 08:01 2772145    /home/sarnobat/.m2/repository/org/eclipse/jetty/jetty-continuation/9.2.14.v20151106/jetty-continuation-9.2.14.v20151106.jar
5ea87000-5ea8d000 r--s 00053000 08:01 2707550    /home/sarnobat/.m2/repository/org/eclipse/jetty/jetty-util/9.2.14.v20151106/jetty-util-9.2.14.v20151106.jar
5ea8d000-5ea90000 r--s 00018000 08:01 2707549    /home/sarnobat/.m2/repository/org/eclipse/jetty/jetty-io/9.2.14.v20151106/jetty-io-9.2.14.v20151106.jar
5ea90000-5ea92000 r--s 00018000 08:01 2707546    /home/sarnobat/.m2/repository/org/eclipse/jetty/jetty-http/9.2.14.v20151106/jetty-http-9.2.14.v20151106.jar
5ea92000-5ea95000 r--s 00015000 08:01 2714570    /home/sarnobat/.m2/repository/javax/servlet/javax.servlet-api/3.1.0/javax.servlet-api-3.1.0.jar
5ea95000-5ea9b000 r--s 00061000 08:01 2772143    /home/sarnobat/.m2/repository/org/eclipse/jetty/jetty-server/9.2.14.v20151106/jetty-server-9.2.14.v20151106.jar
5ea9b000-5ea9d000 r--s 00005000 08:01 2733496    /home/sarnobat/.m2/repository/org/glassfish/jersey/containers/jersey-container-jetty-http/2.25/jersey-container-jetty-http-2.25.jar
5ea9d000-5eaa1000 r--s 00019000 08:01 2733494    /home/sarnobat/.m2/repository/javax/ws/rs/javax.ws.rs-api/2.0.1/javax.ws.rs-api-2.0.1.jar
5eaa1000-5eab9000 r--s 000d6000 08:01 2733492    /home/sarnobat/.m2/repository/org/glassfish/jersey/bundles/repackaged/jersey-guava/2.25/jersey-guava-2.25.jar
5eab9000-5eac7000 r--s 000a1000 08:01 2707544    /home/sarnobat/.m2/repository/org/glassfish/jersey/core/jersey-common/2.25/jersey-common-2.25.jar
5eac7000-5eac9000 r--s 00004000 08:01 2733490    /home/sarnobat/.m2/repository/org/glassfish/jersey/containers/jersey-container-jdk-http/2.25/jersey-container-jdk-http-2.25.jar
5eac9000-5ead6000 r--s 00075000 08:01 2701020    /home/sarnobat/.m2/repository/com/amazonaws/aws-java-sdk-swf-libraries/1.11.22/aws-java-sdk-swf-libraries-1.11.22.jar
5ead6000-5eae6000 r--s 00088000 08:01 2701017    /home/sarnobat/.m2/repository/joda-time/joda-time/2.8.1/joda-time-2.8.1.jar
5eae6000-5eaf7000 r--s 0010d000 08:01 2701011    /home/sarnobat/.m2/repository/com/fasterxml/jackson/core/jackson-databind/2.6.6/jackson-databind-2.6.6.jar
5eaf7000-5eb00000 r--s 00081000 08:01 2701010    /home/sarnobat/.m2/repository/software/amazon/ion/ion-java/1.0.1/ion-java-1.0.1.jar
5eb00000-5ebfe000 rw-p 00000000 00:00 0 
5ebfe000-5ec00000 ---p 00000000 00:00 0 
5ec00000-5ec01000 r--s 00001000 08:01 2714568    /home/sarnobat/.m2/repository/org/glassfish/hk2/external/javax.inject/2.5.0-b30/javax.inject-2.5.0-b30.jar
5ec01000-5ec05000 r--s 008be000 08:01 2701019    /home/sarnobat/.m2/repository/com/amazonaws/aws-java-sdk-models/1.11.56/aws-java-sdk-models-1.11.56.jar
5ec05000-5ec08000 r--s 00009000 08:01 2701012    /home/sarnobat/.m2/repository/com/fasterxml/jackson/core/jackson-annotations/2.6.0/jackson-annotations-2.6.0.jar
5ec08000-5ec1a000 r--s 000a4000 08:01 2701007    /home/sarnobat/.m2/repository/com/amazonaws/aws-java-sdk-core/1.11.56/aws-java-sdk-core-1.11.56.jar
5ec1a000-5ec1e000 r--s 00030000 08:01 2701004    /home/sarnobat/.m2/repository/com/amazonaws/aws-java-sdk-snowball/1.11.56/aws-java-sdk-snowball-1.11.56.jar
5ec1e000-5ec22000 r--s 00028000 08:01 2701003    /home/sarnobat/.m2/repository/com/amazonaws/aws-java-sdk-applicationautoscaling/1.11.56/aws-java-sdk-applicationautoscaling-1.11.56.jar
5ec22000-5ec26000 r--s 0002b000 08:01 2701001    /home/sarnobat/.m2/repository/com/amazonaws/aws-java-sdk-discovery/1.11.56/aws-java-sdk-discovery-1.11.56.jar
5ec26000-5ec33000 r--s 000b5000 08:01 2700248    /home/sarnobat/.m2/repository/com/amazonaws/aws-java-sdk-cognitoidp/1.11.56/aws-java-sdk-cognitoidp-1.11.56.jar
5ec33000-5ec35000 r--s 00007000 08:01 2700247    /home/sarnobat/.m2/repository/com/amazonaws/aws-java-sdk-marketplacemeteringservice/1.11.56/aws-java-sdk-marketplacemeteringservice-1.11.56.jar
5ec35000-5ec3f000 r--s 00078000 08:01 2700245    /home/sarnobat/.m2/repository/com/amazonaws/aws-java-sdk-dms/1.11.56/aws-java-sdk-dms-1.11.56.jar
5ec3f000-5ec49000 r--s 00094000 08:01 2700246    /home/sarnobat/.m2/repository/com/amazonaws/aws-java-sdk-gamelift/1.11.56/aws-java-sdk-gamelift-1.11.56.jar
5ec49000-5ec4e000 r--s 00027000 08:01 2700241    /home/sarnobat/.m2/repository/com/amazonaws/aws-java-sdk-acm/1.11.56/aws-java-sdk-acm-1.11.56.jar
5ec4e000-5ec60000 r--s 0013f000 08:01 2700240    /home/sarnobat/.m2/repository/com/amazonaws/aws-java-sdk-api-gateway/1.11.56/aws-java-sdk-api-gateway-1.11.56.jar
5ec60000-5ec6e000 r--s 000b4000 08:01 2700237    /home/sarnobat/.m2/repository/com/amazonaws/aws-java-sdk-iot/1.11.56/aws-java-sdk-iot-1.11.56.jar
5ec6e000-5ec78000 r--s 00082000 08:01 2700235    /home/sarnobat/.m2/repository/com/amazonaws/aws-java-sdk-inspector/1.11.56/aws-java-sdk-inspector-1.11.56.jar
5ec78000-5ec7a000 r--s 0000c000 08:01 2700233    /home/sarnobat/.m2/repository/com/amazonaws/aws-java-sdk-marketplacecommerceanalytics/1.11.56/aws-java-sdk-marketplacecommerceanalytics-1.11.56.jar
5ec7a000-5ec84000 r--s 00092000 08:01 2700231    /home/sarnobat/.m2/repository/com/amazonaws/aws-java-sdk-waf/1.11.56/aws-java-sdk-waf-1.11.56.jar
5ec84000-5ec89000 r--s 00031000 08:01 2700228    /home/sarnobat/.m2/repository/com/amazonaws/aws-java-sdk-elasticsearch/1.11.56/aws-java-sdk-elasticsearch-1.11.56.jar
5ec89000-5ec94000 r--s 0009e000 08:01 2700226    /home/sarnobat/.m2/repository/com/amazonaws/aws-java-sdk-devicefarm/1.11.56/aws-java-sdk-devicefarm-1.11.56.jar
5ec94000-5ec99000 r--s 00035000 08:01 2700227    /home/sarnobat/.m2/repository/com/amazonaws/aws-java-sdk-codecommit/1.11.56/aws-java-sdk-codecommit-1.11.56.jar
5ec99000-5ec9d000 r--s 0002b000 08:01 2700221    /home/sarnobat/.m2/repository/com/amazonaws/aws-java-sdk-efs/1.11.56/aws-java-sdk-efs-1.11.56.jar
5ec9d000-5eca7000 r--s 0007e000 08:01 2700223    /home/sarnobat/.m2/repository/com/amazonaws/aws-java-sdk-directory/1.11.56/aws-java-sdk-directory-1.11.56.jar
5eca7000-5ecb0000 r--s 00086000 08:01 2700219    /home/sarnobat/.m2/repository/com/amazonaws/aws-java-sdk-machinelearning/1.11.56/aws-java-sdk-machinelearning-1.11.56.jar
5ecb0000-5ecb6000 r--s 00040000 08:01 2700222    /home/sarnobat/.m2/repository/com/amazonaws/aws-java-sdk-workspaces/1.11.56/aws-java-sdk-workspaces-1.11.56.jar
5ecb6000-5ecc0000 r--s 00071000 08:01 2700213    /home/sarnobat/.m2/repository/com/amazonaws/aws-java-sdk-ssm/1.11.56/aws-java-sdk-ssm-1.11.56.jar
5ecc0000-5ecc5000 r--s 00035000 08:01 2700210    /home/sarnobat/.m2/repository/com/amazonaws/aws-java-sdk-cloudhsm/1.11.56/aws-java-sdk-cloudhsm-1.11.56.jar
5ecc5000-5ecca000 r--s 00040000 08:01 2700214    /home/sarnobat/.m2/repository/com/amazonaws/aws-java-sdk-ecr/1.11.56/aws-java-sdk-ecr-1.11.56.jar
5ecca000-5ecd2000 r--s 0008e000 08:01 2700211    /home/sarnobat/.m2/repository/com/amazonaws/aws-java-sdk-ecs/1.11.56/aws-java-sdk-ecs-1.11.56.jar
5ecd2000-5ecd8000 r--s 00060000 08:01 2700206    /home/sarnobat/.m2/repository/com/amazonaws/aws-java-sdk-lambda/1.11.56/aws-java-sdk-lambda-1.11.56.jar
5ecd8000-5ece1000 r--s 00072000 08:01 2700205    /home/sarnobat/.m2/repository/com/amazonaws/aws-java-sdk-config/1.11.56/aws-java-sdk-config-1.11.56.jar
5ece1000-5ece9000 r--s 00062000 08:01 2700202    /home/sarnobat/.m2/repository/com/amazonaws/aws-java-sdk-kms/1.11.56/aws-java-sdk-kms-1.11.56.jar
5ece9000-5ecf4000 r--s 0007f000 08:01 2700203    /home/sarnobat/.m2/repository/com/amazonaws/aws-java-sdk-codepipeline/1.11.56/aws-java-sdk-codepipeline-1.11.56.jar
5ecf4000-5ed00000 r--s 00090000 08:01 2700198    /home/sarnobat/.m2/repository/com/amazonaws/aws-java-sdk-codedeploy/1.11.56/aws-java-sdk-codedeploy-1.11.56.jar
5ed00000-5edfd000 rw-p 00000000 00:00 0 
5edfd000-5ee00000 ---p 00000000 00:00 0 
5ee00000-5ee24000 rw-p 00000000 00:00 0 
5ee24000-5ef00000 ---p 00000000 00:00 0 
5ef00000-5ef01000 r--s 00004000 08:01 2717429    /home/sarnobat/.m2/repository/org/glassfish/hk2/osgi-resource-locator/1.0.1/osgi-resource-locator-1.0.1.jar
5ef01000-5ef0a000 r--s 0007b000 08:01 2700193    /home/sarnobat/.m2/repository/com/amazonaws/aws-java-sdk-cloudsearch/1.11.56/aws-java-sdk-cloudsearch-1.11.56.jar
5ef0a000-5ef16000 r--s 000a8000 08:01 2700195    /home/sarnobat/.m2/repository/com/amazonaws/aws-java-sdk-autoscaling/1.11.56/aws-java-sdk-autoscaling-1.11.56.jar
5ef16000-5ef23000 r--s 000a0000 08:01 2700191    /home/sarnobat/.m2/repository/com/amazonaws/aws-java-sdk-ses/1.11.56/aws-java-sdk-ses-1.11.56.jar
5ef23000-5ef34000 r--s 00111000 08:01 2700188    /home/sarnobat/.m2/repository/com/amazonaws/aws-java-sdk-opsworks/1.11.56/aws-java-sdk-opsworks-1.11.56.jar
5ef34000-5ef45000 r--s 000d5000 08:01 2700187    /home/sarnobat/.m2/repository/com/amazonaws/aws-java-sdk-kinesis/1.11.56/aws-java-sdk-kinesis-1.11.56.jar
5ef45000-5ef52000 r--s 000a9000 08:01 2700185    /home/sarnobat/.m2/repository/com/amazonaws/aws-java-sdk-cloudfront/1.11.56/aws-java-sdk-cloudfront-1.11.56.jar
5ef52000-5ef5b000 r--s 00072000 08:01 2700182    /home/sarnobat/.m2/repository/com/amazonaws/aws-java-sdk-cloudformation/1.11.56/aws-java-sdk-cloudformation-1.11.56.jar
5ef5b000-5ef62000 r--s 00057000 08:01 2700181    /home/sarnobat/.m2/repository/com/amazonaws/aws-java-sdk-directconnect/1.11.56/aws-java-sdk-directconnect-1.11.56.jar
5ef62000-5ef67000 r--s 00039000 08:01 2700178    /home/sarnobat/.m2/repository/com/amazonaws/aws-java-sdk-cognitosync/1.11.56/aws-java-sdk-cognitosync-1.11.56.jar
5ef67000-5ef6c000 r--s 0003e000 08:01 2700177    /home/sarnobat/.m2/repository/com/amazonaws/aws-java-sdk-cognitoidentity/1.11.56/aws-java-sdk-cognitoidentity-1.11.56.jar
5ef6c000-5ef70000 r--s 00029000 08:01 2700174    /home/sarnobat/.m2/repository/com/amazonaws/aws-java-sdk-events/1.11.56/aws-java-sdk-events-1.11.56.jar
5ef70000-5ef77000 r--s 00053000 08:01 2700172    /home/sarnobat/.m2/repository/com/amazonaws/aws-java-sdk-logs/1.11.56/aws-java-sdk-logs-1.11.56.jar
5ef77000-5ef7c000 r--s 00033000 08:01 2700171    /home/sarnobat/.m2/repository/com/amazonaws/aws-java-sdk-cloudwatch/1.11.56/aws-java-sdk-cloudwatch-1.11.56.jar
5ef7c000-5ef81000 r--s 00036000 08:01 2700168    /home/sarnobat/.m2/repository/com/amazonaws/aws-java-sdk-cloudtrail/1.11.56/aws-java-sdk-cloudtrail-1.11.56.jar
5ef81000-5ef86000 r--s 0002a000 08:01 2700167    /home/sarnobat/.m2/repository/com/amazonaws/aws-java-sdk-budgets/1.11.56/aws-java-sdk-budgets-1.11.56.jar
5ef86000-5ef8d000 r--s 00051000 08:01 2700165    /home/sarnobat/.m2/repository/com/amazonaws/aws-java-sdk-sns/1.11.56/aws-java-sdk-sns-1.11.56.jar
5ef8d000-5efa5000 r--s 0013d000 08:01 2700162    /home/sarnobat/.m2/repository/com/amazonaws/aws-java-sdk-dynamodb/1.11.56/aws-java-sdk-dynamodb-1.11.56.jar
5efa5000-5efd7000 r--s 00356000 08:01 2700161    /home/sarnobat/.m2/repository/com/amazonaws/aws-java-sdk-ec2/1.11.56/aws-java-sdk-ec2-1.11.56.jar
5efd7000-5efde000 r--s 0007e000 08:01 2700158    /home/sarnobat/.m2/repository/com/amazonaws/aws-java-sdk-elastictranscoder/1.11.56/aws-java-sdk-elastictranscoder-1.11.56.jar
5efde000-5efea000 r--s 000a9000 08:01 2700156    /home/sarnobat/.m2/repository/com/amazonaws/aws-java-sdk-elasticache/1.11.56/aws-java-sdk-elasticache-1.11.56.jar
5efea000-5eff6000 r--s 0009b000 08:01 2700155    /home/sarnobat/.m2/repository/com/amazonaws/aws-java-sdk-emr/1.11.56/aws-java-sdk-emr-1.11.56.jar
5eff6000-5f000000 r--s 0006c000 08:01 2700154    /home/sarnobat/.m2/repository/com/amazonaws/aws-java-sdk-elasticloadbalancingv2/1.11.56/aws-java-sdk-elasticloadbalancingv2-1.11.56.jar
5f000000-5f0f8000 rw-p 00000000 00:00 0 
5f0f8000-5f100000 ---p 00000000 00:00 0 
5f100000-5f200000 rw-p 00000000 00:00 0 
5f200000-5f300000 rw-p 00000000 00:00 0 
5f300000-5f400000 rw-p 00000000 00:00 0 
5f400000-5f4fe000 rw-p 00000000 00:00 0 
5f4fe000-5f500000 ---p 00000000 00:00 0 
5f500000-5f600000 rw-p 00000000 00:00 0 
5f600000-5f6fe000 rw-p 00000000 00:00 0 
5f6fe000-5f700000 ---p 00000000 00:00 0 
5f700000-5f800000 rw-p 00000000 00:00 0 
5f800000-5f8f9000 rw-p 00000000 00:00 0 
5f8f9000-5f900000 ---p 00000000 00:00 0 
5f900000-5f9fa000 rw-p 00000000 00:00 0 
5f9fa000-5fa00000 ---p 00000000 00:00 0 
5fa00000-5fae9000 rw-p 00000000 00:00 0 
5fae9000-5fb00000 ---p 00000000 00:00 0 
5fb00000-5fbfe000 rw-p 00000000 00:00 0 
5fbfe000-5fc00000 ---p 00000000 00:00 0 
5fc00000-5fcff000 rw-p 00000000 00:00 0 
5fcff000-5fd00000 ---p 00000000 00:00 0 
5fd00000-5fdfe000 rw-p 00000000 00:00 0 
5fdfe000-5fe00000 ---p 00000000 00:00 0 
5fe00000-5fef9000 rw-p 00000000 00:00 0 
5fef9000-5ff00000 ---p 00000000 00:00 0 
5ff00000-5ff01000 r--s 0000b000 08:01 2701015    /home/sarnobat/.m2/repository/com/fasterxml/jackson/dataformat/jackson-dataformat-cbor/2.6.6/jackson-dataformat-cbor-2.6.6.jar
5ff01000-5ff03000 r--s 0000a000 08:01 2700196    /home/sarnobat/.m2/repository/com/amazonaws/aws-java-sdk-cloudwatchmetrics/1.11.56/aws-java-sdk-cloudwatchmetrics-1.11.56.jar
5ff03000-5ff0d000 r--s 00067000 08:01 2700150    /home/sarnobat/.m2/repository/com/amazonaws/aws-java-sdk-elasticloadbalancing/1.11.56/aws-java-sdk-elasticloadbalancing-1.11.56.jar
5ff0d000-5ff13000 r--s 00049000 08:01 2700147    /home/sarnobat/.m2/repository/com/amazonaws/aws-java-sdk-datapipeline/1.11.56/aws-java-sdk-datapipeline-1.11.56.jar
5ff13000-5ff2b000 r--s 0013b000 08:01 2700148    /home/sarnobat/.m2/repository/com/amazonaws/aws-java-sdk-iam/1.11.56/aws-java-sdk-iam-1.11.56.jar
5ff2b000-5ff33000 r--s 0006b000 08:01 2700142    /home/sarnobat/.m2/repository/com/amazonaws/aws-java-sdk-glacier/1.11.56/aws-java-sdk-glacier-1.11.56.jar
5ff33000-5ff3e000 r--s 000a0000 08:01 2700141    /home/sarnobat/.m2/repository/com/amazonaws/aws-java-sdk-elasticbeanstalk/1.11.56/aws-java-sdk-elasticbeanstalk-1.11.56.jar
5ff3e000-5ff4f000 r--s 000f3000 08:01 2700143    /home/sarnobat/.m2/repository/com/amazonaws/aws-java-sdk-redshift/1.11.56/aws-java-sdk-redshift-1.11.56.jar
5ff4f000-5ff63000 r--s 00159000 08:01 2700144    /home/sarnobat/.m2/repository/com/amazonaws/aws-java-sdk-rds/1.11.56/aws-java-sdk-rds-1.11.56.jar
5ff63000-5ff6a000 r--s 0004f000 08:01 2700136    /home/sarnobat/.m2/repository/com/amazonaws/aws-java-sdk-sqs/1.11.56/aws-java-sdk-sqs-1.11.56.jar
5ff6a000-5ff6e000 r--s 00027000 08:01 2700135    /home/sarnobat/.m2/repository/com/amazonaws/aws-java-sdk-sts/1.11.56/aws-java-sdk-sts-1.11.56.jar
5ff6e000-5ff72000 r--s 0001c000 08:01 2700132    /home/sarnobat/.m2/repository/com/amazonaws/aws-java-sdk-importexport/1.11.56/aws-java-sdk-importexport-1.11.56.jar
5ff72000-5ff7f000 r--s 00093000 08:01 2700128    /home/sarnobat/.m2/repository/com/amazonaws/aws-java-sdk-s3/1.11.56/aws-java-sdk-s3-1.11.56.jar
5ff7f000-5ff92000 r--s 00113000 08:01 2700129    /home/sarnobat/.m2/repository/com/amazonaws/aws-java-sdk-route53/1.11.56/aws-java-sdk-route53-1.11.56.jar
5ff92000-5ff9e000 r--s 0009f000 08:01 2700130    /home/sarnobat/.m2/repository/com/amazonaws/aws-java-sdk-storagegateway/1.11.56/aws-java-sdk-storagegateway-1.11.56.jar
5ff9e000-5ffae000 r--s 000e9000 08:01 2700125    /home/sarnobat/.m2/repository/com/amazonaws/aws-java-sdk-simpleworkflow/1.11.56/aws-java-sdk-simpleworkflow-1.11.56.jar
5ffae000-5ffb1000 ---p 00000000 00:00 0 
5ffb1000-61d00000 rw-p 00000000 00:00 0 
61d00000-61e00000 rw-p 00000000 00:00 0 
61e00000-61f00000 rw-p 00000000 00:00 0 
61f00000-62000000 rw-p 00000000 00:00 0 
62000000-62100000 rw-p 00000000 00:00 0 
62100000-621e9000 rw-p 00000000 00:00 0 
621e9000-62200000 ---p 00000000 00:00 0 
62200000-62300000 rw-p 00000000 00:00 0 
62300000-62400000 rw-p 00000000 00:00 0 
62400000-624fa000 rw-p 00000000 00:00 0 
624fa000-62500000 ---p 00000000 00:00 0 
62500000-62600000 rw-p 00000000 00:00 0 
62600000-626ff000 rw-p 00000000 00:00 0 
626ff000-62700000 ---p 00000000 00:00 0 
62700000-62800000 rw-p 00000000 00:00 0 
62800000-62900000 rw-p 00000000 00:00 0 
62900000-62a00000 rw-p 00000000 00:00 0 
62a00000-62b00000 rw-p 00000000 00:00 0 
62b00000-62c00000 rw-p 00000000 00:00 0 
62c00000-62d00000 rw-p 00000000 00:00 0 
62d00000-62e00000 rw-p 00000000 00:00 0 
62e00000-62e05000 r--s 00028000 08:01 2700121    /home/sarnobat/.m2/repository/com/amazonaws/aws-java-sdk-servermigration/1.11.56/aws-java-sdk-servermigration-1.11.56.jar
62e05000-62e11000 r--s 00097000 08:01 2700120    /home/sarnobat/.m2/repository/com/amazonaws/aws-java-sdk-servicecatalog/1.11.56/aws-java-sdk-servicecatalog-1.11.56.jar
62e11000-62e15000 r--s 00029000 08:01 2700118    /home/sarnobat/.m2/repository/com/amazonaws/aws-java-sdk-simpledb/1.11.56/aws-java-sdk-simpledb-1.11.56.jar
62e15000-62e17000 r--s 00005000 08:01 2700117    /home/sarnobat/.m2/repository/com/amazonaws/jmespath-java/1.11.56/jmespath-java-1.11.56.jar
62e17000-62e1d000 r--s 00041000 08:01 2700123    /home/sarnobat/.m2/repository/com/amazonaws/aws-java-sdk-support/1.11.56/aws-java-sdk-support-1.11.56.jar
62e1d000-62e1e000 r--s 00000000 08:01 2699240    /home/sarnobat/.m2/repository/com/amazonaws/aws-java-sdk/1.11.56/aws-java-sdk-1.11.56.jar
62e1e000-62e1f000 r--s 00006000 08:01 2771830    /home/sarnobat/.m2/repository/org/codehaus/mojo/exec-maven-plugin/1.1/exec-maven-plugin-1.1.jar
62e1f000-62e23000 r--s 00037000 08:01 2518386    /home/sarnobat/.m2/repository/org/codehaus/plexus/plexus-utils/3.0.15/plexus-utils-3.0.15.jar
62e23000-62e25000 r--s 00006000 08:01 2796287    /home/sarnobat/.m2/repository/com/google/code/findbugs/jsr305/2.0.1/jsr305-2.0.1.jar
62e25000-62e28000 r--s 00023000 08:01 2518381    /home/sarnobat/.m2/repository/org/apache/maven/shared/maven-shared-utils/0.4/maven-shared-utils-0.4.jar
62e28000-62e2e000 r--s 00033000 08:01 2717468    /home/sarnobat/.m2/repository/commons-codec/commons-codec/1.6/commons-codec-1.6.jar
62e2e000-62e36000 r--s 00049000 08:01 2733169    /home/sarnobat/.m2/repository/backport-util-concurrent/backport-util-concurrent/3.1/backport-util-concurrent-3.1.jar
62e36000-62e38000 r--s 0000b000 08:01 2535037    /home/sarnobat/.m2/repository/org/codehaus/plexus/plexus-interpolation/1.11/plexus-interpolation-1.11.jar
62e38000-62e3a000 r--s 00007000 08:01 2502009    /home/sarnobat/.m2/repository/org/apache/maven/plugins/maven-install-plugin/2.5.2/maven-install-plugin-2.5.2.jar
62e3a000-62e3e000 r--s 00034000 08:01 2518358    /home/sarnobat/.m2/repository/org/codehaus/plexus/plexus-utils/3.0/plexus-utils-3.0.jar
62e3e000-62e42000 r--s 0002f000 08:01 2796277    /home/sarnobat/.m2/repository/commons-lang/commons-lang/2.1/commons-lang-2.1.jar
62e42000-62e45000 r--s 0000c000 08:01 2518355    /home/sarnobat/.m2/repository/org/codehaus/plexus/plexus-io/2.0.2/plexus-io-2.0.2.jar
62e45000-62e4a000 r--s 00029000 08:01 2518351    /home/sarnobat/.m2/repository/org/codehaus/plexus/plexus-archiver/2.1/plexus-archiver-2.1.jar
62e4a000-62e4c000 r--s 0000d000 08:01 2518353    /home/sarnobat/.m2/repository/org/codehaus/plexus/plexus-interpolation/1.15/plexus-interpolation-1.15.jar
62e4c000-62e4e000 r--s 00004000 08:01 2518349    /home/sarnobat/.m2/repository/org/apache/maven/maven-archiver/2.5/maven-archiver-2.5.jar
62e4e000-62e50000 r--s 00007000 08:01 2501991    /home/sarnobat/.m2/repository/org/apache/maven/plugins/maven-jar-plugin/2.4/maven-jar-plugin-2.4.jar
62e50000-62e51000 r--s 00003000 08:01 2510172    /home/sarnobat/.m2/repository/org/apache/maven/plugin-tools/maven-plugin-annotations/3.2/maven-plugin-annotations-3.2.jar
62e51000-62e55000 r--s 00020000 08:01 2510164    /home/sarnobat/.m2/repository/org/apache/maven/surefire/surefire-api/2.17/surefire-api-2.17.jar
62e55000-62e5b000 r--s 00048000 08:01 2698094    /home/sarnobat/.m2/repository/org/apache/commons/commons-lang3/3.1/commons-lang3-3.1.jar
62e5b000-62e5c000 r--s 00002000 08:01 2518298    /home/sarnobat/.m2/repository/org/apache/maven/reporting/maven-reporting-api/2.0.9/maven-reporting-api-2.0.9.jar
62e5c000-62e60000 r--s 00030000 08:01 2494200    /home/sarnobat/.m2/repository/org/codehaus/plexus/plexus-utils/1.5.1/plexus-utils-1.5.1.jar
62e60000-62e62000 r--s 00008000 08:01 2510162    /home/sarnobat/.m2/repository/org/apache/maven/surefire/surefire-booter/2.17/surefire-booter-2.17.jar
62e62000-62e67000 r--s 0003c000 08:01 2510160    /home/sarnobat/.m2/repository/org/apache/maven/surefire/maven-surefire-common/2.17/maven-surefire-common-2.17.jar
62e67000-62e69000 r--s 00007000 08:01 2501983    /home/sarnobat/.m2/repository/org/apache/maven/plugins/maven-surefire-plugin/2.17/maven-surefire-plugin-2.17.jar
62e69000-62e6b000 r--s 00002000 08:01 2535096    /home/sarnobat/.m2/repository/org/codehaus/plexus/plexus-compiler-javac/1.8.1/plexus-compiler-javac-1.8.1.jar
62e6b000-62e6d000 r--s 00000000 08:01 2535098    /home/sarnobat/.m2/repository/org/codehaus/plexus/plexus-compiler-manager/1.8.1/plexus-compiler-manager-1.8.1.jar
62e6d000-62e6e000 r--s 00004000 08:01 2535100    /home/sarnobat/.m2/repository/org/codehaus/plexus/plexus-compiler-api/1.8.1/plexus-compiler-api-1.8.1.jar
62e6e000-62e70000 r--s 00006000 08:01 2699238    /home/sarnobat/.m2/repository/org/apache/maven/plugins/maven-compiler-plugin/2.3.2/maven-compiler-plugin-2.3.2.jar
62e70000-62e72000 r--s 0000d000 08:01 2502054    /home/sarnobat/.m2/repository/org/codehaus/plexus/plexus-interpolation/1.13/plexus-interpolation-1.13.jar
62e72000-62e73000 r--s 00001000 08:01 2772078    /home/sarnobat/.m2/repository/org/sonatype/plexus/plexus-build-api/0.0.4/plexus-build-api-0.0.4.jar
62e73000-62e75000 r--s 00009000 08:01 2502051    /home/sarnobat/.m2/repository/org/apache/maven/shared/maven-filtering/1.1/maven-filtering-1.1.jar
62e75000-62e79000 r--s 00033000 08:01 2535097    /home/sarnobat/.m2/repository/org/codehaus/plexus/plexus-utils/2.0.5/plexus-utils-2.0.5.jar
62e79000-62e7c000 r--s 0001b000 08:01 2478604    /home/sarnobat/.m2/repository/junit/junit/3.8.1/junit-3.8.1.jar
62e7c000-62e7e000 r--s 00002000 08:01 2478781    /home/sarnobat/.m2/repository/org/codehaus/plexus/plexus-interactivity-api/1.0-alpha-4/plexus-interactivity-api-1.0-alpha-4.jar
62e7e000-62e80000 r--s 00006000 08:01 2478775    /home/sarnobat/.m2/repository/commons-cli/commons-cli/1.0/commons-cli-1.0.jar
62e80000-62e81000 r--s 00001000 08:01 2478777    /home/sarnobat/.m2/repository/org/apache/maven/doxia/doxia-sink-api/1.0-alpha-7/doxia-sink-api-1.0-alpha-7.jar
62e81000-62e82000 r--s 00002000 08:01 2478776    /home/sarnobat/.m2/repository/org/apache/maven/reporting/maven-reporting-api/2.0.6/maven-reporting-api-2.0.6.jar
62e82000-62e84000 r--s 00006000 08:01 2501965    /home/sarnobat/.m2/repository/org/apache/maven/plugins/maven-resources-plugin/2.6/maven-resources-plugin-2.6.jar
62e84000-62e95000 r-xp 00000000 08:01 1693283    /usr/lib/jvm/java-8-openjdk-i386/jre/lib/i386/libnio.so
62e95000-62e96000 r--p 00010000 08:01 1693283    /usr/lib/jvm/java-8-openjdk-i386/jre/lib/i386/libnio.so
62e96000-62e97000 rw-p 00011000 08:01 1693283    /usr/lib/jvm/java-8-openjdk-i386/jre/lib/i386/libnio.so
62e97000-62ead000 r-xp 00000000 08:01 1693270    /usr/lib/jvm/java-8-openjdk-i386/jre/lib/i386/libnet.so
62ead000-62eae000 r--p 00015000 08:01 1693270    /usr/lib/jvm/java-8-openjdk-i386/jre/lib/i386/libnet.so
62eae000-62eaf000 rw-p 00016000 08:01 1693270    /usr/lib/jvm/java-8-openjdk-i386/jre/lib/i386/libnet.so
62eaf000-62eb4000 r--s 0009a000 08:01 1693288    /usr/lib/jvm/java-8-openjdk-i386/jre/lib/jsse.jar
62eb4000-62ec1000 r--s 0008d000 08:01 1149531    /usr/share/java/maven3-core-3.3.9.jar
62ec1000-62ec2000 r--s 00001000 08:01 1149511    /usr/share/java/wagon-file-2.x.jar
62ec2000-62ec5000 r--s 00007000 08:01 1149537    /usr/share/java/maven3-settings-builder-3.3.9.jar
62ec5000-62ecc000 r--s 0002c000 08:01 1149509    /usr/share/java/sisu-plexus.jar
62ecc000-62ed4000 r--s 00054000 08:01 1149507    /usr/share/java/sisu-inject.jar
62ed4000-62f00000 r--s 00208000 08:01 1148516    /usr/share/java/guava.jar
62f00000-62ff9000 rw-p 00000000 00:00 0 
62ff9000-63000000 ---p 00000000 00:00 0 
63000000-63002000 r--s 0000d000 08:01 1149536    /usr/share/java/maven3-aether-provider-3.3.9.jar
63002000-63006000 r--s 00027000 08:01 1145546    /usr/share/java/commons-io-2.4.jar
63006000-6300d000 r--s 0005d000 08:01 1149254    /usr/share/java/commons-lang3.jar
6300d000-6300e000 r--s 00004000 08:01 1145398    /usr/share/java/atinject-jsr330-tck-1.0.jar
6300e000-63010000 r--s 0000e000 08:01 1149271    /usr/share/java/plexus-interpolation.jar
63010000-63012000 r--s 00006000 08:01 1149372    /usr/share/java/eclipse-aether-spi.jar
63012000-63013000 r--s 00008000 08:01 1149370    /usr/share/java/eclipse-aether-connector-basic.jar
63013000-63017000 r--s 00027000 08:01 1149367    /usr/share/java/eclipse-aether-impl.jar
63017000-63019000 r--s 00005000 08:01 1149373    /usr/share/java/eclipse-aether-transport-wagon.jar
63019000-6301b000 r--s 00001000 08:01 1149403    /usr/share/java/aopalliance-1.0.jar
6301b000-6301d000 r--s 00001000 08:01 1149538    /usr/share/java/maven3-builder-support-3.3.9.jar
6301d000-63022000 r--s 0001d000 08:01 1149374    /usr/share/java/eclipse-aether-api.jar
63022000-63024000 r--s 00002000 08:01 1149449    /usr/share/java/plexus-cipher.jar
63024000-63025000 r--s 00002000 08:01 1149066    /usr/share/java/slf4j-simple.jar
63025000-63027000 r--s 00013000 08:01 1149534    /usr/share/java/maven3-embedder-3.3.9.jar
63027000-63029000 r--s 00027000 08:01 1149535    /usr/share/java/maven3-model-3.3.9.jar
63029000-6305a000 r--s 00207000 08:01 1149515    /usr/share/java/wagon-http-shaded-2.x.jar
6305a000-6305b000 ---p 00000000 00:00 0 
6305b000-630db000 rw-p 00000000 00:00 0 
630db000-630de000 ---p 00000000 00:00 0 
630de000-6312c000 rw-p 00000000 00:00 0 
6312c000-6312f000 ---p 00000000 00:00 0 
6312f000-631ad000 rw-p 00000000 00:00 0 
631ad000-631b0000 ---p 00000000 00:00 0 
631b0000-6322e000 rw-p 00000000 00:00 0 
6322e000-63231000 ---p 00000000 00:00 0 
63231000-632af000 rw-p 00000000 00:00 0 
632af000-632b2000 ---p 00000000 00:00 0 
632b2000-63300000 rw-p 00000000 00:00 0 
63300000-63500000 r--p 00000000 08:01 1110568    /usr/lib/locale/locale-archive
63500000-635fc000 rw-p 00000000 00:00 0 
635fc000-63600000 ---p 00000000 00:00 0 
63600000-63621000 rw-p 00000000 00:00 0 
63621000-63700000 ---p 00000000 00:00 0 
63700000-637fe000 rw-p 00000000 00:00 0 
637fe000-63800000 ---p 00000000 00:00 0 
63800000-63802000 r--s 0000a000 08:01 1147016    /usr/share/java/commons-cli-1.3.1.jar
63802000-63804000 r--s 0000a000 08:01 1149512    /usr/share/java/wagon-provider-api-2.x.jar
63804000-63807000 r--s 0000a000 08:01 1149539    /usr/share/java/maven3-artifact-3.3.9.jar
63807000-6380b000 r--s 00020000 08:01 1149392    /usr/share/java/eclipse-aether-util.jar
6380b000-6380c000 r--s 00006000 08:01 1149532    /usr/share/java/maven3-repository-metadata-3.3.9.jar
6380c000-6380e000 r--s 00007000 08:01 1149069    /usr/share/java/slf4j-api.jar
6380e000-6380f000 r--s 0000a000 08:01 1149528    /usr/share/java/maven3-settings-3.3.9.jar
6380f000-63813000 r--s 00038000 08:01 1149495    /usr/share/java/plexus-utils2.jar
63813000-63816000 ---p 00000000 00:00 0 
63816000-63864000 rw-p 00000000 00:00 0 
63864000-63865000 ---p 00000000 00:00 0 
63865000-638e5000 rw-p 00000000 00:00 0 
638e5000-63ab4000 r--s 03c21000 08:01 1693223    /usr/lib/jvm/java-8-openjdk-i386/jre/lib/rt.jar
63ab4000-63efa000 rw-p 00000000 00:00 0 
63efa000-63f00000 ---p 00000000 00:00 0 
63f00000-66300000 rw-p 00000000 00:00 0 
66300000-663fe000 rw-p 00000000 00:00 0 
663fe000-66400000 ---p 00000000 00:00 0 
66400000-66401000 r--s 00001000 08:01 1149518    /usr/share/java/wagon-http-shared-2.x.jar
66401000-66407000 r--s 00048000 08:01 1149288    /usr/share/java/jsoup.jar
66407000-66409000 r--s 0000a000 08:01 1149529    /usr/share/java/maven3-plugin-api-3.3.9.jar
66409000-6640e000 r--s 00025000 08:01 1149533    /usr/share/java/maven3-model-builder-3.3.9.jar
6640e000-66413000 r--s 00040000 08:01 1145678    /usr/share/java/commons-lang-2.6.jar
66413000-6642e000 r--s 00394000 08:01 1693228    /usr/lib/jvm/java-8-openjdk-i386/jre/lib/ext/cldrdata.jar
6642e000-66431000 ---p 00000000 00:00 0 
66431000-6647f000 rw-p 00000000 00:00 0 
6647f000-66480000 ---p 00000000 00:00 0 
66480000-66500000 rw-p 00000000 00:00 0 
66500000-665fb000 rw-p 00000000 00:00 0 
665fb000-66600000 ---p 00000000 00:00 0 
66600000-66621000 rw-p 00000000 00:00 0 
66621000-66700000 ---p 00000000 00:00 0 
66700000-66701000 r--s 00006000 08:01 1149451    /usr/share/java/plexus-sec-dispatcher.jar
66701000-66703000 r--s 00000000 08:01 1149499    /usr/share/java/plexus-component-annotations-1.5.jar
66703000-66705000 r--s 00012000 08:01 1144777    /usr/share/java/el-api-3.0.jar
66705000-66708000 r--s 00008000 08:01 1149246    /usr/share/java/cdi-api-1.0.jar
66708000-66716000 r--s 00095000 08:01 1149408    /usr/share/java/guice.jar
66716000-66731000 r--s 001d6000 08:01 1693230    /usr/lib/jvm/java-8-openjdk-i386/jre/lib/ext/nashorn.jar
66731000-6677f000 rw-p 00000000 00:00 0 
6677f000-66780000 ---p 00000000 00:00 0 
66780000-66800000 rw-p 00000000 00:00 0 
66800000-66821000 rw-p 00000000 00:00 0 
66821000-66900000 ---p 00000000 00:00 0 
66900000-66901000 r--s 00000000 08:01 1149240    /usr/share/java/geronimo-interceptor-3.0-spec-1.0.1.jar
66901000-66902000 r--s 00000000 08:01 1145399    /usr/share/java/atinject-jsr330-api-1.0.jar
66902000-66909000 r--s 00041000 08:01 1149530    /usr/share/java/maven3-compat-3.3.9.jar
66909000-6690b000 r--s 0000a000 08:01 1149493    /usr/share/java/plexus-classworlds2-2.5.2.jar
6690b000-6697e000 rw-p 00000000 00:00 0 
6697e000-6697f000 ---p 00000000 00:00 0 
6697f000-66a15000 rw-p 00000000 00:00 0 
66a15000-66b54000 ---p 00000000 00:00 0 
66b54000-66b9e000 rw-p 00000000 00:00 0 
66b9e000-66bff000 ---p 00000000 00:00 0 
66bff000-696c0000 rw-p 00000000 00:00 0 
696c0000-916c0000 ---p 00000000 00:00 0 
916c0000-9a8c0000 rw-p 00000000 00:00 0 
9a8c0000-a6c00000 ---p 00000000 00:00 0 
a6c00000-a6c02000 r--s 00008000 08:01 1693232    /usr/lib/jvm/java-8-openjdk-i386/jre/lib/ext/sunec.jar
a6c02000-a6c0c000 r--s 00116000 08:01 1693233    /usr/lib/jvm/java-8-openjdk-i386/jre/lib/ext/localedata.jar
a6c0c000-a6c0d000 ---p 00000000 00:00 0 
a6c0d000-a6ca3000 rw-p 00000000 00:00 0 
a6ca3000-a6de3000 ---p 00000000 00:00 0 
a6de3000-a6e0a000 rw-p 00000000 00:00 0 
a6e0a000-a71a3000 ---p 00000000 00:00 0 
a71a3000-a7b4b000 rwxp 00000000 00:00 0 
a7b4b000-b61a3000 ---p 00000000 00:00 0 
b61a3000-b61ae000 r-xp 00000000 08:01 3402889    /lib/i386-linux-gnu/libnss_files-2.23.so
b61ae000-b61af000 r--p 0000a000 08:01 3402889    /lib/i386-linux-gnu/libnss_files-2.23.so
b61af000-b61b0000 rw-p 0000b000 08:01 3402889    /lib/i386-linux-gnu/libnss_files-2.23.so
b61b0000-b61b6000 rw-p 00000000 00:00 0 
b61b6000-b61c1000 r-xp 00000000 08:01 3402895    /lib/i386-linux-gnu/libnss_nis-2.23.so
b61c1000-b61c2000 r--p 0000a000 08:01 3402895    /lib/i386-linux-gnu/libnss_nis-2.23.so
b61c2000-b61c3000 rw-p 0000b000 08:01 3402895    /lib/i386-linux-gnu/libnss_nis-2.23.so
b61c3000-b61da000 r-xp 00000000 08:01 3402652    /lib/i386-linux-gnu/libnsl-2.23.so
b61da000-b61db000 r--p 00016000 08:01 3402652    /lib/i386-linux-gnu/libnsl-2.23.so
b61db000-b61dc000 rw-p 00017000 08:01 3402652    /lib/i386-linux-gnu/libnsl-2.23.so
b61dc000-b61de000 rw-p 00000000 00:00 0 
b61de000-b61e6000 r-xp 00000000 08:01 3402720    /lib/i386-linux-gnu/libnss_compat-2.23.so
b61e6000-b61e7000 r--p 00007000 08:01 3402720    /lib/i386-linux-gnu/libnss_compat-2.23.so
b61e7000-b61e8000 rw-p 00008000 08:01 3402720    /lib/i386-linux-gnu/libnss_compat-2.23.so
b61e8000-b61ee000 r--s 0003a000 08:01 1693231    /usr/lib/jvm/java-8-openjdk-i386/jre/lib/ext/sunjce_provider.jar
b61ee000-b61f6000 r-xp 00000000 08:01 1693277    /usr/lib/jvm/java-8-openjdk-i386/jre/lib/i386/libzip.so
b61f6000-b61f7000 r--p 00007000 08:01 1693277    /usr/lib/jvm/java-8-openjdk-i386/jre/lib/i386/libzip.so
b61f7000-b61f8000 rw-p 00008000 08:01 1693277    /usr/lib/jvm/java-8-openjdk-i386/jre/lib/i386/libzip.so
b61f8000-b6200000 rw-s 00000000 08:01 2576973    /tmp/hsperfdata_sarnobat/20208
b6200000-b62fb000 rw-p 00000000 00:00 0 
b62fb000-b6300000 ---p 00000000 00:00 0 
b6300000-b6301000 r--s 00010000 08:01 1693229    /usr/lib/jvm/java-8-openjdk-i386/jre/lib/ext/zipfs.jar
b6301000-b6303000 r--s 00001000 08:01 1693236    /usr/lib/jvm/java-8-openjdk-i386/jre/lib/ext/dnsns.jar
b6303000-b6306000 r--s 0000f000 08:01 1693227    /usr/lib/jvm/java-8-openjdk-i386/jre/lib/ext/icedtea-sound.jar
b6306000-b632d000 r-xp 00000000 08:01 1693258    /usr/lib/jvm/java-8-openjdk-i386/jre/lib/i386/libjava.so
b632d000-b632e000 r--p 00026000 08:01 1693258    /usr/lib/jvm/java-8-openjdk-i386/jre/lib/i386/libjava.so
b632e000-b632f000 rw-p 00027000 08:01 1693258    /usr/lib/jvm/java-8-openjdk-i386/jre/lib/i386/libjava.so
b632f000-b6336000 r-xp 00000000 08:01 3402905    /lib/i386-linux-gnu/librt-2.23.so
b6336000-b6337000 r--p 00006000 08:01 3402905    /lib/i386-linux-gnu/librt-2.23.so
b6337000-b6338000 rw-p 00007000 08:01 3402905    /lib/i386-linux-gnu/librt-2.23.so
b6338000-b633b000 ---p 00000000 00:00 0 
b633b000-b6389000 rw-p 00000000 00:00 0 
b6389000-b63a5000 r-xp 00000000 08:01 3402590    /lib/i386-linux-gnu/libgcc_s.so.1
b63a5000-b63a6000 rw-p 0001b000 08:01 3402590    /lib/i386-linux-gnu/libgcc_s.so.1
b63a6000-b63f9000 r-xp 00000000 08:01 3402651    /lib/i386-linux-gnu/libm-2.23.so
b63f9000-b63fa000 r--p 00052000 08:01 3402651    /lib/i386-linux-gnu/libm-2.23.so
b63fa000-b63fb000 rw-p 00053000 08:01 3402651    /lib/i386-linux-gnu/libm-2.23.so
b63fb000-b6568000 r-xp 00000000 08:01 1104849    /usr/lib/i386-linux-gnu/libstdc++.so.6.0.21
b6568000-b6569000 ---p 0016d000 08:01 1104849    /usr/lib/i386-linux-gnu/libstdc++.so.6.0.21
b6569000-b656e000 r--p 0016d000 08:01 1104849    /usr/lib/i386-linux-gnu/libstdc++.so.6.0.21
b656e000-b656f000 rw-p 00172000 08:01 1104849    /usr/lib/i386-linux-gnu/libstdc++.so.6.0.21
b656f000-b6572000 rw-p 00000000 00:00 0 
b6572000-b7043000 r-xp 00000000 08:01 1693269    /usr/lib/jvm/java-8-openjdk-i386/jre/lib/i386/server/libjvm.so
b7043000-b7089000 r--p 00ad0000 08:01 1693269    /usr/lib/jvm/java-8-openjdk-i386/jre/lib/i386/server/libjvm.so
b7089000-b70a0000 rw-p 00b16000 08:01 1693269    /usr/lib/jvm/java-8-openjdk-i386/jre/lib/i386/server/libjvm.so
b70a0000-b74c0000 rw-p 00000000 00:00 0 
b74c0000-b74d9000 r-xp 00000000 08:01 3402662    /lib/i386-linux-gnu/libpthread-2.23.so
b74d9000-b74da000 r--p 00018000 08:01 3402662    /lib/i386-linux-gnu/libpthread-2.23.so
b74da000-b74db000 rw-p 00019000 08:01 3402662    /lib/i386-linux-gnu/libpthread-2.23.so
b74db000-b74dd000 rw-p 00000000 00:00 0 
b74dd000-b74e0000 r-xp 00000000 08:01 3402697    /lib/i386-linux-gnu/libdl-2.23.so
b74e0000-b74e1000 r--p 00002000 08:01 3402697    /lib/i386-linux-gnu/libdl-2.23.so
b74e1000-b74e2000 rw-p 00003000 08:01 3402697    /lib/i386-linux-gnu/libdl-2.23.so
b74e2000-b74e3000 rw-p 00000000 00:00 0 
b74e3000-b74fc000 r-xp 00000000 08:01 3402741    /lib/i386-linux-gnu/libz.so.1.2.8
b74fc000-b74fd000 r--p 00018000 08:01 3402741    /lib/i386-linux-gnu/libz.so.1.2.8
b74fd000-b74fe000 rw-p 00019000 08:01 3402741    /lib/i386-linux-gnu/libz.so.1.2.8
b74fe000-b76ae000 r-xp 00000000 08:01 3402663    /lib/i386-linux-gnu/libc-2.23.so
b76ae000-b76b0000 r--p 001af000 08:01 3402663    /lib/i386-linux-gnu/libc-2.23.so
b76b0000-b76b1000 rw-p 001b1000 08:01 3402663    /lib/i386-linux-gnu/libc-2.23.so
b76b1000-b76b4000 rw-p 00000000 00:00 0 
b76b4000-b76b5000 r--s 0000a000 08:01 1693235    /usr/lib/jvm/java-8-openjdk-i386/jre/lib/ext/jaccess.jar
b76b5000-b76b9000 r--s 00037000 08:01 1693234    /usr/lib/jvm/java-8-openjdk-i386/jre/lib/ext/sunpkcs11.jar
b76b9000-b76ba000 r--p 002d4000 08:01 1110568    /usr/lib/locale/locale-archive
b76ba000-b76bb000 rw-p 00000000 00:00 0 
b76bb000-b76bc000 r--p 00000000 00:00 0 
b76bc000-b76ca000 r-xp 00000000 08:01 1693275    /usr/lib/jvm/java-8-openjdk-i386/jre/lib/i386/libverify.so
b76ca000-b76cb000 r--p 0000d000 08:01 1693275    /usr/lib/jvm/java-8-openjdk-i386/jre/lib/i386/libverify.so
b76cb000-b76cc000 rw-p 0000e000 08:01 1693275    /usr/lib/jvm/java-8-openjdk-i386/jre/lib/i386/libverify.so
b76cc000-b76d9000 r-xp 00000000 08:01 1693273    /usr/lib/jvm/java-8-openjdk-i386/jre/lib/i386/jli/libjli.so
b76d9000-b76da000 r--p 0000c000 08:01 1693273    /usr/lib/jvm/java-8-openjdk-i386/jre/lib/i386/jli/libjli.so
b76da000-b76db000 rw-p 0000d000 08:01 1693273    /usr/lib/jvm/java-8-openjdk-i386/jre/lib/i386/jli/libjli.so
b76db000-b76dc000 rw-p 00000000 00:00 0 
b76dc000-b76de000 r--p 00000000 00:00 0          [vvar]
b76de000-b76df000 r-xp 00000000 00:00 0          [vdso]
b76df000-b7702000 r-xp 00000000 08:01 3402661    /lib/i386-linux-gnu/ld-2.23.so
b7702000-b7703000 r--p 00022000 08:01 3402661    /lib/i386-linux-gnu/ld-2.23.so
b7703000-b7704000 rw-p 00023000 08:01 3402661    /lib/i386-linux-gnu/ld-2.23.so
bf86e000-bf88f000 rw-p 00000000 00:00 0          [stack]

VM Arguments:
jvm_args: -Dclassworlds.conf=/usr/share/maven/bin/m2.conf -Dmaven.home=/usr/share/maven -Dmaven.multiModuleProjectDirectory=/home/sarnobat/github/maven_project 
java_command: org.codehaus.plexus.classworlds.launcher.Launcher --quiet --settings /home/sarnobat/sarnobat.git/mac/.m2/settings.xml install exec:java -Dexec.mainClass=Md5RoCopyFile -Dexec.args=4486 ~/sarnobat.git/db/md5ro/md5_files.txt
java_class_path (initial): /usr/share/maven/boot/plexus-classworlds-2.x.jar
Launcher Type: SUN_STANDARD

Environment Variables:
JAVA_HOME=/usr/lib/jvm/java-8-openjdk-i386
PATH=/usr/bin:/bin
SHELL=/bin/sh

Signal Handlers:
SIGSEGV: [libjvm.so+0x8d7370], sa_mask[0]=11111111011111111101111111111110, sa_flags=SA_RESTART|SA_SIGINFO
SIGBUS: [libjvm.so+0x8d7370], sa_mask[0]=11111111011111111101111111111110, sa_flags=SA_RESTART|SA_SIGINFO
SIGFPE: [libjvm.so+0x73d1c0], sa_mask[0]=11111111011111111101111111111110, sa_flags=SA_RESTART|SA_SIGINFO
SIGPIPE: [libjvm.so+0x73d1c0], sa_mask[0]=11111111011111111101111111111110, sa_flags=SA_RESTART|SA_SIGINFO
SIGXFSZ: [libjvm.so+0x73d1c0], sa_mask[0]=11111111011111111101111111111110, sa_flags=SA_RESTART|SA_SIGINFO
SIGILL: [libjvm.so+0x73d1c0], sa_mask[0]=11111111011111111101111111111110, sa_flags=SA_RESTART|SA_SIGINFO
SIGUSR1: SIG_DFL, sa_mask[0]=00000000000000000000000000000000, sa_flags=none
SIGUSR2: [libjvm.so+0x73d000], sa_mask[0]=00000000000000000000000000000000, sa_flags=SA_RESTART|SA_SIGINFO
SIGHUP: [libjvm.so+0x73d790], sa_mask[0]=11111111011111111101111111111110, sa_flags=SA_RESTART|SA_SIGINFO
SIGINT: [libjvm.so+0x73d790], sa_mask[0]=11111111011111111101111111111110, sa_flags=SA_RESTART|SA_SIGINFO
SIGTERM: [libjvm.so+0x73d790], sa_mask[0]=11111111011111111101111111111110, sa_flags=SA_RESTART|SA_SIGINFO
SIGQUIT: [libjvm.so+0x73d790], sa_mask[0]=11111111011111111101111111111110, sa_flags=SA_RESTART|SA_SIGINFO


---------------  S Y S T E M  ---------------

OS:DISTRIB_ID=Ubuntu
DISTRIB_RELEASE=16.04
DISTRIB_CODENAME=xenial
DISTRIB_DESCRIPTION="Ubuntu 16.04.1 LTS"

uname:Linux 4.4.0-104-generic #127-Ubuntu SMP Mon Dec 11 12:16:50 UTC 2017 i686
libc:glibc 2.23 NPTL 2.23 
rlimit: STACK 8192k, CORE 0k, NPROC 63057, NOFILE 1048576, AS infinity
load average:3.12 2.61 2.57

/proc/meminfo:
MemTotal:        8107456 kB
MemFree:          398352 kB
MemAvailable:          0 kB
Buffers:            9320 kB
Cached:           201540 kB
SwapCached:         4824 kB
Active:          6013508 kB
Inactive:        1485216 kB
Active(anon):    5997700 kB
Inactive(anon):  1468004 kB
Active(file):      15808 kB
Inactive(file):    17212 kB
Unevictable:           0 kB
Mlocked:               0 kB
HighTotal:       7292552 kB
HighFree:          90868 kB
LowTotal:         814904 kB
LowFree:          307484 kB
SwapTotal:       4007932 kB
SwapFree:              0 kB
Dirty:               704 kB
Writeback:             4 kB
AnonPages:       7283460 kB
Mapped:            24244 kB
Shmem:            177484 kB
Slab:              98104 kB
SReclaimable:      51048 kB
SUnreclaim:        47056 kB
KernelStack:       16552 kB
PageTables:        46228 kB
NFS_Unstable:          0 kB
Bounce:                0 kB
WritebackTmp:          0 kB
CommitLimit:     8061660 kB
Committed_AS:   25590560 kB
VmallocTotal:     122880 kB
VmallocUsed:           0 kB
VmallocChunk:          0 kB
AnonHugePages:   4290560 kB
CmaTotal:              0 kB
CmaFree:               0 kB
HugePages_Total:       0
HugePages_Free:        0
HugePages_Rsvd:        0
HugePages_Surp:        0
Hugepagesize:       2048 kB
DirectMap4k:       34808 kB
DirectMap2M:      876544 kB


CPU:total 4 (initial active 4) (2 cores per cpu, 2 threads per core) family 6 model 58 stepping 9, cmov, cx8, fxsr, mmx, sse, sse2, sse3, ssse3, sse4.1, sse4.2, popcnt, avx, aes, clmul, erms, ht, tsc, tscinvbit, tscinv

/proc/cpuinfo:
processor	: 0
vendor_id	: GenuineIntel
cpu family	: 6
model		: 58
model name	: Intel(R) Core(TM) i5-3427U CPU @ 1.80GHz
stepping	: 9
microcode	: 0x17
cpu MHz		: 1099.957
cache size	: 3072 KB
physical id	: 0
siblings	: 4
core id		: 0
cpu cores	: 2
apicid		: 0
initial apicid	: 0
fdiv_bug	: no
f00f_bug	: no
coma_bug	: no
fpu		: yes
fpu_exception	: yes
cpuid level	: 13
wp		: yes
flags		: fpu vme de pse tsc msr pae mce cx8 apic sep mtrr pge mca cmov pat pse36 clflush dts acpi mmx fxsr sse sse2 ss ht tm pbe nx rdtscp lm constant_tsc arch_perfmon pebs bts xtopology nonstop_tsc aperfmperf eagerfpu pni pclmulqdq dtes64 monitor ds_cpl vmx smx est tm2 ssse3 cx16 xtpr pdcm pcid sse4_1 sse4_2 x2apic popcnt tsc_deadline_timer aes xsave avx f16c rdrand lahf_lm epb tpr_shadow vnmi flexpriority ept vpid fsgsbase smep erms xsaveopt dtherm ida arat pln pts
bugs		:
bogomips	: 4589.86
clflush size	: 64
cache_alignment	: 64
address sizes	: 36 bits physical, 48 bits virtual
power management:

processor	: 1
vendor_id	: GenuineIntel
cpu family	: 6
model		: 58
model name	: Intel(R) Core(TM) i5-3427U CPU @ 1.80GHz
stepping	: 9
microcode	: 0x17
cpu MHz		: 1099.957
cache size	: 3072 KB
physical id	: 0
siblings	: 4
core id		: 1
cpu cores	: 2
apicid		: 2
initial apicid	: 2
fdiv_bug	: no
f00f_bug	: no
coma_bug	: no
fpu		: yes
fpu_exception	: yes
cpuid level	: 13
wp		: yes
flags		: fpu vme de pse tsc msr pae mce cx8 apic sep mtrr pge mca cmov pat pse36 clflush dts acpi mmx fxsr sse sse2 ss ht tm pbe nx rdtscp lm constant_tsc arch_perfmon pebs bts xtopology nonstop_tsc aperfmperf eagerfpu pni pclmulqdq dtes64 monitor ds_cpl vmx smx est tm2 ssse3 cx16 xtpr pdcm pcid sse4_1 sse4_2 x2apic popcnt tsc_deadline_timer aes xsave avx f16c rdrand lahf_lm epb tpr_shadow vnmi flexpriority ept vpid fsgsbase smep erms xsaveopt dtherm ida arat pln pts
bugs		:
bogomips	: 4589.86
clflush size	: 64
cache_alignment	: 64
address sizes	: 36 bits physical, 48 bits virtual
power management:

processor	: 2
vendor_id	: GenuineIntel
cpu family	: 6
model		: 58
model name	: Intel(R) Core(TM) i5-3427U CPU @ 1.80GHz
stepping	: 9
microcode	: 0x17
cpu MHz		: 1099.957
cache size	: 3072 KB
physical id	: 0
siblings	: 4
core id		: 0
cpu cores	: 2
apicid		: 1
initial apicid	: 1
fdiv_bug	: no
f00f_bug	: no
coma_bug	: no
fpu		: yes
fpu_exception	: yes
cpuid level	: 13
wp		: yes
flags		: fpu vme de pse tsc msr pae mce cx8 apic sep mtrr pge mca cmov pat pse36 clflush dts acpi mmx fxsr sse sse2 ss ht tm pbe nx rdtscp lm constant_tsc arch_perfmon pebs bts xtopology nonstop_tsc aperfmperf eagerfpu pni pclmulqdq dtes64 monitor ds_cpl vmx smx est tm2 ssse3 cx16 xtpr pdcm pcid sse4_1 sse4_2 x2apic popcnt tsc_deadline_timer aes xsave avx f16c rdrand lahf_lm epb tpr_shadow vnmi flexpriority ept vpid fsgsbase smep erms xsaveopt dtherm ida arat pln pts
bugs		:
bogomips	: 4589.86
clflush size	: 64
cache_alignment	: 64
address sizes	: 36 bits physical, 48 bits virtual
power management:

processor	: 3
vendor_id	: GenuineIntel
cpu family	: 6
model		: 58
model name	: Intel(R) Core(TM) i5-3427U CPU @ 1.80GHz
stepping	: 9
microcode	: 0x17
cpu MHz		: 1099.957
cache size	: 3072 KB
physical id	: 0
siblings	: 4
core id		: 1
cpu cores	: 2
apicid		: 3
initial apicid	: 3
fdiv_bug	: no
f00f_bug	: no
coma_bug	: no
fpu		: yes
fpu_exception	: yes
cpuid level	: 13
wp		: yes
flags		: fpu vme de pse tsc msr pae mce cx8 apic sep mtrr pge mca cmov pat pse36 clflush dts acpi mmx fxsr sse sse2 ss ht tm pbe nx rdtscp lm constant_tsc arch_perfmon pebs bts xtopology nonstop_tsc aperfmperf eagerfpu pni pclmulqdq dtes64 monitor ds_cpl vmx smx est tm2 ssse3 cx16 xtpr pdcm pcid sse4_1 sse4_2 x2apic popcnt tsc_deadline_timer aes xsave avx f16c rdrand lahf_lm epb tpr_shadow vnmi flexpriority ept vpid fsgsbase smep erms xsaveopt dtherm ida arat pln pts
bugs		:
bogomips	: 4589.86
clflush size	: 64
cache_alignment	: 64
address sizes	: 36 bits physical, 48 bits virtual
power management:



Memory: 4k page, physical 8107456k(398352k free), swap 4007932k(0k free)

vm_info: OpenJDK Server VM (25.151-b12) for linux-x86 JRE (1.8.0_151-8u151-b12-0ubuntu0.16.04.2-b12), built on Oct 27 2017 22:05:04 by "buildd" with gcc 5.4.0 20160609

time: Thu Mar 22 16:36:17 2018
elapsed time: 15 seconds (0d 0h 0m 15s)

