#
# There is insufficient memory for the Java Runtime Environment to continue.
# Native memory allocation (mmap) failed to map 32768 bytes for committing reserved memory.
# Possible reasons:
#   The system is out of physical RAM or swap space
#   In 32 bit mode, the process size limit was hit
# Possible solutions:
#   Reduce memory load on the system
#   Increase physical memory or swap space
#   Check if swap backing store is full
#   Use 64 bit Java on a 64 bit OS
#   Decrease Java heap size (-Xmx/-Xms)
#   Decrease number of Java threads
#   Decrease Java thread stack sizes (-Xss)
#   Set larger code cache with -XX:ReservedCodeCacheSize=
# This output file may be truncated or incomplete.
#
#  Out of Memory Error (os_linux.cpp:2643), pid=12293, tid=0x6322db40
#
# JRE version: OpenJDK Runtime Environment (8.0_151-b12) (build 1.8.0_151-8u151-b12-0ubuntu0.16.04.2-b12)
# Java VM: OpenJDK Server VM (25.151-b12 mixed mode linux-x86 )
# Failed to write core dump. Core dumps have been disabled. To enable core dumping, try "ulimit -c unlimited" before starting Java again
#

---------------  T H R E A D  ---------------

Current thread (0x637a5c00):  JavaThread "C2 CompilerThread1" daemon [_thread_in_vm, id=12363, stack(0x631ad000,0x6322e000)]

Stack: [0x631ad000,0x6322e000],  sp=0x6322c0a0,  free space=508k
Native frames: (J=compiled Java code, j=interpreted, Vv=VM code, C=native code)
V  [libjvm.so+0x8d6834]
V  [libjvm.so+0x3a7c76]
V  [libjvm.so+0x7420c0]
V  [libjvm.so+0x73c013]
V  [libjvm.so+0x8d3264]
V  [libjvm.so+0x4ba943]
V  [libjvm.so+0x335e73]
V  [libjvm.so+0x716ae0]
V  [libjvm.so+0x2d0cdb]
V  [libjvm.so+0x355c9d]
V  [libjvm.so+0x2ad730]
V  [libjvm.so+0x360d41]
V  [libjvm.so+0x3624fa]
V  [libjvm.so+0x878977]
V  [libjvm.so+0x88198b]
V  [libjvm.so+0x881e5e]
V  [libjvm.so+0x73f2b5]
C  [libpthread.so.0+0x6295]  start_thread+0xe5
C  [libc.so.6+0xe70ae]  clone+0x6e


Current CompileTask:
C2:   9687 2920  s    4       java.util.Hashtable::putAll (52 bytes)


---------------  P R O C E S S  ---------------

Java Threads: ( => current thread )
  0x637aa000 JavaThread "Service Thread" daemon [_thread_blocked, id=12369, stack(0x630db000,0x6312c000)]
  0x637a7000 JavaThread "C1 CompilerThread2" daemon [_thread_blocked, id=12366, stack(0x6312c000,0x631ad000)]
=>0x637a5c00 JavaThread "C2 CompilerThread1" daemon [_thread_in_vm, id=12363, stack(0x631ad000,0x6322e000)]
  0x637a3c00 JavaThread "C2 CompilerThread0" daemon [_thread_in_native, id=12362, stack(0x6322e000,0x632af000)]
  0x637a2400 JavaThread "Signal Dispatcher" daemon [_thread_blocked, id=12361, stack(0x632af000,0x63300000)]
  0x63788800 JavaThread "Finalizer" daemon [_thread_blocked, id=12359, stack(0x63813000,0x63864000)]
  0x63785800 JavaThread "Reference Handler" daemon [_thread_blocked, id=12357, stack(0x6642e000,0x6647f000)]
  0xb6207800 JavaThread "main" [_thread_blocked, id=12345, stack(0xb6389000,0xb63da000)]

Other Threads:
  0x63781000 VMThread [stack: 0x63864000,0x638e5000] [id=12355]
  0x637abc00 WatcherThread [stack: 0x6305a000,0x630db000] [id=12370]

VM state:not at safepoint (normal execution)

VM Mutex/Monitor currently owned by a thread:  ([mutex/lock_event])
[0xb62044f8] CodeCache_lock - owner thread: 0x637a5c00
[0xb6205740] Compile_lock - owner thread: 0x637a5c00
[0xb6205810] MethodCompileQueue_lock - owner thread: 0x637a5c00

Heap:
 PSYoungGen      total 71680K, used 69193K [0x918c0000, 0x965c0000, 0xa6e00000)
  eden space 66048K, 96% used [0x918c0000,0x9573af80,0x95940000)
  from space 5632K, 92% used [0x95f40000,0x964574d0,0x964c0000)
  to   space 6144K, 0% used [0x95940000,0x95940000,0x95f40000)
 ParOldGen       total 43776K, used 6583K [0x66e00000, 0x698c0000, 0x918c0000)
  object space 43776K, 15% used [0x66e00000,0x6746df30,0x698c0000)
 Metaspace       used 11026K, capacity 11165K, committed 11288K, reserved 11568K

Card table byte_map: [0x66bff000,0x66e00000] byte_map_base: 0x668c8000

Marking Bits: (ParMarkBitMap*) 0xb70ff880
 Begin Bits: [0x64300000, 0x65300000)
 End Bits:   [0x65300000, 0x66300000)

Polling page: 0xb770c000

CodeCache: size=245760Kb used=8080Kb max_used=8080Kb free=237679Kb
 bounds [0xa71ed000, 0xa79d5000, 0xb61ed000]
 total_blobs=3083 nmethods=2899 adapters=95
 compilation: enabled

Compilation events (10 events):
Event: 9.622 Thread 0x637a7000 2922       3       java.io.StringReader::<init> (28 bytes)
Event: 9.622 Thread 0x637a7000 nmethod 2922 0xa79c1cc8 code [0xa79c1de0, 0xa79c2060]
Event: 9.649 Thread 0x637a7000 2923       3       java.util.regex.Pattern$BnM::match (161 bytes)
Event: 9.652 Thread 0x637a7000 nmethod 2923 0xa79cdc08 code [0xa79cdd80, 0xa79ce338]
Event: 9.655 Thread 0x637a7000 2924       3       org.apache.maven.model.merge.ModelMerger::mergeScm (37 bytes)
Event: 9.656 Thread 0x637a7000 nmethod 2924 0xa79c16c8 code [0xa79c1800, 0xa79c1bb0]
Event: 9.656 Thread 0x637a7000 2925       3       org.apache.maven.model.merge.MavenModelMerger::mergeScm_Url (68 bytes)
Event: 9.659 Thread 0x637a7000 nmethod 2925 0xa79ce848 code [0xa79cea80, 0xa79cf7bc]
Event: 9.659 Thread 0x637a7000 2926       3       org.apache.maven.model.merge.MavenModelMerger::mergeScm_Connection (68 bytes)
Event: 9.663 Thread 0x637a7000 nmethod 2926 0xa79d0008 code [0xa79d0240, 0xa79d0f7c]

GC Heap History (10 events):
Event: 2.759 GC heap before
{Heap before GC invocations=2 (full 0):
 PSYoungGen      total 19200K, used 19190K [0x918c0000, 0x92e00000, 0xa6e00000)
  eden space 16640K, 100% used [0x918c0000,0x92900000,0x92900000)
  from space 2560K, 99% used [0x92900000,0x92b7d908,0x92b80000)
  to   space 2560K, 0% used [0x92b80000,0x92b80000,0x92e00000)
 ParOldGen       total 43776K, used 794K [0x66e00000, 0x698c0000, 0x918c0000)
  object space 43776K, 1% used [0x66e00000,0x66ec6a40,0x698c0000)
 Metaspace       used 5303K, capacity 5354K, committed 5400K, reserved 5424K
Event: 2.767 GC heap after
Heap after GC invocations=2 (full 0):
 PSYoungGen      total 19200K, used 2558K [0x918c0000, 0x92e00000, 0xa6e00000)
  eden space 16640K, 0% used [0x918c0000,0x918c0000,0x92900000)
  from space 2560K, 99% used [0x92b80000,0x92dffb00,0x92e00000)
  to   space 2560K, 0% used [0x92900000,0x92900000,0x92b80000)
 ParOldGen       total 43776K, used 852K [0x66e00000, 0x698c0000, 0x918c0000)
  object space 43776K, 1% used [0x66e00000,0x66ed5368,0x698c0000)
 Metaspace       used 5303K, capacity 5354K, committed 5400K, reserved 5424K
}
Event: 3.349 GC heap before
{Heap before GC invocations=3 (full 0):
 PSYoungGen      total 19200K, used 19198K [0x918c0000, 0x92e00000, 0xa6e00000)
  eden space 16640K, 100% used [0x918c0000,0x92900000,0x92900000)
  from space 2560K, 99% used [0x92b80000,0x92dffb00,0x92e00000)
  to   space 2560K, 0% used [0x92900000,0x92900000,0x92b80000)
 ParOldGen       total 43776K, used 852K [0x66e00000, 0x698c0000, 0x918c0000)
  object space 43776K, 1% used [0x66e00000,0x66ed5368,0x698c0000)
 Metaspace       used 6670K, capacity 6743K, committed 6808K, reserved 7472K
Event: 3.361 GC heap after
Heap after GC invocations=3 (full 0):
 PSYoungGen      total 19200K, used 2548K [0x918c0000, 0x93e40000, 0xa6e00000)
  eden space 16640K, 0% used [0x918c0000,0x918c0000,0x92900000)
  from space 2560K, 99% used [0x92900000,0x92b7d130,0x92b80000)
  to   space 2560K, 0% used [0x93bc0000,0x93bc0000,0x93e40000)
 ParOldGen       total 43776K, used 2274K [0x66e00000, 0x698c0000, 0x918c0000)
  object space 43776K, 5% used [0x66e00000,0x67038aa8,0x698c0000)
 Metaspace       used 6670K, capacity 6743K, committed 6808K, reserved 7472K
}
Event: 4.038 GC heap before
{Heap before GC invocations=4 (full 0):
 PSYoungGen      total 19200K, used 19188K [0x918c0000, 0x93e40000, 0xa6e00000)
  eden space 16640K, 100% used [0x918c0000,0x92900000,0x92900000)
  from space 2560K, 99% used [0x92900000,0x92b7d130,0x92b80000)
  to   space 2560K, 0% used [0x93bc0000,0x93bc0000,0x93e40000)
 ParOldGen       total 43776K, used 2274K [0x66e00000, 0x698c0000, 0x918c0000)
  object space 43776K, 5% used [0x66e00000,0x67038aa8,0x698c0000)
 Metaspace       used 8097K, capacity 8158K, committed 8216K, reserved 8496K
Event: 4.111 GC heap after
Heap after GC invocations=4 (full 0):
 PSYoungGen      total 35840K, used 2554K [0x918c0000, 0x93e40000, 0xa6e00000)
  eden space 33280K, 0% used [0x918c0000,0x918c0000,0x93940000)
  from space 2560K, 99% used [0x93bc0000,0x93e3e880,0x93e40000)
  to   space 2560K, 0% used [0x93940000,0x93940000,0x93bc0000)
 ParOldGen       total 43776K, used 4393K [0x66e00000, 0x698c0000, 0x918c0000)
  object space 43776K, 10% used [0x66e00000,0x6724a7a0,0x698c0000)
 Metaspace       used 8097K, capacity 8158K, committed 8216K, reserved 8496K
}
Event: 5.502 GC heap before
{Heap before GC invocations=5 (full 0):
 PSYoungGen      total 35840K, used 35834K [0x918c0000, 0x93e40000, 0xa6e00000)
  eden space 33280K, 100% used [0x918c0000,0x93940000,0x93940000)
  from space 2560K, 99% used [0x93bc0000,0x93e3e880,0x93e40000)
  to   space 2560K, 0% used [0x93940000,0x93940000,0x93bc0000)
 ParOldGen       total 43776K, used 4393K [0x66e00000, 0x698c0000, 0x918c0000)
  object space 43776K, 10% used [0x66e00000,0x6724a7a0,0x698c0000)
 Metaspace       used 9986K, capacity 10075K, committed 10136K, reserved 10544K
Event: 5.527 GC heap after
Heap after GC invocations=5 (full 0):
 PSYoungGen      total 35840K, used 2546K [0x918c0000, 0x964c0000, 0xa6e00000)
  eden space 33280K, 0% used [0x918c0000,0x918c0000,0x93940000)
  from space 2560K, 99% used [0x93940000,0x93bbc880,0x93bc0000)
  to   space 5632K, 0% used [0x95f40000,0x95f40000,0x964c0000)
 ParOldGen       total 43776K, used 6579K [0x66e00000, 0x698c0000, 0x918c0000)
  object space 43776K, 15% used [0x66e00000,0x6746cf30,0x698c0000)
 Metaspace       used 9986K, capacity 10075K, committed 10136K, reserved 10544K
}
Event: 7.487 GC heap before
{Heap before GC invocations=6 (full 0):
 PSYoungGen      total 35840K, used 35826K [0x918c0000, 0x964c0000, 0xa6e00000)
  eden space 33280K, 100% used [0x918c0000,0x93940000,0x93940000)
  from space 2560K, 99% used [0x93940000,0x93bbc880,0x93bc0000)
  to   space 5632K, 0% used [0x95f40000,0x95f40000,0x964c0000)
 ParOldGen       total 43776K, used 6579K [0x66e00000, 0x698c0000, 0x918c0000)
  object space 43776K, 15% used [0x66e00000,0x6746cf30,0x698c0000)
 Metaspace       used 10765K, capacity 10860K, committed 11032K, reserved 11568K
Event: 7.520 GC heap after
Heap after GC invocations=6 (full 0):
 PSYoungGen      total 71680K, used 5213K [0x918c0000, 0x965c0000, 0xa6e00000)
  eden space 66048K, 0% used [0x918c0000,0x918c0000,0x95940000)
  from space 5632K, 92% used [0x95f40000,0x964574d0,0x964c0000)
  to   space 6144K, 0% used [0x95940000,0x95940000,0x95f40000)
 ParOldGen       total 43776K, used 6583K [0x66e00000, 0x698c0000, 0x918c0000)
  object space 43776K, 15% used [0x66e00000,0x6746df30,0x698c0000)
 Metaspace       used 10765K, capacity 10860K, committed 11032K, reserved 11568K
}

Deoptimization events (10 events):
Event: 6.443 Thread 0xb6207800 Uncommon trap: reason=class_check action=maybe_recompile pc=0xa76beed4 method=java.util.regex.Pattern$7.isSatisfiedBy(I)Z @ 16
Event: 6.787 Thread 0xb6207800 Uncommon trap: reason=unstable_if action=reinterpret pc=0xa776e6b0 method=org.codehaus.plexus.util.xml.pull.MXParser.nextImpl()I @ 280
Event: 8.165 Thread 0xb6207800 Uncommon trap: reason=unstable_if action=reinterpret pc=0xa789c04c method=java.lang.String.regionMatches(ZILjava/lang/String;II)Z @ 25
Event: 8.691 Thread 0xb6207800 Uncommon trap: reason=unstable_if action=reinterpret pc=0xa790cfec method=java.util.regex.Pattern$Slice.match(Ljava/util/regex/Matcher;ILjava/lang/CharSequence;)Z @ 29
Event: 9.147 Thread 0xb6207800 Uncommon trap: reason=unstable_if action=reinterpret pc=0xa79473c0 method=org.codehaus.plexus.util.xml.pull.MXParser.parseAttribute()C @ 995
Event: 9.249 Thread 0xb6207800 Uncommon trap: reason=intrinsic action=make_not_entrant pc=0xa7911dd4 method=org.apache.maven.model.Dependency.getManagementKey()Ljava/lang/String; @ 8
Event: 9.292 Thread 0xb6207800 Uncommon trap: reason=bimorphic action=maybe_recompile pc=0xa7710374 method=java.util.concurrent.ConcurrentHashMap.get(Ljava/lang/Object;)Ljava/lang/Object; @ 149
Event: 9.301 Thread 0xb6207800 Uncommon trap: reason=bimorphic action=maybe_recompile pc=0xa7710374 method=java.util.concurrent.ConcurrentHashMap.get(Ljava/lang/Object;)Ljava/lang/Object; @ 149
Event: 9.307 Thread 0xb6207800 Uncommon trap: reason=bimorphic action=maybe_recompile pc=0xa7710374 method=java.util.concurrent.ConcurrentHashMap.get(Ljava/lang/Object;)Ljava/lang/Object; @ 149
Event: 9.315 Thread 0xb6207800 Uncommon trap: reason=bimorphic action=maybe_recompile pc=0xa7710374 method=java.util.concurrent.ConcurrentHashMap.get(Ljava/lang/Object;)Ljava/lang/Object; @ 149

Internal exceptions (10 events):
Event: 5.372 Thread 0xb6207800 Exception <a 'java/lang/NullPointerException'> (0x935ca020) thrown at [/build/openjdk-8-Y4imzb/openjdk-8-8u151-b12/src/hotspot/src/share/vm/interpreter/linkResolver.cpp, line 1183]
Event: 5.372 Thread 0xb6207800 Exception <a 'java/lang/NullPointerException'> (0x935ca230) thrown at [/build/openjdk-8-Y4imzb/openjdk-8-8u151-b12/src/hotspot/src/share/vm/interpreter/linkResolver.cpp, line 1183]
Event: 5.373 Thread 0xb6207800 Exception <a 'java/lang/NullPointerException'> (0x935d2a08) thrown at [/build/openjdk-8-Y4imzb/openjdk-8-8u151-b12/src/hotspot/src/share/vm/interpreter/linkResolver.cpp, line 1183]
Event: 5.373 Thread 0xb6207800 Exception <a 'java/lang/NullPointerException'> (0x935d2c18) thrown at [/build/openjdk-8-Y4imzb/openjdk-8-8u151-b12/src/hotspot/src/share/vm/interpreter/linkResolver.cpp, line 1183]
Event: 5.373 Thread 0xb6207800 Exception <a 'java/lang/NullPointerException'> (0x935d2e28) thrown at [/build/openjdk-8-Y4imzb/openjdk-8-8u151-b12/src/hotspot/src/share/vm/interpreter/linkResolver.cpp, line 1183]
Event: 6.006 Thread 0xb6207800 Implicit null exception at 0xa73e2f3e to 0xa73e30d5
Event: 6.006 Thread 0xb6207800 Implicit null exception at 0xa73c600b to 0xa73c6050
Event: 6.348 Thread 0xb6207800 Implicit null exception at 0xa76a1d03 to 0xa76a209d
Event: 6.350 Thread 0xb6207800 Implicit null exception at 0xa747eb3f to 0xa747ee85
Event: 6.428 Thread 0xb6207800 Implicit null exception at 0xa778080b to 0xa7780f11

Events (10 events):
Event: 9.301 Thread 0xb6207800 DEOPT PACKING pc=0xa7710374 sp=0xb63d7d10
Event: 9.301 Thread 0xb6207800 DEOPT UNPACKING pc=0xa7227bd5 sp=0xb63d7ccc mode 2
Event: 9.307 Thread 0xb6207800 Uncommon trap: trap_request=0xffffffc6 fr.pc=0xa7710374
Event: 9.307 Thread 0xb6207800 DEOPT PACKING pc=0xa7710374 sp=0xb63d7d10
Event: 9.307 Thread 0xb6207800 DEOPT UNPACKING pc=0xa7227bd5 sp=0xb63d7ccc mode 2
Event: 9.307 loading class com/google/inject/internal/InternalContext$1
Event: 9.307 loading class com/google/inject/internal/InternalContext$1 done
Event: 9.315 Thread 0xb6207800 Uncommon trap: trap_request=0xffffffc6 fr.pc=0xa7710374
Event: 9.315 Thread 0xb6207800 DEOPT PACKING pc=0xa7710374 sp=0xb63d7d10
Event: 9.315 Thread 0xb6207800 DEOPT UNPACKING pc=0xa7227bd5 sp=0xb63d7ccc mode 2


Dynamic libraries:
08048000-08049000 r-xp 00000000 08:01 1693306    /usr/lib/jvm/java-8-openjdk-i386/jre/bin/java
08049000-0804a000 r--p 00000000 08:01 1693306    /usr/lib/jvm/java-8-openjdk-i386/jre/bin/java
0804a000-0804b000 rw-p 00001000 08:01 1693306    /usr/lib/jvm/java-8-openjdk-i386/jre/bin/java
0956d000-09603000 rw-p 00000000 00:00 0          [heap]
5ec00000-5ecff000 rw-p 00000000 00:00 0 
5ecff000-5ed00000 ---p 00000000 00:00 0 
5ed00000-5edc2000 rw-p 00000000 00:00 0 
5edc2000-5ee00000 ---p 00000000 00:00 0 
5ee00000-5eefe000 rw-p 00000000 00:00 0 
5eefe000-5ef00000 ---p 00000000 00:00 0 
5ef00000-5eff9000 rw-p 00000000 00:00 0 
5eff9000-5f000000 ---p 00000000 00:00 0 
5f000000-5f0fb000 rw-p 00000000 00:00 0 
5f0fb000-5f100000 ---p 00000000 00:00 0 
5f100000-5f1fa000 rw-p 00000000 00:00 0 
5f1fa000-5f200000 ---p 00000000 00:00 0 
5f200000-5f2f9000 rw-p 00000000 00:00 0 
5f2f9000-5f300000 ---p 00000000 00:00 0 
5f300000-5f4ff000 rw-p 00000000 00:00 0 
5f4ff000-5f500000 ---p 00000000 00:00 0 
5f500000-5f600000 rw-p 00000000 00:00 0 
5f6ff000-61300000 rw-p 00000000 00:00 0 
61300000-6132c000 rw-p 00000000 00:00 0 
6132c000-61400000 ---p 00000000 00:00 0 
61400000-614fc000 rw-p 00000000 00:00 0 
614fc000-61500000 ---p 00000000 00:00 0 
61654000-61665000 r-xp 00000000 08:01 1693283    /usr/lib/jvm/java-8-openjdk-i386/jre/lib/i386/libnio.so
61665000-61666000 r--p 00010000 08:01 1693283    /usr/lib/jvm/java-8-openjdk-i386/jre/lib/i386/libnio.so
61666000-61667000 rw-p 00011000 08:01 1693283    /usr/lib/jvm/java-8-openjdk-i386/jre/lib/i386/libnio.so
61667000-6167d000 r-xp 00000000 08:01 1693270    /usr/lib/jvm/java-8-openjdk-i386/jre/lib/i386/libnet.so
6167d000-6167e000 r--p 00015000 08:01 1693270    /usr/lib/jvm/java-8-openjdk-i386/jre/lib/i386/libnet.so
6167e000-6167f000 rw-p 00016000 08:01 1693270    /usr/lib/jvm/java-8-openjdk-i386/jre/lib/i386/libnet.so
61700000-617c3000 rw-p 00000000 00:00 0 
617c3000-61800000 ---p 00000000 00:00 0 
61800000-618ff000 rw-p 00000000 00:00 0 
618ff000-61900000 ---p 00000000 00:00 0 
61900000-619f1000 rw-p 00000000 00:00 0 
619f1000-61a00000 ---p 00000000 00:00 0 
61a00000-61ac5000 rw-p 00000000 00:00 0 
61ac5000-61b00000 ---p 00000000 00:00 0 
61b00000-61c00000 rw-p 00000000 00:00 0 
61c00000-61cfb000 rw-p 00000000 00:00 0 
61cfb000-61d00000 ---p 00000000 00:00 0 
61d00000-61dc0000 rw-p 00000000 00:00 0 
61dc0000-61e00000 ---p 00000000 00:00 0 
61e00000-61ef9000 rw-p 00000000 00:00 0 
61ef9000-61f00000 ---p 00000000 00:00 0 
61f00000-61ffc000 rw-p 00000000 00:00 0 
61ffc000-62000000 ---p 00000000 00:00 0 
62000000-62100000 rw-p 00000000 00:00 0 
62100000-621f4000 rw-p 00000000 00:00 0 
621f4000-62200000 ---p 00000000 00:00 0 
62200000-62300000 rw-p 00000000 00:00 0 
62300000-62400000 rw-p 00000000 00:00 0 
62400000-62500000 rw-p 00000000 00:00 0 
62500000-625ec000 rw-p 00000000 00:00 0 
625ec000-62600000 ---p 00000000 00:00 0 
62600000-62700000 rw-p 00000000 00:00 0 
62700000-627fe000 rw-p 00000000 00:00 0 
627fe000-62800000 ---p 00000000 00:00 0 
62800000-628f9000 rw-p 00000000 00:00 0 
628f9000-62900000 ---p 00000000 00:00 0 
62900000-62a00000 rw-p 00000000 00:00 0 
62a00000-62afa000 rw-p 00000000 00:00 0 
62afa000-62b00000 ---p 00000000 00:00 0 
62b00000-62bf9000 rw-p 00000000 00:00 0 
62bf9000-62c00000 ---p 00000000 00:00 0 
62c00000-62d00000 rw-p 00000000 00:00 0 
62d00000-62dff000 rw-p 00000000 00:00 0 
62dff000-62e00000 ---p 00000000 00:00 0 
62e00000-62eff000 rw-p 00000000 00:00 0 
62eff000-62f00000 ---p 00000000 00:00 0 
62f00000-62ff9000 rw-p 00000000 00:00 0 
62ff9000-63000000 ---p 00000000 00:00 0 
63000000-63005000 r--s 0009a000 08:01 1693288    /usr/lib/jvm/java-8-openjdk-i386/jre/lib/jsse.jar
63005000-63012000 r--s 0008d000 08:01 1149531    /usr/share/java/maven3-core-3.3.9.jar
63012000-63013000 r--s 00001000 08:01 1149511    /usr/share/java/wagon-file-2.x.jar
63013000-63016000 r--s 00007000 08:01 1149537    /usr/share/java/maven3-settings-builder-3.3.9.jar
63016000-6301d000 r--s 0002c000 08:01 1149509    /usr/share/java/sisu-plexus.jar
6301d000-63021000 r--s 00027000 08:01 1145546    /usr/share/java/commons-io-2.4.jar
63021000-63029000 r--s 00054000 08:01 1149507    /usr/share/java/sisu-inject.jar
63029000-6305a000 r--s 00207000 08:01 1149515    /usr/share/java/wagon-http-shaded-2.x.jar
6305a000-6305b000 ---p 00000000 00:00 0 
6305b000-630db000 rw-p 00000000 00:00 0 
630db000-630de000 ---p 00000000 00:00 0 
630de000-6312c000 rw-p 00000000 00:00 0 
6312c000-6312f000 ---p 00000000 00:00 0 
6312f000-631ad000 rw-p 00000000 00:00 0 
631ad000-631b0000 ---p 00000000 00:00 0 
631b0000-6322e000 rw-p 00000000 00:00 0 
6322e000-63231000 ---p 00000000 00:00 0 
63231000-632af000 rw-p 00000000 00:00 0 
632af000-632b2000 ---p 00000000 00:00 0 
632b2000-63300000 rw-p 00000000 00:00 0 
63300000-63500000 r--p 00000000 08:01 1110568    /usr/lib/locale/locale-archive
63500000-635fc000 rw-p 00000000 00:00 0 
635fc000-63600000 ---p 00000000 00:00 0 
63600000-63621000 rw-p 00000000 00:00 0 
63621000-63700000 ---p 00000000 00:00 0 
63700000-637fb000 rw-p 00000000 00:00 0 
637fb000-63800000 ---p 00000000 00:00 0 
63800000-63802000 r--s 0000d000 08:01 1149536    /usr/share/java/maven3-aether-provider-3.3.9.jar
63802000-63809000 r--s 0005d000 08:01 1149254    /usr/share/java/commons-lang3.jar
63809000-6380a000 r--s 00004000 08:01 1145398    /usr/share/java/atinject-jsr330-tck-1.0.jar
6380a000-6380c000 r--s 0000e000 08:01 1149271    /usr/share/java/plexus-interpolation.jar
6380c000-6380e000 r--s 00006000 08:01 1149372    /usr/share/java/eclipse-aether-spi.jar
6380e000-6380f000 r--s 00008000 08:01 1149370    /usr/share/java/eclipse-aether-connector-basic.jar
6380f000-63813000 r--s 00027000 08:01 1149367    /usr/share/java/eclipse-aether-impl.jar
63813000-63816000 ---p 00000000 00:00 0 
63816000-63864000 rw-p 00000000 00:00 0 
63864000-63865000 ---p 00000000 00:00 0 
63865000-638e5000 rw-p 00000000 00:00 0 
638e5000-63ab4000 r--s 03c21000 08:01 1693223    /usr/lib/jvm/java-8-openjdk-i386/jre/lib/rt.jar
63ab4000-63efa000 rw-p 00000000 00:00 0 
63efa000-63f00000 ---p 00000000 00:00 0 
63f00000-66300000 rw-p 00000000 00:00 0 
66300000-663fa000 rw-p 00000000 00:00 0 
663fa000-66400000 ---p 00000000 00:00 0 
66400000-66402000 r--s 00005000 08:01 1149373    /usr/share/java/eclipse-aether-transport-wagon.jar
66402000-6642e000 r--s 00208000 08:01 1148516    /usr/share/java/guava.jar
6642e000-66431000 ---p 00000000 00:00 0 
66431000-6647f000 rw-p 00000000 00:00 0 
6647f000-66480000 ---p 00000000 00:00 0 
66480000-66500000 rw-p 00000000 00:00 0 
66500000-665fa000 rw-p 00000000 00:00 0 
665fa000-66600000 ---p 00000000 00:00 0 
66600000-66602000 r--s 00001000 08:01 1149403    /usr/share/java/aopalliance-1.0.jar
66602000-66604000 r--s 00001000 08:01 1149538    /usr/share/java/maven3-builder-support-3.3.9.jar
66604000-66609000 r--s 0001d000 08:01 1149374    /usr/share/java/eclipse-aether-api.jar
66609000-6660b000 r--s 00002000 08:01 1149449    /usr/share/java/plexus-cipher.jar
6660b000-6660c000 r--s 00002000 08:01 1149066    /usr/share/java/slf4j-simple.jar
6660c000-6660e000 r--s 00013000 08:01 1149534    /usr/share/java/maven3-embedder-3.3.9.jar
6660e000-66610000 r--s 00027000 08:01 1149535    /usr/share/java/maven3-model-3.3.9.jar
66610000-66612000 r--s 0000a000 08:01 1147016    /usr/share/java/commons-cli-1.3.1.jar
66612000-66614000 r--s 0000a000 08:01 1149512    /usr/share/java/wagon-provider-api-2.x.jar
66614000-66617000 r--s 0000a000 08:01 1149539    /usr/share/java/maven3-artifact-3.3.9.jar
66617000-6661b000 r--s 00020000 08:01 1149392    /usr/share/java/eclipse-aether-util.jar
6661b000-6661c000 r--s 00006000 08:01 1149532    /usr/share/java/maven3-repository-metadata-3.3.9.jar
6661c000-6661e000 r--s 00007000 08:01 1149069    /usr/share/java/slf4j-api.jar
6661e000-6661f000 r--s 0000a000 08:01 1149528    /usr/share/java/maven3-settings-3.3.9.jar
6661f000-66623000 r--s 00038000 08:01 1149495    /usr/share/java/plexus-utils2.jar
66623000-66631000 r--s 00095000 08:01 1149408    /usr/share/java/guice.jar
66631000-6667f000 rw-p 00000000 00:00 0 
6667f000-66680000 ---p 00000000 00:00 0 
66680000-66700000 rw-p 00000000 00:00 0 
66700000-66721000 rw-p 00000000 00:00 0 
66721000-66800000 ---p 00000000 00:00 0 
66800000-66801000 r--s 00001000 08:01 1149518    /usr/share/java/wagon-http-shared-2.x.jar
66801000-66807000 r--s 00048000 08:01 1149288    /usr/share/java/jsoup.jar
66807000-66809000 r--s 0000a000 08:01 1149529    /usr/share/java/maven3-plugin-api-3.3.9.jar
66809000-66824000 r--s 00394000 08:01 1693228    /usr/lib/jvm/java-8-openjdk-i386/jre/lib/ext/cldrdata.jar
66824000-6687f000 rw-p 00000000 00:00 0 
6687f000-66880000 ---p 00000000 00:00 0 
66880000-66900000 rw-p 00000000 00:00 0 
66900000-66921000 rw-p 00000000 00:00 0 
66921000-66a00000 ---p 00000000 00:00 0 
66a00000-66a01000 r--s 00006000 08:01 1149451    /usr/share/java/plexus-sec-dispatcher.jar
66a01000-66a06000 r--s 00025000 08:01 1149533    /usr/share/java/maven3-model-builder-3.3.9.jar
66a06000-66a0b000 r--s 00040000 08:01 1145678    /usr/share/java/commons-lang-2.6.jar
66a0b000-66a0d000 r--s 00000000 08:01 1149499    /usr/share/java/plexus-component-annotations-1.5.jar
66a0d000-66a28000 r--s 001d6000 08:01 1693230    /usr/lib/jvm/java-8-openjdk-i386/jre/lib/ext/nashorn.jar
66a28000-66a29000 ---p 00000000 00:00 0 
66a29000-66abf000 rw-p 00000000 00:00 0 
66abf000-66bff000 ---p 00000000 00:00 0 
66bff000-66c15000 rw-p 00000000 00:00 0 
66c15000-66d54000 ---p 00000000 00:00 0 
66d54000-66d7b000 rw-p 00000000 00:00 0 
66d7b000-66dff000 ---p 00000000 00:00 0 
66dff000-698c0000 rw-p 00000000 00:00 0 
698c0000-918c0000 ---p 00000000 00:00 0 
918c0000-965c0000 rw-p 00000000 00:00 0 
965c0000-a6e00000 ---p 00000000 00:00 0 
a6e00000-a6e01000 r--s 00000000 08:01 1149240    /usr/share/java/geronimo-interceptor-3.0-spec-1.0.1.jar
a6e01000-a6e03000 r--s 00012000 08:01 1144777    /usr/share/java/el-api-3.0.jar
a6e03000-a6e06000 r--s 00008000 08:01 1149246    /usr/share/java/cdi-api-1.0.jar
a6e06000-a6e0d000 r--s 00041000 08:01 1149530    /usr/share/java/maven3-compat-3.3.9.jar
a6e0d000-a6e0f000 r--s 0000a000 08:01 1149493    /usr/share/java/plexus-classworlds2-2.5.2.jar
a6e0f000-a6e15000 r--s 0003a000 08:01 1693231    /usr/lib/jvm/java-8-openjdk-i386/jre/lib/ext/sunjce_provider.jar
a6e15000-a6e4d000 rw-p 00000000 00:00 0 
a6e4d000-a71ed000 ---p 00000000 00:00 0 
a71ed000-a79d5000 rwxp 00000000 00:00 0 
a79dd000-b61ed000 ---p 00000000 00:00 0 
b61ed000-b61f8000 r-xp 00000000 08:01 3402889    /lib/i386-linux-gnu/libnss_files-2.23.so
b61f8000-b61f9000 r--p 0000a000 08:01 3402889    /lib/i386-linux-gnu/libnss_files-2.23.so
b61f9000-b61fa000 rw-p 0000b000 08:01 3402889    /lib/i386-linux-gnu/libnss_files-2.23.so
b61fa000-b6200000 rw-p 00000000 00:00 0 
b6200000-b62fb000 rw-p 00000000 00:00 0 
b62fb000-b6300000 ---p 00000000 00:00 0 
b6300000-b6301000 r--s 00000000 08:01 1145399    /usr/share/java/atinject-jsr330-api-1.0.jar
b6301000-b6303000 r--s 00008000 08:01 1693232    /usr/lib/jvm/java-8-openjdk-i386/jre/lib/ext/sunec.jar
b6303000-b630d000 r--s 00116000 08:01 1693233    /usr/lib/jvm/java-8-openjdk-i386/jre/lib/ext/localedata.jar
b630d000-b6318000 r-xp 00000000 08:01 3402895    /lib/i386-linux-gnu/libnss_nis-2.23.so
b6318000-b6319000 r--p 0000a000 08:01 3402895    /lib/i386-linux-gnu/libnss_nis-2.23.so
b6319000-b631a000 rw-p 0000b000 08:01 3402895    /lib/i386-linux-gnu/libnss_nis-2.23.so
b631a000-b6331000 r-xp 00000000 08:01 3402652    /lib/i386-linux-gnu/libnsl-2.23.so
b6331000-b6332000 r--p 00016000 08:01 3402652    /lib/i386-linux-gnu/libnsl-2.23.so
b6332000-b6333000 rw-p 00017000 08:01 3402652    /lib/i386-linux-gnu/libnsl-2.23.so
b6333000-b6335000 rw-p 00000000 00:00 0 
b6335000-b633d000 r-xp 00000000 08:01 3402720    /lib/i386-linux-gnu/libnss_compat-2.23.so
b633d000-b633e000 r--p 00007000 08:01 3402720    /lib/i386-linux-gnu/libnss_compat-2.23.so
b633e000-b633f000 rw-p 00008000 08:01 3402720    /lib/i386-linux-gnu/libnss_compat-2.23.so
b633f000-b6340000 r--s 00010000 08:01 1693229    /usr/lib/jvm/java-8-openjdk-i386/jre/lib/ext/zipfs.jar
b6340000-b6342000 r--s 00001000 08:01 1693236    /usr/lib/jvm/java-8-openjdk-i386/jre/lib/ext/dnsns.jar
b6342000-b6345000 r--s 0000f000 08:01 1693227    /usr/lib/jvm/java-8-openjdk-i386/jre/lib/ext/icedtea-sound.jar
b6345000-b634d000 r-xp 00000000 08:01 1693277    /usr/lib/jvm/java-8-openjdk-i386/jre/lib/i386/libzip.so
b634d000-b634e000 r--p 00007000 08:01 1693277    /usr/lib/jvm/java-8-openjdk-i386/jre/lib/i386/libzip.so
b634e000-b634f000 rw-p 00008000 08:01 1693277    /usr/lib/jvm/java-8-openjdk-i386/jre/lib/i386/libzip.so
b634f000-b6357000 rw-s 00000000 08:01 2577319    /tmp/hsperfdata_sarnobat/12293
b6357000-b637e000 r-xp 00000000 08:01 1693258    /usr/lib/jvm/java-8-openjdk-i386/jre/lib/i386/libjava.so
b637e000-b637f000 r--p 00026000 08:01 1693258    /usr/lib/jvm/java-8-openjdk-i386/jre/lib/i386/libjava.so
b637f000-b6380000 rw-p 00027000 08:01 1693258    /usr/lib/jvm/java-8-openjdk-i386/jre/lib/i386/libjava.so
b6380000-b6387000 r-xp 00000000 08:01 3402905    /lib/i386-linux-gnu/librt-2.23.so
b6387000-b6388000 r--p 00006000 08:01 3402905    /lib/i386-linux-gnu/librt-2.23.so
b6388000-b6389000 rw-p 00007000 08:01 3402905    /lib/i386-linux-gnu/librt-2.23.so
b6389000-b638c000 ---p 00000000 00:00 0 
b638c000-b63da000 rw-p 00000000 00:00 0 
b63da000-b63f6000 r-xp 00000000 08:01 3402590    /lib/i386-linux-gnu/libgcc_s.so.1
b63f6000-b63f7000 rw-p 0001b000 08:01 3402590    /lib/i386-linux-gnu/libgcc_s.so.1
b63f7000-b644a000 r-xp 00000000 08:01 3402651    /lib/i386-linux-gnu/libm-2.23.so
b644a000-b644b000 r--p 00052000 08:01 3402651    /lib/i386-linux-gnu/libm-2.23.so
b644b000-b644c000 rw-p 00053000 08:01 3402651    /lib/i386-linux-gnu/libm-2.23.so
b644c000-b65b9000 r-xp 00000000 08:01 1104849    /usr/lib/i386-linux-gnu/libstdc++.so.6.0.21
b65b9000-b65ba000 ---p 0016d000 08:01 1104849    /usr/lib/i386-linux-gnu/libstdc++.so.6.0.21
b65ba000-b65bf000 r--p 0016d000 08:01 1104849    /usr/lib/i386-linux-gnu/libstdc++.so.6.0.21
b65bf000-b65c0000 rw-p 00172000 08:01 1104849    /usr/lib/i386-linux-gnu/libstdc++.so.6.0.21
b65c0000-b65c3000 rw-p 00000000 00:00 0 
b65c3000-b7094000 r-xp 00000000 08:01 1693269    /usr/lib/jvm/java-8-openjdk-i386/jre/lib/i386/server/libjvm.so
b7094000-b70da000 r--p 00ad0000 08:01 1693269    /usr/lib/jvm/java-8-openjdk-i386/jre/lib/i386/server/libjvm.so
b70da000-b70f1000 rw-p 00b16000 08:01 1693269    /usr/lib/jvm/java-8-openjdk-i386/jre/lib/i386/server/libjvm.so
b70f1000-b7511000 rw-p 00000000 00:00 0 
b7511000-b752a000 r-xp 00000000 08:01 3402662    /lib/i386-linux-gnu/libpthread-2.23.so
b752a000-b752b000 r--p 00018000 08:01 3402662    /lib/i386-linux-gnu/libpthread-2.23.so
b752b000-b752c000 rw-p 00019000 08:01 3402662    /lib/i386-linux-gnu/libpthread-2.23.so
b752c000-b752e000 rw-p 00000000 00:00 0 
b752e000-b7531000 r-xp 00000000 08:01 3402697    /lib/i386-linux-gnu/libdl-2.23.so
b7531000-b7532000 r--p 00002000 08:01 3402697    /lib/i386-linux-gnu/libdl-2.23.so
b7532000-b7533000 rw-p 00003000 08:01 3402697    /lib/i386-linux-gnu/libdl-2.23.so
b7533000-b7534000 rw-p 00000000 00:00 0 
b7534000-b754d000 r-xp 00000000 08:01 3402741    /lib/i386-linux-gnu/libz.so.1.2.8
b754d000-b754e000 r--p 00018000 08:01 3402741    /lib/i386-linux-gnu/libz.so.1.2.8
b754e000-b754f000 rw-p 00019000 08:01 3402741    /lib/i386-linux-gnu/libz.so.1.2.8
b754f000-b76ff000 r-xp 00000000 08:01 3402663    /lib/i386-linux-gnu/libc-2.23.so
b76ff000-b7701000 r--p 001af000 08:01 3402663    /lib/i386-linux-gnu/libc-2.23.so
b7701000-b7702000 rw-p 001b1000 08:01 3402663    /lib/i386-linux-gnu/libc-2.23.so
b7702000-b7705000 rw-p 00000000 00:00 0 
b7705000-b7706000 r--s 0000a000 08:01 1693235    /usr/lib/jvm/java-8-openjdk-i386/jre/lib/ext/jaccess.jar
b7706000-b770a000 r--s 00037000 08:01 1693234    /usr/lib/jvm/java-8-openjdk-i386/jre/lib/ext/sunpkcs11.jar
b770a000-b770b000 r--p 002d4000 08:01 1110568    /usr/lib/locale/locale-archive
b770b000-b770c000 rw-p 00000000 00:00 0 
b770c000-b770d000 r--p 00000000 00:00 0 
b770d000-b771b000 r-xp 00000000 08:01 1693275    /usr/lib/jvm/java-8-openjdk-i386/jre/lib/i386/libverify.so
b771b000-b771c000 r--p 0000d000 08:01 1693275    /usr/lib/jvm/java-8-openjdk-i386/jre/lib/i386/libverify.so
b771c000-b771d000 rw-p 0000e000 08:01 1693275    /usr/lib/jvm/java-8-openjdk-i386/jre/lib/i386/libverify.so
b771d000-b772a000 r-xp 00000000 08:01 1693273    /usr/lib/jvm/java-8-openjdk-i386/jre/lib/i386/jli/libjli.so
b772a000-b772b000 r--p 0000c000 08:01 1693273    /usr/lib/jvm/java-8-openjdk-i386/jre/lib/i386/jli/libjli.so
b772b000-b772c000 rw-p 0000d000 08:01 1693273    /usr/lib/jvm/java-8-openjdk-i386/jre/lib/i386/jli/libjli.so
b772c000-b772d000 rw-p 00000000 00:00 0 
b772d000-b772f000 r--p 00000000 00:00 0          [vvar]
b772f000-b7730000 r-xp 00000000 00:00 0          [vdso]
b7730000-b7753000 r-xp 00000000 08:01 3402661    /lib/i386-linux-gnu/ld-2.23.so
b7753000-b7754000 r--p 00022000 08:01 3402661    /lib/i386-linux-gnu/ld-2.23.so
b7754000-b7755000 rw-p 00023000 08:01 3402661    /lib/i386-linux-gnu/ld-2.23.so
bfba0000-bfbc1000 rw-p 00000000 00:00 0          [stack]

VM Arguments:
jvm_args: -Dclassworlds.conf=/usr/share/maven/bin/m2.conf -Dmaven.home=/usr/share/maven -Dmaven.multiModuleProjectDirectory=/home/sarnobat/github/maven_project 
java_command: org.codehaus.plexus.classworlds.launcher.Launcher --quiet --settings /home/sarnobat/sarnobat.git/mac/.m2/settings.xml install exec:java -Dexec.mainClass=Md5RoCopyFile -Dexec.args=4486 ~/sarnobat.git/db/md5ro/md5_files.txt
java_class_path (initial): /usr/share/maven/boot/plexus-classworlds-2.x.jar
Launcher Type: SUN_STANDARD

Environment Variables:
JAVA_HOME=/usr/lib/jvm/java-8-openjdk-i386
PATH=/usr/bin:/bin
SHELL=/bin/sh

Signal Handlers:
SIGSEGV: [libjvm.so+0x8d7370], sa_mask[0]=11111111011111111101111111111110, sa_flags=SA_RESTART|SA_SIGINFO
SIGBUS: [libjvm.so+0x8d7370], sa_mask[0]=11111111011111111101111111111110, sa_flags=SA_RESTART|SA_SIGINFO
SIGFPE: [libjvm.so+0x73d1c0], sa_mask[0]=11111111011111111101111111111110, sa_flags=SA_RESTART|SA_SIGINFO
SIGPIPE: [libjvm.so+0x73d1c0], sa_mask[0]=11111111011111111101111111111110, sa_flags=SA_RESTART|SA_SIGINFO
SIGXFSZ: [libjvm.so+0x73d1c0], sa_mask[0]=11111111011111111101111111111110, sa_flags=SA_RESTART|SA_SIGINFO
SIGILL: [libjvm.so+0x73d1c0], sa_mask[0]=11111111011111111101111111111110, sa_flags=SA_RESTART|SA_SIGINFO
SIGUSR1: SIG_DFL, sa_mask[0]=00000000000000000000000000000000, sa_flags=none
SIGUSR2: [libjvm.so+0x73d000], sa_mask[0]=00000000000000000000000000000000, sa_flags=SA_RESTART|SA_SIGINFO
SIGHUP: [libjvm.so+0x73d790], sa_mask[0]=11111111011111111101111111111110, sa_flags=SA_RESTART|SA_SIGINFO
SIGINT: [libjvm.so+0x73d790], sa_mask[0]=11111111011111111101111111111110, sa_flags=SA_RESTART|SA_SIGINFO
SIGTERM: [libjvm.so+0x73d790], sa_mask[0]=11111111011111111101111111111110, sa_flags=SA_RESTART|SA_SIGINFO
SIGQUIT: [libjvm.so+0x73d790], sa_mask[0]=11111111011111111101111111111110, sa_flags=SA_RESTART|SA_SIGINFO


---------------  S Y S T E M  ---------------

OS:DISTRIB_ID=Ubuntu
DISTRIB_RELEASE=16.04
DISTRIB_CODENAME=xenial
DISTRIB_DESCRIPTION="Ubuntu 16.04.1 LTS"

uname:Linux 4.4.0-104-generic #127-Ubuntu SMP Mon Dec 11 12:16:50 UTC 2017 i686
libc:glibc 2.23 NPTL 2.23 
rlimit: STACK 8192k, CORE 0k, NPROC 63057, NOFILE 1048576, AS infinity
load average:2.62 2.43 2.40

/proc/meminfo:
MemTotal:        8107456 kB
MemFree:          374820 kB
MemAvailable:          0 kB
Buffers:           10860 kB
Cached:           213672 kB
SwapCached:        12484 kB
Active:          6135228 kB
Inactive:        1386860 kB
Active(anon):    6111328 kB
Inactive(anon):  1359840 kB
Active(file):      23900 kB
Inactive(file):    27020 kB
Unevictable:           0 kB
Mlocked:               0 kB
HighTotal:       7292552 kB
HighFree:          70988 kB
LowTotal:         814904 kB
LowFree:          303832 kB
SwapTotal:       4007932 kB
SwapFree:              0 kB
Dirty:               776 kB
Writeback:             0 kB
AnonPages:       7287520 kB
Mapped:            33536 kB
Shmem:            173364 kB
Slab:              98604 kB
SReclaimable:      51196 kB
SUnreclaim:        47408 kB
KernelStack:       16440 kB
PageTables:        46000 kB
NFS_Unstable:          0 kB
Bounce:                0 kB
WritebackTmp:          0 kB
CommitLimit:     8061660 kB
Committed_AS:   25781756 kB
VmallocTotal:     122880 kB
VmallocUsed:           0 kB
VmallocChunk:          0 kB
AnonHugePages:   4341760 kB
CmaTotal:              0 kB
CmaFree:               0 kB
HugePages_Total:       0
HugePages_Free:        0
HugePages_Rsvd:        0
HugePages_Surp:        0
Hugepagesize:       2048 kB
DirectMap4k:       34808 kB
DirectMap2M:      876544 kB


CPU:total 4 (initial active 4) (2 cores per cpu, 2 threads per core) family 6 model 58 stepping 9, cmov, cx8, fxsr, mmx, sse, sse2, sse3, ssse3, sse4.1, sse4.2, popcnt, avx, aes, clmul, erms, ht, tsc, tscinvbit, tscinv

/proc/cpuinfo:
processor	: 0
vendor_id	: GenuineIntel
cpu family	: 6
model		: 58
model name	: Intel(R) Core(TM) i5-3427U CPU @ 1.80GHz
stepping	: 9
microcode	: 0x17
cpu MHz		: 1099.957
cache size	: 3072 KB
physical id	: 0
siblings	: 4
core id		: 0
cpu cores	: 2
apicid		: 0
initial apicid	: 0
fdiv_bug	: no
f00f_bug	: no
coma_bug	: no
fpu		: yes
fpu_exception	: yes
cpuid level	: 13
wp		: yes
flags		: fpu vme de pse tsc msr pae mce cx8 apic sep mtrr pge mca cmov pat pse36 clflush dts acpi mmx fxsr sse sse2 ss ht tm pbe nx rdtscp lm constant_tsc arch_perfmon pebs bts xtopology nonstop_tsc aperfmperf eagerfpu pni pclmulqdq dtes64 monitor ds_cpl vmx smx est tm2 ssse3 cx16 xtpr pdcm pcid sse4_1 sse4_2 x2apic popcnt tsc_deadline_timer aes xsave avx f16c rdrand lahf_lm epb tpr_shadow vnmi flexpriority ept vpid fsgsbase smep erms xsaveopt dtherm ida arat pln pts
bugs		:
bogomips	: 4589.86
clflush size	: 64
cache_alignment	: 64
address sizes	: 36 bits physical, 48 bits virtual
power management:

processor	: 1
vendor_id	: GenuineIntel
cpu family	: 6
model		: 58
model name	: Intel(R) Core(TM) i5-3427U CPU @ 1.80GHz
stepping	: 9
microcode	: 0x17
cpu MHz		: 1099.957
cache size	: 3072 KB
physical id	: 0
siblings	: 4
core id		: 1
cpu cores	: 2
apicid		: 2
initial apicid	: 2
fdiv_bug	: no
f00f_bug	: no
coma_bug	: no
fpu		: yes
fpu_exception	: yes
cpuid level	: 13
wp		: yes
flags		: fpu vme de pse tsc msr pae mce cx8 apic sep mtrr pge mca cmov pat pse36 clflush dts acpi mmx fxsr sse sse2 ss ht tm pbe nx rdtscp lm constant_tsc arch_perfmon pebs bts xtopology nonstop_tsc aperfmperf eagerfpu pni pclmulqdq dtes64 monitor ds_cpl vmx smx est tm2 ssse3 cx16 xtpr pdcm pcid sse4_1 sse4_2 x2apic popcnt tsc_deadline_timer aes xsave avx f16c rdrand lahf_lm epb tpr_shadow vnmi flexpriority ept vpid fsgsbase smep erms xsaveopt dtherm ida arat pln pts
bugs		:
bogomips	: 4589.86
clflush size	: 64
cache_alignment	: 64
address sizes	: 36 bits physical, 48 bits virtual
power management:

processor	: 2
vendor_id	: GenuineIntel
cpu family	: 6
model		: 58
model name	: Intel(R) Core(TM) i5-3427U CPU @ 1.80GHz
stepping	: 9
microcode	: 0x17
cpu MHz		: 1099.957
cache size	: 3072 KB
physical id	: 0
siblings	: 4
core id		: 0
cpu cores	: 2
apicid		: 1
initial apicid	: 1
fdiv_bug	: no
f00f_bug	: no
coma_bug	: no
fpu		: yes
fpu_exception	: yes
cpuid level	: 13
wp		: yes
flags		: fpu vme de pse tsc msr pae mce cx8 apic sep mtrr pge mca cmov pat pse36 clflush dts acpi mmx fxsr sse sse2 ss ht tm pbe nx rdtscp lm constant_tsc arch_perfmon pebs bts xtopology nonstop_tsc aperfmperf eagerfpu pni pclmulqdq dtes64 monitor ds_cpl vmx smx est tm2 ssse3 cx16 xtpr pdcm pcid sse4_1 sse4_2 x2apic popcnt tsc_deadline_timer aes xsave avx f16c rdrand lahf_lm epb tpr_shadow vnmi flexpriority ept vpid fsgsbase smep erms xsaveopt dtherm ida arat pln pts
bugs		:
bogomips	: 4589.86
clflush size	: 64
cache_alignment	: 64
address sizes	: 36 bits physical, 48 bits virtual
power management:

processor	: 3
vendor_id	: GenuineIntel
cpu family	: 6
model		: 58
model name	: Intel(R) Core(TM) i5-3427U CPU @ 1.80GHz
stepping	: 9
microcode	: 0x17
cpu MHz		: 1099.957
cache size	: 3072 KB
physical id	: 0
siblings	: 4
core id		: 1
cpu cores	: 2
apicid		: 3
initial apicid	: 3
fdiv_bug	: no
f00f_bug	: no
coma_bug	: no
fpu		: yes
fpu_exception	: yes
cpuid level	: 13
wp		: yes
flags		: fpu vme de pse tsc msr pae mce cx8 apic sep mtrr pge mca cmov pat pse36 clflush dts acpi mmx fxsr sse sse2 ss ht tm pbe nx rdtscp lm constant_tsc arch_perfmon pebs bts xtopology nonstop_tsc aperfmperf eagerfpu pni pclmulqdq dtes64 monitor ds_cpl vmx smx est tm2 ssse3 cx16 xtpr pdcm pcid sse4_1 sse4_2 x2apic popcnt tsc_deadline_timer aes xsave avx f16c rdrand lahf_lm epb tpr_shadow vnmi flexpriority ept vpid fsgsbase smep erms xsaveopt dtherm ida arat pln pts
bugs		:
bogomips	: 4589.86
clflush size	: 64
cache_alignment	: 64
address sizes	: 36 bits physical, 48 bits virtual
power management:



Memory: 4k page, physical 8107456k(374820k free), swap 4007932k(0k free)

vm_info: OpenJDK Server VM (25.151-b12) for linux-x86 JRE (1.8.0_151-8u151-b12-0ubuntu0.16.04.2-b12), built on Oct 27 2017 22:05:04 by "buildd" with gcc 5.4.0 20160609

time: Sat Mar 24 01:56:11 2018
elapsed time: 9 seconds (0d 0h 0m 9s)

