#
# There is insufficient memory for the Java Runtime Environment to continue.
# Native memory allocation (mmap) failed to map 32768 bytes for committing reserved memory.
# Possible reasons:
#   The system is out of physical RAM or swap space
#   In 32 bit mode, the process size limit was hit
# Possible solutions:
#   Reduce memory load on the system
#   Increase physical memory or swap space
#   Check if swap backing store is full
#   Use 64 bit Java on a 64 bit OS
#   Decrease Java heap size (-Xmx/-Xms)
#   Decrease number of Java threads
#   Decrease Java thread stack sizes (-Xss)
#   Set larger code cache with -XX:ReservedCodeCacheSize=
# This output file may be truncated or incomplete.
#
#  Out of Memory Error (os_linux.cpp:2643), pid=7212, tid=0x631acb40
#
# JRE version: OpenJDK Runtime Environment (8.0_162-b12) (build 1.8.0_162-8u162-b12-0ubuntu0.16.04.2-b12)
# Java VM: OpenJDK Server VM (25.162-b12 mixed mode linux-x86 )
# Failed to write core dump. Core dumps have been disabled. To enable core dumping, try "ulimit -c unlimited" before starting Java again
#

---------------  T H R E A D  ---------------

Current thread (0x637a6c00):  JavaThread "C1 CompilerThread2" daemon [_thread_in_vm, id=7296, stack(0x6312c000,0x631ad000)]

Stack: [0x6312c000,0x631ad000],  sp=0x631ab810,  free space=510k
Native frames: (J=compiled Java code, j=interpreted, Vv=VM code, C=native code)
V  [libjvm.so+0x8da814]
V  [libjvm.so+0x3a9046]
V  [libjvm.so+0x744ce0]
V  [libjvm.so+0x73eb53]
V  [libjvm.so+0x8d7234]
V  [libjvm.so+0x4bc3b3]
V  [libjvm.so+0x337093]
V  [libjvm.so+0x7190f0]
V  [libjvm.so+0x2d1aeb]
V  [libjvm.so+0x21f1e8]
V  [libjvm.so+0x21f4d8]
V  [libjvm.so+0x2201e0]
V  [libjvm.so+0x361f41]
V  [libjvm.so+0x3636fa]
V  [libjvm.so+0x87c9d7]
V  [libjvm.so+0x8859ab]
V  [libjvm.so+0x885e7e]
V  [libjvm.so+0x741e15]
C  [libpthread.so.0+0x6295]  start_thread+0xe5
C  [libc.so.6+0xe70ae]  clone+0x6e


Current CompileTask:
C1:   4812 1775       3       com.google.inject.Key::ensureRetainedAtRuntime (21 bytes)


---------------  P R O C E S S  ---------------

Java Threads: ( => current thread )
  0x637aa000 JavaThread "Service Thread" daemon [_thread_blocked, id=7299, stack(0x630db000,0x6312c000)]
=>0x637a6c00 JavaThread "C1 CompilerThread2" daemon [_thread_in_vm, id=7296, stack(0x6312c000,0x631ad000)]
  0x637a5800 JavaThread "C2 CompilerThread1" daemon [_thread_blocked, id=7294, stack(0x631ad000,0x6322e000)]
  0x637a3800 JavaThread "C2 CompilerThread0" daemon [_thread_in_native, id=7293, stack(0x6322e000,0x632af000)]
  0x637a2000 JavaThread "Signal Dispatcher" daemon [_thread_blocked, id=7292, stack(0x632af000,0x63300000)]
  0x63788000 JavaThread "Finalizer" daemon [_thread_blocked, id=7290, stack(0x63814000,0x63865000)]
  0x63785400 JavaThread "Reference Handler" daemon [_thread_blocked, id=7288, stack(0x6642e000,0x6647f000)]
  0xb6208400 JavaThread "main" [_thread_blocked, id=7274, stack(0xb6374000,0xb63c5000)]

Other Threads:
  0x63780c00 VMThread [stack: 0x63865000,0x638e6000] [id=7285]
  0x637abc00 WatcherThread [stack: 0x6305a000,0x630db000] [id=7300]

VM state:not at safepoint (normal execution)

VM Mutex/Monitor currently owned by a thread:  ([mutex/lock_event])
[0xb6204fd0] CodeCache_lock - owner thread: 0x637a6c00
[0xb6206218] Compile_lock - owner thread: 0x637a6c00
[0xb62062e8] MethodCompileQueue_lock - owner thread: 0x637a6c00

Heap:
 PSYoungGen      total 35840K, used 33039K [0x918c0000, 0x93e40000, 0xa6e00000)
  eden space 33280K, 91% used [0x918c0000,0x93687700,0x93940000)
  from space 2560K, 99% used [0x93bc0000,0x93e3c890,0x93e40000)
  to   space 2560K, 0% used [0x93940000,0x93940000,0x93bc0000)
 ParOldGen       total 43776K, used 4361K [0x66e00000, 0x698c0000, 0x918c0000)
  object space 43776K, 9% used [0x66e00000,0x67242650,0x698c0000)
 Metaspace       used 9702K, capacity 9787K, committed 9880K, reserved 10544K

Card table byte_map: [0x66bff000,0x66e00000] byte_map_base: 0x668c8000

Marking Bits: (ParMarkBitMap*) 0xb70ef8a0
 Begin Bits: [0x64300000, 0x65300000)
 End Bits:   [0x65300000, 0x66300000)

Polling page: 0xb76fc000

CodeCache: size=245760Kb used=4884Kb max_used=4884Kb free=240875Kb
 bounds [0xa71e0000, 0xa76a8000, 0xb61e0000]
 total_blobs=1949 nmethods=1769 adapters=92
 compilation: enabled

Compilation events (10 events):
Event: 4.787 Thread 0x637a6c00 nmethod 1770 0xa76a5148 code [0xa76a52a0, 0xa76a5624]
Event: 4.787 Thread 0x637a6c00 1771       3       java.util.regex.Pattern$Single::isSatisfiedBy (14 bytes)
Event: 4.788 Thread 0x637a6c00 nmethod 1771 0xa76a4e88 code [0xa76a4fa0, 0xa76a50c0]
Event: 4.788 Thread 0x637a6c00 1772       3       java.util.regex.Pattern$CharProperty::match (56 bytes)
Event: 4.788 Thread 0x637a6c00 nmethod 1772 0xa76a4808 code [0xa76a4960, 0xa76a4d04]
Event: 4.788 Thread 0x637a6c00 1773       3       java.util.regex.Pattern$Curly::match (86 bytes)
Event: 4.789 Thread 0x637a6c00 nmethod 1773 0xa76a4008 code [0xa76a4160, 0xa76a4650]
Event: 4.789 Thread 0x637a6c00 1774       3       java.lang.Character::codePointAt (51 bytes)
Event: 4.790 Thread 0x637a6c00 nmethod 1774 0xa76a3848 code [0xa76a39a0, 0xa76a3e84]
Event: 4.800 Thread 0x637a6c00 1775       3       com.google.inject.Key::ensureRetainedAtRuntime (21 bytes)

GC Heap History (8 events):
Event: 0.990 GC heap before
{Heap before GC invocations=1 (full 0):
 PSYoungGen      total 19200K, used 16640K [0x918c0000, 0x92e00000, 0xa6e00000)
  eden space 16640K, 100% used [0x918c0000,0x92900000,0x92900000)
  from space 2560K, 0% used [0x92b80000,0x92b80000,0x92e00000)
  to   space 2560K, 0% used [0x92900000,0x92900000,0x92b80000)
 ParOldGen       total 43776K, used 0K [0x66e00000, 0x698c0000, 0x918c0000)
  object space 43776K, 0% used [0x66e00000,0x66e00000,0x698c0000)
 Metaspace       used 4682K, capacity 4746K, committed 4760K, reserved 5424K
Event: 0.998 GC heap after
Heap after GC invocations=1 (full 0):
 PSYoungGen      total 19200K, used 2558K [0x918c0000, 0x92e00000, 0xa6e00000)
  eden space 16640K, 0% used [0x918c0000,0x918c0000,0x92900000)
  from space 2560K, 99% used [0x92900000,0x92b7f918,0x92b80000)
  to   space 2560K, 0% used [0x92b80000,0x92b80000,0x92e00000)
 ParOldGen       total 43776K, used 786K [0x66e00000, 0x698c0000, 0x918c0000)
  object space 43776K, 1% used [0x66e00000,0x66ec4978,0x698c0000)
 Metaspace       used 4682K, capacity 4746K, committed 4760K, reserved 5424K
}
Event: 1.629 GC heap before
{Heap before GC invocations=2 (full 0):
 PSYoungGen      total 19200K, used 19198K [0x918c0000, 0x92e00000, 0xa6e00000)
  eden space 16640K, 100% used [0x918c0000,0x92900000,0x92900000)
  from space 2560K, 99% used [0x92900000,0x92b7f918,0x92b80000)
  to   space 2560K, 0% used [0x92b80000,0x92b80000,0x92e00000)
 ParOldGen       total 43776K, used 786K [0x66e00000, 0x698c0000, 0x918c0000)
  object space 43776K, 1% used [0x66e00000,0x66ec4978,0x698c0000)
 Metaspace       used 5301K, capacity 5354K, committed 5400K, reserved 5424K
Event: 1.646 GC heap after
Heap after GC invocations=2 (full 0):
 PSYoungGen      total 19200K, used 2555K [0x918c0000, 0x93e40000, 0xa6e00000)
  eden space 16640K, 0% used [0x918c0000,0x918c0000,0x92900000)
  from space 2560K, 99% used [0x92b80000,0x92dfec08,0x92e00000)
  to   space 2560K, 0% used [0x92900000,0x92900000,0x92b80000)
 ParOldGen       total 43776K, used 848K [0x66e00000, 0x698c0000, 0x918c0000)
  object space 43776K, 1% used [0x66e00000,0x66ed42a0,0x698c0000)
 Metaspace       used 5301K, capacity 5354K, committed 5400K, reserved 5424K
}
Event: 2.230 GC heap before
{Heap before GC invocations=3 (full 0):
 PSYoungGen      total 19200K, used 19195K [0x918c0000, 0x93e40000, 0xa6e00000)
  eden space 16640K, 100% used [0x918c0000,0x92900000,0x92900000)
  from space 2560K, 99% used [0x92b80000,0x92dfec08,0x92e00000)
  to   space 2560K, 0% used [0x92900000,0x92900000,0x92b80000)
 ParOldGen       total 43776K, used 848K [0x66e00000, 0x698c0000, 0x918c0000)
  object space 43776K, 1% used [0x66e00000,0x66ed42a0,0x698c0000)
 Metaspace       used 6660K, capacity 6711K, committed 6808K, reserved 7472K
Event: 2.238 GC heap after
Heap after GC invocations=3 (full 0):
 PSYoungGen      total 19200K, used 2549K [0x918c0000, 0x93e40000, 0xa6e00000)
  eden space 16640K, 0% used [0x918c0000,0x918c0000,0x92900000)
  from space 2560K, 99% used [0x92900000,0x92b7d5a8,0x92b80000)
  to   space 2560K, 0% used [0x93bc0000,0x93bc0000,0x93e40000)
 ParOldGen       total 43776K, used 2291K [0x66e00000, 0x698c0000, 0x918c0000)
  object space 43776K, 5% used [0x66e00000,0x6703cf80,0x698c0000)
 Metaspace       used 6660K, capacity 6711K, committed 6808K, reserved 7472K
}
Event: 2.910 GC heap before
{Heap before GC invocations=4 (full 0):
 PSYoungGen      total 19200K, used 19189K [0x918c0000, 0x93e40000, 0xa6e00000)
  eden space 16640K, 100% used [0x918c0000,0x92900000,0x92900000)
  from space 2560K, 99% used [0x92900000,0x92b7d5a8,0x92b80000)
  to   space 2560K, 0% used [0x93bc0000,0x93bc0000,0x93e40000)
 ParOldGen       total 43776K, used 2291K [0x66e00000, 0x698c0000, 0x918c0000)
  object space 43776K, 5% used [0x66e00000,0x6703cf80,0x698c0000)
 Metaspace       used 8093K, capacity 8158K, committed 8216K, reserved 8496K
Event: 2.935 GC heap after
Heap after GC invocations=4 (full 0):
 PSYoungGen      total 35840K, used 2546K [0x918c0000, 0x93e40000, 0xa6e00000)
  eden space 33280K, 0% used [0x918c0000,0x918c0000,0x93940000)
  from space 2560K, 99% used [0x93bc0000,0x93e3c890,0x93e40000)
  to   space 2560K, 0% used [0x93940000,0x93940000,0x93bc0000)
 ParOldGen       total 43776K, used 4361K [0x66e00000, 0x698c0000, 0x918c0000)
  object space 43776K, 9% used [0x66e00000,0x67242650,0x698c0000)
 Metaspace       used 8093K, capacity 8158K, committed 8216K, reserved 8496K
}

Deoptimization events (10 events):
Event: 3.519 Thread 0xb6208400 Uncommon trap: reason=class_check action=maybe_recompile pc=0xa74cd910 method=java.lang.reflect.Executable.getAnnotation(Ljava/lang/Class;)Ljava/lang/annotation/Annotation; @ 19
Event: 3.521 Thread 0xb6208400 Uncommon trap: reason=unstable_if action=reinterpret pc=0xa75824cc method=com.google.inject.internal.asm.$Type.a(Ljava/lang/StringBuffer;Ljava/lang/Class;)V @ 127
Event: 3.624 Thread 0xb6208400 Uncommon trap: reason=unstable_if action=reinterpret pc=0xa744b8e0 method=java.util.concurrent.ConcurrentHashMap.putVal(Ljava/lang/Object;Ljava/lang/Object;Z)Ljava/lang/Object; @ 206
Event: 4.000 Thread 0xb6208400 Uncommon trap: reason=unstable_if action=reinterpret pc=0xa7562860 method=com.google.inject.internal.asm.$Item.a(Lcom/google/inject/internal/asm/$Item;)Z @ 345
Event: 4.177 Thread 0xb6208400 Uncommon trap: reason=bimorphic action=maybe_recompile pc=0xa7522bac method=java.lang.ClassLoader.loadClass(Ljava/lang/String;Z)Ljava/lang/Class; @ 38
Event: 4.177 Thread 0xb6208400 Uncommon trap: reason=bimorphic action=maybe_recompile pc=0xa7522bac method=java.lang.ClassLoader.loadClass(Ljava/lang/String;Z)Ljava/lang/Class; @ 38
Event: 4.177 Thread 0xb6208400 Uncommon trap: reason=bimorphic action=maybe_recompile pc=0xa7522bac method=java.lang.ClassLoader.loadClass(Ljava/lang/String;Z)Ljava/lang/Class; @ 38
Event: 4.177 Thread 0xb6208400 Uncommon trap: reason=bimorphic action=maybe_recompile pc=0xa7522bac method=java.lang.ClassLoader.loadClass(Ljava/lang/String;Z)Ljava/lang/Class; @ 38
Event: 4.418 Thread 0xb6208400 Uncommon trap: reason=unstable_if action=reinterpret pc=0xa768707c method=com.google.inject.internal.cglib.core.$CodeEmitter.emit_invoke(ILcom/google/inject/internal/asm/$Type;Lcom/google/inject/internal/cglib/core/$Signature;)V @ 24
Event: 4.585 Thread 0xb6208400 Uncommon trap: reason=unstable_if action=reinterpret pc=0xa769de6c method=java.util.regex.Pattern$Slice.match(Ljava/util/regex/Matcher;ILjava/lang/CharSequence;)Z @ 29

Classes redefined (0 events):
No events

Internal exceptions (10 events):
Event: 1.326 Thread 0xb6208400 Exception <a 'java/lang/ArrayIndexOutOfBoundsException'> (0x92515498) thrown at [/build/openjdk-8-2Hm3Za/openjdk-8-8u162-b12/src/hotspot/src/share/vm/runtime/sharedRuntime.cpp, line 605]
Event: 3.669 Thread 0xb6208400 Exception <a 'java/lang/NoClassDefFoundError': com/google/inject/servlet/ServletModuleTargetVisitor> (0x922e2fe8) thrown at [/build/openjdk-8-2Hm3Za/openjdk-8-8u162-b12/src/hotspot/src/share/vm/classfile/systemDictionary.cpp, line 199]
Event: 3.669 Thread 0xb6208400 Exception <a 'java/lang/NoClassDefFoundError'> (0x922e2fe8) thrown at [/build/openjdk-8-2Hm3Za/openjdk-8-8u162-b12/src/hotspot/src/share/vm/prims/jvm.cpp, line 1394]
Event: 3.670 Thread 0xb6208400 Exception <a 'java/lang/NoClassDefFoundError': javax/annotation/Priority> (0x922e7ff0) thrown at [/build/openjdk-8-2Hm3Za/openjdk-8-8u162-b12/src/hotspot/src/share/vm/classfile/systemDictionary.cpp, line 199]
Event: 4.711 Thread 0xb6208400 Exception <a 'java/lang/NullPointerException'> (0x935f3168) thrown at [/build/openjdk-8-2Hm3Za/openjdk-8-8u162-b12/src/hotspot/src/share/vm/interpreter/linkResolver.cpp, line 1185]
Event: 4.711 Thread 0xb6208400 Exception <a 'java/lang/NullPointerException'> (0x935f3378) thrown at [/build/openjdk-8-2Hm3Za/openjdk-8-8u162-b12/src/hotspot/src/share/vm/interpreter/linkResolver.cpp, line 1185]
Event: 4.711 Thread 0xb6208400 Exception <a 'java/lang/NullPointerException'> (0x935f3588) thrown at [/build/openjdk-8-2Hm3Za/openjdk-8-8u162-b12/src/hotspot/src/share/vm/interpreter/linkResolver.cpp, line 1185]
Event: 4.715 Thread 0xb6208400 Exception <a 'java/lang/NullPointerException'> (0x935fbd60) thrown at [/build/openjdk-8-2Hm3Za/openjdk-8-8u162-b12/src/hotspot/src/share/vm/interpreter/linkResolver.cpp, line 1185]
Event: 4.715 Thread 0xb6208400 Exception <a 'java/lang/NullPointerException'> (0x935fbf70) thrown at [/build/openjdk-8-2Hm3Za/openjdk-8-8u162-b12/src/hotspot/src/share/vm/interpreter/linkResolver.cpp, line 1185]
Event: 4.715 Thread 0xb6208400 Exception <a 'java/lang/NullPointerException'> (0x935fc180) thrown at [/build/openjdk-8-2Hm3Za/openjdk-8-8u162-b12/src/hotspot/src/share/vm/interpreter/linkResolver.cpp, line 1185]

Events (10 events):
Event: 4.753 loading class org/eclipse/aether/AbstractRepositoryListener
Event: 4.753 loading class org/eclipse/aether/AbstractRepositoryListener done
Event: 4.754 loading class org/eclipse/aether/repository/RemoteRepository$Builder
Event: 4.754 loading class org/eclipse/aether/repository/RemoteRepository$Builder done
Event: 4.785 loading class java/util/regex/Pattern$Pos
Event: 4.785 loading class java/util/regex/Pattern$Pos done
Event: 4.790 loading class org/apache/maven/settings/RuntimeInfo
Event: 4.790 loading class org/apache/maven/settings/RuntimeInfo done
Event: 4.791 loading class org/apache/maven/AbstractMavenLifecycleParticipant
Event: 4.791 loading class org/apache/maven/AbstractMavenLifecycleParticipant done


Dynamic libraries:
08048000-08049000 r-xp 00000000 08:01 1693449    /usr/lib/jvm/java-8-openjdk-i386/jre/bin/java
08049000-0804a000 r--p 00000000 08:01 1693449    /usr/lib/jvm/java-8-openjdk-i386/jre/bin/java
0804a000-0804b000 rw-p 00001000 08:01 1693449    /usr/lib/jvm/java-8-openjdk-i386/jre/bin/java
084b4000-084d5000 rw-p 00000000 00:00 0          [heap]
61900000-61990000 rw-p 00000000 00:00 0 
61990000-61a00000 ---p 00000000 00:00 0 
61a00000-61a29000 rw-p 00000000 00:00 0 
61a29000-61b00000 ---p 00000000 00:00 0 
61b00000-61bfc000 rw-p 00000000 00:00 0 
61bfc000-61c00000 ---p 00000000 00:00 0 
61c00000-61c49000 rw-p 00000000 00:00 0 
61c49000-61d00000 ---p 00000000 00:00 0 
61d00000-61d60000 rw-p 00000000 00:00 0 
61d60000-61e00000 ---p 00000000 00:00 0 
61e00000-61efb000 rw-p 00000000 00:00 0 
61efb000-61f00000 ---p 00000000 00:00 0 
61f00000-61ffe000 rw-p 00000000 00:00 0 
61ffe000-62000000 ---p 00000000 00:00 0 
62000000-62079000 rw-p 00000000 00:00 0 
62079000-62100000 ---p 00000000 00:00 0 
62100000-62200000 rw-p 00000000 00:00 0 
62200000-62300000 rw-p 00000000 00:00 0 
62300000-62400000 rw-p 00000000 00:00 0 
62400000-62500000 rw-p 00000000 00:00 0 
62500000-625f7000 rw-p 00000000 00:00 0 
625f7000-62600000 ---p 00000000 00:00 0 
62600000-62700000 rw-p 00000000 00:00 0 
62700000-627fa000 rw-p 00000000 00:00 0 
627fa000-62800000 ---p 00000000 00:00 0 
62800000-628ec000 rw-p 00000000 00:00 0 
628ec000-62900000 ---p 00000000 00:00 0 
62900000-62a00000 rw-p 00000000 00:00 0 
62a00000-62afe000 rw-p 00000000 00:00 0 
62afe000-62b00000 ---p 00000000 00:00 0 
62b00000-62c00000 rw-p 00000000 00:00 0 
62c00000-62cff000 rw-p 00000000 00:00 0 
62cff000-62d00000 ---p 00000000 00:00 0 
62d00000-62dff000 rw-p 00000000 00:00 0 
62dff000-62e00000 ---p 00000000 00:00 0 
62eed000-62ef2000 r--s 0009d000 08:01 1692599    /usr/lib/jvm/java-8-openjdk-i386/jre/lib/jsse.jar
62ef2000-62eff000 r--s 0008d000 08:01 1149531    /usr/share/java/maven3-core-3.3.9.jar
62eff000-62f00000 r--s 00001000 08:01 1149511    /usr/share/java/wagon-file-2.x.jar
62f00000-62ffb000 rw-p 00000000 00:00 0 
62ffb000-63000000 ---p 00000000 00:00 0 
63000000-63003000 r--s 00007000 08:01 1149537    /usr/share/java/maven3-settings-builder-3.3.9.jar
63003000-63005000 r--s 0000d000 08:01 1149536    /usr/share/java/maven3-aether-provider-3.3.9.jar
63005000-6300c000 r--s 0002c000 08:01 1149509    /usr/share/java/sisu-plexus.jar
6300c000-63010000 r--s 00027000 08:01 1145546    /usr/share/java/commons-io-2.4.jar
63010000-63018000 r--s 00054000 08:01 1149507    /usr/share/java/sisu-inject.jar
63018000-6301f000 r--s 0005d000 08:01 1149254    /usr/share/java/commons-lang3.jar
6301f000-63020000 r--s 00004000 08:01 1145398    /usr/share/java/atinject-jsr330-tck-1.0.jar
63020000-63022000 r--s 0000e000 08:01 1149271    /usr/share/java/plexus-interpolation.jar
63022000-63024000 r--s 00006000 08:01 1149372    /usr/share/java/eclipse-aether-spi.jar
63024000-63025000 r--s 00008000 08:01 1149370    /usr/share/java/eclipse-aether-connector-basic.jar
63025000-63029000 r--s 00027000 08:01 1149367    /usr/share/java/eclipse-aether-impl.jar
63029000-6305a000 r--s 00207000 08:01 1149515    /usr/share/java/wagon-http-shaded-2.x.jar
6305a000-6305b000 ---p 00000000 00:00 0 
6305b000-630db000 rw-p 00000000 00:00 0 
630db000-630de000 ---p 00000000 00:00 0 
630de000-6312c000 rw-p 00000000 00:00 0 
6312c000-6312f000 ---p 00000000 00:00 0 
6312f000-631ad000 rw-p 00000000 00:00 0 
631ad000-631b0000 ---p 00000000 00:00 0 
631b0000-6322e000 rw-p 00000000 00:00 0 
6322e000-63231000 ---p 00000000 00:00 0 
63231000-632af000 rw-p 00000000 00:00 0 
632af000-632b2000 ---p 00000000 00:00 0 
632b2000-63300000 rw-p 00000000 00:00 0 
63300000-63500000 r--p 00000000 08:01 1110568    /usr/lib/locale/locale-archive
63500000-63600000 rw-p 00000000 00:00 0 
63600000-63621000 rw-p 00000000 00:00 0 
63621000-63700000 ---p 00000000 00:00 0 
63700000-637fb000 rw-p 00000000 00:00 0 
637fb000-63800000 ---p 00000000 00:00 0 
63800000-63802000 r--s 00005000 08:01 1149373    /usr/share/java/eclipse-aether-transport-wagon.jar
63802000-63804000 r--s 00001000 08:01 1149403    /usr/share/java/aopalliance-1.0.jar
63804000-63806000 r--s 00001000 08:01 1149538    /usr/share/java/maven3-builder-support-3.3.9.jar
63806000-6380b000 r--s 0001d000 08:01 1149374    /usr/share/java/eclipse-aether-api.jar
6380b000-6380d000 r--s 00002000 08:01 1149449    /usr/share/java/plexus-cipher.jar
6380d000-6380e000 r--s 00002000 08:01 1149066    /usr/share/java/slf4j-simple.jar
6380e000-63810000 r--s 00013000 08:01 1149534    /usr/share/java/maven3-embedder-3.3.9.jar
63810000-63812000 r--s 00027000 08:01 1149535    /usr/share/java/maven3-model-3.3.9.jar
63812000-63814000 r--s 0000a000 08:01 1147016    /usr/share/java/commons-cli-1.3.1.jar
63814000-63817000 ---p 00000000 00:00 0 
63817000-63865000 rw-p 00000000 00:00 0 
63865000-63866000 ---p 00000000 00:00 0 
63866000-638e6000 rw-p 00000000 00:00 0 
638e6000-63ab4000 r--s 03c2c000 08:01 1692598    /usr/lib/jvm/java-8-openjdk-i386/jre/lib/rt.jar
63ab4000-63efa000 rw-p 00000000 00:00 0 
63efa000-63f00000 ---p 00000000 00:00 0 
63f00000-66300000 rw-p 00000000 00:00 0 
66300000-663f4000 rw-p 00000000 00:00 0 
663f4000-66400000 ---p 00000000 00:00 0 
66400000-66402000 r--s 0000a000 08:01 1149512    /usr/share/java/wagon-provider-api-2.x.jar
66402000-6642e000 r--s 00208000 08:01 1148516    /usr/share/java/guava.jar
6642e000-66431000 ---p 00000000 00:00 0 
66431000-6647f000 rw-p 00000000 00:00 0 
6647f000-66480000 ---p 00000000 00:00 0 
66480000-66500000 rw-p 00000000 00:00 0 
66500000-665fd000 rw-p 00000000 00:00 0 
665fd000-66600000 ---p 00000000 00:00 0 
66600000-66603000 r--s 0000a000 08:01 1149539    /usr/share/java/maven3-artifact-3.3.9.jar
66603000-66607000 r--s 00020000 08:01 1149392    /usr/share/java/eclipse-aether-util.jar
66607000-66608000 r--s 00006000 08:01 1149532    /usr/share/java/maven3-repository-metadata-3.3.9.jar
66608000-6660a000 r--s 00007000 08:01 1149069    /usr/share/java/slf4j-api.jar
6660a000-6660b000 r--s 0000a000 08:01 1149528    /usr/share/java/maven3-settings-3.3.9.jar
6660b000-6660c000 r--s 00001000 08:01 1149518    /usr/share/java/wagon-http-shared-2.x.jar
6660c000-6660d000 r--s 00006000 08:01 1149451    /usr/share/java/plexus-sec-dispatcher.jar
6660d000-66611000 r--s 00038000 08:01 1149495    /usr/share/java/plexus-utils2.jar
66611000-66617000 r--s 00048000 08:01 1149288    /usr/share/java/jsoup.jar
66617000-66619000 r--s 0000a000 08:01 1149529    /usr/share/java/maven3-plugin-api-3.3.9.jar
66619000-6661e000 r--s 00025000 08:01 1149533    /usr/share/java/maven3-model-builder-3.3.9.jar
6661e000-66623000 r--s 00040000 08:01 1145678    /usr/share/java/commons-lang-2.6.jar
66623000-66631000 r--s 00095000 08:01 1149408    /usr/share/java/guice.jar
66631000-6667f000 rw-p 00000000 00:00 0 
6667f000-66680000 ---p 00000000 00:00 0 
66680000-66700000 rw-p 00000000 00:00 0 
66700000-66721000 rw-p 00000000 00:00 0 
66721000-66800000 ---p 00000000 00:00 0 
66800000-66802000 r--s 00000000 08:01 1149499    /usr/share/java/plexus-component-annotations-1.5.jar
66802000-66809000 r--s 00041000 08:01 1149530    /usr/share/java/maven3-compat-3.3.9.jar
66809000-66824000 r--s 00394000 08:01 1692580    /usr/lib/jvm/java-8-openjdk-i386/jre/lib/ext/cldrdata.jar
66824000-6687f000 rw-p 00000000 00:00 0 
6687f000-66880000 ---p 00000000 00:00 0 
66880000-66900000 rw-p 00000000 00:00 0 
66900000-66921000 rw-p 00000000 00:00 0 
66921000-66a00000 ---p 00000000 00:00 0 
66a00000-66a01000 r--s 00000000 08:01 1149240    /usr/share/java/geronimo-interceptor-3.0-spec-1.0.1.jar
66a01000-66a03000 r--s 00012000 08:01 1144777    /usr/share/java/el-api-3.0.jar
66a03000-66a1e000 r--s 001d6000 08:01 1692582    /usr/lib/jvm/java-8-openjdk-i386/jre/lib/ext/nashorn.jar
66a1e000-66a28000 r--s 00116000 08:01 1692574    /usr/lib/jvm/java-8-openjdk-i386/jre/lib/ext/localedata.jar
66a28000-66a29000 ---p 00000000 00:00 0 
66a29000-66abf000 rw-p 00000000 00:00 0 
66abf000-66bff000 ---p 00000000 00:00 0 
66bff000-66c15000 rw-p 00000000 00:00 0 
66c15000-66d54000 ---p 00000000 00:00 0 
66d54000-66d68000 rw-p 00000000 00:00 0 
66d68000-66dff000 ---p 00000000 00:00 0 
66dff000-698c0000 rw-p 00000000 00:00 0 
698c0000-918c0000 ---p 00000000 00:00 0 
918c0000-93e40000 rw-p 00000000 00:00 0 
93e40000-a6e00000 ---p 00000000 00:00 0 
a6e00000-a6e03000 r--s 00008000 08:01 1149246    /usr/share/java/cdi-api-1.0.jar
a6e03000-a6e08000 r--s 0003b000 08:01 1692576    /usr/lib/jvm/java-8-openjdk-i386/jre/lib/ext/sunjce_provider.jar
a6e08000-a6e34000 rw-p 00000000 00:00 0 
a6e34000-a71e0000 ---p 00000000 00:00 0 
a71e0000-a76a8000 rwxp 00000000 00:00 0 
a76b0000-b61e0000 ---p 00000000 00:00 0 
b61e0000-b61eb000 r-xp 00000000 08:01 3402889    /lib/i386-linux-gnu/libnss_files-2.23.so
b61eb000-b61ec000 r--p 0000a000 08:01 3402889    /lib/i386-linux-gnu/libnss_files-2.23.so
b61ec000-b61ed000 rw-p 0000b000 08:01 3402889    /lib/i386-linux-gnu/libnss_files-2.23.so
b61ed000-b61f3000 rw-p 00000000 00:00 0 
b61f3000-b61fe000 r-xp 00000000 08:01 3402895    /lib/i386-linux-gnu/libnss_nis-2.23.so
b61fe000-b61ff000 r--p 0000a000 08:01 3402895    /lib/i386-linux-gnu/libnss_nis-2.23.so
b61ff000-b6200000 rw-p 0000b000 08:01 3402895    /lib/i386-linux-gnu/libnss_nis-2.23.so
b6200000-b62fc000 rw-p 00000000 00:00 0 
b62fc000-b6300000 ---p 00000000 00:00 0 
b6300000-b6302000 r--s 0000a000 08:01 1149493    /usr/share/java/plexus-classworlds2-2.5.2.jar
b6302000-b6304000 r--s 00008000 08:01 1692578    /usr/lib/jvm/java-8-openjdk-i386/jre/lib/ext/sunec.jar
b6304000-b631b000 r-xp 00000000 08:01 3402652    /lib/i386-linux-gnu/libnsl-2.23.so
b631b000-b631c000 r--p 00016000 08:01 3402652    /lib/i386-linux-gnu/libnsl-2.23.so
b631c000-b631d000 rw-p 00017000 08:01 3402652    /lib/i386-linux-gnu/libnsl-2.23.so
b631d000-b631f000 rw-p 00000000 00:00 0 
b631f000-b6327000 r-xp 00000000 08:01 3402720    /lib/i386-linux-gnu/libnss_compat-2.23.so
b6327000-b6328000 r--p 00007000 08:01 3402720    /lib/i386-linux-gnu/libnss_compat-2.23.so
b6328000-b6329000 rw-p 00008000 08:01 3402720    /lib/i386-linux-gnu/libnss_compat-2.23.so
b6329000-b632a000 r--s 00000000 08:01 1145399    /usr/share/java/atinject-jsr330-api-1.0.jar
b632a000-b632c000 r--s 00001000 08:01 1692579    /usr/lib/jvm/java-8-openjdk-i386/jre/lib/ext/dnsns.jar
b632c000-b632f000 r--s 0000f000 08:01 1692575    /usr/lib/jvm/java-8-openjdk-i386/jre/lib/ext/icedtea-sound.jar
b632f000-b6337000 r-xp 00000000 08:01 1693413    /usr/lib/jvm/java-8-openjdk-i386/jre/lib/i386/libzip.so
b6337000-b6338000 r--p 00007000 08:01 1693413    /usr/lib/jvm/java-8-openjdk-i386/jre/lib/i386/libzip.so
b6338000-b6339000 rw-p 00008000 08:01 1693413    /usr/lib/jvm/java-8-openjdk-i386/jre/lib/i386/libzip.so
b6339000-b6341000 rw-s 00000000 08:01 2576964    /tmp/hsperfdata_sarnobat/7212
b6341000-b6369000 r-xp 00000000 08:01 1693416    /usr/lib/jvm/java-8-openjdk-i386/jre/lib/i386/libjava.so
b6369000-b636a000 r--p 00027000 08:01 1693416    /usr/lib/jvm/java-8-openjdk-i386/jre/lib/i386/libjava.so
b636a000-b636b000 rw-p 00028000 08:01 1693416    /usr/lib/jvm/java-8-openjdk-i386/jre/lib/i386/libjava.so
b636b000-b6372000 r-xp 00000000 08:01 3402905    /lib/i386-linux-gnu/librt-2.23.so
b6372000-b6373000 r--p 00006000 08:01 3402905    /lib/i386-linux-gnu/librt-2.23.so
b6373000-b6374000 rw-p 00007000 08:01 3402905    /lib/i386-linux-gnu/librt-2.23.so
b6374000-b6377000 ---p 00000000 00:00 0 
b6377000-b63c5000 rw-p 00000000 00:00 0 
b63c5000-b63e1000 r-xp 00000000 08:01 3402590    /lib/i386-linux-gnu/libgcc_s.so.1
b63e1000-b63e2000 rw-p 0001b000 08:01 3402590    /lib/i386-linux-gnu/libgcc_s.so.1
b63e2000-b6435000 r-xp 00000000 08:01 3402651    /lib/i386-linux-gnu/libm-2.23.so
b6435000-b6436000 r--p 00052000 08:01 3402651    /lib/i386-linux-gnu/libm-2.23.so
b6436000-b6437000 rw-p 00053000 08:01 3402651    /lib/i386-linux-gnu/libm-2.23.so
b6437000-b65a4000 r-xp 00000000 08:01 1104849    /usr/lib/i386-linux-gnu/libstdc++.so.6.0.21
b65a4000-b65a5000 ---p 0016d000 08:01 1104849    /usr/lib/i386-linux-gnu/libstdc++.so.6.0.21
b65a5000-b65aa000 r--p 0016d000 08:01 1104849    /usr/lib/i386-linux-gnu/libstdc++.so.6.0.21
b65aa000-b65ab000 rw-p 00172000 08:01 1104849    /usr/lib/i386-linux-gnu/libstdc++.so.6.0.21
b65ab000-b65ae000 rw-p 00000000 00:00 0 
b65ae000-b7084000 r-xp 00000000 08:01 1693411    /usr/lib/jvm/java-8-openjdk-i386/jre/lib/i386/server/libjvm.so
b7084000-b70ca000 r--p 00ad5000 08:01 1693411    /usr/lib/jvm/java-8-openjdk-i386/jre/lib/i386/server/libjvm.so
b70ca000-b70e1000 rw-p 00b1b000 08:01 1693411    /usr/lib/jvm/java-8-openjdk-i386/jre/lib/i386/server/libjvm.so
b70e1000-b7501000 rw-p 00000000 00:00 0 
b7501000-b751a000 r-xp 00000000 08:01 3402662    /lib/i386-linux-gnu/libpthread-2.23.so
b751a000-b751b000 r--p 00018000 08:01 3402662    /lib/i386-linux-gnu/libpthread-2.23.so
b751b000-b751c000 rw-p 00019000 08:01 3402662    /lib/i386-linux-gnu/libpthread-2.23.so
b751c000-b751e000 rw-p 00000000 00:00 0 
b751e000-b7521000 r-xp 00000000 08:01 3402697    /lib/i386-linux-gnu/libdl-2.23.so
b7521000-b7522000 r--p 00002000 08:01 3402697    /lib/i386-linux-gnu/libdl-2.23.so
b7522000-b7523000 rw-p 00003000 08:01 3402697    /lib/i386-linux-gnu/libdl-2.23.so
b7523000-b7524000 rw-p 00000000 00:00 0 
b7524000-b753d000 r-xp 00000000 08:01 3402741    /lib/i386-linux-gnu/libz.so.1.2.8
b753d000-b753e000 r--p 00018000 08:01 3402741    /lib/i386-linux-gnu/libz.so.1.2.8
b753e000-b753f000 rw-p 00019000 08:01 3402741    /lib/i386-linux-gnu/libz.so.1.2.8
b753f000-b76ef000 r-xp 00000000 08:01 3402663    /lib/i386-linux-gnu/libc-2.23.so
b76ef000-b76f1000 r--p 001af000 08:01 3402663    /lib/i386-linux-gnu/libc-2.23.so
b76f1000-b76f2000 rw-p 001b1000 08:01 3402663    /lib/i386-linux-gnu/libc-2.23.so
b76f2000-b76f5000 rw-p 00000000 00:00 0 
b76f5000-b76f6000 r--s 00010000 08:01 1692581    /usr/lib/jvm/java-8-openjdk-i386/jre/lib/ext/zipfs.jar
b76f6000-b76f7000 r--s 0000a000 08:01 1692577    /usr/lib/jvm/java-8-openjdk-i386/jre/lib/ext/jaccess.jar
b76f7000-b76fa000 r--s 00038000 08:01 1692573    /usr/lib/jvm/java-8-openjdk-i386/jre/lib/ext/sunpkcs11.jar
b76fa000-b76fb000 r--p 002d4000 08:01 1110568    /usr/lib/locale/locale-archive
b76fb000-b76fc000 rw-p 00000000 00:00 0 
b76fc000-b76fd000 r--p 00000000 00:00 0 
b76fd000-b770b000 r-xp 00000000 08:01 1693425    /usr/lib/jvm/java-8-openjdk-i386/jre/lib/i386/libverify.so
b770b000-b770c000 r--p 0000d000 08:01 1693425    /usr/lib/jvm/java-8-openjdk-i386/jre/lib/i386/libverify.so
b770c000-b770d000 rw-p 0000e000 08:01 1693425    /usr/lib/jvm/java-8-openjdk-i386/jre/lib/i386/libverify.so
b770d000-b771a000 r-xp 00000000 08:01 1693421    /usr/lib/jvm/java-8-openjdk-i386/jre/lib/i386/jli/libjli.so
b771a000-b771b000 r--p 0000c000 08:01 1693421    /usr/lib/jvm/java-8-openjdk-i386/jre/lib/i386/jli/libjli.so
b771b000-b771c000 rw-p 0000d000 08:01 1693421    /usr/lib/jvm/java-8-openjdk-i386/jre/lib/i386/jli/libjli.so
b771c000-b771d000 rw-p 00000000 00:00 0 
b771d000-b7720000 r--p 00000000 00:00 0          [vvar]
b7720000-b7721000 r-xp 00000000 00:00 0          [vdso]
b7721000-b7744000 r-xp 00000000 08:01 3402661    /lib/i386-linux-gnu/ld-2.23.so
b7744000-b7745000 r--p 00022000 08:01 3402661    /lib/i386-linux-gnu/ld-2.23.so
b7745000-b7746000 rw-p 00023000 08:01 3402661    /lib/i386-linux-gnu/ld-2.23.so
bf85d000-bf87e000 rw-p 00000000 00:00 0          [stack]

VM Arguments:
jvm_args: -Dclassworlds.conf=/usr/share/maven/bin/m2.conf -Dmaven.home=/usr/share/maven -Dmaven.multiModuleProjectDirectory=/home/sarnobat/github/maven_project 
java_command: org.codehaus.plexus.classworlds.launcher.Launcher --quiet --settings /home/sarnobat/sarnobat.git/mac/.m2/settings.xml install exec:java -Dexec.mainClass=Md5RoList -Dexec.args=4485
java_class_path (initial): /usr/share/maven/boot/plexus-classworlds-2.x.jar
Launcher Type: SUN_STANDARD

Environment Variables:
JAVA_HOME=/usr/lib/jvm/java-8-openjdk-i386
PATH=/usr/bin:/bin
SHELL=/bin/sh

Signal Handlers:
SIGSEGV: [libjvm.so+0x8db350], sa_mask[0]=11111111011111111101111111111110, sa_flags=SA_RESTART|SA_SIGINFO
SIGBUS: [libjvm.so+0x8db350], sa_mask[0]=11111111011111111101111111111110, sa_flags=SA_RESTART|SA_SIGINFO
SIGFPE: [libjvm.so+0x73fd00], sa_mask[0]=11111111011111111101111111111110, sa_flags=SA_RESTART|SA_SIGINFO
SIGPIPE: [libjvm.so+0x73fd00], sa_mask[0]=11111111011111111101111111111110, sa_flags=SA_RESTART|SA_SIGINFO
SIGXFSZ: [libjvm.so+0x73fd00], sa_mask[0]=11111111011111111101111111111110, sa_flags=SA_RESTART|SA_SIGINFO
SIGILL: [libjvm.so+0x73fd00], sa_mask[0]=11111111011111111101111111111110, sa_flags=SA_RESTART|SA_SIGINFO
SIGUSR1: SIG_DFL, sa_mask[0]=00000000000000000000000000000000, sa_flags=none
SIGUSR2: [libjvm.so+0x73fb40], sa_mask[0]=00000000000000000000000000000000, sa_flags=SA_RESTART|SA_SIGINFO
SIGHUP: [libjvm.so+0x7402d0], sa_mask[0]=11111111011111111101111111111110, sa_flags=SA_RESTART|SA_SIGINFO
SIGINT: [libjvm.so+0x7402d0], sa_mask[0]=11111111011111111101111111111110, sa_flags=SA_RESTART|SA_SIGINFO
SIGTERM: [libjvm.so+0x7402d0], sa_mask[0]=11111111011111111101111111111110, sa_flags=SA_RESTART|SA_SIGINFO
SIGQUIT: [libjvm.so+0x7402d0], sa_mask[0]=11111111011111111101111111111110, sa_flags=SA_RESTART|SA_SIGINFO


---------------  S Y S T E M  ---------------

OS:DISTRIB_ID=Ubuntu
DISTRIB_RELEASE=16.04
DISTRIB_CODENAME=xenial
DISTRIB_DESCRIPTION="Ubuntu 16.04.1 LTS"

uname:Linux 4.4.0-116-generic #140-Ubuntu SMP Mon Feb 12 21:22:43 UTC 2018 i686
libc:glibc 2.23 NPTL 2.23 
rlimit: STACK 8192k, CORE 0k, NPROC 63055, NOFILE 1048576, AS infinity
load average:2.80 2.57 2.47

/proc/meminfo:
MemTotal:        8107396 kB
MemFree:          390200 kB
MemAvailable:          0 kB
Buffers:           14876 kB
Cached:           131524 kB
SwapCached:        18592 kB
Active:          6263740 kB
Inactive:        1231396 kB
Active(anon):    6239860 kB
Inactive(anon):  1210192 kB
Active(file):      23880 kB
Inactive(file):    21204 kB
Unevictable:           0 kB
Mlocked:               0 kB
HighTotal:       7292552 kB
HighFree:          86256 kB
LowTotal:         814844 kB
LowFree:          303944 kB
SwapTotal:       4007932 kB
SwapFree:              0 kB
Dirty:              1184 kB
Writeback:             0 kB
AnonPages:       7330580 kB
Mapped:            32092 kB
Shmem:            101016 kB
Slab:              85488 kB
SReclaimable:      34000 kB
SUnreclaim:        51488 kB
KernelStack:       24568 kB
PageTables:        55096 kB
NFS_Unstable:          0 kB
Bounce:                0 kB
WritebackTmp:          0 kB
CommitLimit:     8061628 kB
Committed_AS:   32353208 kB
VmallocTotal:     122880 kB
VmallocUsed:           0 kB
VmallocChunk:          0 kB
AnonHugePages:   4726784 kB
CmaTotal:              0 kB
CmaFree:               0 kB
HugePages_Total:       0
HugePages_Free:        0
HugePages_Rsvd:        0
HugePages_Surp:        0
Hugepagesize:       2048 kB
DirectMap4k:       55288 kB
DirectMap2M:      856064 kB


CPU:total 4 (initial active 4) (2 cores per cpu, 2 threads per core) family 6 model 58 stepping 9, cmov, cx8, fxsr, mmx, sse, sse2, sse3, ssse3, sse4.1, sse4.2, popcnt, avx, aes, clmul, erms, ht, tsc, tscinvbit, tscinv

/proc/cpuinfo:
processor	: 0
vendor_id	: GenuineIntel
cpu family	: 6
model		: 58
model name	: Intel(R) Core(TM) i5-3427U CPU @ 1.80GHz
stepping	: 9
microcode	: 0x17
cpu MHz		: 2599.988
cache size	: 3072 KB
physical id	: 0
siblings	: 4
core id		: 0
cpu cores	: 2
apicid		: 0
initial apicid	: 0
fdiv_bug	: no
f00f_bug	: no
coma_bug	: no
fpu		: yes
fpu_exception	: yes
cpuid level	: 13
wp		: yes
flags		: fpu vme de pse tsc msr pae mce cx8 apic sep mtrr pge mca cmov pat pse36 clflush dts acpi mmx fxsr sse sse2 ss ht tm pbe nx rdtscp lm constant_tsc arch_perfmon pebs bts xtopology nonstop_tsc aperfmperf eagerfpu pni pclmulqdq dtes64 monitor ds_cpl vmx smx est tm2 ssse3 cx16 xtpr pdcm sse4_1 sse4_2 x2apic popcnt tsc_deadline_timer aes xsave avx f16c rdrand lahf_lm epb retpoline tpr_shadow vnmi flexpriority ept vpid fsgsbase smep erms xsaveopt dtherm ida arat pln pts
bugs		: cpu_meltdown spectre_v1 spectre_v2
bogomips	: 4589.71
clflush size	: 64
cache_alignment	: 64
address sizes	: 36 bits physical, 48 bits virtual
power management:

processor	: 1
vendor_id	: GenuineIntel
cpu family	: 6
model		: 58
model name	: Intel(R) Core(TM) i5-3427U CPU @ 1.80GHz
stepping	: 9
microcode	: 0x17
cpu MHz		: 2599.988
cache size	: 3072 KB
physical id	: 0
siblings	: 4
core id		: 1
cpu cores	: 2
apicid		: 2
initial apicid	: 2
fdiv_bug	: no
f00f_bug	: no
coma_bug	: no
fpu		: yes
fpu_exception	: yes
cpuid level	: 13
wp		: yes
flags		: fpu vme de pse tsc msr pae mce cx8 apic sep mtrr pge mca cmov pat pse36 clflush dts acpi mmx fxsr sse sse2 ss ht tm pbe nx rdtscp lm constant_tsc arch_perfmon pebs bts xtopology nonstop_tsc aperfmperf eagerfpu pni pclmulqdq dtes64 monitor ds_cpl vmx smx est tm2 ssse3 cx16 xtpr pdcm sse4_1 sse4_2 x2apic popcnt tsc_deadline_timer aes xsave avx f16c rdrand lahf_lm epb retpoline tpr_shadow vnmi flexpriority ept vpid fsgsbase smep erms xsaveopt dtherm ida arat pln pts
bugs		: cpu_meltdown spectre_v1 spectre_v2
bogomips	: 4589.71
clflush size	: 64
cache_alignment	: 64
address sizes	: 36 bits physical, 48 bits virtual
power management:

processor	: 2
vendor_id	: GenuineIntel
cpu family	: 6
model		: 58
model name	: Intel(R) Core(TM) i5-3427U CPU @ 1.80GHz
stepping	: 9
microcode	: 0x17
cpu MHz		: 2599.988
cache size	: 3072 KB
physical id	: 0
siblings	: 4
core id		: 0
cpu cores	: 2
apicid		: 1
initial apicid	: 1
fdiv_bug	: no
f00f_bug	: no
coma_bug	: no
fpu		: yes
fpu_exception	: yes
cpuid level	: 13
wp		: yes
flags		: fpu vme de pse tsc msr pae mce cx8 apic sep mtrr pge mca cmov pat pse36 clflush dts acpi mmx fxsr sse sse2 ss ht tm pbe nx rdtscp lm constant_tsc arch_perfmon pebs bts xtopology nonstop_tsc aperfmperf eagerfpu pni pclmulqdq dtes64 monitor ds_cpl vmx smx est tm2 ssse3 cx16 xtpr pdcm sse4_1 sse4_2 x2apic popcnt tsc_deadline_timer aes xsave avx f16c rdrand lahf_lm epb retpoline tpr_shadow vnmi flexpriority ept vpid fsgsbase smep erms xsaveopt dtherm ida arat pln pts
bugs		: cpu_meltdown spectre_v1 spectre_v2
bogomips	: 4589.71
clflush size	: 64
cache_alignment	: 64
address sizes	: 36 bits physical, 48 bits virtual
power management:

processor	: 3
vendor_id	: GenuineIntel
cpu family	: 6
model		: 58
model name	: Intel(R) Core(TM) i5-3427U CPU @ 1.80GHz
stepping	: 9
microcode	: 0x17
cpu MHz		: 2599.988
cache size	: 3072 KB
physical id	: 0
siblings	: 4
core id		: 1
cpu cores	: 2
apicid		: 3
initial apicid	: 3
fdiv_bug	: no
f00f_bug	: no
coma_bug	: no
fpu		: yes
fpu_exception	: yes
cpuid level	: 13
wp		: yes
flags		: fpu vme de pse tsc msr pae mce cx8 apic sep mtrr pge mca cmov pat pse36 clflush dts acpi mmx fxsr sse sse2 ss ht tm pbe nx rdtscp lm constant_tsc arch_perfmon pebs bts xtopology nonstop_tsc aperfmperf eagerfpu pni pclmulqdq dtes64 monitor ds_cpl vmx smx est tm2 ssse3 cx16 xtpr pdcm sse4_1 sse4_2 x2apic popcnt tsc_deadline_timer aes xsave avx f16c rdrand lahf_lm epb retpoline tpr_shadow vnmi flexpriority ept vpid fsgsbase smep erms xsaveopt dtherm ida arat pln pts
bugs		: cpu_meltdown spectre_v1 spectre_v2
bogomips	: 4589.71
clflush size	: 64
cache_alignment	: 64
address sizes	: 36 bits physical, 48 bits virtual
power management:



Memory: 4k page, physical 8107396k(390200k free), swap 4007932k(0k free)

vm_info: OpenJDK Server VM (25.162-b12) for linux-x86 JRE (1.8.0_162-8u162-b12-0ubuntu0.16.04.2-b12), built on Mar 14 2018 12:07:04 by "buildd" with gcc 5.4.0 20160609

time: Thu Apr 12 22:42:05 2018
elapsed time: 4 seconds (0d 0h 0m 4s)

