#
# There is insufficient memory for the Java Runtime Environment to continue.
# Native memory allocation (mmap) failed to map 17039360 bytes for committing reserved memory.
# Possible reasons:
#   The system is out of physical RAM or swap space
#   In 32 bit mode, the process size limit was hit
# Possible solutions:
#   Reduce memory load on the system
#   Increase physical memory or swap space
#   Check if swap backing store is full
#   Use 64 bit Java on a 64 bit OS
#   Decrease Java heap size (-Xmx/-Xms)
#   Decrease number of Java threads
#   Decrease Java thread stack sizes (-Xss)
#   Set larger code cache with -XX:ReservedCodeCacheSize=
# This output file may be truncated or incomplete.
#
#  Out of Memory Error (os_linux.cpp:2643), pid=4978, tid=0x638e4b40
#
# JRE version: OpenJDK Runtime Environment (8.0_151-b12) (build 1.8.0_151-8u151-b12-0ubuntu0.16.04.2-b12)
# Java VM: OpenJDK Server VM (25.151-b12 mixed mode linux-x86 )
# Failed to write core dump. Core dumps have been disabled. To enable core dumping, try "ulimit -c unlimited" before starting Java again
#

---------------  T H R E A D  ---------------

Current thread (0x63781000):  VMThread [stack: 0x63864000,0x638e5000] [id=5040]

Stack: [0x63864000,0x638e5000],  sp=0x638e3b40,  free space=510k
Native frames: (J=compiled Java code, j=interpreted, Vv=VM code, C=native code)
V  [libjvm.so+0x8d6834]
V  [libjvm.so+0x3a7c76]
V  [libjvm.so+0x7420c0]
V  [libjvm.so+0x73c013]
V  [libjvm.so+0x7ad98c]
V  [libjvm.so+0x7ae9cb]
V  [libjvm.so+0x7ab487]
V  [libjvm.so+0x7abcd3]
V  [libjvm.so+0x764c75]
V  [libjvm.so+0x8d83f9]
V  [libjvm.so+0x8dd466]
V  [libjvm.so+0x8db620]
V  [libjvm.so+0x8dbd75]
V  [libjvm.so+0x8dc37b]
V  [libjvm.so+0x73f2b5]
C  [libpthread.so.0+0x6295]  start_thread+0xe5

VM_Operation (0xb63f3a30): ParallelGCFailedAllocation, mode: safepoint, requested by thread 0xb6207800


---------------  P R O C E S S  ---------------

Java Threads: ( => current thread )
  0x637aa400 JavaThread "Service Thread" daemon [_thread_blocked, id=5054, stack(0x630db000,0x6312c000)]
  0x637a7000 JavaThread "C1 CompilerThread2" daemon [_thread_blocked, id=5053, stack(0x6312c000,0x631ad000)]
  0x637a5c00 JavaThread "C2 CompilerThread1" daemon [_thread_blocked, id=5050, stack(0x631ad000,0x6322e000)]
  0x637a3c00 JavaThread "C2 CompilerThread0" daemon [_thread_blocked, id=5048, stack(0x6322e000,0x632af000)]
  0x637a2400 JavaThread "Signal Dispatcher" daemon [_thread_blocked, id=5046, stack(0x632af000,0x63300000)]
  0x63788800 JavaThread "Finalizer" daemon [_thread_blocked, id=5044, stack(0x63813000,0x63864000)]
  0x63785800 JavaThread "Reference Handler" daemon [_thread_blocked, id=5043, stack(0x6642e000,0x6647f000)]
  0xb6207800 JavaThread "main" [_thread_blocked, id=5030, stack(0xb63a5000,0xb63f6000)]

Other Threads:
=>0x63781000 VMThread [stack: 0x63864000,0x638e5000] [id=5040]
  0x637ac400 WatcherThread [stack: 0x6305a000,0x630db000] [id=5057]

VM state:at safepoint (normal execution)

VM Mutex/Monitor currently owned by a thread:  ([mutex/lock_event])
[0xb6204f20] Threads_lock - owner thread: 0x63781000
[0xb6205330] Heap_lock - owner thread: 0xb6207800

Heap:
 PSYoungGen      total 19200K, used 2556K [0x918c0000, 0x92e00000, 0xa6e00000)
  eden space 16640K, 0% used [0x918c0000,0x918c0000,0x92900000)
  from space 2560K, 99% used [0x92b80000,0x92dff260,0x92e00000)
  to   space 2560K, 0% used [0x92900000,0x92900000,0x92b80000)
 ParOldGen       total 43776K, used 872K [0x66e00000, 0x698c0000, 0x918c0000)
  object space 43776K, 1% used [0x66e00000,0x66eda2f8,0x698c0000)
 Metaspace       used 5289K, capacity 5322K, committed 5400K, reserved 5424K

Card table byte_map: [0x66bff000,0x66e00000] byte_map_base: 0x668c8000

Marking Bits: (ParMarkBitMap*) 0xb711b880
 Begin Bits: [0x64300000, 0x65300000)
 End Bits:   [0x65300000, 0x66300000)

Polling page: 0xb7728000

CodeCache: size=245760Kb used=2202Kb max_used=2202Kb free=243557Kb
 bounds [0xa7200000, 0xa7440000, 0xb6200000]
 total_blobs=845 nmethods=679 adapters=81
 compilation: enabled

Compilation events (10 events):
Event: 3.601 Thread 0x637a7000 nmethod 681 0xa7417688 code [0xa74177a0, 0xa7417920]
Event: 3.603 Thread 0x637a7000  682       3       java.lang.Class::getDeclaredMethods (18 bytes)
Event: 3.604 Thread 0x637a7000 nmethod 682 0xa7417308 code [0xa7417440, 0xa74175b0]
Event: 3.606 Thread 0x637a7000  683       3       java.lang.Class::getClassLoader (28 bytes)
Event: 3.609 Thread 0x637a7000 nmethod 683 0xa741b708 code [0xa741b8a0, 0xa741c018]
Event: 3.609 Thread 0x637a7000  684       3       java.util.LinkedHashMap::get (33 bytes)
Event: 3.610 Thread 0x637a7000 nmethod 684 0xa741b088 code [0xa741b1e0, 0xa741b584]
Event: 3.621 Thread 0x637a7000  685       3       java.io.File::<init> (47 bytes)
Event: 3.622 Thread 0x637a7000 nmethod 685 0xa7427348 code [0xa74274e0, 0xa7427a64]
Event: 3.627 Thread 0x637a5c00  686       4       sun.misc.URLClassPath::getResource (83 bytes)

GC Heap History (3 events):
Event: 2.303 GC heap before
{Heap before GC invocations=1 (full 0):
 PSYoungGen      total 19200K, used 16640K [0x918c0000, 0x92e00000, 0xa6e00000)
  eden space 16640K, 100% used [0x918c0000,0x92900000,0x92900000)
  from space 2560K, 0% used [0x92b80000,0x92b80000,0x92e00000)
  to   space 2560K, 0% used [0x92900000,0x92900000,0x92b80000)
 ParOldGen       total 43776K, used 0K [0x66e00000, 0x698c0000, 0x918c0000)
  object space 43776K, 0% used [0x66e00000,0x66e00000,0x698c0000)
 Metaspace       used 4680K, capacity 4714K, committed 4760K, reserved 5424K
Event: 2.313 GC heap after
Heap after GC invocations=1 (full 0):
 PSYoungGen      total 19200K, used 2555K [0x918c0000, 0x92e00000, 0xa6e00000)
  eden space 16640K, 0% used [0x918c0000,0x918c0000,0x92900000)
  from space 2560K, 99% used [0x92900000,0x92b7ecb8,0x92b80000)
  to   space 2560K, 0% used [0x92b80000,0x92b80000,0x92e00000)
 ParOldGen       total 43776K, used 814K [0x66e00000, 0x698c0000, 0x918c0000)
  object space 43776K, 1% used [0x66e00000,0x66ecb9d0,0x698c0000)
 Metaspace       used 4680K, capacity 4714K, committed 4760K, reserved 5424K
}
Event: 3.640 GC heap before
{Heap before GC invocations=2 (full 0):
 PSYoungGen      total 19200K, used 19195K [0x918c0000, 0x92e00000, 0xa6e00000)
  eden space 16640K, 100% used [0x918c0000,0x92900000,0x92900000)
  from space 2560K, 99% used [0x92900000,0x92b7ecb8,0x92b80000)
  to   space 2560K, 0% used [0x92b80000,0x92b80000,0x92e00000)
 ParOldGen       total 43776K, used 814K [0x66e00000, 0x698c0000, 0x918c0000)
  object space 43776K, 1% used [0x66e00000,0x66ecb9d0,0x698c0000)
 Metaspace       used 5289K, capacity 5322K, committed 5400K, reserved 5424K

Deoptimization events (6 events):
Event: 1.069 Thread 0xb6207800 Uncommon trap: reason=unstable_if action=reinterpret pc=0xa73054c4 method=org.codehaus.plexus.util.xml.pull.MXParser.more()C @ 8
Event: 2.425 Thread 0xb6207800 Uncommon trap: reason=unstable_if action=reinterpret pc=0xa7392748 method=java.util.HashMap.getNode(ILjava/lang/Object;)Ljava/util/HashMap$Node; @ 129
Event: 2.445 Thread 0xb6207800 Uncommon trap: reason=range_check action=make_not_entrant pc=0xa7397204 method=sun.reflect.generics.parser.SignatureParser.current()C @ 34
Event: 2.607 Thread 0xb6207800 Uncommon trap: reason=unstable_if action=reinterpret pc=0xa73945fc method=java.nio.charset.CoderResult.isOverflow()Z @ 5
Event: 2.830 Thread 0xb6207800 Uncommon trap: reason=unstable_if action=reinterpret pc=0xa73d8058 method=java.nio.charset.CoderResult.isOverflow()Z @ 5
Event: 2.837 Thread 0xb6207800 Uncommon trap: reason=unstable_if action=reinterpret pc=0xa73dc030 method=java.nio.charset.CoderResult.isOverflow()Z @ 5

Internal exceptions (10 events):
Event: 2.442 Thread 0xb6207800 Exception <a 'java/lang/ArrayIndexOutOfBoundsException'> (0x919f3e10) thrown at [/build/openjdk-8-Y4imzb/openjdk-8-8u151-b12/src/hotspot/src/share/vm/runtime/sharedRuntime.cpp, line 605]
Event: 2.442 Thread 0xb6207800 Exception <a 'java/lang/ArrayIndexOutOfBoundsException'> (0x919f49e8) thrown at [/build/openjdk-8-Y4imzb/openjdk-8-8u151-b12/src/hotspot/src/share/vm/runtime/sharedRuntime.cpp, line 605]
Event: 2.443 Thread 0xb6207800 Exception <a 'java/lang/ArrayIndexOutOfBoundsException'> (0x919f5f10) thrown at [/build/openjdk-8-Y4imzb/openjdk-8-8u151-b12/src/hotspot/src/share/vm/runtime/sharedRuntime.cpp, line 605]
Event: 2.445 Thread 0xb6207800 Exception <a 'java/lang/ArrayIndexOutOfBoundsException': 100> (0x919f7ea8) thrown at [/build/openjdk-8-Y4imzb/openjdk-8-8u151-b12/src/hotspot/src/share/vm/interpreter/interpreterRuntime.cpp, line 366]
Event: 2.446 Thread 0xb6207800 Exception <a 'java/lang/ArrayIndexOutOfBoundsException': 86> (0x919f9208) thrown at [/build/openjdk-8-Y4imzb/openjdk-8-8u151-b12/src/hotspot/src/share/vm/interpreter/interpreterRuntime.cpp, line 366]
Event: 2.446 Thread 0xb6207800 Exception <a 'java/lang/ArrayIndexOutOfBoundsException': 111> (0x919fa6c0) thrown at [/build/openjdk-8-Y4imzb/openjdk-8-8u151-b12/src/hotspot/src/share/vm/interpreter/interpreterRuntime.cpp, line 366]
Event: 2.447 Thread 0xb6207800 Exception <a 'java/lang/ArrayIndexOutOfBoundsException': 113> (0x919fc058) thrown at [/build/openjdk-8-Y4imzb/openjdk-8-8u151-b12/src/hotspot/src/share/vm/interpreter/interpreterRuntime.cpp, line 366]
Event: 2.447 Thread 0xb6207800 Exception <a 'java/lang/ArrayIndexOutOfBoundsException': 71> (0x919fd358) thrown at [/build/openjdk-8-Y4imzb/openjdk-8-8u151-b12/src/hotspot/src/share/vm/interpreter/interpreterRuntime.cpp, line 366]
Event: 2.448 Thread 0xb6207800 Exception <a 'java/lang/ArrayIndexOutOfBoundsException': 79> (0x919fe930) thrown at [/build/openjdk-8-Y4imzb/openjdk-8-8u151-b12/src/hotspot/src/share/vm/interpreter/interpreterRuntime.cpp, line 366]
Event: 2.450 Thread 0xb6207800 Exception <a 'java/lang/ArrayIndexOutOfBoundsException': 85> (0x919ffd10) thrown at [/build/openjdk-8-Y4imzb/openjdk-8-8u151-b12/src/hotspot/src/share/vm/interpreter/interpreterRuntime.cpp, line 366]

Events (10 events):
Event: 3.618 loading class org/eclipse/aether/internal/impl/DefaultLocalRepositoryProvider done
Event: 3.619 loading class org/eclipse/aether/impl/LocalRepositoryProvider
Event: 3.619 loading class org/eclipse/aether/impl/LocalRepositoryProvider done
Event: 3.624 loading class org/eclipse/aether/internal/impl/EnhancedLocalRepositoryManagerFactory
Event: 3.624 loading class org/eclipse/aether/internal/impl/EnhancedLocalRepositoryManagerFactory done
Event: 3.624 loading class org/eclipse/aether/spi/localrepo/LocalRepositoryManagerFactory
Event: 3.624 loading class org/eclipse/aether/spi/localrepo/LocalRepositoryManagerFactory done
Event: 3.627 loading class org/eclipse/aether/internal/impl/DefaultArtifactResolver
Event: 3.627 loading class org/eclipse/aether/internal/impl/DefaultArtifactResolver done
Event: 3.639 Executing VM operation: ParallelGCFailedAllocation


Dynamic libraries:
08048000-08049000 r-xp 00000000 08:01 1693306    /usr/lib/jvm/java-8-openjdk-i386/jre/bin/java
08049000-0804a000 r--p 00000000 08:01 1693306    /usr/lib/jvm/java-8-openjdk-i386/jre/bin/java
0804a000-0804b000 rw-p 00001000 08:01 1693306    /usr/lib/jvm/java-8-openjdk-i386/jre/bin/java
09e4d000-09e6e000 rw-p 00000000 00:00 0          [heap]
62500000-62529000 rw-p 00000000 00:00 0 
62529000-62600000 ---p 00000000 00:00 0 
62600000-62650000 rw-p 00000000 00:00 0 
62650000-62700000 ---p 00000000 00:00 0 
62800000-62895000 rw-p 00000000 00:00 0 
62895000-62900000 ---p 00000000 00:00 0 
62900000-62929000 rw-p 00000000 00:00 0 
62929000-62a00000 ---p 00000000 00:00 0 
62a00000-62b00000 rw-p 00000000 00:00 0 
62b00000-62c00000 rw-p 00000000 00:00 0 
62c00000-62cfe000 rw-p 00000000 00:00 0 
62cfe000-62d00000 ---p 00000000 00:00 0 
62d00000-62efd000 rw-p 00000000 00:00 0 
62efd000-62f00000 ---p 00000000 00:00 0 
62f00000-62fff000 rw-p 00000000 00:00 0 
62fff000-63000000 ---p 00000000 00:00 0 
63021000-6302e000 r--s 0008d000 08:01 1149531    /usr/share/java/maven3-core-3.3.9.jar
6302e000-6302f000 r--s 00001000 08:01 1149511    /usr/share/java/wagon-file-2.x.jar
6302f000-63032000 r--s 00007000 08:01 1149537    /usr/share/java/maven3-settings-builder-3.3.9.jar
63032000-63034000 r--s 0000d000 08:01 1149536    /usr/share/java/maven3-aether-provider-3.3.9.jar
63034000-6303b000 r--s 0002c000 08:01 1149509    /usr/share/java/sisu-plexus.jar
6303b000-6303f000 r--s 00027000 08:01 1145546    /usr/share/java/commons-io-2.4.jar
6303f000-63047000 r--s 00054000 08:01 1149507    /usr/share/java/sisu-inject.jar
63047000-6304e000 r--s 0005d000 08:01 1149254    /usr/share/java/commons-lang3.jar
6304e000-6304f000 r--s 00004000 08:01 1145398    /usr/share/java/atinject-jsr330-tck-1.0.jar
6304f000-63051000 r--s 0000e000 08:01 1149271    /usr/share/java/plexus-interpolation.jar
63051000-63053000 r--s 00006000 08:01 1149372    /usr/share/java/eclipse-aether-spi.jar
63053000-63054000 r--s 00008000 08:01 1149370    /usr/share/java/eclipse-aether-connector-basic.jar
63054000-63058000 r--s 00027000 08:01 1149367    /usr/share/java/eclipse-aether-impl.jar
63058000-6305a000 r--s 00005000 08:01 1149373    /usr/share/java/eclipse-aether-transport-wagon.jar
6305a000-6305b000 ---p 00000000 00:00 0 
6305b000-630db000 rw-p 00000000 00:00 0 
630db000-630de000 ---p 00000000 00:00 0 
630de000-6312c000 rw-p 00000000 00:00 0 
6312c000-6312f000 ---p 00000000 00:00 0 
6312f000-631ad000 rw-p 00000000 00:00 0 
631ad000-631b0000 ---p 00000000 00:00 0 
631b0000-6322e000 rw-p 00000000 00:00 0 
6322e000-63231000 ---p 00000000 00:00 0 
63231000-632af000 rw-p 00000000 00:00 0 
632af000-632b2000 ---p 00000000 00:00 0 
632b2000-63300000 rw-p 00000000 00:00 0 
63300000-63500000 r--p 00000000 08:01 1110568    /usr/lib/locale/locale-archive
63500000-635fe000 rw-p 00000000 00:00 0 
635fe000-63600000 ---p 00000000 00:00 0 
63600000-63621000 rw-p 00000000 00:00 0 
63621000-63700000 ---p 00000000 00:00 0 
63700000-637fc000 rw-p 00000000 00:00 0 
637fc000-63800000 ---p 00000000 00:00 0 
63800000-63802000 r--s 00001000 08:01 1149403    /usr/share/java/aopalliance-1.0.jar
63802000-63804000 r--s 00001000 08:01 1149538    /usr/share/java/maven3-builder-support-3.3.9.jar
63804000-63809000 r--s 0001d000 08:01 1149374    /usr/share/java/eclipse-aether-api.jar
63809000-6380b000 r--s 00002000 08:01 1149449    /usr/share/java/plexus-cipher.jar
6380b000-6380c000 r--s 00002000 08:01 1149066    /usr/share/java/slf4j-simple.jar
6380c000-6380e000 r--s 00013000 08:01 1149534    /usr/share/java/maven3-embedder-3.3.9.jar
6380e000-63810000 r--s 00027000 08:01 1149535    /usr/share/java/maven3-model-3.3.9.jar
63810000-63813000 r--s 0000a000 08:01 1149539    /usr/share/java/maven3-artifact-3.3.9.jar
63813000-63816000 ---p 00000000 00:00 0 
63816000-63864000 rw-p 00000000 00:00 0 
63864000-63865000 ---p 00000000 00:00 0 
63865000-638e5000 rw-p 00000000 00:00 0 
638e5000-63ab4000 r--s 03c21000 08:01 1693223    /usr/lib/jvm/java-8-openjdk-i386/jre/lib/rt.jar
63ab4000-63efa000 rw-p 00000000 00:00 0 
63efa000-63f00000 ---p 00000000 00:00 0 
63f00000-66300000 rw-p 00000000 00:00 0 
66300000-663fa000 rw-p 00000000 00:00 0 
663fa000-66400000 ---p 00000000 00:00 0 
66400000-66402000 r--s 0000a000 08:01 1147016    /usr/share/java/commons-cli-1.3.1.jar
66402000-6642e000 r--s 00208000 08:01 1148516    /usr/share/java/guava.jar
6642e000-66431000 ---p 00000000 00:00 0 
66431000-6647f000 rw-p 00000000 00:00 0 
6647f000-66480000 ---p 00000000 00:00 0 
66480000-66500000 rw-p 00000000 00:00 0 
66500000-665fb000 rw-p 00000000 00:00 0 
665fb000-66600000 ---p 00000000 00:00 0 
66600000-66631000 r--s 00207000 08:01 1149515    /usr/share/java/wagon-http-shaded-2.x.jar
66631000-6667f000 rw-p 00000000 00:00 0 
6667f000-66680000 ---p 00000000 00:00 0 
66680000-66700000 rw-p 00000000 00:00 0 
66700000-66721000 rw-p 00000000 00:00 0 
66721000-66800000 ---p 00000000 00:00 0 
66800000-66802000 r--s 0000a000 08:01 1149512    /usr/share/java/wagon-provider-api-2.x.jar
66802000-66806000 r--s 00020000 08:01 1149392    /usr/share/java/eclipse-aether-util.jar
66806000-66807000 r--s 00006000 08:01 1149532    /usr/share/java/maven3-repository-metadata-3.3.9.jar
66807000-66809000 r--s 00007000 08:01 1149069    /usr/share/java/slf4j-api.jar
66809000-6680a000 r--s 0000a000 08:01 1149528    /usr/share/java/maven3-settings-3.3.9.jar
6680a000-6680e000 r--s 00038000 08:01 1149495    /usr/share/java/plexus-utils2.jar
6680e000-66814000 r--s 00048000 08:01 1149288    /usr/share/java/jsoup.jar
66814000-66816000 r--s 0000a000 08:01 1149529    /usr/share/java/maven3-plugin-api-3.3.9.jar
66816000-66824000 r--s 00095000 08:01 1149408    /usr/share/java/guice.jar
66824000-6687f000 rw-p 00000000 00:00 0 
6687f000-66880000 ---p 00000000 00:00 0 
66880000-66900000 rw-p 00000000 00:00 0 
66900000-66921000 rw-p 00000000 00:00 0 
66921000-66a00000 ---p 00000000 00:00 0 
66a00000-66a01000 r--s 00001000 08:01 1149518    /usr/share/java/wagon-http-shared-2.x.jar
66a01000-66a06000 r--s 00025000 08:01 1149533    /usr/share/java/maven3-model-builder-3.3.9.jar
66a06000-66a0b000 r--s 00040000 08:01 1145678    /usr/share/java/commons-lang-2.6.jar
66a0b000-66a0d000 r--s 00000000 08:01 1149499    /usr/share/java/plexus-component-annotations-1.5.jar
66a0d000-66a28000 r--s 00394000 08:01 1693228    /usr/lib/jvm/java-8-openjdk-i386/jre/lib/ext/cldrdata.jar
66a28000-66a29000 ---p 00000000 00:00 0 
66a29000-66abf000 rw-p 00000000 00:00 0 
66abf000-66bff000 ---p 00000000 00:00 0 
66bff000-66c15000 rw-p 00000000 00:00 0 
66c15000-66d54000 ---p 00000000 00:00 0 
66d54000-66d5f000 rw-p 00000000 00:00 0 
66d5f000-66dff000 ---p 00000000 00:00 0 
66dff000-698c0000 rw-p 00000000 00:00 0 
698c0000-918c0000 ---p 00000000 00:00 0 
918c0000-92e00000 rw-p 00000000 00:00 0 
93e40000-a6e00000 ---p 00000000 00:00 0 
a6e00000-a6e01000 r--s 00006000 08:01 1149451    /usr/share/java/plexus-sec-dispatcher.jar
a6e01000-a6e03000 r--s 00012000 08:01 1144777    /usr/share/java/el-api-3.0.jar
a6e03000-a6e06000 r--s 00008000 08:01 1149246    /usr/share/java/cdi-api-1.0.jar
a6e06000-a6e0d000 r--s 00041000 08:01 1149530    /usr/share/java/maven3-compat-3.3.9.jar
a6e0d000-a6e28000 r--s 001d6000 08:01 1693230    /usr/lib/jvm/java-8-openjdk-i386/jre/lib/ext/nashorn.jar
a6e28000-a6e49000 rw-p 00000000 00:00 0 
a6e49000-a7200000 ---p 00000000 00:00 0 
a7200000-a7440000 rwxp 00000000 00:00 0 
a7440000-b6200000 ---p 00000000 00:00 0 
b6200000-b62fb000 rw-p 00000000 00:00 0 
b62fb000-b6300000 ---p 00000000 00:00 0 
b6300000-b6301000 r--s 00000000 08:01 1149240    /usr/share/java/geronimo-interceptor-3.0-spec-1.0.1.jar
b6301000-b6302000 r--s 00000000 08:01 1145399    /usr/share/java/atinject-jsr330-api-1.0.jar
b6302000-b6304000 r--s 0000a000 08:01 1149493    /usr/share/java/plexus-classworlds2-2.5.2.jar
b6304000-b6306000 r--s 00008000 08:01 1693232    /usr/lib/jvm/java-8-openjdk-i386/jre/lib/ext/sunec.jar
b6306000-b630c000 r--s 0003a000 08:01 1693231    /usr/lib/jvm/java-8-openjdk-i386/jre/lib/ext/sunjce_provider.jar
b630c000-b6316000 r--s 00116000 08:01 1693233    /usr/lib/jvm/java-8-openjdk-i386/jre/lib/ext/localedata.jar
b6316000-b6321000 r-xp 00000000 08:01 3402889    /lib/i386-linux-gnu/libnss_files-2.23.so
b6321000-b6322000 r--p 0000a000 08:01 3402889    /lib/i386-linux-gnu/libnss_files-2.23.so
b6322000-b6323000 rw-p 0000b000 08:01 3402889    /lib/i386-linux-gnu/libnss_files-2.23.so
b6323000-b6329000 rw-p 00000000 00:00 0 
b6329000-b6334000 r-xp 00000000 08:01 3402895    /lib/i386-linux-gnu/libnss_nis-2.23.so
b6334000-b6335000 r--p 0000a000 08:01 3402895    /lib/i386-linux-gnu/libnss_nis-2.23.so
b6335000-b6336000 rw-p 0000b000 08:01 3402895    /lib/i386-linux-gnu/libnss_nis-2.23.so
b6336000-b634d000 r-xp 00000000 08:01 3402652    /lib/i386-linux-gnu/libnsl-2.23.so
b634d000-b634e000 r--p 00016000 08:01 3402652    /lib/i386-linux-gnu/libnsl-2.23.so
b634e000-b634f000 rw-p 00017000 08:01 3402652    /lib/i386-linux-gnu/libnsl-2.23.so
b634f000-b6351000 rw-p 00000000 00:00 0 
b6351000-b6359000 r-xp 00000000 08:01 3402720    /lib/i386-linux-gnu/libnss_compat-2.23.so
b6359000-b635a000 r--p 00007000 08:01 3402720    /lib/i386-linux-gnu/libnss_compat-2.23.so
b635a000-b635b000 rw-p 00008000 08:01 3402720    /lib/i386-linux-gnu/libnss_compat-2.23.so
b635b000-b635c000 r--s 00010000 08:01 1693229    /usr/lib/jvm/java-8-openjdk-i386/jre/lib/ext/zipfs.jar
b635c000-b635e000 r--s 00001000 08:01 1693236    /usr/lib/jvm/java-8-openjdk-i386/jre/lib/ext/dnsns.jar
b635e000-b6361000 r--s 0000f000 08:01 1693227    /usr/lib/jvm/java-8-openjdk-i386/jre/lib/ext/icedtea-sound.jar
b6361000-b6369000 r-xp 00000000 08:01 1693277    /usr/lib/jvm/java-8-openjdk-i386/jre/lib/i386/libzip.so
b6369000-b636a000 r--p 00007000 08:01 1693277    /usr/lib/jvm/java-8-openjdk-i386/jre/lib/i386/libzip.so
b636a000-b636b000 rw-p 00008000 08:01 1693277    /usr/lib/jvm/java-8-openjdk-i386/jre/lib/i386/libzip.so
b636b000-b6373000 rw-s 00000000 08:01 2576744    /tmp/hsperfdata_sarnobat/4978
b6373000-b639a000 r-xp 00000000 08:01 1693258    /usr/lib/jvm/java-8-openjdk-i386/jre/lib/i386/libjava.so
b639a000-b639b000 r--p 00026000 08:01 1693258    /usr/lib/jvm/java-8-openjdk-i386/jre/lib/i386/libjava.so
b639b000-b639c000 rw-p 00027000 08:01 1693258    /usr/lib/jvm/java-8-openjdk-i386/jre/lib/i386/libjava.so
b639c000-b63a3000 r-xp 00000000 08:01 3402905    /lib/i386-linux-gnu/librt-2.23.so
b63a3000-b63a4000 r--p 00006000 08:01 3402905    /lib/i386-linux-gnu/librt-2.23.so
b63a4000-b63a5000 rw-p 00007000 08:01 3402905    /lib/i386-linux-gnu/librt-2.23.so
b63a5000-b63a8000 ---p 00000000 00:00 0 
b63a8000-b63f6000 rw-p 00000000 00:00 0 
b63f6000-b6412000 r-xp 00000000 08:01 3402590    /lib/i386-linux-gnu/libgcc_s.so.1
b6412000-b6413000 rw-p 0001b000 08:01 3402590    /lib/i386-linux-gnu/libgcc_s.so.1
b6413000-b6466000 r-xp 00000000 08:01 3402651    /lib/i386-linux-gnu/libm-2.23.so
b6466000-b6467000 r--p 00052000 08:01 3402651    /lib/i386-linux-gnu/libm-2.23.so
b6467000-b6468000 rw-p 00053000 08:01 3402651    /lib/i386-linux-gnu/libm-2.23.so
b6468000-b65d5000 r-xp 00000000 08:01 1104849    /usr/lib/i386-linux-gnu/libstdc++.so.6.0.21
b65d5000-b65d6000 ---p 0016d000 08:01 1104849    /usr/lib/i386-linux-gnu/libstdc++.so.6.0.21
b65d6000-b65db000 r--p 0016d000 08:01 1104849    /usr/lib/i386-linux-gnu/libstdc++.so.6.0.21
b65db000-b65dc000 rw-p 00172000 08:01 1104849    /usr/lib/i386-linux-gnu/libstdc++.so.6.0.21
b65dc000-b65df000 rw-p 00000000 00:00 0 
b65df000-b70b0000 r-xp 00000000 08:01 1693269    /usr/lib/jvm/java-8-openjdk-i386/jre/lib/i386/server/libjvm.so
b70b0000-b70f6000 r--p 00ad0000 08:01 1693269    /usr/lib/jvm/java-8-openjdk-i386/jre/lib/i386/server/libjvm.so
b70f6000-b710d000 rw-p 00b16000 08:01 1693269    /usr/lib/jvm/java-8-openjdk-i386/jre/lib/i386/server/libjvm.so
b710d000-b752d000 rw-p 00000000 00:00 0 
b752d000-b7546000 r-xp 00000000 08:01 3402662    /lib/i386-linux-gnu/libpthread-2.23.so
b7546000-b7547000 r--p 00018000 08:01 3402662    /lib/i386-linux-gnu/libpthread-2.23.so
b7547000-b7548000 rw-p 00019000 08:01 3402662    /lib/i386-linux-gnu/libpthread-2.23.so
b7548000-b754a000 rw-p 00000000 00:00 0 
b754a000-b754d000 r-xp 00000000 08:01 3402697    /lib/i386-linux-gnu/libdl-2.23.so
b754d000-b754e000 r--p 00002000 08:01 3402697    /lib/i386-linux-gnu/libdl-2.23.so
b754e000-b754f000 rw-p 00003000 08:01 3402697    /lib/i386-linux-gnu/libdl-2.23.so
b754f000-b7550000 rw-p 00000000 00:00 0 
b7550000-b7569000 r-xp 00000000 08:01 3402741    /lib/i386-linux-gnu/libz.so.1.2.8
b7569000-b756a000 r--p 00018000 08:01 3402741    /lib/i386-linux-gnu/libz.so.1.2.8
b756a000-b756b000 rw-p 00019000 08:01 3402741    /lib/i386-linux-gnu/libz.so.1.2.8
b756b000-b771b000 r-xp 00000000 08:01 3402663    /lib/i386-linux-gnu/libc-2.23.so
b771b000-b771d000 r--p 001af000 08:01 3402663    /lib/i386-linux-gnu/libc-2.23.so
b771d000-b771e000 rw-p 001b1000 08:01 3402663    /lib/i386-linux-gnu/libc-2.23.so
b771e000-b7721000 rw-p 00000000 00:00 0 
b7721000-b7722000 r--s 0000a000 08:01 1693235    /usr/lib/jvm/java-8-openjdk-i386/jre/lib/ext/jaccess.jar
b7722000-b7726000 r--s 00037000 08:01 1693234    /usr/lib/jvm/java-8-openjdk-i386/jre/lib/ext/sunpkcs11.jar
b7726000-b7727000 r--p 002d4000 08:01 1110568    /usr/lib/locale/locale-archive
b7727000-b7728000 rw-p 00000000 00:00 0 
b7728000-b7729000 ---p 00000000 00:00 0 
b7729000-b7737000 r-xp 00000000 08:01 1693275    /usr/lib/jvm/java-8-openjdk-i386/jre/lib/i386/libverify.so
b7737000-b7738000 r--p 0000d000 08:01 1693275    /usr/lib/jvm/java-8-openjdk-i386/jre/lib/i386/libverify.so
b7738000-b7739000 rw-p 0000e000 08:01 1693275    /usr/lib/jvm/java-8-openjdk-i386/jre/lib/i386/libverify.so
b7739000-b7746000 r-xp 00000000 08:01 1693273    /usr/lib/jvm/java-8-openjdk-i386/jre/lib/i386/jli/libjli.so
b7746000-b7747000 r--p 0000c000 08:01 1693273    /usr/lib/jvm/java-8-openjdk-i386/jre/lib/i386/jli/libjli.so
b7747000-b7748000 rw-p 0000d000 08:01 1693273    /usr/lib/jvm/java-8-openjdk-i386/jre/lib/i386/jli/libjli.so
b7748000-b7749000 rw-p 00000000 00:00 0 
b7749000-b774b000 r--p 00000000 00:00 0          [vvar]
b774b000-b774c000 r-xp 00000000 00:00 0          [vdso]
b774c000-b776f000 r-xp 00000000 08:01 3402661    /lib/i386-linux-gnu/ld-2.23.so
b776f000-b7770000 r--p 00022000 08:01 3402661    /lib/i386-linux-gnu/ld-2.23.so
b7770000-b7771000 rw-p 00023000 08:01 3402661    /lib/i386-linux-gnu/ld-2.23.so
bfb49000-bfb6a000 rw-p 00000000 00:00 0          [stack]

VM Arguments:
jvm_args: -Dclassworlds.conf=/usr/share/maven/bin/m2.conf -Dmaven.home=/usr/share/maven -Dmaven.multiModuleProjectDirectory=/home/sarnobat/github/maven_project 
java_command: org.codehaus.plexus.classworlds.launcher.Launcher --quiet --settings /home/sarnobat/sarnobat.git/mac/.m2/settings.xml install exec:java -Dexec.mainClass=Md5RoCopyFile -Dexec.args=4486 ~/sarnobat.git/db/md5ro/md5_files.txt
java_class_path (initial): /usr/share/maven/boot/plexus-classworlds-2.x.jar
Launcher Type: SUN_STANDARD

Environment Variables:
JAVA_HOME=/usr/lib/jvm/java-8-openjdk-i386
PATH=/usr/bin:/bin
SHELL=/bin/sh

Signal Handlers:
SIGSEGV: [libjvm.so+0x8d7370], sa_mask[0]=11111111011111111101111111111110, sa_flags=SA_RESTART|SA_SIGINFO
SIGBUS: [libjvm.so+0x8d7370], sa_mask[0]=11111111011111111101111111111110, sa_flags=SA_RESTART|SA_SIGINFO
SIGFPE: [libjvm.so+0x73d1c0], sa_mask[0]=11111111011111111101111111111110, sa_flags=SA_RESTART|SA_SIGINFO
SIGPIPE: [libjvm.so+0x73d1c0], sa_mask[0]=11111111011111111101111111111110, sa_flags=SA_RESTART|SA_SIGINFO
SIGXFSZ: [libjvm.so+0x73d1c0], sa_mask[0]=11111111011111111101111111111110, sa_flags=SA_RESTART|SA_SIGINFO
SIGILL: [libjvm.so+0x73d1c0], sa_mask[0]=11111111011111111101111111111110, sa_flags=SA_RESTART|SA_SIGINFO
SIGUSR1: SIG_DFL, sa_mask[0]=00000000000000000000000000000000, sa_flags=none
SIGUSR2: [libjvm.so+0x73d000], sa_mask[0]=00000000000000000000000000000000, sa_flags=SA_RESTART|SA_SIGINFO
SIGHUP: [libjvm.so+0x73d790], sa_mask[0]=11111111011111111101111111111110, sa_flags=SA_RESTART|SA_SIGINFO
SIGINT: [libjvm.so+0x73d790], sa_mask[0]=11111111011111111101111111111110, sa_flags=SA_RESTART|SA_SIGINFO
SIGTERM: [libjvm.so+0x73d790], sa_mask[0]=11111111011111111101111111111110, sa_flags=SA_RESTART|SA_SIGINFO
SIGQUIT: [libjvm.so+0x73d790], sa_mask[0]=11111111011111111101111111111110, sa_flags=SA_RESTART|SA_SIGINFO


---------------  S Y S T E M  ---------------

OS:DISTRIB_ID=Ubuntu
DISTRIB_RELEASE=16.04
DISTRIB_CODENAME=xenial
DISTRIB_DESCRIPTION="Ubuntu 16.04.1 LTS"

uname:Linux 4.4.0-104-generic #127-Ubuntu SMP Mon Dec 11 12:16:50 UTC 2017 i686
libc:glibc 2.23 NPTL 2.23 
rlimit: STACK 8192k, CORE 0k, NPROC 63057, NOFILE 1048576, AS infinity
load average:2.23 2.13 2.15

/proc/meminfo:
MemTotal:        8107456 kB
MemFree:          428616 kB
MemAvailable:          0 kB
Buffers:            4280 kB
Cached:           207712 kB
SwapCached:         2180 kB
Active:          5979456 kB
Inactive:        1487628 kB
Active(anon):    5967332 kB
Inactive(anon):  1478408 kB
Active(file):      12124 kB
Inactive(file):     9220 kB
Unevictable:           0 kB
Mlocked:               0 kB
HighTotal:       7292552 kB
HighFree:         121876 kB
LowTotal:         814904 kB
LowFree:          306740 kB
SwapTotal:       4007932 kB
SwapFree:              0 kB
Dirty:               780 kB
Writeback:             0 kB
AnonPages:       7253464 kB
Mapped:            24508 kB
Shmem:            190176 kB
Slab:              98608 kB
SReclaimable:      51196 kB
SUnreclaim:        47412 kB
KernelStack:       16176 kB
PageTables:        46008 kB
NFS_Unstable:          0 kB
Bounce:               48 kB
WritebackTmp:          0 kB
CommitLimit:     8061660 kB
Committed_AS:   24982256 kB
VmallocTotal:     122880 kB
VmallocUsed:           0 kB
VmallocChunk:          0 kB
AnonHugePages:   3940352 kB
CmaTotal:              0 kB
CmaFree:               0 kB
HugePages_Total:       0
HugePages_Free:        0
HugePages_Rsvd:        0
HugePages_Surp:        0
Hugepagesize:       2048 kB
DirectMap4k:       34808 kB
DirectMap2M:      876544 kB


CPU:total 4 (initial active 4) (2 cores per cpu, 2 threads per core) family 6 model 58 stepping 9, cmov, cx8, fxsr, mmx, sse, sse2, sse3, ssse3, sse4.1, sse4.2, popcnt, avx, aes, clmul, erms, ht, tsc, tscinvbit, tscinv

/proc/cpuinfo:
processor	: 0
vendor_id	: GenuineIntel
cpu family	: 6
model		: 58
model name	: Intel(R) Core(TM) i5-3427U CPU @ 1.80GHz
stepping	: 9
microcode	: 0x17
cpu MHz		: 1099.957
cache size	: 3072 KB
physical id	: 0
siblings	: 4
core id		: 0
cpu cores	: 2
apicid		: 0
initial apicid	: 0
fdiv_bug	: no
f00f_bug	: no
coma_bug	: no
fpu		: yes
fpu_exception	: yes
cpuid level	: 13
wp		: yes
flags		: fpu vme de pse tsc msr pae mce cx8 apic sep mtrr pge mca cmov pat pse36 clflush dts acpi mmx fxsr sse sse2 ss ht tm pbe nx rdtscp lm constant_tsc arch_perfmon pebs bts xtopology nonstop_tsc aperfmperf eagerfpu pni pclmulqdq dtes64 monitor ds_cpl vmx smx est tm2 ssse3 cx16 xtpr pdcm pcid sse4_1 sse4_2 x2apic popcnt tsc_deadline_timer aes xsave avx f16c rdrand lahf_lm epb tpr_shadow vnmi flexpriority ept vpid fsgsbase smep erms xsaveopt dtherm ida arat pln pts
bugs		:
bogomips	: 4589.86
clflush size	: 64
cache_alignment	: 64
address sizes	: 36 bits physical, 48 bits virtual
power management:

processor	: 1
vendor_id	: GenuineIntel
cpu family	: 6
model		: 58
model name	: Intel(R) Core(TM) i5-3427U CPU @ 1.80GHz
stepping	: 9
microcode	: 0x17
cpu MHz		: 1099.957
cache size	: 3072 KB
physical id	: 0
siblings	: 4
core id		: 1
cpu cores	: 2
apicid		: 2
initial apicid	: 2
fdiv_bug	: no
f00f_bug	: no
coma_bug	: no
fpu		: yes
fpu_exception	: yes
cpuid level	: 13
wp		: yes
flags		: fpu vme de pse tsc msr pae mce cx8 apic sep mtrr pge mca cmov pat pse36 clflush dts acpi mmx fxsr sse sse2 ss ht tm pbe nx rdtscp lm constant_tsc arch_perfmon pebs bts xtopology nonstop_tsc aperfmperf eagerfpu pni pclmulqdq dtes64 monitor ds_cpl vmx smx est tm2 ssse3 cx16 xtpr pdcm pcid sse4_1 sse4_2 x2apic popcnt tsc_deadline_timer aes xsave avx f16c rdrand lahf_lm epb tpr_shadow vnmi flexpriority ept vpid fsgsbase smep erms xsaveopt dtherm ida arat pln pts
bugs		:
bogomips	: 4589.86
clflush size	: 64
cache_alignment	: 64
address sizes	: 36 bits physical, 48 bits virtual
power management:

processor	: 2
vendor_id	: GenuineIntel
cpu family	: 6
model		: 58
model name	: Intel(R) Core(TM) i5-3427U CPU @ 1.80GHz
stepping	: 9
microcode	: 0x17
cpu MHz		: 1099.957
cache size	: 3072 KB
physical id	: 0
siblings	: 4
core id		: 0
cpu cores	: 2
apicid		: 1
initial apicid	: 1
fdiv_bug	: no
f00f_bug	: no
coma_bug	: no
fpu		: yes
fpu_exception	: yes
cpuid level	: 13
wp		: yes
flags		: fpu vme de pse tsc msr pae mce cx8 apic sep mtrr pge mca cmov pat pse36 clflush dts acpi mmx fxsr sse sse2 ss ht tm pbe nx rdtscp lm constant_tsc arch_perfmon pebs bts xtopology nonstop_tsc aperfmperf eagerfpu pni pclmulqdq dtes64 monitor ds_cpl vmx smx est tm2 ssse3 cx16 xtpr pdcm pcid sse4_1 sse4_2 x2apic popcnt tsc_deadline_timer aes xsave avx f16c rdrand lahf_lm epb tpr_shadow vnmi flexpriority ept vpid fsgsbase smep erms xsaveopt dtherm ida arat pln pts
bugs		:
bogomips	: 4589.86
clflush size	: 64
cache_alignment	: 64
address sizes	: 36 bits physical, 48 bits virtual
power management:

processor	: 3
vendor_id	: GenuineIntel
cpu family	: 6
model		: 58
model name	: Intel(R) Core(TM) i5-3427U CPU @ 1.80GHz
stepping	: 9
microcode	: 0x17
cpu MHz		: 1099.957
cache size	: 3072 KB
physical id	: 0
siblings	: 4
core id		: 1
cpu cores	: 2
apicid		: 3
initial apicid	: 3
fdiv_bug	: no
f00f_bug	: no
coma_bug	: no
fpu		: yes
fpu_exception	: yes
cpuid level	: 13
wp		: yes
flags		: fpu vme de pse tsc msr pae mce cx8 apic sep mtrr pge mca cmov pat pse36 clflush dts acpi mmx fxsr sse sse2 ss ht tm pbe nx rdtscp lm constant_tsc arch_perfmon pebs bts xtopology nonstop_tsc aperfmperf eagerfpu pni pclmulqdq dtes64 monitor ds_cpl vmx smx est tm2 ssse3 cx16 xtpr pdcm pcid sse4_1 sse4_2 x2apic popcnt tsc_deadline_timer aes xsave avx f16c rdrand lahf_lm epb tpr_shadow vnmi flexpriority ept vpid fsgsbase smep erms xsaveopt dtherm ida arat pln pts
bugs		:
bogomips	: 4589.86
clflush size	: 64
cache_alignment	: 64
address sizes	: 36 bits physical, 48 bits virtual
power management:



Memory: 4k page, physical 8107456k(428788k free), swap 4007932k(0k free)

vm_info: OpenJDK Server VM (25.151-b12) for linux-x86 JRE (1.8.0_151-8u151-b12-0ubuntu0.16.04.2-b12), built on Oct 27 2017 22:05:04 by "buildd" with gcc 5.4.0 20160609

time: Wed Mar 21 19:06:05 2018
elapsed time: 3 seconds (0d 0h 0m 3s)

