#
# There is insufficient memory for the Java Runtime Environment to continue.
# Native memory allocation (mmap) failed to map 70254592 bytes for committing reserved memory.
# Possible reasons:
#   The system is out of physical RAM or swap space
#   In 32 bit mode, the process size limit was hit
# Possible solutions:
#   Reduce memory load on the system
#   Increase physical memory or swap space
#   Check if swap backing store is full
#   Use 64 bit Java on a 64 bit OS
#   Decrease Java heap size (-Xmx/-Xms)
#   Decrease number of Java threads
#   Decrease Java thread stack sizes (-Xss)
#   Set larger code cache with -XX:ReservedCodeCacheSize=
# This output file may be truncated or incomplete.
#
#  Out of Memory Error (os_linux.cpp:2643), pid=26780, tid=0x639e5b40
#
# JRE version: OpenJDK Runtime Environment (8.0_162-b12) (build 1.8.0_162-8u162-b12-0ubuntu0.16.04.2-b12)
# Java VM: OpenJDK Server VM (25.162-b12 mixed mode linux-x86 )
# Failed to write core dump. Core dumps have been disabled. To enable core dumping, try "ulimit -c unlimited" before starting Java again
#

---------------  T H R E A D  ---------------

Current thread (0x63880c00):  VMThread [stack: 0x63965000,0x639e6000] [id=26856]

Stack: [0x63965000,0x639e6000],  sp=0x639e4b40,  free space=510k
Native frames: (J=compiled Java code, j=interpreted, Vv=VM code, C=native code)
V  [libjvm.so+0x8da814]
V  [libjvm.so+0x3a9046]
V  [libjvm.so+0x744ce0]
V  [libjvm.so+0x73eb53]
V  [libjvm.so+0x7b0e1c]
V  [libjvm.so+0x7b1e5b]
V  [libjvm.so+0x7ae917]
V  [libjvm.so+0x7af163]
V  [libjvm.so+0x767f15]
V  [libjvm.so+0x8dc3d9]
V  [libjvm.so+0x8e1536]
V  [libjvm.so+0x8df620]
V  [libjvm.so+0x8dfd75]
V  [libjvm.so+0x8e037b]
V  [libjvm.so+0x741e15]
C  [libpthread.so.0+0x6295]  start_thread+0xe5

VM_Operation (0xb64729a4): ParallelGCFailedAllocation, mode: safepoint, requested by thread 0xb6308400


---------------  P R O C E S S  ---------------

Java Threads: ( => current thread )
  0x638a9c00 JavaThread "Service Thread" daemon [_thread_blocked, id=26869, stack(0x6318a000,0x631db000)]
  0x638a6c00 JavaThread "C1 CompilerThread2" daemon [_thread_blocked, id=26868, stack(0x631db000,0x6325c000)]
  0x638a5800 JavaThread "C2 CompilerThread1" daemon [_thread_blocked, id=26867, stack(0x6325c000,0x632dd000)]
  0x638a3800 JavaThread "C2 CompilerThread0" daemon [_thread_in_native, id=26865, stack(0x632dd000,0x6335e000)]
  0x638a2000 JavaThread "Signal Dispatcher" daemon [_thread_blocked, id=26862, stack(0x6335e000,0x633af000)]
  0x63888000 JavaThread "Finalizer" daemon [_thread_blocked, id=26860, stack(0x635af000,0x63600000)]
  0x63885400 JavaThread "Reference Handler" daemon [_thread_blocked, id=26858, stack(0x63914000,0x63965000)]
  0xb6308400 JavaThread "main" [_thread_blocked, id=26842, stack(0xb6424000,0xb6475000)]

Other Threads:
=>0x63880c00 VMThread [stack: 0x63965000,0x639e6000] [id=26856]
  0x638ab800 WatcherThread [stack: 0x63109000,0x6318a000] [id=26872]

VM state:at safepoint (normal execution)

VM Mutex/Monitor currently owned by a thread:  ([mutex/lock_event])
[0xb63059f8] Threads_lock - owner thread: 0x63880c00
[0xb6305e08] Heap_lock - owner thread: 0xb6308400

Heap:
 PSYoungGen      total 72192K, used 6138K [0x918c0000, 0x965c0000, 0xa6e00000)
  eden space 66048K, 0% used [0x918c0000,0x918c0000,0x95940000)
  from space 6144K, 99% used [0x95940000,0x95f3e830,0x95f40000)
  to   space 5632K, 0% used [0x95f40000,0x95f40000,0x964c0000)
 ParOldGen       total 43776K, used 7795K [0x66e00000, 0x698c0000, 0x918c0000)
  object space 43776K, 17% used [0x66e00000,0x6759ce10,0x698c0000)
 Metaspace       used 11107K, capacity 11229K, committed 11288K, reserved 11568K

Card table byte_map: [0x66bff000,0x66e00000] byte_map_base: 0x668c8000

Marking Bits: (ParMarkBitMap*) 0xb719f8a0
 Begin Bits: [0x64400000, 0x65400000)
 End Bits:   [0x65400000, 0x66400000)

Polling page: 0xb77ac000

CodeCache: size=245760Kb used=8259Kb max_used=8271Kb free=237500Kb
 bounds [0xa7291000, 0xa7aa9000, 0xb6291000]
 total_blobs=3154 nmethods=2973 adapters=95
 compilation: enabled

Compilation events (10 events):
Event: 10.906 Thread 0x638a6c00 2997       3       org.eclipse.aether.resolution.VersionRangeResult::getRepository (14 bytes)
Event: 10.906 Thread 0x638a6c00 nmethod 2997 0xa7aa5cc8 code [0xa7aa5e00, 0xa7aa604c]
Event: 10.908 Thread 0x638a6c00 2998       3       org.apache.maven.model.building.ModelData::<init> (15 bytes)
Event: 10.909 Thread 0x638a6c00 nmethod 2998 0xa7aa59c8 code [0xa7aa5ae0, 0xa7aa5c20]
Event: 10.909 Thread 0x638a6c00 2999       3       org.apache.maven.model.building.DefaultModelBuilder::getCache (50 bytes)
Event: 10.911 Thread 0x638a6c00 nmethod 2999 0xa7aa4f48 code [0xa7aa50e0, 0xa7aa5708]
Event: 10.917 Thread 0x638a6c00 3000       3       java.nio.charset.CharsetDecoder::replaceWith (68 bytes)
Event: 10.919 Thread 0x638a6c00 nmethod 3000 0xa7aa46c8 code [0xa7aa4860, 0xa7aa4d10]
Event: 10.928 Thread 0x638a5800 nmethod 2882 0xa7aa8688 code [0xa7aa87a0, 0xa7aa89b0]
Event: 10.928 Thread 0x638a5800 2994       4       java.util.ArrayList::toArray (12 bytes)

GC Heap History (10 events):
Event: 2.780 GC heap after
Heap after GC invocations=2 (full 0):
 PSYoungGen      total 19200K, used 2554K [0x918c0000, 0x93e40000, 0xa6e00000)
  eden space 16640K, 0% used [0x918c0000,0x918c0000,0x92900000)
  from space 2560K, 99% used [0x92b80000,0x92dfe868,0x92e00000)
  to   space 2560K, 0% used [0x92900000,0x92900000,0x92b80000)
 ParOldGen       total 43776K, used 891K [0x66e00000, 0x698c0000, 0x918c0000)
  object space 43776K, 2% used [0x66e00000,0x66edee78,0x698c0000)
 Metaspace       used 5322K, capacity 5386K, committed 5400K, reserved 5424K
}
Event: 3.736 GC heap before
{Heap before GC invocations=3 (full 0):
 PSYoungGen      total 19200K, used 19194K [0x918c0000, 0x93e40000, 0xa6e00000)
  eden space 16640K, 100% used [0x918c0000,0x92900000,0x92900000)
  from space 2560K, 99% used [0x92b80000,0x92dfe868,0x92e00000)
  to   space 2560K, 0% used [0x92900000,0x92900000,0x92b80000)
 ParOldGen       total 43776K, used 891K [0x66e00000, 0x698c0000, 0x918c0000)
  object space 43776K, 2% used [0x66e00000,0x66edee78,0x698c0000)
 Metaspace       used 6674K, capacity 6743K, committed 6808K, reserved 7472K
Event: 3.753 GC heap after
Heap after GC invocations=3 (full 0):
 PSYoungGen      total 19200K, used 2545K [0x918c0000, 0x93e40000, 0xa6e00000)
  eden space 16640K, 0% used [0x918c0000,0x918c0000,0x92900000)
  from space 2560K, 99% used [0x92900000,0x92b7c5b8,0x92b80000)
  to   space 2560K, 0% used [0x93bc0000,0x93bc0000,0x93e40000)
 ParOldGen       total 43776K, used 2273K [0x66e00000, 0x698c0000, 0x918c0000)
  object space 43776K, 5% used [0x66e00000,0x67038720,0x698c0000)
 Metaspace       used 6674K, capacity 6743K, committed 6808K, reserved 7472K
}
Event: 4.963 GC heap before
{Heap before GC invocations=4 (full 0):
 PSYoungGen      total 19200K, used 19185K [0x918c0000, 0x93e40000, 0xa6e00000)
  eden space 16640K, 100% used [0x918c0000,0x92900000,0x92900000)
  from space 2560K, 99% used [0x92900000,0x92b7c5b8,0x92b80000)
  to   space 2560K, 0% used [0x93bc0000,0x93bc0000,0x93e40000)
 ParOldGen       total 43776K, used 2273K [0x66e00000, 0x698c0000, 0x918c0000)
  object space 43776K, 5% used [0x66e00000,0x67038720,0x698c0000)
 Metaspace       used 8099K, capacity 8190K, committed 8344K, reserved 8496K
Event: 4.979 GC heap after
Heap after GC invocations=4 (full 0):
 PSYoungGen      total 35840K, used 2544K [0x918c0000, 0x93e40000, 0xa6e00000)
  eden space 33280K, 0% used [0x918c0000,0x918c0000,0x93940000)
  from space 2560K, 99% used [0x93bc0000,0x93e3c070,0x93e40000)
  to   space 2560K, 0% used [0x93940000,0x93940000,0x93bc0000)
 ParOldGen       total 43776K, used 4414K [0x66e00000, 0x698c0000, 0x918c0000)
  object space 43776K, 10% used [0x66e00000,0x6724fab0,0x698c0000)
 Metaspace       used 8099K, capacity 8190K, committed 8344K, reserved 8496K
}
Event: 6.681 GC heap before
{Heap before GC invocations=5 (full 0):
 PSYoungGen      total 35840K, used 35824K [0x918c0000, 0x93e40000, 0xa6e00000)
  eden space 33280K, 100% used [0x918c0000,0x93940000,0x93940000)
  from space 2560K, 99% used [0x93bc0000,0x93e3c070,0x93e40000)
  to   space 2560K, 0% used [0x93940000,0x93940000,0x93bc0000)
 ParOldGen       total 43776K, used 4414K [0x66e00000, 0x698c0000, 0x918c0000)
  object space 43776K, 10% used [0x66e00000,0x6724fab0,0x698c0000)
 Metaspace       used 10017K, capacity 10107K, committed 10264K, reserved 10544K
Event: 6.706 GC heap after
Heap after GC invocations=5 (full 0):
 PSYoungGen      total 35840K, used 2554K [0x918c0000, 0x964c0000, 0xa6e00000)
  eden space 33280K, 0% used [0x918c0000,0x918c0000,0x93940000)
  from space 2560K, 99% used [0x93940000,0x93bbe870,0x93bc0000)
  to   space 5632K, 0% used [0x95f40000,0x95f40000,0x964c0000)
 ParOldGen       total 43776K, used 6486K [0x66e00000, 0x698c0000, 0x918c0000)
  object space 43776K, 14% used [0x66e00000,0x67455b78,0x698c0000)
 Metaspace       used 10017K, capacity 10107K, committed 10264K, reserved 10544K
}
Event: 8.083 GC heap before
{Heap before GC invocations=6 (full 0):
 PSYoungGen      total 35840K, used 35834K [0x918c0000, 0x964c0000, 0xa6e00000)
  eden space 33280K, 100% used [0x918c0000,0x93940000,0x93940000)
  from space 2560K, 99% used [0x93940000,0x93bbe870,0x93bc0000)
  to   space 5632K, 0% used [0x95f40000,0x95f40000,0x964c0000)
 ParOldGen       total 43776K, used 6486K [0x66e00000, 0x698c0000, 0x918c0000)
  object space 43776K, 14% used [0x66e00000,0x67455b78,0x698c0000)
 Metaspace       used 10818K, capacity 10924K, committed 11032K, reserved 11568K
Event: 8.115 GC heap after
Heap after GC invocations=6 (full 0):
 PSYoungGen      total 71680K, used 5148K [0x918c0000, 0x965c0000, 0xa6e00000)
  eden space 66048K, 0% used [0x918c0000,0x918c0000,0x95940000)
  from space 5632K, 91% used [0x95f40000,0x96447288,0x964c0000)
  to   space 6144K, 0% used [0x95940000,0x95940000,0x95f40000)
 ParOldGen       total 43776K, used 6494K [0x66e00000, 0x698c0000, 0x918c0000)
  object space 43776K, 14% used [0x66e00000,0x67457b78,0x698c0000)
 Metaspace       used 10818K, capacity 10924K, committed 11032K, reserved 11568K
}
Event: 10.931 GC heap before
{Heap before GC invocations=7 (full 0):
 PSYoungGen      total 71680K, used 71196K [0x918c0000, 0x965c0000, 0xa6e00000)
  eden space 66048K, 100% used [0x918c0000,0x95940000,0x95940000)
  from space 5632K, 91% used [0x95f40000,0x96447288,0x964c0000)
  to   space 6144K, 0% used [0x95940000,0x95940000,0x95f40000)
 ParOldGen       total 43776K, used 6494K [0x66e00000, 0x698c0000, 0x918c0000)
  object space 43776K, 14% used [0x66e00000,0x67457b78,0x698c0000)
 Metaspace       used 11107K, capacity 11229K, committed 11288K, reserved 11568K

Deoptimization events (10 events):
Event: 9.186 Thread 0xb6308400 Uncommon trap: reason=speculate_class_check action=maybe_recompile pc=0xa7925710 method=java.nio.charset.CharsetDecoder.decode(Ljava/nio/ByteBuffer;Ljava/nio/CharBuffer;Z)Ljava/nio/charset/CoderResult; @ 57
Event: 9.199 Thread 0xb6308400 Uncommon trap: reason=speculate_class_check action=maybe_recompile pc=0xa7925710 method=java.nio.charset.CharsetDecoder.decode(Ljava/nio/ByteBuffer;Ljava/nio/CharBuffer;Z)Ljava/nio/charset/CoderResult; @ 57
Event: 9.201 Thread 0xb6308400 Uncommon trap: reason=speculate_class_check action=maybe_recompile pc=0xa7925710 method=java.nio.charset.CharsetDecoder.decode(Ljava/nio/ByteBuffer;Ljava/nio/CharBuffer;Z)Ljava/nio/charset/CoderResult; @ 57
Event: 9.209 Thread 0xb6308400 Uncommon trap: reason=speculate_class_check action=maybe_recompile pc=0xa7925710 method=java.nio.charset.CharsetDecoder.decode(Ljava/nio/ByteBuffer;Ljava/nio/CharBuffer;Z)Ljava/nio/charset/CoderResult; @ 57
Event: 9.292 Thread 0xb6308400 Uncommon trap: reason=class_check action=maybe_recompile pc=0xa79bca80 method=org.codehaus.plexus.interpolation.MapBasedValueSource.getValue(Ljava/lang/String;)Ljava/lang/Object; @ 16
Event: 9.292 Thread 0xb6308400 Uncommon trap: reason=class_check action=maybe_recompile pc=0xa79bca80 method=org.codehaus.plexus.interpolation.MapBasedValueSource.getValue(Ljava/lang/String;)Ljava/lang/Object; @ 16
Event: 9.292 Thread 0xb6308400 Uncommon trap: reason=class_check action=maybe_recompile pc=0xa79bca80 method=org.codehaus.plexus.interpolation.MapBasedValueSource.getValue(Ljava/lang/String;)Ljava/lang/Object; @ 16
Event: 9.445 Thread 0xb6308400 Uncommon trap: reason=unstable_if action=reinterpret pc=0xa79fd050 method=org.codehaus.plexus.util.xml.pull.MXParser.parseAttribute()C @ 995
Event: 9.585 Thread 0xb6308400 Uncommon trap: reason=class_check action=maybe_recompile pc=0xa79bca80 method=org.codehaus.plexus.interpolation.MapBasedValueSource.getValue(Ljava/lang/String;)Ljava/lang/Object; @ 16
Event: 10.069 Thread 0xb6308400 Uncommon trap: reason=intrinsic action=make_not_entrant pc=0xa79b3b94 method=org.apache.maven.model.Dependency.getManagementKey()Ljava/lang/String; @ 8

Classes redefined (0 events):
No events

Internal exceptions (10 events):
Event: 6.518 Thread 0xb6308400 Exception <a 'java/lang/NullPointerException'> (0x93598d10) thrown at [/build/openjdk-8-2Hm3Za/openjdk-8-8u162-b12/src/hotspot/src/share/vm/interpreter/linkResolver.cpp, line 1185]
Event: 6.518 Thread 0xb6308400 Exception <a 'java/lang/NullPointerException'> (0x93598f20) thrown at [/build/openjdk-8-2Hm3Za/openjdk-8-8u162-b12/src/hotspot/src/share/vm/interpreter/linkResolver.cpp, line 1185]
Event: 6.529 Thread 0xb6308400 Exception <a 'java/lang/NullPointerException'> (0x935a16f8) thrown at [/build/openjdk-8-2Hm3Za/openjdk-8-8u162-b12/src/hotspot/src/share/vm/interpreter/linkResolver.cpp, line 1185]
Event: 6.529 Thread 0xb6308400 Exception <a 'java/lang/NullPointerException'> (0x935a1908) thrown at [/build/openjdk-8-2Hm3Za/openjdk-8-8u162-b12/src/hotspot/src/share/vm/interpreter/linkResolver.cpp, line 1185]
Event: 6.529 Thread 0xb6308400 Exception <a 'java/lang/NullPointerException'> (0x935a1b18) thrown at [/build/openjdk-8-2Hm3Za/openjdk-8-8u162-b12/src/hotspot/src/share/vm/interpreter/linkResolver.cpp, line 1185]
Event: 7.176 Thread 0xb6308400 Implicit null exception at 0xa74a5afe to 0xa74a5c95
Event: 7.177 Thread 0xb6308400 Implicit null exception at 0xa7521b0b to 0xa7521b50
Event: 7.382 Thread 0xb6308400 Implicit null exception at 0xa77776c3 to 0xa7777a5d
Event: 7.383 Thread 0xb6308400 Implicit null exception at 0xa764947f to 0xa76497c5
Event: 7.432 Thread 0xb6308400 Implicit null exception at 0xa782ddcb to 0xa782e4d1

Events (10 events):
Event: 9.842 Thread 0xb6308400 DEOPT PACKING pc=0xa788668d sp=0xb6472210
Event: 9.842 Thread 0xb6308400 DEOPT UNPACKING pc=0xa72cd61a sp=0xb647212c mode 0
Event: 9.843 Thread 0xb6308400 DEOPT PACKING pc=0xa788668d sp=0xb64723b0
Event: 9.843 Thread 0xb6308400 DEOPT UNPACKING pc=0xa72cd61a sp=0xb64722cc mode 0
Event: 9.844 Thread 0xb6308400 DEOPT PACKING pc=0xa788668d sp=0xb6472280
Event: 9.844 Thread 0xb6308400 DEOPT UNPACKING pc=0xa72cd61a sp=0xb647219c mode 0
Event: 10.069 Thread 0xb6308400 Uncommon trap: trap_request=0xffffffcc fr.pc=0xa79b3b94
Event: 10.069 Thread 0xb6308400 DEOPT PACKING pc=0xa79b3b94 sp=0xb6473030
Event: 10.069 Thread 0xb6308400 DEOPT UNPACKING pc=0xa72cbbdf sp=0xb6473020 mode 2
Event: 10.931 Executing VM operation: ParallelGCFailedAllocation


Dynamic libraries:
08048000-08049000 r-xp 00000000 08:01 1693449    /usr/lib/jvm/java-8-openjdk-i386/jre/bin/java
08049000-0804a000 r--p 00000000 08:01 1693449    /usr/lib/jvm/java-8-openjdk-i386/jre/bin/java
0804a000-0804b000 rw-p 00001000 08:01 1693449    /usr/lib/jvm/java-8-openjdk-i386/jre/bin/java
09428000-0947f000 rw-p 00000000 00:00 0          [heap]
5f700000-5f7c5000 rw-p 00000000 00:00 0 
5f7c5000-5f800000 ---p 00000000 00:00 0 
5f900000-5f9bd000 rw-p 00000000 00:00 0 
5f9bd000-5fa00000 ---p 00000000 00:00 0 
5fa00000-5fa77000 rw-p 00000000 00:00 0 
5fa77000-5fb00000 ---p 00000000 00:00 0 
5fb00000-5fbff000 rw-p 00000000 00:00 0 
5fbff000-5fc00000 ---p 00000000 00:00 0 
5fc00000-5fcfe000 rw-p 00000000 00:00 0 
5fcfe000-5fd00000 ---p 00000000 00:00 0 
5fd00000-5fdf9000 rw-p 00000000 00:00 0 
5fdf9000-5fe00000 ---p 00000000 00:00 0 
5fe38000-5ff00000 rw-p 00000000 00:00 0 
5ff00000-60000000 rw-p 00000000 00:00 0 
60040000-61dc0000 rw-p 00000000 00:00 0 
61dc0000-61e00000 ---p 00000000 00:00 0 
61e00000-61f00000 rw-p 00000000 00:00 0 
61f00000-61ffc000 rw-p 00000000 00:00 0 
61ffc000-62000000 ---p 00000000 00:00 0 
62000000-620fd000 rw-p 00000000 00:00 0 
620fd000-62100000 ---p 00000000 00:00 0 
62100000-62200000 rw-p 00000000 00:00 0 
62200000-62294000 rw-p 00000000 00:00 0 
62294000-62300000 ---p 00000000 00:00 0 
62300000-62400000 rw-p 00000000 00:00 0 
62400000-624fd000 rw-p 00000000 00:00 0 
624fd000-62500000 ---p 00000000 00:00 0 
62500000-62600000 rw-p 00000000 00:00 0 
62600000-62700000 rw-p 00000000 00:00 0 
62700000-62800000 rw-p 00000000 00:00 0 
62800000-628fb000 rw-p 00000000 00:00 0 
628fb000-62900000 ---p 00000000 00:00 0 
62900000-629fd000 rw-p 00000000 00:00 0 
629fd000-62a00000 ---p 00000000 00:00 0 
62a00000-62b00000 rw-p 00000000 00:00 0 
62b00000-62c00000 rw-p 00000000 00:00 0 
62c00000-62cff000 rw-p 00000000 00:00 0 
62cff000-62d00000 ---p 00000000 00:00 0 
62d00000-62dfb000 rw-p 00000000 00:00 0 
62dfb000-62e00000 ---p 00000000 00:00 0 
62e00000-62f00000 rw-p 00000000 00:00 0 
62f72000-62f83000 r-xp 00000000 08:01 1693431    /usr/lib/jvm/java-8-openjdk-i386/jre/lib/i386/libnio.so
62f83000-62f84000 r--p 00010000 08:01 1693431    /usr/lib/jvm/java-8-openjdk-i386/jre/lib/i386/libnio.so
62f84000-62f85000 rw-p 00011000 08:01 1693431    /usr/lib/jvm/java-8-openjdk-i386/jre/lib/i386/libnio.so
62f85000-62f9b000 r-xp 00000000 08:01 1693426    /usr/lib/jvm/java-8-openjdk-i386/jre/lib/i386/libnet.so
62f9b000-62f9c000 r--p 00015000 08:01 1693426    /usr/lib/jvm/java-8-openjdk-i386/jre/lib/i386/libnet.so
62f9c000-62f9d000 rw-p 00016000 08:01 1693426    /usr/lib/jvm/java-8-openjdk-i386/jre/lib/i386/libnet.so
62f9d000-62fa2000 r--s 0009d000 08:01 1692599    /usr/lib/jvm/java-8-openjdk-i386/jre/lib/jsse.jar
62fa2000-62faf000 r--s 0008d000 08:01 1149531    /usr/share/java/maven3-core-3.3.9.jar
62faf000-62fb0000 r--s 00001000 08:01 1149511    /usr/share/java/wagon-file-2.x.jar
62fb0000-62fb3000 r--s 00007000 08:01 1149537    /usr/share/java/maven3-settings-builder-3.3.9.jar
62fb3000-62fb5000 r--s 0000d000 08:01 1149536    /usr/share/java/maven3-aether-provider-3.3.9.jar
62fb5000-62fbc000 r--s 0002c000 08:01 1149509    /usr/share/java/sisu-plexus.jar
62fbc000-62fc0000 r--s 00027000 08:01 1145546    /usr/share/java/commons-io-2.4.jar
62fc0000-62fc8000 r--s 00054000 08:01 1149507    /usr/share/java/sisu-inject.jar
62fc8000-62fcf000 r--s 0005d000 08:01 1149254    /usr/share/java/commons-lang3.jar
62fcf000-62fd0000 r--s 00004000 08:01 1145398    /usr/share/java/atinject-jsr330-tck-1.0.jar
62fd0000-62fd2000 r--s 0000e000 08:01 1149271    /usr/share/java/plexus-interpolation.jar
62fd2000-62fd4000 r--s 00006000 08:01 1149372    /usr/share/java/eclipse-aether-spi.jar
62fd4000-63000000 r--s 00208000 08:01 1148516    /usr/share/java/guava.jar
63000000-630fb000 rw-p 00000000 00:00 0 
630fb000-63100000 ---p 00000000 00:00 0 
63100000-63101000 r--s 00008000 08:01 1149370    /usr/share/java/eclipse-aether-connector-basic.jar
63101000-63105000 r--s 00027000 08:01 1149367    /usr/share/java/eclipse-aether-impl.jar
63105000-63107000 r--s 00005000 08:01 1149373    /usr/share/java/eclipse-aether-transport-wagon.jar
63107000-63109000 r--s 00001000 08:01 1149403    /usr/share/java/aopalliance-1.0.jar
63109000-6310a000 ---p 00000000 00:00 0 
6310a000-6318a000 rw-p 00000000 00:00 0 
6318a000-6318d000 ---p 00000000 00:00 0 
6318d000-631db000 rw-p 00000000 00:00 0 
631db000-631de000 ---p 00000000 00:00 0 
631de000-6325c000 rw-p 00000000 00:00 0 
6325c000-6325f000 ---p 00000000 00:00 0 
6325f000-632dd000 rw-p 00000000 00:00 0 
632dd000-632e0000 ---p 00000000 00:00 0 
632e0000-6335e000 rw-p 00000000 00:00 0 
6335e000-63361000 ---p 00000000 00:00 0 
63361000-633af000 rw-p 00000000 00:00 0 
633af000-635af000 r--p 00000000 08:01 1110568    /usr/lib/locale/locale-archive
635af000-635b2000 ---p 00000000 00:00 0 
635b2000-63600000 rw-p 00000000 00:00 0 
63600000-636fb000 rw-p 00000000 00:00 0 
636fb000-63700000 ---p 00000000 00:00 0 
63700000-63721000 rw-p 00000000 00:00 0 
63721000-63800000 ---p 00000000 00:00 0 
63800000-638fd000 rw-p 00000000 00:00 0 
638fd000-63900000 ---p 00000000 00:00 0 
63900000-63902000 r--s 00001000 08:01 1149538    /usr/share/java/maven3-builder-support-3.3.9.jar
63902000-63907000 r--s 0001d000 08:01 1149374    /usr/share/java/eclipse-aether-api.jar
63907000-63909000 r--s 00002000 08:01 1149449    /usr/share/java/plexus-cipher.jar
63909000-6390b000 r--s 00013000 08:01 1149534    /usr/share/java/maven3-embedder-3.3.9.jar
6390b000-6390d000 r--s 00027000 08:01 1149535    /usr/share/java/maven3-model-3.3.9.jar
6390d000-6390f000 r--s 0000a000 08:01 1147016    /usr/share/java/commons-cli-1.3.1.jar
6390f000-63911000 r--s 0000a000 08:01 1149512    /usr/share/java/wagon-provider-api-2.x.jar
63911000-63914000 r--s 0000a000 08:01 1149539    /usr/share/java/maven3-artifact-3.3.9.jar
63914000-63917000 ---p 00000000 00:00 0 
63917000-63965000 rw-p 00000000 00:00 0 
63965000-63966000 ---p 00000000 00:00 0 
63966000-639e6000 rw-p 00000000 00:00 0 
639e6000-63bb4000 r--s 03c2c000 08:01 1692598    /usr/lib/jvm/java-8-openjdk-i386/jre/lib/rt.jar
63bb4000-63ffa000 rw-p 00000000 00:00 0 
63ffa000-64000000 ---p 00000000 00:00 0 
64000000-66400000 rw-p 00000000 00:00 0 
66400000-664f4000 rw-p 00000000 00:00 0 
664f4000-66500000 ---p 00000000 00:00 0 
66500000-66531000 r--s 00207000 08:01 1149515    /usr/share/java/wagon-http-shaded-2.x.jar
66531000-6657f000 rw-p 00000000 00:00 0 
6657f000-66580000 ---p 00000000 00:00 0 
66580000-66600000 rw-p 00000000 00:00 0 
66600000-666fc000 rw-p 00000000 00:00 0 
666fc000-66700000 ---p 00000000 00:00 0 
66700000-66721000 rw-p 00000000 00:00 0 
66721000-66800000 ---p 00000000 00:00 0 
66800000-66801000 r--s 00002000 08:01 1149066    /usr/share/java/slf4j-simple.jar
66801000-66805000 r--s 00020000 08:01 1149392    /usr/share/java/eclipse-aether-util.jar
66805000-66806000 r--s 00006000 08:01 1149532    /usr/share/java/maven3-repository-metadata-3.3.9.jar
66806000-66808000 r--s 00007000 08:01 1149069    /usr/share/java/slf4j-api.jar
66808000-66809000 r--s 0000a000 08:01 1149528    /usr/share/java/maven3-settings-3.3.9.jar
66809000-6680a000 r--s 00001000 08:01 1149518    /usr/share/java/wagon-http-shared-2.x.jar
6680a000-6680e000 r--s 00038000 08:01 1149495    /usr/share/java/plexus-utils2.jar
6680e000-66814000 r--s 00048000 08:01 1149288    /usr/share/java/jsoup.jar
66814000-66816000 r--s 0000a000 08:01 1149529    /usr/share/java/maven3-plugin-api-3.3.9.jar
66816000-66824000 r--s 00095000 08:01 1149408    /usr/share/java/guice.jar
66824000-6687f000 rw-p 00000000 00:00 0 
6687f000-66880000 ---p 00000000 00:00 0 
66880000-66900000 rw-p 00000000 00:00 0 
66900000-66921000 rw-p 00000000 00:00 0 
66921000-66a00000 ---p 00000000 00:00 0 
66a00000-66a01000 r--s 00006000 08:01 1149451    /usr/share/java/plexus-sec-dispatcher.jar
66a01000-66a06000 r--s 00025000 08:01 1149533    /usr/share/java/maven3-model-builder-3.3.9.jar
66a06000-66a0b000 r--s 00040000 08:01 1145678    /usr/share/java/commons-lang-2.6.jar
66a0b000-66a0d000 r--s 00000000 08:01 1149499    /usr/share/java/plexus-component-annotations-1.5.jar
66a0d000-66a28000 r--s 00394000 08:01 1692580    /usr/lib/jvm/java-8-openjdk-i386/jre/lib/ext/cldrdata.jar
66a28000-66a29000 ---p 00000000 00:00 0 
66a29000-66abf000 rw-p 00000000 00:00 0 
66abf000-66bff000 ---p 00000000 00:00 0 
66bff000-66c15000 rw-p 00000000 00:00 0 
66c15000-66d54000 ---p 00000000 00:00 0 
66d54000-66d7b000 rw-p 00000000 00:00 0 
66d7b000-66dff000 ---p 00000000 00:00 0 
66dff000-698c0000 rw-p 00000000 00:00 0 
698c0000-918c0000 ---p 00000000 00:00 0 
918c0000-965c0000 rw-p 00000000 00:00 0 
9a8c0000-a6e00000 ---p 00000000 00:00 0 
a6e00000-a6e01000 r--s 00000000 08:01 1149240    /usr/share/java/geronimo-interceptor-3.0-spec-1.0.1.jar
a6e01000-a6e03000 r--s 00012000 08:01 1144777    /usr/share/java/el-api-3.0.jar
a6e03000-a6e06000 r--s 00008000 08:01 1149246    /usr/share/java/cdi-api-1.0.jar
a6e06000-a6e0d000 r--s 00041000 08:01 1149530    /usr/share/java/maven3-compat-3.3.9.jar
a6e0d000-a6e0f000 r--s 0000a000 08:01 1149493    /usr/share/java/plexus-classworlds2-2.5.2.jar
a6e0f000-a6e11000 r--s 00008000 08:01 1692578    /usr/lib/jvm/java-8-openjdk-i386/jre/lib/ext/sunec.jar
a6e11000-a6e13000 r--s 00001000 08:01 1692579    /usr/lib/jvm/java-8-openjdk-i386/jre/lib/ext/dnsns.jar
a6e13000-a6e2e000 r--s 001d6000 08:01 1692582    /usr/lib/jvm/java-8-openjdk-i386/jre/lib/ext/nashorn.jar
a6e2e000-a6e38000 r--s 00116000 08:01 1692574    /usr/lib/jvm/java-8-openjdk-i386/jre/lib/ext/localedata.jar
a6e38000-a6e50000 rw-p 00000000 00:00 0 
a6e50000-a6e51000 ---p 00000000 00:00 0 
a6e51000-a6ef2000 rw-p 00000000 00:00 0 
a6ef2000-a7291000 ---p 00000000 00:00 0 
a7291000-a7aa9000 rwxp 00000000 00:00 0 
a7aa9000-b6291000 ---p 00000000 00:00 0 
b6291000-b629c000 r-xp 00000000 08:01 3402889    /lib/i386-linux-gnu/libnss_files-2.23.so
b629c000-b629d000 r--p 0000a000 08:01 3402889    /lib/i386-linux-gnu/libnss_files-2.23.so
b629d000-b629e000 rw-p 0000b000 08:01 3402889    /lib/i386-linux-gnu/libnss_files-2.23.so
b629e000-b62a4000 rw-p 00000000 00:00 0 
b62a4000-b62af000 r-xp 00000000 08:01 3402895    /lib/i386-linux-gnu/libnss_nis-2.23.so
b62af000-b62b0000 r--p 0000a000 08:01 3402895    /lib/i386-linux-gnu/libnss_nis-2.23.so
b62b0000-b62b1000 rw-p 0000b000 08:01 3402895    /lib/i386-linux-gnu/libnss_nis-2.23.so
b62b1000-b62c8000 r-xp 00000000 08:01 3402652    /lib/i386-linux-gnu/libnsl-2.23.so
b62c8000-b62c9000 r--p 00016000 08:01 3402652    /lib/i386-linux-gnu/libnsl-2.23.so
b62c9000-b62ca000 rw-p 00017000 08:01 3402652    /lib/i386-linux-gnu/libnsl-2.23.so
b62ca000-b62cc000 rw-p 00000000 00:00 0 
b62cc000-b62d4000 r-xp 00000000 08:01 3402720    /lib/i386-linux-gnu/libnss_compat-2.23.so
b62d4000-b62d5000 r--p 00007000 08:01 3402720    /lib/i386-linux-gnu/libnss_compat-2.23.so
b62d5000-b62d6000 rw-p 00008000 08:01 3402720    /lib/i386-linux-gnu/libnss_compat-2.23.so
b62d6000-b62fe000 r-xp 00000000 08:01 1693416    /usr/lib/jvm/java-8-openjdk-i386/jre/lib/i386/libjava.so
b62fe000-b62ff000 r--p 00027000 08:01 1693416    /usr/lib/jvm/java-8-openjdk-i386/jre/lib/i386/libjava.so
b62ff000-b6300000 rw-p 00028000 08:01 1693416    /usr/lib/jvm/java-8-openjdk-i386/jre/lib/i386/libjava.so
b6300000-b63fc000 rw-p 00000000 00:00 0 
b63fc000-b6400000 ---p 00000000 00:00 0 
b6400000-b6401000 r--s 00000000 08:01 1145399    /usr/share/java/atinject-jsr330-api-1.0.jar
b6401000-b6406000 r--s 0003b000 08:01 1692576    /usr/lib/jvm/java-8-openjdk-i386/jre/lib/ext/sunjce_provider.jar
b6406000-b6409000 r--s 0000f000 08:01 1692575    /usr/lib/jvm/java-8-openjdk-i386/jre/lib/ext/icedtea-sound.jar
b6409000-b6411000 r-xp 00000000 08:01 1693413    /usr/lib/jvm/java-8-openjdk-i386/jre/lib/i386/libzip.so
b6411000-b6412000 r--p 00007000 08:01 1693413    /usr/lib/jvm/java-8-openjdk-i386/jre/lib/i386/libzip.so
b6412000-b6413000 rw-p 00008000 08:01 1693413    /usr/lib/jvm/java-8-openjdk-i386/jre/lib/i386/libzip.so
b6413000-b641b000 rw-s 00000000 08:01 2576886    /tmp/hsperfdata_sarnobat/26780
b641b000-b6422000 r-xp 00000000 08:01 3402905    /lib/i386-linux-gnu/librt-2.23.so
b6422000-b6423000 r--p 00006000 08:01 3402905    /lib/i386-linux-gnu/librt-2.23.so
b6423000-b6424000 rw-p 00007000 08:01 3402905    /lib/i386-linux-gnu/librt-2.23.so
b6424000-b6427000 ---p 00000000 00:00 0 
b6427000-b6475000 rw-p 00000000 00:00 0 
b6475000-b6491000 r-xp 00000000 08:01 3402590    /lib/i386-linux-gnu/libgcc_s.so.1
b6491000-b6492000 rw-p 0001b000 08:01 3402590    /lib/i386-linux-gnu/libgcc_s.so.1
b6492000-b64e5000 r-xp 00000000 08:01 3402651    /lib/i386-linux-gnu/libm-2.23.so
b64e5000-b64e6000 r--p 00052000 08:01 3402651    /lib/i386-linux-gnu/libm-2.23.so
b64e6000-b64e7000 rw-p 00053000 08:01 3402651    /lib/i386-linux-gnu/libm-2.23.so
b64e7000-b6654000 r-xp 00000000 08:01 1104849    /usr/lib/i386-linux-gnu/libstdc++.so.6.0.21
b6654000-b6655000 ---p 0016d000 08:01 1104849    /usr/lib/i386-linux-gnu/libstdc++.so.6.0.21
b6655000-b665a000 r--p 0016d000 08:01 1104849    /usr/lib/i386-linux-gnu/libstdc++.so.6.0.21
b665a000-b665b000 rw-p 00172000 08:01 1104849    /usr/lib/i386-linux-gnu/libstdc++.so.6.0.21
b665b000-b665e000 rw-p 00000000 00:00 0 
b665e000-b7134000 r-xp 00000000 08:01 1693411    /usr/lib/jvm/java-8-openjdk-i386/jre/lib/i386/server/libjvm.so
b7134000-b717a000 r--p 00ad5000 08:01 1693411    /usr/lib/jvm/java-8-openjdk-i386/jre/lib/i386/server/libjvm.so
b717a000-b7191000 rw-p 00b1b000 08:01 1693411    /usr/lib/jvm/java-8-openjdk-i386/jre/lib/i386/server/libjvm.so
b7191000-b75b1000 rw-p 00000000 00:00 0 
b75b1000-b75ca000 r-xp 00000000 08:01 3402662    /lib/i386-linux-gnu/libpthread-2.23.so
b75ca000-b75cb000 r--p 00018000 08:01 3402662    /lib/i386-linux-gnu/libpthread-2.23.so
b75cb000-b75cc000 rw-p 00019000 08:01 3402662    /lib/i386-linux-gnu/libpthread-2.23.so
b75cc000-b75ce000 rw-p 00000000 00:00 0 
b75ce000-b75d1000 r-xp 00000000 08:01 3402697    /lib/i386-linux-gnu/libdl-2.23.so
b75d1000-b75d2000 r--p 00002000 08:01 3402697    /lib/i386-linux-gnu/libdl-2.23.so
b75d2000-b75d3000 rw-p 00003000 08:01 3402697    /lib/i386-linux-gnu/libdl-2.23.so
b75d3000-b75d4000 rw-p 00000000 00:00 0 
b75d4000-b75ed000 r-xp 00000000 08:01 3402741    /lib/i386-linux-gnu/libz.so.1.2.8
b75ed000-b75ee000 r--p 00018000 08:01 3402741    /lib/i386-linux-gnu/libz.so.1.2.8
b75ee000-b75ef000 rw-p 00019000 08:01 3402741    /lib/i386-linux-gnu/libz.so.1.2.8
b75ef000-b779f000 r-xp 00000000 08:01 3402663    /lib/i386-linux-gnu/libc-2.23.so
b779f000-b77a1000 r--p 001af000 08:01 3402663    /lib/i386-linux-gnu/libc-2.23.so
b77a1000-b77a2000 rw-p 001b1000 08:01 3402663    /lib/i386-linux-gnu/libc-2.23.so
b77a2000-b77a5000 rw-p 00000000 00:00 0 
b77a5000-b77a6000 r--s 00010000 08:01 1692581    /usr/lib/jvm/java-8-openjdk-i386/jre/lib/ext/zipfs.jar
b77a6000-b77a7000 r--s 0000a000 08:01 1692577    /usr/lib/jvm/java-8-openjdk-i386/jre/lib/ext/jaccess.jar
b77a7000-b77aa000 r--s 00038000 08:01 1692573    /usr/lib/jvm/java-8-openjdk-i386/jre/lib/ext/sunpkcs11.jar
b77aa000-b77ab000 r--p 002d4000 08:01 1110568    /usr/lib/locale/locale-archive
b77ab000-b77ac000 rw-p 00000000 00:00 0 
b77ac000-b77ad000 ---p 00000000 00:00 0 
b77ad000-b77bb000 r-xp 00000000 08:01 1693425    /usr/lib/jvm/java-8-openjdk-i386/jre/lib/i386/libverify.so
b77bb000-b77bc000 r--p 0000d000 08:01 1693425    /usr/lib/jvm/java-8-openjdk-i386/jre/lib/i386/libverify.so
b77bc000-b77bd000 rw-p 0000e000 08:01 1693425    /usr/lib/jvm/java-8-openjdk-i386/jre/lib/i386/libverify.so
b77bd000-b77ca000 r-xp 00000000 08:01 1693421    /usr/lib/jvm/java-8-openjdk-i386/jre/lib/i386/jli/libjli.so
b77ca000-b77cb000 r--p 0000c000 08:01 1693421    /usr/lib/jvm/java-8-openjdk-i386/jre/lib/i386/jli/libjli.so
b77cb000-b77cc000 rw-p 0000d000 08:01 1693421    /usr/lib/jvm/java-8-openjdk-i386/jre/lib/i386/jli/libjli.so
b77cc000-b77cd000 rw-p 00000000 00:00 0 
b77cd000-b77d0000 r--p 00000000 00:00 0          [vvar]
b77d0000-b77d1000 r-xp 00000000 00:00 0          [vdso]
b77d1000-b77f4000 r-xp 00000000 08:01 3402661    /lib/i386-linux-gnu/ld-2.23.so
b77f4000-b77f5000 r--p 00022000 08:01 3402661    /lib/i386-linux-gnu/ld-2.23.so
b77f5000-b77f6000 rw-p 00023000 08:01 3402661    /lib/i386-linux-gnu/ld-2.23.so
bfd57000-bfd78000 rw-p 00000000 00:00 0          [stack]

VM Arguments:
jvm_args: -Dclassworlds.conf=/usr/share/maven/bin/m2.conf -Dmaven.home=/usr/share/maven -Dmaven.multiModuleProjectDirectory=/home/sarnobat/github/maven_project 
java_command: org.codehaus.plexus.classworlds.launcher.Launcher --quiet --settings /home/sarnobat/sarnobat.git/mac/.m2/settings.xml install exec:java -Dexec.mainClass=Md5RoList -Dexec.args=4485
java_class_path (initial): /usr/share/maven/boot/plexus-classworlds-2.x.jar
Launcher Type: SUN_STANDARD

Environment Variables:
JAVA_HOME=/usr/lib/jvm/java-8-openjdk-i386
PATH=/usr/bin:/bin
SHELL=/bin/sh

Signal Handlers:
SIGSEGV: [libjvm.so+0x8db350], sa_mask[0]=11111111011111111101111111111110, sa_flags=SA_RESTART|SA_SIGINFO
SIGBUS: [libjvm.so+0x8db350], sa_mask[0]=11111111011111111101111111111110, sa_flags=SA_RESTART|SA_SIGINFO
SIGFPE: [libjvm.so+0x73fd00], sa_mask[0]=11111111011111111101111111111110, sa_flags=SA_RESTART|SA_SIGINFO
SIGPIPE: [libjvm.so+0x73fd00], sa_mask[0]=11111111011111111101111111111110, sa_flags=SA_RESTART|SA_SIGINFO
SIGXFSZ: [libjvm.so+0x73fd00], sa_mask[0]=11111111011111111101111111111110, sa_flags=SA_RESTART|SA_SIGINFO
SIGILL: [libjvm.so+0x73fd00], sa_mask[0]=11111111011111111101111111111110, sa_flags=SA_RESTART|SA_SIGINFO
SIGUSR1: SIG_DFL, sa_mask[0]=00000000000000000000000000000000, sa_flags=none
SIGUSR2: [libjvm.so+0x73fb40], sa_mask[0]=00000000000000000000000000000000, sa_flags=SA_RESTART|SA_SIGINFO
SIGHUP: [libjvm.so+0x7402d0], sa_mask[0]=11111111011111111101111111111110, sa_flags=SA_RESTART|SA_SIGINFO
SIGINT: [libjvm.so+0x7402d0], sa_mask[0]=11111111011111111101111111111110, sa_flags=SA_RESTART|SA_SIGINFO
SIGTERM: [libjvm.so+0x7402d0], sa_mask[0]=11111111011111111101111111111110, sa_flags=SA_RESTART|SA_SIGINFO
SIGQUIT: [libjvm.so+0x7402d0], sa_mask[0]=11111111011111111101111111111110, sa_flags=SA_RESTART|SA_SIGINFO


---------------  S Y S T E M  ---------------

OS:DISTRIB_ID=Ubuntu
DISTRIB_RELEASE=16.04
DISTRIB_CODENAME=xenial
DISTRIB_DESCRIPTION="Ubuntu 16.04.1 LTS"

uname:Linux 4.4.0-116-generic #140-Ubuntu SMP Mon Feb 12 21:22:43 UTC 2018 i686
libc:glibc 2.23 NPTL 2.23 
rlimit: STACK 8192k, CORE 0k, NPROC 63055, NOFILE 1048576, AS infinity
load average:2.96 2.79 2.78

/proc/meminfo:
MemTotal:        8107396 kB
MemFree:          327132 kB
MemAvailable:          0 kB
Buffers:           12544 kB
Cached:           192092 kB
SwapCached:        31444 kB
Active:          6304072 kB
Inactive:        1258916 kB
Active(anon):    6244084 kB
Inactive(anon):  1218748 kB
Active(file):      59988 kB
Inactive(file):    40168 kB
Unevictable:           0 kB
Mlocked:               0 kB
HighTotal:       7292552 kB
HighFree:          36104 kB
LowTotal:         814844 kB
LowFree:          291028 kB
SwapTotal:       4007932 kB
SwapFree:              0 kB
Dirty:              1200 kB
Writeback:             0 kB
AnonPages:       7326992 kB
Mapped:            58268 kB
Shmem:            104492 kB
Slab:              84608 kB
SReclaimable:      34092 kB
SUnreclaim:        50516 kB
KernelStack:       24280 kB
PageTables:        53828 kB
NFS_Unstable:          0 kB
Bounce:                0 kB
WritebackTmp:          0 kB
CommitLimit:     8061628 kB
Committed_AS:   32209580 kB
VmallocTotal:     122880 kB
VmallocUsed:           0 kB
VmallocChunk:          0 kB
AnonHugePages:   4743168 kB
CmaTotal:              0 kB
CmaFree:               0 kB
HugePages_Total:       0
HugePages_Free:        0
HugePages_Rsvd:        0
HugePages_Surp:        0
Hugepagesize:       2048 kB
DirectMap4k:       55288 kB
DirectMap2M:      856064 kB


CPU:total 4 (initial active 4) (2 cores per cpu, 2 threads per core) family 6 model 58 stepping 9, cmov, cx8, fxsr, mmx, sse, sse2, sse3, ssse3, sse4.1, sse4.2, popcnt, avx, aes, clmul, erms, ht, tsc, tscinvbit, tscinv

/proc/cpuinfo:
processor	: 0
vendor_id	: GenuineIntel
cpu family	: 6
model		: 58
model name	: Intel(R) Core(TM) i5-3427U CPU @ 1.80GHz
stepping	: 9
microcode	: 0x17
cpu MHz		: 1099.957
cache size	: 3072 KB
physical id	: 0
siblings	: 4
core id		: 0
cpu cores	: 2
apicid		: 0
initial apicid	: 0
fdiv_bug	: no
f00f_bug	: no
coma_bug	: no
fpu		: yes
fpu_exception	: yes
cpuid level	: 13
wp		: yes
flags		: fpu vme de pse tsc msr pae mce cx8 apic sep mtrr pge mca cmov pat pse36 clflush dts acpi mmx fxsr sse sse2 ss ht tm pbe nx rdtscp lm constant_tsc arch_perfmon pebs bts xtopology nonstop_tsc aperfmperf eagerfpu pni pclmulqdq dtes64 monitor ds_cpl vmx smx est tm2 ssse3 cx16 xtpr pdcm sse4_1 sse4_2 x2apic popcnt tsc_deadline_timer aes xsave avx f16c rdrand lahf_lm epb retpoline tpr_shadow vnmi flexpriority ept vpid fsgsbase smep erms xsaveopt dtherm ida arat pln pts
bugs		: cpu_meltdown spectre_v1 spectre_v2
bogomips	: 4589.71
clflush size	: 64
cache_alignment	: 64
address sizes	: 36 bits physical, 48 bits virtual
power management:

processor	: 1
vendor_id	: GenuineIntel
cpu family	: 6
model		: 58
model name	: Intel(R) Core(TM) i5-3427U CPU @ 1.80GHz
stepping	: 9
microcode	: 0x17
cpu MHz		: 1099.957
cache size	: 3072 KB
physical id	: 0
siblings	: 4
core id		: 1
cpu cores	: 2
apicid		: 2
initial apicid	: 2
fdiv_bug	: no
f00f_bug	: no
coma_bug	: no
fpu		: yes
fpu_exception	: yes
cpuid level	: 13
wp		: yes
flags		: fpu vme de pse tsc msr pae mce cx8 apic sep mtrr pge mca cmov pat pse36 clflush dts acpi mmx fxsr sse sse2 ss ht tm pbe nx rdtscp lm constant_tsc arch_perfmon pebs bts xtopology nonstop_tsc aperfmperf eagerfpu pni pclmulqdq dtes64 monitor ds_cpl vmx smx est tm2 ssse3 cx16 xtpr pdcm sse4_1 sse4_2 x2apic popcnt tsc_deadline_timer aes xsave avx f16c rdrand lahf_lm epb retpoline tpr_shadow vnmi flexpriority ept vpid fsgsbase smep erms xsaveopt dtherm ida arat pln pts
bugs		: cpu_meltdown spectre_v1 spectre_v2
bogomips	: 4589.71
clflush size	: 64
cache_alignment	: 64
address sizes	: 36 bits physical, 48 bits virtual
power management:

processor	: 2
vendor_id	: GenuineIntel
cpu family	: 6
model		: 58
model name	: Intel(R) Core(TM) i5-3427U CPU @ 1.80GHz
stepping	: 9
microcode	: 0x17
cpu MHz		: 1099.957
cache size	: 3072 KB
physical id	: 0
siblings	: 4
core id		: 0
cpu cores	: 2
apicid		: 1
initial apicid	: 1
fdiv_bug	: no
f00f_bug	: no
coma_bug	: no
fpu		: yes
fpu_exception	: yes
cpuid level	: 13
wp		: yes
flags		: fpu vme de pse tsc msr pae mce cx8 apic sep mtrr pge mca cmov pat pse36 clflush dts acpi mmx fxsr sse sse2 ss ht tm pbe nx rdtscp lm constant_tsc arch_perfmon pebs bts xtopology nonstop_tsc aperfmperf eagerfpu pni pclmulqdq dtes64 monitor ds_cpl vmx smx est tm2 ssse3 cx16 xtpr pdcm sse4_1 sse4_2 x2apic popcnt tsc_deadline_timer aes xsave avx f16c rdrand lahf_lm epb retpoline tpr_shadow vnmi flexpriority ept vpid fsgsbase smep erms xsaveopt dtherm ida arat pln pts
bugs		: cpu_meltdown spectre_v1 spectre_v2
bogomips	: 4589.71
clflush size	: 64
cache_alignment	: 64
address sizes	: 36 bits physical, 48 bits virtual
power management:

processor	: 3
vendor_id	: GenuineIntel
cpu family	: 6
model		: 58
model name	: Intel(R) Core(TM) i5-3427U CPU @ 1.80GHz
stepping	: 9
microcode	: 0x17
cpu MHz		: 1099.957
cache size	: 3072 KB
physical id	: 0
siblings	: 4
core id		: 1
cpu cores	: 2
apicid		: 3
initial apicid	: 3
fdiv_bug	: no
f00f_bug	: no
coma_bug	: no
fpu		: yes
fpu_exception	: yes
cpuid level	: 13
wp		: yes
flags		: fpu vme de pse tsc msr pae mce cx8 apic sep mtrr pge mca cmov pat pse36 clflush dts acpi mmx fxsr sse sse2 ss ht tm pbe nx rdtscp lm constant_tsc arch_perfmon pebs bts xtopology nonstop_tsc aperfmperf eagerfpu pni pclmulqdq dtes64 monitor ds_cpl vmx smx est tm2 ssse3 cx16 xtpr pdcm sse4_1 sse4_2 x2apic popcnt tsc_deadline_timer aes xsave avx f16c rdrand lahf_lm epb retpoline tpr_shadow vnmi flexpriority ept vpid fsgsbase smep erms xsaveopt dtherm ida arat pln pts
bugs		: cpu_meltdown spectre_v1 spectre_v2
bogomips	: 4589.71
clflush size	: 64
cache_alignment	: 64
address sizes	: 36 bits physical, 48 bits virtual
power management:



Memory: 4k page, physical 8107396k(326884k free), swap 4007932k(0k free)

vm_info: OpenJDK Server VM (25.162-b12) for linux-x86 JRE (1.8.0_162-8u162-b12-0ubuntu0.16.04.2-b12), built on Mar 14 2018 12:07:04 by "buildd" with gcc 5.4.0 20160609

time: Thu Apr 12 20:28:12 2018
elapsed time: 11 seconds (0d 0h 0m 11s)

