#
# There is insufficient memory for the Java Runtime Environment to continue.
# Native memory allocation (mmap) failed to map 131072 bytes for committing reserved memory.
# Possible reasons:
#   The system is out of physical RAM or swap space
#   In 32 bit mode, the process size limit was hit
# Possible solutions:
#   Reduce memory load on the system
#   Increase physical memory or swap space
#   Check if swap backing store is full
#   Use 64 bit Java on a 64 bit OS
#   Decrease Java heap size (-Xmx/-Xms)
#   Decrease number of Java threads
#   Decrease Java thread stack sizes (-Xss)
#   Set larger code cache with -XX:ReservedCodeCacheSize=
# This output file may be truncated or incomplete.
#
#  Out of Memory Error (os_linux.cpp:2643), pid=8431, tid=0xb63dcb40
#
# JRE version: OpenJDK Runtime Environment (8.0_151-b12) (build 1.8.0_151-8u151-b12-0ubuntu0.16.04.2-b12)
# Java VM: OpenJDK Server VM (25.151-b12 mixed mode linux-x86 )
# Failed to write core dump. Core dumps have been disabled. To enable core dumping, try "ulimit -c unlimited" before starting Java again
#

---------------  T H R E A D  ---------------

Current thread (0xb6207800):  JavaThread "main" [_thread_in_vm, id=8485, stack(0xb638c000,0xb63dd000)]

Stack: [0xb638c000,0xb63dd000],  sp=0xb63d954c,  free space=309k
Native frames: (J=compiled Java code, j=interpreted, Vv=VM code, C=native code)
V  [libjvm.so+0x8d6834]
V  [libjvm.so+0x3a7c76]
V  [libjvm.so+0x7420c0]
V  [libjvm.so+0x73c013]
V  [libjvm.so+0x8d3264]
V  [libjvm.so+0x6cdd63]
V  [libjvm.so+0x6cdf7a]
V  [libjvm.so+0x6ceb05]
V  [libjvm.so+0x6cec5a]
V  [libjvm.so+0x6cfc9a]
V  [libjvm.so+0x6cfe8d]
V  [libjvm.so+0x39895f]
V  [libjvm.so+0x6d542e]
V  [libjvm.so+0x317bdf]
V  [libjvm.so+0x3183b3]
V  [libjvm.so+0x31a202]
V  [libjvm.so+0x320d96]
V  [libjvm.so+0x853dd4]
V  [libjvm.so+0x8528ff]
V  [libjvm.so+0x854906]
V  [libjvm.so+0x39b0be]
V  [libjvm.so+0x39d3a4]
V  [libjvm.so+0x6310ee]
V  [libjvm.so+0x633a38]
V  [libjvm.so+0x513af7]
j  java.lang.reflect.Proxy$ProxyClassFactory.apply(Ljava/lang/ClassLoader;[Ljava/lang/Class;)Ljava/lang/Class;+357
j  java.lang.reflect.Proxy$ProxyClassFactory.apply(Ljava/lang/Object;Ljava/lang/Object;)Ljava/lang/Object;+9
j  java.lang.reflect.WeakCache$Factory.get()Ljava/lang/Object;+41
j  java.lang.reflect.WeakCache.get(Ljava/lang/Object;Ljava/lang/Object;)Ljava/lang/Object;+112
j  java.lang.reflect.Proxy.getProxyClass0(Ljava/lang/ClassLoader;[Ljava/lang/Class;)Ljava/lang/Class;+22
j  java.lang.reflect.Proxy.newProxyInstance(Ljava/lang/ClassLoader;[Ljava/lang/Class;Ljava/lang/reflect/InvocationHandler;)Ljava/lang/Object;+33
j  sun.reflect.annotation.AnnotationParser$1.run()Ljava/lang/annotation/Annotation;+33
j  sun.reflect.annotation.AnnotationParser$1.run()Ljava/lang/Object;+1
v  ~StubRoutines::call_stub
V  [libjvm.so+0x51faad]
V  [libjvm.so+0x746985]
V  [libjvm.so+0x51ebea]
V  [libjvm.so+0x56b9c4]  JVM_DoPrivileged+0x434
C  [libjava.so+0x9d84]  Java_java_security_AccessController_doPrivileged__Ljava_security_PrivilegedAction_2+0x24
j  java.security.AccessController.doPrivileged(Ljava/security/PrivilegedAction;)Ljava/lang/Object;+0
j  sun.reflect.annotation.AnnotationParser.annotationForMap(Ljava/lang/Class;Ljava/util/Map;)Ljava/lang/annotation/Annotation;+9
j  sun.reflect.annotation.AnnotationParser.parseAnnotation2(Ljava/nio/ByteBuffer;Lsun/reflect/ConstantPool;Ljava/lang/Class;Z[Ljava/lang/Class;)Ljava/lang/annotation/Annotation;+280
j  sun.reflect.annotation.AnnotationParser.parseAnnotations2([BLsun/reflect/ConstantPool;Ljava/lang/Class;[Ljava/lang/Class;)Ljava/util/Map;+41
j  sun.reflect.annotation.AnnotationParser.parseSelectAnnotations([BLsun/reflect/ConstantPool;Ljava/lang/Class;[Ljava/lang/Class;)Ljava/util/Map;+12
j  sun.reflect.annotation.AnnotationType.<init>(Ljava/lang/Class;)V+292
j  sun.reflect.annotation.AnnotationType.getInstance(Ljava/lang/Class;)Lsun/reflect/annotation/AnnotationType;+21
j  sun.reflect.annotation.AnnotationParser.parseAnnotation2(Ljava/nio/ByteBuffer;Lsun/reflect/ConstantPool;Ljava/lang/Class;Z[Ljava/lang/Class;)Ljava/lang/annotation/Annotation;+116
j  sun.reflect.annotation.AnnotationParser.parseAnnotations2([BLsun/reflect/ConstantPool;Ljava/lang/Class;[Ljava/lang/Class;)Ljava/util/Map;+41
j  sun.reflect.annotation.AnnotationParser.parseAnnotations([BLsun/reflect/ConstantPool;Ljava/lang/Class;)Ljava/util/Map;+12
j  java.lang.Class.createAnnotationData(I)Ljava/lang/Class$AnnotationData;+9
j  java.lang.Class.annotationData()Ljava/lang/Class$AnnotationData;+26
j  java.lang.Class.getAnnotation(Ljava/lang/Class;)Ljava/lang/annotation/Annotation;+6
j  com.google.inject.internal.Annotations.isRetainedAtRuntime(Ljava/lang/Class;)Z+3
j  com.google.inject.Key.ensureRetainedAtRuntime(Ljava/lang/Class;)V+1
j  com.google.inject.Key.strategyFor(Ljava/lang/Class;)Lcom/google/inject/Key$AnnotationStrategy;+28
j  com.google.inject.Key.get(Ljava/lang/Class;Ljava/lang/Class;)Lcom/google/inject/Key;+6
j  org.eclipse.sisu.wire.ParameterKeys.<clinit>()V+6
v  ~StubRoutines::call_stub
V  [libjvm.so+0x51faad]
V  [libjvm.so+0x746985]
V  [libjvm.so+0x51ebea]
V  [libjvm.so+0x4ebfb8]
V  [libjvm.so+0x4ec367]
V  [libjvm.so+0x4ec7aa]
V  [libjvm.so+0x62ccfa]
V  [libjvm.so+0x62d12a]
V  [libjvm.so+0x512148]
j  org.eclipse.sisu.wire.DependencyAnalyzer.<init>()V+30
j  org.eclipse.sisu.wire.ElementAnalyzer.<init>(Lcom/google/inject/Binder;)V+20
j  org.eclipse.sisu.wire.WireModule.configure(Lcom/google/inject/Binder;)V+5
j  com.google.inject.spi.Elements$RecordingBinder.install(Lcom/google/inject/Module;)V+161
j  com.google.inject.spi.Elements.getElements(Lcom/google/inject/Stage;Ljava/lang/Iterable;)Ljava/util/List;+40
j  com.google.inject.internal.InjectorShell$Builder.build(Lcom/google/inject/internal/Initializer;Lcom/google/inject/internal/ProcessedBindingData;Lcom/google/inject/internal/util/Stopwatch;Lcom/google/inject/internal/Errors;)Ljava/util/List;+122
j  com.google.inject.internal.InternalInjectorCreator.build()Lcom/google/inject/Injector;+48
j  com.google.inject.Guice.createInjector(Lcom/google/inject/Stage;Ljava/lang/Iterable;)Lcom/google/inject/Injector;+15
j  com.google.inject.Guice.createInjector(Ljava/lang/Iterable;)Lcom/google/inject/Injector;+4
j  com.google.inject.Guice.createInjector([Lcom/google/inject/Module;)Lcom/google/inject/Injector;+4
j  org.codehaus.plexus.DefaultPlexusContainer.addPlexusInjector(Ljava/util/List;[Lcom/google/inject/Module;)Lcom/google/inject/Injector;+88
j  org.codehaus.plexus.DefaultPlexusContainer.<init>(Lorg/codehaus/plexus/ContainerConfiguration;[Lcom/google/inject/Module;)V+397
j  org.apache.maven.cli.MavenCli.container(Lorg/apache/maven/cli/CliRequest;)Lorg/codehaus/plexus/PlexusContainer;+269
j  org.apache.maven.cli.MavenCli.doMain(Lorg/apache/maven/cli/CliRequest;)I+29
j  org.apache.maven.cli.MavenCli.main([Ljava/lang/String;Lorg/codehaus/plexus/classworlds/ClassWorld;)I+18
v  ~StubRoutines::call_stub
V  [libjvm.so+0x51faad]
V  [libjvm.so+0x746985]
V  [libjvm.so+0x51ebea]
V  [libjvm.so+0x7b8d25]
V  [libjvm.so+0x7baa5e]
V  [libjvm.so+0x565ade]  JVM_InvokeMethod+0x10e
C  [libjava.so+0xcf53]  Java_sun_reflect_NativeMethodAccessorImpl_invoke0+0x23
j  sun.reflect.NativeMethodAccessorImpl.invoke0(Ljava/lang/reflect/Method;Ljava/lang/Object;[Ljava/lang/Object;)Ljava/lang/Object;+0
j  sun.reflect.NativeMethodAccessorImpl.invoke(Ljava/lang/Object;[Ljava/lang/Object;)Ljava/lang/Object;+100
j  sun.reflect.DelegatingMethodAccessorImpl.invoke(Ljava/lang/Object;[Ljava/lang/Object;)Ljava/lang/Object;+6
j  java.lang.reflect.Method.invoke(Ljava/lang/Object;[Ljava/lang/Object;)Ljava/lang/Object;+56
j  org.codehaus.plexus.classworlds.launcher.Launcher.launchEnhanced([Ljava/lang/String;)V+45
j  org.codehaus.plexus.classworlds.launcher.Launcher.launch([Ljava/lang/String;)V+2
j  org.codehaus.plexus.classworlds.launcher.Launcher.mainWithExitCode([Ljava/lang/String;)I+101
j  org.codehaus.plexus.classworlds.launcher.Launcher.main([Ljava/lang/String;)V+1
v  ~StubRoutines::call_stub
V  [libjvm.so+0x51faad]
...<more frames>...

Java frames: (J=compiled Java code, j=interpreted, Vv=VM code)
j  java.lang.reflect.Proxy$ProxyClassFactory.apply(Ljava/lang/ClassLoader;[Ljava/lang/Class;)Ljava/lang/Class;+357
j  java.lang.reflect.Proxy$ProxyClassFactory.apply(Ljava/lang/Object;Ljava/lang/Object;)Ljava/lang/Object;+9
j  java.lang.reflect.WeakCache$Factory.get()Ljava/lang/Object;+41
j  java.lang.reflect.WeakCache.get(Ljava/lang/Object;Ljava/lang/Object;)Ljava/lang/Object;+112
j  java.lang.reflect.Proxy.getProxyClass0(Ljava/lang/ClassLoader;[Ljava/lang/Class;)Ljava/lang/Class;+22
j  java.lang.reflect.Proxy.newProxyInstance(Ljava/lang/ClassLoader;[Ljava/lang/Class;Ljava/lang/reflect/InvocationHandler;)Ljava/lang/Object;+33
j  sun.reflect.annotation.AnnotationParser$1.run()Ljava/lang/annotation/Annotation;+33
j  sun.reflect.annotation.AnnotationParser$1.run()Ljava/lang/Object;+1
v  ~StubRoutines::call_stub
j  java.security.AccessController.doPrivileged(Ljava/security/PrivilegedAction;)Ljava/lang/Object;+0
j  sun.reflect.annotation.AnnotationParser.annotationForMap(Ljava/lang/Class;Ljava/util/Map;)Ljava/lang/annotation/Annotation;+9
j  sun.reflect.annotation.AnnotationParser.parseAnnotation2(Ljava/nio/ByteBuffer;Lsun/reflect/ConstantPool;Ljava/lang/Class;Z[Ljava/lang/Class;)Ljava/lang/annotation/Annotation;+280
j  sun.reflect.annotation.AnnotationParser.parseAnnotations2([BLsun/reflect/ConstantPool;Ljava/lang/Class;[Ljava/lang/Class;)Ljava/util/Map;+41
j  sun.reflect.annotation.AnnotationParser.parseSelectAnnotations([BLsun/reflect/ConstantPool;Ljava/lang/Class;[Ljava/lang/Class;)Ljava/util/Map;+12
j  sun.reflect.annotation.AnnotationType.<init>(Ljava/lang/Class;)V+292
j  sun.reflect.annotation.AnnotationType.getInstance(Ljava/lang/Class;)Lsun/reflect/annotation/AnnotationType;+21
j  sun.reflect.annotation.AnnotationParser.parseAnnotation2(Ljava/nio/ByteBuffer;Lsun/reflect/ConstantPool;Ljava/lang/Class;Z[Ljava/lang/Class;)Ljava/lang/annotation/Annotation;+116
j  sun.reflect.annotation.AnnotationParser.parseAnnotations2([BLsun/reflect/ConstantPool;Ljava/lang/Class;[Ljava/lang/Class;)Ljava/util/Map;+41
j  sun.reflect.annotation.AnnotationParser.parseAnnotations([BLsun/reflect/ConstantPool;Ljava/lang/Class;)Ljava/util/Map;+12
j  java.lang.Class.createAnnotationData(I)Ljava/lang/Class$AnnotationData;+9
j  java.lang.Class.annotationData()Ljava/lang/Class$AnnotationData;+26
j  java.lang.Class.getAnnotation(Ljava/lang/Class;)Ljava/lang/annotation/Annotation;+6
j  com.google.inject.internal.Annotations.isRetainedAtRuntime(Ljava/lang/Class;)Z+3
j  com.google.inject.Key.ensureRetainedAtRuntime(Ljava/lang/Class;)V+1
j  com.google.inject.Key.strategyFor(Ljava/lang/Class;)Lcom/google/inject/Key$AnnotationStrategy;+28
j  com.google.inject.Key.get(Ljava/lang/Class;Ljava/lang/Class;)Lcom/google/inject/Key;+6
j  org.eclipse.sisu.wire.ParameterKeys.<clinit>()V+6
v  ~StubRoutines::call_stub
j  org.eclipse.sisu.wire.DependencyAnalyzer.<init>()V+30
j  org.eclipse.sisu.wire.ElementAnalyzer.<init>(Lcom/google/inject/Binder;)V+20
j  org.eclipse.sisu.wire.WireModule.configure(Lcom/google/inject/Binder;)V+5
j  com.google.inject.spi.Elements$RecordingBinder.install(Lcom/google/inject/Module;)V+161
j  com.google.inject.spi.Elements.getElements(Lcom/google/inject/Stage;Ljava/lang/Iterable;)Ljava/util/List;+40
j  com.google.inject.internal.InjectorShell$Builder.build(Lcom/google/inject/internal/Initializer;Lcom/google/inject/internal/ProcessedBindingData;Lcom/google/inject/internal/util/Stopwatch;Lcom/google/inject/internal/Errors;)Ljava/util/List;+122
j  com.google.inject.internal.InternalInjectorCreator.build()Lcom/google/inject/Injector;+48
j  com.google.inject.Guice.createInjector(Lcom/google/inject/Stage;Ljava/lang/Iterable;)Lcom/google/inject/Injector;+15
j  com.google.inject.Guice.createInjector(Ljava/lang/Iterable;)Lcom/google/inject/Injector;+4
j  com.google.inject.Guice.createInjector([Lcom/google/inject/Module;)Lcom/google/inject/Injector;+4
j  org.codehaus.plexus.DefaultPlexusContainer.addPlexusInjector(Ljava/util/List;[Lcom/google/inject/Module;)Lcom/google/inject/Injector;+88
j  org.codehaus.plexus.DefaultPlexusContainer.<init>(Lorg/codehaus/plexus/ContainerConfiguration;[Lcom/google/inject/Module;)V+397
j  org.apache.maven.cli.MavenCli.container(Lorg/apache/maven/cli/CliRequest;)Lorg/codehaus/plexus/PlexusContainer;+269
j  org.apache.maven.cli.MavenCli.doMain(Lorg/apache/maven/cli/CliRequest;)I+29
j  org.apache.maven.cli.MavenCli.main([Ljava/lang/String;Lorg/codehaus/plexus/classworlds/ClassWorld;)I+18
v  ~StubRoutines::call_stub
j  sun.reflect.NativeMethodAccessorImpl.invoke0(Ljava/lang/reflect/Method;Ljava/lang/Object;[Ljava/lang/Object;)Ljava/lang/Object;+0
j  sun.reflect.NativeMethodAccessorImpl.invoke(Ljava/lang/Object;[Ljava/lang/Object;)Ljava/lang/Object;+100
j  sun.reflect.DelegatingMethodAccessorImpl.invoke(Ljava/lang/Object;[Ljava/lang/Object;)Ljava/lang/Object;+6
j  java.lang.reflect.Method.invoke(Ljava/lang/Object;[Ljava/lang/Object;)Ljava/lang/Object;+56
j  org.codehaus.plexus.classworlds.launcher.Launcher.launchEnhanced([Ljava/lang/String;)V+45
j  org.codehaus.plexus.classworlds.launcher.Launcher.launch([Ljava/lang/String;)V+2
j  org.codehaus.plexus.classworlds.launcher.Launcher.mainWithExitCode([Ljava/lang/String;)I+101
j  org.codehaus.plexus.classworlds.launcher.Launcher.main([Ljava/lang/String;)V+1
v  ~StubRoutines::call_stub

---------------  P R O C E S S  ---------------

Java Threads: ( => current thread )
  0x637aa400 JavaThread "Service Thread" daemon [_thread_blocked, id=8509, stack(0x630db000,0x6312c000)]
  0x637a7000 JavaThread "C1 CompilerThread2" daemon [_thread_blocked, id=8507, stack(0x6312c000,0x631ad000)]
  0x637a5c00 JavaThread "C2 CompilerThread1" daemon [_thread_blocked, id=8505, stack(0x631ad000,0x6322e000)]
  0x637a3c00 JavaThread "C2 CompilerThread0" daemon [_thread_blocked, id=8504, stack(0x6322e000,0x632af000)]
  0x637a2400 JavaThread "Signal Dispatcher" daemon [_thread_blocked, id=8501, stack(0x632af000,0x63300000)]
  0x63788400 JavaThread "Finalizer" daemon [_thread_blocked, id=8500, stack(0x63813000,0x63864000)]
  0x63785800 JavaThread "Reference Handler" daemon [_thread_blocked, id=8497, stack(0x6642e000,0x6647f000)]
=>0xb6207800 JavaThread "main" [_thread_in_vm, id=8485, stack(0xb638c000,0xb63dd000)]

Other Threads:
  0x63781000 VMThread [stack: 0x63864000,0x638e5000] [id=8496]
  0x637ac000 WatcherThread [stack: 0x6305a000,0x630db000] [id=8511]

VM state:not at safepoint (normal execution)

VM Mutex/Monitor currently owned by a thread: None

Heap:
 PSYoungGen      total 19200K, used 16256K [0x918c0000, 0x92e00000, 0xa6e00000)
  eden space 16640K, 97% used [0x918c0000,0x928a00b0,0x92900000)
  from space 2560K, 0% used [0x92b80000,0x92b80000,0x92e00000)
  to   space 2560K, 0% used [0x92900000,0x92900000,0x92b80000)
 ParOldGen       total 43776K, used 0K [0x66e00000, 0x698c0000, 0x918c0000)
  object space 43776K, 0% used [0x66e00000,0x66e00000,0x698c0000)
 Metaspace       used 4594K, capacity 4618K, committed 4632K, reserved 5424K

Card table byte_map: [0x66bff000,0x66e00000] byte_map_base: 0x668c8000

Marking Bits: (ParMarkBitMap*) 0xb7102880
 Begin Bits: [0x64300000, 0x65300000)
 End Bits:   [0x65300000, 0x66300000)

Polling page: 0xb770f000

CodeCache: size=245760Kb used=1493Kb max_used=1503Kb free=244267Kb
 bounds [0xa71ed000, 0xa742d000, 0xb61ed000]
 total_blobs=558 nmethods=393 adapters=80
 compilation: enabled

Compilation events (10 events):
Event: 1.086 Thread 0x637a3c00  389       4       sun.nio.cs.UTF_8$Decoder::decode (779 bytes)
Event: 1.092 Thread 0x637a3c00 nmethod 389 0xa7363c88 code [0xa7363d80, 0xa7364050]
Event: 1.192 Thread 0x637a5c00  390       4       java.util.zip.ZipCoder::getBytes (192 bytes)
Event: 1.205 Thread 0x637a5c00 nmethod 390 0xa7361bc8 code [0xa7361d40, 0xa73622b8]
Event: 1.205 Thread 0x637a7000  391       3       java.util.ArrayList$Itr::hasNext (20 bytes)
Event: 1.206 Thread 0x637a7000 nmethod 391 0xa7361908 code [0xa7361a20, 0xa7361b40]
Event: 1.228 Thread 0x637a7000  392   !   3       sun.reflect.generics.parser.SignatureParser::current (40 bytes)
Event: 1.228 Thread 0x637a7000 nmethod 392 0xa7361588 code [0xa73616a0, 0xa73617e0]
Event: 1.231 Thread 0x637a7000  393       1       java.lang.Class::getClassLoader0 (5 bytes)
Event: 1.231 Thread 0x637a7000 nmethod 393 0xa7361388 code [0xa7361480, 0xa7361520]

GC Heap History (0 events):
No events

Deoptimization events (1 events):
Event: 0.549 Thread 0xb6207800 Uncommon trap: reason=unstable_if action=reinterpret pc=0xa72f2084 method=org.codehaus.plexus.util.xml.pull.MXParser.more()C @ 8

Internal exceptions (8 events):
Event: 0.070 Thread 0xb6207800 Exception <a 'java/lang/NoSuchMethodError': Method sun.misc.Unsafe.defineClass(Ljava/lang/String;[BII)Ljava/lang/Class; name or signature does not match> (0x918c6e90) thrown at [/build/openjdk-8-Y4imzb/openjdk-8-8u151-b12/src/hotspot/src/share/vm/prims/jn
Event: 0.070 Thread 0xb6207800 Exception <a 'java/lang/NoSuchMethodError': Method sun.misc.Unsafe.prefetchRead(Ljava/lang/Object;J)V name or signature does not match> (0x918c7160) thrown at [/build/openjdk-8-Y4imzb/openjdk-8-8u151-b12/src/hotspot/src/share/vm/prims/jni.cpp, line 4011]
Event: 0.433 Thread 0xb6207800 Exception <a 'java/security/PrivilegedActionException'> (0x91bd09d8) thrown at [/build/openjdk-8-Y4imzb/openjdk-8-8u151-b12/src/hotspot/src/share/vm/prims/jvm.cpp, line 1390]
Event: 0.433 Thread 0xb6207800 Exception <a 'java/security/PrivilegedActionException'> (0x91bd0db8) thrown at [/build/openjdk-8-Y4imzb/openjdk-8-8u151-b12/src/hotspot/src/share/vm/prims/jvm.cpp, line 1390]
Event: 0.434 Thread 0xb6207800 Exception <a 'java/security/PrivilegedActionException'> (0x91bd2dd8) thrown at [/build/openjdk-8-Y4imzb/openjdk-8-8u151-b12/src/hotspot/src/share/vm/prims/jvm.cpp, line 1390]
Event: 0.434 Thread 0xb6207800 Exception <a 'java/security/PrivilegedActionException'> (0x91bd31b8) thrown at [/build/openjdk-8-Y4imzb/openjdk-8-8u151-b12/src/hotspot/src/share/vm/prims/jvm.cpp, line 1390]
Event: 0.434 Thread 0xb6207800 Exception <a 'java/security/PrivilegedActionException'> (0x91bd3dd0) thrown at [/build/openjdk-8-Y4imzb/openjdk-8-8u151-b12/src/hotspot/src/share/vm/prims/jvm.cpp, line 1390]
Event: 0.434 Thread 0xb6207800 Exception <a 'java/security/PrivilegedActionException'> (0x91bd41b0) thrown at [/build/openjdk-8-Y4imzb/openjdk-8-8u151-b12/src/hotspot/src/share/vm/prims/jvm.cpp, line 1390]

Events (10 events):
Event: 1.233 loading class java/lang/reflect/Proxy$ProxyClassFactory done
Event: 1.233 loading class java/lang/reflect/WeakCache$CacheKey
Event: 1.233 loading class java/lang/reflect/WeakCache$CacheKey done
Event: 1.233 loading class java/lang/reflect/Proxy$Key1
Event: 1.233 loading class java/lang/reflect/Proxy$Key1 done
Event: 1.233 loading class java/lang/reflect/WeakCache$Factory
Event: 1.233 loading class java/util/function/Supplier
Event: 1.234 loading class java/util/function/Supplier done
Event: 1.234 loading class java/lang/reflect/WeakCache$Factory done
Event: 1.235 loading class sun/misc/ProxyGenerator


Dynamic libraries:
08048000-08049000 r-xp 00000000 08:01 1693306    /usr/lib/jvm/java-8-openjdk-i386/jre/bin/java
08049000-0804a000 r--p 00000000 08:01 1693306    /usr/lib/jvm/java-8-openjdk-i386/jre/bin/java
0804a000-0804b000 rw-p 00001000 08:01 1693306    /usr/lib/jvm/java-8-openjdk-i386/jre/bin/java
08f45000-08f66000 rw-p 00000000 00:00 0          [heap]
62900000-6292d000 rw-p 00000000 00:00 0 
6292d000-62a00000 ---p 00000000 00:00 0 
62a00000-62a40000 rw-p 00000000 00:00 0 
62a60000-62b00000 ---p 00000000 00:00 0 
62b00000-62b71000 rw-p 00000000 00:00 0 
62b71000-62c00000 ---p 00000000 00:00 0 
62c00000-62c21000 rw-p 00000000 00:00 0 
62c21000-62d00000 ---p 00000000 00:00 0 
62d00000-62dfe000 rw-p 00000000 00:00 0 
62dfe000-62e00000 ---p 00000000 00:00 0 
62e00000-62ef9000 rw-p 00000000 00:00 0 
62ef9000-62f00000 ---p 00000000 00:00 0 
62f00000-63000000 rw-p 00000000 00:00 0 
63008000-63015000 r--s 0008d000 08:01 1149531    /usr/share/java/maven3-core-3.3.9.jar
63015000-63018000 r--s 00007000 08:01 1149537    /usr/share/java/maven3-settings-builder-3.3.9.jar
63018000-6301a000 r--s 0000d000 08:01 1149536    /usr/share/java/maven3-aether-provider-3.3.9.jar
6301a000-63021000 r--s 0002c000 08:01 1149509    /usr/share/java/sisu-plexus.jar
63021000-63029000 r--s 00054000 08:01 1149507    /usr/share/java/sisu-inject.jar
63029000-6305a000 r--s 00207000 08:01 1149515    /usr/share/java/wagon-http-shaded-2.x.jar
6305a000-6305b000 ---p 00000000 00:00 0 
6305b000-630db000 rw-p 00000000 00:00 0 
630db000-630de000 ---p 00000000 00:00 0 
630de000-6312c000 rw-p 00000000 00:00 0 
6312c000-6312f000 ---p 00000000 00:00 0 
6312f000-631ad000 rw-p 00000000 00:00 0 
631ad000-631b0000 ---p 00000000 00:00 0 
631b0000-6322e000 rw-p 00000000 00:00 0 
6322e000-63231000 ---p 00000000 00:00 0 
63231000-632af000 rw-p 00000000 00:00 0 
632af000-632b2000 ---p 00000000 00:00 0 
632b2000-63300000 rw-p 00000000 00:00 0 
63300000-63500000 r--p 00000000 08:01 1110568    /usr/lib/locale/locale-archive
63500000-635fa000 rw-p 00000000 00:00 0 
635fa000-63600000 ---p 00000000 00:00 0 
63600000-63621000 rw-p 00000000 00:00 0 
63621000-63700000 ---p 00000000 00:00 0 
63700000-637fc000 rw-p 00000000 00:00 0 
637fc000-63800000 ---p 00000000 00:00 0 
63800000-63801000 r--s 00001000 08:01 1149511    /usr/share/java/wagon-file-2.x.jar
63801000-63805000 r--s 00027000 08:01 1145546    /usr/share/java/commons-io-2.4.jar
63805000-6380c000 r--s 0005d000 08:01 1149254    /usr/share/java/commons-lang3.jar
6380c000-6380d000 r--s 00004000 08:01 1145398    /usr/share/java/atinject-jsr330-tck-1.0.jar
6380d000-6380f000 r--s 0000e000 08:01 1149271    /usr/share/java/plexus-interpolation.jar
6380f000-63813000 r--s 00027000 08:01 1149367    /usr/share/java/eclipse-aether-impl.jar
63813000-63816000 ---p 00000000 00:00 0 
63816000-63864000 rw-p 00000000 00:00 0 
63864000-63865000 ---p 00000000 00:00 0 
63865000-638e5000 rw-p 00000000 00:00 0 
638e5000-63ab4000 r--s 03c21000 08:01 1693223    /usr/lib/jvm/java-8-openjdk-i386/jre/lib/rt.jar
63ab4000-63efa000 rw-p 00000000 00:00 0 
63efa000-63f00000 ---p 00000000 00:00 0 
63f00000-66300000 rw-p 00000000 00:00 0 
66300000-66342000 rw-p 00000000 00:00 0 
66342000-66400000 ---p 00000000 00:00 0 
66400000-66402000 r--s 00006000 08:01 1149372    /usr/share/java/eclipse-aether-spi.jar
66402000-6642e000 r--s 00208000 08:01 1148516    /usr/share/java/guava.jar
6642e000-66431000 ---p 00000000 00:00 0 
66431000-6647f000 rw-p 00000000 00:00 0 
6647f000-66480000 ---p 00000000 00:00 0 
66480000-66500000 rw-p 00000000 00:00 0 
66500000-66600000 rw-p 00000000 00:00 0 
66600000-66601000 r--s 00008000 08:01 1149370    /usr/share/java/eclipse-aether-connector-basic.jar
66601000-66603000 r--s 00005000 08:01 1149373    /usr/share/java/eclipse-aether-transport-wagon.jar
66603000-66605000 r--s 00001000 08:01 1149403    /usr/share/java/aopalliance-1.0.jar
66605000-66607000 r--s 00001000 08:01 1149538    /usr/share/java/maven3-builder-support-3.3.9.jar
66607000-6660c000 r--s 0001d000 08:01 1149374    /usr/share/java/eclipse-aether-api.jar
6660c000-6660e000 r--s 00002000 08:01 1149449    /usr/share/java/plexus-cipher.jar
6660e000-6660f000 r--s 00002000 08:01 1149066    /usr/share/java/slf4j-simple.jar
6660f000-66611000 r--s 00013000 08:01 1149534    /usr/share/java/maven3-embedder-3.3.9.jar
66611000-66613000 r--s 00027000 08:01 1149535    /usr/share/java/maven3-model-3.3.9.jar
66613000-66615000 r--s 0000a000 08:01 1147016    /usr/share/java/commons-cli-1.3.1.jar
66615000-66617000 r--s 0000a000 08:01 1149512    /usr/share/java/wagon-provider-api-2.x.jar
66617000-6661a000 r--s 0000a000 08:01 1149539    /usr/share/java/maven3-artifact-3.3.9.jar
6661a000-6661e000 r--s 00020000 08:01 1149392    /usr/share/java/eclipse-aether-util.jar
6661e000-6661f000 r--s 00006000 08:01 1149532    /usr/share/java/maven3-repository-metadata-3.3.9.jar
6661f000-66621000 r--s 00007000 08:01 1149069    /usr/share/java/slf4j-api.jar
66621000-66622000 r--s 0000a000 08:01 1149528    /usr/share/java/maven3-settings-3.3.9.jar
66622000-66626000 r--s 00038000 08:01 1149495    /usr/share/java/plexus-utils2.jar
66626000-6662c000 r--s 00048000 08:01 1149288    /usr/share/java/jsoup.jar
6662c000-66631000 r--s 00025000 08:01 1149533    /usr/share/java/maven3-model-builder-3.3.9.jar
66631000-6667f000 rw-p 00000000 00:00 0 
6667f000-66680000 ---p 00000000 00:00 0 
66680000-66700000 rw-p 00000000 00:00 0 
66700000-66721000 rw-p 00000000 00:00 0 
66721000-66800000 ---p 00000000 00:00 0 
66800000-66801000 r--s 00001000 08:01 1149518    /usr/share/java/wagon-http-shared-2.x.jar
66801000-66802000 r--s 00006000 08:01 1149451    /usr/share/java/plexus-sec-dispatcher.jar
66802000-66804000 r--s 0000a000 08:01 1149529    /usr/share/java/maven3-plugin-api-3.3.9.jar
66804000-66809000 r--s 00040000 08:01 1145678    /usr/share/java/commons-lang-2.6.jar
66809000-66824000 r--s 00394000 08:01 1693228    /usr/lib/jvm/java-8-openjdk-i386/jre/lib/ext/cldrdata.jar
66824000-6687f000 rw-p 00000000 00:00 0 
6687f000-66880000 ---p 00000000 00:00 0 
66880000-66900000 rw-p 00000000 00:00 0 
66900000-66921000 rw-p 00000000 00:00 0 
66921000-66a00000 ---p 00000000 00:00 0 
66a00000-66a02000 r--s 00000000 08:01 1149499    /usr/share/java/plexus-component-annotations-1.5.jar
66a02000-66a03000 r--s 00000000 08:01 1149240    /usr/share/java/geronimo-interceptor-3.0-spec-1.0.1.jar
66a03000-66a05000 r--s 00012000 08:01 1144777    /usr/share/java/el-api-3.0.jar
66a05000-66a06000 r--s 00000000 08:01 1145399    /usr/share/java/atinject-jsr330-api-1.0.jar
66a06000-66a0d000 r--s 00041000 08:01 1149530    /usr/share/java/maven3-compat-3.3.9.jar
66a0d000-66a28000 r--s 001d6000 08:01 1693230    /usr/lib/jvm/java-8-openjdk-i386/jre/lib/ext/nashorn.jar
66a28000-66a29000 ---p 00000000 00:00 0 
66a29000-66abf000 rw-p 00000000 00:00 0 
66abf000-66bff000 ---p 00000000 00:00 0 
66bff000-66c15000 rw-p 00000000 00:00 0 
66c15000-66d54000 ---p 00000000 00:00 0 
66d54000-66d5f000 rw-p 00000000 00:00 0 
66d5f000-66dff000 ---p 00000000 00:00 0 
66dff000-698c0000 rw-p 00000000 00:00 0 
698c0000-918c0000 ---p 00000000 00:00 0 
918c0000-92e00000 rw-p 00000000 00:00 0 
92e00000-a6e00000 ---p 00000000 00:00 0 
a6e00000-a6e03000 r--s 00008000 08:01 1149246    /usr/share/java/cdi-api-1.0.jar
a6e03000-a6e11000 r--s 00095000 08:01 1149408    /usr/share/java/guice.jar
a6e11000-a6e13000 r--s 0000a000 08:01 1149493    /usr/share/java/plexus-classworlds2-2.5.2.jar
a6e13000-a6e15000 r--s 00008000 08:01 1693232    /usr/lib/jvm/java-8-openjdk-i386/jre/lib/ext/sunec.jar
a6e15000-a6e36000 rw-p 00000000 00:00 0 
a6e36000-a71ed000 ---p 00000000 00:00 0 
a71ed000-a742d000 rwxp 00000000 00:00 0 
a742d000-b61ed000 ---p 00000000 00:00 0 
b61ed000-b61f8000 r-xp 00000000 08:01 3402889    /lib/i386-linux-gnu/libnss_files-2.23.so
b61f8000-b61f9000 r--p 0000a000 08:01 3402889    /lib/i386-linux-gnu/libnss_files-2.23.so
b61f9000-b61fa000 rw-p 0000b000 08:01 3402889    /lib/i386-linux-gnu/libnss_files-2.23.so
b61fa000-b6200000 rw-p 00000000 00:00 0 
b6200000-b62fb000 rw-p 00000000 00:00 0 
b62fb000-b6300000 ---p 00000000 00:00 0 
b6300000-b6306000 r--s 0003a000 08:01 1693231    /usr/lib/jvm/java-8-openjdk-i386/jre/lib/ext/sunjce_provider.jar
b6306000-b6310000 r--s 00116000 08:01 1693233    /usr/lib/jvm/java-8-openjdk-i386/jre/lib/ext/localedata.jar
b6310000-b631b000 r-xp 00000000 08:01 3402895    /lib/i386-linux-gnu/libnss_nis-2.23.so
b631b000-b631c000 r--p 0000a000 08:01 3402895    /lib/i386-linux-gnu/libnss_nis-2.23.so
b631c000-b631d000 rw-p 0000b000 08:01 3402895    /lib/i386-linux-gnu/libnss_nis-2.23.so
b631d000-b6334000 r-xp 00000000 08:01 3402652    /lib/i386-linux-gnu/libnsl-2.23.so
b6334000-b6335000 r--p 00016000 08:01 3402652    /lib/i386-linux-gnu/libnsl-2.23.so
b6335000-b6336000 rw-p 00017000 08:01 3402652    /lib/i386-linux-gnu/libnsl-2.23.so
b6336000-b6338000 rw-p 00000000 00:00 0 
b6338000-b6340000 r-xp 00000000 08:01 3402720    /lib/i386-linux-gnu/libnss_compat-2.23.so
b6340000-b6341000 r--p 00007000 08:01 3402720    /lib/i386-linux-gnu/libnss_compat-2.23.so
b6341000-b6342000 rw-p 00008000 08:01 3402720    /lib/i386-linux-gnu/libnss_compat-2.23.so
b6342000-b6343000 r--s 00010000 08:01 1693229    /usr/lib/jvm/java-8-openjdk-i386/jre/lib/ext/zipfs.jar
b6343000-b6345000 r--s 00001000 08:01 1693236    /usr/lib/jvm/java-8-openjdk-i386/jre/lib/ext/dnsns.jar
b6345000-b6348000 r--s 0000f000 08:01 1693227    /usr/lib/jvm/java-8-openjdk-i386/jre/lib/ext/icedtea-sound.jar
b6348000-b6350000 r-xp 00000000 08:01 1693277    /usr/lib/jvm/java-8-openjdk-i386/jre/lib/i386/libzip.so
b6350000-b6351000 r--p 00007000 08:01 1693277    /usr/lib/jvm/java-8-openjdk-i386/jre/lib/i386/libzip.so
b6351000-b6352000 rw-p 00008000 08:01 1693277    /usr/lib/jvm/java-8-openjdk-i386/jre/lib/i386/libzip.so
b6352000-b635a000 rw-s 00000000 08:01 2576606    /tmp/hsperfdata_sarnobat/8431
b635a000-b6381000 r-xp 00000000 08:01 1693258    /usr/lib/jvm/java-8-openjdk-i386/jre/lib/i386/libjava.so
b6381000-b6382000 r--p 00026000 08:01 1693258    /usr/lib/jvm/java-8-openjdk-i386/jre/lib/i386/libjava.so
b6382000-b6383000 rw-p 00027000 08:01 1693258    /usr/lib/jvm/java-8-openjdk-i386/jre/lib/i386/libjava.so
b6383000-b638a000 r-xp 00000000 08:01 3402905    /lib/i386-linux-gnu/librt-2.23.so
b638a000-b638b000 r--p 00006000 08:01 3402905    /lib/i386-linux-gnu/librt-2.23.so
b638b000-b638c000 rw-p 00007000 08:01 3402905    /lib/i386-linux-gnu/librt-2.23.so
b638c000-b638f000 ---p 00000000 00:00 0 
b638f000-b63dd000 rw-p 00000000 00:00 0 
b63dd000-b63f9000 r-xp 00000000 08:01 3402590    /lib/i386-linux-gnu/libgcc_s.so.1
b63f9000-b63fa000 rw-p 0001b000 08:01 3402590    /lib/i386-linux-gnu/libgcc_s.so.1
b63fa000-b644d000 r-xp 00000000 08:01 3402651    /lib/i386-linux-gnu/libm-2.23.so
b644d000-b644e000 r--p 00052000 08:01 3402651    /lib/i386-linux-gnu/libm-2.23.so
b644e000-b644f000 rw-p 00053000 08:01 3402651    /lib/i386-linux-gnu/libm-2.23.so
b644f000-b65bc000 r-xp 00000000 08:01 1104849    /usr/lib/i386-linux-gnu/libstdc++.so.6.0.21
b65bc000-b65bd000 ---p 0016d000 08:01 1104849    /usr/lib/i386-linux-gnu/libstdc++.so.6.0.21
b65bd000-b65c2000 r--p 0016d000 08:01 1104849    /usr/lib/i386-linux-gnu/libstdc++.so.6.0.21
b65c2000-b65c3000 rw-p 00172000 08:01 1104849    /usr/lib/i386-linux-gnu/libstdc++.so.6.0.21
b65c3000-b65c6000 rw-p 00000000 00:00 0 
b65c6000-b7097000 r-xp 00000000 08:01 1693269    /usr/lib/jvm/java-8-openjdk-i386/jre/lib/i386/server/libjvm.so
b7097000-b70dd000 r--p 00ad0000 08:01 1693269    /usr/lib/jvm/java-8-openjdk-i386/jre/lib/i386/server/libjvm.so
b70dd000-b70f4000 rw-p 00b16000 08:01 1693269    /usr/lib/jvm/java-8-openjdk-i386/jre/lib/i386/server/libjvm.so
b70f4000-b7514000 rw-p 00000000 00:00 0 
b7514000-b752d000 r-xp 00000000 08:01 3402662    /lib/i386-linux-gnu/libpthread-2.23.so
b752d000-b752e000 r--p 00018000 08:01 3402662    /lib/i386-linux-gnu/libpthread-2.23.so
b752e000-b752f000 rw-p 00019000 08:01 3402662    /lib/i386-linux-gnu/libpthread-2.23.so
b752f000-b7531000 rw-p 00000000 00:00 0 
b7531000-b7534000 r-xp 00000000 08:01 3402697    /lib/i386-linux-gnu/libdl-2.23.so
b7534000-b7535000 r--p 00002000 08:01 3402697    /lib/i386-linux-gnu/libdl-2.23.so
b7535000-b7536000 rw-p 00003000 08:01 3402697    /lib/i386-linux-gnu/libdl-2.23.so
b7536000-b7537000 rw-p 00000000 00:00 0 
b7537000-b7550000 r-xp 00000000 08:01 3402741    /lib/i386-linux-gnu/libz.so.1.2.8
b7550000-b7551000 r--p 00018000 08:01 3402741    /lib/i386-linux-gnu/libz.so.1.2.8
b7551000-b7552000 rw-p 00019000 08:01 3402741    /lib/i386-linux-gnu/libz.so.1.2.8
b7552000-b7702000 r-xp 00000000 08:01 3402663    /lib/i386-linux-gnu/libc-2.23.so
b7702000-b7704000 r--p 001af000 08:01 3402663    /lib/i386-linux-gnu/libc-2.23.so
b7704000-b7705000 rw-p 001b1000 08:01 3402663    /lib/i386-linux-gnu/libc-2.23.so
b7705000-b7708000 rw-p 00000000 00:00 0 
b7708000-b7709000 r--s 0000a000 08:01 1693235    /usr/lib/jvm/java-8-openjdk-i386/jre/lib/ext/jaccess.jar
b7709000-b770d000 r--s 00037000 08:01 1693234    /usr/lib/jvm/java-8-openjdk-i386/jre/lib/ext/sunpkcs11.jar
b770d000-b770e000 r--p 002d4000 08:01 1110568    /usr/lib/locale/locale-archive
b770e000-b770f000 rw-p 00000000 00:00 0 
b770f000-b7710000 r--p 00000000 00:00 0 
b7710000-b771e000 r-xp 00000000 08:01 1693275    /usr/lib/jvm/java-8-openjdk-i386/jre/lib/i386/libverify.so
b771e000-b771f000 r--p 0000d000 08:01 1693275    /usr/lib/jvm/java-8-openjdk-i386/jre/lib/i386/libverify.so
b771f000-b7720000 rw-p 0000e000 08:01 1693275    /usr/lib/jvm/java-8-openjdk-i386/jre/lib/i386/libverify.so
b7720000-b772d000 r-xp 00000000 08:01 1693273    /usr/lib/jvm/java-8-openjdk-i386/jre/lib/i386/jli/libjli.so
b772d000-b772e000 r--p 0000c000 08:01 1693273    /usr/lib/jvm/java-8-openjdk-i386/jre/lib/i386/jli/libjli.so
b772e000-b772f000 rw-p 0000d000 08:01 1693273    /usr/lib/jvm/java-8-openjdk-i386/jre/lib/i386/jli/libjli.so
b772f000-b7730000 rw-p 00000000 00:00 0 
b7730000-b7732000 r--p 00000000 00:00 0          [vvar]
b7732000-b7733000 r-xp 00000000 00:00 0          [vdso]
b7733000-b7756000 r-xp 00000000 08:01 3402661    /lib/i386-linux-gnu/ld-2.23.so
b7756000-b7757000 r--p 00022000 08:01 3402661    /lib/i386-linux-gnu/ld-2.23.so
b7757000-b7758000 rw-p 00023000 08:01 3402661    /lib/i386-linux-gnu/ld-2.23.so
bfeb3000-bfed4000 rw-p 00000000 00:00 0          [stack]

VM Arguments:
jvm_args: -Dclassworlds.conf=/usr/share/maven/bin/m2.conf -Dmaven.home=/usr/share/maven -Dmaven.multiModuleProjectDirectory=/home/sarnobat/github/maven_project 
java_command: org.codehaus.plexus.classworlds.launcher.Launcher --quiet --settings /home/sarnobat/sarnobat.git/mac/.m2/settings.xml install exec:java -Dexec.mainClass=Md5RoList -Dexec.args=4485
java_class_path (initial): /usr/share/maven/boot/plexus-classworlds-2.x.jar
Launcher Type: SUN_STANDARD

Environment Variables:
JAVA_HOME=/usr/lib/jvm/java-8-openjdk-i386
PATH=/usr/bin:/bin
SHELL=/bin/sh

Signal Handlers:
SIGSEGV: [libjvm.so+0x8d7370], sa_mask[0]=11111111011111111101111111111110, sa_flags=SA_RESTART|SA_SIGINFO
SIGBUS: [libjvm.so+0x8d7370], sa_mask[0]=11111111011111111101111111111110, sa_flags=SA_RESTART|SA_SIGINFO
SIGFPE: [libjvm.so+0x73d1c0], sa_mask[0]=11111111011111111101111111111110, sa_flags=SA_RESTART|SA_SIGINFO
SIGPIPE: [libjvm.so+0x73d1c0], sa_mask[0]=11111111011111111101111111111110, sa_flags=SA_RESTART|SA_SIGINFO
SIGXFSZ: [libjvm.so+0x73d1c0], sa_mask[0]=11111111011111111101111111111110, sa_flags=SA_RESTART|SA_SIGINFO
SIGILL: [libjvm.so+0x73d1c0], sa_mask[0]=11111111011111111101111111111110, sa_flags=SA_RESTART|SA_SIGINFO
SIGUSR1: SIG_DFL, sa_mask[0]=00000000000000000000000000000000, sa_flags=none
SIGUSR2: [libjvm.so+0x73d000], sa_mask[0]=00000000000000000000000000000000, sa_flags=SA_RESTART|SA_SIGINFO
SIGHUP: [libjvm.so+0x73d790], sa_mask[0]=11111111011111111101111111111110, sa_flags=SA_RESTART|SA_SIGINFO
SIGINT: [libjvm.so+0x73d790], sa_mask[0]=11111111011111111101111111111110, sa_flags=SA_RESTART|SA_SIGINFO
SIGTERM: [libjvm.so+0x73d790], sa_mask[0]=11111111011111111101111111111110, sa_flags=SA_RESTART|SA_SIGINFO
SIGQUIT: [libjvm.so+0x73d790], sa_mask[0]=11111111011111111101111111111110, sa_flags=SA_RESTART|SA_SIGINFO


---------------  S Y S T E M  ---------------

OS:DISTRIB_ID=Ubuntu
DISTRIB_RELEASE=16.04
DISTRIB_CODENAME=xenial
DISTRIB_DESCRIPTION="Ubuntu 16.04.1 LTS"

uname:Linux 4.4.0-104-generic #127-Ubuntu SMP Mon Dec 11 12:16:50 UTC 2017 i686
libc:glibc 2.23 NPTL 2.23 
rlimit: STACK 8192k, CORE 0k, NPROC 63057, NOFILE 1048576, AS infinity
load average:2.36 2.19 2.22

/proc/meminfo:
MemTotal:        8107456 kB
MemFree:          400052 kB
MemAvailable:          0 kB
Buffers:            2100 kB
Cached:           221544 kB
SwapCached:         3968 kB
Active:          5969312 kB
Inactive:        1522476 kB
Active(anon):    5953524 kB
Inactive(anon):  1506976 kB
Active(file):      15788 kB
Inactive(file):    15500 kB
Unevictable:           0 kB
Mlocked:               0 kB
HighTotal:       7292552 kB
HighFree:         101648 kB
LowTotal:         814904 kB
LowFree:          298404 kB
SwapTotal:       4007932 kB
SwapFree:              0 kB
Dirty:               804 kB
Writeback:             0 kB
AnonPages:       7264580 kB
Mapped:            30912 kB
Shmem:            192108 kB
Slab:              98896 kB
SReclaimable:      51404 kB
SUnreclaim:        47492 kB
KernelStack:       19832 kB
PageTables:        46360 kB
NFS_Unstable:          0 kB
Bounce:              296 kB
WritebackTmp:          0 kB
CommitLimit:     8061660 kB
Committed_AS:   25358972 kB
VmallocTotal:     122880 kB
VmallocUsed:           0 kB
VmallocChunk:          0 kB
AnonHugePages:   3893248 kB
CmaTotal:              0 kB
CmaFree:               0 kB
HugePages_Total:       0
HugePages_Free:        0
HugePages_Rsvd:        0
HugePages_Surp:        0
Hugepagesize:       2048 kB
DirectMap4k:       34808 kB
DirectMap2M:      876544 kB


CPU:total 4 (initial active 4) (2 cores per cpu, 2 threads per core) family 6 model 58 stepping 9, cmov, cx8, fxsr, mmx, sse, sse2, sse3, ssse3, sse4.1, sse4.2, popcnt, avx, aes, clmul, erms, ht, tsc, tscinvbit, tscinv

/proc/cpuinfo:
processor	: 0
vendor_id	: GenuineIntel
cpu family	: 6
model		: 58
model name	: Intel(R) Core(TM) i5-3427U CPU @ 1.80GHz
stepping	: 9
microcode	: 0x17
cpu MHz		: 2599.988
cache size	: 3072 KB
physical id	: 0
siblings	: 4
core id		: 0
cpu cores	: 2
apicid		: 0
initial apicid	: 0
fdiv_bug	: no
f00f_bug	: no
coma_bug	: no
fpu		: yes
fpu_exception	: yes
cpuid level	: 13
wp		: yes
flags		: fpu vme de pse tsc msr pae mce cx8 apic sep mtrr pge mca cmov pat pse36 clflush dts acpi mmx fxsr sse sse2 ss ht tm pbe nx rdtscp lm constant_tsc arch_perfmon pebs bts xtopology nonstop_tsc aperfmperf eagerfpu pni pclmulqdq dtes64 monitor ds_cpl vmx smx est tm2 ssse3 cx16 xtpr pdcm pcid sse4_1 sse4_2 x2apic popcnt tsc_deadline_timer aes xsave avx f16c rdrand lahf_lm epb tpr_shadow vnmi flexpriority ept vpid fsgsbase smep erms xsaveopt dtherm ida arat pln pts
bugs		:
bogomips	: 4589.86
clflush size	: 64
cache_alignment	: 64
address sizes	: 36 bits physical, 48 bits virtual
power management:

processor	: 1
vendor_id	: GenuineIntel
cpu family	: 6
model		: 58
model name	: Intel(R) Core(TM) i5-3427U CPU @ 1.80GHz
stepping	: 9
microcode	: 0x17
cpu MHz		: 2599.988
cache size	: 3072 KB
physical id	: 0
siblings	: 4
core id		: 1
cpu cores	: 2
apicid		: 2
initial apicid	: 2
fdiv_bug	: no
f00f_bug	: no
coma_bug	: no
fpu		: yes
fpu_exception	: yes
cpuid level	: 13
wp		: yes
flags		: fpu vme de pse tsc msr pae mce cx8 apic sep mtrr pge mca cmov pat pse36 clflush dts acpi mmx fxsr sse sse2 ss ht tm pbe nx rdtscp lm constant_tsc arch_perfmon pebs bts xtopology nonstop_tsc aperfmperf eagerfpu pni pclmulqdq dtes64 monitor ds_cpl vmx smx est tm2 ssse3 cx16 xtpr pdcm pcid sse4_1 sse4_2 x2apic popcnt tsc_deadline_timer aes xsave avx f16c rdrand lahf_lm epb tpr_shadow vnmi flexpriority ept vpid fsgsbase smep erms xsaveopt dtherm ida arat pln pts
bugs		:
bogomips	: 4589.86
clflush size	: 64
cache_alignment	: 64
address sizes	: 36 bits physical, 48 bits virtual
power management:

processor	: 2
vendor_id	: GenuineIntel
cpu family	: 6
model		: 58
model name	: Intel(R) Core(TM) i5-3427U CPU @ 1.80GHz
stepping	: 9
microcode	: 0x17
cpu MHz		: 2599.988
cache size	: 3072 KB
physical id	: 0
siblings	: 4
core id		: 0
cpu cores	: 2
apicid		: 1
initial apicid	: 1
fdiv_bug	: no
f00f_bug	: no
coma_bug	: no
fpu		: yes
fpu_exception	: yes
cpuid level	: 13
wp		: yes
flags		: fpu vme de pse tsc msr pae mce cx8 apic sep mtrr pge mca cmov pat pse36 clflush dts acpi mmx fxsr sse sse2 ss ht tm pbe nx rdtscp lm constant_tsc arch_perfmon pebs bts xtopology nonstop_tsc aperfmperf eagerfpu pni pclmulqdq dtes64 monitor ds_cpl vmx smx est tm2 ssse3 cx16 xtpr pdcm pcid sse4_1 sse4_2 x2apic popcnt tsc_deadline_timer aes xsave avx f16c rdrand lahf_lm epb tpr_shadow vnmi flexpriority ept vpid fsgsbase smep erms xsaveopt dtherm ida arat pln pts
bugs		:
bogomips	: 4589.86
clflush size	: 64
cache_alignment	: 64
address sizes	: 36 bits physical, 48 bits virtual
power management:

processor	: 3
vendor_id	: GenuineIntel
cpu family	: 6
model		: 58
model name	: Intel(R) Core(TM) i5-3427U CPU @ 1.80GHz
stepping	: 9
microcode	: 0x17
cpu MHz		: 2599.988
cache size	: 3072 KB
physical id	: 0
siblings	: 4
core id		: 1
cpu cores	: 2
apicid		: 3
initial apicid	: 3
fdiv_bug	: no
f00f_bug	: no
coma_bug	: no
fpu		: yes
fpu_exception	: yes
cpuid level	: 13
wp		: yes
flags		: fpu vme de pse tsc msr pae mce cx8 apic sep mtrr pge mca cmov pat pse36 clflush dts acpi mmx fxsr sse sse2 ss ht tm pbe nx rdtscp lm constant_tsc arch_perfmon pebs bts xtopology nonstop_tsc aperfmperf eagerfpu pni pclmulqdq dtes64 monitor ds_cpl vmx smx est tm2 ssse3 cx16 xtpr pdcm pcid sse4_1 sse4_2 x2apic popcnt tsc_deadline_timer aes xsave avx f16c rdrand lahf_lm epb tpr_shadow vnmi flexpriority ept vpid fsgsbase smep erms xsaveopt dtherm ida arat pln pts
bugs		:
bogomips	: 4589.86
clflush size	: 64
cache_alignment	: 64
address sizes	: 36 bits physical, 48 bits virtual
power management:



Memory: 4k page, physical 8107456k(400152k free), swap 4007932k(0k free)

vm_info: OpenJDK Server VM (25.151-b12) for linux-x86 JRE (1.8.0_151-8u151-b12-0ubuntu0.16.04.2-b12), built on Oct 27 2017 22:05:04 by "buildd" with gcc 5.4.0 20160609

time: Tue Mar 20 00:14:02 2018
elapsed time: 1 seconds (0d 0h 0m 1s)

