#
# There is insufficient memory for the Java Runtime Environment to continue.
# Native memory allocation (mmap) failed to map 32768 bytes for committing reserved memory.
# Possible reasons:
#   The system is out of physical RAM or swap space
#   In 32 bit mode, the process size limit was hit
# Possible solutions:
#   Reduce memory load on the system
#   Increase physical memory or swap space
#   Check if swap backing store is full
#   Use 64 bit Java on a 64 bit OS
#   Decrease Java heap size (-Xmx/-Xms)
#   Decrease number of Java threads
#   Decrease Java thread stack sizes (-Xss)
#   Set larger code cache with -XX:ReservedCodeCacheSize=
# This output file may be truncated or incomplete.
#
#  Out of Memory Error (os_linux.cpp:2643), pid=10972, tid=0x632aeb40
#
# JRE version: OpenJDK Runtime Environment (8.0_151-b12) (build 1.8.0_151-8u151-b12-0ubuntu0.16.04.2-b12)
# Java VM: OpenJDK Server VM (25.151-b12 mixed mode linux-x86 )
# Failed to write core dump. Core dumps have been disabled. To enable core dumping, try "ulimit -c unlimited" before starting Java again
#

---------------  T H R E A D  ---------------

Current thread (0x637a3c00):  JavaThread "C2 CompilerThread0" daemon [_thread_in_vm, id=11187, stack(0x6322e000,0x632af000)]

Stack: [0x6322e000,0x632af000],  sp=0x632ac880,  free space=506k
Native frames: (J=compiled Java code, j=interpreted, Vv=VM code, C=native code)
V  [libjvm.so+0x8d6834]
V  [libjvm.so+0x3a7c76]
V  [libjvm.so+0x7420c0]
V  [libjvm.so+0x73c013]
V  [libjvm.so+0x8d3264]
V  [libjvm.so+0x4ba943]
V  [libjvm.so+0x335e73]
V  [libjvm.so+0x3303aa]
V  [libjvm.so+0x351f79]
V  [libjvm.so+0x753cdb]
V  [libjvm.so+0x75abbf]
V  [libjvm.so+0x352a09]
V  [libjvm.so+0x355bdb]
V  [libjvm.so+0x2ad730]
V  [libjvm.so+0x360d41]
V  [libjvm.so+0x3624fa]
V  [libjvm.so+0x878977]
V  [libjvm.so+0x88198b]
V  [libjvm.so+0x881e5e]
V  [libjvm.so+0x73f2b5]
C  [libpthread.so.0+0x6295]  start_thread+0xe5
C  [libc.so.6+0xe70ae]  clone+0x6e


Current CompileTask:
C2:   7064 1193       4       java.util.ArrayList::get (11 bytes)


---------------  P R O C E S S  ---------------

Java Threads: ( => current thread )
  0x637aa000 JavaThread "Service Thread" daemon [_thread_blocked, id=11194, stack(0x630db000,0x6312c000)]
  0x637a7000 JavaThread "C1 CompilerThread2" daemon [_thread_in_vm, id=11190, stack(0x6312c000,0x631ad000)]
  0x637a5c00 JavaThread "C2 CompilerThread1" daemon [_thread_in_native, id=11188, stack(0x631ad000,0x6322e000)]
=>0x637a3c00 JavaThread "C2 CompilerThread0" daemon [_thread_in_vm, id=11187, stack(0x6322e000,0x632af000)]
  0x637a2400 JavaThread "Signal Dispatcher" daemon [_thread_blocked, id=11183, stack(0x632af000,0x63300000)]
  0x63788400 JavaThread "Finalizer" daemon [_thread_blocked, id=11165, stack(0x63813000,0x63864000)]
  0x63785800 JavaThread "Reference Handler" daemon [_thread_blocked, id=11162, stack(0x6642e000,0x6647f000)]
  0xb6207800 JavaThread "main" [_thread_blocked, id=11110, stack(0xb6365000,0xb63b6000)]

Other Threads:
  0x63781000 VMThread [stack: 0x63864000,0x638e5000] [id=11152]
  0x637ac000 WatcherThread [stack: 0x6305a000,0x630db000] [id=11196]

VM state:not at safepoint (normal execution)

VM Mutex/Monitor currently owned by a thread:  ([mutex/lock_event])
[0xb62044a8] CodeCache_lock - owner thread: 0x637a3c00
[0xb62056f0] Compile_lock - owner thread: 0x637a7000
[0xb62057c0] MethodCompileQueue_lock - owner thread: 0x637a7000

Heap:
 PSYoungGen      total 35840K, used 5945K [0x918c0000, 0x93e40000, 0xa6e00000)
  eden space 33280K, 10% used [0x918c0000,0x91c11bc8,0x93940000)
  from space 2560K, 99% used [0x93bc0000,0x93e3c870,0x93e40000)
  to   space 2560K, 0% used [0x93940000,0x93940000,0x93bc0000)
 ParOldGen       total 43776K, used 4432K [0x66e00000, 0x698c0000, 0x918c0000)
  object space 43776K, 10% used [0x66e00000,0x67254308,0x698c0000)
 Metaspace       used 8224K, capacity 8286K, committed 8344K, reserved 8496K

Card table byte_map: [0x66bff000,0x66e00000] byte_map_base: 0x668c8000

Marking Bits: (ParMarkBitMap*) 0xb70db880
 Begin Bits: [0x64300000, 0x65300000)
 End Bits:   [0x65300000, 0x66300000)

Polling page: 0xb76e8000

CodeCache: size=245760Kb used=3189Kb max_used=3189Kb free=242570Kb
 bounds [0xa71d2000, 0xa74f2000, 0xb61d2000]
 total_blobs=1350 nmethods=1181 adapters=82
 compilation: enabled

Compilation events (10 events):
Event: 7.037 Thread 0x637a7000 1185       3       java.util.LinkedList$ListItr::hasNext (20 bytes)
Event: 7.037 Thread 0x637a7000 nmethod 1185 0xa74f06c8 code [0xa74f07e0, 0xa74f0900]
Event: 7.038 Thread 0x637a7000 1186       3       com.google.inject.internal.cglib.core.$CodeEmitter::emit_invoke (60 bytes)
Event: 7.038 Thread 0x637a7000 nmethod 1186 0xa74f0988 code [0xa74f0b00, 0xa74f0f44]
Event: 7.038 Thread 0x637a7000 1187       3       com.google.inject.internal.asm.$MethodWriter::visitMethodInsn (220 bytes)
Event: 7.039 Thread 0x637a7000 nmethod 1187 0xa74f1148 code [0xa74f12e0, 0xa74f17d4]
Event: 7.045 Thread 0x637a3c00 1193       4       java.util.ArrayList::get (11 bytes)
Event: 7.045 Thread 0x637a7000 1195       1       java.util.concurrent.atomic.AtomicReferenceArray::length (6 bytes)
Event: 7.045 Thread 0x637a7000 nmethod 1195 0xa74f1b48 code [0xa74f1c40, 0xa74f1ce0]
Event: 7.045 Thread 0x637a7000 1189       3       com.google.inject.internal.asm.$MethodWriter::b (260 bytes)

GC Heap History (8 events):
Event: 4.378 GC heap before
{Heap before GC invocations=1 (full 0):
 PSYoungGen      total 19200K, used 16640K [0x918c0000, 0x92e00000, 0xa6e00000)
  eden space 16640K, 100% used [0x918c0000,0x92900000,0x92900000)
  from space 2560K, 0% used [0x92b80000,0x92b80000,0x92e00000)
  to   space 2560K, 0% used [0x92900000,0x92900000,0x92b80000)
 ParOldGen       total 43776K, used 0K [0x66e00000, 0x698c0000, 0x918c0000)
  object space 43776K, 0% used [0x66e00000,0x66e00000,0x698c0000)
 Metaspace       used 4682K, capacity 4714K, committed 4760K, reserved 5424K
Event: 4.410 GC heap after
Heap after GC invocations=1 (full 0):
 PSYoungGen      total 19200K, used 2547K [0x918c0000, 0x92e00000, 0xa6e00000)
  eden space 16640K, 0% used [0x918c0000,0x918c0000,0x92900000)
  from space 2560K, 99% used [0x92900000,0x92b7ccb0,0x92b80000)
  to   space 2560K, 0% used [0x92b80000,0x92b80000,0x92e00000)
 ParOldGen       total 43776K, used 815K [0x66e00000, 0x698c0000, 0x918c0000)
  object space 43776K, 1% used [0x66e00000,0x66ecbdc8,0x698c0000)
 Metaspace       used 4682K, capacity 4714K, committed 4760K, reserved 5424K
}
Event: 5.080 GC heap before
{Heap before GC invocations=2 (full 0):
 PSYoungGen      total 19200K, used 19187K [0x918c0000, 0x92e00000, 0xa6e00000)
  eden space 16640K, 100% used [0x918c0000,0x92900000,0x92900000)
  from space 2560K, 99% used [0x92900000,0x92b7ccb0,0x92b80000)
  to   space 2560K, 0% used [0x92b80000,0x92b80000,0x92e00000)
 ParOldGen       total 43776K, used 815K [0x66e00000, 0x698c0000, 0x918c0000)
  object space 43776K, 1% used [0x66e00000,0x66ecbdc8,0x698c0000)
 Metaspace       used 5292K, capacity 5354K, committed 5400K, reserved 5424K
Event: 5.098 GC heap after
Heap after GC invocations=2 (full 0):
 PSYoungGen      total 19200K, used 2559K [0x918c0000, 0x93e40000, 0xa6e00000)
  eden space 16640K, 0% used [0x918c0000,0x918c0000,0x92900000)
  from space 2560K, 99% used [0x92b80000,0x92dffd50,0x92e00000)
  to   space 2560K, 0% used [0x92900000,0x92900000,0x92b80000)
 ParOldGen       total 43776K, used 885K [0x66e00000, 0x698c0000, 0x918c0000)
  object space 43776K, 2% used [0x66e00000,0x66edd700,0x698c0000)
 Metaspace       used 5292K, capacity 5354K, committed 5400K, reserved 5424K
}
Event: 5.915 GC heap before
{Heap before GC invocations=3 (full 0):
 PSYoungGen      total 19200K, used 19199K [0x918c0000, 0x93e40000, 0xa6e00000)
  eden space 16640K, 100% used [0x918c0000,0x92900000,0x92900000)
  from space 2560K, 99% used [0x92b80000,0x92dffd50,0x92e00000)
  to   space 2560K, 0% used [0x92900000,0x92900000,0x92b80000)
 ParOldGen       total 43776K, used 885K [0x66e00000, 0x698c0000, 0x918c0000)
  object space 43776K, 2% used [0x66e00000,0x66edd700,0x698c0000)
 Metaspace       used 6646K, capacity 6711K, committed 6808K, reserved 7472K
Event: 5.929 GC heap after
Heap after GC invocations=3 (full 0):
 PSYoungGen      total 19200K, used 2547K [0x918c0000, 0x93e40000, 0xa6e00000)
  eden space 16640K, 0% used [0x918c0000,0x918c0000,0x92900000)
  from space 2560K, 99% used [0x92900000,0x92b7ce70,0x92b80000)
  to   space 2560K, 0% used [0x93bc0000,0x93bc0000,0x93e40000)
 ParOldGen       total 43776K, used 2352K [0x66e00000, 0x698c0000, 0x918c0000)
  object space 43776K, 5% used [0x66e00000,0x6704c3e8,0x698c0000)
 Metaspace       used 6646K, capacity 6711K, committed 6808K, reserved 7472K
}
Event: 6.728 GC heap before
{Heap before GC invocations=4 (full 0):
 PSYoungGen      total 19200K, used 19187K [0x918c0000, 0x93e40000, 0xa6e00000)
  eden space 16640K, 100% used [0x918c0000,0x92900000,0x92900000)
  from space 2560K, 99% used [0x92900000,0x92b7ce70,0x92b80000)
  to   space 2560K, 0% used [0x93bc0000,0x93bc0000,0x93e40000)
 ParOldGen       total 43776K, used 2352K [0x66e00000, 0x698c0000, 0x918c0000)
  object space 43776K, 5% used [0x66e00000,0x6704c3e8,0x698c0000)
 Metaspace       used 8080K, capacity 8156K, committed 8216K, reserved 8496K
Event: 6.783 GC heap after
Heap after GC invocations=4 (full 0):
 PSYoungGen      total 35840K, used 2546K [0x918c0000, 0x93e40000, 0xa6e00000)
  eden space 33280K, 0% used [0x918c0000,0x918c0000,0x93940000)
  from space 2560K, 99% used [0x93bc0000,0x93e3c870,0x93e40000)
  to   space 2560K, 0% used [0x93940000,0x93940000,0x93bc0000)
 ParOldGen       total 43776K, used 4432K [0x66e00000, 0x698c0000, 0x918c0000)
  object space 43776K, 10% used [0x66e00000,0x67254308,0x698c0000)
 Metaspace       used 8080K, capacity 8156K, committed 8216K, reserved 8496K
}

Deoptimization events (4 events):
Event: 2.422 Thread 0xb6207800 Uncommon trap: reason=unstable_if action=reinterpret pc=0xa72d6c44 method=org.codehaus.plexus.util.xml.pull.MXParser.more()C @ 8
Event: 4.481 Thread 0xb6207800 Uncommon trap: reason=unstable_if action=reinterpret pc=0xa7360688 method=java.util.HashMap.getNode(ILjava/lang/Object;)Ljava/util/HashMap$Node; @ 129
Event: 4.491 Thread 0xb6207800 Uncommon trap: reason=range_check action=make_not_entrant pc=0xa735da44 method=sun.reflect.generics.parser.SignatureParser.current()C @ 34
Event: 4.858 Thread 0xb6207800 Uncommon trap: reason=unstable_if action=reinterpret pc=0xa73a4c40 method=sun.nio.cs.StreamDecoder.read([CII)I @ 136

Internal exceptions (10 events):
Event: 4.487 Thread 0xb6207800 Exception <a 'java/lang/ArrayIndexOutOfBoundsException'> (0x919f4950) thrown at [/build/openjdk-8-Y4imzb/openjdk-8-8u151-b12/src/hotspot/src/share/vm/runtime/sharedRuntime.cpp, line 605]
Event: 4.487 Thread 0xb6207800 Exception <a 'java/lang/ArrayIndexOutOfBoundsException'> (0x919f5d08) thrown at [/build/openjdk-8-Y4imzb/openjdk-8-8u151-b12/src/hotspot/src/share/vm/runtime/sharedRuntime.cpp, line 605]
Event: 4.488 Thread 0xb6207800 Exception <a 'java/lang/ArrayIndexOutOfBoundsException'> (0x919f68e0) thrown at [/build/openjdk-8-Y4imzb/openjdk-8-8u151-b12/src/hotspot/src/share/vm/runtime/sharedRuntime.cpp, line 605]
Event: 4.488 Thread 0xb6207800 Exception <a 'java/lang/ArrayIndexOutOfBoundsException'> (0x919f7e08) thrown at [/build/openjdk-8-Y4imzb/openjdk-8-8u151-b12/src/hotspot/src/share/vm/runtime/sharedRuntime.cpp, line 605]
Event: 4.489 Thread 0xb6207800 Exception <a 'java/lang/ArrayIndexOutOfBoundsException'> (0x919f9da0) thrown at [/build/openjdk-8-Y4imzb/openjdk-8-8u151-b12/src/hotspot/src/share/vm/runtime/sharedRuntime.cpp, line 605]
Event: 4.489 Thread 0xb6207800 Exception <a 'java/lang/ArrayIndexOutOfBoundsException'> (0x919fb100) thrown at [/build/openjdk-8-Y4imzb/openjdk-8-8u151-b12/src/hotspot/src/share/vm/runtime/sharedRuntime.cpp, line 605]
Event: 4.489 Thread 0xb6207800 Exception <a 'java/lang/ArrayIndexOutOfBoundsException'> (0x919fc5b8) thrown at [/build/openjdk-8-Y4imzb/openjdk-8-8u151-b12/src/hotspot/src/share/vm/runtime/sharedRuntime.cpp, line 605]
Event: 4.489 Thread 0xb6207800 Exception <a 'java/lang/ArrayIndexOutOfBoundsException'> (0x919fdf50) thrown at [/build/openjdk-8-Y4imzb/openjdk-8-8u151-b12/src/hotspot/src/share/vm/runtime/sharedRuntime.cpp, line 605]
Event: 4.489 Thread 0xb6207800 Exception <a 'java/lang/ArrayIndexOutOfBoundsException'> (0x919ff250) thrown at [/build/openjdk-8-Y4imzb/openjdk-8-8u151-b12/src/hotspot/src/share/vm/runtime/sharedRuntime.cpp, line 605]
Event: 4.491 Thread 0xb6207800 Exception <a 'java/lang/ArrayIndexOutOfBoundsException': 79> (0x91a00828) thrown at [/build/openjdk-8-Y4imzb/openjdk-8-8u151-b12/src/hotspot/src/share/vm/interpreter/interpreterRuntime.cpp, line 366]

Events (10 events):
Event: 6.977 loading class com/google/inject/internal/cglib/core/$EmitUtils$15
Event: 6.977 loading class com/google/inject/internal/cglib/core/$EmitUtils$15 done
Event: 6.978 loading class com/google/inject/internal/cglib/core/$EmitUtils$16
Event: 6.978 loading class com/google/inject/internal/cglib/core/$EmitUtils$16 done
Event: 7.026 loading class org/eclipse/sisu/plexus/PlexusConfigurations$ConfigurationProvider
Event: 7.026 loading class org/eclipse/sisu/plexus/PlexusConfigurations$ConfigurationProvider done
Event: 7.042 loading class org/eclipse/sisu/bean/BeanPropertySetter
Event: 7.042 loading class org/eclipse/sisu/bean/BeanPropertySetter done
Event: 7.043 loading class org/eclipse/sisu/plexus/PlexusRequirements$RequirementListProvider
Event: 7.043 loading class org/eclipse/sisu/plexus/PlexusRequirements$RequirementListProvider done


Dynamic libraries:
08048000-08049000 r-xp 00000000 08:01 1693306    /usr/lib/jvm/java-8-openjdk-i386/jre/bin/java
08049000-0804a000 r--p 00000000 08:01 1693306    /usr/lib/jvm/java-8-openjdk-i386/jre/bin/java
0804a000-0804b000 rw-p 00001000 08:01 1693306    /usr/lib/jvm/java-8-openjdk-i386/jre/bin/java
0820b000-0822c000 rw-p 00000000 00:00 0          [heap]
61f00000-61f29000 rw-p 00000000 00:00 0 
61f29000-62000000 ---p 00000000 00:00 0 
62100000-6217a000 rw-p 00000000 00:00 0 
6217a000-62200000 ---p 00000000 00:00 0 
62200000-622fb000 rw-p 00000000 00:00 0 
622fb000-62300000 ---p 00000000 00:00 0 
62300000-623e0000 rw-p 00000000 00:00 0 
623e0000-62400000 ---p 00000000 00:00 0 
62400000-62500000 rw-p 00000000 00:00 0 
62500000-62600000 rw-p 00000000 00:00 0 
62600000-62639000 rw-p 00000000 00:00 0 
62639000-62700000 ---p 00000000 00:00 0 
62700000-627fb000 rw-p 00000000 00:00 0 
627fb000-62800000 ---p 00000000 00:00 0 
62800000-628fa000 rw-p 00000000 00:00 0 
628fa000-62900000 ---p 00000000 00:00 0 
62900000-629c9000 rw-p 00000000 00:00 0 
629c9000-62a00000 ---p 00000000 00:00 0 
62a00000-62b00000 rw-p 00000000 00:00 0 
62b00000-62bff000 rw-p 00000000 00:00 0 
62bff000-62c00000 ---p 00000000 00:00 0 
62c00000-62ceb000 rw-p 00000000 00:00 0 
62ceb000-62d00000 ---p 00000000 00:00 0 
62d00000-62e00000 rw-p 00000000 00:00 0 
62ed4000-62f00000 r--s 00208000 08:01 1148516    /usr/share/java/guava.jar
62f00000-62ffb000 rw-p 00000000 00:00 0 
62ffb000-63000000 ---p 00000000 00:00 0 
6300d000-6301a000 r--s 0008d000 08:01 1149531    /usr/share/java/maven3-core-3.3.9.jar
6301a000-6301b000 r--s 00001000 08:01 1149511    /usr/share/java/wagon-file-2.x.jar
6301b000-6301e000 r--s 00007000 08:01 1149537    /usr/share/java/maven3-settings-builder-3.3.9.jar
6301e000-63025000 r--s 0002c000 08:01 1149509    /usr/share/java/sisu-plexus.jar
63025000-63029000 r--s 00027000 08:01 1145546    /usr/share/java/commons-io-2.4.jar
63029000-6305a000 r--s 00207000 08:01 1149515    /usr/share/java/wagon-http-shaded-2.x.jar
6305a000-6305b000 ---p 00000000 00:00 0 
6305b000-630db000 rw-p 00000000 00:00 0 
630db000-630de000 ---p 00000000 00:00 0 
630de000-6312c000 rw-p 00000000 00:00 0 
6312c000-6312f000 ---p 00000000 00:00 0 
6312f000-631ad000 rw-p 00000000 00:00 0 
631ad000-631b0000 ---p 00000000 00:00 0 
631b0000-6322e000 rw-p 00000000 00:00 0 
6322e000-63231000 ---p 00000000 00:00 0 
63231000-632af000 rw-p 00000000 00:00 0 
632af000-632b2000 ---p 00000000 00:00 0 
632b2000-63300000 rw-p 00000000 00:00 0 
63300000-63500000 r--p 00000000 08:01 1110568    /usr/lib/locale/locale-archive
63500000-635fb000 rw-p 00000000 00:00 0 
635fb000-63600000 ---p 00000000 00:00 0 
63600000-63621000 rw-p 00000000 00:00 0 
63621000-63700000 ---p 00000000 00:00 0 
63700000-637fe000 rw-p 00000000 00:00 0 
637fe000-63800000 ---p 00000000 00:00 0 
63800000-63802000 r--s 0000d000 08:01 1149536    /usr/share/java/maven3-aether-provider-3.3.9.jar
63802000-6380a000 r--s 00054000 08:01 1149507    /usr/share/java/sisu-inject.jar
6380a000-63811000 r--s 0005d000 08:01 1149254    /usr/share/java/commons-lang3.jar
63811000-63813000 r--s 0000e000 08:01 1149271    /usr/share/java/plexus-interpolation.jar
63813000-63816000 ---p 00000000 00:00 0 
63816000-63864000 rw-p 00000000 00:00 0 
63864000-63865000 ---p 00000000 00:00 0 
63865000-638e5000 rw-p 00000000 00:00 0 
638e5000-63ab4000 r--s 03c21000 08:01 1693223    /usr/lib/jvm/java-8-openjdk-i386/jre/lib/rt.jar
63ab4000-63efa000 rw-p 00000000 00:00 0 
63efa000-63f00000 ---p 00000000 00:00 0 
63f00000-66300000 rw-p 00000000 00:00 0 
66300000-663f7000 rw-p 00000000 00:00 0 
663f7000-66400000 ---p 00000000 00:00 0 
66400000-66401000 r--s 00004000 08:01 1145398    /usr/share/java/atinject-jsr330-tck-1.0.jar
66401000-66403000 r--s 00006000 08:01 1149372    /usr/share/java/eclipse-aether-spi.jar
66403000-66404000 r--s 00008000 08:01 1149370    /usr/share/java/eclipse-aether-connector-basic.jar
66404000-66408000 r--s 00027000 08:01 1149367    /usr/share/java/eclipse-aether-impl.jar
66408000-6640a000 r--s 00005000 08:01 1149373    /usr/share/java/eclipse-aether-transport-wagon.jar
6640a000-6640c000 r--s 00001000 08:01 1149403    /usr/share/java/aopalliance-1.0.jar
6640c000-6640e000 r--s 00001000 08:01 1149538    /usr/share/java/maven3-builder-support-3.3.9.jar
6640e000-66413000 r--s 0001d000 08:01 1149374    /usr/share/java/eclipse-aether-api.jar
66413000-66415000 r--s 00002000 08:01 1149449    /usr/share/java/plexus-cipher.jar
66415000-66416000 r--s 00002000 08:01 1149066    /usr/share/java/slf4j-simple.jar
66416000-66418000 r--s 00013000 08:01 1149534    /usr/share/java/maven3-embedder-3.3.9.jar
66418000-6641a000 r--s 00027000 08:01 1149535    /usr/share/java/maven3-model-3.3.9.jar
6641a000-6641c000 r--s 0000a000 08:01 1147016    /usr/share/java/commons-cli-1.3.1.jar
6641c000-6641e000 r--s 0000a000 08:01 1149512    /usr/share/java/wagon-provider-api-2.x.jar
6641e000-66421000 r--s 0000a000 08:01 1149539    /usr/share/java/maven3-artifact-3.3.9.jar
66421000-66425000 r--s 00020000 08:01 1149392    /usr/share/java/eclipse-aether-util.jar
66425000-66426000 r--s 00006000 08:01 1149532    /usr/share/java/maven3-repository-metadata-3.3.9.jar
66426000-66428000 r--s 00007000 08:01 1149069    /usr/share/java/slf4j-api.jar
66428000-66429000 r--s 0000a000 08:01 1149528    /usr/share/java/maven3-settings-3.3.9.jar
66429000-6642a000 r--s 00001000 08:01 1149518    /usr/share/java/wagon-http-shared-2.x.jar
6642a000-6642e000 r--s 00038000 08:01 1149495    /usr/share/java/plexus-utils2.jar
6642e000-66431000 ---p 00000000 00:00 0 
66431000-6647f000 rw-p 00000000 00:00 0 
6647f000-66480000 ---p 00000000 00:00 0 
66480000-66500000 rw-p 00000000 00:00 0 
66500000-665fb000 rw-p 00000000 00:00 0 
665fb000-66600000 ---p 00000000 00:00 0 
66600000-66601000 r--s 00006000 08:01 1149451    /usr/share/java/plexus-sec-dispatcher.jar
66601000-66607000 r--s 00048000 08:01 1149288    /usr/share/java/jsoup.jar
66607000-66609000 r--s 0000a000 08:01 1149529    /usr/share/java/maven3-plugin-api-3.3.9.jar
66609000-6660e000 r--s 00025000 08:01 1149533    /usr/share/java/maven3-model-builder-3.3.9.jar
6660e000-66613000 r--s 00040000 08:01 1145678    /usr/share/java/commons-lang-2.6.jar
66613000-66616000 r--s 00008000 08:01 1149246    /usr/share/java/cdi-api-1.0.jar
66616000-66631000 r--s 00394000 08:01 1693228    /usr/lib/jvm/java-8-openjdk-i386/jre/lib/ext/cldrdata.jar
66631000-6667f000 rw-p 00000000 00:00 0 
6667f000-66680000 ---p 00000000 00:00 0 
66680000-66700000 rw-p 00000000 00:00 0 
66700000-66721000 rw-p 00000000 00:00 0 
66721000-66800000 ---p 00000000 00:00 0 
66800000-66802000 r--s 00000000 08:01 1149499    /usr/share/java/plexus-component-annotations-1.5.jar
66802000-66809000 r--s 00041000 08:01 1149530    /usr/share/java/maven3-compat-3.3.9.jar
66809000-66824000 r--s 001d6000 08:01 1693230    /usr/lib/jvm/java-8-openjdk-i386/jre/lib/ext/nashorn.jar
66824000-6687f000 rw-p 00000000 00:00 0 
6687f000-66880000 ---p 00000000 00:00 0 
66880000-66900000 rw-p 00000000 00:00 0 
66900000-66921000 rw-p 00000000 00:00 0 
66921000-66a00000 ---p 00000000 00:00 0 
66a00000-66a02000 r--s 00012000 08:01 1144777    /usr/share/java/el-api-3.0.jar
66a02000-66a10000 r--s 00095000 08:01 1149408    /usr/share/java/guice.jar
66a10000-66a28000 rw-p 00000000 00:00 0 
66a28000-66a29000 ---p 00000000 00:00 0 
66a29000-66abf000 rw-p 00000000 00:00 0 
66abf000-66bff000 ---p 00000000 00:00 0 
66bff000-66c15000 rw-p 00000000 00:00 0 
66c15000-66d54000 ---p 00000000 00:00 0 
66d54000-66d68000 rw-p 00000000 00:00 0 
66d68000-66dff000 ---p 00000000 00:00 0 
66dff000-698c0000 rw-p 00000000 00:00 0 
698c0000-918c0000 ---p 00000000 00:00 0 
918c0000-93e40000 rw-p 00000000 00:00 0 
93e40000-a6e00000 ---p 00000000 00:00 0 
a6e00000-a6e01000 r--s 00000000 08:01 1149240    /usr/share/java/geronimo-interceptor-3.0-spec-1.0.1.jar
a6e01000-a6e02000 r--s 00000000 08:01 1145399    /usr/share/java/atinject-jsr330-api-1.0.jar
a6e02000-a6e08000 r--s 0003a000 08:01 1693231    /usr/lib/jvm/java-8-openjdk-i386/jre/lib/ext/sunjce_provider.jar
a6e08000-a6e12000 r--s 00116000 08:01 1693233    /usr/lib/jvm/java-8-openjdk-i386/jre/lib/ext/localedata.jar
a6e12000-a6e1f000 rw-p 00000000 00:00 0 
a6e1f000-a71d2000 ---p 00000000 00:00 0 
a71d2000-a74f2000 rwxp 00000000 00:00 0 
a74fa000-b61d2000 ---p 00000000 00:00 0 
b61d2000-b61dd000 r-xp 00000000 08:01 3402889    /lib/i386-linux-gnu/libnss_files-2.23.so
b61dd000-b61de000 r--p 0000a000 08:01 3402889    /lib/i386-linux-gnu/libnss_files-2.23.so
b61de000-b61df000 rw-p 0000b000 08:01 3402889    /lib/i386-linux-gnu/libnss_files-2.23.so
b61df000-b61e5000 rw-p 00000000 00:00 0 
b61e5000-b61fc000 r-xp 00000000 08:01 3402652    /lib/i386-linux-gnu/libnsl-2.23.so
b61fc000-b61fd000 r--p 00016000 08:01 3402652    /lib/i386-linux-gnu/libnsl-2.23.so
b61fd000-b61fe000 rw-p 00017000 08:01 3402652    /lib/i386-linux-gnu/libnsl-2.23.so
b61fe000-b6200000 rw-p 00000000 00:00 0 
b6200000-b62fb000 rw-p 00000000 00:00 0 
b62fb000-b6300000 ---p 00000000 00:00 0 
b6300000-b6302000 r--s 0000a000 08:01 1149493    /usr/share/java/plexus-classworlds2-2.5.2.jar
b6302000-b6304000 r--s 00008000 08:01 1693232    /usr/lib/jvm/java-8-openjdk-i386/jre/lib/ext/sunec.jar
b6304000-b630f000 r-xp 00000000 08:01 3402895    /lib/i386-linux-gnu/libnss_nis-2.23.so
b630f000-b6310000 r--p 0000a000 08:01 3402895    /lib/i386-linux-gnu/libnss_nis-2.23.so
b6310000-b6311000 rw-p 0000b000 08:01 3402895    /lib/i386-linux-gnu/libnss_nis-2.23.so
b6311000-b6319000 r-xp 00000000 08:01 3402720    /lib/i386-linux-gnu/libnss_compat-2.23.so
b6319000-b631a000 r--p 00007000 08:01 3402720    /lib/i386-linux-gnu/libnss_compat-2.23.so
b631a000-b631b000 rw-p 00008000 08:01 3402720    /lib/i386-linux-gnu/libnss_compat-2.23.so
b631b000-b631c000 r--s 00010000 08:01 1693229    /usr/lib/jvm/java-8-openjdk-i386/jre/lib/ext/zipfs.jar
b631c000-b631e000 r--s 00001000 08:01 1693236    /usr/lib/jvm/java-8-openjdk-i386/jre/lib/ext/dnsns.jar
b631e000-b6321000 r--s 0000f000 08:01 1693227    /usr/lib/jvm/java-8-openjdk-i386/jre/lib/ext/icedtea-sound.jar
b6321000-b6329000 r-xp 00000000 08:01 1693277    /usr/lib/jvm/java-8-openjdk-i386/jre/lib/i386/libzip.so
b6329000-b632a000 r--p 00007000 08:01 1693277    /usr/lib/jvm/java-8-openjdk-i386/jre/lib/i386/libzip.so
b632a000-b632b000 rw-p 00008000 08:01 1693277    /usr/lib/jvm/java-8-openjdk-i386/jre/lib/i386/libzip.so
b632b000-b6333000 rw-s 00000000 08:01 2577113    /tmp/hsperfdata_sarnobat/10972
b6333000-b635a000 r-xp 00000000 08:01 1693258    /usr/lib/jvm/java-8-openjdk-i386/jre/lib/i386/libjava.so
b635a000-b635b000 r--p 00026000 08:01 1693258    /usr/lib/jvm/java-8-openjdk-i386/jre/lib/i386/libjava.so
b635b000-b635c000 rw-p 00027000 08:01 1693258    /usr/lib/jvm/java-8-openjdk-i386/jre/lib/i386/libjava.so
b635c000-b6363000 r-xp 00000000 08:01 3402905    /lib/i386-linux-gnu/librt-2.23.so
b6363000-b6364000 r--p 00006000 08:01 3402905    /lib/i386-linux-gnu/librt-2.23.so
b6364000-b6365000 rw-p 00007000 08:01 3402905    /lib/i386-linux-gnu/librt-2.23.so
b6365000-b6368000 ---p 00000000 00:00 0 
b6368000-b63b6000 rw-p 00000000 00:00 0 
b63b6000-b63d2000 r-xp 00000000 08:01 3402590    /lib/i386-linux-gnu/libgcc_s.so.1
b63d2000-b63d3000 rw-p 0001b000 08:01 3402590    /lib/i386-linux-gnu/libgcc_s.so.1
b63d3000-b6426000 r-xp 00000000 08:01 3402651    /lib/i386-linux-gnu/libm-2.23.so
b6426000-b6427000 r--p 00052000 08:01 3402651    /lib/i386-linux-gnu/libm-2.23.so
b6427000-b6428000 rw-p 00053000 08:01 3402651    /lib/i386-linux-gnu/libm-2.23.so
b6428000-b6595000 r-xp 00000000 08:01 1104849    /usr/lib/i386-linux-gnu/libstdc++.so.6.0.21
b6595000-b6596000 ---p 0016d000 08:01 1104849    /usr/lib/i386-linux-gnu/libstdc++.so.6.0.21
b6596000-b659b000 r--p 0016d000 08:01 1104849    /usr/lib/i386-linux-gnu/libstdc++.so.6.0.21
b659b000-b659c000 rw-p 00172000 08:01 1104849    /usr/lib/i386-linux-gnu/libstdc++.so.6.0.21
b659c000-b659f000 rw-p 00000000 00:00 0 
b659f000-b7070000 r-xp 00000000 08:01 1693269    /usr/lib/jvm/java-8-openjdk-i386/jre/lib/i386/server/libjvm.so
b7070000-b70b6000 r--p 00ad0000 08:01 1693269    /usr/lib/jvm/java-8-openjdk-i386/jre/lib/i386/server/libjvm.so
b70b6000-b70cd000 rw-p 00b16000 08:01 1693269    /usr/lib/jvm/java-8-openjdk-i386/jre/lib/i386/server/libjvm.so
b70cd000-b74ed000 rw-p 00000000 00:00 0 
b74ed000-b7506000 r-xp 00000000 08:01 3402662    /lib/i386-linux-gnu/libpthread-2.23.so
b7506000-b7507000 r--p 00018000 08:01 3402662    /lib/i386-linux-gnu/libpthread-2.23.so
b7507000-b7508000 rw-p 00019000 08:01 3402662    /lib/i386-linux-gnu/libpthread-2.23.so
b7508000-b750a000 rw-p 00000000 00:00 0 
b750a000-b750d000 r-xp 00000000 08:01 3402697    /lib/i386-linux-gnu/libdl-2.23.so
b750d000-b750e000 r--p 00002000 08:01 3402697    /lib/i386-linux-gnu/libdl-2.23.so
b750e000-b750f000 rw-p 00003000 08:01 3402697    /lib/i386-linux-gnu/libdl-2.23.so
b750f000-b7510000 rw-p 00000000 00:00 0 
b7510000-b7529000 r-xp 00000000 08:01 3402741    /lib/i386-linux-gnu/libz.so.1.2.8
b7529000-b752a000 r--p 00018000 08:01 3402741    /lib/i386-linux-gnu/libz.so.1.2.8
b752a000-b752b000 rw-p 00019000 08:01 3402741    /lib/i386-linux-gnu/libz.so.1.2.8
b752b000-b76db000 r-xp 00000000 08:01 3402663    /lib/i386-linux-gnu/libc-2.23.so
b76db000-b76dd000 r--p 001af000 08:01 3402663    /lib/i386-linux-gnu/libc-2.23.so
b76dd000-b76de000 rw-p 001b1000 08:01 3402663    /lib/i386-linux-gnu/libc-2.23.so
b76de000-b76e1000 rw-p 00000000 00:00 0 
b76e1000-b76e2000 r--s 0000a000 08:01 1693235    /usr/lib/jvm/java-8-openjdk-i386/jre/lib/ext/jaccess.jar
b76e2000-b76e6000 r--s 00037000 08:01 1693234    /usr/lib/jvm/java-8-openjdk-i386/jre/lib/ext/sunpkcs11.jar
b76e6000-b76e7000 r--p 002d4000 08:01 1110568    /usr/lib/locale/locale-archive
b76e7000-b76e8000 rw-p 00000000 00:00 0 
b76e8000-b76e9000 r--p 00000000 00:00 0 
b76e9000-b76f7000 r-xp 00000000 08:01 1693275    /usr/lib/jvm/java-8-openjdk-i386/jre/lib/i386/libverify.so
b76f7000-b76f8000 r--p 0000d000 08:01 1693275    /usr/lib/jvm/java-8-openjdk-i386/jre/lib/i386/libverify.so
b76f8000-b76f9000 rw-p 0000e000 08:01 1693275    /usr/lib/jvm/java-8-openjdk-i386/jre/lib/i386/libverify.so
b76f9000-b7706000 r-xp 00000000 08:01 1693273    /usr/lib/jvm/java-8-openjdk-i386/jre/lib/i386/jli/libjli.so
b7706000-b7707000 r--p 0000c000 08:01 1693273    /usr/lib/jvm/java-8-openjdk-i386/jre/lib/i386/jli/libjli.so
b7707000-b7708000 rw-p 0000d000 08:01 1693273    /usr/lib/jvm/java-8-openjdk-i386/jre/lib/i386/jli/libjli.so
b7708000-b7709000 rw-p 00000000 00:00 0 
b7709000-b770b000 r--p 00000000 00:00 0          [vvar]
b770b000-b770c000 r-xp 00000000 00:00 0          [vdso]
b770c000-b772f000 r-xp 00000000 08:01 3402661    /lib/i386-linux-gnu/ld-2.23.so
b772f000-b7730000 r--p 00022000 08:01 3402661    /lib/i386-linux-gnu/ld-2.23.so
b7730000-b7731000 rw-p 00023000 08:01 3402661    /lib/i386-linux-gnu/ld-2.23.so
bfaf4000-bfb15000 rw-p 00000000 00:00 0          [stack]

VM Arguments:
jvm_args: -Dclassworlds.conf=/usr/share/maven/bin/m2.conf -Dmaven.home=/usr/share/maven -Dmaven.multiModuleProjectDirectory=/home/sarnobat/github/maven_project 
java_command: org.codehaus.plexus.classworlds.launcher.Launcher --quiet --settings /home/sarnobat/sarnobat.git/mac/.m2/settings.xml install exec:java -Dexec.mainClass=Md5RoList -Dexec.args=4485
java_class_path (initial): /usr/share/maven/boot/plexus-classworlds-2.x.jar
Launcher Type: SUN_STANDARD

Environment Variables:
JAVA_HOME=/usr/lib/jvm/java-8-openjdk-i386
PATH=/usr/bin:/bin
SHELL=/bin/sh

Signal Handlers:
SIGSEGV: [libjvm.so+0x8d7370], sa_mask[0]=11111111011111111101111111111110, sa_flags=SA_RESTART|SA_SIGINFO
SIGBUS: [libjvm.so+0x8d7370], sa_mask[0]=11111111011111111101111111111110, sa_flags=SA_RESTART|SA_SIGINFO
SIGFPE: [libjvm.so+0x73d1c0], sa_mask[0]=11111111011111111101111111111110, sa_flags=SA_RESTART|SA_SIGINFO
SIGPIPE: [libjvm.so+0x73d1c0], sa_mask[0]=11111111011111111101111111111110, sa_flags=SA_RESTART|SA_SIGINFO
SIGXFSZ: [libjvm.so+0x73d1c0], sa_mask[0]=11111111011111111101111111111110, sa_flags=SA_RESTART|SA_SIGINFO
SIGILL: [libjvm.so+0x73d1c0], sa_mask[0]=11111111011111111101111111111110, sa_flags=SA_RESTART|SA_SIGINFO
SIGUSR1: SIG_DFL, sa_mask[0]=00000000000000000000000000000000, sa_flags=none
SIGUSR2: [libjvm.so+0x73d000], sa_mask[0]=00000000000000000000000000000000, sa_flags=SA_RESTART|SA_SIGINFO
SIGHUP: [libjvm.so+0x73d790], sa_mask[0]=11111111011111111101111111111110, sa_flags=SA_RESTART|SA_SIGINFO
SIGINT: [libjvm.so+0x73d790], sa_mask[0]=11111111011111111101111111111110, sa_flags=SA_RESTART|SA_SIGINFO
SIGTERM: [libjvm.so+0x73d790], sa_mask[0]=11111111011111111101111111111110, sa_flags=SA_RESTART|SA_SIGINFO
SIGQUIT: [libjvm.so+0x73d790], sa_mask[0]=11111111011111111101111111111110, sa_flags=SA_RESTART|SA_SIGINFO


---------------  S Y S T E M  ---------------

OS:DISTRIB_ID=Ubuntu
DISTRIB_RELEASE=16.04
DISTRIB_CODENAME=xenial
DISTRIB_DESCRIPTION="Ubuntu 16.04.1 LTS"

uname:Linux 4.4.0-104-generic #127-Ubuntu SMP Mon Dec 11 12:16:50 UTC 2017 i686
libc:glibc 2.23 NPTL 2.23 
rlimit: STACK 8192k, CORE 0k, NPROC 63057, NOFILE 1048576, AS infinity
load average:2.44 2.32 2.32

/proc/meminfo:
MemTotal:        8107456 kB
MemFree:          389876 kB
MemAvailable:          0 kB
Buffers:            7936 kB
Cached:           213268 kB
SwapCached:         4368 kB
Active:          6019120 kB
Inactive:        1487988 kB
Active(anon):    6001484 kB
Inactive(anon):  1463992 kB
Active(file):      17636 kB
Inactive(file):    23996 kB
Unevictable:           0 kB
Mlocked:               0 kB
HighTotal:       7292552 kB
HighFree:          90880 kB
LowTotal:         814904 kB
LowFree:          298996 kB
SwapTotal:       4007932 kB
SwapFree:              0 kB
Dirty:               904 kB
Writeback:             0 kB
AnonPages:       7282404 kB
Mapped:            34808 kB
Shmem:            178800 kB
Slab:              98488 kB
SReclaimable:      51392 kB
SUnreclaim:        47096 kB
KernelStack:       16776 kB
PageTables:        46556 kB
NFS_Unstable:          0 kB
Bounce:                4 kB
WritebackTmp:          0 kB
CommitLimit:     8061660 kB
Committed_AS:   25675732 kB
VmallocTotal:     122880 kB
VmallocUsed:           0 kB
VmallocChunk:          0 kB
AnonHugePages:   4296704 kB
CmaTotal:              0 kB
CmaFree:               0 kB
HugePages_Total:       0
HugePages_Free:        0
HugePages_Rsvd:        0
HugePages_Surp:        0
Hugepagesize:       2048 kB
DirectMap4k:       34808 kB
DirectMap2M:      876544 kB


CPU:total 4 (initial active 4) (2 cores per cpu, 2 threads per core) family 6 model 58 stepping 9, cmov, cx8, fxsr, mmx, sse, sse2, sse3, ssse3, sse4.1, sse4.2, popcnt, avx, aes, clmul, erms, ht, tsc, tscinvbit, tscinv

/proc/cpuinfo:
processor	: 0
vendor_id	: GenuineIntel
cpu family	: 6
model		: 58
model name	: Intel(R) Core(TM) i5-3427U CPU @ 1.80GHz
stepping	: 9
microcode	: 0x17
cpu MHz		: 2599.988
cache size	: 3072 KB
physical id	: 0
siblings	: 4
core id		: 0
cpu cores	: 2
apicid		: 0
initial apicid	: 0
fdiv_bug	: no
f00f_bug	: no
coma_bug	: no
fpu		: yes
fpu_exception	: yes
cpuid level	: 13
wp		: yes
flags		: fpu vme de pse tsc msr pae mce cx8 apic sep mtrr pge mca cmov pat pse36 clflush dts acpi mmx fxsr sse sse2 ss ht tm pbe nx rdtscp lm constant_tsc arch_perfmon pebs bts xtopology nonstop_tsc aperfmperf eagerfpu pni pclmulqdq dtes64 monitor ds_cpl vmx smx est tm2 ssse3 cx16 xtpr pdcm pcid sse4_1 sse4_2 x2apic popcnt tsc_deadline_timer aes xsave avx f16c rdrand lahf_lm epb tpr_shadow vnmi flexpriority ept vpid fsgsbase smep erms xsaveopt dtherm ida arat pln pts
bugs		:
bogomips	: 4589.86
clflush size	: 64
cache_alignment	: 64
address sizes	: 36 bits physical, 48 bits virtual
power management:

processor	: 1
vendor_id	: GenuineIntel
cpu family	: 6
model		: 58
model name	: Intel(R) Core(TM) i5-3427U CPU @ 1.80GHz
stepping	: 9
microcode	: 0x17
cpu MHz		: 2599.988
cache size	: 3072 KB
physical id	: 0
siblings	: 4
core id		: 1
cpu cores	: 2
apicid		: 2
initial apicid	: 2
fdiv_bug	: no
f00f_bug	: no
coma_bug	: no
fpu		: yes
fpu_exception	: yes
cpuid level	: 13
wp		: yes
flags		: fpu vme de pse tsc msr pae mce cx8 apic sep mtrr pge mca cmov pat pse36 clflush dts acpi mmx fxsr sse sse2 ss ht tm pbe nx rdtscp lm constant_tsc arch_perfmon pebs bts xtopology nonstop_tsc aperfmperf eagerfpu pni pclmulqdq dtes64 monitor ds_cpl vmx smx est tm2 ssse3 cx16 xtpr pdcm pcid sse4_1 sse4_2 x2apic popcnt tsc_deadline_timer aes xsave avx f16c rdrand lahf_lm epb tpr_shadow vnmi flexpriority ept vpid fsgsbase smep erms xsaveopt dtherm ida arat pln pts
bugs		:
bogomips	: 4589.86
clflush size	: 64
cache_alignment	: 64
address sizes	: 36 bits physical, 48 bits virtual
power management:

processor	: 2
vendor_id	: GenuineIntel
cpu family	: 6
model		: 58
model name	: Intel(R) Core(TM) i5-3427U CPU @ 1.80GHz
stepping	: 9
microcode	: 0x17
cpu MHz		: 2599.988
cache size	: 3072 KB
physical id	: 0
siblings	: 4
core id		: 0
cpu cores	: 2
apicid		: 1
initial apicid	: 1
fdiv_bug	: no
f00f_bug	: no
coma_bug	: no
fpu		: yes
fpu_exception	: yes
cpuid level	: 13
wp		: yes
flags		: fpu vme de pse tsc msr pae mce cx8 apic sep mtrr pge mca cmov pat pse36 clflush dts acpi mmx fxsr sse sse2 ss ht tm pbe nx rdtscp lm constant_tsc arch_perfmon pebs bts xtopology nonstop_tsc aperfmperf eagerfpu pni pclmulqdq dtes64 monitor ds_cpl vmx smx est tm2 ssse3 cx16 xtpr pdcm pcid sse4_1 sse4_2 x2apic popcnt tsc_deadline_timer aes xsave avx f16c rdrand lahf_lm epb tpr_shadow vnmi flexpriority ept vpid fsgsbase smep erms xsaveopt dtherm ida arat pln pts
bugs		:
bogomips	: 4589.86
clflush size	: 64
cache_alignment	: 64
address sizes	: 36 bits physical, 48 bits virtual
power management:

processor	: 3
vendor_id	: GenuineIntel
cpu family	: 6
model		: 58
model name	: Intel(R) Core(TM) i5-3427U CPU @ 1.80GHz
stepping	: 9
microcode	: 0x17
cpu MHz		: 2599.988
cache size	: 3072 KB
physical id	: 0
siblings	: 4
core id		: 1
cpu cores	: 2
apicid		: 3
initial apicid	: 3
fdiv_bug	: no
f00f_bug	: no
coma_bug	: no
fpu		: yes
fpu_exception	: yes
cpuid level	: 13
wp		: yes
flags		: fpu vme de pse tsc msr pae mce cx8 apic sep mtrr pge mca cmov pat pse36 clflush dts acpi mmx fxsr sse sse2 ss ht tm pbe nx rdtscp lm constant_tsc arch_perfmon pebs bts xtopology nonstop_tsc aperfmperf eagerfpu pni pclmulqdq dtes64 monitor ds_cpl vmx smx est tm2 ssse3 cx16 xtpr pdcm pcid sse4_1 sse4_2 x2apic popcnt tsc_deadline_timer aes xsave avx f16c rdrand lahf_lm epb tpr_shadow vnmi flexpriority ept vpid fsgsbase smep erms xsaveopt dtherm ida arat pln pts
bugs		:
bogomips	: 4589.86
clflush size	: 64
cache_alignment	: 64
address sizes	: 36 bits physical, 48 bits virtual
power management:



Memory: 4k page, physical 8107456k(389876k free), swap 4007932k(0k free)

vm_info: OpenJDK Server VM (25.151-b12) for linux-x86 JRE (1.8.0_151-8u151-b12-0ubuntu0.16.04.2-b12), built on Oct 27 2017 22:05:04 by "buildd" with gcc 5.4.0 20160609

time: Thu Mar 22 21:30:08 2018
elapsed time: 7 seconds (0d 0h 0m 7s)

