#
# There is insufficient memory for the Java Runtime Environment to continue.
# Native memory allocation (mmap) failed to map 32768 bytes for committing reserved memory.
# Possible reasons:
#   The system is out of physical RAM or swap space
#   In 32 bit mode, the process size limit was hit
# Possible solutions:
#   Reduce memory load on the system
#   Increase physical memory or swap space
#   Check if swap backing store is full
#   Use 64 bit Java on a 64 bit OS
#   Decrease Java heap size (-Xmx/-Xms)
#   Decrease number of Java threads
#   Decrease Java thread stack sizes (-Xss)
#   Set larger code cache with -XX:ReservedCodeCacheSize=
# This output file may be truncated or incomplete.
#
#  Out of Memory Error (os_linux.cpp:2643), pid=26598, tid=0x6322db40
#
# JRE version: OpenJDK Runtime Environment (8.0_151-b12) (build 1.8.0_151-8u151-b12-0ubuntu0.16.04.2-b12)
# Java VM: OpenJDK Server VM (25.151-b12 mixed mode linux-x86 )
# Failed to write core dump. Core dumps have been disabled. To enable core dumping, try "ulimit -c unlimited" before starting Java again
#

---------------  T H R E A D  ---------------

Current thread (0x637a5c00):  JavaThread "C2 CompilerThread1" daemon [_thread_in_vm, id=26670, stack(0x631ad000,0x6322e000)]

Stack: [0x631ad000,0x6322e000],  sp=0x6322b8a0,  free space=506k
Native frames: (J=compiled Java code, j=interpreted, Vv=VM code, C=native code)
V  [libjvm.so+0x8d6834]
V  [libjvm.so+0x3a7c76]
V  [libjvm.so+0x7420c0]
V  [libjvm.so+0x73c013]
V  [libjvm.so+0x8d3264]
V  [libjvm.so+0x4ba943]
V  [libjvm.so+0x335e73]
V  [libjvm.so+0x3303aa]
V  [libjvm.so+0x334a2a]
V  [libjvm.so+0x753dbd]
V  [libjvm.so+0x75abbf]
V  [libjvm.so+0x352a09]
V  [libjvm.so+0x355bdb]
V  [libjvm.so+0x2ad730]
V  [libjvm.so+0x360d41]
V  [libjvm.so+0x3624fa]
V  [libjvm.so+0x878977]
V  [libjvm.so+0x88198b]
V  [libjvm.so+0x881e5e]
V  [libjvm.so+0x73f2b5]
C  [libpthread.so.0+0x6295]  start_thread+0xe5
C  [libc.so.6+0xe70ae]  clone+0x6e


Current CompileTask:
C2:   2822 1021       4       java.util.HashMap::newNode (13 bytes)


---------------  P R O C E S S  ---------------

Java Threads: ( => current thread )
  0x637aa000 JavaThread "Service Thread" daemon [_thread_blocked, id=26676, stack(0x630db000,0x6312c000)]
  0x637a7000 JavaThread "C1 CompilerThread2" daemon [_thread_blocked, id=26675, stack(0x6312c000,0x631ad000)]
=>0x637a5c00 JavaThread "C2 CompilerThread1" daemon [_thread_in_vm, id=26670, stack(0x631ad000,0x6322e000)]
  0x637a3c00 JavaThread "C2 CompilerThread0" daemon [_thread_blocked, id=26669, stack(0x6322e000,0x632af000)]
  0x637a2400 JavaThread "Signal Dispatcher" daemon [_thread_blocked, id=26667, stack(0x632af000,0x63300000)]
  0x63788400 JavaThread "Finalizer" daemon [_thread_blocked, id=26665, stack(0x63813000,0x63864000)]
  0x63785800 JavaThread "Reference Handler" daemon [_thread_blocked, id=26664, stack(0x6642e000,0x6647f000)]
  0xb6207800 JavaThread "main" [_thread_in_vm, id=26652, stack(0xb639d000,0xb63ee000)]

Other Threads:
  0x63781000 VMThread [stack: 0x63864000,0x638e5000] [id=26662]
  0x637abc00 WatcherThread [stack: 0x6305a000,0x630db000] [id=26678]

VM state:not at safepoint (normal execution)

VM Mutex/Monitor currently owned by a thread:  ([mutex/lock_event])
[0xb62044a8] CodeCache_lock - owner thread: 0x637a5c00
[0xb62056f0] Compile_lock - owner thread: 0xb6207800

Heap:
 PSYoungGen      total 19200K, used 17188K [0x918c0000, 0x93e40000, 0xa6e00000)
  eden space 16640K, 87% used [0x918c0000,0x927096e0,0x92900000)
  from space 2560K, 99% used [0x92900000,0x92b7fcb0,0x92b80000)
  to   space 2560K, 0% used [0x93bc0000,0x93bc0000,0x93e40000)
 ParOldGen       total 43776K, used 2329K [0x66e00000, 0x698c0000, 0x918c0000)
  object space 43776K, 5% used [0x66e00000,0x67046548,0x698c0000)
 Metaspace       used 7905K, capacity 7996K, committed 8088K, reserved 8496K

Card table byte_map: [0x66bff000,0x66e00000] byte_map_base: 0x668c8000

Marking Bits: (ParMarkBitMap*) 0xb7113880
 Begin Bits: [0x64300000, 0x65300000)
 End Bits:   [0x65300000, 0x66300000)

Polling page: 0xb7720000

CodeCache: size=245760Kb used=3054Kb max_used=3054Kb free=242705Kb
 bounds [0xa7200000, 0xa7500000, 0xb6200000]
 total_blobs=1186 nmethods=1016 adapters=82
 compilation: enabled

Compilation events (10 events):
Event: 2.788 Thread 0x637a7000 1017       3       com.google.inject.internal.asm.$ClassWriter::a (49 bytes)
Event: 2.789 Thread 0x637a7000 nmethod 1017 0xa74f32c8 code [0xa74f3400, 0xa74f368c]
Event: 2.789 Thread 0x637a7000 1018       3       com.google.inject.internal.asm.$Item::a (143 bytes)
Event: 2.789 Thread 0x637a7000 nmethod 1018 0xa74f3808 code [0xa74f3980, 0xa74f3ec8]
Event: 2.794 Thread 0x637a3c00 nmethod 1010 0xa74f4148 code [0xa74f4360, 0xa74f54b0]
Event: 2.804 Thread 0x637a7000 1019       3       com.google.inject.internal.asm.$Frame::a (2252 bytes)
Event: 2.813 Thread 0x637a7000 nmethod 1019 0xa74f6188 code [0xa74f6f40, 0xa74fb340]
Event: 2.814 Thread 0x637a7000 1020       3       com.google.inject.internal.asm.$Item::a (354 bytes)
Event: 2.816 Thread 0x637a7000 nmethod 1020 0xa74ee608 code [0xa74ee7e0, 0xa74ef22c]
Event: 2.819 Thread 0x637a5c00 1021       4       java.util.HashMap::newNode (13 bytes)

GC Heap History (6 events):
Event: 1.250 GC heap before
{Heap before GC invocations=1 (full 0):
 PSYoungGen      total 19200K, used 16640K [0x918c0000, 0x92e00000, 0xa6e00000)
  eden space 16640K, 100% used [0x918c0000,0x92900000,0x92900000)
  from space 2560K, 0% used [0x92b80000,0x92b80000,0x92e00000)
  to   space 2560K, 0% used [0x92900000,0x92900000,0x92b80000)
 ParOldGen       total 43776K, used 0K [0x66e00000, 0x698c0000, 0x918c0000)
  object space 43776K, 0% used [0x66e00000,0x66e00000,0x698c0000)
 Metaspace       used 4669K, capacity 4714K, committed 4760K, reserved 5424K
Event: 1.255 GC heap after
Heap after GC invocations=1 (full 0):
 PSYoungGen      total 19200K, used 2555K [0x918c0000, 0x92e00000, 0xa6e00000)
  eden space 16640K, 0% used [0x918c0000,0x918c0000,0x92900000)
  from space 2560K, 99% used [0x92900000,0x92b7ecc0,0x92b80000)
  to   space 2560K, 0% used [0x92b80000,0x92b80000,0x92e00000)
 ParOldGen       total 43776K, used 818K [0x66e00000, 0x698c0000, 0x918c0000)
  object space 43776K, 1% used [0x66e00000,0x66eccaf8,0x698c0000)
 Metaspace       used 4669K, capacity 4714K, committed 4760K, reserved 5424K
}
Event: 1.881 GC heap before
{Heap before GC invocations=2 (full 0):
 PSYoungGen      total 19200K, used 19195K [0x918c0000, 0x92e00000, 0xa6e00000)
  eden space 16640K, 100% used [0x918c0000,0x92900000,0x92900000)
  from space 2560K, 99% used [0x92900000,0x92b7ecc0,0x92b80000)
  to   space 2560K, 0% used [0x92b80000,0x92b80000,0x92e00000)
 ParOldGen       total 43776K, used 818K [0x66e00000, 0x698c0000, 0x918c0000)
  object space 43776K, 1% used [0x66e00000,0x66eccaf8,0x698c0000)
 Metaspace       used 5279K, capacity 5322K, committed 5400K, reserved 5424K
Event: 1.901 GC heap after
Heap after GC invocations=2 (full 0):
 PSYoungGen      total 19200K, used 2551K [0x918c0000, 0x93e40000, 0xa6e00000)
  eden space 16640K, 0% used [0x918c0000,0x918c0000,0x92900000)
  from space 2560K, 99% used [0x92b80000,0x92dfdd60,0x92e00000)
  to   space 2560K, 0% used [0x92900000,0x92900000,0x92b80000)
 ParOldGen       total 43776K, used 885K [0x66e00000, 0x698c0000, 0x918c0000)
  object space 43776K, 2% used [0x66e00000,0x66edd420,0x698c0000)
 Metaspace       used 5279K, capacity 5322K, committed 5400K, reserved 5424K
}
Event: 2.330 GC heap before
{Heap before GC invocations=3 (full 0):
 PSYoungGen      total 19200K, used 19191K [0x918c0000, 0x93e40000, 0xa6e00000)
  eden space 16640K, 100% used [0x918c0000,0x92900000,0x92900000)
  from space 2560K, 99% used [0x92b80000,0x92dfdd60,0x92e00000)
  to   space 2560K, 0% used [0x92900000,0x92900000,0x92b80000)
 ParOldGen       total 43776K, used 885K [0x66e00000, 0x698c0000, 0x918c0000)
  object space 43776K, 2% used [0x66e00000,0x66edd420,0x698c0000)
 Metaspace       used 6650K, capacity 6711K, committed 6808K, reserved 7472K
Event: 2.350 GC heap after
Heap after GC invocations=3 (full 0):
 PSYoungGen      total 19200K, used 2559K [0x918c0000, 0x93e40000, 0xa6e00000)
  eden space 16640K, 0% used [0x918c0000,0x918c0000,0x92900000)
  from space 2560K, 99% used [0x92900000,0x92b7fcb0,0x92b80000)
  to   space 2560K, 0% used [0x93bc0000,0x93bc0000,0x93e40000)
 ParOldGen       total 43776K, used 2329K [0x66e00000, 0x698c0000, 0x918c0000)
  object space 43776K, 5% used [0x66e00000,0x67046548,0x698c0000)
 Metaspace       used 6650K, capacity 6711K, committed 6808K, reserved 7472K
}

Deoptimization events (7 events):
Event: 0.787 Thread 0xb6207800 Uncommon trap: reason=unstable_if action=reinterpret pc=0xa7304cc4 method=org.codehaus.plexus.util.xml.pull.MXParser.more()C @ 8
Event: 1.304 Thread 0xb6207800 Uncommon trap: reason=range_check action=make_not_entrant pc=0xa7381e44 method=sun.reflect.generics.parser.SignatureParser.current()C @ 34
Event: 1.415 Thread 0xb6207800 Uncommon trap: reason=unstable_if action=reinterpret pc=0xa73a8870 method=java.nio.charset.CoderResult.isOverflow()Z @ 5
Event: 1.453 Thread 0xb6207800 Uncommon trap: reason=unstable_if action=reinterpret pc=0xa73c2980 method=sun.nio.cs.StreamDecoder.implRead([CII)I @ 197
Event: 1.494 Thread 0xb6207800 Uncommon trap: reason=unstable_if action=reinterpret pc=0xa73a2844 method=java.io.Reader.read()I @ 12
Event: 1.680 Thread 0xb6207800 Uncommon trap: reason=unstable_if action=reinterpret pc=0xa73dc870 method=sun.nio.cs.StreamDecoder.implRead([CII)I @ 197
Event: 2.011 Thread 0xb6207800 Uncommon trap: reason=unstable_if action=reinterpret pc=0xa7381ac8 method=java.util.HashMap.getNode(ILjava/lang/Object;)Ljava/util/HashMap$Node; @ 129

Internal exceptions (10 events):
Event: 1.300 Thread 0xb6207800 Exception <a 'java/lang/ArrayIndexOutOfBoundsException'> (0x919eadc0) thrown at [/build/openjdk-8-Y4imzb/openjdk-8-8u151-b12/src/hotspot/src/share/vm/runtime/sharedRuntime.cpp, line 605]
Event: 1.301 Thread 0xb6207800 Exception <a 'java/lang/ArrayIndexOutOfBoundsException'> (0x919eb9f0) thrown at [/build/openjdk-8-Y4imzb/openjdk-8-8u151-b12/src/hotspot/src/share/vm/runtime/sharedRuntime.cpp, line 605]
Event: 1.301 Thread 0xb6207800 Exception <a 'java/lang/ArrayIndexOutOfBoundsException'> (0x919ecd60) thrown at [/build/openjdk-8-Y4imzb/openjdk-8-8u151-b12/src/hotspot/src/share/vm/runtime/sharedRuntime.cpp, line 605]
Event: 1.302 Thread 0xb6207800 Exception <a 'java/lang/ArrayIndexOutOfBoundsException'> (0x919f3750) thrown at [/build/openjdk-8-Y4imzb/openjdk-8-8u151-b12/src/hotspot/src/share/vm/runtime/sharedRuntime.cpp, line 605]
Event: 1.303 Thread 0xb6207800 Exception <a 'java/lang/ArrayIndexOutOfBoundsException'> (0x919f5538) thrown at [/build/openjdk-8-Y4imzb/openjdk-8-8u151-b12/src/hotspot/src/share/vm/runtime/sharedRuntime.cpp, line 605]
Event: 1.303 Thread 0xb6207800 Exception <a 'java/lang/ArrayIndexOutOfBoundsException'> (0x919f6170) thrown at [/build/openjdk-8-Y4imzb/openjdk-8-8u151-b12/src/hotspot/src/share/vm/runtime/sharedRuntime.cpp, line 605]
Event: 1.303 Thread 0xb6207800 Exception <a 'java/lang/ArrayIndexOutOfBoundsException'> (0x919f7528) thrown at [/build/openjdk-8-Y4imzb/openjdk-8-8u151-b12/src/hotspot/src/share/vm/runtime/sharedRuntime.cpp, line 605]
Event: 1.303 Thread 0xb6207800 Exception <a 'java/lang/ArrayIndexOutOfBoundsException'> (0x919f8100) thrown at [/build/openjdk-8-Y4imzb/openjdk-8-8u151-b12/src/hotspot/src/share/vm/runtime/sharedRuntime.cpp, line 605]
Event: 1.303 Thread 0xb6207800 Exception <a 'java/lang/ArrayIndexOutOfBoundsException'> (0x919f9628) thrown at [/build/openjdk-8-Y4imzb/openjdk-8-8u151-b12/src/hotspot/src/share/vm/runtime/sharedRuntime.cpp, line 605]
Event: 1.304 Thread 0xb6207800 Exception <a 'java/lang/ArrayIndexOutOfBoundsException': 100> (0x919fb5c0) thrown at [/build/openjdk-8-Y4imzb/openjdk-8-8u151-b12/src/hotspot/src/share/vm/interpreter/interpreterRuntime.cpp, line 366]

Events (10 events):
Event: 2.816 loading class com/google/inject/internal/cglib/core/$MethodInfoTransformer
Event: 2.816 loading class com/google/inject/internal/cglib/core/$MethodInfoTransformer done
Event: 2.817 loading class com/google/inject/internal/cglib/reflect/$FastClassEmitter$GetIndexCallback
Event: 2.817 loading class com/google/inject/internal/cglib/reflect/$FastClassEmitter$GetIndexCallback done
Event: 2.818 loading class com/google/inject/internal/cglib/core/$EmitUtils$10
Event: 2.818 loading class com/google/inject/internal/cglib/core/$EmitUtils$10 done
Event: 2.818 loading class com/google/inject/internal/cglib/core/$EmitUtils$11
Event: 2.818 loading class com/google/inject/internal/cglib/core/$EmitUtils$11 done
Event: 2.819 loading class com/google/inject/internal/cglib/core/$EmitUtils$12
Event: 2.819 loading class com/google/inject/internal/cglib/core/$EmitUtils$12 done


Dynamic libraries:
08048000-08049000 r-xp 00000000 08:01 1693306    /usr/lib/jvm/java-8-openjdk-i386/jre/bin/java
08049000-0804a000 r--p 00000000 08:01 1693306    /usr/lib/jvm/java-8-openjdk-i386/jre/bin/java
0804a000-0804b000 rw-p 00001000 08:01 1693306    /usr/lib/jvm/java-8-openjdk-i386/jre/bin/java
09eab000-09ecc000 rw-p 00000000 00:00 0          [heap]
62300000-623a0000 rw-p 00000000 00:00 0 
623a0000-62400000 ---p 00000000 00:00 0 
62400000-62500000 rw-p 00000000 00:00 0 
62500000-62561000 rw-p 00000000 00:00 0 
62561000-62600000 ---p 00000000 00:00 0 
62600000-62700000 rw-p 00000000 00:00 0 
62700000-6275f000 rw-p 00000000 00:00 0 
6275f000-62800000 ---p 00000000 00:00 0 
62800000-628fd000 rw-p 00000000 00:00 0 
628fd000-62900000 ---p 00000000 00:00 0 
62900000-62a00000 rw-p 00000000 00:00 0 
62a00000-62b00000 rw-p 00000000 00:00 0 
62b00000-62bf5000 rw-p 00000000 00:00 0 
62bf5000-62c00000 ---p 00000000 00:00 0 
62c00000-62cfa000 rw-p 00000000 00:00 0 
62cfa000-62d00000 ---p 00000000 00:00 0 
62d00000-62dff000 rw-p 00000000 00:00 0 
62dff000-62e00000 ---p 00000000 00:00 0 
62e00000-62f00000 rw-p 00000000 00:00 0 
62f00000-62ff9000 rw-p 00000000 00:00 0 
62ff9000-63000000 ---p 00000000 00:00 0 
63019000-63026000 r--s 0008d000 08:01 1149531    /usr/share/java/maven3-core-3.3.9.jar
63026000-63027000 r--s 00001000 08:01 1149511    /usr/share/java/wagon-file-2.x.jar
63027000-6302a000 r--s 00007000 08:01 1149537    /usr/share/java/maven3-settings-builder-3.3.9.jar
6302a000-6302c000 r--s 0000d000 08:01 1149536    /usr/share/java/maven3-aether-provider-3.3.9.jar
6302c000-63033000 r--s 0002c000 08:01 1149509    /usr/share/java/sisu-plexus.jar
63033000-63037000 r--s 00027000 08:01 1145546    /usr/share/java/commons-io-2.4.jar
63037000-6303f000 r--s 00054000 08:01 1149507    /usr/share/java/sisu-inject.jar
6303f000-63046000 r--s 0005d000 08:01 1149254    /usr/share/java/commons-lang3.jar
63046000-63047000 r--s 00004000 08:01 1145398    /usr/share/java/atinject-jsr330-tck-1.0.jar
63047000-63049000 r--s 0000e000 08:01 1149271    /usr/share/java/plexus-interpolation.jar
63049000-6304b000 r--s 00006000 08:01 1149372    /usr/share/java/eclipse-aether-spi.jar
6304b000-6304f000 r--s 00027000 08:01 1149367    /usr/share/java/eclipse-aether-impl.jar
6304f000-63051000 r--s 00005000 08:01 1149373    /usr/share/java/eclipse-aether-transport-wagon.jar
63051000-63053000 r--s 00001000 08:01 1149403    /usr/share/java/aopalliance-1.0.jar
63053000-63055000 r--s 00001000 08:01 1149538    /usr/share/java/maven3-builder-support-3.3.9.jar
63055000-6305a000 r--s 0001d000 08:01 1149374    /usr/share/java/eclipse-aether-api.jar
6305a000-6305b000 ---p 00000000 00:00 0 
6305b000-630db000 rw-p 00000000 00:00 0 
630db000-630de000 ---p 00000000 00:00 0 
630de000-6312c000 rw-p 00000000 00:00 0 
6312c000-6312f000 ---p 00000000 00:00 0 
6312f000-631ad000 rw-p 00000000 00:00 0 
631ad000-631b0000 ---p 00000000 00:00 0 
631b0000-6322e000 rw-p 00000000 00:00 0 
6322e000-63231000 ---p 00000000 00:00 0 
63231000-632af000 rw-p 00000000 00:00 0 
632af000-632b2000 ---p 00000000 00:00 0 
632b2000-63300000 rw-p 00000000 00:00 0 
63300000-63500000 r--p 00000000 08:01 1110568    /usr/lib/locale/locale-archive
63500000-635f3000 rw-p 00000000 00:00 0 
635f3000-63600000 ---p 00000000 00:00 0 
63600000-63621000 rw-p 00000000 00:00 0 
63621000-63700000 ---p 00000000 00:00 0 
63700000-637fd000 rw-p 00000000 00:00 0 
637fd000-63800000 ---p 00000000 00:00 0 
63800000-63801000 r--s 00008000 08:01 1149370    /usr/share/java/eclipse-aether-connector-basic.jar
63801000-63803000 r--s 00002000 08:01 1149449    /usr/share/java/plexus-cipher.jar
63803000-63804000 r--s 00002000 08:01 1149066    /usr/share/java/slf4j-simple.jar
63804000-63806000 r--s 00013000 08:01 1149534    /usr/share/java/maven3-embedder-3.3.9.jar
63806000-63808000 r--s 00027000 08:01 1149535    /usr/share/java/maven3-model-3.3.9.jar
63808000-6380a000 r--s 0000a000 08:01 1147016    /usr/share/java/commons-cli-1.3.1.jar
6380a000-6380c000 r--s 0000a000 08:01 1149512    /usr/share/java/wagon-provider-api-2.x.jar
6380c000-6380f000 r--s 0000a000 08:01 1149539    /usr/share/java/maven3-artifact-3.3.9.jar
6380f000-63813000 r--s 00020000 08:01 1149392    /usr/share/java/eclipse-aether-util.jar
63813000-63816000 ---p 00000000 00:00 0 
63816000-63864000 rw-p 00000000 00:00 0 
63864000-63865000 ---p 00000000 00:00 0 
63865000-638e5000 rw-p 00000000 00:00 0 
638e5000-63ab4000 r--s 03c21000 08:01 1693223    /usr/lib/jvm/java-8-openjdk-i386/jre/lib/rt.jar
63ab4000-63efa000 rw-p 00000000 00:00 0 
63efa000-63f00000 ---p 00000000 00:00 0 
63f00000-66300000 rw-p 00000000 00:00 0 
66300000-663f3000 rw-p 00000000 00:00 0 
663f3000-66400000 ---p 00000000 00:00 0 
66400000-66402000 r--s 00007000 08:01 1149069    /usr/share/java/slf4j-api.jar
66402000-6642e000 r--s 00208000 08:01 1148516    /usr/share/java/guava.jar
6642e000-66431000 ---p 00000000 00:00 0 
66431000-6647f000 rw-p 00000000 00:00 0 
6647f000-66480000 ---p 00000000 00:00 0 
66480000-66500000 rw-p 00000000 00:00 0 
66500000-665fb000 rw-p 00000000 00:00 0 
665fb000-66600000 ---p 00000000 00:00 0 
66600000-66631000 r--s 00207000 08:01 1149515    /usr/share/java/wagon-http-shaded-2.x.jar
66631000-6667f000 rw-p 00000000 00:00 0 
6667f000-66680000 ---p 00000000 00:00 0 
66680000-66700000 rw-p 00000000 00:00 0 
66700000-66721000 rw-p 00000000 00:00 0 
66721000-66800000 ---p 00000000 00:00 0 
66800000-66801000 r--s 00006000 08:01 1149532    /usr/share/java/maven3-repository-metadata-3.3.9.jar
66801000-66802000 r--s 0000a000 08:01 1149528    /usr/share/java/maven3-settings-3.3.9.jar
66802000-66806000 r--s 00038000 08:01 1149495    /usr/share/java/plexus-utils2.jar
66806000-6680c000 r--s 00048000 08:01 1149288    /usr/share/java/jsoup.jar
6680c000-66811000 r--s 00025000 08:01 1149533    /usr/share/java/maven3-model-builder-3.3.9.jar
66811000-66816000 r--s 00040000 08:01 1145678    /usr/share/java/commons-lang-2.6.jar
66816000-66824000 r--s 00095000 08:01 1149408    /usr/share/java/guice.jar
66824000-6687f000 rw-p 00000000 00:00 0 
6687f000-66880000 ---p 00000000 00:00 0 
66880000-66900000 rw-p 00000000 00:00 0 
66900000-66921000 rw-p 00000000 00:00 0 
66921000-66a00000 ---p 00000000 00:00 0 
66a00000-66a01000 r--s 00001000 08:01 1149518    /usr/share/java/wagon-http-shared-2.x.jar
66a01000-66a02000 r--s 00006000 08:01 1149451    /usr/share/java/plexus-sec-dispatcher.jar
66a02000-66a04000 r--s 0000a000 08:01 1149529    /usr/share/java/maven3-plugin-api-3.3.9.jar
66a04000-66a06000 r--s 00000000 08:01 1149499    /usr/share/java/plexus-component-annotations-1.5.jar
66a06000-66a07000 r--s 00000000 08:01 1149240    /usr/share/java/geronimo-interceptor-3.0-spec-1.0.1.jar
66a07000-66a09000 r--s 00012000 08:01 1144777    /usr/share/java/el-api-3.0.jar
66a09000-66a0a000 r--s 00000000 08:01 1145399    /usr/share/java/atinject-jsr330-api-1.0.jar
66a0a000-66a0d000 r--s 00008000 08:01 1149246    /usr/share/java/cdi-api-1.0.jar
66a0d000-66a28000 r--s 00394000 08:01 1693228    /usr/lib/jvm/java-8-openjdk-i386/jre/lib/ext/cldrdata.jar
66a28000-66a29000 ---p 00000000 00:00 0 
66a29000-66abf000 rw-p 00000000 00:00 0 
66abf000-66bff000 ---p 00000000 00:00 0 
66bff000-66c15000 rw-p 00000000 00:00 0 
66c15000-66d54000 ---p 00000000 00:00 0 
66d54000-66d68000 rw-p 00000000 00:00 0 
66d68000-66dff000 ---p 00000000 00:00 0 
66dff000-698c0000 rw-p 00000000 00:00 0 
698c0000-918c0000 ---p 00000000 00:00 0 
918c0000-93e40000 rw-p 00000000 00:00 0 
93e40000-a6e00000 ---p 00000000 00:00 0 
a6e00000-a6e07000 r--s 00041000 08:01 1149530    /usr/share/java/maven3-compat-3.3.9.jar
a6e07000-a6e22000 r--s 001d6000 08:01 1693230    /usr/lib/jvm/java-8-openjdk-i386/jre/lib/ext/nashorn.jar
a6e22000-a6e28000 r--s 0003a000 08:01 1693231    /usr/lib/jvm/java-8-openjdk-i386/jre/lib/ext/sunjce_provider.jar
a6e28000-a6e4c000 rw-p 00000000 00:00 0 
a6e4c000-a7200000 ---p 00000000 00:00 0 
a7200000-a7500000 rwxp 00000000 00:00 0 
a7508000-b6200000 ---p 00000000 00:00 0 
b6200000-b62fb000 rw-p 00000000 00:00 0 
b62fb000-b6300000 ---p 00000000 00:00 0 
b6300000-b6302000 r--s 0000a000 08:01 1149493    /usr/share/java/plexus-classworlds2-2.5.2.jar
b6302000-b6304000 r--s 00008000 08:01 1693232    /usr/lib/jvm/java-8-openjdk-i386/jre/lib/ext/sunec.jar
b6304000-b630e000 r--s 00116000 08:01 1693233    /usr/lib/jvm/java-8-openjdk-i386/jre/lib/ext/localedata.jar
b630e000-b6319000 r-xp 00000000 08:01 3402889    /lib/i386-linux-gnu/libnss_files-2.23.so
b6319000-b631a000 r--p 0000a000 08:01 3402889    /lib/i386-linux-gnu/libnss_files-2.23.so
b631a000-b631b000 rw-p 0000b000 08:01 3402889    /lib/i386-linux-gnu/libnss_files-2.23.so
b631b000-b6321000 rw-p 00000000 00:00 0 
b6321000-b632c000 r-xp 00000000 08:01 3402895    /lib/i386-linux-gnu/libnss_nis-2.23.so
b632c000-b632d000 r--p 0000a000 08:01 3402895    /lib/i386-linux-gnu/libnss_nis-2.23.so
b632d000-b632e000 rw-p 0000b000 08:01 3402895    /lib/i386-linux-gnu/libnss_nis-2.23.so
b632e000-b6345000 r-xp 00000000 08:01 3402652    /lib/i386-linux-gnu/libnsl-2.23.so
b6345000-b6346000 r--p 00016000 08:01 3402652    /lib/i386-linux-gnu/libnsl-2.23.so
b6346000-b6347000 rw-p 00017000 08:01 3402652    /lib/i386-linux-gnu/libnsl-2.23.so
b6347000-b6349000 rw-p 00000000 00:00 0 
b6349000-b6351000 r-xp 00000000 08:01 3402720    /lib/i386-linux-gnu/libnss_compat-2.23.so
b6351000-b6352000 r--p 00007000 08:01 3402720    /lib/i386-linux-gnu/libnss_compat-2.23.so
b6352000-b6353000 rw-p 00008000 08:01 3402720    /lib/i386-linux-gnu/libnss_compat-2.23.so
b6353000-b6354000 r--s 00010000 08:01 1693229    /usr/lib/jvm/java-8-openjdk-i386/jre/lib/ext/zipfs.jar
b6354000-b6356000 r--s 00001000 08:01 1693236    /usr/lib/jvm/java-8-openjdk-i386/jre/lib/ext/dnsns.jar
b6356000-b6359000 r--s 0000f000 08:01 1693227    /usr/lib/jvm/java-8-openjdk-i386/jre/lib/ext/icedtea-sound.jar
b6359000-b6361000 r-xp 00000000 08:01 1693277    /usr/lib/jvm/java-8-openjdk-i386/jre/lib/i386/libzip.so
b6361000-b6362000 r--p 00007000 08:01 1693277    /usr/lib/jvm/java-8-openjdk-i386/jre/lib/i386/libzip.so
b6362000-b6363000 rw-p 00008000 08:01 1693277    /usr/lib/jvm/java-8-openjdk-i386/jre/lib/i386/libzip.so
b6363000-b636b000 rw-s 00000000 08:01 2577041    /tmp/hsperfdata_sarnobat/26598
b636b000-b6392000 r-xp 00000000 08:01 1693258    /usr/lib/jvm/java-8-openjdk-i386/jre/lib/i386/libjava.so
b6392000-b6393000 r--p 00026000 08:01 1693258    /usr/lib/jvm/java-8-openjdk-i386/jre/lib/i386/libjava.so
b6393000-b6394000 rw-p 00027000 08:01 1693258    /usr/lib/jvm/java-8-openjdk-i386/jre/lib/i386/libjava.so
b6394000-b639b000 r-xp 00000000 08:01 3402905    /lib/i386-linux-gnu/librt-2.23.so
b639b000-b639c000 r--p 00006000 08:01 3402905    /lib/i386-linux-gnu/librt-2.23.so
b639c000-b639d000 rw-p 00007000 08:01 3402905    /lib/i386-linux-gnu/librt-2.23.so
b639d000-b63a0000 ---p 00000000 00:00 0 
b63a0000-b63ee000 rw-p 00000000 00:00 0 
b63ee000-b640a000 r-xp 00000000 08:01 3402590    /lib/i386-linux-gnu/libgcc_s.so.1
b640a000-b640b000 rw-p 0001b000 08:01 3402590    /lib/i386-linux-gnu/libgcc_s.so.1
b640b000-b645e000 r-xp 00000000 08:01 3402651    /lib/i386-linux-gnu/libm-2.23.so
b645e000-b645f000 r--p 00052000 08:01 3402651    /lib/i386-linux-gnu/libm-2.23.so
b645f000-b6460000 rw-p 00053000 08:01 3402651    /lib/i386-linux-gnu/libm-2.23.so
b6460000-b65cd000 r-xp 00000000 08:01 1104849    /usr/lib/i386-linux-gnu/libstdc++.so.6.0.21
b65cd000-b65ce000 ---p 0016d000 08:01 1104849    /usr/lib/i386-linux-gnu/libstdc++.so.6.0.21
b65ce000-b65d3000 r--p 0016d000 08:01 1104849    /usr/lib/i386-linux-gnu/libstdc++.so.6.0.21
b65d3000-b65d4000 rw-p 00172000 08:01 1104849    /usr/lib/i386-linux-gnu/libstdc++.so.6.0.21
b65d4000-b65d7000 rw-p 00000000 00:00 0 
b65d7000-b70a8000 r-xp 00000000 08:01 1693269    /usr/lib/jvm/java-8-openjdk-i386/jre/lib/i386/server/libjvm.so
b70a8000-b70ee000 r--p 00ad0000 08:01 1693269    /usr/lib/jvm/java-8-openjdk-i386/jre/lib/i386/server/libjvm.so
b70ee000-b7105000 rw-p 00b16000 08:01 1693269    /usr/lib/jvm/java-8-openjdk-i386/jre/lib/i386/server/libjvm.so
b7105000-b7525000 rw-p 00000000 00:00 0 
b7525000-b753e000 r-xp 00000000 08:01 3402662    /lib/i386-linux-gnu/libpthread-2.23.so
b753e000-b753f000 r--p 00018000 08:01 3402662    /lib/i386-linux-gnu/libpthread-2.23.so
b753f000-b7540000 rw-p 00019000 08:01 3402662    /lib/i386-linux-gnu/libpthread-2.23.so
b7540000-b7542000 rw-p 00000000 00:00 0 
b7542000-b7545000 r-xp 00000000 08:01 3402697    /lib/i386-linux-gnu/libdl-2.23.so
b7545000-b7546000 r--p 00002000 08:01 3402697    /lib/i386-linux-gnu/libdl-2.23.so
b7546000-b7547000 rw-p 00003000 08:01 3402697    /lib/i386-linux-gnu/libdl-2.23.so
b7547000-b7548000 rw-p 00000000 00:00 0 
b7548000-b7561000 r-xp 00000000 08:01 3402741    /lib/i386-linux-gnu/libz.so.1.2.8
b7561000-b7562000 r--p 00018000 08:01 3402741    /lib/i386-linux-gnu/libz.so.1.2.8
b7562000-b7563000 rw-p 00019000 08:01 3402741    /lib/i386-linux-gnu/libz.so.1.2.8
b7563000-b7713000 r-xp 00000000 08:01 3402663    /lib/i386-linux-gnu/libc-2.23.so
b7713000-b7715000 r--p 001af000 08:01 3402663    /lib/i386-linux-gnu/libc-2.23.so
b7715000-b7716000 rw-p 001b1000 08:01 3402663    /lib/i386-linux-gnu/libc-2.23.so
b7716000-b7719000 rw-p 00000000 00:00 0 
b7719000-b771a000 r--s 0000a000 08:01 1693235    /usr/lib/jvm/java-8-openjdk-i386/jre/lib/ext/jaccess.jar
b771a000-b771e000 r--s 00037000 08:01 1693234    /usr/lib/jvm/java-8-openjdk-i386/jre/lib/ext/sunpkcs11.jar
b771e000-b771f000 r--p 002d4000 08:01 1110568    /usr/lib/locale/locale-archive
b771f000-b7720000 rw-p 00000000 00:00 0 
b7720000-b7721000 r--p 00000000 00:00 0 
b7721000-b772f000 r-xp 00000000 08:01 1693275    /usr/lib/jvm/java-8-openjdk-i386/jre/lib/i386/libverify.so
b772f000-b7730000 r--p 0000d000 08:01 1693275    /usr/lib/jvm/java-8-openjdk-i386/jre/lib/i386/libverify.so
b7730000-b7731000 rw-p 0000e000 08:01 1693275    /usr/lib/jvm/java-8-openjdk-i386/jre/lib/i386/libverify.so
b7731000-b773e000 r-xp 00000000 08:01 1693273    /usr/lib/jvm/java-8-openjdk-i386/jre/lib/i386/jli/libjli.so
b773e000-b773f000 r--p 0000c000 08:01 1693273    /usr/lib/jvm/java-8-openjdk-i386/jre/lib/i386/jli/libjli.so
b773f000-b7740000 rw-p 0000d000 08:01 1693273    /usr/lib/jvm/java-8-openjdk-i386/jre/lib/i386/jli/libjli.so
b7740000-b7741000 rw-p 00000000 00:00 0 
b7741000-b7743000 r--p 00000000 00:00 0          [vvar]
b7743000-b7744000 r-xp 00000000 00:00 0          [vdso]
b7744000-b7767000 r-xp 00000000 08:01 3402661    /lib/i386-linux-gnu/ld-2.23.so
b7767000-b7768000 r--p 00022000 08:01 3402661    /lib/i386-linux-gnu/ld-2.23.so
b7768000-b7769000 rw-p 00023000 08:01 3402661    /lib/i386-linux-gnu/ld-2.23.so
bf949000-bf96a000 rw-p 00000000 00:00 0          [stack]

VM Arguments:
jvm_args: -Dclassworlds.conf=/usr/share/maven/bin/m2.conf -Dmaven.home=/usr/share/maven -Dmaven.multiModuleProjectDirectory=/home/sarnobat/github/maven_project 
java_command: org.codehaus.plexus.classworlds.launcher.Launcher --quiet --settings /home/sarnobat/sarnobat.git/mac/.m2/settings.xml install exec:java -Dexec.mainClass=Md5RoList -Dexec.args=4485
java_class_path (initial): /usr/share/maven/boot/plexus-classworlds-2.x.jar
Launcher Type: SUN_STANDARD

Environment Variables:
JAVA_HOME=/usr/lib/jvm/java-8-openjdk-i386
PATH=/usr/bin:/bin
SHELL=/bin/sh

Signal Handlers:
SIGSEGV: [libjvm.so+0x8d7370], sa_mask[0]=11111111011111111101111111111110, sa_flags=SA_RESTART|SA_SIGINFO
SIGBUS: [libjvm.so+0x8d7370], sa_mask[0]=11111111011111111101111111111110, sa_flags=SA_RESTART|SA_SIGINFO
SIGFPE: [libjvm.so+0x73d1c0], sa_mask[0]=11111111011111111101111111111110, sa_flags=SA_RESTART|SA_SIGINFO
SIGPIPE: [libjvm.so+0x73d1c0], sa_mask[0]=11111111011111111101111111111110, sa_flags=SA_RESTART|SA_SIGINFO
SIGXFSZ: [libjvm.so+0x73d1c0], sa_mask[0]=11111111011111111101111111111110, sa_flags=SA_RESTART|SA_SIGINFO
SIGILL: [libjvm.so+0x73d1c0], sa_mask[0]=11111111011111111101111111111110, sa_flags=SA_RESTART|SA_SIGINFO
SIGUSR1: SIG_DFL, sa_mask[0]=00000000000000000000000000000000, sa_flags=none
SIGUSR2: [libjvm.so+0x73d000], sa_mask[0]=00000000000000000000000000000000, sa_flags=SA_RESTART|SA_SIGINFO
SIGHUP: [libjvm.so+0x73d790], sa_mask[0]=11111111011111111101111111111110, sa_flags=SA_RESTART|SA_SIGINFO
SIGINT: [libjvm.so+0x73d790], sa_mask[0]=11111111011111111101111111111110, sa_flags=SA_RESTART|SA_SIGINFO
SIGTERM: [libjvm.so+0x73d790], sa_mask[0]=11111111011111111101111111111110, sa_flags=SA_RESTART|SA_SIGINFO
SIGQUIT: [libjvm.so+0x73d790], sa_mask[0]=11111111011111111101111111111110, sa_flags=SA_RESTART|SA_SIGINFO


---------------  S Y S T E M  ---------------

OS:DISTRIB_ID=Ubuntu
DISTRIB_RELEASE=16.04
DISTRIB_CODENAME=xenial
DISTRIB_DESCRIPTION="Ubuntu 16.04.1 LTS"

uname:Linux 4.4.0-104-generic #127-Ubuntu SMP Mon Dec 11 12:16:50 UTC 2017 i686
libc:glibc 2.23 NPTL 2.23 
rlimit: STACK 8192k, CORE 0k, NPROC 63057, NOFILE 1048576, AS infinity
load average:2.09 2.22 2.26

/proc/meminfo:
MemTotal:        8107456 kB
MemFree:          332592 kB
MemAvailable:          0 kB
Buffers:            8504 kB
Cached:           268624 kB
SwapCached:         5916 kB
Active:          6043596 kB
Inactive:        1520044 kB
Active(anon):    6011444 kB
Inactive(anon):  1452112 kB
Active(file):      32152 kB
Inactive(file):    67932 kB
Unevictable:           0 kB
Mlocked:               0 kB
HighTotal:       7292552 kB
HighFree:          36560 kB
LowTotal:         814904 kB
LowFree:          296032 kB
SwapTotal:       4007932 kB
SwapFree:            140 kB
Dirty:               836 kB
Writeback:             0 kB
AnonPages:       7280824 kB
Mapped:            61760 kB
Shmem:            176900 kB
Slab:              98688 kB
SReclaimable:      51240 kB
SUnreclaim:        47448 kB
KernelStack:       16760 kB
PageTables:        46516 kB
NFS_Unstable:          0 kB
Bounce:                0 kB
WritebackTmp:          0 kB
CommitLimit:     8061660 kB
Committed_AS:   25669976 kB
VmallocTotal:     122880 kB
VmallocUsed:           0 kB
VmallocChunk:          0 kB
AnonHugePages:   4304896 kB
CmaTotal:              0 kB
CmaFree:               0 kB
HugePages_Total:       0
HugePages_Free:        0
HugePages_Rsvd:        0
HugePages_Surp:        0
Hugepagesize:       2048 kB
DirectMap4k:       34808 kB
DirectMap2M:      876544 kB


CPU:total 4 (initial active 4) (2 cores per cpu, 2 threads per core) family 6 model 58 stepping 9, cmov, cx8, fxsr, mmx, sse, sse2, sse3, ssse3, sse4.1, sse4.2, popcnt, avx, aes, clmul, erms, ht, tsc, tscinvbit, tscinv

/proc/cpuinfo:
processor	: 0
vendor_id	: GenuineIntel
cpu family	: 6
model		: 58
model name	: Intel(R) Core(TM) i5-3427U CPU @ 1.80GHz
stepping	: 9
microcode	: 0x17
cpu MHz		: 2599.988
cache size	: 3072 KB
physical id	: 0
siblings	: 4
core id		: 0
cpu cores	: 2
apicid		: 0
initial apicid	: 0
fdiv_bug	: no
f00f_bug	: no
coma_bug	: no
fpu		: yes
fpu_exception	: yes
cpuid level	: 13
wp		: yes
flags		: fpu vme de pse tsc msr pae mce cx8 apic sep mtrr pge mca cmov pat pse36 clflush dts acpi mmx fxsr sse sse2 ss ht tm pbe nx rdtscp lm constant_tsc arch_perfmon pebs bts xtopology nonstop_tsc aperfmperf eagerfpu pni pclmulqdq dtes64 monitor ds_cpl vmx smx est tm2 ssse3 cx16 xtpr pdcm pcid sse4_1 sse4_2 x2apic popcnt tsc_deadline_timer aes xsave avx f16c rdrand lahf_lm epb tpr_shadow vnmi flexpriority ept vpid fsgsbase smep erms xsaveopt dtherm ida arat pln pts
bugs		:
bogomips	: 4589.86
clflush size	: 64
cache_alignment	: 64
address sizes	: 36 bits physical, 48 bits virtual
power management:

processor	: 1
vendor_id	: GenuineIntel
cpu family	: 6
model		: 58
model name	: Intel(R) Core(TM) i5-3427U CPU @ 1.80GHz
stepping	: 9
microcode	: 0x17
cpu MHz		: 2599.988
cache size	: 3072 KB
physical id	: 0
siblings	: 4
core id		: 1
cpu cores	: 2
apicid		: 2
initial apicid	: 2
fdiv_bug	: no
f00f_bug	: no
coma_bug	: no
fpu		: yes
fpu_exception	: yes
cpuid level	: 13
wp		: yes
flags		: fpu vme de pse tsc msr pae mce cx8 apic sep mtrr pge mca cmov pat pse36 clflush dts acpi mmx fxsr sse sse2 ss ht tm pbe nx rdtscp lm constant_tsc arch_perfmon pebs bts xtopology nonstop_tsc aperfmperf eagerfpu pni pclmulqdq dtes64 monitor ds_cpl vmx smx est tm2 ssse3 cx16 xtpr pdcm pcid sse4_1 sse4_2 x2apic popcnt tsc_deadline_timer aes xsave avx f16c rdrand lahf_lm epb tpr_shadow vnmi flexpriority ept vpid fsgsbase smep erms xsaveopt dtherm ida arat pln pts
bugs		:
bogomips	: 4589.86
clflush size	: 64
cache_alignment	: 64
address sizes	: 36 bits physical, 48 bits virtual
power management:

processor	: 2
vendor_id	: GenuineIntel
cpu family	: 6
model		: 58
model name	: Intel(R) Core(TM) i5-3427U CPU @ 1.80GHz
stepping	: 9
microcode	: 0x17
cpu MHz		: 2599.988
cache size	: 3072 KB
physical id	: 0
siblings	: 4
core id		: 0
cpu cores	: 2
apicid		: 1
initial apicid	: 1
fdiv_bug	: no
f00f_bug	: no
coma_bug	: no
fpu		: yes
fpu_exception	: yes
cpuid level	: 13
wp		: yes
flags		: fpu vme de pse tsc msr pae mce cx8 apic sep mtrr pge mca cmov pat pse36 clflush dts acpi mmx fxsr sse sse2 ss ht tm pbe nx rdtscp lm constant_tsc arch_perfmon pebs bts xtopology nonstop_tsc aperfmperf eagerfpu pni pclmulqdq dtes64 monitor ds_cpl vmx smx est tm2 ssse3 cx16 xtpr pdcm pcid sse4_1 sse4_2 x2apic popcnt tsc_deadline_timer aes xsave avx f16c rdrand lahf_lm epb tpr_shadow vnmi flexpriority ept vpid fsgsbase smep erms xsaveopt dtherm ida arat pln pts
bugs		:
bogomips	: 4589.86
clflush size	: 64
cache_alignment	: 64
address sizes	: 36 bits physical, 48 bits virtual
power management:

processor	: 3
vendor_id	: GenuineIntel
cpu family	: 6
model		: 58
model name	: Intel(R) Core(TM) i5-3427U CPU @ 1.80GHz
stepping	: 9
microcode	: 0x17
cpu MHz		: 2599.988
cache size	: 3072 KB
physical id	: 0
siblings	: 4
core id		: 1
cpu cores	: 2
apicid		: 3
initial apicid	: 3
fdiv_bug	: no
f00f_bug	: no
coma_bug	: no
fpu		: yes
fpu_exception	: yes
cpuid level	: 13
wp		: yes
flags		: fpu vme de pse tsc msr pae mce cx8 apic sep mtrr pge mca cmov pat pse36 clflush dts acpi mmx fxsr sse sse2 ss ht tm pbe nx rdtscp lm constant_tsc arch_perfmon pebs bts xtopology nonstop_tsc aperfmperf eagerfpu pni pclmulqdq dtes64 monitor ds_cpl vmx smx est tm2 ssse3 cx16 xtpr pdcm pcid sse4_1 sse4_2 x2apic popcnt tsc_deadline_timer aes xsave avx f16c rdrand lahf_lm epb tpr_shadow vnmi flexpriority ept vpid fsgsbase smep erms xsaveopt dtherm ida arat pln pts
bugs		:
bogomips	: 4589.86
clflush size	: 64
cache_alignment	: 64
address sizes	: 36 bits physical, 48 bits virtual
power management:



Memory: 4k page, physical 8107456k(332592k free), swap 4007932k(140k free)

vm_info: OpenJDK Server VM (25.151-b12) for linux-x86 JRE (1.8.0_151-8u151-b12-0ubuntu0.16.04.2-b12), built on Oct 27 2017 22:05:04 by "buildd" with gcc 5.4.0 20160609

time: Fri Mar 23 00:54:04 2018
elapsed time: 2 seconds (0d 0h 0m 2s)

