#
# There is insufficient memory for the Java Runtime Environment to continue.
# Native memory allocation (mmap) failed to map 131072 bytes for committing reserved memory.
# Possible reasons:
#   The system is out of physical RAM or swap space
#   In 32 bit mode, the process size limit was hit
# Possible solutions:
#   Reduce memory load on the system
#   Increase physical memory or swap space
#   Check if swap backing store is full
#   Use 64 bit Java on a 64 bit OS
#   Decrease Java heap size (-Xmx/-Xms)
#   Decrease number of Java threads
#   Decrease Java thread stack sizes (-Xss)
#   Set larger code cache with -XX:ReservedCodeCacheSize=
# This output file may be truncated or incomplete.
#
#  Out of Memory Error (os_linux.cpp:2643), pid=31904, tid=0x5f8d2b40
#
# JRE version: OpenJDK Runtime Environment (8.0_151-b12) (build 1.8.0_151-8u151-b12-0ubuntu0.16.04.2-b12)
# Java VM: OpenJDK Server VM (25.151-b12 mixed mode linux-x86 )
# Failed to write core dump. Core dumps have been disabled. To enable core dumping, try "ulimit -c unlimited" before starting Java again
#

---------------  T H R E A D  ---------------

Current thread (0x5ebf6000):  JavaThread "Md5RoCopyFile.main()" [_thread_in_vm, id=31998, stack(0x5f882000,0x5f8d3000)]

Stack: [0x5f882000,0x5f8d3000],  sp=0x5f8ce330,  free space=304k
Native frames: (J=compiled Java code, j=interpreted, Vv=VM code, C=native code)
V  [libjvm.so+0x8d6834]
V  [libjvm.so+0x3a7c76]
V  [libjvm.so+0x7420c0]
V  [libjvm.so+0x73c013]
V  [libjvm.so+0x8d3264]
V  [libjvm.so+0x6cdd63]
V  [libjvm.so+0x6cdf7a]
V  [libjvm.so+0x6ceb05]
V  [libjvm.so+0x6cec5a]
V  [libjvm.so+0x6cfc9a]
V  [libjvm.so+0x6cfe8d]
V  [libjvm.so+0x6d5472]
V  [libjvm.so+0x317bdf]
V  [libjvm.so+0x3183b3]
V  [libjvm.so+0x31a202]
V  [libjvm.so+0x84d519]
V  [libjvm.so+0x55c01a]
V  [libjvm.so+0x55d4bc]  JVM_DefineClassWithSource+0x9c
C  [libjava.so+0xb357]  Java_java_lang_ClassLoader_defineClass1+0x1a7
J 571  java.lang.ClassLoader.defineClass1(Ljava/lang/String;[BIILjava/security/ProtectionDomain;Ljava/lang/String;)Ljava/lang/Class; (0 bytes) @ 0xa73d8d4b [0xa73d8c60+0xeb]
J 438 C1 java.lang.ClassLoader.defineClass(Ljava/lang/String;[BIILjava/security/ProtectionDomain;)Ljava/lang/Class; (43 bytes) @ 0xa7385614 [0xa7385160+0x4b4]
J 330 C1 java.net.URLClassLoader.defineClass(Ljava/lang/String;Lsun/misc/Resource;)Ljava/lang/Class; (142 bytes) @ 0xa734f8b8 [0xa734e1e0+0x16d8]
J 3713 C1 java.net.URLClassLoader$1.run()Ljava/lang/Class; (63 bytes) @ 0xa7469278 [0xa74691c0+0xb8]
J 198 C1 java.net.URLClassLoader$1.run()Ljava/lang/Object; (5 bytes) @ 0xa72f9690 [0xa72f9620+0x70]
v  ~StubRoutines::call_stub
V  [libjvm.so+0x51faad]
V  [libjvm.so+0x746985]
V  [libjvm.so+0x51ebea]
V  [libjvm.so+0x56b9c4]  JVM_DoPrivileged+0x434
C  [libjava.so+0x9e15]  Java_java_security_AccessController_doPrivileged__Ljava_security_PrivilegedExceptionAction_2Ljava_security_AccessControlContext_2+0x25
J 143  java.security.AccessController.doPrivileged(Ljava/security/PrivilegedExceptionAction;Ljava/security/AccessControlContext;)Ljava/lang/Object; (0 bytes) @ 0xa72dd74c [0xa72dd6a0+0xac]
J 3532 C2 java.net.URLClassLoader.findClass(Ljava/lang/String;)Ljava/lang/Class; (47 bytes) @ 0xa74db56c [0xa74db500+0x6c]
J 1639 C2 java.lang.ClassLoader.loadClass(Ljava/lang/String;Z)Ljava/lang/Class; (122 bytes) @ 0xa767ecac [0xa767ea60+0x24c]
J 3849 C1 java.lang.ClassLoader.loadClass(Ljava/lang/String;)Ljava/lang/Class; (7 bytes) @ 0xa7b1a240 [0xa7b1a160+0xe0]
v  ~StubRoutines::call_stub
V  [libjvm.so+0x51faad]
V  [libjvm.so+0x746985]
V  [libjvm.so+0x51d586]
V  [libjvm.so+0x51dafb]
V  [libjvm.so+0x853e83]
V  [libjvm.so+0x8528ff]
V  [libjvm.so+0x852ff5]
V  [libjvm.so+0x31a642]
V  [libjvm.so+0x84d519]
V  [libjvm.so+0x55c01a]
V  [libjvm.so+0x55d4bc]  JVM_DefineClassWithSource+0x9c
C  [libjava.so+0xb357]  Java_java_lang_ClassLoader_defineClass1+0x1a7
J 571  java.lang.ClassLoader.defineClass1(Ljava/lang/String;[BIILjava/security/ProtectionDomain;Ljava/lang/String;)Ljava/lang/Class; (0 bytes) @ 0xa73d8d4b [0xa73d8c60+0xeb]
J 438 C1 java.lang.ClassLoader.defineClass(Ljava/lang/String;[BIILjava/security/ProtectionDomain;)Ljava/lang/Class; (43 bytes) @ 0xa7385614 [0xa7385160+0x4b4]
J 330 C1 java.net.URLClassLoader.defineClass(Ljava/lang/String;Lsun/misc/Resource;)Ljava/lang/Class; (142 bytes) @ 0xa734f8b8 [0xa734e1e0+0x16d8]
J 3713 C1 java.net.URLClassLoader$1.run()Ljava/lang/Class; (63 bytes) @ 0xa7469278 [0xa74691c0+0xb8]
J 198 C1 java.net.URLClassLoader$1.run()Ljava/lang/Object; (5 bytes) @ 0xa72f9690 [0xa72f9620+0x70]
v  ~StubRoutines::call_stub
V  [libjvm.so+0x51faad]
V  [libjvm.so+0x746985]
V  [libjvm.so+0x51ebea]
V  [libjvm.so+0x56b9c4]  JVM_DoPrivileged+0x434
C  [libjava.so+0x9e15]  Java_java_security_AccessController_doPrivileged__Ljava_security_PrivilegedExceptionAction_2Ljava_security_AccessControlContext_2+0x25
J 143  java.security.AccessController.doPrivileged(Ljava/security/PrivilegedExceptionAction;Ljava/security/AccessControlContext;)Ljava/lang/Object; (0 bytes) @ 0xa72dd74c [0xa72dd6a0+0xac]
J 3532 C2 java.net.URLClassLoader.findClass(Ljava/lang/String;)Ljava/lang/Class; (47 bytes) @ 0xa74db56c [0xa74db500+0x6c]
J 1639 C2 java.lang.ClassLoader.loadClass(Ljava/lang/String;Z)Ljava/lang/Class; (122 bytes) @ 0xa767ecac [0xa767ea60+0x24c]
J 3849 C1 java.lang.ClassLoader.loadClass(Ljava/lang/String;)Ljava/lang/Class; (7 bytes) @ 0xa7b1a240 [0xa7b1a160+0xe0]
v  ~StubRoutines::call_stub
V  [libjvm.so+0x51faad]
V  [libjvm.so+0x746985]
V  [libjvm.so+0x51d586]
V  [libjvm.so+0x51dafb]
V  [libjvm.so+0x853e83]
V  [libjvm.so+0x8528ff]
V  [libjvm.so+0x854906]
V  [libjvm.so+0x39b0be]
V  [libjvm.so+0x39d3a4]
V  [libjvm.so+0x6310ee]
V  [libjvm.so+0x633a38]
V  [libjvm.so+0x513af7]
j  org.glassfish.jersey.server.model.IntrospectionModeller.doCreateResourceBuilder()Lorg/glassfish/jersey/server/model/Resource$Builder;+118
j  org.glassfish.jersey.server.model.IntrospectionModeller.access$000(Lorg/glassfish/jersey/server/model/IntrospectionModeller;)Lorg/glassfish/jersey/server/model/Resource$Builder;+1
j  org.glassfish.jersey.server.model.IntrospectionModeller$1.call()Lorg/glassfish/jersey/server/model/Resource$Builder;+4
j  org.glassfish.jersey.server.model.IntrospectionModeller$1.call()Ljava/lang/Object;+1
j  org.glassfish.jersey.internal.Errors.process(Ljava/util/concurrent/Callable;Z)Ljava/lang/Object;+36
j  org.glassfish.jersey.internal.Errors.process(Lorg/glassfish/jersey/internal/util/Producer;Z)Ljava/lang/Object;+2
j  org.glassfish.jersey.internal.Errors.processWithException(Lorg/glassfish/jersey/internal/util/Producer;)Ljava/lang/Object;+2
j  org.glassfish.jersey.server.model.IntrospectionModeller.createResourceBuilder()Lorg/glassfish/jersey/server/model/Resource$Builder;+8
j  org.glassfish.jersey.server.model.Resource.from(Ljava/lang/Class;Z)Lorg/glassfish/jersey/server/model/Resource;+9
j  org.glassfish.jersey.server.ApplicationHandler.initialize(Ljava/lang/Iterable;)Lorg/glassfish/jersey/server/ServerRuntime;+245
j  org.glassfish.jersey.server.ApplicationHandler.access$500(Lorg/glassfish/jersey/server/ApplicationHandler;Ljava/lang/Iterable;)Lorg/glassfish/jersey/server/ServerRuntime;+2
j  org.glassfish.jersey.server.ApplicationHandler$3.call()Lorg/glassfish/jersey/server/ServerRuntime;+16
j  org.glassfish.jersey.server.ApplicationHandler$3.call()Ljava/lang/Object;+1
j  org.glassfish.jersey.internal.Errors.process(Ljava/util/concurrent/Callable;Z)Ljava/lang/Object;+36
j  org.glassfish.jersey.internal.Errors.process(Lorg/glassfish/jersey/internal/util/Producer;Z)Ljava/lang/Object;+2
j  org.glassfish.jersey.internal.Errors.processWithException(Lorg/glassfish/jersey/internal/util/Producer;)Ljava/lang/Object;+2
j  org.glassfish.jersey.server.ApplicationHandler.<init>(Ljavax/ws/rs/core/Application;Lorg/glassfish/hk2/utilities/Binder;Lorg/glassfish/hk2/api/ServiceLocator;)V+173
j  org.glassfish.jersey.server.ApplicationHandler.<init>(Ljavax/ws/rs/core/Application;)V+4
j  org.glassfish.jersey.jdkhttp.JdkHttpHandlerContainer.<init>(Ljavax/ws/rs/core/Application;)V+10
j  org.glassfish.jersey.jdkhttp.JdkHttpServerFactory.createHttpServer(Ljava/net/URI;Lorg/glassfish/jersey/server/ResourceConfig;Z)Lcom/sun/net/httpserver/HttpServer;+6
j  org.glassfish.jersey.jdkhttp.JdkHttpServerFactory.createHttpServer(Ljava/net/URI;Lorg/glassfish/jersey/server/ResourceConfig;)Lcom/sun/net/httpserver/HttpServer;+3
j  Md5RoCopyFile.main([Ljava/lang/String;)V+133
v  ~StubRoutines::call_stub
V  [libjvm.so+0x51faad]
V  [libjvm.so+0x746985]
...<more frames>...

Java frames: (J=compiled Java code, j=interpreted, Vv=VM code)
J 571  java.lang.ClassLoader.defineClass1(Ljava/lang/String;[BIILjava/security/ProtectionDomain;Ljava/lang/String;)Ljava/lang/Class; (0 bytes) @ 0xa73d8d07 [0xa73d8c60+0xa7]
J 438 C1 java.lang.ClassLoader.defineClass(Ljava/lang/String;[BIILjava/security/ProtectionDomain;)Ljava/lang/Class; (43 bytes) @ 0xa7385614 [0xa7385160+0x4b4]
J 330 C1 java.net.URLClassLoader.defineClass(Ljava/lang/String;Lsun/misc/Resource;)Ljava/lang/Class; (142 bytes) @ 0xa734f8b8 [0xa734e1e0+0x16d8]
J 3713 C1 java.net.URLClassLoader$1.run()Ljava/lang/Class; (63 bytes) @ 0xa7469278 [0xa74691c0+0xb8]
J 198 C1 java.net.URLClassLoader$1.run()Ljava/lang/Object; (5 bytes) @ 0xa72f9690 [0xa72f9620+0x70]
v  ~StubRoutines::call_stub
J 143  java.security.AccessController.doPrivileged(Ljava/security/PrivilegedExceptionAction;Ljava/security/AccessControlContext;)Ljava/lang/Object; (0 bytes) @ 0xa72dd708 [0xa72dd6a0+0x68]
J 3532 C2 java.net.URLClassLoader.findClass(Ljava/lang/String;)Ljava/lang/Class; (47 bytes) @ 0xa74db56c [0xa74db500+0x6c]
J 1639 C2 java.lang.ClassLoader.loadClass(Ljava/lang/String;Z)Ljava/lang/Class; (122 bytes) @ 0xa767ecac [0xa767ea60+0x24c]
J 3849 C1 java.lang.ClassLoader.loadClass(Ljava/lang/String;)Ljava/lang/Class; (7 bytes) @ 0xa7b1a240 [0xa7b1a160+0xe0]
v  ~StubRoutines::call_stub
J 571  java.lang.ClassLoader.defineClass1(Ljava/lang/String;[BIILjava/security/ProtectionDomain;Ljava/lang/String;)Ljava/lang/Class; (0 bytes) @ 0xa73d8d07 [0xa73d8c60+0xa7]
J 438 C1 java.lang.ClassLoader.defineClass(Ljava/lang/String;[BIILjava/security/ProtectionDomain;)Ljava/lang/Class; (43 bytes) @ 0xa7385614 [0xa7385160+0x4b4]
J 330 C1 java.net.URLClassLoader.defineClass(Ljava/lang/String;Lsun/misc/Resource;)Ljava/lang/Class; (142 bytes) @ 0xa734f8b8 [0xa734e1e0+0x16d8]
J 3713 C1 java.net.URLClassLoader$1.run()Ljava/lang/Class; (63 bytes) @ 0xa7469278 [0xa74691c0+0xb8]
J 198 C1 java.net.URLClassLoader$1.run()Ljava/lang/Object; (5 bytes) @ 0xa72f9690 [0xa72f9620+0x70]
v  ~StubRoutines::call_stub
J 143  java.security.AccessController.doPrivileged(Ljava/security/PrivilegedExceptionAction;Ljava/security/AccessControlContext;)Ljava/lang/Object; (0 bytes) @ 0xa72dd708 [0xa72dd6a0+0x68]
J 3532 C2 java.net.URLClassLoader.findClass(Ljava/lang/String;)Ljava/lang/Class; (47 bytes) @ 0xa74db56c [0xa74db500+0x6c]
J 1639 C2 java.lang.ClassLoader.loadClass(Ljava/lang/String;Z)Ljava/lang/Class; (122 bytes) @ 0xa767ecac [0xa767ea60+0x24c]
J 3849 C1 java.lang.ClassLoader.loadClass(Ljava/lang/String;)Ljava/lang/Class; (7 bytes) @ 0xa7b1a240 [0xa7b1a160+0xe0]
v  ~StubRoutines::call_stub
j  org.glassfish.jersey.server.model.IntrospectionModeller.doCreateResourceBuilder()Lorg/glassfish/jersey/server/model/Resource$Builder;+118
j  org.glassfish.jersey.server.model.IntrospectionModeller.access$000(Lorg/glassfish/jersey/server/model/IntrospectionModeller;)Lorg/glassfish/jersey/server/model/Resource$Builder;+1
j  org.glassfish.jersey.server.model.IntrospectionModeller$1.call()Lorg/glassfish/jersey/server/model/Resource$Builder;+4
j  org.glassfish.jersey.server.model.IntrospectionModeller$1.call()Ljava/lang/Object;+1
j  org.glassfish.jersey.internal.Errors.process(Ljava/util/concurrent/Callable;Z)Ljava/lang/Object;+36
j  org.glassfish.jersey.internal.Errors.process(Lorg/glassfish/jersey/internal/util/Producer;Z)Ljava/lang/Object;+2
j  org.glassfish.jersey.internal.Errors.processWithException(Lorg/glassfish/jersey/internal/util/Producer;)Ljava/lang/Object;+2
j  org.glassfish.jersey.server.model.IntrospectionModeller.createResourceBuilder()Lorg/glassfish/jersey/server/model/Resource$Builder;+8
j  org.glassfish.jersey.server.model.Resource.from(Ljava/lang/Class;Z)Lorg/glassfish/jersey/server/model/Resource;+9
j  org.glassfish.jersey.server.ApplicationHandler.initialize(Ljava/lang/Iterable;)Lorg/glassfish/jersey/server/ServerRuntime;+245
j  org.glassfish.jersey.server.ApplicationHandler.access$500(Lorg/glassfish/jersey/server/ApplicationHandler;Ljava/lang/Iterable;)Lorg/glassfish/jersey/server/ServerRuntime;+2
j  org.glassfish.jersey.server.ApplicationHandler$3.call()Lorg/glassfish/jersey/server/ServerRuntime;+16
j  org.glassfish.jersey.server.ApplicationHandler$3.call()Ljava/lang/Object;+1
j  org.glassfish.jersey.internal.Errors.process(Ljava/util/concurrent/Callable;Z)Ljava/lang/Object;+36
j  org.glassfish.jersey.internal.Errors.process(Lorg/glassfish/jersey/internal/util/Producer;Z)Ljava/lang/Object;+2
j  org.glassfish.jersey.internal.Errors.processWithException(Lorg/glassfish/jersey/internal/util/Producer;)Ljava/lang/Object;+2
j  org.glassfish.jersey.server.ApplicationHandler.<init>(Ljavax/ws/rs/core/Application;Lorg/glassfish/hk2/utilities/Binder;Lorg/glassfish/hk2/api/ServiceLocator;)V+173
j  org.glassfish.jersey.server.ApplicationHandler.<init>(Ljavax/ws/rs/core/Application;)V+4
j  org.glassfish.jersey.jdkhttp.JdkHttpHandlerContainer.<init>(Ljavax/ws/rs/core/Application;)V+10
j  org.glassfish.jersey.jdkhttp.JdkHttpServerFactory.createHttpServer(Ljava/net/URI;Lorg/glassfish/jersey/server/ResourceConfig;Z)Lcom/sun/net/httpserver/HttpServer;+6
j  org.glassfish.jersey.jdkhttp.JdkHttpServerFactory.createHttpServer(Ljava/net/URI;Lorg/glassfish/jersey/server/ResourceConfig;)Lcom/sun/net/httpserver/HttpServer;+3
j  Md5RoCopyFile.main([Ljava/lang/String;)V+133
v  ~StubRoutines::call_stub
J 2766  sun.reflect.NativeMethodAccessorImpl.invoke0(Ljava/lang/reflect/Method;Ljava/lang/Object;[Ljava/lang/Object;)Ljava/lang/Object; (0 bytes) @ 0xa78d61de [0xa78d6160+0x7e]
J 2765 C1 sun.reflect.NativeMethodAccessorImpl.invoke(Ljava/lang/Object;[Ljava/lang/Object;)Ljava/lang/Object; (104 bytes) @ 0xa78d6774 [0xa78d64a0+0x2d4]
J 3542 C1 sun.reflect.DelegatingMethodAccessorImpl.invoke(Ljava/lang/Object;[Ljava/lang/Object;)Ljava/lang/Object; (10 bytes) @ 0xa7419504 [0xa7419420+0xe4]
J 2250 C1 java.lang.reflect.Method.invoke(Ljava/lang/Object;[Ljava/lang/Object;)Ljava/lang/Object; (62 bytes) @ 0xa77cac44 [0xa77cab40+0x104]
j  org.codehaus.mojo.exec.ExecJavaMojo$1.run()V+92
j  java.lang.Thread.run()V+11
v  ~StubRoutines::call_stub

---------------  P R O C E S S  ---------------

Java Threads: ( => current thread )
=>0x5ebf6000 JavaThread "Md5RoCopyFile.main()" [_thread_in_vm, id=31998, stack(0x5f882000,0x5f8d3000)]
  0x637aa400 JavaThread "Service Thread" daemon [_thread_blocked, id=31993, stack(0x630db000,0x6312c000)]
  0x637a7000 JavaThread "C1 CompilerThread2" daemon [_thread_blocked, id=31990, stack(0x6312c000,0x631ad000)]
  0x637a5c00 JavaThread "C2 CompilerThread1" daemon [_thread_in_native, id=31988, stack(0x631ad000,0x6322e000)]
  0x637a3c00 JavaThread "C2 CompilerThread0" daemon [_thread_in_native, id=31987, stack(0x6322e000,0x632af000)]
  0x637a2400 JavaThread "Signal Dispatcher" daemon [_thread_blocked, id=31982, stack(0x632af000,0x63300000)]
  0x63788800 JavaThread "Finalizer" daemon [_thread_blocked, id=31980, stack(0x63813000,0x63864000)]
  0x63785800 JavaThread "Reference Handler" daemon [_thread_blocked, id=31979, stack(0x6642e000,0x6647f000)]
  0xb6207800 JavaThread "main" [_thread_blocked, id=31965, stack(0xb63ee000,0xb643f000)]

Other Threads:
  0x63781000 VMThread [stack: 0x63864000,0x638e5000] [id=31976]
  0x637ac000 WatcherThread [stack: 0x6305a000,0x630db000] [id=31997]

VM state:not at safepoint (normal execution)

VM Mutex/Monitor currently owned by a thread: None

Heap:
 PSYoungGen      total 138240K, used 125193K [0x918c0000, 0x9abc0000, 0xa6e00000)
  eden space 130560K, 90% used [0x918c0000,0x98b84508,0x99840000)
  from space 7680K, 99% used [0x9a140000,0x9a8be010,0x9a8c0000)
  to   space 9216K, 0% used [0x99840000,0x99840000,0x9a140000)
 ParOldGen       total 43776K, used 9455K [0x66e00000, 0x698c0000, 0x918c0000)
  object space 43776K, 21% used [0x66e00000,0x6773bdd0,0x698c0000)
 Metaspace       used 15194K, capacity 15487K, committed 15512K, reserved 15664K

Card table byte_map: [0x66bff000,0x66e00000] byte_map_base: 0x668c8000

Marking Bits: (ParMarkBitMap*) 0xb7164880
 Begin Bits: [0x64300000, 0x65300000)
 End Bits:   [0x65300000, 0x66300000)

Polling page: 0xb7771000

CodeCache: size=245760Kb used=9702Kb max_used=9702Kb free=236057Kb
 bounds [0xa7200000, 0xa7b88000, 0xb6200000]
 total_blobs=3931 nmethods=3743 adapters=102
 compilation: enabled

Compilation events (10 events):
Event: 18.345 Thread 0x637a7000 4113       3       sun.reflect.annotation.AnnotationParser::parseMemberValue (162 bytes)
Event: 18.348 Thread 0x637a7000 nmethod 4113 0xa76e69c8 code [0xa76e6c60, 0xa76e7c68]
Event: 18.370 Thread 0x637a7000 4114       3       java.lang.reflect.Executable::equalParamTypes (36 bytes)
Event: 18.371 Thread 0x637a7000 nmethod 4114 0xa76e6588 code [0xa76e66a0, 0xa76e68a0]
Event: 18.372 Thread 0x637a7000 4116       3       sun.reflect.ClassFileAssembler::opc_invokespecial (26 bytes)
Event: 18.374 Thread 0x637a7000 nmethod 4116 0xa76e5c88 code [0xa76e5e00, 0xa76e61e4]
Event: 18.374 Thread 0x637a7000 4117       3       sun.reflect.ClassFileAssembler::emitInt (46 bytes)
Event: 18.375 Thread 0x637a7000 nmethod 4117 0xa76e5448 code [0xa76e55c0, 0xa76e5970]
Event: 18.375 Thread 0x637a7000 4118       3       sun.reflect.ClassFileAssembler::append (30 bytes)
Event: 18.377 Thread 0x637a7000 nmethod 4118 0xa76e4bc8 code [0xa76e4d40, 0xa76e50d8]

GC Heap History (10 events):
Event: 4.764 GC heap before
{Heap before GC invocations=4 (full 0):
 PSYoungGen      total 19200K, used 19199K [0x918c0000, 0x93e40000, 0xa6e00000)
  eden space 16640K, 100% used [0x918c0000,0x92900000,0x92900000)
  from space 2560K, 99% used [0x92900000,0x92b7feb8,0x92b80000)
  to   space 2560K, 0% used [0x93bc0000,0x93bc0000,0x93e40000)
 ParOldGen       total 43776K, used 2312K [0x66e00000, 0x698c0000, 0x918c0000)
  object space 43776K, 5% used [0x66e00000,0x670421b0,0x698c0000)
 Metaspace       used 8093K, capacity 8158K, committed 8216K, reserved 8496K
Event: 4.777 GC heap after
Heap after GC invocations=4 (full 0):
 PSYoungGen      total 35840K, used 2546K [0x918c0000, 0x93e40000, 0xa6e00000)
  eden space 33280K, 0% used [0x918c0000,0x918c0000,0x93940000)
  from space 2560K, 99% used [0x93bc0000,0x93e3c890,0x93e40000)
  to   space 2560K, 0% used [0x93940000,0x93940000,0x93bc0000)
 ParOldGen       total 43776K, used 4366K [0x66e00000, 0x698c0000, 0x918c0000)
  object space 43776K, 9% used [0x66e00000,0x67243b18,0x698c0000)
 Metaspace       used 8093K, capacity 8158K, committed 8216K, reserved 8496K
}
Event: 6.545 GC heap before
{Heap before GC invocations=5 (full 0):
 PSYoungGen      total 35840K, used 35826K [0x918c0000, 0x93e40000, 0xa6e00000)
  eden space 33280K, 100% used [0x918c0000,0x93940000,0x93940000)
  from space 2560K, 99% used [0x93bc0000,0x93e3c890,0x93e40000)
  to   space 2560K, 0% used [0x93940000,0x93940000,0x93bc0000)
 ParOldGen       total 43776K, used 4366K [0x66e00000, 0x698c0000, 0x918c0000)
  object space 43776K, 9% used [0x66e00000,0x67243b18,0x698c0000)
 Metaspace       used 9979K, capacity 10043K, committed 10136K, reserved 10544K
Event: 6.581 GC heap after
Heap after GC invocations=5 (full 0):
 PSYoungGen      total 35840K, used 2552K [0x918c0000, 0x964c0000, 0xa6e00000)
  eden space 33280K, 0% used [0x918c0000,0x918c0000,0x93940000)
  from space 2560K, 99% used [0x93940000,0x93bbe070,0x93bc0000)
  to   space 5632K, 0% used [0x95f40000,0x95f40000,0x964c0000)
 ParOldGen       total 43776K, used 6476K [0x66e00000, 0x698c0000, 0x918c0000)
  object space 43776K, 14% used [0x66e00000,0x67453250,0x698c0000)
 Metaspace       used 9979K, capacity 10043K, committed 10136K, reserved 10544K
}
Event: 8.080 GC heap before
{Heap before GC invocations=6 (full 0):
 PSYoungGen      total 35840K, used 35832K [0x918c0000, 0x964c0000, 0xa6e00000)
  eden space 33280K, 100% used [0x918c0000,0x93940000,0x93940000)
  from space 2560K, 99% used [0x93940000,0x93bbe070,0x93bc0000)
  to   space 5632K, 0% used [0x95f40000,0x95f40000,0x964c0000)
 ParOldGen       total 43776K, used 6476K [0x66e00000, 0x698c0000, 0x918c0000)
  object space 43776K, 14% used [0x66e00000,0x67453250,0x698c0000)
 Metaspace       used 10775K, capacity 10892K, committed 11032K, reserved 11568K
Event: 8.099 GC heap after
Heap after GC invocations=6 (full 0):
 PSYoungGen      total 71680K, used 5207K [0x918c0000, 0x965c0000, 0xa6e00000)
  eden space 66048K, 0% used [0x918c0000,0x918c0000,0x95940000)
  from space 5632K, 92% used [0x95f40000,0x96455ce0,0x964c0000)
  to   space 6144K, 0% used [0x95940000,0x95940000,0x95f40000)
 ParOldGen       total 43776K, used 6480K [0x66e00000, 0x698c0000, 0x918c0000)
  object space 43776K, 14% used [0x66e00000,0x67454250,0x698c0000)
 Metaspace       used 10775K, capacity 10892K, committed 11032K, reserved 11568K
}
Event: 11.134 GC heap before
{Heap before GC invocations=7 (full 0):
 PSYoungGen      total 71680K, used 71255K [0x918c0000, 0x965c0000, 0xa6e00000)
  eden space 66048K, 100% used [0x918c0000,0x95940000,0x95940000)
  from space 5632K, 92% used [0x95f40000,0x96455ce0,0x964c0000)
  to   space 6144K, 0% used [0x95940000,0x95940000,0x95f40000)
 ParOldGen       total 43776K, used 6480K [0x66e00000, 0x698c0000, 0x918c0000)
  object space 43776K, 14% used [0x66e00000,0x67454250,0x698c0000)
 Metaspace       used 11061K, capacity 11165K, committed 11288K, reserved 11568K
Event: 11.225 GC heap after
Heap after GC invocations=7 (full 0):
 PSYoungGen      total 72192K, used 6130K [0x918c0000, 0x9a8c0000, 0xa6e00000)
  eden space 66048K, 0% used [0x918c0000,0x918c0000,0x95940000)
  from space 6144K, 99% used [0x95940000,0x95f3c860,0x95f40000)
  to   space 7680K, 0% used [0x9a140000,0x9a140000,0x9a8c0000)
 ParOldGen       total 43776K, used 7778K [0x66e00000, 0x698c0000, 0x918c0000)
  object space 43776K, 17% used [0x66e00000,0x67598a88,0x698c0000)
 Metaspace       used 11061K, capacity 11165K, committed 11288K, reserved 11568K
}
Event: 13.094 GC heap before
{Heap before GC invocations=8 (full 0):
 PSYoungGen      total 72192K, used 72178K [0x918c0000, 0x9a8c0000, 0xa6e00000)
  eden space 66048K, 100% used [0x918c0000,0x95940000,0x95940000)
  from space 6144K, 99% used [0x95940000,0x95f3c860,0x95f40000)
  to   space 7680K, 0% used [0x9a140000,0x9a140000,0x9a8c0000)
 ParOldGen       total 43776K, used 7778K [0x66e00000, 0x698c0000, 0x918c0000)
  object space 43776K, 17% used [0x66e00000,0x67598a88,0x698c0000)
 Metaspace       used 11362K, capacity 11498K, committed 11544K, reserved 11568K
Event: 13.171 GC heap after
Heap after GC invocations=8 (full 0):
 PSYoungGen      total 138240K, used 7672K [0x918c0000, 0x9abc0000, 0xa6e00000)
  eden space 130560K, 0% used [0x918c0000,0x918c0000,0x99840000)
  from space 7680K, 99% used [0x9a140000,0x9a8be010,0x9a8c0000)
  to   space 9216K, 0% used [0x99840000,0x99840000,0x9a140000)
 ParOldGen       total 43776K, used 9455K [0x66e00000, 0x698c0000, 0x918c0000)
  object space 43776K, 21% used [0x66e00000,0x6773bdd0,0x698c0000)
 Metaspace       used 11362K, capacity 11498K, committed 11544K, reserved 11568K
}

Deoptimization events (10 events):
Event: 15.127 Thread 0x5ebf6000 Uncommon trap: reason=unstable_if action=reinterpret pc=0xa7924dfc method=java.lang.ThreadLocal$ThreadLocalMap.getEntry(Ljava/lang/ThreadLocal;)Ljava/lang/ThreadLocal$ThreadLocalMap$Entry; @ 29
Event: 15.297 Thread 0x5ebf6000 Uncommon trap: reason=unstable_if action=reinterpret pc=0xa7afa834 method=java.net.URI.match(CJJ)Z @ 45
Event: 16.108 Thread 0x5ebf6000 Uncommon trap: reason=bimorphic action=maybe_recompile pc=0xa7b58e60 method=java.util.WeakHashMap.eq(Ljava/lang/Object;Ljava/lang/Object;)Z @ 7
Event: 16.108 Thread 0x5ebf6000 Uncommon trap: reason=bimorphic action=maybe_recompile pc=0xa7b58e60 method=java.util.WeakHashMap.eq(Ljava/lang/Object;Ljava/lang/Object;)Z @ 7
Event: 16.216 Thread 0x5ebf6000 Uncommon trap: reason=bimorphic action=maybe_recompile pc=0xa7b58e60 method=java.util.WeakHashMap.eq(Ljava/lang/Object;Ljava/lang/Object;)Z @ 7
Event: 16.216 Thread 0x5ebf6000 Uncommon trap: reason=bimorphic action=maybe_recompile pc=0xa7b58e60 method=java.util.WeakHashMap.eq(Ljava/lang/Object;Ljava/lang/Object;)Z @ 7
Event: 16.297 Thread 0x5ebf6000 Uncommon trap: reason=class_check action=maybe_recompile pc=0xa76cbea4 method=java.lang.reflect.Method.equals(Ljava/lang/Object;)Z @ 5
Event: 16.298 Thread 0x5ebf6000 Uncommon trap: reason=class_check action=maybe_recompile pc=0xa76cbea4 method=java.lang.reflect.Method.equals(Ljava/lang/Object;)Z @ 5
Event: 17.445 Thread 0x5ebf6000 Uncommon trap: reason=class_check action=maybe_recompile pc=0xa76cbea4 method=java.lang.reflect.Method.equals(Ljava/lang/Object;)Z @ 5
Event: 17.757 Thread 0x5ebf6000 Uncommon trap: reason=unstable_if action=reinterpret pc=0xa741cc8c method=sun.net.www.ParseUtil.encodePath(Ljava/lang/String;Z)Ljava/lang/String; @ 109

Internal exceptions (10 events):
Event: 15.380 Thread 0x5ebf6000 Exception <a 'java/security/PrivilegedActionException'> (0x95fd9150) thrown at [/build/openjdk-8-Y4imzb/openjdk-8-8u151-b12/src/hotspot/src/share/vm/prims/jvm.cpp, line 1390]
Event: 15.380 Thread 0x5ebf6000 Exception <a 'java/security/PrivilegedActionException'> (0x95fd9530) thrown at [/build/openjdk-8-Y4imzb/openjdk-8-8u151-b12/src/hotspot/src/share/vm/prims/jvm.cpp, line 1390]
Event: 15.380 Thread 0x5ebf6000 Exception <a 'java/security/PrivilegedActionException'> (0x95fda6f8) thrown at [/build/openjdk-8-Y4imzb/openjdk-8-8u151-b12/src/hotspot/src/share/vm/prims/jvm.cpp, line 1390]
Event: 15.380 Thread 0x5ebf6000 Exception <a 'java/security/PrivilegedActionException'> (0x95fdaad8) thrown at [/build/openjdk-8-Y4imzb/openjdk-8-8u151-b12/src/hotspot/src/share/vm/prims/jvm.cpp, line 1390]
Event: 15.380 Thread 0x5ebf6000 Exception <a 'java/security/PrivilegedActionException'> (0x95fdbc70) thrown at [/build/openjdk-8-Y4imzb/openjdk-8-8u151-b12/src/hotspot/src/share/vm/prims/jvm.cpp, line 1390]
Event: 15.380 Thread 0x5ebf6000 Exception <a 'java/security/PrivilegedActionException'> (0x95fdc050) thrown at [/build/openjdk-8-Y4imzb/openjdk-8-8u151-b12/src/hotspot/src/share/vm/prims/jvm.cpp, line 1390]
Event: 15.380 Thread 0x5ebf6000 Exception <a 'java/security/PrivilegedActionException'> (0x95fdd218) thrown at [/build/openjdk-8-Y4imzb/openjdk-8-8u151-b12/src/hotspot/src/share/vm/prims/jvm.cpp, line 1390]
Event: 15.380 Thread 0x5ebf6000 Exception <a 'java/security/PrivilegedActionException'> (0x95fdd5f8) thrown at [/build/openjdk-8-Y4imzb/openjdk-8-8u151-b12/src/hotspot/src/share/vm/prims/jvm.cpp, line 1390]
Event: 15.380 Thread 0x5ebf6000 Exception <a 'java/security/PrivilegedActionException'> (0x95fde660) thrown at [/build/openjdk-8-Y4imzb/openjdk-8-8u151-b12/src/hotspot/src/share/vm/prims/jvm.cpp, line 1390]
Event: 15.380 Thread 0x5ebf6000 Exception <a 'java/security/PrivilegedActionException'> (0x95fdea40) thrown at [/build/openjdk-8-Y4imzb/openjdk-8-8u151-b12/src/hotspot/src/share/vm/prims/jvm.cpp, line 1390]

Events (10 events):
Event: 18.380 loading class org/glassfish/jersey/server/model/MethodList$3
Event: 18.380 loading class org/glassfish/jersey/server/model/MethodList$3 done
Event: 18.381 loading class org/glassfish/jersey/server/model/MethodList$4
Event: 18.381 loading class org/glassfish/jersey/server/model/MethodList$4 done
Event: 18.382 loading class org/glassfish/jersey/server/model/InvocableValidator
Event: 18.382 loading class org/glassfish/jersey/server/model/InvocableValidator done
Event: 18.383 loading class org/glassfish/jersey/server/model/AbstractResourceModelVisitor
Event: 18.383 loading class org/glassfish/jersey/server/model/AbstractResourceModelVisitor done
Event: 18.384 loading class org/glassfish/jersey/server/model/ResourceModelVisitor
Event: 18.384 loading class org/glassfish/jersey/server/model/ResourceModelVisitor done


Dynamic libraries:
08048000-08049000 r-xp 00000000 08:01 1693306    /usr/lib/jvm/java-8-openjdk-i386/jre/bin/java
08049000-0804a000 r--p 00000000 08:01 1693306    /usr/lib/jvm/java-8-openjdk-i386/jre/bin/java
0804a000-0804b000 rw-p 00001000 08:01 1693306    /usr/lib/jvm/java-8-openjdk-i386/jre/bin/java
08e12000-08e9e000 rw-p 00000000 00:00 0          [heap]
5cbd1000-5cd00000 rw-p 00000000 00:00 0 
5cd00000-5cda1000 rw-p 00000000 00:00 0 
5cda1000-5ce00000 ---p 00000000 00:00 0 
5ce00000-5ce94000 rw-p 00000000 00:00 0 
5ce94000-5cf00000 ---p 00000000 00:00 0 
5cf00000-5cff9000 rw-p 00000000 00:00 0 
5cff9000-5d000000 ---p 00000000 00:00 0 
5d000000-5d084000 rw-p 00000000 00:00 0 
5d084000-5d100000 ---p 00000000 00:00 0 
5d100000-5d1dd000 rw-p 00000000 00:00 0 
5d1dd000-5d200000 ---p 00000000 00:00 0 
5d2e0000-5d400000 rw-p 00000000 00:00 0 
5d400000-5d4ff000 rw-p 00000000 00:00 0 
5d4ff000-5d500000 ---p 00000000 00:00 0 
5d600000-5d7f9000 rw-p 00000000 00:00 0 
5d7f9000-5d800000 ---p 00000000 00:00 0 
5d800000-5d8e0000 rw-p 00000000 00:00 0 
5d900000-5da00000 rw-p 00000000 00:00 0 
5da00000-5daf7000 rw-p 00000000 00:00 0 
5daf7000-5db00000 ---p 00000000 00:00 0 
5db8e000-5dc00000 r--s 0065a000 08:01 2733069    /home/sarnobat/.m2/repository/org/scala-lang/scala-library/2.10.4/scala-library-2.10.4.jar
5dc00000-5dd00000 rw-p 00000000 00:00 0 
5dd35000-5dd37000 r--s 0000c000 08:01 2733077    /home/sarnobat/.m2/repository/org/apache/commons/commons-exec/1.3/commons-exec-1.3.jar
5dd37000-5dd3b000 r--s 0002f000 08:01 2709306    /home/sarnobat/.m2/repository/com/fasterxml/jackson/core/jackson-core/2.1.3/jackson-core-2.1.3.jar
5dd3b000-5dd3c000 r--s 00001000 08:01 2733072    /home/sarnobat/.m2/repository/com/google/http-client/google-http-client-jackson2/1.19.0/google-http-client-jackson2-1.19.0.jar
5dd3c000-5dd40000 r--s 00032000 08:01 2733067    /home/sarnobat/.m2/repository/com/typesafe/config/1.2.1/config-1.2.1.jar
5dd40000-5dd66000 r--s 00257000 08:01 2733064    /home/sarnobat/.m2/repository/com/typesafe/akka/akka-actor_2.10/2.3.10/akka-actor_2.10-2.3.10.jar
5dd66000-5dd68000 r--s 00003000 08:01 2733066    /home/sarnobat/.m2/repository/org/kevoree/tools/org.kevoree.tools.annotation.api/2.0.5/org.kevoree.tools.annotation.api-2.0.5.jar
5dd68000-5dd6f000 r--s 00028000 08:01 2733063    /home/sarnobat/.m2/repository/org/jetbrains/kotlin/kotlin-runtime/0.5.998/kotlin-runtime-0.5.998.jar
5dd6f000-5dd74000 r--s 0004b000 08:01 2733061    /home/sarnobat/.m2/repository/org/jetbrains/kotlin/kotlin-stdlib/0.5.998/kotlin-stdlib-0.5.998.jar
5dd74000-5dd75000 r--s 00001000 08:01 2733055    /home/sarnobat/.m2/repository/org/kevoree/org.kevoree.log/2.0.5/org.kevoree.log-2.0.5.jar
5dd75000-5dd77000 r--s 00007000 08:01 2733058    /home/sarnobat/.m2/repository/org/kevoree/org.kevoree.kcl/2.0.5/org.kevoree.kcl-2.0.5.jar
5dd77000-5dd79000 r--s 0000c000 08:01 2733056    /home/sarnobat/.m2/repository/org/kevoree/org.kevoree.adaptation.model/2.0.5/org.kevoree.adaptation.model-2.0.5.jar
5dd79000-5dd7c000 r--s 00020000 08:01 2733054    /home/sarnobat/.m2/repository/org/kevoree/org.kevoree.model.context/2.0.5/org.kevoree.model.context-2.0.5.jar
5dd7c000-5dd7e000 r--s 00008000 08:01 2733053    /home/sarnobat/.m2/repository/fr/inria/jfilter/jfilter-library/1.3/jfilter-library-1.3.jar
5dd7e000-5dd80000 r--s 00007000 08:01 2733048    /home/sarnobat/.m2/repository/org/kevoree/modeling/org.kevoree.modeling.microframework/1.4.4/org.kevoree.modeling.microframework-1.4.4.jar
5dd80000-5dd85000 r--s 000a1000 08:01 2733044    /home/sarnobat/.m2/repository/org/kevoree/org.kevoree.model/2.0.5/org.kevoree.model-2.0.5.jar
5dd85000-5dd87000 r--s 00002000 08:01 2733042    /home/sarnobat/.m2/repository/org/kevoree/org.kevoree.api/2.0.5/org.kevoree.api-2.0.5.jar
5dd87000-5dd89000 r--s 0000a000 08:01 2733046    /home/sarnobat/.m2/repository/org/kevoree/org.kevoree.framework/2.0.5/org.kevoree.framework-2.0.5.jar
5dd89000-5dd8b000 r--s 0000c000 08:01 2733043    /home/sarnobat/.m2/repository/org/kevoree/tools/org.kevoree.tools.javase.framework/2.0.5/org.kevoree.tools.javase.framework-2.0.5.jar
5dd8b000-5dd8c000 r--s 00002000 08:01 2733037    /home/sarnobat/.m2/repository/org/slf4j/slf4j-simple/1.7.5/slf4j-simple-1.7.5.jar
5dd8c000-5dd8d000 r--s 00009000 08:01 2733040    /home/sarnobat/.m2/repository/org/kevoree/corelibrary/javase/org.kevoree.library.javase.nanohttp/2.0.2/org.kevoree.library.javase.nanohttp-2.0.2.jar
5dd8d000-5dd92000 r--s 0002a000 08:01 2733032    /home/sarnobat/.m2/repository/com/google/code/gson/gson/2.2.4/gson-2.2.4.jar
5dd92000-5dd93000 r--s 00002000 08:01 2733033    /home/sarnobat/.m2/repository/com/github/axet/threads/0.0.2/threads-0.0.2.jar
5dd93000-5dd95000 r--s 00005000 08:01 2701036    /home/sarnobat/.m2/repository/xpp3/xpp3_min/1.1.4c/xpp3_min-1.1.4c.jar
5dd95000-5dd96000 r--s 00001000 08:01 2701035    /home/sarnobat/.m2/repository/xmlpull/xmlpull/1.1.3.1/xmlpull-1.1.3.1.jar
5dd96000-5dda2000 r--s 0006a000 08:01 2733504    /home/sarnobat/.m2/repository/com/thoughtworks/xstream/xstream/1.4.2/xstream-1.4.2.jar
5dda2000-5dda4000 r--s 00009000 08:01 2733031    /home/sarnobat/.m2/repository/com/github/axet/wget/1.2.11/wget-1.2.11.jar
5dda4000-5dda6000 r--s 00008000 08:01 2733035    /home/sarnobat/.m2/repository/com/github/axet/vget/1.1.10/vget-1.1.10.jar
5dda6000-5dda7000 r--s 00004000 08:01 2733020    /home/sarnobat/.m2/repository/javax/json/javax.json-api/1.0/javax.json-api-1.0.jar
5dda7000-5ddb8000 r--s 000c6000 08:01 2733016    /home/sarnobat/.m2/repository/org/glassfish/grizzly/grizzly-framework/2.3.16/grizzly-framework-2.3.16.jar
5ddb8000-5ddbd000 r--s 0004c000 08:01 2733015    /home/sarnobat/.m2/repository/org/glassfish/grizzly/grizzly-http/2.3.16/grizzly-http-2.3.16.jar
5ddbd000-5ddc3000 r--s 0003f000 08:01 2733013    /home/sarnobat/.m2/repository/org/glassfish/grizzly/grizzly-http-server/2.3.16/grizzly-http-server-2.3.16.jar
5ddc3000-5ddc5000 r--s 00005000 08:01 2733011    /home/sarnobat/.m2/repository/org/glassfish/jersey/containers/jersey-container-grizzly2-http/2.13/jersey-container-grizzly2-http-2.13.jar
5ddc5000-5ddcb000 r--s 00042000 08:01 2733012    /home/sarnobat/.m2/repository/org/jsoup/jsoup/1.7.2/jsoup-1.7.2.jar
5ddcb000-5dded000 r--s 0015f000 08:01 2733018    /home/sarnobat/.m2/repository/com/ui4j/ui4j-all/2.0.0/ui4j-all-2.0.0.jar
5dded000-5ddf1000 r--s 0003c000 08:01 2701080    /home/sarnobat/.m2/repository/commons-lang/commons-lang/2.4/commons-lang-2.4.jar
5ddf1000-5ddf5000 r--s 00029000 08:01 2714578    /home/sarnobat/.m2/repository/org/glassfish/jersey/core/jersey-client/2.26/jersey-client-2.26.jar
5ddf5000-5ddfa000 r--s 00046000 08:01 2732990    /home/sarnobat/.m2/repository/org/apache/commons/commons-lang3/3.0/commons-lang3-3.0.jar
5ddfa000-5ddfc000 r--s 0000a000 08:01 2732988    /home/sarnobat/.m2/repository/javax/ws/rs/jsr311-api/1.1.1/jsr311-api-1.1.1.jar
5ddfc000-5de00000 r--s 0002f000 08:01 2772051    /home/sarnobat/.m2/repository/commons-io/commons-io/2.5/commons-io-2.5.jar
5de00000-5df00000 rw-p 00000000 00:00 0 
5df00000-5e000000 rw-p 00000000 00:00 0 
5e000000-5e006000 r--s 00045000 08:01 2717567    /home/sarnobat/.m2/repository/commons-httpclient/commons-httpclient/3.1/commons-httpclient-3.1.jar
5e006000-5e008000 r--s 0000e000 08:01 2701078    /home/sarnobat/.m2/repository/javax/activation/activation/1.1/activation-1.1.jar
5e008000-5e00f000 r--s 00064000 08:01 2732986    /home/sarnobat/.m2/repository/javax/mail/mail/1.4.2/mail-1.4.2.jar
5e00f000-5e012000 r--s 00023000 08:01 2732985    /home/sarnobat/.m2/repository/jdom/jdom/1.0/jdom-1.0.jar
5e012000-5e016000 r--s 00032000 08:01 2732981    /home/sarnobat/.m2/repository/net/java/dev/rome/rome/1.0.0/rome-1.0.0.jar
5e016000-5e017000 r--s 0000a000 08:01 2495669    /home/sarnobat/.m2/repository/commons-logging/commons-logging-api/1.1/commons-logging-api-1.1.jar
5e017000-5e019000 r--s 00008000 08:01 2732980    /home/sarnobat/.m2/repository/com/googlecode/gmail4j/gmail4j/0.4/gmail4j-0.4.jar
5e019000-5e01d000 r--s 00025000 08:01 2732973    /home/sarnobat/.m2/repository/com/google/api-client/google-api-client/1.17.0-rc/google-api-client-1.17.0-rc.jar
5e01d000-5e020000 r--s 00006000 08:01 2717565    /home/sarnobat/.m2/repository/com/google/code/findbugs/jsr305/1.3.9/jsr305-1.3.9.jar
5e020000-5e026000 r--s 0003c000 08:01 2733397    /home/sarnobat/.m2/repository/com/google/http-client/google-http-client/1.17.0-rc/google-http-client-1.17.0-rc.jar
5e026000-5e028000 r--s 0000d000 08:01 2732978    /home/sarnobat/.m2/repository/com/google/oauth-client/google-oauth-client/1.17.0-rc/google-oauth-client-1.17.0-rc.jar
5e028000-5e02a000 r--s 00282000 08:01 2732971    /home/sarnobat/.m2/repository/org/seleniumhq/selenium/selenium-firefox-driver/2.45.0/selenium-firefox-driver-2.45.0.jar
5e02a000-5e02c000 r--s 0000e000 08:01 2733431    /home/sarnobat/.m2/repository/org/json/json/20171018/json-20171018.jar
5e02c000-5e039000 r--s 000a2000 08:01 2733085    /home/sarnobat/.m2/repository/org/apache/commons/commons-imaging/1.0-R1480221/commons-imaging-1.0-R1480221.jar
5e039000-5e077000 r--s 0025e000 08:01 2732970    /home/sarnobat/.m2/repository/org/bouncycastle/bcprov-jdk15on/1.50/bcprov-jdk15on-1.50.jar
5e077000-5e087000 r--s 00083000 08:01 2732963    /home/sarnobat/.m2/repository/org/bouncycastle/bcpkix-jdk15on/1.50/bcpkix-jdk15on-1.50.jar
5e087000-5e08f000 r--s 00052000 08:01 2732961    /home/sarnobat/.m2/repository/net/schmizz/sshj/0.10.0/sshj-0.10.0.jar
5e08f000-5e09c000 r--s 0008e000 08:01 2732962    /home/sarnobat/.m2/repository/org/apache/mina/mina-core/2.0.9/mina-core-2.0.9.jar
5e09c000-5e0ab000 r--s 00095000 08:01 2732958    /home/sarnobat/.m2/repository/org/apache/sshd/sshd-core/0.14.0/sshd-core-0.14.0.jar
5e0ab000-5e0b9000 r--s 00154000 08:01 2732960    /home/sarnobat/.m2/repository/org/apache/openjpa/openjpa-jdbc/2.4.0/openjpa-jdbc-2.4.0.jar
5e0b9000-5e0bd000 r--s 00022000 08:01 2732952    /home/sarnobat/.m2/repository/org/apache/openjpa/openjpa-persistence-jdbc/2.4.0/openjpa-persistence-jdbc-2.4.0.jar
5e0bd000-5e0ca000 r--s 000bf000 08:01 2732953    /home/sarnobat/.m2/repository/org/apache/openjpa/openjpa-persistence/2.4.0/openjpa-persistence-2.4.0.jar
5e0ca000-5e0d3000 r--s 0006b000 08:01 2732950    /home/sarnobat/.m2/repository/org/apache/openjpa/openjpa-lib/2.4.0/openjpa-lib-2.4.0.jar
5e0d3000-5e0e4000 r--s 00154000 08:01 2732951    /home/sarnobat/.m2/repository/org/apache/openjpa/openjpa-kernel/2.4.0/openjpa-kernel-2.4.0.jar
5e0e4000-5e0e7000 r--s 00034000 08:01 2732949    /home/sarnobat/.m2/repository/org/apache/openjpa/openjpa-jest/2.4.0/openjpa-jest-2.4.0.jar
5e0e7000-5e0ec000 r--s 00019000 08:01 2732944    /home/sarnobat/.m2/repository/org/apache/geronimo/specs/geronimo-jpa_2.0_spec/1.1/geronimo-jpa_2.0_spec-1.1.jar
5e0ec000-5e0ee000 r--s 00004000 08:01 2701076    /home/sarnobat/.m2/repository/javax/xml/stream/stax-api/1.0-2/stax-api-1.0-2.jar
5e0ee000-5e0f2000 r--s 00020000 08:01 2732943    /home/sarnobat/.m2/repository/org/apache/xbean/xbean-asm5-shaded/3.17/xbean-asm5-shaded-3.17.jar
5e0f2000-5e100000 r--s 0007f000 08:01 2701074    /home/sarnobat/.m2/repository/commons-collections/commons-collections/3.2.1/commons-collections-3.2.1.jar
5e100000-5e200000 rw-p 00000000 00:00 0 
5e200000-5e2fe000 rw-p 00000000 00:00 0 
5e2fe000-5e300000 ---p 00000000 00:00 0 
5e300000-5e3ff000 rw-p 00000000 00:00 0 
5e3ff000-5e400000 ---p 00000000 00:00 0 
5e400000-5e403000 r--s 00015000 08:01 2732942    /home/sarnobat/.m2/repository/commons-pool/commons-pool/1.5.4/commons-pool-1.5.4.jar
5e403000-5e404000 r--s 00003000 08:01 2732938    /home/sarnobat/.m2/repository/org/apache/geronimo/specs/geronimo-jta_1.1_spec/1.1.1/geronimo-jta_1.1_spec-1.1.1.jar
5e404000-5e406000 r--s 00006000 08:01 2732937    /home/sarnobat/.m2/repository/org/apache/geronimo/specs/geronimo-jms_1.1_spec/1.1.1/geronimo-jms_1.1_spec-1.1.1.jar
5e406000-5e409000 r--s 00032000 08:01 2732936    /home/sarnobat/.m2/repository/net/sourceforge/serp/serp/1.15.1/serp-1.15.1.jar
5e409000-5e441000 r--s 00447000 08:01 2732933    /home/sarnobat/.m2/repository/org/apache/openjpa/openjpa/2.4.0/openjpa-2.4.0.jar
5e441000-5e444000 r--s 00012000 08:01 2732930    /home/sarnobat/.m2/repository/org/glassfish/javax.json/1.0.4/javax.json-1.0.4.jar
5e444000-5e448000 r--s 00017000 08:01 2732928    /home/sarnobat/.m2/repository/net/coobird/thumbnailator/0.4.8/thumbnailator-0.4.8.jar
5e448000-5e44a000 r--s 00000000 08:01 2732927    /home/sarnobat/.m2/repository/com/jcraft/jsch.agentproxy.jsch/0.0.6/jsch.agentproxy.jsch-0.0.6.jar
5e44a000-5e44b000 r--s 00001000 08:01 2732923    /home/sarnobat/.m2/repository/com/jcraft/jsch.agentproxy.pageant/0.0.6/jsch.agentproxy.pageant-0.0.6.jar
5e44b000-5e44d000 r--s 00000000 08:01 2732922    /home/sarnobat/.m2/repository/com/jcraft/jsch.agentproxy.sshagent/0.0.6/jsch.agentproxy.sshagent-0.0.6.jar
5e44d000-5e44e000 r--s 00001000 08:01 2732921    /home/sarnobat/.m2/repository/com/jcraft/jsch.agentproxy.usocket-nc/0.0.6/jsch.agentproxy.usocket-nc-0.0.6.jar
5e44e000-5e44f000 r--s 00001000 08:01 2732917    /home/sarnobat/.m2/repository/com/jcraft/jsch.agentproxy.usocket-jna/0.0.6/jsch.agentproxy.usocket-jna-0.0.6.jar
5e44f000-5e451000 r--s 00001000 08:01 2732916    /home/sarnobat/.m2/repository/com/jcraft/jsch.agentproxy.core/0.0.6/jsch.agentproxy.core-0.0.6.jar
5e451000-5e452000 r--s 00002000 08:01 2732915    /home/sarnobat/.m2/repository/com/jcraft/jsch.agentproxy.connector-factory/0.0.6/jsch.agentproxy.connector-factory-0.0.6.jar
5e452000-5e454000 r--s 00011000 08:01 2732911    /home/sarnobat/.m2/repository/com/pastdev/jsch-extension/0.1.3/jsch-extension-0.1.3.jar
5e454000-5e456000 r--s 00006000 08:01 2733503    /home/sarnobat/.m2/repository/org/slf4j/slf4j-api/1.7.7/slf4j-api-1.7.7.jar
5e456000-5e458000 r--s 0000d000 08:01 2732908    /home/sarnobat/.m2/repository/com/pastdev/jsch-nio/0.1.5/jsch-nio-0.1.5.jar
5e458000-5e459000 r--s 00025000 08:01 2733418    /home/sarnobat/.m2/repository/org/bytedeco/javacpp-presets/artoolkitplus/2.3.0-0.8/artoolkitplus-2.3.0-0.8-linux-x86.jar
5e459000-5e45a000 r--s 00000000 08:01 2733417    /home/sarnobat/.m2/repository/org/bytedeco/javacpp-presets/videoinput/0.200-0.8/videoinput-0.200-0.8-linux-x86.jar
5e45a000-5e45b000 r--s 00012000 08:01 2733413    /home/sarnobat/.m2/repository/org/bytedeco/javacpp-presets/libfreenect/0.4-0.8/libfreenect-0.4-0.8-linux-x86.jar
5e45b000-5e45c000 r--s 00026000 08:01 2733411    /home/sarnobat/.m2/repository/org/bytedeco/javacpp-presets/libdc1394/2.2.2-0.8/libdc1394-2.2.2-0.8-linux-x86.jar
5e45c000-5e45d000 r--s 00000000 08:01 2733409    /home/sarnobat/.m2/repository/org/bytedeco/javacpp-presets/flycapture/1.7.17-0.8/flycapture-1.7.17-0.8-linux-x86.jar
5e45d000-5e45f000 r--s 005f9000 08:01 2733407    /home/sarnobat/.m2/repository/org/bytedeco/javacpp-presets/ffmpeg/2.2.1-0.8/ffmpeg-2.2.1-0.8-linux-x86.jar
5e45f000-5e462000 r--s 00760000 08:01 2733405    /home/sarnobat/.m2/repository/org/bytedeco/javacpp-presets/opencv/2.4.9-0.8/opencv-2.4.9-0.8-linux-x86.jar
5e462000-5e463000 r--s 00005000 08:01 2732894    /home/sarnobat/.m2/repository/org/bytedeco/javacpp-presets/artoolkitplus/2.3.0-0.8/artoolkitplus-2.3.0-0.8.jar
5e463000-5e464000 r--s 00003000 08:01 2732893    /home/sarnobat/.m2/repository/org/bytedeco/javacpp-presets/videoinput/0.200-0.8/videoinput-0.200-0.8.jar
5e464000-5e466000 r--s 00004000 08:01 2732890    /home/sarnobat/.m2/repository/org/bytedeco/javacpp-presets/libfreenect/0.4-0.8/libfreenect-0.4-0.8.jar
5e466000-5e468000 r--s 00006000 08:01 2732891    /home/sarnobat/.m2/repository/org/bytedeco/javacpp-presets/libdc1394/2.2.2-0.8/libdc1394-2.2.2-0.8.jar
5e468000-5e46a000 r--s 00004000 08:01 2732887    /home/sarnobat/.m2/repository/org/bytedeco/javacpp-presets/flycapture/1.7.17-0.8/flycapture-1.7.17-0.8.jar
5e46a000-5e470000 r--s 0002e000 08:01 2732883    /home/sarnobat/.m2/repository/org/bytedeco/javacpp-presets/ffmpeg/2.2.1-0.8/ffmpeg-2.2.1-0.8.jar
5e470000-5e482000 r--s 000b2000 08:01 2732882    /home/sarnobat/.m2/repository/org/bytedeco/javacpp-presets/opencv/2.4.9-0.8/opencv-2.4.9-0.8.jar
5e482000-5e486000 r--s 0002a000 08:01 2732881    /home/sarnobat/.m2/repository/org/bytedeco/javacpp/0.8/javacpp-0.8.jar
5e486000-5e48b000 r--s 0004c000 08:01 2732880    /home/sarnobat/.m2/repository/org/bytedeco/javacv/0.8/javacv-0.8.jar
5e48b000-5e48c000 r--s 00009000 08:01 2494045    /home/sarnobat/.m2/repository/org/apache/commons/commons-csv/1.4/commons-csv-1.4.jar
5e48c000-5e48e000 r--s 0000c000 08:01 2494041    /home/sarnobat/.m2/repository/commons-cli/commons-cli/1.4/commons-cli-1.4.jar
5e48e000-5e493000 r--s 00025000 08:01 2739591    /home/sarnobat/.m2/repository/org/seleniumhq/selenium/selenium-support/2.53.0/selenium-support-2.53.0.jar
5e493000-5e495000 r--s 0000e000 08:01 2534898    /home/sarnobat/.m2/repository/commons-logging/commons-logging/1.1.3/commons-logging-1.1.3.jar
5e495000-5e4a0000 r--s 00085000 08:01 2717464    /home/sarnobat/.m2/repository/org/apache/httpcomponents/httpclient/4.3.3/httpclient-4.3.3.jar
5e4a0000-5e4ab000 r--s 000d5000 08:01 2717463    /home/sarnobat/.m2/repository/net/java/dev/jna/platform/3.4.0/platform-3.4.0.jar
5e4ab000-5e4af000 r--s 000f3000 08:01 2717457    /home/sarnobat/.m2/repository/net/java/dev/jna/jna/3.4.0/jna-3.4.0.jar
5e4af000-5e4da000 r--s 001fc000 08:01 2714577    /home/sarnobat/.m2/repository/com/google/guava/guava/18.0/guava-18.0.jar
5e4da000-5e4df000 r--s 0001d000 08:01 2717456    /home/sarnobat/.m2/repository/org/seleniumhq/selenium/selenium-api/2.45.0/selenium-api-2.45.0.jar
5e4df000-5e4e6000 r--s 00049000 08:01 2717455    /home/sarnobat/.m2/repository/cglib/cglib-nodep/2.1_3/cglib-nodep-2.1_3.jar
5e4e6000-5e4ec000 r--s 00033000 08:01 2717452    /home/sarnobat/.m2/repository/org/seleniumhq/selenium/selenium-remote-driver/2.45.0/selenium-remote-driver-2.45.0.jar
5e4ec000-5e4ed000 r--s 00002000 08:01 2717450    /home/sarnobat/.m2/repository/org/seleniumhq/selenium/selenium-chrome-driver/2.45.0/selenium-chrome-driver-2.45.0.jar
5e4ed000-5e4f1000 r--s 00034000 08:01 2717447    /home/sarnobat/.m2/repository/com/jcraft/jsch/0.1.48/jsch-0.1.48.jar
5e4f1000-5e4f2000 r--s 00002000 08:01 2717449    /home/sarnobat/.m2/repository/no/uis/nio/nio-fs-sftp/1.1.0/nio-fs-sftp-1.1.0.jar
5e4f2000-5e4f9000 r--s 00048000 08:01 2717444    /home/sarnobat/.m2/repository/org/apache/httpcomponents/httpcore/4.4.1/httpcore-4.4.1.jar
5e4f9000-5e500000 r--s 00050000 08:01 2717443    /home/sarnobat/.m2/repository/org/apache/httpcomponents/httpcore-nio/4.4.1/httpcore-nio-4.4.1.jar
5e500000-5e600000 rw-p 00000000 00:00 0 
5e600000-5e604000 r--s 0000c000 08:01 2717440    /home/sarnobat/.m2/repository/javax/validation/validation-api/1.1.0.Final/validation-api-1.1.0.Final.jar
5e604000-5e60e000 r--s 000ae000 08:01 2733500    /home/sarnobat/.m2/repository/org/javassist/javassist/3.20.0-GA/javassist-3.20.0-GA.jar
5e60e000-5e611000 r--s 0002b000 08:01 2714574    /home/sarnobat/.m2/repository/org/glassfish/hk2/hk2-locator/2.5.0-b30/hk2-locator-2.5.0-b30.jar
5e611000-5e613000 r--s 00002000 08:01 2733498    /home/sarnobat/.m2/repository/org/glassfish/hk2/external/aopalliance-repackaged/2.5.0-b30/aopalliance-repackaged-2.5.0-b30.jar
5e613000-5e616000 r--s 0001e000 08:01 2714572    /home/sarnobat/.m2/repository/org/glassfish/hk2/hk2-utils/2.5.0-b30/hk2-utils-2.5.0-b30.jar
5e616000-5e61c000 r--s 00028000 08:01 2707556    /home/sarnobat/.m2/repository/org/glassfish/hk2/hk2-api/2.5.0-b30/hk2-api-2.5.0-b30.jar
5e61c000-5e61e000 r--s 00005000 08:01 2709293    /home/sarnobat/.m2/repository/javax/annotation/javax.annotation-api/1.2/javax.annotation-api-1.2.jar
5e61e000-5e620000 r--s 00010000 08:01 2707554    /home/sarnobat/.m2/repository/org/glassfish/jersey/media/jersey-media-jaxb/2.25/jersey-media-jaxb-2.25.jar
5e620000-5e635000 r--s 000d1000 08:01 2707553    /home/sarnobat/.m2/repository/org/glassfish/jersey/core/jersey-server/2.25/jersey-server-2.25.jar
5e635000-5e63c000 r--s 0005b000 08:01 2709287    /home/sarnobat/.m2/repository/org/mongodb/mongo-java-driver/2.10.1/mongo-java-driver-2.10.1.jar
5e63c000-5e63d000 r--s 00003000 08:01 2772145    /home/sarnobat/.m2/repository/org/eclipse/jetty/jetty-continuation/9.2.14.v20151106/jetty-continuation-9.2.14.v20151106.jar
5e63d000-5e643000 r--s 00053000 08:01 2707550    /home/sarnobat/.m2/repository/org/eclipse/jetty/jetty-util/9.2.14.v20151106/jetty-util-9.2.14.v20151106.jar
5e643000-5e646000 r--s 00018000 08:01 2707549    /home/sarnobat/.m2/repository/org/eclipse/jetty/jetty-io/9.2.14.v20151106/jetty-io-9.2.14.v20151106.jar
5e646000-5e648000 r--s 00018000 08:01 2707546    /home/sarnobat/.m2/repository/org/eclipse/jetty/jetty-http/9.2.14.v20151106/jetty-http-9.2.14.v20151106.jar
5e648000-5e64b000 r--s 00015000 08:01 2714570    /home/sarnobat/.m2/repository/javax/servlet/javax.servlet-api/3.1.0/javax.servlet-api-3.1.0.jar
5e64b000-5e651000 r--s 00061000 08:01 2772143    /home/sarnobat/.m2/repository/org/eclipse/jetty/jetty-server/9.2.14.v20151106/jetty-server-9.2.14.v20151106.jar
5e651000-5e652000 r--s 00001000 08:01 2714568    /home/sarnobat/.m2/repository/org/glassfish/hk2/external/javax.inject/2.5.0-b30/javax.inject-2.5.0-b30.jar
5e652000-5e654000 r--s 00005000 08:01 2733496    /home/sarnobat/.m2/repository/org/glassfish/jersey/containers/jersey-container-jetty-http/2.25/jersey-container-jetty-http-2.25.jar
5e654000-5e658000 r--s 00019000 08:01 2733494    /home/sarnobat/.m2/repository/javax/ws/rs/javax.ws.rs-api/2.0.1/javax.ws.rs-api-2.0.1.jar
5e658000-5e659000 r--s 00004000 08:01 2717429    /home/sarnobat/.m2/repository/org/glassfish/hk2/osgi-resource-locator/1.0.1/osgi-resource-locator-1.0.1.jar
5e659000-5e671000 r--s 000d6000 08:01 2733492    /home/sarnobat/.m2/repository/org/glassfish/jersey/bundles/repackaged/jersey-guava/2.25/jersey-guava-2.25.jar
5e671000-5e67f000 r--s 000a1000 08:01 2707544    /home/sarnobat/.m2/repository/org/glassfish/jersey/core/jersey-common/2.25/jersey-common-2.25.jar
5e67f000-5e681000 r--s 00004000 08:01 2733490    /home/sarnobat/.m2/repository/org/glassfish/jersey/containers/jersey-container-jdk-http/2.25/jersey-container-jdk-http-2.25.jar
5e681000-5e68e000 r--s 00075000 08:01 2701020    /home/sarnobat/.m2/repository/com/amazonaws/aws-java-sdk-swf-libraries/1.11.22/aws-java-sdk-swf-libraries-1.11.22.jar
5e68e000-5e692000 r--s 008be000 08:01 2701019    /home/sarnobat/.m2/repository/com/amazonaws/aws-java-sdk-models/1.11.56/aws-java-sdk-models-1.11.56.jar
5e692000-5e6a2000 r--s 00088000 08:01 2701017    /home/sarnobat/.m2/repository/joda-time/joda-time/2.8.1/joda-time-2.8.1.jar
5e6a2000-5e6a5000 r--s 00009000 08:01 2701012    /home/sarnobat/.m2/repository/com/fasterxml/jackson/core/jackson-annotations/2.6.0/jackson-annotations-2.6.0.jar
5e6a5000-5e6b6000 r--s 0010d000 08:01 2701011    /home/sarnobat/.m2/repository/com/fasterxml/jackson/core/jackson-databind/2.6.6/jackson-databind-2.6.6.jar
5e6b6000-5e6bf000 r--s 00081000 08:01 2701010    /home/sarnobat/.m2/repository/software/amazon/ion/ion-java/1.0.1/ion-java-1.0.1.jar
5e6bf000-5e6d1000 r--s 000a4000 08:01 2701007    /home/sarnobat/.m2/repository/com/amazonaws/aws-java-sdk-core/1.11.56/aws-java-sdk-core-1.11.56.jar
5e6d1000-5e6d5000 r--s 00030000 08:01 2701004    /home/sarnobat/.m2/repository/com/amazonaws/aws-java-sdk-snowball/1.11.56/aws-java-sdk-snowball-1.11.56.jar
5e6d5000-5e6d9000 r--s 00028000 08:01 2701003    /home/sarnobat/.m2/repository/com/amazonaws/aws-java-sdk-applicationautoscaling/1.11.56/aws-java-sdk-applicationautoscaling-1.11.56.jar
5e6d9000-5e6dd000 r--s 0002b000 08:01 2701001    /home/sarnobat/.m2/repository/com/amazonaws/aws-java-sdk-discovery/1.11.56/aws-java-sdk-discovery-1.11.56.jar
5e6dd000-5e6ea000 r--s 000b5000 08:01 2700248    /home/sarnobat/.m2/repository/com/amazonaws/aws-java-sdk-cognitoidp/1.11.56/aws-java-sdk-cognitoidp-1.11.56.jar
5e6ea000-5e6ec000 r--s 00007000 08:01 2700247    /home/sarnobat/.m2/repository/com/amazonaws/aws-java-sdk-marketplacemeteringservice/1.11.56/aws-java-sdk-marketplacemeteringservice-1.11.56.jar
5e6ec000-5e6f6000 r--s 00078000 08:01 2700245    /home/sarnobat/.m2/repository/com/amazonaws/aws-java-sdk-dms/1.11.56/aws-java-sdk-dms-1.11.56.jar
5e6f6000-5e700000 r--s 00094000 08:01 2700246    /home/sarnobat/.m2/repository/com/amazonaws/aws-java-sdk-gamelift/1.11.56/aws-java-sdk-gamelift-1.11.56.jar
5e700000-5e800000 rw-p 00000000 00:00 0 
5e800000-5e801000 r--s 0000b000 08:01 2701015    /home/sarnobat/.m2/repository/com/fasterxml/jackson/dataformat/jackson-dataformat-cbor/2.6.6/jackson-dataformat-cbor-2.6.6.jar
5e801000-5e806000 r--s 00027000 08:01 2700241    /home/sarnobat/.m2/repository/com/amazonaws/aws-java-sdk-acm/1.11.56/aws-java-sdk-acm-1.11.56.jar
5e806000-5e818000 r--s 0013f000 08:01 2700240    /home/sarnobat/.m2/repository/com/amazonaws/aws-java-sdk-api-gateway/1.11.56/aws-java-sdk-api-gateway-1.11.56.jar
5e818000-5e826000 r--s 000b4000 08:01 2700237    /home/sarnobat/.m2/repository/com/amazonaws/aws-java-sdk-iot/1.11.56/aws-java-sdk-iot-1.11.56.jar
5e826000-5e830000 r--s 00082000 08:01 2700235    /home/sarnobat/.m2/repository/com/amazonaws/aws-java-sdk-inspector/1.11.56/aws-java-sdk-inspector-1.11.56.jar
5e830000-5e832000 r--s 0000c000 08:01 2700233    /home/sarnobat/.m2/repository/com/amazonaws/aws-java-sdk-marketplacecommerceanalytics/1.11.56/aws-java-sdk-marketplacecommerceanalytics-1.11.56.jar
5e832000-5e83c000 r--s 00092000 08:01 2700231    /home/sarnobat/.m2/repository/com/amazonaws/aws-java-sdk-waf/1.11.56/aws-java-sdk-waf-1.11.56.jar
5e83c000-5e841000 r--s 00031000 08:01 2700228    /home/sarnobat/.m2/repository/com/amazonaws/aws-java-sdk-elasticsearch/1.11.56/aws-java-sdk-elasticsearch-1.11.56.jar
5e841000-5e84c000 r--s 0009e000 08:01 2700226    /home/sarnobat/.m2/repository/com/amazonaws/aws-java-sdk-devicefarm/1.11.56/aws-java-sdk-devicefarm-1.11.56.jar
5e84c000-5e851000 r--s 00035000 08:01 2700227    /home/sarnobat/.m2/repository/com/amazonaws/aws-java-sdk-codecommit/1.11.56/aws-java-sdk-codecommit-1.11.56.jar
5e851000-5e855000 r--s 0002b000 08:01 2700221    /home/sarnobat/.m2/repository/com/amazonaws/aws-java-sdk-efs/1.11.56/aws-java-sdk-efs-1.11.56.jar
5e855000-5e85f000 r--s 0007e000 08:01 2700223    /home/sarnobat/.m2/repository/com/amazonaws/aws-java-sdk-directory/1.11.56/aws-java-sdk-directory-1.11.56.jar
5e85f000-5e868000 r--s 00086000 08:01 2700219    /home/sarnobat/.m2/repository/com/amazonaws/aws-java-sdk-machinelearning/1.11.56/aws-java-sdk-machinelearning-1.11.56.jar
5e868000-5e86e000 r--s 00040000 08:01 2700222    /home/sarnobat/.m2/repository/com/amazonaws/aws-java-sdk-workspaces/1.11.56/aws-java-sdk-workspaces-1.11.56.jar
5e86e000-5e878000 r--s 00071000 08:01 2700213    /home/sarnobat/.m2/repository/com/amazonaws/aws-java-sdk-ssm/1.11.56/aws-java-sdk-ssm-1.11.56.jar
5e878000-5e87d000 r--s 00035000 08:01 2700210    /home/sarnobat/.m2/repository/com/amazonaws/aws-java-sdk-cloudhsm/1.11.56/aws-java-sdk-cloudhsm-1.11.56.jar
5e87d000-5e882000 r--s 00040000 08:01 2700214    /home/sarnobat/.m2/repository/com/amazonaws/aws-java-sdk-ecr/1.11.56/aws-java-sdk-ecr-1.11.56.jar
5e882000-5e88a000 r--s 0008e000 08:01 2700211    /home/sarnobat/.m2/repository/com/amazonaws/aws-java-sdk-ecs/1.11.56/aws-java-sdk-ecs-1.11.56.jar
5e88a000-5e890000 r--s 00060000 08:01 2700206    /home/sarnobat/.m2/repository/com/amazonaws/aws-java-sdk-lambda/1.11.56/aws-java-sdk-lambda-1.11.56.jar
5e890000-5e899000 r--s 00072000 08:01 2700205    /home/sarnobat/.m2/repository/com/amazonaws/aws-java-sdk-config/1.11.56/aws-java-sdk-config-1.11.56.jar
5e899000-5e8a1000 r--s 00062000 08:01 2700202    /home/sarnobat/.m2/repository/com/amazonaws/aws-java-sdk-kms/1.11.56/aws-java-sdk-kms-1.11.56.jar
5e8a1000-5e8ac000 r--s 0007f000 08:01 2700203    /home/sarnobat/.m2/repository/com/amazonaws/aws-java-sdk-codepipeline/1.11.56/aws-java-sdk-codepipeline-1.11.56.jar
5e8ac000-5e8b8000 r--s 00090000 08:01 2700198    /home/sarnobat/.m2/repository/com/amazonaws/aws-java-sdk-codedeploy/1.11.56/aws-java-sdk-codedeploy-1.11.56.jar
5e8b8000-5e8c4000 r--s 000a8000 08:01 2700195    /home/sarnobat/.m2/repository/com/amazonaws/aws-java-sdk-autoscaling/1.11.56/aws-java-sdk-autoscaling-1.11.56.jar
5e8c4000-5e8d1000 r--s 000a0000 08:01 2700191    /home/sarnobat/.m2/repository/com/amazonaws/aws-java-sdk-ses/1.11.56/aws-java-sdk-ses-1.11.56.jar
5e8d1000-5e8e2000 r--s 00111000 08:01 2700188    /home/sarnobat/.m2/repository/com/amazonaws/aws-java-sdk-opsworks/1.11.56/aws-java-sdk-opsworks-1.11.56.jar
5e8e2000-5e8f3000 r--s 000d5000 08:01 2700187    /home/sarnobat/.m2/repository/com/amazonaws/aws-java-sdk-kinesis/1.11.56/aws-java-sdk-kinesis-1.11.56.jar
5e8f3000-5e900000 r--s 000a9000 08:01 2700185    /home/sarnobat/.m2/repository/com/amazonaws/aws-java-sdk-cloudfront/1.11.56/aws-java-sdk-cloudfront-1.11.56.jar
5e900000-5e9ff000 rw-p 00000000 00:00 0 
5e9ff000-5ea00000 ---p 00000000 00:00 0 
5ea00000-5eafd000 rw-p 00000000 00:00 0 
5eafd000-5eb00000 ---p 00000000 00:00 0 
5eb00000-5ec00000 rw-p 00000000 00:00 0 
5ec00000-5ec02000 r--s 0000a000 08:01 2700196    /home/sarnobat/.m2/repository/com/amazonaws/aws-java-sdk-cloudwatchmetrics/1.11.56/aws-java-sdk-cloudwatchmetrics-1.11.56.jar
5ec02000-5ec0b000 r--s 0007b000 08:01 2700193    /home/sarnobat/.m2/repository/com/amazonaws/aws-java-sdk-cloudsearch/1.11.56/aws-java-sdk-cloudsearch-1.11.56.jar
5ec0b000-5ec14000 r--s 00072000 08:01 2700182    /home/sarnobat/.m2/repository/com/amazonaws/aws-java-sdk-cloudformation/1.11.56/aws-java-sdk-cloudformation-1.11.56.jar
5ec14000-5ec1b000 r--s 00057000 08:01 2700181    /home/sarnobat/.m2/repository/com/amazonaws/aws-java-sdk-directconnect/1.11.56/aws-java-sdk-directconnect-1.11.56.jar
5ec1b000-5ec20000 r--s 00039000 08:01 2700178    /home/sarnobat/.m2/repository/com/amazonaws/aws-java-sdk-cognitosync/1.11.56/aws-java-sdk-cognitosync-1.11.56.jar
5ec20000-5ec25000 r--s 0003e000 08:01 2700177    /home/sarnobat/.m2/repository/com/amazonaws/aws-java-sdk-cognitoidentity/1.11.56/aws-java-sdk-cognitoidentity-1.11.56.jar
5ec25000-5ec29000 r--s 00029000 08:01 2700174    /home/sarnobat/.m2/repository/com/amazonaws/aws-java-sdk-events/1.11.56/aws-java-sdk-events-1.11.56.jar
5ec29000-5ec30000 r--s 00053000 08:01 2700172    /home/sarnobat/.m2/repository/com/amazonaws/aws-java-sdk-logs/1.11.56/aws-java-sdk-logs-1.11.56.jar
5ec30000-5ec35000 r--s 00033000 08:01 2700171    /home/sarnobat/.m2/repository/com/amazonaws/aws-java-sdk-cloudwatch/1.11.56/aws-java-sdk-cloudwatch-1.11.56.jar
5ec35000-5ec3a000 r--s 00036000 08:01 2700168    /home/sarnobat/.m2/repository/com/amazonaws/aws-java-sdk-cloudtrail/1.11.56/aws-java-sdk-cloudtrail-1.11.56.jar
5ec3a000-5ec41000 r--s 00051000 08:01 2700165    /home/sarnobat/.m2/repository/com/amazonaws/aws-java-sdk-sns/1.11.56/aws-java-sdk-sns-1.11.56.jar
5ec41000-5ec59000 r--s 0013d000 08:01 2700162    /home/sarnobat/.m2/repository/com/amazonaws/aws-java-sdk-dynamodb/1.11.56/aws-java-sdk-dynamodb-1.11.56.jar
5ec59000-5ec8b000 r--s 00356000 08:01 2700161    /home/sarnobat/.m2/repository/com/amazonaws/aws-java-sdk-ec2/1.11.56/aws-java-sdk-ec2-1.11.56.jar
5ec8b000-5ec92000 r--s 0007e000 08:01 2700158    /home/sarnobat/.m2/repository/com/amazonaws/aws-java-sdk-elastictranscoder/1.11.56/aws-java-sdk-elastictranscoder-1.11.56.jar
5ec92000-5ec9e000 r--s 000a9000 08:01 2700156    /home/sarnobat/.m2/repository/com/amazonaws/aws-java-sdk-elasticache/1.11.56/aws-java-sdk-elasticache-1.11.56.jar
5ec9e000-5ecaa000 r--s 0009b000 08:01 2700155    /home/sarnobat/.m2/repository/com/amazonaws/aws-java-sdk-emr/1.11.56/aws-java-sdk-emr-1.11.56.jar
5ecaa000-5ecb4000 r--s 0006c000 08:01 2700154    /home/sarnobat/.m2/repository/com/amazonaws/aws-java-sdk-elasticloadbalancingv2/1.11.56/aws-java-sdk-elasticloadbalancingv2-1.11.56.jar
5ecb4000-5ecbe000 r--s 00067000 08:01 2700150    /home/sarnobat/.m2/repository/com/amazonaws/aws-java-sdk-elasticloadbalancing/1.11.56/aws-java-sdk-elasticloadbalancing-1.11.56.jar
5ecbe000-5ecc4000 r--s 00049000 08:01 2700147    /home/sarnobat/.m2/repository/com/amazonaws/aws-java-sdk-datapipeline/1.11.56/aws-java-sdk-datapipeline-1.11.56.jar
5ecc4000-5ecdc000 r--s 0013b000 08:01 2700148    /home/sarnobat/.m2/repository/com/amazonaws/aws-java-sdk-iam/1.11.56/aws-java-sdk-iam-1.11.56.jar
5ecdc000-5ece4000 r--s 0006b000 08:01 2700142    /home/sarnobat/.m2/repository/com/amazonaws/aws-java-sdk-glacier/1.11.56/aws-java-sdk-glacier-1.11.56.jar
5ece4000-5ecef000 r--s 000a0000 08:01 2700141    /home/sarnobat/.m2/repository/com/amazonaws/aws-java-sdk-elasticbeanstalk/1.11.56/aws-java-sdk-elasticbeanstalk-1.11.56.jar
5ecef000-5ed00000 r--s 000f3000 08:01 2700143    /home/sarnobat/.m2/repository/com/amazonaws/aws-java-sdk-redshift/1.11.56/aws-java-sdk-redshift-1.11.56.jar
5ed00000-5ee00000 rw-p 00000000 00:00 0 
5ee00000-5eef8000 rw-p 00000000 00:00 0 
5eef8000-5ef00000 ---p 00000000 00:00 0 
5ef00000-5effe000 rw-p 00000000 00:00 0 
5effe000-5f000000 ---p 00000000 00:00 0 
5f000000-5f100000 rw-p 00000000 00:00 0 
5f100000-5f121000 rw-p 00000000 00:00 0 
5f121000-5f200000 ---p 00000000 00:00 0 
5f200000-5f300000 rw-p 00000000 00:00 0 
5f300000-5f3fc000 rw-p 00000000 00:00 0 
5f3fc000-5f400000 ---p 00000000 00:00 0 
5f400000-5f4fc000 rw-p 00000000 00:00 0 
5f4fc000-5f500000 ---p 00000000 00:00 0 
5f500000-5f5f0000 rw-p 00000000 00:00 0 
5f5f0000-5f600000 ---p 00000000 00:00 0 
5f600000-5f700000 rw-p 00000000 00:00 0 
5f700000-5f800000 rw-p 00000000 00:00 0 
5f800000-5f805000 r--s 0002a000 08:01 2700167    /home/sarnobat/.m2/repository/com/amazonaws/aws-java-sdk-budgets/1.11.56/aws-java-sdk-budgets-1.11.56.jar
5f805000-5f819000 r--s 00159000 08:01 2700144    /home/sarnobat/.m2/repository/com/amazonaws/aws-java-sdk-rds/1.11.56/aws-java-sdk-rds-1.11.56.jar
5f819000-5f820000 r--s 0004f000 08:01 2700136    /home/sarnobat/.m2/repository/com/amazonaws/aws-java-sdk-sqs/1.11.56/aws-java-sdk-sqs-1.11.56.jar
5f820000-5f824000 r--s 00027000 08:01 2700135    /home/sarnobat/.m2/repository/com/amazonaws/aws-java-sdk-sts/1.11.56/aws-java-sdk-sts-1.11.56.jar
5f824000-5f828000 r--s 0001c000 08:01 2700132    /home/sarnobat/.m2/repository/com/amazonaws/aws-java-sdk-importexport/1.11.56/aws-java-sdk-importexport-1.11.56.jar
5f828000-5f835000 r--s 00093000 08:01 2700128    /home/sarnobat/.m2/repository/com/amazonaws/aws-java-sdk-s3/1.11.56/aws-java-sdk-s3-1.11.56.jar
5f835000-5f848000 r--s 00113000 08:01 2700129    /home/sarnobat/.m2/repository/com/amazonaws/aws-java-sdk-route53/1.11.56/aws-java-sdk-route53-1.11.56.jar
5f848000-5f854000 r--s 0009f000 08:01 2700130    /home/sarnobat/.m2/repository/com/amazonaws/aws-java-sdk-storagegateway/1.11.56/aws-java-sdk-storagegateway-1.11.56.jar
5f854000-5f864000 r--s 000e9000 08:01 2700125    /home/sarnobat/.m2/repository/com/amazonaws/aws-java-sdk-simpleworkflow/1.11.56/aws-java-sdk-simpleworkflow-1.11.56.jar
5f864000-5f869000 r--s 00028000 08:01 2700121    /home/sarnobat/.m2/repository/com/amazonaws/aws-java-sdk-servermigration/1.11.56/aws-java-sdk-servermigration-1.11.56.jar
5f869000-5f875000 r--s 00097000 08:01 2700120    /home/sarnobat/.m2/repository/com/amazonaws/aws-java-sdk-servicecatalog/1.11.56/aws-java-sdk-servicecatalog-1.11.56.jar
5f875000-5f879000 r--s 00029000 08:01 2700118    /home/sarnobat/.m2/repository/com/amazonaws/aws-java-sdk-simpledb/1.11.56/aws-java-sdk-simpledb-1.11.56.jar
5f879000-5f87b000 r--s 00005000 08:01 2700117    /home/sarnobat/.m2/repository/com/amazonaws/jmespath-java/1.11.56/jmespath-java-1.11.56.jar
5f87b000-5f881000 r--s 00041000 08:01 2700123    /home/sarnobat/.m2/repository/com/amazonaws/aws-java-sdk-support/1.11.56/aws-java-sdk-support-1.11.56.jar
5f881000-5f882000 r--s 00000000 08:01 2699240    /home/sarnobat/.m2/repository/com/amazonaws/aws-java-sdk/1.11.56/aws-java-sdk-1.11.56.jar
5f882000-5f885000 ---p 00000000 00:00 0 
5f885000-5f8d3000 rw-p 00000000 00:00 0 
5f8d3000-5f8d4000 r--s 00006000 08:01 2771830    /home/sarnobat/.m2/repository/org/codehaus/mojo/exec-maven-plugin/1.1/exec-maven-plugin-1.1.jar
5f8d4000-5f8d8000 r--s 00037000 08:01 2518386    /home/sarnobat/.m2/repository/org/codehaus/plexus/plexus-utils/3.0.15/plexus-utils-3.0.15.jar
5f8d8000-5f8da000 r--s 00006000 08:01 2796287    /home/sarnobat/.m2/repository/com/google/code/findbugs/jsr305/2.0.1/jsr305-2.0.1.jar
5f8da000-5f8dd000 r--s 00023000 08:01 2518381    /home/sarnobat/.m2/repository/org/apache/maven/shared/maven-shared-utils/0.4/maven-shared-utils-0.4.jar
5f8dd000-5f8e3000 r--s 00033000 08:01 2717468    /home/sarnobat/.m2/repository/commons-codec/commons-codec/1.6/commons-codec-1.6.jar
5f8e3000-5f8eb000 r--s 00049000 08:01 2733169    /home/sarnobat/.m2/repository/backport-util-concurrent/backport-util-concurrent/3.1/backport-util-concurrent-3.1.jar
5f8eb000-5f8ed000 r--s 0000b000 08:01 2535037    /home/sarnobat/.m2/repository/org/codehaus/plexus/plexus-interpolation/1.11/plexus-interpolation-1.11.jar
5f8ed000-5f8ef000 r--s 00007000 08:01 2502009    /home/sarnobat/.m2/repository/org/apache/maven/plugins/maven-install-plugin/2.5.2/maven-install-plugin-2.5.2.jar
5f8ef000-5f8f3000 r--s 00034000 08:01 2518358    /home/sarnobat/.m2/repository/org/codehaus/plexus/plexus-utils/3.0/plexus-utils-3.0.jar
5f8f3000-5f8f7000 r--s 0002f000 08:01 2796277    /home/sarnobat/.m2/repository/commons-lang/commons-lang/2.1/commons-lang-2.1.jar
5f8f7000-5f8fa000 r--s 0000c000 08:01 2518355    /home/sarnobat/.m2/repository/org/codehaus/plexus/plexus-io/2.0.2/plexus-io-2.0.2.jar
5f8fa000-5f8ff000 r--s 00029000 08:01 2518351    /home/sarnobat/.m2/repository/org/codehaus/plexus/plexus-archiver/2.1/plexus-archiver-2.1.jar
5f8ff000-61500000 rw-p 00000000 00:00 0 
61500000-615f5000 rw-p 00000000 00:00 0 
615f5000-61600000 ---p 00000000 00:00 0 
61600000-616f9000 rw-p 00000000 00:00 0 
616f9000-61700000 ---p 00000000 00:00 0 
61700000-617ff000 rw-p 00000000 00:00 0 
617ff000-61800000 ---p 00000000 00:00 0 
61800000-618fd000 rw-p 00000000 00:00 0 
618fd000-61900000 ---p 00000000 00:00 0 
61900000-61a00000 rw-p 00000000 00:00 0 
61a00000-61af9000 rw-p 00000000 00:00 0 
61af9000-61b00000 ---p 00000000 00:00 0 
61b00000-61bdc000 rw-p 00000000 00:00 0 
61bdc000-61c00000 ---p 00000000 00:00 0 
61c00000-61cfc000 rw-p 00000000 00:00 0 
61cfc000-61d00000 ---p 00000000 00:00 0 
61d00000-61dfe000 rw-p 00000000 00:00 0 
61dfe000-61e00000 ---p 00000000 00:00 0 
61e00000-61f00000 rw-p 00000000 00:00 0 
61f00000-620f1000 rw-p 00000000 00:00 0 
620f1000-62100000 ---p 00000000 00:00 0 
62100000-62200000 rw-p 00000000 00:00 0 
62200000-622fd000 rw-p 00000000 00:00 0 
622fd000-62300000 ---p 00000000 00:00 0 
62300000-62400000 rw-p 00000000 00:00 0 
62400000-624ff000 rw-p 00000000 00:00 0 
624ff000-62500000 ---p 00000000 00:00 0 
62500000-62600000 rw-p 00000000 00:00 0 
62600000-626fd000 rw-p 00000000 00:00 0 
626fd000-62700000 ---p 00000000 00:00 0 
62700000-62800000 rw-p 00000000 00:00 0 
62800000-628fe000 rw-p 00000000 00:00 0 
628fe000-62900000 ---p 00000000 00:00 0 
62900000-629fe000 rw-p 00000000 00:00 0 
629fe000-62a00000 ---p 00000000 00:00 0 
62a00000-62b00000 rw-p 00000000 00:00 0 
62b00000-62c00000 rw-p 00000000 00:00 0 
62c00000-62d00000 rw-p 00000000 00:00 0 
62d00000-62efd000 rw-p 00000000 00:00 0 
62efd000-62f00000 ---p 00000000 00:00 0 
62f00000-62ffb000 rw-p 00000000 00:00 0 
62ffb000-63000000 ---p 00000000 00:00 0 
63000000-63002000 r--s 0000d000 08:01 2518353    /home/sarnobat/.m2/repository/org/codehaus/plexus/plexus-interpolation/1.15/plexus-interpolation-1.15.jar
63002000-63004000 r--s 00004000 08:01 2518349    /home/sarnobat/.m2/repository/org/apache/maven/maven-archiver/2.5/maven-archiver-2.5.jar
63004000-63006000 r--s 00007000 08:01 2501991    /home/sarnobat/.m2/repository/org/apache/maven/plugins/maven-jar-plugin/2.4/maven-jar-plugin-2.4.jar
63006000-63007000 r--s 00003000 08:01 2510172    /home/sarnobat/.m2/repository/org/apache/maven/plugin-tools/maven-plugin-annotations/3.2/maven-plugin-annotations-3.2.jar
63007000-6300b000 r--s 00020000 08:01 2510164    /home/sarnobat/.m2/repository/org/apache/maven/surefire/surefire-api/2.17/surefire-api-2.17.jar
6300b000-63011000 r--s 00048000 08:01 2698094    /home/sarnobat/.m2/repository/org/apache/commons/commons-lang3/3.1/commons-lang3-3.1.jar
63011000-63012000 r--s 00002000 08:01 2518298    /home/sarnobat/.m2/repository/org/apache/maven/reporting/maven-reporting-api/2.0.9/maven-reporting-api-2.0.9.jar
63012000-63016000 r--s 00030000 08:01 2494200    /home/sarnobat/.m2/repository/org/codehaus/plexus/plexus-utils/1.5.1/plexus-utils-1.5.1.jar
63016000-63018000 r--s 00008000 08:01 2510162    /home/sarnobat/.m2/repository/org/apache/maven/surefire/surefire-booter/2.17/surefire-booter-2.17.jar
63018000-6301d000 r--s 0003c000 08:01 2510160    /home/sarnobat/.m2/repository/org/apache/maven/surefire/maven-surefire-common/2.17/maven-surefire-common-2.17.jar
6301d000-6301f000 r--s 00007000 08:01 2501983    /home/sarnobat/.m2/repository/org/apache/maven/plugins/maven-surefire-plugin/2.17/maven-surefire-plugin-2.17.jar
6301f000-63021000 r--s 00002000 08:01 2535096    /home/sarnobat/.m2/repository/org/codehaus/plexus/plexus-compiler-javac/1.8.1/plexus-compiler-javac-1.8.1.jar
63021000-63023000 r--s 00000000 08:01 2535098    /home/sarnobat/.m2/repository/org/codehaus/plexus/plexus-compiler-manager/1.8.1/plexus-compiler-manager-1.8.1.jar
63023000-63024000 r--s 00004000 08:01 2535100    /home/sarnobat/.m2/repository/org/codehaus/plexus/plexus-compiler-api/1.8.1/plexus-compiler-api-1.8.1.jar
63024000-63026000 r--s 00006000 08:01 2699238    /home/sarnobat/.m2/repository/org/apache/maven/plugins/maven-compiler-plugin/2.3.2/maven-compiler-plugin-2.3.2.jar
63026000-63028000 r--s 0000d000 08:01 2502054    /home/sarnobat/.m2/repository/org/codehaus/plexus/plexus-interpolation/1.13/plexus-interpolation-1.13.jar
63028000-6302c000 r--s 00033000 08:01 2535097    /home/sarnobat/.m2/repository/org/codehaus/plexus/plexus-utils/2.0.5/plexus-utils-2.0.5.jar
6302c000-6302f000 r--s 0001b000 08:01 2478604    /home/sarnobat/.m2/repository/junit/junit/3.8.1/junit-3.8.1.jar
6302f000-63040000 r-xp 00000000 08:01 1693283    /usr/lib/jvm/java-8-openjdk-i386/jre/lib/i386/libnio.so
63040000-63041000 r--p 00010000 08:01 1693283    /usr/lib/jvm/java-8-openjdk-i386/jre/lib/i386/libnio.so
63041000-63042000 rw-p 00011000 08:01 1693283    /usr/lib/jvm/java-8-openjdk-i386/jre/lib/i386/libnio.so
63042000-63058000 r-xp 00000000 08:01 1693270    /usr/lib/jvm/java-8-openjdk-i386/jre/lib/i386/libnet.so
63058000-63059000 r--p 00015000 08:01 1693270    /usr/lib/jvm/java-8-openjdk-i386/jre/lib/i386/libnet.so
63059000-6305a000 rw-p 00016000 08:01 1693270    /usr/lib/jvm/java-8-openjdk-i386/jre/lib/i386/libnet.so
6305a000-6305b000 ---p 00000000 00:00 0 
6305b000-630db000 rw-p 00000000 00:00 0 
630db000-630de000 ---p 00000000 00:00 0 
630de000-6312c000 rw-p 00000000 00:00 0 
6312c000-6312f000 ---p 00000000 00:00 0 
6312f000-631ad000 rw-p 00000000 00:00 0 
631ad000-631b0000 ---p 00000000 00:00 0 
631b0000-6322e000 rw-p 00000000 00:00 0 
6322e000-63231000 ---p 00000000 00:00 0 
63231000-632af000 rw-p 00000000 00:00 0 
632af000-632b2000 ---p 00000000 00:00 0 
632b2000-63300000 rw-p 00000000 00:00 0 
63300000-63500000 r--p 00000000 08:01 1110568    /usr/lib/locale/locale-archive
63500000-635ea000 rw-p 00000000 00:00 0 
635ea000-63600000 ---p 00000000 00:00 0 
63600000-63621000 rw-p 00000000 00:00 0 
63621000-63700000 ---p 00000000 00:00 0 
63700000-637fe000 rw-p 00000000 00:00 0 
637fe000-63800000 ---p 00000000 00:00 0 
63800000-63802000 r--s 00009000 08:01 2502051    /home/sarnobat/.m2/repository/org/apache/maven/shared/maven-filtering/1.1/maven-filtering-1.1.jar
63802000-63804000 r--s 00002000 08:01 2478781    /home/sarnobat/.m2/repository/org/codehaus/plexus/plexus-interactivity-api/1.0-alpha-4/plexus-interactivity-api-1.0-alpha-4.jar
63804000-63806000 r--s 00006000 08:01 2478775    /home/sarnobat/.m2/repository/commons-cli/commons-cli/1.0/commons-cli-1.0.jar
63806000-63813000 r--s 0008d000 08:01 1149531    /usr/share/java/maven3-core-3.3.9.jar
63813000-63816000 ---p 00000000 00:00 0 
63816000-63864000 rw-p 00000000 00:00 0 
63864000-63865000 ---p 00000000 00:00 0 
63865000-638e5000 rw-p 00000000 00:00 0 
638e5000-63ab4000 r--s 03c21000 08:01 1693223    /usr/lib/jvm/java-8-openjdk-i386/jre/lib/rt.jar
63ab4000-63efa000 rw-p 00000000 00:00 0 
63efa000-63f00000 ---p 00000000 00:00 0 
63f00000-66300000 rw-p 00000000 00:00 0 
66300000-663f9000 rw-p 00000000 00:00 0 
663f9000-66400000 ---p 00000000 00:00 0 
66400000-66401000 r--s 00001000 08:01 2772078    /home/sarnobat/.m2/repository/org/sonatype/plexus/plexus-build-api/0.0.4/plexus-build-api-0.0.4.jar
66401000-66402000 r--s 00001000 08:01 2478777    /home/sarnobat/.m2/repository/org/apache/maven/doxia/doxia-sink-api/1.0-alpha-7/doxia-sink-api-1.0-alpha-7.jar
66402000-6642e000 r--s 00208000 08:01 1148516    /usr/share/java/guava.jar
6642e000-66431000 ---p 00000000 00:00 0 
66431000-6647f000 rw-p 00000000 00:00 0 
6647f000-66480000 ---p 00000000 00:00 0 
66480000-66500000 rw-p 00000000 00:00 0 
66500000-665fc000 rw-p 00000000 00:00 0 
665fc000-66600000 ---p 00000000 00:00 0 
66600000-66631000 r--s 00207000 08:01 1149515    /usr/share/java/wagon-http-shaded-2.x.jar
66631000-6667f000 rw-p 00000000 00:00 0 
6667f000-66680000 ---p 00000000 00:00 0 
66680000-66700000 rw-p 00000000 00:00 0 
66700000-66721000 rw-p 00000000 00:00 0 
66721000-66800000 ---p 00000000 00:00 0 
66800000-66801000 r--s 00002000 08:01 2478776    /home/sarnobat/.m2/repository/org/apache/maven/reporting/maven-reporting-api/2.0.6/maven-reporting-api-2.0.6.jar
66801000-66803000 r--s 00006000 08:01 2501965    /home/sarnobat/.m2/repository/org/apache/maven/plugins/maven-resources-plugin/2.6/maven-resources-plugin-2.6.jar
66803000-66808000 r--s 0009a000 08:01 1693288    /usr/lib/jvm/java-8-openjdk-i386/jre/lib/jsse.jar
66808000-66809000 r--s 00001000 08:01 1149511    /usr/share/java/wagon-file-2.x.jar
66809000-6680c000 r--s 00007000 08:01 1149537    /usr/share/java/maven3-settings-builder-3.3.9.jar
6680c000-6680e000 r--s 0000d000 08:01 1149536    /usr/share/java/maven3-aether-provider-3.3.9.jar
6680e000-66815000 r--s 0002c000 08:01 1149509    /usr/share/java/sisu-plexus.jar
66815000-6681d000 r--s 00054000 08:01 1149507    /usr/share/java/sisu-inject.jar
6681d000-66824000 r--s 0005d000 08:01 1149254    /usr/share/java/commons-lang3.jar
66824000-6687f000 rw-p 00000000 00:00 0 
6687f000-66880000 ---p 00000000 00:00 0 
66880000-66900000 rw-p 00000000 00:00 0 
66900000-66921000 rw-p 00000000 00:00 0 
66921000-66a00000 ---p 00000000 00:00 0 
66a00000-66a04000 r--s 00027000 08:01 1145546    /usr/share/java/commons-io-2.4.jar
66a04000-66a05000 r--s 00004000 08:01 1145398    /usr/share/java/atinject-jsr330-tck-1.0.jar
66a05000-66a07000 r--s 0000e000 08:01 1149271    /usr/share/java/plexus-interpolation.jar
66a07000-66a09000 r--s 00006000 08:01 1149372    /usr/share/java/eclipse-aether-spi.jar
66a09000-66a0a000 r--s 00008000 08:01 1149370    /usr/share/java/eclipse-aether-connector-basic.jar
66a0a000-66a0e000 r--s 00027000 08:01 1149367    /usr/share/java/eclipse-aether-impl.jar
66a0e000-66a10000 r--s 00005000 08:01 1149373    /usr/share/java/eclipse-aether-transport-wagon.jar
66a10000-66a12000 r--s 00001000 08:01 1149403    /usr/share/java/aopalliance-1.0.jar
66a12000-66a14000 r--s 00001000 08:01 1149538    /usr/share/java/maven3-builder-support-3.3.9.jar
66a14000-66a19000 r--s 0001d000 08:01 1149374    /usr/share/java/eclipse-aether-api.jar
66a19000-66a1b000 r--s 00002000 08:01 1149449    /usr/share/java/plexus-cipher.jar
66a1b000-66a1c000 r--s 00002000 08:01 1149066    /usr/share/java/slf4j-simple.jar
66a1c000-66a1e000 r--s 00013000 08:01 1149534    /usr/share/java/maven3-embedder-3.3.9.jar
66a1e000-66a20000 r--s 00027000 08:01 1149535    /usr/share/java/maven3-model-3.3.9.jar
66a20000-66a22000 r--s 0000a000 08:01 1147016    /usr/share/java/commons-cli-1.3.1.jar
66a22000-66a24000 r--s 0000a000 08:01 1149512    /usr/share/java/wagon-provider-api-2.x.jar
66a24000-66a28000 r--s 00020000 08:01 1149392    /usr/share/java/eclipse-aether-util.jar
66a28000-66a29000 ---p 00000000 00:00 0 
66a29000-66abf000 rw-p 00000000 00:00 0 
66abf000-66bff000 ---p 00000000 00:00 0 
66bff000-66c15000 rw-p 00000000 00:00 0 
66c15000-66d54000 ---p 00000000 00:00 0 
66d54000-66d9e000 rw-p 00000000 00:00 0 
66d9e000-66dff000 ---p 00000000 00:00 0 
66dff000-698c0000 rw-p 00000000 00:00 0 
698c0000-918c0000 ---p 00000000 00:00 0 
918c0000-9abc0000 rw-p 00000000 00:00 0 
9abc0000-a6e00000 ---p 00000000 00:00 0 
a6e00000-a6e03000 r--s 0000a000 08:01 1149539    /usr/share/java/maven3-artifact-3.3.9.jar
a6e03000-a6e04000 r--s 00006000 08:01 1149532    /usr/share/java/maven3-repository-metadata-3.3.9.jar
a6e04000-a6e06000 r--s 00007000 08:01 1149069    /usr/share/java/slf4j-api.jar
a6e06000-a6e07000 r--s 0000a000 08:01 1149528    /usr/share/java/maven3-settings-3.3.9.jar
a6e07000-a6e08000 r--s 00001000 08:01 1149518    /usr/share/java/wagon-http-shared-2.x.jar
a6e08000-a6e09000 r--s 00006000 08:01 1149451    /usr/share/java/plexus-sec-dispatcher.jar
a6e09000-a6e0d000 r--s 00038000 08:01 1149495    /usr/share/java/plexus-utils2.jar
a6e0d000-a6e13000 r--s 00048000 08:01 1149288    /usr/share/java/jsoup.jar
a6e13000-a6e15000 r--s 0000a000 08:01 1149529    /usr/share/java/maven3-plugin-api-3.3.9.jar
a6e15000-a6e1a000 r--s 00025000 08:01 1149533    /usr/share/java/maven3-model-builder-3.3.9.jar
a6e1a000-a6e1f000 r--s 00040000 08:01 1145678    /usr/share/java/commons-lang-2.6.jar
a6e1f000-a6e21000 r--s 00000000 08:01 1149499    /usr/share/java/plexus-component-annotations-1.5.jar
a6e21000-a6e22000 r--s 00000000 08:01 1149240    /usr/share/java/geronimo-interceptor-3.0-spec-1.0.1.jar
a6e22000-a6e24000 r--s 00012000 08:01 1144777    /usr/share/java/el-api-3.0.jar
a6e24000-a6e27000 r--s 00008000 08:01 1149246    /usr/share/java/cdi-api-1.0.jar
a6e27000-a6e2e000 r--s 00041000 08:01 1149530    /usr/share/java/maven3-compat-3.3.9.jar
a6e2e000-a6e3c000 r--s 00095000 08:01 1149408    /usr/share/java/guice.jar
a6e3c000-a6e3e000 r--s 0000a000 08:01 1149493    /usr/share/java/plexus-classworlds2-2.5.2.jar
a6e3e000-a6e40000 r--s 00008000 08:01 1693232    /usr/lib/jvm/java-8-openjdk-i386/jre/lib/ext/sunec.jar
a6e40000-a6e67000 rw-p 00000000 00:00 0 
a6e67000-a7200000 ---p 00000000 00:00 0 
a7200000-a7b88000 rwxp 00000000 00:00 0 
a7b88000-b6200000 ---p 00000000 00:00 0 
b6200000-b62fb000 rw-p 00000000 00:00 0 
b62fb000-b6300000 ---p 00000000 00:00 0 
b6300000-b6301000 r--s 00000000 08:01 1145399    /usr/share/java/atinject-jsr330-api-1.0.jar
b6301000-b631c000 r--s 00394000 08:01 1693228    /usr/lib/jvm/java-8-openjdk-i386/jre/lib/ext/cldrdata.jar
b631c000-b6337000 r--s 001d6000 08:01 1693230    /usr/lib/jvm/java-8-openjdk-i386/jre/lib/ext/nashorn.jar
b6337000-b633d000 r--s 0003a000 08:01 1693231    /usr/lib/jvm/java-8-openjdk-i386/jre/lib/ext/sunjce_provider.jar
b633d000-b6347000 r--s 00116000 08:01 1693233    /usr/lib/jvm/java-8-openjdk-i386/jre/lib/ext/localedata.jar
b6347000-b635f000 rw-p 00000000 00:00 0 
b635f000-b636a000 r-xp 00000000 08:01 3402889    /lib/i386-linux-gnu/libnss_files-2.23.so
b636a000-b636b000 r--p 0000a000 08:01 3402889    /lib/i386-linux-gnu/libnss_files-2.23.so
b636b000-b636c000 rw-p 0000b000 08:01 3402889    /lib/i386-linux-gnu/libnss_files-2.23.so
b636c000-b6372000 rw-p 00000000 00:00 0 
b6372000-b637d000 r-xp 00000000 08:01 3402895    /lib/i386-linux-gnu/libnss_nis-2.23.so
b637d000-b637e000 r--p 0000a000 08:01 3402895    /lib/i386-linux-gnu/libnss_nis-2.23.so
b637e000-b637f000 rw-p 0000b000 08:01 3402895    /lib/i386-linux-gnu/libnss_nis-2.23.so
b637f000-b6396000 r-xp 00000000 08:01 3402652    /lib/i386-linux-gnu/libnsl-2.23.so
b6396000-b6397000 r--p 00016000 08:01 3402652    /lib/i386-linux-gnu/libnsl-2.23.so
b6397000-b6398000 rw-p 00017000 08:01 3402652    /lib/i386-linux-gnu/libnsl-2.23.so
b6398000-b639a000 rw-p 00000000 00:00 0 
b639a000-b63a2000 r-xp 00000000 08:01 3402720    /lib/i386-linux-gnu/libnss_compat-2.23.so
b63a2000-b63a3000 r--p 00007000 08:01 3402720    /lib/i386-linux-gnu/libnss_compat-2.23.so
b63a3000-b63a4000 rw-p 00008000 08:01 3402720    /lib/i386-linux-gnu/libnss_compat-2.23.so
b63a4000-b63a5000 r--s 00010000 08:01 1693229    /usr/lib/jvm/java-8-openjdk-i386/jre/lib/ext/zipfs.jar
b63a5000-b63a7000 r--s 00001000 08:01 1693236    /usr/lib/jvm/java-8-openjdk-i386/jre/lib/ext/dnsns.jar
b63a7000-b63aa000 r--s 0000f000 08:01 1693227    /usr/lib/jvm/java-8-openjdk-i386/jre/lib/ext/icedtea-sound.jar
b63aa000-b63b2000 r-xp 00000000 08:01 1693277    /usr/lib/jvm/java-8-openjdk-i386/jre/lib/i386/libzip.so
b63b2000-b63b3000 r--p 00007000 08:01 1693277    /usr/lib/jvm/java-8-openjdk-i386/jre/lib/i386/libzip.so
b63b3000-b63b4000 rw-p 00008000 08:01 1693277    /usr/lib/jvm/java-8-openjdk-i386/jre/lib/i386/libzip.so
b63b4000-b63bc000 rw-s 00000000 08:01 2576938    /tmp/hsperfdata_sarnobat/31904
b63bc000-b63e3000 r-xp 00000000 08:01 1693258    /usr/lib/jvm/java-8-openjdk-i386/jre/lib/i386/libjava.so
b63e3000-b63e4000 r--p 00026000 08:01 1693258    /usr/lib/jvm/java-8-openjdk-i386/jre/lib/i386/libjava.so
b63e4000-b63e5000 rw-p 00027000 08:01 1693258    /usr/lib/jvm/java-8-openjdk-i386/jre/lib/i386/libjava.so
b63e5000-b63ec000 r-xp 00000000 08:01 3402905    /lib/i386-linux-gnu/librt-2.23.so
b63ec000-b63ed000 r--p 00006000 08:01 3402905    /lib/i386-linux-gnu/librt-2.23.so
b63ed000-b63ee000 rw-p 00007000 08:01 3402905    /lib/i386-linux-gnu/librt-2.23.so
b63ee000-b63f1000 ---p 00000000 00:00 0 
b63f1000-b643f000 rw-p 00000000 00:00 0 
b643f000-b645b000 r-xp 00000000 08:01 3402590    /lib/i386-linux-gnu/libgcc_s.so.1
b645b000-b645c000 rw-p 0001b000 08:01 3402590    /lib/i386-linux-gnu/libgcc_s.so.1
b645c000-b64af000 r-xp 00000000 08:01 3402651    /lib/i386-linux-gnu/libm-2.23.so
b64af000-b64b0000 r--p 00052000 08:01 3402651    /lib/i386-linux-gnu/libm-2.23.so
b64b0000-b64b1000 rw-p 00053000 08:01 3402651    /lib/i386-linux-gnu/libm-2.23.so
b64b1000-b661e000 r-xp 00000000 08:01 1104849    /usr/lib/i386-linux-gnu/libstdc++.so.6.0.21
b661e000-b661f000 ---p 0016d000 08:01 1104849    /usr/lib/i386-linux-gnu/libstdc++.so.6.0.21
b661f000-b6624000 r--p 0016d000 08:01 1104849    /usr/lib/i386-linux-gnu/libstdc++.so.6.0.21
b6624000-b6625000 rw-p 00172000 08:01 1104849    /usr/lib/i386-linux-gnu/libstdc++.so.6.0.21
b6625000-b6628000 rw-p 00000000 00:00 0 
b6628000-b70f9000 r-xp 00000000 08:01 1693269    /usr/lib/jvm/java-8-openjdk-i386/jre/lib/i386/server/libjvm.so
b70f9000-b713f000 r--p 00ad0000 08:01 1693269    /usr/lib/jvm/java-8-openjdk-i386/jre/lib/i386/server/libjvm.so
b713f000-b7156000 rw-p 00b16000 08:01 1693269    /usr/lib/jvm/java-8-openjdk-i386/jre/lib/i386/server/libjvm.so
b7156000-b7576000 rw-p 00000000 00:00 0 
b7576000-b758f000 r-xp 00000000 08:01 3402662    /lib/i386-linux-gnu/libpthread-2.23.so
b758f000-b7590000 r--p 00018000 08:01 3402662    /lib/i386-linux-gnu/libpthread-2.23.so
b7590000-b7591000 rw-p 00019000 08:01 3402662    /lib/i386-linux-gnu/libpthread-2.23.so
b7591000-b7593000 rw-p 00000000 00:00 0 
b7593000-b7596000 r-xp 00000000 08:01 3402697    /lib/i386-linux-gnu/libdl-2.23.so
b7596000-b7597000 r--p 00002000 08:01 3402697    /lib/i386-linux-gnu/libdl-2.23.so
b7597000-b7598000 rw-p 00003000 08:01 3402697    /lib/i386-linux-gnu/libdl-2.23.so
b7598000-b7599000 rw-p 00000000 00:00 0 
b7599000-b75b2000 r-xp 00000000 08:01 3402741    /lib/i386-linux-gnu/libz.so.1.2.8
b75b2000-b75b3000 r--p 00018000 08:01 3402741    /lib/i386-linux-gnu/libz.so.1.2.8
b75b3000-b75b4000 rw-p 00019000 08:01 3402741    /lib/i386-linux-gnu/libz.so.1.2.8
b75b4000-b7764000 r-xp 00000000 08:01 3402663    /lib/i386-linux-gnu/libc-2.23.so
b7764000-b7766000 r--p 001af000 08:01 3402663    /lib/i386-linux-gnu/libc-2.23.so
b7766000-b7767000 rw-p 001b1000 08:01 3402663    /lib/i386-linux-gnu/libc-2.23.so
b7767000-b776a000 rw-p 00000000 00:00 0 
b776a000-b776b000 r--s 0000a000 08:01 1693235    /usr/lib/jvm/java-8-openjdk-i386/jre/lib/ext/jaccess.jar
b776b000-b776f000 r--s 00037000 08:01 1693234    /usr/lib/jvm/java-8-openjdk-i386/jre/lib/ext/sunpkcs11.jar
b776f000-b7770000 r--p 002d4000 08:01 1110568    /usr/lib/locale/locale-archive
b7770000-b7771000 rw-p 00000000 00:00 0 
b7771000-b7772000 r--p 00000000 00:00 0 
b7772000-b7780000 r-xp 00000000 08:01 1693275    /usr/lib/jvm/java-8-openjdk-i386/jre/lib/i386/libverify.so
b7780000-b7781000 r--p 0000d000 08:01 1693275    /usr/lib/jvm/java-8-openjdk-i386/jre/lib/i386/libverify.so
b7781000-b7782000 rw-p 0000e000 08:01 1693275    /usr/lib/jvm/java-8-openjdk-i386/jre/lib/i386/libverify.so
b7782000-b778f000 r-xp 00000000 08:01 1693273    /usr/lib/jvm/java-8-openjdk-i386/jre/lib/i386/jli/libjli.so
b778f000-b7790000 r--p 0000c000 08:01 1693273    /usr/lib/jvm/java-8-openjdk-i386/jre/lib/i386/jli/libjli.so
b7790000-b7791000 rw-p 0000d000 08:01 1693273    /usr/lib/jvm/java-8-openjdk-i386/jre/lib/i386/jli/libjli.so
b7791000-b7792000 rw-p 00000000 00:00 0 
b7792000-b7794000 r--p 00000000 00:00 0          [vvar]
b7794000-b7795000 r-xp 00000000 00:00 0          [vdso]
b7795000-b77b8000 r-xp 00000000 08:01 3402661    /lib/i386-linux-gnu/ld-2.23.so
b77b8000-b77b9000 r--p 00022000 08:01 3402661    /lib/i386-linux-gnu/ld-2.23.so
b77b9000-b77ba000 rw-p 00023000 08:01 3402661    /lib/i386-linux-gnu/ld-2.23.so
bf7fd000-bf81e000 rw-p 00000000 00:00 0          [stack]

VM Arguments:
jvm_args: -Dclassworlds.conf=/usr/share/maven/bin/m2.conf -Dmaven.home=/usr/share/maven -Dmaven.multiModuleProjectDirectory=/home/sarnobat/github/maven_project 
java_command: org.codehaus.plexus.classworlds.launcher.Launcher --quiet --settings /home/sarnobat/sarnobat.git/mac/.m2/settings.xml install exec:java -Dexec.mainClass=Md5RoCopyFile -Dexec.args=4486 ~/sarnobat.git/db/md5ro/md5_files.txt
java_class_path (initial): /usr/share/maven/boot/plexus-classworlds-2.x.jar
Launcher Type: SUN_STANDARD

Environment Variables:
JAVA_HOME=/usr/lib/jvm/java-8-openjdk-i386
PATH=/usr/bin:/bin
SHELL=/bin/sh

Signal Handlers:
SIGSEGV: [libjvm.so+0x8d7370], sa_mask[0]=11111111011111111101111111111110, sa_flags=SA_RESTART|SA_SIGINFO
SIGBUS: [libjvm.so+0x8d7370], sa_mask[0]=11111111011111111101111111111110, sa_flags=SA_RESTART|SA_SIGINFO
SIGFPE: [libjvm.so+0x73d1c0], sa_mask[0]=11111111011111111101111111111110, sa_flags=SA_RESTART|SA_SIGINFO
SIGPIPE: [libjvm.so+0x73d1c0], sa_mask[0]=11111111011111111101111111111110, sa_flags=SA_RESTART|SA_SIGINFO
SIGXFSZ: [libjvm.so+0x73d1c0], sa_mask[0]=11111111011111111101111111111110, sa_flags=SA_RESTART|SA_SIGINFO
SIGILL: [libjvm.so+0x73d1c0], sa_mask[0]=11111111011111111101111111111110, sa_flags=SA_RESTART|SA_SIGINFO
SIGUSR1: SIG_DFL, sa_mask[0]=00000000000000000000000000000000, sa_flags=none
SIGUSR2: [libjvm.so+0x73d000], sa_mask[0]=00000000000000000000000000000000, sa_flags=SA_RESTART|SA_SIGINFO
SIGHUP: [libjvm.so+0x73d790], sa_mask[0]=11111111011111111101111111111110, sa_flags=SA_RESTART|SA_SIGINFO
SIGINT: [libjvm.so+0x73d790], sa_mask[0]=11111111011111111101111111111110, sa_flags=SA_RESTART|SA_SIGINFO
SIGTERM: [libjvm.so+0x73d790], sa_mask[0]=11111111011111111101111111111110, sa_flags=SA_RESTART|SA_SIGINFO
SIGQUIT: [libjvm.so+0x73d790], sa_mask[0]=11111111011111111101111111111110, sa_flags=SA_RESTART|SA_SIGINFO


---------------  S Y S T E M  ---------------

OS:DISTRIB_ID=Ubuntu
DISTRIB_RELEASE=16.04
DISTRIB_CODENAME=xenial
DISTRIB_DESCRIPTION="Ubuntu 16.04.1 LTS"

uname:Linux 4.4.0-104-generic #127-Ubuntu SMP Mon Dec 11 12:16:50 UTC 2017 i686
libc:glibc 2.23 NPTL 2.23 
rlimit: STACK 8192k, CORE 0k, NPROC 63057, NOFILE 1048576, AS infinity
load average:4.23 3.22 3.09

/proc/meminfo:
MemTotal:        8107456 kB
MemFree:          378720 kB
MemAvailable:          0 kB
Buffers:            5476 kB
Cached:           215364 kB
SwapCached:        16228 kB
Active:          6061096 kB
Inactive:        1457424 kB
Active(anon):    6037148 kB
Inactive(anon):  1438868 kB
Active(file):      23948 kB
Inactive(file):    18556 kB
Unevictable:           0 kB
Mlocked:               0 kB
HighTotal:       7292552 kB
HighFree:          89776 kB
LowTotal:         814904 kB
LowFree:          288944 kB
SwapTotal:       4007932 kB
SwapFree:              0 kB
Dirty:               932 kB
Writeback:             4 kB
AnonPages:       7282056 kB
Mapped:            38084 kB
Shmem:            177804 kB
Slab:              98136 kB
SReclaimable:      51192 kB
SUnreclaim:        46944 kB
KernelStack:       16432 kB
PageTables:        46224 kB
NFS_Unstable:          0 kB
Bounce:                0 kB
WritebackTmp:          0 kB
CommitLimit:     8061660 kB
Committed_AS:   25300132 kB
VmallocTotal:     122880 kB
VmallocUsed:           0 kB
VmallocChunk:          0 kB
AnonHugePages:   4210688 kB
CmaTotal:              0 kB
CmaFree:               0 kB
HugePages_Total:       0
HugePages_Free:        0
HugePages_Rsvd:        0
HugePages_Surp:        0
Hugepagesize:       2048 kB
DirectMap4k:       34808 kB
DirectMap2M:      876544 kB


CPU:total 4 (initial active 4) (2 cores per cpu, 2 threads per core) family 6 model 58 stepping 9, cmov, cx8, fxsr, mmx, sse, sse2, sse3, ssse3, sse4.1, sse4.2, popcnt, avx, aes, clmul, erms, ht, tsc, tscinvbit, tscinv

/proc/cpuinfo:
processor	: 0
vendor_id	: GenuineIntel
cpu family	: 6
model		: 58
model name	: Intel(R) Core(TM) i5-3427U CPU @ 1.80GHz
stepping	: 9
microcode	: 0x17
cpu MHz		: 1099.957
cache size	: 3072 KB
physical id	: 0
siblings	: 4
core id		: 0
cpu cores	: 2
apicid		: 0
initial apicid	: 0
fdiv_bug	: no
f00f_bug	: no
coma_bug	: no
fpu		: yes
fpu_exception	: yes
cpuid level	: 13
wp		: yes
flags		: fpu vme de pse tsc msr pae mce cx8 apic sep mtrr pge mca cmov pat pse36 clflush dts acpi mmx fxsr sse sse2 ss ht tm pbe nx rdtscp lm constant_tsc arch_perfmon pebs bts xtopology nonstop_tsc aperfmperf eagerfpu pni pclmulqdq dtes64 monitor ds_cpl vmx smx est tm2 ssse3 cx16 xtpr pdcm pcid sse4_1 sse4_2 x2apic popcnt tsc_deadline_timer aes xsave avx f16c rdrand lahf_lm epb tpr_shadow vnmi flexpriority ept vpid fsgsbase smep erms xsaveopt dtherm ida arat pln pts
bugs		:
bogomips	: 4589.86
clflush size	: 64
cache_alignment	: 64
address sizes	: 36 bits physical, 48 bits virtual
power management:

processor	: 1
vendor_id	: GenuineIntel
cpu family	: 6
model		: 58
model name	: Intel(R) Core(TM) i5-3427U CPU @ 1.80GHz
stepping	: 9
microcode	: 0x17
cpu MHz		: 1099.957
cache size	: 3072 KB
physical id	: 0
siblings	: 4
core id		: 1
cpu cores	: 2
apicid		: 2
initial apicid	: 2
fdiv_bug	: no
f00f_bug	: no
coma_bug	: no
fpu		: yes
fpu_exception	: yes
cpuid level	: 13
wp		: yes
flags		: fpu vme de pse tsc msr pae mce cx8 apic sep mtrr pge mca cmov pat pse36 clflush dts acpi mmx fxsr sse sse2 ss ht tm pbe nx rdtscp lm constant_tsc arch_perfmon pebs bts xtopology nonstop_tsc aperfmperf eagerfpu pni pclmulqdq dtes64 monitor ds_cpl vmx smx est tm2 ssse3 cx16 xtpr pdcm pcid sse4_1 sse4_2 x2apic popcnt tsc_deadline_timer aes xsave avx f16c rdrand lahf_lm epb tpr_shadow vnmi flexpriority ept vpid fsgsbase smep erms xsaveopt dtherm ida arat pln pts
bugs		:
bogomips	: 4589.86
clflush size	: 64
cache_alignment	: 64
address sizes	: 36 bits physical, 48 bits virtual
power management:

processor	: 2
vendor_id	: GenuineIntel
cpu family	: 6
model		: 58
model name	: Intel(R) Core(TM) i5-3427U CPU @ 1.80GHz
stepping	: 9
microcode	: 0x17
cpu MHz		: 1099.957
cache size	: 3072 KB
physical id	: 0
siblings	: 4
core id		: 0
cpu cores	: 2
apicid		: 1
initial apicid	: 1
fdiv_bug	: no
f00f_bug	: no
coma_bug	: no
fpu		: yes
fpu_exception	: yes
cpuid level	: 13
wp		: yes
flags		: fpu vme de pse tsc msr pae mce cx8 apic sep mtrr pge mca cmov pat pse36 clflush dts acpi mmx fxsr sse sse2 ss ht tm pbe nx rdtscp lm constant_tsc arch_perfmon pebs bts xtopology nonstop_tsc aperfmperf eagerfpu pni pclmulqdq dtes64 monitor ds_cpl vmx smx est tm2 ssse3 cx16 xtpr pdcm pcid sse4_1 sse4_2 x2apic popcnt tsc_deadline_timer aes xsave avx f16c rdrand lahf_lm epb tpr_shadow vnmi flexpriority ept vpid fsgsbase smep erms xsaveopt dtherm ida arat pln pts
bugs		:
bogomips	: 4589.86
clflush size	: 64
cache_alignment	: 64
address sizes	: 36 bits physical, 48 bits virtual
power management:

processor	: 3
vendor_id	: GenuineIntel
cpu family	: 6
model		: 58
model name	: Intel(R) Core(TM) i5-3427U CPU @ 1.80GHz
stepping	: 9
microcode	: 0x17
cpu MHz		: 1099.957
cache size	: 3072 KB
physical id	: 0
siblings	: 4
core id		: 1
cpu cores	: 2
apicid		: 3
initial apicid	: 3
fdiv_bug	: no
f00f_bug	: no
coma_bug	: no
fpu		: yes
fpu_exception	: yes
cpuid level	: 13
wp		: yes
flags		: fpu vme de pse tsc msr pae mce cx8 apic sep mtrr pge mca cmov pat pse36 clflush dts acpi mmx fxsr sse sse2 ss ht tm pbe nx rdtscp lm constant_tsc arch_perfmon pebs bts xtopology nonstop_tsc aperfmperf eagerfpu pni pclmulqdq dtes64 monitor ds_cpl vmx smx est tm2 ssse3 cx16 xtpr pdcm pcid sse4_1 sse4_2 x2apic popcnt tsc_deadline_timer aes xsave avx f16c rdrand lahf_lm epb tpr_shadow vnmi flexpriority ept vpid fsgsbase smep erms xsaveopt dtherm ida arat pln pts
bugs		:
bogomips	: 4589.86
clflush size	: 64
cache_alignment	: 64
address sizes	: 36 bits physical, 48 bits virtual
power management:



Memory: 4k page, physical 8107456k(378720k free), swap 4007932k(0k free)

vm_info: OpenJDK Server VM (25.151-b12) for linux-x86 JRE (1.8.0_151-8u151-b12-0ubuntu0.16.04.2-b12), built on Oct 27 2017 22:05:04 by "buildd" with gcc 5.4.0 20160609

time: Thu Mar 22 12:12:19 2018
elapsed time: 18 seconds (0d 0h 0m 18s)

