#
# There is insufficient memory for the Java Runtime Environment to continue.
# Native memory allocation (mmap) failed to map 32768 bytes for committing reserved memory.
# Possible reasons:
#   The system is out of physical RAM or swap space
#   In 32 bit mode, the process size limit was hit
# Possible solutions:
#   Reduce memory load on the system
#   Increase physical memory or swap space
#   Check if swap backing store is full
#   Use 64 bit Java on a 64 bit OS
#   Decrease Java heap size (-Xmx/-Xms)
#   Decrease number of Java threads
#   Decrease Java thread stack sizes (-Xss)
#   Set larger code cache with -XX:ReservedCodeCacheSize=
# This output file may be truncated or incomplete.
#
#  Out of Memory Error (os_linux.cpp:2643), pid=29711, tid=0x631acb40
#
# JRE version: OpenJDK Runtime Environment (8.0_151-b12) (build 1.8.0_151-8u151-b12-0ubuntu0.16.04.2-b12)
# Java VM: OpenJDK Server VM (25.151-b12 mixed mode linux-x86 )
# Failed to write core dump. Core dumps have been disabled. To enable core dumping, try "ulimit -c unlimited" before starting Java again
#

---------------  T H R E A D  ---------------

Current thread (0x637a7000):  JavaThread "C1 CompilerThread2" daemon [_thread_in_vm, id=29786, stack(0x6312c000,0x631ad000)]

Stack: [0x6312c000,0x631ad000],  sp=0x631ab810,  free space=510k
Native frames: (J=compiled Java code, j=interpreted, Vv=VM code, C=native code)
V  [libjvm.so+0x8d6834]
V  [libjvm.so+0x3a7c76]
V  [libjvm.so+0x7420c0]
V  [libjvm.so+0x73c013]
V  [libjvm.so+0x8d3264]
V  [libjvm.so+0x4ba943]
V  [libjvm.so+0x335e73]
V  [libjvm.so+0x716ae0]
V  [libjvm.so+0x2d0cdb]
V  [libjvm.so+0x21eed8]
V  [libjvm.so+0x21f1c8]
V  [libjvm.so+0x21feb0]
V  [libjvm.so+0x360d41]
V  [libjvm.so+0x3624fa]
V  [libjvm.so+0x878977]
V  [libjvm.so+0x88198b]
V  [libjvm.so+0x881e5e]
V  [libjvm.so+0x73f2b5]
C  [libpthread.so.0+0x6295]  start_thread+0xe5
C  [libc.so.6+0xe705e]  clone+0x6e


Current CompileTask:
C1:  15317 2603       3       org.apache.maven.model.io.xpp3.MavenXpp3Reader::parseModel (1578 bytes)


---------------  P R O C E S S  ---------------

Java Threads: ( => current thread )
  0x637aa400 JavaThread "Service Thread" daemon [_thread_blocked, id=29788, stack(0x630db000,0x6312c000)]
=>0x637a7000 JavaThread "C1 CompilerThread2" daemon [_thread_in_vm, id=29786, stack(0x6312c000,0x631ad000)]
  0x637a5c00 JavaThread "C2 CompilerThread1" daemon [_thread_in_native, id=29785, stack(0x631ad000,0x6322e000)]
  0x637a3c00 JavaThread "C2 CompilerThread0" daemon [_thread_in_native, id=29783, stack(0x6322e000,0x632af000)]
  0x637a2400 JavaThread "Signal Dispatcher" daemon [_thread_blocked, id=29780, stack(0x632af000,0x63300000)]
  0x63788400 JavaThread "Finalizer" daemon [_thread_blocked, id=29777, stack(0x63813000,0x63864000)]
  0x63785800 JavaThread "Reference Handler" daemon [_thread_blocked, id=29776, stack(0x6642e000,0x6647f000)]
  0xb6207800 JavaThread "main" [_thread_blocked, id=29764, stack(0xb6355000,0xb63a6000)]

Other Threads:
  0x63781000 VMThread [stack: 0x63864000,0x638e5000] [id=29773]
  0x637ac000 WatcherThread [stack: 0x6305a000,0x630db000] [id=29790]

VM state:not at safepoint (normal execution)

VM Mutex/Monitor currently owned by a thread:  ([mutex/lock_event])
[0xb62044a8] CodeCache_lock - owner thread: 0x637a7000
[0xb62056f0] Compile_lock - owner thread: 0x637a7000
[0xb62057c0] MethodCompileQueue_lock - owner thread: 0x637a7000

Heap:
 PSYoungGen      total 69120K, used 51092K [0x918c0000, 0x95ec0000, 0xa6e00000)
  eden space 66560K, 72% used [0x918c0000,0x94828ff0,0x959c0000)
  from space 2560K, 99% used [0x95c40000,0x95ebc060,0x95ec0000)
  to   space 2560K, 0% used [0x959c0000,0x959c0000,0x95c40000)
 ParOldGen       total 43776K, used 7082K [0x66e00000, 0x698c0000, 0x918c0000)
  object space 43776K, 16% used [0x66e00000,0x674ea8e8,0x698c0000)
 Metaspace       used 10838K, capacity 10924K, committed 11032K, reserved 11568K

Card table byte_map: [0x66bff000,0x66e00000] byte_map_base: 0x668c8000

Marking Bits: (ParMarkBitMap*) 0xb70cb880
 Begin Bits: [0x64300000, 0x65300000)
 End Bits:   [0x65300000, 0x66300000)

Polling page: 0xb76d8000

CodeCache: size=245760Kb used=6923Kb max_used=6923Kb free=238836Kb
 bounds [0xa71c5000, 0xa788d000, 0xb61c5000]
 total_blobs=2749 nmethods=2567 adapters=95
 compilation: enabled

Compilation events (10 events):
Event: 15.149 Thread 0x637a7000 nmethod 2598 0xa7886a88 code [0xa7886e20, 0xa788887c]
Event: 15.164 Thread 0x637a7000 2599   !   3       org.apache.maven.model.RepositoryBase::clone (73 bytes)
Event: 15.170 Thread 0x637a7000 nmethod 2599 0xa7889608 code [0xa7889840, 0xa788a4a0]
Event: 15.171 Thread 0x637a7000 2600       3       java.util.AbstractList$Itr::<init> (31 bytes)
Event: 15.171 Thread 0x637a7000 nmethod 2600 0xa787c908 code [0xa787ca20, 0xa787cb60]
Event: 15.197 Thread 0x637a7000 2601       1       java.nio.channels.spi.AbstractInterruptibleChannel::isOpen (5 bytes)
Event: 15.197 Thread 0x637a7000 nmethod 2601 0xa787c6c8 code [0xa787c7c0, 0xa787c860]
Event: 15.198 Thread 0x637a7000 2602       1       org.apache.maven.model.building.DefaultModelBuildingRequest::isLocationTracking (5 bytes)
Event: 15.198 Thread 0x637a7000 nmethod 2602 0xa788ab88 code [0xa788ac80, 0xa788ad20]
Event: 15.203 Thread 0x637a7000 2603       3       org.apache.maven.model.io.xpp3.MavenXpp3Reader::parseModel (1578 bytes)

GC Heap History (8 events):
Event: 1.697 GC heap before
{Heap before GC invocations=1 (full 0):
 PSYoungGen      total 19200K, used 16640K [0x918c0000, 0x92e00000, 0xa6e00000)
  eden space 16640K, 100% used [0x918c0000,0x92900000,0x92900000)
  from space 2560K, 0% used [0x92b80000,0x92b80000,0x92e00000)
  to   space 2560K, 0% used [0x92900000,0x92900000,0x92b80000)
 ParOldGen       total 43776K, used 0K [0x66e00000, 0x698c0000, 0x918c0000)
  object space 43776K, 0% used [0x66e00000,0x66e00000,0x698c0000)
 Metaspace       used 4650K, capacity 4714K, committed 4760K, reserved 5424K
Event: 1.730 GC heap after
Heap after GC invocations=1 (full 0):
 PSYoungGen      total 19200K, used 2547K [0x918c0000, 0x93e40000, 0xa6e00000)
  eden space 16640K, 0% used [0x918c0000,0x918c0000,0x92900000)
  from space 2560K, 99% used [0x92900000,0x92b7ccb0,0x92b80000)
  to   space 2560K, 0% used [0x93bc0000,0x93bc0000,0x93e40000)
 ParOldGen       total 43776K, used 816K [0x66e00000, 0x698c0000, 0x918c0000)
  object space 43776K, 1% used [0x66e00000,0x66ecc1e8,0x698c0000)
 Metaspace       used 4650K, capacity 4714K, committed 4760K, reserved 5424K
}
Event: 2.854 GC heap before
{Heap before GC invocations=2 (full 0):
 PSYoungGen      total 19200K, used 19187K [0x918c0000, 0x93e40000, 0xa6e00000)
  eden space 16640K, 100% used [0x918c0000,0x92900000,0x92900000)
  from space 2560K, 99% used [0x92900000,0x92b7ccb0,0x92b80000)
  to   space 2560K, 0% used [0x93bc0000,0x93bc0000,0x93e40000)
 ParOldGen       total 43776K, used 816K [0x66e00000, 0x698c0000, 0x918c0000)
  object space 43776K, 1% used [0x66e00000,0x66ecc1e8,0x698c0000)
 Metaspace       used 5289K, capacity 5322K, committed 5400K, reserved 5424K
Event: 2.900 GC heap after
Heap after GC invocations=2 (full 0):
 PSYoungGen      total 35840K, used 2559K [0x918c0000, 0x93e40000, 0xa6e00000)
  eden space 33280K, 0% used [0x918c0000,0x918c0000,0x93940000)
  from space 2560K, 99% used [0x93bc0000,0x93e3fd30,0x93e40000)
  to   space 2560K, 0% used [0x93940000,0x93940000,0x93bc0000)
 ParOldGen       total 43776K, used 889K [0x66e00000, 0x698c0000, 0x918c0000)
  object space 43776K, 2% used [0x66e00000,0x66ede688,0x698c0000)
 Metaspace       used 5289K, capacity 5322K, committed 5400K, reserved 5424K
}
Event: 6.144 GC heap before
{Heap before GC invocations=3 (full 0):
 PSYoungGen      total 35840K, used 35839K [0x918c0000, 0x93e40000, 0xa6e00000)
  eden space 33280K, 100% used [0x918c0000,0x93940000,0x93940000)
  from space 2560K, 99% used [0x93bc0000,0x93e3fd30,0x93e40000)
  to   space 2560K, 0% used [0x93940000,0x93940000,0x93bc0000)
 ParOldGen       total 43776K, used 889K [0x66e00000, 0x698c0000, 0x918c0000)
  object space 43776K, 2% used [0x66e00000,0x66ede688,0x698c0000)
 Metaspace       used 8078K, capacity 8156K, committed 8216K, reserved 8496K
Event: 6.195 GC heap after
Heap after GC invocations=3 (full 0):
 PSYoungGen      total 35840K, used 2554K [0x918c0000, 0x95ec0000, 0xa6e00000)
  eden space 33280K, 0% used [0x918c0000,0x918c0000,0x93940000)
  from space 2560K, 99% used [0x93940000,0x93bbe880,0x93bc0000)
  to   space 2560K, 0% used [0x95c40000,0x95c40000,0x95ec0000)
 ParOldGen       total 43776K, used 4998K [0x66e00000, 0x698c0000, 0x918c0000)
  object space 43776K, 11% used [0x66e00000,0x672e1898,0x698c0000)
 Metaspace       used 8078K, capacity 8156K, committed 8216K, reserved 8496K
}
Event: 9.128 GC heap before
{Heap before GC invocations=4 (full 0):
 PSYoungGen      total 35840K, used 35834K [0x918c0000, 0x95ec0000, 0xa6e00000)
  eden space 33280K, 100% used [0x918c0000,0x93940000,0x93940000)
  from space 2560K, 99% used [0x93940000,0x93bbe880,0x93bc0000)
  to   space 2560K, 0% used [0x95c40000,0x95c40000,0x95ec0000)
 ParOldGen       total 43776K, used 4998K [0x66e00000, 0x698c0000, 0x918c0000)
  object space 43776K, 11% used [0x66e00000,0x672e1898,0x698c0000)
 Metaspace       used 9960K, capacity 10043K, committed 10136K, reserved 10544K
Event: 9.151 GC heap after
Heap after GC invocations=4 (full 0):
 PSYoungGen      total 69120K, used 2544K [0x918c0000, 0x95ec0000, 0xa6e00000)
  eden space 66560K, 0% used [0x918c0000,0x918c0000,0x959c0000)
  from space 2560K, 99% used [0x95c40000,0x95ebc060,0x95ec0000)
  to   space 2560K, 0% used [0x959c0000,0x959c0000,0x95c40000)
 ParOldGen       total 43776K, used 7082K [0x66e00000, 0x698c0000, 0x918c0000)
  object space 43776K, 16% used [0x66e00000,0x674ea8e8,0x698c0000)
 Metaspace       used 9960K, capacity 10043K, committed 10136K, reserved 10544K
}

Deoptimization events (10 events):
Event: 10.264 Thread 0xb6207800 Uncommon trap: reason=unstable_if action=reinterpret pc=0xa7702964 method=java.lang.String.trim()Ljava/lang/String; @ 63
Event: 10.288 Thread 0xb6207800 Uncommon trap: reason=null_check action=make_not_entrant pc=0xa7729acc method=org.apache.maven.model.io.xpp3.MavenXpp3Reader.checkFieldWithDuplicate(Lorg/codehaus/plexus/util/xml/pull/XmlPullParser;Ljava/lang/String;Ljava/lang/String;Ljava/util/Set;)Z @ 2
Event: 10.995 Thread 0xb6207800 Uncommon trap: reason=unstable_if action=reinterpret pc=0xa7664d54 method=java.util.HashMap.hash(Ljava/lang/Object;)I @ 1
Event: 10.996 Thread 0xb6207800 Uncommon trap: reason=unstable_if action=reinterpret pc=0xa744eec4 method=java.util.HashMap.hash(Ljava/lang/Object;)I @ 1
Event: 11.233 Thread 0xb6207800 Uncommon trap: reason=class_check action=maybe_recompile pc=0xa7699ad4 method=java.util.regex.Pattern$7.isSatisfiedBy(I)Z @ 16
Event: 11.236 Thread 0xb6207800 Uncommon trap: reason=class_check action=maybe_recompile pc=0xa7699ad4 method=java.util.regex.Pattern$7.isSatisfiedBy(I)Z @ 16
Event: 11.236 Thread 0xb6207800 Uncommon trap: reason=class_check action=maybe_recompile pc=0xa7699ae8 method=java.util.regex.Pattern$CharProperty$1.isSatisfiedBy(I)Z @ 5
Event: 11.236 Thread 0xb6207800 Uncommon trap: reason=class_check action=maybe_recompile pc=0xa7699ad4 method=java.util.regex.Pattern$7.isSatisfiedBy(I)Z @ 16
Event: 11.236 Thread 0xb6207800 Uncommon trap: reason=class_check action=maybe_recompile pc=0xa7699ad4 method=java.util.regex.Pattern$7.isSatisfiedBy(I)Z @ 16
Event: 12.100 Thread 0xb6207800 Uncommon trap: reason=unstable_if action=reinterpret pc=0xa77245a4 method=org.codehaus.plexus.util.xml.pull.MXParser.nextImpl()I @ 280

Internal exceptions (10 events):
Event: 8.894 Thread 0xb6207800 Exception <a 'java/lang/NullPointerException'> (0x936110d8) thrown at [/build/openjdk-8-Y4imzb/openjdk-8-8u151-b12/src/hotspot/src/share/vm/interpreter/linkResolver.cpp, line 1183]
Event: 8.894 Thread 0xb6207800 Exception <a 'java/lang/NullPointerException'> (0x936112e8) thrown at [/build/openjdk-8-Y4imzb/openjdk-8-8u151-b12/src/hotspot/src/share/vm/interpreter/linkResolver.cpp, line 1183]
Event: 8.895 Thread 0xb6207800 Exception <a 'java/lang/NullPointerException'> (0x93619ac0) thrown at [/build/openjdk-8-Y4imzb/openjdk-8-8u151-b12/src/hotspot/src/share/vm/interpreter/linkResolver.cpp, line 1183]
Event: 8.895 Thread 0xb6207800 Exception <a 'java/lang/NullPointerException'> (0x93619cd0) thrown at [/build/openjdk-8-Y4imzb/openjdk-8-8u151-b12/src/hotspot/src/share/vm/interpreter/linkResolver.cpp, line 1183]
Event: 8.895 Thread 0xb6207800 Exception <a 'java/lang/NullPointerException'> (0x93619ee0) thrown at [/build/openjdk-8-Y4imzb/openjdk-8-8u151-b12/src/hotspot/src/share/vm/interpreter/linkResolver.cpp, line 1183]
Event: 9.992 Thread 0xb6207800 Implicit null exception at 0xa76fa2bd to 0xa76fa495
Event: 10.185 Thread 0xb6207800 Implicit null exception at 0xa73e2cbe to 0xa73e2e55
Event: 10.288 Thread 0xb6207800 Implicit null exception at 0xa77292cb to 0xa7729ac1
Event: 10.995 Thread 0xb6207800 Implicit null exception at 0xa76648e3 to 0xa7664d45
Event: 10.996 Thread 0xb6207800 Implicit null exception at 0xa744eabf to 0xa744eeb5

Events (10 events):
Event: 13.393 Thread 0xb6207800 DEOPT PACKING pc=0xa76bc925 sp=0xb63a3af0
Event: 13.393 Thread 0xb6207800 DEOPT UNPACKING pc=0xa72015d0 sp=0xb63a3a8c mode 0
Event: 13.494 Thread 0xb6207800 DEOPT PACKING pc=0xa76bc925 sp=0xb63a3940
Event: 13.494 Thread 0xb6207800 DEOPT UNPACKING pc=0xa72015d0 sp=0xb63a38dc mode 0
Event: 13.667 Thread 0xb6207800 DEOPT PACKING pc=0xa76bc925 sp=0xb63a3af0
Event: 13.667 Thread 0xb6207800 DEOPT UNPACKING pc=0xa72015d0 sp=0xb63a3a8c mode 0
Event: 13.813 Thread 0xb6207800 DEOPT PACKING pc=0xa76bc925 sp=0xb63a3af0
Event: 13.813 Thread 0xb6207800 DEOPT UNPACKING pc=0xa72015d0 sp=0xb63a3a8c mode 0
Event: 14.078 Thread 0xb6207800 DEOPT PACKING pc=0xa76bc925 sp=0xb63a3940
Event: 14.078 Thread 0xb6207800 DEOPT UNPACKING pc=0xa72015d0 sp=0xb63a38dc mode 0


Dynamic libraries:
08048000-08049000 r-xp 00000000 08:01 1693306    /usr/lib/jvm/java-8-openjdk-i386/jre/bin/java
08049000-0804a000 r--p 00000000 08:01 1693306    /usr/lib/jvm/java-8-openjdk-i386/jre/bin/java
0804a000-0804b000 rw-p 00001000 08:01 1693306    /usr/lib/jvm/java-8-openjdk-i386/jre/bin/java
0a048000-0a069000 rw-p 00000000 00:00 0          [heap]
61500000-615ee000 rw-p 00000000 00:00 0 
615ee000-61600000 ---p 00000000 00:00 0 
61700000-617ca000 rw-p 00000000 00:00 0 
617ca000-61800000 ---p 00000000 00:00 0 
61800000-618c9000 rw-p 00000000 00:00 0 
618c9000-61900000 ---p 00000000 00:00 0 
61900000-619fc000 rw-p 00000000 00:00 0 
619fc000-61a00000 ---p 00000000 00:00 0 
61a3f000-61c80000 rw-p 00000000 00:00 0 
61c80000-61d00000 ---p 00000000 00:00 0 
61d00000-61da1000 rw-p 00000000 00:00 0 
61da1000-61e00000 ---p 00000000 00:00 0 
61e00000-61f00000 rw-p 00000000 00:00 0 
61f00000-61fd5000 rw-p 00000000 00:00 0 
61fd5000-62000000 ---p 00000000 00:00 0 
62000000-62100000 rw-p 00000000 00:00 0 
62100000-6218d000 rw-p 00000000 00:00 0 
6218d000-62200000 ---p 00000000 00:00 0 
62200000-62300000 rw-p 00000000 00:00 0 
62300000-62400000 rw-p 00000000 00:00 0 
62400000-62500000 rw-p 00000000 00:00 0 
62500000-62600000 rw-p 00000000 00:00 0 
62600000-62700000 rw-p 00000000 00:00 0 
62700000-627fc000 rw-p 00000000 00:00 0 
627fc000-62800000 ---p 00000000 00:00 0 
62800000-62900000 rw-p 00000000 00:00 0 
62900000-629fa000 rw-p 00000000 00:00 0 
629fa000-62a00000 ---p 00000000 00:00 0 
62a00000-62b00000 rw-p 00000000 00:00 0 
62b00000-62c00000 rw-p 00000000 00:00 0 
62c00000-62cfa000 rw-p 00000000 00:00 0 
62cfa000-62d00000 ---p 00000000 00:00 0 
62d00000-62e00000 rw-p 00000000 00:00 0 
62e9c000-62ead000 r-xp 00000000 08:01 1693283    /usr/lib/jvm/java-8-openjdk-i386/jre/lib/i386/libnio.so
62ead000-62eae000 r--p 00010000 08:01 1693283    /usr/lib/jvm/java-8-openjdk-i386/jre/lib/i386/libnio.so
62eae000-62eaf000 rw-p 00011000 08:01 1693283    /usr/lib/jvm/java-8-openjdk-i386/jre/lib/i386/libnio.so
62eaf000-62ec5000 r-xp 00000000 08:01 1693270    /usr/lib/jvm/java-8-openjdk-i386/jre/lib/i386/libnet.so
62ec5000-62ec6000 r--p 00015000 08:01 1693270    /usr/lib/jvm/java-8-openjdk-i386/jre/lib/i386/libnet.so
62ec6000-62ec7000 rw-p 00016000 08:01 1693270    /usr/lib/jvm/java-8-openjdk-i386/jre/lib/i386/libnet.so
62ec7000-62ed4000 r--s 0008d000 08:01 1149531    /usr/share/java/maven3-core-3.3.9.jar
62ed4000-62f00000 r--s 00208000 08:01 1148516    /usr/share/java/guava.jar
62f00000-62ffc000 rw-p 00000000 00:00 0 
62ffc000-63000000 ---p 00000000 00:00 0 
63005000-6300a000 r--s 0009a000 08:01 1693288    /usr/lib/jvm/java-8-openjdk-i386/jre/lib/jsse.jar
6300a000-6300d000 r--s 00007000 08:01 1149537    /usr/share/java/maven3-settings-builder-3.3.9.jar
6300d000-6300f000 r--s 0000d000 08:01 1149536    /usr/share/java/maven3-aether-provider-3.3.9.jar
6300f000-63016000 r--s 0002c000 08:01 1149509    /usr/share/java/sisu-plexus.jar
63016000-6301a000 r--s 00027000 08:01 1145546    /usr/share/java/commons-io-2.4.jar
6301a000-63022000 r--s 00054000 08:01 1149507    /usr/share/java/sisu-inject.jar
63022000-63029000 r--s 0005d000 08:01 1149254    /usr/share/java/commons-lang3.jar
63029000-6305a000 r--s 00207000 08:01 1149515    /usr/share/java/wagon-http-shaded-2.x.jar
6305a000-6305b000 ---p 00000000 00:00 0 
6305b000-630db000 rw-p 00000000 00:00 0 
630db000-630de000 ---p 00000000 00:00 0 
630de000-6312c000 rw-p 00000000 00:00 0 
6312c000-6312f000 ---p 00000000 00:00 0 
6312f000-631ad000 rw-p 00000000 00:00 0 
631ad000-631b0000 ---p 00000000 00:00 0 
631b0000-6322e000 rw-p 00000000 00:00 0 
6322e000-63231000 ---p 00000000 00:00 0 
63231000-632af000 rw-p 00000000 00:00 0 
632af000-632b2000 ---p 00000000 00:00 0 
632b2000-63300000 rw-p 00000000 00:00 0 
63300000-63500000 r--p 00000000 08:01 1105218    /usr/lib/locale/locale-archive
63500000-635fe000 rw-p 00000000 00:00 0 
635fe000-63600000 ---p 00000000 00:00 0 
63600000-63621000 rw-p 00000000 00:00 0 
63621000-63700000 ---p 00000000 00:00 0 
63700000-637fb000 rw-p 00000000 00:00 0 
637fb000-63800000 ---p 00000000 00:00 0 
63800000-63801000 r--s 00001000 08:01 1149511    /usr/share/java/wagon-file-2.x.jar
63801000-63802000 r--s 00004000 08:01 1145398    /usr/share/java/atinject-jsr330-tck-1.0.jar
63802000-63804000 r--s 0000e000 08:01 1149271    /usr/share/java/plexus-interpolation.jar
63804000-63806000 r--s 00006000 08:01 1149372    /usr/share/java/eclipse-aether-spi.jar
63806000-6380a000 r--s 00027000 08:01 1149367    /usr/share/java/eclipse-aether-impl.jar
6380a000-6380c000 r--s 00005000 08:01 1149373    /usr/share/java/eclipse-aether-transport-wagon.jar
6380c000-6380e000 r--s 00001000 08:01 1149403    /usr/share/java/aopalliance-1.0.jar
6380e000-63813000 r--s 0001d000 08:01 1149374    /usr/share/java/eclipse-aether-api.jar
63813000-63816000 ---p 00000000 00:00 0 
63816000-63864000 rw-p 00000000 00:00 0 
63864000-63865000 ---p 00000000 00:00 0 
63865000-638e5000 rw-p 00000000 00:00 0 
638e5000-63ab4000 r--s 03c21000 08:01 1693223    /usr/lib/jvm/java-8-openjdk-i386/jre/lib/rt.jar
63ab4000-63efa000 rw-p 00000000 00:00 0 
63efa000-63f00000 ---p 00000000 00:00 0 
63f00000-66300000 rw-p 00000000 00:00 0 
66300000-663fa000 rw-p 00000000 00:00 0 
663fa000-66400000 ---p 00000000 00:00 0 
66400000-66401000 r--s 00008000 08:01 1149370    /usr/share/java/eclipse-aether-connector-basic.jar
66401000-66403000 r--s 00001000 08:01 1149538    /usr/share/java/maven3-builder-support-3.3.9.jar
66403000-66405000 r--s 00002000 08:01 1149449    /usr/share/java/plexus-cipher.jar
66405000-66406000 r--s 00002000 08:01 1149066    /usr/share/java/slf4j-simple.jar
66406000-66408000 r--s 00013000 08:01 1149534    /usr/share/java/maven3-embedder-3.3.9.jar
66408000-6640a000 r--s 00027000 08:01 1149535    /usr/share/java/maven3-model-3.3.9.jar
6640a000-6640c000 r--s 0000a000 08:01 1147016    /usr/share/java/commons-cli-1.3.1.jar
6640c000-6640e000 r--s 0000a000 08:01 1149512    /usr/share/java/wagon-provider-api-2.x.jar
6640e000-66411000 r--s 0000a000 08:01 1149539    /usr/share/java/maven3-artifact-3.3.9.jar
66411000-66415000 r--s 00020000 08:01 1149392    /usr/share/java/eclipse-aether-util.jar
66415000-66416000 r--s 00006000 08:01 1149532    /usr/share/java/maven3-repository-metadata-3.3.9.jar
66416000-66418000 r--s 00007000 08:01 1149069    /usr/share/java/slf4j-api.jar
66418000-66419000 r--s 0000a000 08:01 1149528    /usr/share/java/maven3-settings-3.3.9.jar
66419000-6641a000 r--s 00001000 08:01 1149518    /usr/share/java/wagon-http-shared-2.x.jar
6641a000-6641e000 r--s 00038000 08:01 1149495    /usr/share/java/plexus-utils2.jar
6641e000-66424000 r--s 00048000 08:01 1149288    /usr/share/java/jsoup.jar
66424000-66429000 r--s 00025000 08:01 1149533    /usr/share/java/maven3-model-builder-3.3.9.jar
66429000-6642e000 r--s 00040000 08:01 1145678    /usr/share/java/commons-lang-2.6.jar
6642e000-66431000 ---p 00000000 00:00 0 
66431000-6647f000 rw-p 00000000 00:00 0 
6647f000-66480000 ---p 00000000 00:00 0 
66480000-66500000 rw-p 00000000 00:00 0 
66500000-66600000 rw-p 00000000 00:00 0 
66600000-66601000 r--s 00006000 08:01 1149451    /usr/share/java/plexus-sec-dispatcher.jar
66601000-66603000 r--s 0000a000 08:01 1149529    /usr/share/java/maven3-plugin-api-3.3.9.jar
66603000-66605000 r--s 00000000 08:01 1149499    /usr/share/java/plexus-component-annotations-1.5.jar
66605000-66608000 r--s 00008000 08:01 1149246    /usr/share/java/cdi-api-1.0.jar
66608000-66616000 r--s 00095000 08:01 1149408    /usr/share/java/guice.jar
66616000-66631000 r--s 00394000 08:01 1693228    /usr/lib/jvm/java-8-openjdk-i386/jre/lib/ext/cldrdata.jar
66631000-6667f000 rw-p 00000000 00:00 0 
6667f000-66680000 ---p 00000000 00:00 0 
66680000-66700000 rw-p 00000000 00:00 0 
66700000-66721000 rw-p 00000000 00:00 0 
66721000-66800000 ---p 00000000 00:00 0 
66800000-66802000 r--s 00012000 08:01 1149243    /usr/share/java/el-api-3.0.jar
66802000-66809000 r--s 00041000 08:01 1149530    /usr/share/java/maven3-compat-3.3.9.jar
66809000-66824000 r--s 001d6000 08:01 1693230    /usr/lib/jvm/java-8-openjdk-i386/jre/lib/ext/nashorn.jar
66824000-6687f000 rw-p 00000000 00:00 0 
6687f000-66880000 ---p 00000000 00:00 0 
66880000-66900000 rw-p 00000000 00:00 0 
66900000-66921000 rw-p 00000000 00:00 0 
66921000-66a00000 ---p 00000000 00:00 0 
66a00000-66a06000 r--s 0003a000 08:01 1693231    /usr/lib/jvm/java-8-openjdk-i386/jre/lib/ext/sunjce_provider.jar
66a06000-66a10000 r--s 00116000 08:01 1693233    /usr/lib/jvm/java-8-openjdk-i386/jre/lib/ext/localedata.jar
66a10000-66a28000 rw-p 00000000 00:00 0 
66a28000-66a29000 ---p 00000000 00:00 0 
66a29000-66abf000 rw-p 00000000 00:00 0 
66abf000-66bff000 ---p 00000000 00:00 0 
66bff000-66c15000 rw-p 00000000 00:00 0 
66c15000-66d54000 ---p 00000000 00:00 0 
66d54000-66d78000 rw-p 00000000 00:00 0 
66d78000-66dff000 ---p 00000000 00:00 0 
66dff000-698c0000 rw-p 00000000 00:00 0 
698c0000-918c0000 ---p 00000000 00:00 0 
918c0000-95ec0000 rw-p 00000000 00:00 0 
95ec0000-a6e00000 ---p 00000000 00:00 0 
a6e00000-a6e01000 r--s 00000000 08:01 1149240    /usr/share/java/geronimo-interceptor-3.0-spec-1.0.1.jar
a6e01000-a6e03000 r--s 0000a000 08:01 1149493    /usr/share/java/plexus-classworlds2-2.5.2.jar
a6e03000-a6e05000 r--s 00008000 08:01 1693232    /usr/lib/jvm/java-8-openjdk-i386/jre/lib/ext/sunec.jar
a6e05000-a6e21000 rw-p 00000000 00:00 0 
a6e21000-a71c5000 ---p 00000000 00:00 0 
a71c5000-a788d000 rwxp 00000000 00:00 0 
a7895000-b61c5000 ---p 00000000 00:00 0 
b61c5000-b61d0000 r-xp 00000000 08:01 3401300    /lib/i386-linux-gnu/libnss_files-2.23.so
b61d0000-b61d1000 r--p 0000a000 08:01 3401300    /lib/i386-linux-gnu/libnss_files-2.23.so
b61d1000-b61d2000 rw-p 0000b000 08:01 3401300    /lib/i386-linux-gnu/libnss_files-2.23.so
b61d2000-b61d8000 rw-p 00000000 00:00 0 
b61d8000-b61e3000 r-xp 00000000 08:01 3401303    /lib/i386-linux-gnu/libnss_nis-2.23.so
b61e3000-b61e4000 r--p 0000a000 08:01 3401303    /lib/i386-linux-gnu/libnss_nis-2.23.so
b61e4000-b61e5000 rw-p 0000b000 08:01 3401303    /lib/i386-linux-gnu/libnss_nis-2.23.so
b61e5000-b61fc000 r-xp 00000000 08:01 3401221    /lib/i386-linux-gnu/libnsl-2.23.so
b61fc000-b61fd000 r--p 00016000 08:01 3401221    /lib/i386-linux-gnu/libnsl-2.23.so
b61fd000-b61fe000 rw-p 00017000 08:01 3401221    /lib/i386-linux-gnu/libnsl-2.23.so
b61fe000-b6200000 rw-p 00000000 00:00 0 
b6200000-b62fb000 rw-p 00000000 00:00 0 
b62fb000-b6300000 ---p 00000000 00:00 0 
b6300000-b6301000 r--s 00000000 08:01 1145399    /usr/share/java/atinject-jsr330-api-1.0.jar
b6301000-b6309000 r-xp 00000000 08:01 3401309    /lib/i386-linux-gnu/libnss_compat-2.23.so
b6309000-b630a000 r--p 00007000 08:01 3401309    /lib/i386-linux-gnu/libnss_compat-2.23.so
b630a000-b630b000 rw-p 00008000 08:01 3401309    /lib/i386-linux-gnu/libnss_compat-2.23.so
b630b000-b630c000 r--s 00010000 08:01 1693229    /usr/lib/jvm/java-8-openjdk-i386/jre/lib/ext/zipfs.jar
b630c000-b630e000 r--s 00001000 08:01 1693236    /usr/lib/jvm/java-8-openjdk-i386/jre/lib/ext/dnsns.jar
b630e000-b6311000 r--s 0000f000 08:01 1693227    /usr/lib/jvm/java-8-openjdk-i386/jre/lib/ext/icedtea-sound.jar
b6311000-b6319000 r-xp 00000000 08:01 1693277    /usr/lib/jvm/java-8-openjdk-i386/jre/lib/i386/libzip.so
b6319000-b631a000 r--p 00007000 08:01 1693277    /usr/lib/jvm/java-8-openjdk-i386/jre/lib/i386/libzip.so
b631a000-b631b000 rw-p 00008000 08:01 1693277    /usr/lib/jvm/java-8-openjdk-i386/jre/lib/i386/libzip.so
b631b000-b6323000 rw-s 00000000 08:01 2575866    /tmp/hsperfdata_sarnobat/29711
b6323000-b634a000 r-xp 00000000 08:01 1693258    /usr/lib/jvm/java-8-openjdk-i386/jre/lib/i386/libjava.so
b634a000-b634b000 r--p 00026000 08:01 1693258    /usr/lib/jvm/java-8-openjdk-i386/jre/lib/i386/libjava.so
b634b000-b634c000 rw-p 00027000 08:01 1693258    /usr/lib/jvm/java-8-openjdk-i386/jre/lib/i386/libjava.so
b634c000-b6353000 r-xp 00000000 08:01 3401305    /lib/i386-linux-gnu/librt-2.23.so
b6353000-b6354000 r--p 00006000 08:01 3401305    /lib/i386-linux-gnu/librt-2.23.so
b6354000-b6355000 rw-p 00007000 08:01 3401305    /lib/i386-linux-gnu/librt-2.23.so
b6355000-b6358000 ---p 00000000 00:00 0 
b6358000-b63a6000 rw-p 00000000 00:00 0 
b63a6000-b63c2000 r-xp 00000000 08:01 3402590    /lib/i386-linux-gnu/libgcc_s.so.1
b63c2000-b63c3000 rw-p 0001b000 08:01 3402590    /lib/i386-linux-gnu/libgcc_s.so.1
b63c3000-b6416000 r-xp 00000000 08:01 3401314    /lib/i386-linux-gnu/libm-2.23.so
b6416000-b6417000 r--p 00052000 08:01 3401314    /lib/i386-linux-gnu/libm-2.23.so
b6417000-b6418000 rw-p 00053000 08:01 3401314    /lib/i386-linux-gnu/libm-2.23.so
b6418000-b6585000 r-xp 00000000 08:01 1110301    /usr/lib/i386-linux-gnu/libstdc++.so.6.0.21
b6585000-b6586000 ---p 0016d000 08:01 1110301    /usr/lib/i386-linux-gnu/libstdc++.so.6.0.21
b6586000-b658b000 r--p 0016d000 08:01 1110301    /usr/lib/i386-linux-gnu/libstdc++.so.6.0.21
b658b000-b658c000 rw-p 00172000 08:01 1110301    /usr/lib/i386-linux-gnu/libstdc++.so.6.0.21
b658c000-b658f000 rw-p 00000000 00:00 0 
b658f000-b7060000 r-xp 00000000 08:01 1693269    /usr/lib/jvm/java-8-openjdk-i386/jre/lib/i386/server/libjvm.so
b7060000-b70a6000 r--p 00ad0000 08:01 1693269    /usr/lib/jvm/java-8-openjdk-i386/jre/lib/i386/server/libjvm.so
b70a6000-b70bd000 rw-p 00b16000 08:01 1693269    /usr/lib/jvm/java-8-openjdk-i386/jre/lib/i386/server/libjvm.so
b70bd000-b74de000 rw-p 00000000 00:00 0 
b74de000-b74f7000 r-xp 00000000 08:01 3401302    /lib/i386-linux-gnu/libpthread-2.23.so
b74f7000-b74f8000 r--p 00018000 08:01 3401302    /lib/i386-linux-gnu/libpthread-2.23.so
b74f8000-b74f9000 rw-p 00019000 08:01 3401302    /lib/i386-linux-gnu/libpthread-2.23.so
b74f9000-b74fb000 rw-p 00000000 00:00 0 
b74fb000-b74fe000 r-xp 00000000 08:01 3401308    /lib/i386-linux-gnu/libdl-2.23.so
b74fe000-b74ff000 r--p 00002000 08:01 3401308    /lib/i386-linux-gnu/libdl-2.23.so
b74ff000-b7500000 rw-p 00003000 08:01 3401308    /lib/i386-linux-gnu/libdl-2.23.so
b7500000-b7519000 r-xp 00000000 08:01 3402741    /lib/i386-linux-gnu/libz.so.1.2.8
b7519000-b751a000 r--p 00018000 08:01 3402741    /lib/i386-linux-gnu/libz.so.1.2.8
b751a000-b751b000 rw-p 00019000 08:01 3402741    /lib/i386-linux-gnu/libz.so.1.2.8
b751b000-b76cb000 r-xp 00000000 08:01 3402570    /lib/i386-linux-gnu/libc-2.23.so
b76cb000-b76cd000 r--p 001af000 08:01 3402570    /lib/i386-linux-gnu/libc-2.23.so
b76cd000-b76ce000 rw-p 001b1000 08:01 3402570    /lib/i386-linux-gnu/libc-2.23.so
b76ce000-b76d1000 rw-p 00000000 00:00 0 
b76d1000-b76d2000 r--s 0000a000 08:01 1693235    /usr/lib/jvm/java-8-openjdk-i386/jre/lib/ext/jaccess.jar
b76d2000-b76d6000 r--s 00037000 08:01 1693234    /usr/lib/jvm/java-8-openjdk-i386/jre/lib/ext/sunpkcs11.jar
b76d6000-b76d7000 r--p 002d4000 08:01 1105218    /usr/lib/locale/locale-archive
b76d7000-b76d8000 rw-p 00000000 00:00 0 
b76d8000-b76d9000 r--p 00000000 00:00 0 
b76d9000-b76e7000 r-xp 00000000 08:01 1693275    /usr/lib/jvm/java-8-openjdk-i386/jre/lib/i386/libverify.so
b76e7000-b76e8000 r--p 0000d000 08:01 1693275    /usr/lib/jvm/java-8-openjdk-i386/jre/lib/i386/libverify.so
b76e8000-b76e9000 rw-p 0000e000 08:01 1693275    /usr/lib/jvm/java-8-openjdk-i386/jre/lib/i386/libverify.so
b76e9000-b76f6000 r-xp 00000000 08:01 1693273    /usr/lib/jvm/java-8-openjdk-i386/jre/lib/i386/jli/libjli.so
b76f6000-b76f7000 r--p 0000c000 08:01 1693273    /usr/lib/jvm/java-8-openjdk-i386/jre/lib/i386/jli/libjli.so
b76f7000-b76f8000 rw-p 0000d000 08:01 1693273    /usr/lib/jvm/java-8-openjdk-i386/jre/lib/i386/jli/libjli.so
b76f8000-b76fa000 rw-p 00000000 00:00 0 
b76fa000-b76fc000 r--p 00000000 00:00 0          [vvar]
b76fc000-b76fd000 r-xp 00000000 00:00 0          [vdso]
b76fd000-b771f000 r-xp 00000000 08:01 3401231    /lib/i386-linux-gnu/ld-2.23.so
b771f000-b7720000 rw-p 00000000 00:00 0 
b7720000-b7721000 r--p 00022000 08:01 3401231    /lib/i386-linux-gnu/ld-2.23.so
b7721000-b7722000 rw-p 00023000 08:01 3401231    /lib/i386-linux-gnu/ld-2.23.so
bf8ac000-bf8cd000 rw-p 00000000 00:00 0          [stack]

VM Arguments:
jvm_args: -Dclassworlds.conf=/usr/share/maven/bin/m2.conf -Dmaven.home=/usr/share/maven -Dmaven.multiModuleProjectDirectory=/home/sarnobat/github/maven_project 
java_command: org.codehaus.plexus.classworlds.launcher.Launcher --quiet --settings /home/sarnobat/sarnobat.git/mac/.m2/settings.xml install exec:java -Dexec.mainClass=Md5RoList -Dexec.args=4485
java_class_path (initial): /usr/share/maven/boot/plexus-classworlds-2.x.jar
Launcher Type: SUN_STANDARD

Environment Variables:
JAVA_HOME=/usr/lib/jvm/java-8-openjdk-i386
PATH=/usr/bin:/bin
SHELL=/bin/sh

Signal Handlers:
SIGSEGV: [libjvm.so+0x8d7370], sa_mask[0]=11111111011111111101111111111110, sa_flags=SA_RESTART|SA_SIGINFO
SIGBUS: [libjvm.so+0x8d7370], sa_mask[0]=11111111011111111101111111111110, sa_flags=SA_RESTART|SA_SIGINFO
SIGFPE: [libjvm.so+0x73d1c0], sa_mask[0]=11111111011111111101111111111110, sa_flags=SA_RESTART|SA_SIGINFO
SIGPIPE: [libjvm.so+0x73d1c0], sa_mask[0]=11111111011111111101111111111110, sa_flags=SA_RESTART|SA_SIGINFO
SIGXFSZ: [libjvm.so+0x73d1c0], sa_mask[0]=11111111011111111101111111111110, sa_flags=SA_RESTART|SA_SIGINFO
SIGILL: [libjvm.so+0x73d1c0], sa_mask[0]=11111111011111111101111111111110, sa_flags=SA_RESTART|SA_SIGINFO
SIGUSR1: SIG_DFL, sa_mask[0]=00000000000000000000000000000000, sa_flags=none
SIGUSR2: [libjvm.so+0x73d000], sa_mask[0]=00000000000000000000000000000000, sa_flags=SA_RESTART|SA_SIGINFO
SIGHUP: [libjvm.so+0x73d790], sa_mask[0]=11111111011111111101111111111110, sa_flags=SA_RESTART|SA_SIGINFO
SIGINT: [libjvm.so+0x73d790], sa_mask[0]=11111111011111111101111111111110, sa_flags=SA_RESTART|SA_SIGINFO
SIGTERM: [libjvm.so+0x73d790], sa_mask[0]=11111111011111111101111111111110, sa_flags=SA_RESTART|SA_SIGINFO
SIGQUIT: [libjvm.so+0x73d790], sa_mask[0]=11111111011111111101111111111110, sa_flags=SA_RESTART|SA_SIGINFO


---------------  S Y S T E M  ---------------

OS:DISTRIB_ID=Ubuntu
DISTRIB_RELEASE=16.04
DISTRIB_CODENAME=xenial
DISTRIB_DESCRIPTION="Ubuntu 16.04.1 LTS"

uname:Linux 4.4.0-104-generic #127-Ubuntu SMP Mon Dec 11 12:16:50 UTC 2017 i686
libc:glibc 2.23 NPTL 2.23 
rlimit: STACK 8192k, CORE 0k, NPROC 63057, NOFILE 65536, AS infinity
load average:55.68 54.73 55.15

/proc/meminfo:
MemTotal:        8107456 kB
MemFree:          434284 kB
MemAvailable:          0 kB
Buffers:            2140 kB
Cached:           292128 kB
SwapCached:         5896 kB
Active:          6201424 kB
Inactive:        1289220 kB
Active(anon):    6189768 kB
Inactive(anon):  1281728 kB
Active(file):      11656 kB
Inactive(file):     7492 kB
Unevictable:           0 kB
Mlocked:               0 kB
HighTotal:       7292552 kB
HighFree:         144288 kB
LowTotal:         814904 kB
LowFree:          289996 kB
SwapTotal:       4007932 kB
SwapFree:              0 kB
Dirty:               424 kB
Writeback:             0 kB
AnonPages:       7190940 kB
Mapped:           220152 kB
Shmem:            274736 kB
Slab:              68108 kB
SReclaimable:      23428 kB
SUnreclaim:        44680 kB
KernelStack:       14480 kB
PageTables:        43700 kB
NFS_Unstable:          0 kB
Bounce:                8 kB
WritebackTmp:          0 kB
CommitLimit:     8061660 kB
Committed_AS:   22151724 kB
VmallocTotal:     122880 kB
VmallocUsed:           0 kB
VmallocChunk:          0 kB
AnonHugePages:   4333568 kB
CmaTotal:              0 kB
CmaFree:               0 kB
HugePages_Total:       0
HugePages_Free:        0
HugePages_Rsvd:        0
HugePages_Surp:        0
Hugepagesize:       2048 kB
DirectMap4k:       40952 kB
DirectMap2M:      870400 kB


CPU:total 4 (initial active 4) (2 cores per cpu, 2 threads per core) family 6 model 58 stepping 9, cmov, cx8, fxsr, mmx, sse, sse2, sse3, ssse3, sse4.1, sse4.2, popcnt, avx, aes, clmul, erms, ht, tsc, tscinvbit, tscinv

/proc/cpuinfo:
processor	: 0
vendor_id	: GenuineIntel
cpu family	: 6
model		: 58
model name	: Intel(R) Core(TM) i5-3427U CPU @ 1.80GHz
stepping	: 9
microcode	: 0x17
cpu MHz		: 2599.988
cache size	: 3072 KB
physical id	: 0
siblings	: 4
core id		: 0
cpu cores	: 2
apicid		: 0
initial apicid	: 0
fdiv_bug	: no
f00f_bug	: no
coma_bug	: no
fpu		: yes
fpu_exception	: yes
cpuid level	: 13
wp		: yes
flags		: fpu vme de pse tsc msr pae mce cx8 apic sep mtrr pge mca cmov pat pse36 clflush dts acpi mmx fxsr sse sse2 ss ht tm pbe nx rdtscp lm constant_tsc arch_perfmon pebs bts xtopology nonstop_tsc aperfmperf eagerfpu pni pclmulqdq dtes64 monitor ds_cpl vmx smx est tm2 ssse3 cx16 xtpr pdcm pcid sse4_1 sse4_2 x2apic popcnt tsc_deadline_timer aes xsave avx f16c rdrand lahf_lm epb tpr_shadow vnmi flexpriority ept vpid fsgsbase smep erms xsaveopt dtherm ida arat pln pts
bugs		:
bogomips	: 4589.45
clflush size	: 64
cache_alignment	: 64
address sizes	: 36 bits physical, 48 bits virtual
power management:

processor	: 1
vendor_id	: GenuineIntel
cpu family	: 6
model		: 58
model name	: Intel(R) Core(TM) i5-3427U CPU @ 1.80GHz
stepping	: 9
microcode	: 0x17
cpu MHz		: 2599.988
cache size	: 3072 KB
physical id	: 0
siblings	: 4
core id		: 1
cpu cores	: 2
apicid		: 2
initial apicid	: 2
fdiv_bug	: no
f00f_bug	: no
coma_bug	: no
fpu		: yes
fpu_exception	: yes
cpuid level	: 13
wp		: yes
flags		: fpu vme de pse tsc msr pae mce cx8 apic sep mtrr pge mca cmov pat pse36 clflush dts acpi mmx fxsr sse sse2 ss ht tm pbe nx rdtscp lm constant_tsc arch_perfmon pebs bts xtopology nonstop_tsc aperfmperf eagerfpu pni pclmulqdq dtes64 monitor ds_cpl vmx smx est tm2 ssse3 cx16 xtpr pdcm pcid sse4_1 sse4_2 x2apic popcnt tsc_deadline_timer aes xsave avx f16c rdrand lahf_lm epb tpr_shadow vnmi flexpriority ept vpid fsgsbase smep erms xsaveopt dtherm ida arat pln pts
bugs		:
bogomips	: 4589.45
clflush size	: 64
cache_alignment	: 64
address sizes	: 36 bits physical, 48 bits virtual
power management:

processor	: 2
vendor_id	: GenuineIntel
cpu family	: 6
model		: 58
model name	: Intel(R) Core(TM) i5-3427U CPU @ 1.80GHz
stepping	: 9
microcode	: 0x17
cpu MHz		: 2599.988
cache size	: 3072 KB
physical id	: 0
siblings	: 4
core id		: 0
cpu cores	: 2
apicid		: 1
initial apicid	: 1
fdiv_bug	: no
f00f_bug	: no
coma_bug	: no
fpu		: yes
fpu_exception	: yes
cpuid level	: 13
wp		: yes
flags		: fpu vme de pse tsc msr pae mce cx8 apic sep mtrr pge mca cmov pat pse36 clflush dts acpi mmx fxsr sse sse2 ss ht tm pbe nx rdtscp lm constant_tsc arch_perfmon pebs bts xtopology nonstop_tsc aperfmperf eagerfpu pni pclmulqdq dtes64 monitor ds_cpl vmx smx est tm2 ssse3 cx16 xtpr pdcm pcid sse4_1 sse4_2 x2apic popcnt tsc_deadline_timer aes xsave avx f16c rdrand lahf_lm epb tpr_shadow vnmi flexpriority ept vpid fsgsbase smep erms xsaveopt dtherm ida arat pln pts
bugs		:
bogomips	: 4589.45
clflush size	: 64
cache_alignment	: 64
address sizes	: 36 bits physical, 48 bits virtual
power management:

processor	: 3
vendor_id	: GenuineIntel
cpu family	: 6
model		: 58
model name	: Intel(R) Core(TM) i5-3427U CPU @ 1.80GHz
stepping	: 9
microcode	: 0x17
cpu MHz		: 2599.988
cache size	: 3072 KB
physical id	: 0
siblings	: 4
core id		: 1
cpu cores	: 2
apicid		: 3
initial apicid	: 3
fdiv_bug	: no
f00f_bug	: no
coma_bug	: no
fpu		: yes
fpu_exception	: yes
cpuid level	: 13
wp		: yes
flags		: fpu vme de pse tsc msr pae mce cx8 apic sep mtrr pge mca cmov pat pse36 clflush dts acpi mmx fxsr sse sse2 ss ht tm pbe nx rdtscp lm constant_tsc arch_perfmon pebs bts xtopology nonstop_tsc aperfmperf eagerfpu pni pclmulqdq dtes64 monitor ds_cpl vmx smx est tm2 ssse3 cx16 xtpr pdcm pcid sse4_1 sse4_2 x2apic popcnt tsc_deadline_timer aes xsave avx f16c rdrand lahf_lm epb tpr_shadow vnmi flexpriority ept vpid fsgsbase smep erms xsaveopt dtherm ida arat pln pts
bugs		:
bogomips	: 4589.45
clflush size	: 64
cache_alignment	: 64
address sizes	: 36 bits physical, 48 bits virtual
power management:



Memory: 4k page, physical 8107456k(434284k free), swap 4007932k(0k free)

vm_info: OpenJDK Server VM (25.151-b12) for linux-x86 JRE (1.8.0_151-8u151-b12-0ubuntu0.16.04.2-b12), built on Oct 27 2017 22:05:04 by "buildd" with gcc 5.4.0 20160609

time: Sun Jan  7 17:04:16 2018
elapsed time: 15 seconds (0d 0h 0m 15s)

